[2022-09-20 23:51:40,280] {taskinstance.py:1159} INFO - Dependencies all met for <TaskInstance: example_bash_operator.also_run_this scheduled__2022-09-19T00:00:00+00:00 [queued]>
[2022-09-20 23:51:40,879] {taskinstance.py:1159} INFO - Dependencies all met for <TaskInstance: example_bash_operator.also_run_this scheduled__2022-09-19T00:00:00+00:00 [queued]>
[2022-09-20 23:51:40,880] {taskinstance.py:1356} INFO - 
--------------------------------------------------------------------------------
[2022-09-20 23:51:40,880] {taskinstance.py:1357} INFO - Starting attempt 1 of 1
[2022-09-20 23:51:40,880] {taskinstance.py:1358} INFO - 
--------------------------------------------------------------------------------
[2022-09-20 23:51:41,926] {taskinstance.py:1377} INFO - Executing <Task(BashOperator): also_run_this> on 2022-09-19 00:00:00+00:00
[2022-09-20 23:51:41,934] {standard_task_runner.py:52} INFO - Started process 7175 to run task
[2022-09-20 23:51:42,032] {standard_task_runner.py:79} INFO - Running: ['***', 'tasks', 'run', 'example_bash_operator', 'also_run_this', 'scheduled__2022-09-19T00:00:00+00:00', '--job-id', '9', '--raw', '--subdir', '/home/***/.local/lib/python3.7/site-packages/***/example_dags/example_bash_operator.py', '--cfg-path', '/tmp/tmp1touipb1', '--error-file', '/tmp/tmpeikfvdsr']
[2022-09-20 23:51:42,034] {standard_task_runner.py:80} INFO - Job 9: Subtask also_run_this
[2022-09-20 23:51:43,750] {task_command.py:369} INFO - Running <TaskInstance: example_bash_operator.also_run_this scheduled__2022-09-19T00:00:00+00:00 [running]> on host 3bbbf421189d
[2022-09-20 23:51:48,993] {taskinstance.py:1571} INFO - Exporting the following env vars:
AIRFLOW_CTX_DAG_OWNER=***
AIRFLOW_CTX_DAG_ID=example_bash_operator
AIRFLOW_CTX_TASK_ID=also_run_this
AIRFLOW_CTX_EXECUTION_DATE=2022-09-19T00:00:00+00:00
AIRFLOW_CTX_TRY_NUMBER=1
AIRFLOW_CTX_DAG_RUN_ID=scheduled__2022-09-19T00:00:00+00:00
[2022-09-20 23:51:49,458] {subprocess.py:62} INFO - Tmp dir root location: 
 /tmp
[2022-09-20 23:51:49,742] {subprocess.py:74} INFO - Running command: ['bash', '-c', 'echo "run_id=scheduled__2022-09-19T00:00:00+00:00 | dag_run=<DagRun example_bash_operator @ 2022-09-19 00:00:00+00:00: scheduled__2022-09-19T00:00:00+00:00, externally triggered: False>"']
[2022-09-20 23:51:50,548] {subprocess.py:85} INFO - Output:
[2022-09-20 23:51:50,553] {subprocess.py:92} INFO - run_id=scheduled__2022-09-19T00:00:00+00:00 | dag_run=<DagRun example_bash_operator @ 2022-09-19 00:00:00+00:00: scheduled__2022-09-19T00:00:00+00:00, externally triggered: False>
[2022-09-20 23:51:50,554] {subprocess.py:96} INFO - Command exited with return code 0
[2022-09-20 23:51:52,595] {taskinstance.py:1400} INFO - Marking task as SUCCESS. dag_id=example_bash_operator, task_id=also_run_this, execution_date=20220919T000000, start_date=20220920T235140, end_date=20220920T235152
[2022-09-20 23:51:54,019] {local_task_job.py:156} INFO - Task exited with return code 0
[2022-09-20 23:51:54,534] {local_task_job.py:273} INFO - 0 downstream tasks scheduled from follow-on schedule check
