[2022-09-21 00:00:14,703] {processor.py:153} INFO - Started process (PID=19736) to work on /home/airflow/.local/lib/python3.7/site-packages/airflow/example_dags/example_python_operator.py
[2022-09-21 00:00:14,705] {processor.py:641} INFO - Processing file /home/airflow/.local/lib/python3.7/site-packages/airflow/example_dags/example_python_operator.py for tasks to queue
[2022-09-21 00:00:14,710] {logging_mixin.py:115} INFO - [2022-09-21 00:00:14,710] {dagbag.py:507} INFO - Filling up the DagBag from /home/airflow/.local/lib/python3.7/site-packages/airflow/example_dags/example_python_operator.py
[2022-09-21 00:00:14,771] {processor.py:651} INFO - DAG(s) dict_keys(['example_python_operator']) retrieved from /home/airflow/.local/lib/python3.7/site-packages/airflow/example_dags/example_python_operator.py
[2022-09-21 00:00:14,843] {logging_mixin.py:115} INFO - [2022-09-21 00:00:14,843] {dag.py:2371} INFO - Sync 1 DAGs
[2022-09-21 00:00:14,888] {logging_mixin.py:115} INFO - [2022-09-21 00:00:14,888] {dag.py:2919} INFO - Setting next_dagrun for example_python_operator to None, run_after=None
[2022-09-21 00:00:14,922] {processor.py:161} INFO - Processing /home/airflow/.local/lib/python3.7/site-packages/airflow/example_dags/example_python_operator.py took 0.228 seconds
[2022-09-21 00:00:45,042] {processor.py:153} INFO - Started process (PID=19788) to work on /home/airflow/.local/lib/python3.7/site-packages/airflow/example_dags/example_python_operator.py
[2022-09-21 00:00:45,074] {processor.py:641} INFO - Processing file /home/airflow/.local/lib/python3.7/site-packages/airflow/example_dags/example_python_operator.py for tasks to queue
[2022-09-21 00:00:45,075] {logging_mixin.py:115} INFO - [2022-09-21 00:00:45,075] {dagbag.py:507} INFO - Filling up the DagBag from /home/airflow/.local/lib/python3.7/site-packages/airflow/example_dags/example_python_operator.py
[2022-09-21 00:00:45,153] {processor.py:651} INFO - DAG(s) dict_keys(['example_python_operator']) retrieved from /home/airflow/.local/lib/python3.7/site-packages/airflow/example_dags/example_python_operator.py
[2022-09-21 00:00:45,212] {logging_mixin.py:115} INFO - [2022-09-21 00:00:45,212] {dag.py:2371} INFO - Sync 1 DAGs
[2022-09-21 00:00:45,249] {logging_mixin.py:115} INFO - [2022-09-21 00:00:45,249] {dag.py:2919} INFO - Setting next_dagrun for example_python_operator to None, run_after=None
[2022-09-21 00:00:45,328] {processor.py:161} INFO - Processing /home/airflow/.local/lib/python3.7/site-packages/airflow/example_dags/example_python_operator.py took 0.294 seconds
[2022-09-21 00:01:15,739] {processor.py:153} INFO - Started process (PID=19841) to work on /home/airflow/.local/lib/python3.7/site-packages/airflow/example_dags/example_python_operator.py
[2022-09-21 00:01:15,740] {processor.py:641} INFO - Processing file /home/airflow/.local/lib/python3.7/site-packages/airflow/example_dags/example_python_operator.py for tasks to queue
[2022-09-21 00:01:15,740] {logging_mixin.py:115} INFO - [2022-09-21 00:01:15,740] {dagbag.py:507} INFO - Filling up the DagBag from /home/airflow/.local/lib/python3.7/site-packages/airflow/example_dags/example_python_operator.py
[2022-09-21 00:01:15,778] {processor.py:651} INFO - DAG(s) dict_keys(['example_python_operator']) retrieved from /home/airflow/.local/lib/python3.7/site-packages/airflow/example_dags/example_python_operator.py
[2022-09-21 00:01:15,821] {logging_mixin.py:115} INFO - [2022-09-21 00:01:15,821] {dag.py:2371} INFO - Sync 1 DAGs
[2022-09-21 00:01:15,858] {logging_mixin.py:115} INFO - [2022-09-21 00:01:15,858] {dag.py:2919} INFO - Setting next_dagrun for example_python_operator to None, run_after=None
[2022-09-21 00:01:15,915] {processor.py:161} INFO - Processing /home/airflow/.local/lib/python3.7/site-packages/airflow/example_dags/example_python_operator.py took 0.182 seconds
[2022-09-21 00:01:46,186] {processor.py:153} INFO - Started process (PID=19901) to work on /home/airflow/.local/lib/python3.7/site-packages/airflow/example_dags/example_python_operator.py
[2022-09-21 00:01:46,220] {processor.py:641} INFO - Processing file /home/airflow/.local/lib/python3.7/site-packages/airflow/example_dags/example_python_operator.py for tasks to queue
[2022-09-21 00:01:46,221] {logging_mixin.py:115} INFO - [2022-09-21 00:01:46,221] {dagbag.py:507} INFO - Filling up the DagBag from /home/airflow/.local/lib/python3.7/site-packages/airflow/example_dags/example_python_operator.py
[2022-09-21 00:01:46,255] {processor.py:651} INFO - DAG(s) dict_keys(['example_python_operator']) retrieved from /home/airflow/.local/lib/python3.7/site-packages/airflow/example_dags/example_python_operator.py
[2022-09-21 00:01:46,300] {logging_mixin.py:115} INFO - [2022-09-21 00:01:46,300] {dag.py:2371} INFO - Sync 1 DAGs
[2022-09-21 00:01:46,338] {logging_mixin.py:115} INFO - [2022-09-21 00:01:46,338] {dag.py:2919} INFO - Setting next_dagrun for example_python_operator to None, run_after=None
[2022-09-21 00:01:46,485] {processor.py:161} INFO - Processing /home/airflow/.local/lib/python3.7/site-packages/airflow/example_dags/example_python_operator.py took 0.304 seconds
[2022-09-21 00:02:19,177] {processor.py:153} INFO - Started process (PID=19944) to work on /home/airflow/.local/lib/python3.7/site-packages/airflow/example_dags/example_python_operator.py
[2022-09-21 00:02:19,177] {processor.py:641} INFO - Processing file /home/airflow/.local/lib/python3.7/site-packages/airflow/example_dags/example_python_operator.py for tasks to queue
[2022-09-21 00:02:19,178] {logging_mixin.py:115} INFO - [2022-09-21 00:02:19,178] {dagbag.py:507} INFO - Filling up the DagBag from /home/airflow/.local/lib/python3.7/site-packages/airflow/example_dags/example_python_operator.py
[2022-09-21 00:02:19,210] {processor.py:651} INFO - DAG(s) dict_keys(['example_python_operator']) retrieved from /home/airflow/.local/lib/python3.7/site-packages/airflow/example_dags/example_python_operator.py
[2022-09-21 00:02:19,250] {logging_mixin.py:115} INFO - [2022-09-21 00:02:19,250] {dag.py:2371} INFO - Sync 1 DAGs
[2022-09-21 00:02:19,285] {logging_mixin.py:115} INFO - [2022-09-21 00:02:19,285] {dag.py:2919} INFO - Setting next_dagrun for example_python_operator to None, run_after=None
[2022-09-21 00:02:19,305] {processor.py:161} INFO - Processing /home/airflow/.local/lib/python3.7/site-packages/airflow/example_dags/example_python_operator.py took 0.134 seconds
[2022-09-21 00:03:06,151] {processor.py:153} INFO - Started process (PID=19993) to work on /home/airflow/.local/lib/python3.7/site-packages/airflow/example_dags/example_python_operator.py
[2022-09-21 00:03:06,440] {processor.py:641} INFO - Processing file /home/airflow/.local/lib/python3.7/site-packages/airflow/example_dags/example_python_operator.py for tasks to queue
[2022-09-21 00:03:06,445] {logging_mixin.py:115} INFO - [2022-09-21 00:03:06,444] {dagbag.py:507} INFO - Filling up the DagBag from /home/airflow/.local/lib/python3.7/site-packages/airflow/example_dags/example_python_operator.py
[2022-09-21 00:03:06,501] {processor.py:651} INFO - DAG(s) dict_keys(['example_python_operator']) retrieved from /home/airflow/.local/lib/python3.7/site-packages/airflow/example_dags/example_python_operator.py
[2022-09-21 00:03:06,545] {logging_mixin.py:115} INFO - [2022-09-21 00:03:06,545] {dag.py:2371} INFO - Sync 1 DAGs
[2022-09-21 00:03:06,587] {logging_mixin.py:115} INFO - [2022-09-21 00:03:06,587] {dag.py:2919} INFO - Setting next_dagrun for example_python_operator to None, run_after=None
[2022-09-21 00:03:06,745] {processor.py:161} INFO - Processing /home/airflow/.local/lib/python3.7/site-packages/airflow/example_dags/example_python_operator.py took 0.601 seconds
[2022-09-21 00:03:36,942] {processor.py:153} INFO - Started process (PID=20045) to work on /home/airflow/.local/lib/python3.7/site-packages/airflow/example_dags/example_python_operator.py
[2022-09-21 00:03:36,963] {processor.py:641} INFO - Processing file /home/airflow/.local/lib/python3.7/site-packages/airflow/example_dags/example_python_operator.py for tasks to queue
[2022-09-21 00:03:36,964] {logging_mixin.py:115} INFO - [2022-09-21 00:03:36,964] {dagbag.py:507} INFO - Filling up the DagBag from /home/airflow/.local/lib/python3.7/site-packages/airflow/example_dags/example_python_operator.py
[2022-09-21 00:03:36,992] {processor.py:651} INFO - DAG(s) dict_keys(['example_python_operator']) retrieved from /home/airflow/.local/lib/python3.7/site-packages/airflow/example_dags/example_python_operator.py
[2022-09-21 00:03:37,024] {logging_mixin.py:115} INFO - [2022-09-21 00:03:37,024] {dag.py:2371} INFO - Sync 1 DAGs
[2022-09-21 00:03:37,050] {logging_mixin.py:115} INFO - [2022-09-21 00:03:37,049] {dag.py:2919} INFO - Setting next_dagrun for example_python_operator to None, run_after=None
[2022-09-21 00:03:37,205] {processor.py:161} INFO - Processing /home/airflow/.local/lib/python3.7/site-packages/airflow/example_dags/example_python_operator.py took 0.268 seconds
[2022-09-21 00:04:07,603] {processor.py:153} INFO - Started process (PID=20096) to work on /home/airflow/.local/lib/python3.7/site-packages/airflow/example_dags/example_python_operator.py
[2022-09-21 00:04:07,768] {processor.py:641} INFO - Processing file /home/airflow/.local/lib/python3.7/site-packages/airflow/example_dags/example_python_operator.py for tasks to queue
[2022-09-21 00:04:07,771] {logging_mixin.py:115} INFO - [2022-09-21 00:04:07,770] {dagbag.py:507} INFO - Filling up the DagBag from /home/airflow/.local/lib/python3.7/site-packages/airflow/example_dags/example_python_operator.py
[2022-09-21 00:04:07,819] {processor.py:651} INFO - DAG(s) dict_keys(['example_python_operator']) retrieved from /home/airflow/.local/lib/python3.7/site-packages/airflow/example_dags/example_python_operator.py
[2022-09-21 00:04:07,865] {logging_mixin.py:115} INFO - [2022-09-21 00:04:07,865] {dag.py:2371} INFO - Sync 1 DAGs
[2022-09-21 00:04:07,905] {logging_mixin.py:115} INFO - [2022-09-21 00:04:07,904] {dag.py:2919} INFO - Setting next_dagrun for example_python_operator to None, run_after=None
[2022-09-21 00:04:08,132] {processor.py:161} INFO - Processing /home/airflow/.local/lib/python3.7/site-packages/airflow/example_dags/example_python_operator.py took 0.538 seconds
[2022-09-21 00:04:38,885] {processor.py:153} INFO - Started process (PID=20149) to work on /home/airflow/.local/lib/python3.7/site-packages/airflow/example_dags/example_python_operator.py
[2022-09-21 00:04:39,212] {processor.py:641} INFO - Processing file /home/airflow/.local/lib/python3.7/site-packages/airflow/example_dags/example_python_operator.py for tasks to queue
[2022-09-21 00:04:39,212] {logging_mixin.py:115} INFO - [2022-09-21 00:04:39,212] {dagbag.py:507} INFO - Filling up the DagBag from /home/airflow/.local/lib/python3.7/site-packages/airflow/example_dags/example_python_operator.py
[2022-09-21 00:04:39,258] {processor.py:651} INFO - DAG(s) dict_keys(['example_python_operator']) retrieved from /home/airflow/.local/lib/python3.7/site-packages/airflow/example_dags/example_python_operator.py
[2022-09-21 00:04:39,304] {logging_mixin.py:115} INFO - [2022-09-21 00:04:39,303] {dag.py:2371} INFO - Sync 1 DAGs
[2022-09-21 00:04:39,351] {logging_mixin.py:115} INFO - [2022-09-21 00:04:39,351] {dag.py:2919} INFO - Setting next_dagrun for example_python_operator to None, run_after=None
[2022-09-21 00:04:39,532] {processor.py:161} INFO - Processing /home/airflow/.local/lib/python3.7/site-packages/airflow/example_dags/example_python_operator.py took 0.654 seconds
[2022-09-21 00:05:09,611] {processor.py:153} INFO - Started process (PID=20201) to work on /home/airflow/.local/lib/python3.7/site-packages/airflow/example_dags/example_python_operator.py
[2022-09-21 00:05:09,612] {processor.py:641} INFO - Processing file /home/airflow/.local/lib/python3.7/site-packages/airflow/example_dags/example_python_operator.py for tasks to queue
[2022-09-21 00:05:09,613] {logging_mixin.py:115} INFO - [2022-09-21 00:05:09,613] {dagbag.py:507} INFO - Filling up the DagBag from /home/airflow/.local/lib/python3.7/site-packages/airflow/example_dags/example_python_operator.py
[2022-09-21 00:05:09,647] {processor.py:651} INFO - DAG(s) dict_keys(['example_python_operator']) retrieved from /home/airflow/.local/lib/python3.7/site-packages/airflow/example_dags/example_python_operator.py
[2022-09-21 00:05:09,694] {logging_mixin.py:115} INFO - [2022-09-21 00:05:09,694] {dag.py:2371} INFO - Sync 1 DAGs
[2022-09-21 00:05:09,745] {logging_mixin.py:115} INFO - [2022-09-21 00:05:09,745] {dag.py:2919} INFO - Setting next_dagrun for example_python_operator to None, run_after=None
[2022-09-21 00:05:09,946] {processor.py:161} INFO - Processing /home/airflow/.local/lib/python3.7/site-packages/airflow/example_dags/example_python_operator.py took 0.340 seconds
[2022-09-21 00:05:40,600] {processor.py:153} INFO - Started process (PID=20262) to work on /home/airflow/.local/lib/python3.7/site-packages/airflow/example_dags/example_python_operator.py
[2022-09-21 00:05:40,870] {processor.py:641} INFO - Processing file /home/airflow/.local/lib/python3.7/site-packages/airflow/example_dags/example_python_operator.py for tasks to queue
[2022-09-21 00:05:40,871] {logging_mixin.py:115} INFO - [2022-09-21 00:05:40,871] {dagbag.py:507} INFO - Filling up the DagBag from /home/airflow/.local/lib/python3.7/site-packages/airflow/example_dags/example_python_operator.py
[2022-09-21 00:05:40,901] {processor.py:651} INFO - DAG(s) dict_keys(['example_python_operator']) retrieved from /home/airflow/.local/lib/python3.7/site-packages/airflow/example_dags/example_python_operator.py
[2022-09-21 00:05:40,941] {logging_mixin.py:115} INFO - [2022-09-21 00:05:40,941] {dag.py:2371} INFO - Sync 1 DAGs
[2022-09-21 00:05:40,980] {logging_mixin.py:115} INFO - [2022-09-21 00:05:40,979] {dag.py:2919} INFO - Setting next_dagrun for example_python_operator to None, run_after=None
[2022-09-21 00:05:41,534] {processor.py:161} INFO - Processing /home/airflow/.local/lib/python3.7/site-packages/airflow/example_dags/example_python_operator.py took 0.948 seconds
[2022-09-21 00:06:11,607] {processor.py:153} INFO - Started process (PID=20314) to work on /home/airflow/.local/lib/python3.7/site-packages/airflow/example_dags/example_python_operator.py
[2022-09-21 00:06:11,615] {processor.py:641} INFO - Processing file /home/airflow/.local/lib/python3.7/site-packages/airflow/example_dags/example_python_operator.py for tasks to queue
[2022-09-21 00:06:11,617] {logging_mixin.py:115} INFO - [2022-09-21 00:06:11,617] {dagbag.py:507} INFO - Filling up the DagBag from /home/airflow/.local/lib/python3.7/site-packages/airflow/example_dags/example_python_operator.py
[2022-09-21 00:06:11,701] {processor.py:651} INFO - DAG(s) dict_keys(['example_python_operator']) retrieved from /home/airflow/.local/lib/python3.7/site-packages/airflow/example_dags/example_python_operator.py
[2022-09-21 00:06:11,744] {logging_mixin.py:115} INFO - [2022-09-21 00:06:11,744] {dag.py:2371} INFO - Sync 1 DAGs
[2022-09-21 00:06:11,782] {logging_mixin.py:115} INFO - [2022-09-21 00:06:11,782] {dag.py:2919} INFO - Setting next_dagrun for example_python_operator to None, run_after=None
[2022-09-21 00:06:11,919] {processor.py:161} INFO - Processing /home/airflow/.local/lib/python3.7/site-packages/airflow/example_dags/example_python_operator.py took 0.324 seconds
[2022-09-21 00:06:42,835] {processor.py:153} INFO - Started process (PID=20366) to work on /home/airflow/.local/lib/python3.7/site-packages/airflow/example_dags/example_python_operator.py
[2022-09-21 00:06:42,835] {processor.py:641} INFO - Processing file /home/airflow/.local/lib/python3.7/site-packages/airflow/example_dags/example_python_operator.py for tasks to queue
[2022-09-21 00:06:42,836] {logging_mixin.py:115} INFO - [2022-09-21 00:06:42,836] {dagbag.py:507} INFO - Filling up the DagBag from /home/airflow/.local/lib/python3.7/site-packages/airflow/example_dags/example_python_operator.py
[2022-09-21 00:06:42,870] {processor.py:651} INFO - DAG(s) dict_keys(['example_python_operator']) retrieved from /home/airflow/.local/lib/python3.7/site-packages/airflow/example_dags/example_python_operator.py
[2022-09-21 00:06:42,917] {logging_mixin.py:115} INFO - [2022-09-21 00:06:42,916] {dag.py:2371} INFO - Sync 1 DAGs
[2022-09-21 00:06:42,956] {logging_mixin.py:115} INFO - [2022-09-21 00:06:42,956] {dag.py:2919} INFO - Setting next_dagrun for example_python_operator to None, run_after=None
[2022-09-21 00:06:43,009] {processor.py:161} INFO - Processing /home/airflow/.local/lib/python3.7/site-packages/airflow/example_dags/example_python_operator.py took 0.179 seconds
[2022-09-21 00:07:13,242] {processor.py:153} INFO - Started process (PID=20428) to work on /home/airflow/.local/lib/python3.7/site-packages/airflow/example_dags/example_python_operator.py
[2022-09-21 00:07:13,243] {processor.py:641} INFO - Processing file /home/airflow/.local/lib/python3.7/site-packages/airflow/example_dags/example_python_operator.py for tasks to queue
[2022-09-21 00:07:13,243] {logging_mixin.py:115} INFO - [2022-09-21 00:07:13,243] {dagbag.py:507} INFO - Filling up the DagBag from /home/airflow/.local/lib/python3.7/site-packages/airflow/example_dags/example_python_operator.py
[2022-09-21 00:07:13,265] {processor.py:651} INFO - DAG(s) dict_keys(['example_python_operator']) retrieved from /home/airflow/.local/lib/python3.7/site-packages/airflow/example_dags/example_python_operator.py
[2022-09-21 00:07:13,294] {logging_mixin.py:115} INFO - [2022-09-21 00:07:13,293] {dag.py:2371} INFO - Sync 1 DAGs
[2022-09-21 00:07:13,318] {logging_mixin.py:115} INFO - [2022-09-21 00:07:13,318] {dag.py:2919} INFO - Setting next_dagrun for example_python_operator to None, run_after=None
[2022-09-21 00:07:13,342] {processor.py:161} INFO - Processing /home/airflow/.local/lib/python3.7/site-packages/airflow/example_dags/example_python_operator.py took 0.104 seconds
[2022-09-21 00:07:44,192] {processor.py:153} INFO - Started process (PID=20479) to work on /home/airflow/.local/lib/python3.7/site-packages/airflow/example_dags/example_python_operator.py
[2022-09-21 00:07:44,301] {processor.py:641} INFO - Processing file /home/airflow/.local/lib/python3.7/site-packages/airflow/example_dags/example_python_operator.py for tasks to queue
[2022-09-21 00:07:44,301] {logging_mixin.py:115} INFO - [2022-09-21 00:07:44,301] {dagbag.py:507} INFO - Filling up the DagBag from /home/airflow/.local/lib/python3.7/site-packages/airflow/example_dags/example_python_operator.py
[2022-09-21 00:07:44,324] {processor.py:651} INFO - DAG(s) dict_keys(['example_python_operator']) retrieved from /home/airflow/.local/lib/python3.7/site-packages/airflow/example_dags/example_python_operator.py
[2022-09-21 00:07:44,357] {logging_mixin.py:115} INFO - [2022-09-21 00:07:44,356] {dag.py:2371} INFO - Sync 1 DAGs
[2022-09-21 00:07:44,387] {logging_mixin.py:115} INFO - [2022-09-21 00:07:44,387] {dag.py:2919} INFO - Setting next_dagrun for example_python_operator to None, run_after=None
[2022-09-21 00:07:44,500] {processor.py:161} INFO - Processing /home/airflow/.local/lib/python3.7/site-packages/airflow/example_dags/example_python_operator.py took 0.314 seconds
[2022-09-21 00:08:15,542] {processor.py:153} INFO - Started process (PID=20540) to work on /home/airflow/.local/lib/python3.7/site-packages/airflow/example_dags/example_python_operator.py
[2022-09-21 00:08:15,591] {processor.py:641} INFO - Processing file /home/airflow/.local/lib/python3.7/site-packages/airflow/example_dags/example_python_operator.py for tasks to queue
[2022-09-21 00:08:15,592] {logging_mixin.py:115} INFO - [2022-09-21 00:08:15,592] {dagbag.py:507} INFO - Filling up the DagBag from /home/airflow/.local/lib/python3.7/site-packages/airflow/example_dags/example_python_operator.py
[2022-09-21 00:08:15,621] {processor.py:651} INFO - DAG(s) dict_keys(['example_python_operator']) retrieved from /home/airflow/.local/lib/python3.7/site-packages/airflow/example_dags/example_python_operator.py
[2022-09-21 00:08:15,657] {logging_mixin.py:115} INFO - [2022-09-21 00:08:15,657] {dag.py:2371} INFO - Sync 1 DAGs
[2022-09-21 00:08:15,683] {logging_mixin.py:115} INFO - [2022-09-21 00:08:15,683] {dag.py:2919} INFO - Setting next_dagrun for example_python_operator to None, run_after=None
[2022-09-21 00:08:15,712] {processor.py:161} INFO - Processing /home/airflow/.local/lib/python3.7/site-packages/airflow/example_dags/example_python_operator.py took 0.174 seconds
[2022-09-21 00:08:46,394] {processor.py:153} INFO - Started process (PID=20592) to work on /home/airflow/.local/lib/python3.7/site-packages/airflow/example_dags/example_python_operator.py
[2022-09-21 00:08:46,396] {processor.py:641} INFO - Processing file /home/airflow/.local/lib/python3.7/site-packages/airflow/example_dags/example_python_operator.py for tasks to queue
[2022-09-21 00:08:46,396] {logging_mixin.py:115} INFO - [2022-09-21 00:08:46,396] {dagbag.py:507} INFO - Filling up the DagBag from /home/airflow/.local/lib/python3.7/site-packages/airflow/example_dags/example_python_operator.py
[2022-09-21 00:08:46,438] {processor.py:651} INFO - DAG(s) dict_keys(['example_python_operator']) retrieved from /home/airflow/.local/lib/python3.7/site-packages/airflow/example_dags/example_python_operator.py
[2022-09-21 00:08:46,486] {logging_mixin.py:115} INFO - [2022-09-21 00:08:46,486] {dag.py:2371} INFO - Sync 1 DAGs
[2022-09-21 00:08:46,513] {logging_mixin.py:115} INFO - [2022-09-21 00:08:46,513] {dag.py:2919} INFO - Setting next_dagrun for example_python_operator to None, run_after=None
[2022-09-21 00:08:46,630] {processor.py:161} INFO - Processing /home/airflow/.local/lib/python3.7/site-packages/airflow/example_dags/example_python_operator.py took 0.242 seconds
[2022-09-21 00:09:16,736] {processor.py:153} INFO - Started process (PID=20651) to work on /home/airflow/.local/lib/python3.7/site-packages/airflow/example_dags/example_python_operator.py
[2022-09-21 00:09:16,756] {processor.py:641} INFO - Processing file /home/airflow/.local/lib/python3.7/site-packages/airflow/example_dags/example_python_operator.py for tasks to queue
[2022-09-21 00:09:16,757] {logging_mixin.py:115} INFO - [2022-09-21 00:09:16,757] {dagbag.py:507} INFO - Filling up the DagBag from /home/airflow/.local/lib/python3.7/site-packages/airflow/example_dags/example_python_operator.py
[2022-09-21 00:09:16,797] {processor.py:651} INFO - DAG(s) dict_keys(['example_python_operator']) retrieved from /home/airflow/.local/lib/python3.7/site-packages/airflow/example_dags/example_python_operator.py
[2022-09-21 00:09:16,833] {logging_mixin.py:115} INFO - [2022-09-21 00:09:16,832] {dag.py:2371} INFO - Sync 1 DAGs
[2022-09-21 00:09:16,865] {logging_mixin.py:115} INFO - [2022-09-21 00:09:16,865] {dag.py:2919} INFO - Setting next_dagrun for example_python_operator to None, run_after=None
[2022-09-21 00:09:16,954] {processor.py:161} INFO - Processing /home/airflow/.local/lib/python3.7/site-packages/airflow/example_dags/example_python_operator.py took 0.226 seconds
[2022-09-21 00:09:47,122] {processor.py:153} INFO - Started process (PID=20701) to work on /home/airflow/.local/lib/python3.7/site-packages/airflow/example_dags/example_python_operator.py
[2022-09-21 00:09:47,122] {processor.py:641} INFO - Processing file /home/airflow/.local/lib/python3.7/site-packages/airflow/example_dags/example_python_operator.py for tasks to queue
[2022-09-21 00:09:47,123] {logging_mixin.py:115} INFO - [2022-09-21 00:09:47,122] {dagbag.py:507} INFO - Filling up the DagBag from /home/airflow/.local/lib/python3.7/site-packages/airflow/example_dags/example_python_operator.py
[2022-09-21 00:09:47,143] {processor.py:651} INFO - DAG(s) dict_keys(['example_python_operator']) retrieved from /home/airflow/.local/lib/python3.7/site-packages/airflow/example_dags/example_python_operator.py
[2022-09-21 00:09:47,178] {logging_mixin.py:115} INFO - [2022-09-21 00:09:47,178] {dag.py:2371} INFO - Sync 1 DAGs
[2022-09-21 00:09:47,206] {logging_mixin.py:115} INFO - [2022-09-21 00:09:47,206] {dag.py:2919} INFO - Setting next_dagrun for example_python_operator to None, run_after=None
[2022-09-21 00:09:47,239] {processor.py:161} INFO - Processing /home/airflow/.local/lib/python3.7/site-packages/airflow/example_dags/example_python_operator.py took 0.121 seconds
[2022-09-21 00:10:17,375] {processor.py:153} INFO - Started process (PID=20762) to work on /home/airflow/.local/lib/python3.7/site-packages/airflow/example_dags/example_python_operator.py
[2022-09-21 00:10:17,414] {processor.py:641} INFO - Processing file /home/airflow/.local/lib/python3.7/site-packages/airflow/example_dags/example_python_operator.py for tasks to queue
[2022-09-21 00:10:17,415] {logging_mixin.py:115} INFO - [2022-09-21 00:10:17,415] {dagbag.py:507} INFO - Filling up the DagBag from /home/airflow/.local/lib/python3.7/site-packages/airflow/example_dags/example_python_operator.py
[2022-09-21 00:10:17,439] {processor.py:651} INFO - DAG(s) dict_keys(['example_python_operator']) retrieved from /home/airflow/.local/lib/python3.7/site-packages/airflow/example_dags/example_python_operator.py
[2022-09-21 00:10:17,472] {logging_mixin.py:115} INFO - [2022-09-21 00:10:17,472] {dag.py:2371} INFO - Sync 1 DAGs
[2022-09-21 00:10:17,500] {logging_mixin.py:115} INFO - [2022-09-21 00:10:17,500] {dag.py:2919} INFO - Setting next_dagrun for example_python_operator to None, run_after=None
[2022-09-21 00:10:17,535] {processor.py:161} INFO - Processing /home/airflow/.local/lib/python3.7/site-packages/airflow/example_dags/example_python_operator.py took 0.164 seconds
[2022-09-21 00:10:47,616] {processor.py:153} INFO - Started process (PID=20814) to work on /home/airflow/.local/lib/python3.7/site-packages/airflow/example_dags/example_python_operator.py
[2022-09-21 00:10:47,617] {processor.py:641} INFO - Processing file /home/airflow/.local/lib/python3.7/site-packages/airflow/example_dags/example_python_operator.py for tasks to queue
[2022-09-21 00:10:47,617] {logging_mixin.py:115} INFO - [2022-09-21 00:10:47,617] {dagbag.py:507} INFO - Filling up the DagBag from /home/airflow/.local/lib/python3.7/site-packages/airflow/example_dags/example_python_operator.py
[2022-09-21 00:10:47,639] {processor.py:651} INFO - DAG(s) dict_keys(['example_python_operator']) retrieved from /home/airflow/.local/lib/python3.7/site-packages/airflow/example_dags/example_python_operator.py
[2022-09-21 00:10:47,679] {logging_mixin.py:115} INFO - [2022-09-21 00:10:47,679] {dag.py:2371} INFO - Sync 1 DAGs
[2022-09-21 00:10:47,718] {logging_mixin.py:115} INFO - [2022-09-21 00:10:47,718] {dag.py:2919} INFO - Setting next_dagrun for example_python_operator to None, run_after=None
[2022-09-21 00:10:47,747] {processor.py:161} INFO - Processing /home/airflow/.local/lib/python3.7/site-packages/airflow/example_dags/example_python_operator.py took 0.134 seconds
[2022-09-21 00:11:18,654] {processor.py:153} INFO - Started process (PID=20867) to work on /home/airflow/.local/lib/python3.7/site-packages/airflow/example_dags/example_python_operator.py
[2022-09-21 00:11:18,674] {processor.py:641} INFO - Processing file /home/airflow/.local/lib/python3.7/site-packages/airflow/example_dags/example_python_operator.py for tasks to queue
[2022-09-21 00:11:18,676] {logging_mixin.py:115} INFO - [2022-09-21 00:11:18,676] {dagbag.py:507} INFO - Filling up the DagBag from /home/airflow/.local/lib/python3.7/site-packages/airflow/example_dags/example_python_operator.py
[2022-09-21 00:11:18,733] {processor.py:651} INFO - DAG(s) dict_keys(['example_python_operator']) retrieved from /home/airflow/.local/lib/python3.7/site-packages/airflow/example_dags/example_python_operator.py
[2022-09-21 00:11:18,767] {logging_mixin.py:115} INFO - [2022-09-21 00:11:18,767] {dag.py:2371} INFO - Sync 1 DAGs
[2022-09-21 00:11:18,795] {logging_mixin.py:115} INFO - [2022-09-21 00:11:18,795] {dag.py:2919} INFO - Setting next_dagrun for example_python_operator to None, run_after=None
[2022-09-21 00:11:18,826] {processor.py:161} INFO - Processing /home/airflow/.local/lib/python3.7/site-packages/airflow/example_dags/example_python_operator.py took 0.180 seconds
[2022-09-21 00:11:48,926] {processor.py:153} INFO - Started process (PID=20927) to work on /home/airflow/.local/lib/python3.7/site-packages/airflow/example_dags/example_python_operator.py
[2022-09-21 00:11:49,045] {processor.py:641} INFO - Processing file /home/airflow/.local/lib/python3.7/site-packages/airflow/example_dags/example_python_operator.py for tasks to queue
[2022-09-21 00:11:49,046] {logging_mixin.py:115} INFO - [2022-09-21 00:11:49,046] {dagbag.py:507} INFO - Filling up the DagBag from /home/airflow/.local/lib/python3.7/site-packages/airflow/example_dags/example_python_operator.py
[2022-09-21 00:11:49,077] {processor.py:651} INFO - DAG(s) dict_keys(['example_python_operator']) retrieved from /home/airflow/.local/lib/python3.7/site-packages/airflow/example_dags/example_python_operator.py
[2022-09-21 00:11:49,109] {logging_mixin.py:115} INFO - [2022-09-21 00:11:49,109] {dag.py:2371} INFO - Sync 1 DAGs
[2022-09-21 00:11:49,144] {logging_mixin.py:115} INFO - [2022-09-21 00:11:49,144] {dag.py:2919} INFO - Setting next_dagrun for example_python_operator to None, run_after=None
[2022-09-21 00:11:49,301] {processor.py:161} INFO - Processing /home/airflow/.local/lib/python3.7/site-packages/airflow/example_dags/example_python_operator.py took 0.386 seconds
[2022-09-21 00:12:19,805] {processor.py:153} INFO - Started process (PID=20982) to work on /home/airflow/.local/lib/python3.7/site-packages/airflow/example_dags/example_python_operator.py
[2022-09-21 00:12:19,821] {processor.py:641} INFO - Processing file /home/airflow/.local/lib/python3.7/site-packages/airflow/example_dags/example_python_operator.py for tasks to queue
[2022-09-21 00:12:19,822] {logging_mixin.py:115} INFO - [2022-09-21 00:12:19,821] {dagbag.py:507} INFO - Filling up the DagBag from /home/airflow/.local/lib/python3.7/site-packages/airflow/example_dags/example_python_operator.py
[2022-09-21 00:12:19,853] {processor.py:651} INFO - DAG(s) dict_keys(['example_python_operator']) retrieved from /home/airflow/.local/lib/python3.7/site-packages/airflow/example_dags/example_python_operator.py
[2022-09-21 00:12:19,899] {logging_mixin.py:115} INFO - [2022-09-21 00:12:19,899] {dag.py:2371} INFO - Sync 1 DAGs
[2022-09-21 00:12:19,937] {logging_mixin.py:115} INFO - [2022-09-21 00:12:19,937] {dag.py:2919} INFO - Setting next_dagrun for example_python_operator to None, run_after=None
[2022-09-21 00:12:19,974] {processor.py:161} INFO - Processing /home/airflow/.local/lib/python3.7/site-packages/airflow/example_dags/example_python_operator.py took 0.174 seconds
[2022-09-21 00:12:50,592] {processor.py:153} INFO - Started process (PID=21042) to work on /home/airflow/.local/lib/python3.7/site-packages/airflow/example_dags/example_python_operator.py
[2022-09-21 00:12:50,593] {processor.py:641} INFO - Processing file /home/airflow/.local/lib/python3.7/site-packages/airflow/example_dags/example_python_operator.py for tasks to queue
[2022-09-21 00:12:50,594] {logging_mixin.py:115} INFO - [2022-09-21 00:12:50,594] {dagbag.py:507} INFO - Filling up the DagBag from /home/airflow/.local/lib/python3.7/site-packages/airflow/example_dags/example_python_operator.py
[2022-09-21 00:12:50,632] {processor.py:651} INFO - DAG(s) dict_keys(['example_python_operator']) retrieved from /home/airflow/.local/lib/python3.7/site-packages/airflow/example_dags/example_python_operator.py
[2022-09-21 00:12:50,672] {logging_mixin.py:115} INFO - [2022-09-21 00:12:50,671] {dag.py:2371} INFO - Sync 1 DAGs
[2022-09-21 00:12:50,700] {logging_mixin.py:115} INFO - [2022-09-21 00:12:50,700] {dag.py:2919} INFO - Setting next_dagrun for example_python_operator to None, run_after=None
[2022-09-21 00:12:50,730] {processor.py:161} INFO - Processing /home/airflow/.local/lib/python3.7/site-packages/airflow/example_dags/example_python_operator.py took 0.159 seconds
[2022-09-21 00:13:21,136] {processor.py:153} INFO - Started process (PID=21095) to work on /home/airflow/.local/lib/python3.7/site-packages/airflow/example_dags/example_python_operator.py
[2022-09-21 00:13:21,137] {processor.py:641} INFO - Processing file /home/airflow/.local/lib/python3.7/site-packages/airflow/example_dags/example_python_operator.py for tasks to queue
[2022-09-21 00:13:21,138] {logging_mixin.py:115} INFO - [2022-09-21 00:13:21,138] {dagbag.py:507} INFO - Filling up the DagBag from /home/airflow/.local/lib/python3.7/site-packages/airflow/example_dags/example_python_operator.py
[2022-09-21 00:13:21,170] {processor.py:651} INFO - DAG(s) dict_keys(['example_python_operator']) retrieved from /home/airflow/.local/lib/python3.7/site-packages/airflow/example_dags/example_python_operator.py
[2022-09-21 00:13:21,210] {logging_mixin.py:115} INFO - [2022-09-21 00:13:21,210] {dag.py:2371} INFO - Sync 1 DAGs
[2022-09-21 00:13:21,259] {logging_mixin.py:115} INFO - [2022-09-21 00:13:21,259] {dag.py:2919} INFO - Setting next_dagrun for example_python_operator to None, run_after=None
[2022-09-21 00:13:21,298] {processor.py:161} INFO - Processing /home/airflow/.local/lib/python3.7/site-packages/airflow/example_dags/example_python_operator.py took 0.167 seconds
[2022-09-21 00:13:52,097] {processor.py:153} INFO - Started process (PID=21154) to work on /home/airflow/.local/lib/python3.7/site-packages/airflow/example_dags/example_python_operator.py
[2022-09-21 00:13:52,098] {processor.py:641} INFO - Processing file /home/airflow/.local/lib/python3.7/site-packages/airflow/example_dags/example_python_operator.py for tasks to queue
[2022-09-21 00:13:52,098] {logging_mixin.py:115} INFO - [2022-09-21 00:13:52,098] {dagbag.py:507} INFO - Filling up the DagBag from /home/airflow/.local/lib/python3.7/site-packages/airflow/example_dags/example_python_operator.py
[2022-09-21 00:13:52,169] {processor.py:651} INFO - DAG(s) dict_keys(['example_python_operator']) retrieved from /home/airflow/.local/lib/python3.7/site-packages/airflow/example_dags/example_python_operator.py
[2022-09-21 00:13:52,223] {logging_mixin.py:115} INFO - [2022-09-21 00:13:52,223] {dag.py:2371} INFO - Sync 1 DAGs
[2022-09-21 00:13:52,261] {logging_mixin.py:115} INFO - [2022-09-21 00:13:52,261] {dag.py:2919} INFO - Setting next_dagrun for example_python_operator to None, run_after=None
[2022-09-21 00:13:52,300] {processor.py:161} INFO - Processing /home/airflow/.local/lib/python3.7/site-packages/airflow/example_dags/example_python_operator.py took 0.210 seconds
[2022-09-21 00:14:22,750] {processor.py:153} INFO - Started process (PID=21206) to work on /home/airflow/.local/lib/python3.7/site-packages/airflow/example_dags/example_python_operator.py
[2022-09-21 00:14:22,751] {processor.py:641} INFO - Processing file /home/airflow/.local/lib/python3.7/site-packages/airflow/example_dags/example_python_operator.py for tasks to queue
[2022-09-21 00:14:22,752] {logging_mixin.py:115} INFO - [2022-09-21 00:14:22,752] {dagbag.py:507} INFO - Filling up the DagBag from /home/airflow/.local/lib/python3.7/site-packages/airflow/example_dags/example_python_operator.py
[2022-09-21 00:14:22,792] {processor.py:651} INFO - DAG(s) dict_keys(['example_python_operator']) retrieved from /home/airflow/.local/lib/python3.7/site-packages/airflow/example_dags/example_python_operator.py
[2022-09-21 00:14:22,848] {logging_mixin.py:115} INFO - [2022-09-21 00:14:22,848] {dag.py:2371} INFO - Sync 1 DAGs
[2022-09-21 00:14:22,890] {logging_mixin.py:115} INFO - [2022-09-21 00:14:22,890] {dag.py:2919} INFO - Setting next_dagrun for example_python_operator to None, run_after=None
[2022-09-21 00:14:22,925] {processor.py:161} INFO - Processing /home/airflow/.local/lib/python3.7/site-packages/airflow/example_dags/example_python_operator.py took 0.182 seconds
[2022-09-21 00:14:53,069] {processor.py:153} INFO - Started process (PID=21257) to work on /home/airflow/.local/lib/python3.7/site-packages/airflow/example_dags/example_python_operator.py
[2022-09-21 00:14:53,070] {processor.py:641} INFO - Processing file /home/airflow/.local/lib/python3.7/site-packages/airflow/example_dags/example_python_operator.py for tasks to queue
[2022-09-21 00:14:53,070] {logging_mixin.py:115} INFO - [2022-09-21 00:14:53,070] {dagbag.py:507} INFO - Filling up the DagBag from /home/airflow/.local/lib/python3.7/site-packages/airflow/example_dags/example_python_operator.py
[2022-09-21 00:14:53,099] {processor.py:651} INFO - DAG(s) dict_keys(['example_python_operator']) retrieved from /home/airflow/.local/lib/python3.7/site-packages/airflow/example_dags/example_python_operator.py
[2022-09-21 00:14:53,137] {logging_mixin.py:115} INFO - [2022-09-21 00:14:53,137] {dag.py:2371} INFO - Sync 1 DAGs
[2022-09-21 00:14:53,169] {logging_mixin.py:115} INFO - [2022-09-21 00:14:53,169] {dag.py:2919} INFO - Setting next_dagrun for example_python_operator to None, run_after=None
[2022-09-21 00:14:53,267] {processor.py:161} INFO - Processing /home/airflow/.local/lib/python3.7/site-packages/airflow/example_dags/example_python_operator.py took 0.201 seconds
[2022-09-21 00:15:23,528] {processor.py:153} INFO - Started process (PID=21317) to work on /home/airflow/.local/lib/python3.7/site-packages/airflow/example_dags/example_python_operator.py
[2022-09-21 00:15:23,529] {processor.py:641} INFO - Processing file /home/airflow/.local/lib/python3.7/site-packages/airflow/example_dags/example_python_operator.py for tasks to queue
[2022-09-21 00:15:23,530] {logging_mixin.py:115} INFO - [2022-09-21 00:15:23,530] {dagbag.py:507} INFO - Filling up the DagBag from /home/airflow/.local/lib/python3.7/site-packages/airflow/example_dags/example_python_operator.py
[2022-09-21 00:15:23,605] {processor.py:651} INFO - DAG(s) dict_keys(['example_python_operator']) retrieved from /home/airflow/.local/lib/python3.7/site-packages/airflow/example_dags/example_python_operator.py
[2022-09-21 00:15:23,749] {logging_mixin.py:115} INFO - [2022-09-21 00:15:23,749] {dag.py:2371} INFO - Sync 1 DAGs
[2022-09-21 00:15:23,830] {logging_mixin.py:115} INFO - [2022-09-21 00:15:23,830] {dag.py:2919} INFO - Setting next_dagrun for example_python_operator to None, run_after=None
[2022-09-21 00:15:23,897] {processor.py:161} INFO - Processing /home/airflow/.local/lib/python3.7/site-packages/airflow/example_dags/example_python_operator.py took 0.377 seconds
[2022-09-21 00:15:53,986] {processor.py:153} INFO - Started process (PID=21369) to work on /home/airflow/.local/lib/python3.7/site-packages/airflow/example_dags/example_python_operator.py
[2022-09-21 00:15:53,987] {processor.py:641} INFO - Processing file /home/airflow/.local/lib/python3.7/site-packages/airflow/example_dags/example_python_operator.py for tasks to queue
[2022-09-21 00:15:53,987] {logging_mixin.py:115} INFO - [2022-09-21 00:15:53,987] {dagbag.py:507} INFO - Filling up the DagBag from /home/airflow/.local/lib/python3.7/site-packages/airflow/example_dags/example_python_operator.py
[2022-09-21 00:15:54,008] {processor.py:651} INFO - DAG(s) dict_keys(['example_python_operator']) retrieved from /home/airflow/.local/lib/python3.7/site-packages/airflow/example_dags/example_python_operator.py
[2022-09-21 00:15:54,041] {logging_mixin.py:115} INFO - [2022-09-21 00:15:54,041] {dag.py:2371} INFO - Sync 1 DAGs
[2022-09-21 00:15:54,070] {logging_mixin.py:115} INFO - [2022-09-21 00:15:54,069] {dag.py:2919} INFO - Setting next_dagrun for example_python_operator to None, run_after=None
[2022-09-21 00:15:54,107] {processor.py:161} INFO - Processing /home/airflow/.local/lib/python3.7/site-packages/airflow/example_dags/example_python_operator.py took 0.125 seconds
[2022-09-21 00:16:24,230] {processor.py:153} INFO - Started process (PID=21422) to work on /home/airflow/.local/lib/python3.7/site-packages/airflow/example_dags/example_python_operator.py
[2022-09-21 00:16:24,260] {processor.py:641} INFO - Processing file /home/airflow/.local/lib/python3.7/site-packages/airflow/example_dags/example_python_operator.py for tasks to queue
[2022-09-21 00:16:24,261] {logging_mixin.py:115} INFO - [2022-09-21 00:16:24,261] {dagbag.py:507} INFO - Filling up the DagBag from /home/airflow/.local/lib/python3.7/site-packages/airflow/example_dags/example_python_operator.py
[2022-09-21 00:16:24,288] {processor.py:651} INFO - DAG(s) dict_keys(['example_python_operator']) retrieved from /home/airflow/.local/lib/python3.7/site-packages/airflow/example_dags/example_python_operator.py
[2022-09-21 00:16:24,317] {logging_mixin.py:115} INFO - [2022-09-21 00:16:24,317] {dag.py:2371} INFO - Sync 1 DAGs
[2022-09-21 00:16:24,343] {logging_mixin.py:115} INFO - [2022-09-21 00:16:24,343] {dag.py:2919} INFO - Setting next_dagrun for example_python_operator to None, run_after=None
[2022-09-21 00:16:24,376] {processor.py:161} INFO - Processing /home/airflow/.local/lib/python3.7/site-packages/airflow/example_dags/example_python_operator.py took 0.149 seconds
[2022-09-21 00:16:55,144] {processor.py:153} INFO - Started process (PID=21484) to work on /home/airflow/.local/lib/python3.7/site-packages/airflow/example_dags/example_python_operator.py
[2022-09-21 00:16:55,144] {processor.py:641} INFO - Processing file /home/airflow/.local/lib/python3.7/site-packages/airflow/example_dags/example_python_operator.py for tasks to queue
[2022-09-21 00:16:55,145] {logging_mixin.py:115} INFO - [2022-09-21 00:16:55,145] {dagbag.py:507} INFO - Filling up the DagBag from /home/airflow/.local/lib/python3.7/site-packages/airflow/example_dags/example_python_operator.py
[2022-09-21 00:16:55,175] {processor.py:651} INFO - DAG(s) dict_keys(['example_python_operator']) retrieved from /home/airflow/.local/lib/python3.7/site-packages/airflow/example_dags/example_python_operator.py
[2022-09-21 00:16:55,212] {logging_mixin.py:115} INFO - [2022-09-21 00:16:55,212] {dag.py:2371} INFO - Sync 1 DAGs
[2022-09-21 00:16:55,240] {logging_mixin.py:115} INFO - [2022-09-21 00:16:55,240] {dag.py:2919} INFO - Setting next_dagrun for example_python_operator to None, run_after=None
[2022-09-21 00:16:55,288] {processor.py:161} INFO - Processing /home/airflow/.local/lib/python3.7/site-packages/airflow/example_dags/example_python_operator.py took 0.149 seconds
[2022-09-21 00:17:26,171] {processor.py:153} INFO - Started process (PID=21536) to work on /home/airflow/.local/lib/python3.7/site-packages/airflow/example_dags/example_python_operator.py
[2022-09-21 00:17:26,173] {processor.py:641} INFO - Processing file /home/airflow/.local/lib/python3.7/site-packages/airflow/example_dags/example_python_operator.py for tasks to queue
[2022-09-21 00:17:26,176] {logging_mixin.py:115} INFO - [2022-09-21 00:17:26,176] {dagbag.py:507} INFO - Filling up the DagBag from /home/airflow/.local/lib/python3.7/site-packages/airflow/example_dags/example_python_operator.py
[2022-09-21 00:17:26,289] {processor.py:651} INFO - DAG(s) dict_keys(['example_python_operator']) retrieved from /home/airflow/.local/lib/python3.7/site-packages/airflow/example_dags/example_python_operator.py
[2022-09-21 00:17:26,355] {logging_mixin.py:115} INFO - [2022-09-21 00:17:26,355] {dag.py:2371} INFO - Sync 1 DAGs
[2022-09-21 00:17:26,405] {logging_mixin.py:115} INFO - [2022-09-21 00:17:26,405] {dag.py:2919} INFO - Setting next_dagrun for example_python_operator to None, run_after=None
[2022-09-21 00:17:26,704] {processor.py:161} INFO - Processing /home/airflow/.local/lib/python3.7/site-packages/airflow/example_dags/example_python_operator.py took 0.551 seconds
[2022-09-21 00:17:57,008] {processor.py:153} INFO - Started process (PID=21596) to work on /home/airflow/.local/lib/python3.7/site-packages/airflow/example_dags/example_python_operator.py
[2022-09-21 00:17:57,035] {processor.py:641} INFO - Processing file /home/airflow/.local/lib/python3.7/site-packages/airflow/example_dags/example_python_operator.py for tasks to queue
[2022-09-21 00:17:57,036] {logging_mixin.py:115} INFO - [2022-09-21 00:17:57,036] {dagbag.py:507} INFO - Filling up the DagBag from /home/airflow/.local/lib/python3.7/site-packages/airflow/example_dags/example_python_operator.py
[2022-09-21 00:17:57,072] {processor.py:651} INFO - DAG(s) dict_keys(['example_python_operator']) retrieved from /home/airflow/.local/lib/python3.7/site-packages/airflow/example_dags/example_python_operator.py
[2022-09-21 00:17:57,114] {logging_mixin.py:115} INFO - [2022-09-21 00:17:57,113] {dag.py:2371} INFO - Sync 1 DAGs
[2022-09-21 00:17:57,152] {logging_mixin.py:115} INFO - [2022-09-21 00:17:57,152] {dag.py:2919} INFO - Setting next_dagrun for example_python_operator to None, run_after=None
[2022-09-21 00:17:57,192] {processor.py:161} INFO - Processing /home/airflow/.local/lib/python3.7/site-packages/airflow/example_dags/example_python_operator.py took 0.188 seconds
[2022-09-21 00:18:27,626] {processor.py:153} INFO - Started process (PID=21650) to work on /home/airflow/.local/lib/python3.7/site-packages/airflow/example_dags/example_python_operator.py
[2022-09-21 00:18:27,629] {processor.py:641} INFO - Processing file /home/airflow/.local/lib/python3.7/site-packages/airflow/example_dags/example_python_operator.py for tasks to queue
[2022-09-21 00:18:27,630] {logging_mixin.py:115} INFO - [2022-09-21 00:18:27,630] {dagbag.py:507} INFO - Filling up the DagBag from /home/airflow/.local/lib/python3.7/site-packages/airflow/example_dags/example_python_operator.py
[2022-09-21 00:18:27,659] {processor.py:651} INFO - DAG(s) dict_keys(['example_python_operator']) retrieved from /home/airflow/.local/lib/python3.7/site-packages/airflow/example_dags/example_python_operator.py
[2022-09-21 00:18:27,704] {logging_mixin.py:115} INFO - [2022-09-21 00:18:27,703] {dag.py:2371} INFO - Sync 1 DAGs
[2022-09-21 00:18:27,745] {logging_mixin.py:115} INFO - [2022-09-21 00:18:27,745] {dag.py:2919} INFO - Setting next_dagrun for example_python_operator to None, run_after=None
[2022-09-21 00:18:27,775] {processor.py:161} INFO - Processing /home/airflow/.local/lib/python3.7/site-packages/airflow/example_dags/example_python_operator.py took 0.154 seconds
[2022-09-21 00:18:58,166] {processor.py:153} INFO - Started process (PID=21710) to work on /home/airflow/.local/lib/python3.7/site-packages/airflow/example_dags/example_python_operator.py
[2022-09-21 00:18:58,168] {processor.py:641} INFO - Processing file /home/airflow/.local/lib/python3.7/site-packages/airflow/example_dags/example_python_operator.py for tasks to queue
[2022-09-21 00:18:58,171] {logging_mixin.py:115} INFO - [2022-09-21 00:18:58,170] {dagbag.py:507} INFO - Filling up the DagBag from /home/airflow/.local/lib/python3.7/site-packages/airflow/example_dags/example_python_operator.py
[2022-09-21 00:18:58,221] {processor.py:651} INFO - DAG(s) dict_keys(['example_python_operator']) retrieved from /home/airflow/.local/lib/python3.7/site-packages/airflow/example_dags/example_python_operator.py
[2022-09-21 00:18:58,263] {logging_mixin.py:115} INFO - [2022-09-21 00:18:58,263] {dag.py:2371} INFO - Sync 1 DAGs
[2022-09-21 00:18:58,303] {logging_mixin.py:115} INFO - [2022-09-21 00:18:58,303] {dag.py:2919} INFO - Setting next_dagrun for example_python_operator to None, run_after=None
[2022-09-21 00:18:58,330] {processor.py:161} INFO - Processing /home/airflow/.local/lib/python3.7/site-packages/airflow/example_dags/example_python_operator.py took 0.182 seconds
[2022-09-21 00:19:29,199] {processor.py:153} INFO - Started process (PID=21761) to work on /home/airflow/.local/lib/python3.7/site-packages/airflow/example_dags/example_python_operator.py
[2022-09-21 00:19:29,298] {processor.py:641} INFO - Processing file /home/airflow/.local/lib/python3.7/site-packages/airflow/example_dags/example_python_operator.py for tasks to queue
[2022-09-21 00:19:29,298] {logging_mixin.py:115} INFO - [2022-09-21 00:19:29,298] {dagbag.py:507} INFO - Filling up the DagBag from /home/airflow/.local/lib/python3.7/site-packages/airflow/example_dags/example_python_operator.py
[2022-09-21 00:19:29,331] {processor.py:651} INFO - DAG(s) dict_keys(['example_python_operator']) retrieved from /home/airflow/.local/lib/python3.7/site-packages/airflow/example_dags/example_python_operator.py
[2022-09-21 00:19:29,377] {logging_mixin.py:115} INFO - [2022-09-21 00:19:29,376] {dag.py:2371} INFO - Sync 1 DAGs
[2022-09-21 00:19:29,417] {logging_mixin.py:115} INFO - [2022-09-21 00:19:29,417] {dag.py:2919} INFO - Setting next_dagrun for example_python_operator to None, run_after=None
[2022-09-21 00:19:29,523] {processor.py:161} INFO - Processing /home/airflow/.local/lib/python3.7/site-packages/airflow/example_dags/example_python_operator.py took 0.329 seconds
[2022-09-21 00:20:00,344] {processor.py:153} INFO - Started process (PID=21822) to work on /home/airflow/.local/lib/python3.7/site-packages/airflow/example_dags/example_python_operator.py
[2022-09-21 00:20:00,345] {processor.py:641} INFO - Processing file /home/airflow/.local/lib/python3.7/site-packages/airflow/example_dags/example_python_operator.py for tasks to queue
[2022-09-21 00:20:00,345] {logging_mixin.py:115} INFO - [2022-09-21 00:20:00,345] {dagbag.py:507} INFO - Filling up the DagBag from /home/airflow/.local/lib/python3.7/site-packages/airflow/example_dags/example_python_operator.py
[2022-09-21 00:20:00,375] {processor.py:651} INFO - DAG(s) dict_keys(['example_python_operator']) retrieved from /home/airflow/.local/lib/python3.7/site-packages/airflow/example_dags/example_python_operator.py
[2022-09-21 00:20:00,417] {logging_mixin.py:115} INFO - [2022-09-21 00:20:00,417] {dag.py:2371} INFO - Sync 1 DAGs
[2022-09-21 00:20:00,444] {logging_mixin.py:115} INFO - [2022-09-21 00:20:00,444] {dag.py:2919} INFO - Setting next_dagrun for example_python_operator to None, run_after=None
[2022-09-21 00:20:00,468] {processor.py:161} INFO - Processing /home/airflow/.local/lib/python3.7/site-packages/airflow/example_dags/example_python_operator.py took 0.128 seconds
[2022-09-21 00:20:30,838] {processor.py:153} INFO - Started process (PID=21874) to work on /home/airflow/.local/lib/python3.7/site-packages/airflow/example_dags/example_python_operator.py
[2022-09-21 00:20:30,884] {processor.py:641} INFO - Processing file /home/airflow/.local/lib/python3.7/site-packages/airflow/example_dags/example_python_operator.py for tasks to queue
[2022-09-21 00:20:30,887] {logging_mixin.py:115} INFO - [2022-09-21 00:20:30,886] {dagbag.py:507} INFO - Filling up the DagBag from /home/airflow/.local/lib/python3.7/site-packages/airflow/example_dags/example_python_operator.py
[2022-09-21 00:20:30,944] {processor.py:651} INFO - DAG(s) dict_keys(['example_python_operator']) retrieved from /home/airflow/.local/lib/python3.7/site-packages/airflow/example_dags/example_python_operator.py
[2022-09-21 00:20:30,983] {logging_mixin.py:115} INFO - [2022-09-21 00:20:30,983] {dag.py:2371} INFO - Sync 1 DAGs
[2022-09-21 00:20:31,013] {logging_mixin.py:115} INFO - [2022-09-21 00:20:31,012] {dag.py:2919} INFO - Setting next_dagrun for example_python_operator to None, run_after=None
[2022-09-21 00:20:31,046] {processor.py:161} INFO - Processing /home/airflow/.local/lib/python3.7/site-packages/airflow/example_dags/example_python_operator.py took 0.213 seconds
[2022-09-21 00:21:01,393] {processor.py:153} INFO - Started process (PID=21934) to work on /home/airflow/.local/lib/python3.7/site-packages/airflow/example_dags/example_python_operator.py
[2022-09-21 00:21:01,394] {processor.py:641} INFO - Processing file /home/airflow/.local/lib/python3.7/site-packages/airflow/example_dags/example_python_operator.py for tasks to queue
[2022-09-21 00:21:01,394] {logging_mixin.py:115} INFO - [2022-09-21 00:21:01,394] {dagbag.py:507} INFO - Filling up the DagBag from /home/airflow/.local/lib/python3.7/site-packages/airflow/example_dags/example_python_operator.py
[2022-09-21 00:21:01,427] {processor.py:651} INFO - DAG(s) dict_keys(['example_python_operator']) retrieved from /home/airflow/.local/lib/python3.7/site-packages/airflow/example_dags/example_python_operator.py
[2022-09-21 00:21:01,486] {logging_mixin.py:115} INFO - [2022-09-21 00:21:01,485] {dag.py:2371} INFO - Sync 1 DAGs
[2022-09-21 00:21:01,547] {logging_mixin.py:115} INFO - [2022-09-21 00:21:01,547] {dag.py:2919} INFO - Setting next_dagrun for example_python_operator to None, run_after=None
[2022-09-21 00:21:01,583] {processor.py:161} INFO - Processing /home/airflow/.local/lib/python3.7/site-packages/airflow/example_dags/example_python_operator.py took 0.195 seconds
[2022-09-21 00:21:32,105] {processor.py:153} INFO - Started process (PID=21986) to work on /home/airflow/.local/lib/python3.7/site-packages/airflow/example_dags/example_python_operator.py
[2022-09-21 00:21:32,131] {processor.py:641} INFO - Processing file /home/airflow/.local/lib/python3.7/site-packages/airflow/example_dags/example_python_operator.py for tasks to queue
[2022-09-21 00:21:32,132] {logging_mixin.py:115} INFO - [2022-09-21 00:21:32,132] {dagbag.py:507} INFO - Filling up the DagBag from /home/airflow/.local/lib/python3.7/site-packages/airflow/example_dags/example_python_operator.py
[2022-09-21 00:21:32,166] {processor.py:651} INFO - DAG(s) dict_keys(['example_python_operator']) retrieved from /home/airflow/.local/lib/python3.7/site-packages/airflow/example_dags/example_python_operator.py
[2022-09-21 00:21:32,223] {logging_mixin.py:115} INFO - [2022-09-21 00:21:32,222] {dag.py:2371} INFO - Sync 1 DAGs
[2022-09-21 00:21:32,273] {logging_mixin.py:115} INFO - [2022-09-21 00:21:32,273] {dag.py:2919} INFO - Setting next_dagrun for example_python_operator to None, run_after=None
[2022-09-21 00:21:32,318] {processor.py:161} INFO - Processing /home/airflow/.local/lib/python3.7/site-packages/airflow/example_dags/example_python_operator.py took 0.218 seconds
[2022-09-21 00:22:02,564] {processor.py:153} INFO - Started process (PID=22038) to work on /home/airflow/.local/lib/python3.7/site-packages/airflow/example_dags/example_python_operator.py
[2022-09-21 00:22:02,571] {processor.py:641} INFO - Processing file /home/airflow/.local/lib/python3.7/site-packages/airflow/example_dags/example_python_operator.py for tasks to queue
[2022-09-21 00:22:02,574] {logging_mixin.py:115} INFO - [2022-09-21 00:22:02,574] {dagbag.py:507} INFO - Filling up the DagBag from /home/airflow/.local/lib/python3.7/site-packages/airflow/example_dags/example_python_operator.py
[2022-09-21 00:22:02,628] {processor.py:651} INFO - DAG(s) dict_keys(['example_python_operator']) retrieved from /home/airflow/.local/lib/python3.7/site-packages/airflow/example_dags/example_python_operator.py
[2022-09-21 00:22:02,688] {logging_mixin.py:115} INFO - [2022-09-21 00:22:02,688] {dag.py:2371} INFO - Sync 1 DAGs
[2022-09-21 00:22:02,737] {logging_mixin.py:115} INFO - [2022-09-21 00:22:02,737] {dag.py:2919} INFO - Setting next_dagrun for example_python_operator to None, run_after=None
[2022-09-21 00:22:02,945] {processor.py:161} INFO - Processing /home/airflow/.local/lib/python3.7/site-packages/airflow/example_dags/example_python_operator.py took 0.414 seconds
[2022-09-21 00:22:33,880] {processor.py:153} INFO - Started process (PID=22099) to work on /home/airflow/.local/lib/python3.7/site-packages/airflow/example_dags/example_python_operator.py
[2022-09-21 00:22:33,903] {processor.py:641} INFO - Processing file /home/airflow/.local/lib/python3.7/site-packages/airflow/example_dags/example_python_operator.py for tasks to queue
[2022-09-21 00:22:33,904] {logging_mixin.py:115} INFO - [2022-09-21 00:22:33,904] {dagbag.py:507} INFO - Filling up the DagBag from /home/airflow/.local/lib/python3.7/site-packages/airflow/example_dags/example_python_operator.py
[2022-09-21 00:22:33,933] {processor.py:651} INFO - DAG(s) dict_keys(['example_python_operator']) retrieved from /home/airflow/.local/lib/python3.7/site-packages/airflow/example_dags/example_python_operator.py
[2022-09-21 00:22:33,967] {logging_mixin.py:115} INFO - [2022-09-21 00:22:33,966] {dag.py:2371} INFO - Sync 1 DAGs
[2022-09-21 00:22:34,000] {logging_mixin.py:115} INFO - [2022-09-21 00:22:34,000] {dag.py:2919} INFO - Setting next_dagrun for example_python_operator to None, run_after=None
[2022-09-21 00:22:34,021] {processor.py:161} INFO - Processing /home/airflow/.local/lib/python3.7/site-packages/airflow/example_dags/example_python_operator.py took 0.146 seconds
[2022-09-21 00:23:04,531] {processor.py:153} INFO - Started process (PID=22150) to work on /home/airflow/.local/lib/python3.7/site-packages/airflow/example_dags/example_python_operator.py
[2022-09-21 00:23:04,532] {processor.py:641} INFO - Processing file /home/airflow/.local/lib/python3.7/site-packages/airflow/example_dags/example_python_operator.py for tasks to queue
[2022-09-21 00:23:04,534] {logging_mixin.py:115} INFO - [2022-09-21 00:23:04,534] {dagbag.py:507} INFO - Filling up the DagBag from /home/airflow/.local/lib/python3.7/site-packages/airflow/example_dags/example_python_operator.py
[2022-09-21 00:23:04,580] {processor.py:651} INFO - DAG(s) dict_keys(['example_python_operator']) retrieved from /home/airflow/.local/lib/python3.7/site-packages/airflow/example_dags/example_python_operator.py
[2022-09-21 00:23:04,631] {logging_mixin.py:115} INFO - [2022-09-21 00:23:04,631] {dag.py:2371} INFO - Sync 1 DAGs
[2022-09-21 00:23:04,679] {logging_mixin.py:115} INFO - [2022-09-21 00:23:04,679] {dag.py:2919} INFO - Setting next_dagrun for example_python_operator to None, run_after=None
[2022-09-21 00:23:04,724] {processor.py:161} INFO - Processing /home/airflow/.local/lib/python3.7/site-packages/airflow/example_dags/example_python_operator.py took 0.199 seconds
[2022-09-21 00:23:34,771] {processor.py:153} INFO - Started process (PID=22210) to work on /home/airflow/.local/lib/python3.7/site-packages/airflow/example_dags/example_python_operator.py
[2022-09-21 00:23:34,786] {processor.py:641} INFO - Processing file /home/airflow/.local/lib/python3.7/site-packages/airflow/example_dags/example_python_operator.py for tasks to queue
[2022-09-21 00:23:34,787] {logging_mixin.py:115} INFO - [2022-09-21 00:23:34,787] {dagbag.py:507} INFO - Filling up the DagBag from /home/airflow/.local/lib/python3.7/site-packages/airflow/example_dags/example_python_operator.py
[2022-09-21 00:23:34,807] {processor.py:651} INFO - DAG(s) dict_keys(['example_python_operator']) retrieved from /home/airflow/.local/lib/python3.7/site-packages/airflow/example_dags/example_python_operator.py
[2022-09-21 00:23:34,842] {logging_mixin.py:115} INFO - [2022-09-21 00:23:34,841] {dag.py:2371} INFO - Sync 1 DAGs
[2022-09-21 00:23:34,876] {logging_mixin.py:115} INFO - [2022-09-21 00:23:34,876] {dag.py:2919} INFO - Setting next_dagrun for example_python_operator to None, run_after=None
[2022-09-21 00:23:35,176] {processor.py:161} INFO - Processing /home/airflow/.local/lib/python3.7/site-packages/airflow/example_dags/example_python_operator.py took 0.409 seconds
[2022-09-21 00:24:05,597] {processor.py:153} INFO - Started process (PID=22262) to work on /home/airflow/.local/lib/python3.7/site-packages/airflow/example_dags/example_python_operator.py
[2022-09-21 00:24:05,601] {processor.py:641} INFO - Processing file /home/airflow/.local/lib/python3.7/site-packages/airflow/example_dags/example_python_operator.py for tasks to queue
[2022-09-21 00:24:05,602] {logging_mixin.py:115} INFO - [2022-09-21 00:24:05,602] {dagbag.py:507} INFO - Filling up the DagBag from /home/airflow/.local/lib/python3.7/site-packages/airflow/example_dags/example_python_operator.py
[2022-09-21 00:24:05,676] {processor.py:651} INFO - DAG(s) dict_keys(['example_python_operator']) retrieved from /home/airflow/.local/lib/python3.7/site-packages/airflow/example_dags/example_python_operator.py
[2022-09-21 00:24:05,795] {logging_mixin.py:115} INFO - [2022-09-21 00:24:05,795] {dag.py:2371} INFO - Sync 1 DAGs
[2022-09-21 00:24:05,850] {logging_mixin.py:115} INFO - [2022-09-21 00:24:05,850] {dag.py:2919} INFO - Setting next_dagrun for example_python_operator to None, run_after=None
[2022-09-21 00:24:06,250] {processor.py:161} INFO - Processing /home/airflow/.local/lib/python3.7/site-packages/airflow/example_dags/example_python_operator.py took 0.663 seconds
[2022-09-21 00:24:36,415] {processor.py:153} INFO - Started process (PID=22313) to work on /home/airflow/.local/lib/python3.7/site-packages/airflow/example_dags/example_python_operator.py
[2022-09-21 00:24:36,434] {processor.py:641} INFO - Processing file /home/airflow/.local/lib/python3.7/site-packages/airflow/example_dags/example_python_operator.py for tasks to queue
[2022-09-21 00:24:36,435] {logging_mixin.py:115} INFO - [2022-09-21 00:24:36,435] {dagbag.py:507} INFO - Filling up the DagBag from /home/airflow/.local/lib/python3.7/site-packages/airflow/example_dags/example_python_operator.py
[2022-09-21 00:24:36,467] {processor.py:651} INFO - DAG(s) dict_keys(['example_python_operator']) retrieved from /home/airflow/.local/lib/python3.7/site-packages/airflow/example_dags/example_python_operator.py
[2022-09-21 00:24:36,513] {logging_mixin.py:115} INFO - [2022-09-21 00:24:36,513] {dag.py:2371} INFO - Sync 1 DAGs
[2022-09-21 00:24:36,577] {logging_mixin.py:115} INFO - [2022-09-21 00:24:36,577] {dag.py:2919} INFO - Setting next_dagrun for example_python_operator to None, run_after=None
[2022-09-21 00:24:36,817] {processor.py:161} INFO - Processing /home/airflow/.local/lib/python3.7/site-packages/airflow/example_dags/example_python_operator.py took 0.406 seconds
[2022-09-21 00:25:07,146] {processor.py:153} INFO - Started process (PID=22374) to work on /home/airflow/.local/lib/python3.7/site-packages/airflow/example_dags/example_python_operator.py
[2022-09-21 00:25:07,147] {processor.py:641} INFO - Processing file /home/airflow/.local/lib/python3.7/site-packages/airflow/example_dags/example_python_operator.py for tasks to queue
[2022-09-21 00:25:07,147] {logging_mixin.py:115} INFO - [2022-09-21 00:25:07,147] {dagbag.py:507} INFO - Filling up the DagBag from /home/airflow/.local/lib/python3.7/site-packages/airflow/example_dags/example_python_operator.py
[2022-09-21 00:25:07,187] {processor.py:651} INFO - DAG(s) dict_keys(['example_python_operator']) retrieved from /home/airflow/.local/lib/python3.7/site-packages/airflow/example_dags/example_python_operator.py
[2022-09-21 00:25:07,234] {logging_mixin.py:115} INFO - [2022-09-21 00:25:07,234] {dag.py:2371} INFO - Sync 1 DAGs
[2022-09-21 00:25:07,280] {logging_mixin.py:115} INFO - [2022-09-21 00:25:07,280] {dag.py:2919} INFO - Setting next_dagrun for example_python_operator to None, run_after=None
[2022-09-21 00:25:07,313] {processor.py:161} INFO - Processing /home/airflow/.local/lib/python3.7/site-packages/airflow/example_dags/example_python_operator.py took 0.170 seconds
[2022-09-21 00:25:37,486] {processor.py:153} INFO - Started process (PID=22427) to work on /home/airflow/.local/lib/python3.7/site-packages/airflow/example_dags/example_python_operator.py
[2022-09-21 00:25:37,508] {processor.py:641} INFO - Processing file /home/airflow/.local/lib/python3.7/site-packages/airflow/example_dags/example_python_operator.py for tasks to queue
[2022-09-21 00:25:37,509] {logging_mixin.py:115} INFO - [2022-09-21 00:25:37,509] {dagbag.py:507} INFO - Filling up the DagBag from /home/airflow/.local/lib/python3.7/site-packages/airflow/example_dags/example_python_operator.py
[2022-09-21 00:25:37,565] {processor.py:651} INFO - DAG(s) dict_keys(['example_python_operator']) retrieved from /home/airflow/.local/lib/python3.7/site-packages/airflow/example_dags/example_python_operator.py
[2022-09-21 00:25:37,610] {logging_mixin.py:115} INFO - [2022-09-21 00:25:37,610] {dag.py:2371} INFO - Sync 1 DAGs
[2022-09-21 00:25:37,645] {logging_mixin.py:115} INFO - [2022-09-21 00:25:37,645] {dag.py:2919} INFO - Setting next_dagrun for example_python_operator to None, run_after=None
[2022-09-21 00:25:37,676] {processor.py:161} INFO - Processing /home/airflow/.local/lib/python3.7/site-packages/airflow/example_dags/example_python_operator.py took 0.195 seconds
[2022-09-21 00:26:07,931] {processor.py:153} INFO - Started process (PID=22486) to work on /home/airflow/.local/lib/python3.7/site-packages/airflow/example_dags/example_python_operator.py
[2022-09-21 00:26:07,933] {processor.py:641} INFO - Processing file /home/airflow/.local/lib/python3.7/site-packages/airflow/example_dags/example_python_operator.py for tasks to queue
[2022-09-21 00:26:07,934] {logging_mixin.py:115} INFO - [2022-09-21 00:26:07,934] {dagbag.py:507} INFO - Filling up the DagBag from /home/airflow/.local/lib/python3.7/site-packages/airflow/example_dags/example_python_operator.py
[2022-09-21 00:26:07,984] {processor.py:651} INFO - DAG(s) dict_keys(['example_python_operator']) retrieved from /home/airflow/.local/lib/python3.7/site-packages/airflow/example_dags/example_python_operator.py
[2022-09-21 00:26:08,022] {logging_mixin.py:115} INFO - [2022-09-21 00:26:08,022] {dag.py:2371} INFO - Sync 1 DAGs
[2022-09-21 00:26:08,053] {logging_mixin.py:115} INFO - [2022-09-21 00:26:08,053] {dag.py:2919} INFO - Setting next_dagrun for example_python_operator to None, run_after=None
[2022-09-21 00:26:08,086] {processor.py:161} INFO - Processing /home/airflow/.local/lib/python3.7/site-packages/airflow/example_dags/example_python_operator.py took 0.170 seconds
[2022-09-21 00:26:38,917] {processor.py:153} INFO - Started process (PID=22538) to work on /home/airflow/.local/lib/python3.7/site-packages/airflow/example_dags/example_python_operator.py
[2022-09-21 00:26:38,937] {processor.py:641} INFO - Processing file /home/airflow/.local/lib/python3.7/site-packages/airflow/example_dags/example_python_operator.py for tasks to queue
[2022-09-21 00:26:38,938] {logging_mixin.py:115} INFO - [2022-09-21 00:26:38,938] {dagbag.py:507} INFO - Filling up the DagBag from /home/airflow/.local/lib/python3.7/site-packages/airflow/example_dags/example_python_operator.py
[2022-09-21 00:26:38,980] {processor.py:651} INFO - DAG(s) dict_keys(['example_python_operator']) retrieved from /home/airflow/.local/lib/python3.7/site-packages/airflow/example_dags/example_python_operator.py
[2022-09-21 00:26:39,021] {logging_mixin.py:115} INFO - [2022-09-21 00:26:39,021] {dag.py:2371} INFO - Sync 1 DAGs
[2022-09-21 00:26:39,060] {logging_mixin.py:115} INFO - [2022-09-21 00:26:39,059] {dag.py:2919} INFO - Setting next_dagrun for example_python_operator to None, run_after=None
[2022-09-21 00:26:39,099] {processor.py:161} INFO - Processing /home/airflow/.local/lib/python3.7/site-packages/airflow/example_dags/example_python_operator.py took 0.205 seconds
[2022-09-21 00:27:09,245] {processor.py:153} INFO - Started process (PID=22589) to work on /home/airflow/.local/lib/python3.7/site-packages/airflow/example_dags/example_python_operator.py
[2022-09-21 00:27:09,245] {processor.py:641} INFO - Processing file /home/airflow/.local/lib/python3.7/site-packages/airflow/example_dags/example_python_operator.py for tasks to queue
[2022-09-21 00:27:09,250] {logging_mixin.py:115} INFO - [2022-09-21 00:27:09,249] {dagbag.py:507} INFO - Filling up the DagBag from /home/airflow/.local/lib/python3.7/site-packages/airflow/example_dags/example_python_operator.py
[2022-09-21 00:27:09,298] {processor.py:651} INFO - DAG(s) dict_keys(['example_python_operator']) retrieved from /home/airflow/.local/lib/python3.7/site-packages/airflow/example_dags/example_python_operator.py
[2022-09-21 00:27:09,353] {logging_mixin.py:115} INFO - [2022-09-21 00:27:09,353] {dag.py:2371} INFO - Sync 1 DAGs
[2022-09-21 00:27:09,391] {logging_mixin.py:115} INFO - [2022-09-21 00:27:09,391] {dag.py:2919} INFO - Setting next_dagrun for example_python_operator to None, run_after=None
[2022-09-21 00:27:09,688] {processor.py:161} INFO - Processing /home/airflow/.local/lib/python3.7/site-packages/airflow/example_dags/example_python_operator.py took 0.459 seconds
[2022-09-21 00:27:40,546] {processor.py:153} INFO - Started process (PID=22651) to work on /home/airflow/.local/lib/python3.7/site-packages/airflow/example_dags/example_python_operator.py
[2022-09-21 00:27:40,652] {processor.py:641} INFO - Processing file /home/airflow/.local/lib/python3.7/site-packages/airflow/example_dags/example_python_operator.py for tasks to queue
[2022-09-21 00:27:40,653] {logging_mixin.py:115} INFO - [2022-09-21 00:27:40,653] {dagbag.py:507} INFO - Filling up the DagBag from /home/airflow/.local/lib/python3.7/site-packages/airflow/example_dags/example_python_operator.py
[2022-09-21 00:27:40,678] {processor.py:651} INFO - DAG(s) dict_keys(['example_python_operator']) retrieved from /home/airflow/.local/lib/python3.7/site-packages/airflow/example_dags/example_python_operator.py
[2022-09-21 00:27:40,710] {logging_mixin.py:115} INFO - [2022-09-21 00:27:40,710] {dag.py:2371} INFO - Sync 1 DAGs
[2022-09-21 00:27:40,738] {logging_mixin.py:115} INFO - [2022-09-21 00:27:40,738] {dag.py:2919} INFO - Setting next_dagrun for example_python_operator to None, run_after=None
[2022-09-21 00:27:40,761] {processor.py:161} INFO - Processing /home/airflow/.local/lib/python3.7/site-packages/airflow/example_dags/example_python_operator.py took 0.219 seconds
[2022-09-21 00:28:11,290] {processor.py:153} INFO - Started process (PID=22703) to work on /home/airflow/.local/lib/python3.7/site-packages/airflow/example_dags/example_python_operator.py
[2022-09-21 00:28:11,291] {processor.py:641} INFO - Processing file /home/airflow/.local/lib/python3.7/site-packages/airflow/example_dags/example_python_operator.py for tasks to queue
[2022-09-21 00:28:11,292] {logging_mixin.py:115} INFO - [2022-09-21 00:28:11,291] {dagbag.py:507} INFO - Filling up the DagBag from /home/airflow/.local/lib/python3.7/site-packages/airflow/example_dags/example_python_operator.py
[2022-09-21 00:28:11,316] {processor.py:651} INFO - DAG(s) dict_keys(['example_python_operator']) retrieved from /home/airflow/.local/lib/python3.7/site-packages/airflow/example_dags/example_python_operator.py
[2022-09-21 00:28:11,346] {logging_mixin.py:115} INFO - [2022-09-21 00:28:11,346] {dag.py:2371} INFO - Sync 1 DAGs
[2022-09-21 00:28:11,374] {logging_mixin.py:115} INFO - [2022-09-21 00:28:11,374] {dag.py:2919} INFO - Setting next_dagrun for example_python_operator to None, run_after=None
[2022-09-21 00:28:11,398] {processor.py:161} INFO - Processing /home/airflow/.local/lib/python3.7/site-packages/airflow/example_dags/example_python_operator.py took 0.112 seconds
[2022-09-21 00:28:41,913] {processor.py:153} INFO - Started process (PID=22765) to work on /home/airflow/.local/lib/python3.7/site-packages/airflow/example_dags/example_python_operator.py
[2022-09-21 00:28:41,991] {processor.py:641} INFO - Processing file /home/airflow/.local/lib/python3.7/site-packages/airflow/example_dags/example_python_operator.py for tasks to queue
[2022-09-21 00:28:41,992] {logging_mixin.py:115} INFO - [2022-09-21 00:28:41,991] {dagbag.py:507} INFO - Filling up the DagBag from /home/airflow/.local/lib/python3.7/site-packages/airflow/example_dags/example_python_operator.py
[2022-09-21 00:28:42,026] {processor.py:651} INFO - DAG(s) dict_keys(['example_python_operator']) retrieved from /home/airflow/.local/lib/python3.7/site-packages/airflow/example_dags/example_python_operator.py
[2022-09-21 00:28:42,079] {logging_mixin.py:115} INFO - [2022-09-21 00:28:42,079] {dag.py:2371} INFO - Sync 1 DAGs
[2022-09-21 00:28:42,119] {logging_mixin.py:115} INFO - [2022-09-21 00:28:42,119] {dag.py:2919} INFO - Setting next_dagrun for example_python_operator to None, run_after=None
[2022-09-21 00:28:42,160] {processor.py:161} INFO - Processing /home/airflow/.local/lib/python3.7/site-packages/airflow/example_dags/example_python_operator.py took 0.251 seconds
[2022-09-21 00:29:12,260] {processor.py:153} INFO - Started process (PID=22817) to work on /home/airflow/.local/lib/python3.7/site-packages/airflow/example_dags/example_python_operator.py
[2022-09-21 00:29:12,260] {processor.py:641} INFO - Processing file /home/airflow/.local/lib/python3.7/site-packages/airflow/example_dags/example_python_operator.py for tasks to queue
[2022-09-21 00:29:12,261] {logging_mixin.py:115} INFO - [2022-09-21 00:29:12,261] {dagbag.py:507} INFO - Filling up the DagBag from /home/airflow/.local/lib/python3.7/site-packages/airflow/example_dags/example_python_operator.py
[2022-09-21 00:29:12,289] {processor.py:651} INFO - DAG(s) dict_keys(['example_python_operator']) retrieved from /home/airflow/.local/lib/python3.7/site-packages/airflow/example_dags/example_python_operator.py
[2022-09-21 00:29:12,317] {logging_mixin.py:115} INFO - [2022-09-21 00:29:12,317] {dag.py:2371} INFO - Sync 1 DAGs
[2022-09-21 00:29:12,342] {logging_mixin.py:115} INFO - [2022-09-21 00:29:12,342] {dag.py:2919} INFO - Setting next_dagrun for example_python_operator to None, run_after=None
[2022-09-21 00:29:12,380] {processor.py:161} INFO - Processing /home/airflow/.local/lib/python3.7/site-packages/airflow/example_dags/example_python_operator.py took 0.127 seconds
[2022-09-21 00:29:42,460] {processor.py:153} INFO - Started process (PID=22879) to work on /home/airflow/.local/lib/python3.7/site-packages/airflow/example_dags/example_python_operator.py
[2022-09-21 00:29:42,485] {processor.py:641} INFO - Processing file /home/airflow/.local/lib/python3.7/site-packages/airflow/example_dags/example_python_operator.py for tasks to queue
[2022-09-21 00:29:42,485] {logging_mixin.py:115} INFO - [2022-09-21 00:29:42,485] {dagbag.py:507} INFO - Filling up the DagBag from /home/airflow/.local/lib/python3.7/site-packages/airflow/example_dags/example_python_operator.py
[2022-09-21 00:29:42,506] {processor.py:651} INFO - DAG(s) dict_keys(['example_python_operator']) retrieved from /home/airflow/.local/lib/python3.7/site-packages/airflow/example_dags/example_python_operator.py
[2022-09-21 00:29:42,544] {logging_mixin.py:115} INFO - [2022-09-21 00:29:42,543] {dag.py:2371} INFO - Sync 1 DAGs
[2022-09-21 00:29:42,580] {logging_mixin.py:115} INFO - [2022-09-21 00:29:42,580] {dag.py:2919} INFO - Setting next_dagrun for example_python_operator to None, run_after=None
[2022-09-21 00:29:42,617] {processor.py:161} INFO - Processing /home/airflow/.local/lib/python3.7/site-packages/airflow/example_dags/example_python_operator.py took 0.161 seconds
[2022-09-21 00:30:13,277] {processor.py:153} INFO - Started process (PID=22932) to work on /home/airflow/.local/lib/python3.7/site-packages/airflow/example_dags/example_python_operator.py
[2022-09-21 00:30:13,419] {processor.py:641} INFO - Processing file /home/airflow/.local/lib/python3.7/site-packages/airflow/example_dags/example_python_operator.py for tasks to queue
[2022-09-21 00:30:13,422] {logging_mixin.py:115} INFO - [2022-09-21 00:30:13,421] {dagbag.py:507} INFO - Filling up the DagBag from /home/airflow/.local/lib/python3.7/site-packages/airflow/example_dags/example_python_operator.py
[2022-09-21 00:30:13,513] {processor.py:651} INFO - DAG(s) dict_keys(['example_python_operator']) retrieved from /home/airflow/.local/lib/python3.7/site-packages/airflow/example_dags/example_python_operator.py
[2022-09-21 00:30:13,574] {logging_mixin.py:115} INFO - [2022-09-21 00:30:13,574] {dag.py:2371} INFO - Sync 1 DAGs
[2022-09-21 00:30:13,616] {logging_mixin.py:115} INFO - [2022-09-21 00:30:13,616] {dag.py:2919} INFO - Setting next_dagrun for example_python_operator to None, run_after=None
[2022-09-21 00:30:13,656] {processor.py:161} INFO - Processing /home/airflow/.local/lib/python3.7/site-packages/airflow/example_dags/example_python_operator.py took 0.384 seconds
[2022-09-21 00:30:44,105] {processor.py:153} INFO - Started process (PID=22994) to work on /home/airflow/.local/lib/python3.7/site-packages/airflow/example_dags/example_python_operator.py
[2022-09-21 00:30:44,108] {processor.py:641} INFO - Processing file /home/airflow/.local/lib/python3.7/site-packages/airflow/example_dags/example_python_operator.py for tasks to queue
[2022-09-21 00:30:44,110] {logging_mixin.py:115} INFO - [2022-09-21 00:30:44,110] {dagbag.py:507} INFO - Filling up the DagBag from /home/airflow/.local/lib/python3.7/site-packages/airflow/example_dags/example_python_operator.py
[2022-09-21 00:30:44,161] {processor.py:651} INFO - DAG(s) dict_keys(['example_python_operator']) retrieved from /home/airflow/.local/lib/python3.7/site-packages/airflow/example_dags/example_python_operator.py
[2022-09-21 00:30:44,204] {logging_mixin.py:115} INFO - [2022-09-21 00:30:44,204] {dag.py:2371} INFO - Sync 1 DAGs
[2022-09-21 00:30:44,241] {logging_mixin.py:115} INFO - [2022-09-21 00:30:44,241] {dag.py:2919} INFO - Setting next_dagrun for example_python_operator to None, run_after=None
[2022-09-21 00:30:44,529] {processor.py:161} INFO - Processing /home/airflow/.local/lib/python3.7/site-packages/airflow/example_dags/example_python_operator.py took 0.440 seconds
[2022-09-21 00:31:15,078] {processor.py:153} INFO - Started process (PID=23045) to work on /home/airflow/.local/lib/python3.7/site-packages/airflow/example_dags/example_python_operator.py
[2022-09-21 00:31:15,112] {processor.py:641} INFO - Processing file /home/airflow/.local/lib/python3.7/site-packages/airflow/example_dags/example_python_operator.py for tasks to queue
[2022-09-21 00:31:15,115] {logging_mixin.py:115} INFO - [2022-09-21 00:31:15,114] {dagbag.py:507} INFO - Filling up the DagBag from /home/airflow/.local/lib/python3.7/site-packages/airflow/example_dags/example_python_operator.py
[2022-09-21 00:31:15,145] {processor.py:651} INFO - DAG(s) dict_keys(['example_python_operator']) retrieved from /home/airflow/.local/lib/python3.7/site-packages/airflow/example_dags/example_python_operator.py
[2022-09-21 00:31:15,184] {logging_mixin.py:115} INFO - [2022-09-21 00:31:15,183] {dag.py:2371} INFO - Sync 1 DAGs
[2022-09-21 00:31:15,217] {logging_mixin.py:115} INFO - [2022-09-21 00:31:15,217] {dag.py:2919} INFO - Setting next_dagrun for example_python_operator to None, run_after=None
[2022-09-21 00:31:15,558] {processor.py:161} INFO - Processing /home/airflow/.local/lib/python3.7/site-packages/airflow/example_dags/example_python_operator.py took 0.484 seconds
[2022-09-21 00:31:46,509] {processor.py:153} INFO - Started process (PID=23105) to work on /home/airflow/.local/lib/python3.7/site-packages/airflow/example_dags/example_python_operator.py
[2022-09-21 00:31:46,509] {processor.py:641} INFO - Processing file /home/airflow/.local/lib/python3.7/site-packages/airflow/example_dags/example_python_operator.py for tasks to queue
[2022-09-21 00:31:46,510] {logging_mixin.py:115} INFO - [2022-09-21 00:31:46,510] {dagbag.py:507} INFO - Filling up the DagBag from /home/airflow/.local/lib/python3.7/site-packages/airflow/example_dags/example_python_operator.py
[2022-09-21 00:31:46,553] {processor.py:651} INFO - DAG(s) dict_keys(['example_python_operator']) retrieved from /home/airflow/.local/lib/python3.7/site-packages/airflow/example_dags/example_python_operator.py
[2022-09-21 00:31:46,596] {logging_mixin.py:115} INFO - [2022-09-21 00:31:46,596] {dag.py:2371} INFO - Sync 1 DAGs
[2022-09-21 00:31:46,653] {logging_mixin.py:115} INFO - [2022-09-21 00:31:46,653] {dag.py:2919} INFO - Setting next_dagrun for example_python_operator to None, run_after=None
[2022-09-21 00:31:46,698] {processor.py:161} INFO - Processing /home/airflow/.local/lib/python3.7/site-packages/airflow/example_dags/example_python_operator.py took 0.205 seconds
[2022-09-21 00:32:17,152] {processor.py:153} INFO - Started process (PID=23157) to work on /home/airflow/.local/lib/python3.7/site-packages/airflow/example_dags/example_python_operator.py
[2022-09-21 00:32:17,180] {processor.py:641} INFO - Processing file /home/airflow/.local/lib/python3.7/site-packages/airflow/example_dags/example_python_operator.py for tasks to queue
[2022-09-21 00:32:17,181] {logging_mixin.py:115} INFO - [2022-09-21 00:32:17,181] {dagbag.py:507} INFO - Filling up the DagBag from /home/airflow/.local/lib/python3.7/site-packages/airflow/example_dags/example_python_operator.py
[2022-09-21 00:32:17,230] {processor.py:651} INFO - DAG(s) dict_keys(['example_python_operator']) retrieved from /home/airflow/.local/lib/python3.7/site-packages/airflow/example_dags/example_python_operator.py
[2022-09-21 00:32:17,273] {logging_mixin.py:115} INFO - [2022-09-21 00:32:17,273] {dag.py:2371} INFO - Sync 1 DAGs
[2022-09-21 00:32:17,314] {logging_mixin.py:115} INFO - [2022-09-21 00:32:17,314] {dag.py:2919} INFO - Setting next_dagrun for example_python_operator to None, run_after=None
[2022-09-21 00:32:17,555] {processor.py:161} INFO - Processing /home/airflow/.local/lib/python3.7/site-packages/airflow/example_dags/example_python_operator.py took 0.409 seconds
[2022-09-21 00:32:48,029] {processor.py:153} INFO - Started process (PID=23218) to work on /home/airflow/.local/lib/python3.7/site-packages/airflow/example_dags/example_python_operator.py
[2022-09-21 00:32:48,030] {processor.py:641} INFO - Processing file /home/airflow/.local/lib/python3.7/site-packages/airflow/example_dags/example_python_operator.py for tasks to queue
[2022-09-21 00:32:48,031] {logging_mixin.py:115} INFO - [2022-09-21 00:32:48,031] {dagbag.py:507} INFO - Filling up the DagBag from /home/airflow/.local/lib/python3.7/site-packages/airflow/example_dags/example_python_operator.py
[2022-09-21 00:32:48,061] {processor.py:651} INFO - DAG(s) dict_keys(['example_python_operator']) retrieved from /home/airflow/.local/lib/python3.7/site-packages/airflow/example_dags/example_python_operator.py
[2022-09-21 00:32:48,101] {logging_mixin.py:115} INFO - [2022-09-21 00:32:48,100] {dag.py:2371} INFO - Sync 1 DAGs
[2022-09-21 00:32:48,138] {logging_mixin.py:115} INFO - [2022-09-21 00:32:48,138] {dag.py:2919} INFO - Setting next_dagrun for example_python_operator to None, run_after=None
[2022-09-21 00:32:48,179] {processor.py:161} INFO - Processing /home/airflow/.local/lib/python3.7/site-packages/airflow/example_dags/example_python_operator.py took 0.154 seconds
[2022-09-21 00:33:18,819] {processor.py:153} INFO - Started process (PID=23271) to work on /home/airflow/.local/lib/python3.7/site-packages/airflow/example_dags/example_python_operator.py
[2022-09-21 00:33:18,820] {processor.py:641} INFO - Processing file /home/airflow/.local/lib/python3.7/site-packages/airflow/example_dags/example_python_operator.py for tasks to queue
[2022-09-21 00:33:18,820] {logging_mixin.py:115} INFO - [2022-09-21 00:33:18,820] {dagbag.py:507} INFO - Filling up the DagBag from /home/airflow/.local/lib/python3.7/site-packages/airflow/example_dags/example_python_operator.py
[2022-09-21 00:33:18,861] {processor.py:651} INFO - DAG(s) dict_keys(['example_python_operator']) retrieved from /home/airflow/.local/lib/python3.7/site-packages/airflow/example_dags/example_python_operator.py
[2022-09-21 00:33:18,894] {logging_mixin.py:115} INFO - [2022-09-21 00:33:18,893] {dag.py:2371} INFO - Sync 1 DAGs
[2022-09-21 00:33:18,923] {logging_mixin.py:115} INFO - [2022-09-21 00:33:18,923] {dag.py:2919} INFO - Setting next_dagrun for example_python_operator to None, run_after=None
[2022-09-21 00:33:18,983] {processor.py:161} INFO - Processing /home/airflow/.local/lib/python3.7/site-packages/airflow/example_dags/example_python_operator.py took 0.168 seconds
[2022-09-21 00:33:49,554] {processor.py:153} INFO - Started process (PID=23331) to work on /home/airflow/.local/lib/python3.7/site-packages/airflow/example_dags/example_python_operator.py
[2022-09-21 00:33:49,555] {processor.py:641} INFO - Processing file /home/airflow/.local/lib/python3.7/site-packages/airflow/example_dags/example_python_operator.py for tasks to queue
[2022-09-21 00:33:49,556] {logging_mixin.py:115} INFO - [2022-09-21 00:33:49,556] {dagbag.py:507} INFO - Filling up the DagBag from /home/airflow/.local/lib/python3.7/site-packages/airflow/example_dags/example_python_operator.py
[2022-09-21 00:33:49,587] {processor.py:651} INFO - DAG(s) dict_keys(['example_python_operator']) retrieved from /home/airflow/.local/lib/python3.7/site-packages/airflow/example_dags/example_python_operator.py
[2022-09-21 00:33:49,628] {logging_mixin.py:115} INFO - [2022-09-21 00:33:49,628] {dag.py:2371} INFO - Sync 1 DAGs
[2022-09-21 00:33:49,667] {logging_mixin.py:115} INFO - [2022-09-21 00:33:49,667] {dag.py:2919} INFO - Setting next_dagrun for example_python_operator to None, run_after=None
[2022-09-21 00:33:49,706] {processor.py:161} INFO - Processing /home/airflow/.local/lib/python3.7/site-packages/airflow/example_dags/example_python_operator.py took 0.157 seconds
[2022-09-21 00:34:19,813] {processor.py:153} INFO - Started process (PID=23383) to work on /home/airflow/.local/lib/python3.7/site-packages/airflow/example_dags/example_python_operator.py
[2022-09-21 00:34:19,819] {processor.py:641} INFO - Processing file /home/airflow/.local/lib/python3.7/site-packages/airflow/example_dags/example_python_operator.py for tasks to queue
[2022-09-21 00:34:19,820] {logging_mixin.py:115} INFO - [2022-09-21 00:34:19,819] {dagbag.py:507} INFO - Filling up the DagBag from /home/airflow/.local/lib/python3.7/site-packages/airflow/example_dags/example_python_operator.py
[2022-09-21 00:34:19,848] {processor.py:651} INFO - DAG(s) dict_keys(['example_python_operator']) retrieved from /home/airflow/.local/lib/python3.7/site-packages/airflow/example_dags/example_python_operator.py
[2022-09-21 00:34:19,889] {logging_mixin.py:115} INFO - [2022-09-21 00:34:19,889] {dag.py:2371} INFO - Sync 1 DAGs
[2022-09-21 00:34:19,931] {logging_mixin.py:115} INFO - [2022-09-21 00:34:19,931] {dag.py:2919} INFO - Setting next_dagrun for example_python_operator to None, run_after=None
[2022-09-21 00:34:19,965] {processor.py:161} INFO - Processing /home/airflow/.local/lib/python3.7/site-packages/airflow/example_dags/example_python_operator.py took 0.156 seconds
[2022-09-21 00:34:50,243] {processor.py:153} INFO - Started process (PID=23442) to work on /home/airflow/.local/lib/python3.7/site-packages/airflow/example_dags/example_python_operator.py
[2022-09-21 00:34:50,244] {processor.py:641} INFO - Processing file /home/airflow/.local/lib/python3.7/site-packages/airflow/example_dags/example_python_operator.py for tasks to queue
[2022-09-21 00:34:50,245] {logging_mixin.py:115} INFO - [2022-09-21 00:34:50,244] {dagbag.py:507} INFO - Filling up the DagBag from /home/airflow/.local/lib/python3.7/site-packages/airflow/example_dags/example_python_operator.py
[2022-09-21 00:34:50,276] {processor.py:651} INFO - DAG(s) dict_keys(['example_python_operator']) retrieved from /home/airflow/.local/lib/python3.7/site-packages/airflow/example_dags/example_python_operator.py
[2022-09-21 00:34:50,315] {logging_mixin.py:115} INFO - [2022-09-21 00:34:50,315] {dag.py:2371} INFO - Sync 1 DAGs
[2022-09-21 00:34:50,352] {logging_mixin.py:115} INFO - [2022-09-21 00:34:50,352] {dag.py:2919} INFO - Setting next_dagrun for example_python_operator to None, run_after=None
[2022-09-21 00:34:50,400] {processor.py:161} INFO - Processing /home/airflow/.local/lib/python3.7/site-packages/airflow/example_dags/example_python_operator.py took 0.162 seconds
[2022-09-21 00:35:20,941] {processor.py:153} INFO - Started process (PID=23493) to work on /home/airflow/.local/lib/python3.7/site-packages/airflow/example_dags/example_python_operator.py
[2022-09-21 00:35:20,956] {processor.py:641} INFO - Processing file /home/airflow/.local/lib/python3.7/site-packages/airflow/example_dags/example_python_operator.py for tasks to queue
[2022-09-21 00:35:20,959] {logging_mixin.py:115} INFO - [2022-09-21 00:35:20,958] {dagbag.py:507} INFO - Filling up the DagBag from /home/airflow/.local/lib/python3.7/site-packages/airflow/example_dags/example_python_operator.py
[2022-09-21 00:35:21,005] {processor.py:651} INFO - DAG(s) dict_keys(['example_python_operator']) retrieved from /home/airflow/.local/lib/python3.7/site-packages/airflow/example_dags/example_python_operator.py
[2022-09-21 00:35:21,041] {logging_mixin.py:115} INFO - [2022-09-21 00:35:21,041] {dag.py:2371} INFO - Sync 1 DAGs
[2022-09-21 00:35:21,069] {logging_mixin.py:115} INFO - [2022-09-21 00:35:21,069] {dag.py:2919} INFO - Setting next_dagrun for example_python_operator to None, run_after=None
[2022-09-21 00:35:21,105] {processor.py:161} INFO - Processing /home/airflow/.local/lib/python3.7/site-packages/airflow/example_dags/example_python_operator.py took 0.170 seconds
[2022-09-21 00:35:51,173] {processor.py:153} INFO - Started process (PID=23552) to work on /home/airflow/.local/lib/python3.7/site-packages/airflow/example_dags/example_python_operator.py
[2022-09-21 00:35:51,174] {processor.py:641} INFO - Processing file /home/airflow/.local/lib/python3.7/site-packages/airflow/example_dags/example_python_operator.py for tasks to queue
[2022-09-21 00:35:51,175] {logging_mixin.py:115} INFO - [2022-09-21 00:35:51,175] {dagbag.py:507} INFO - Filling up the DagBag from /home/airflow/.local/lib/python3.7/site-packages/airflow/example_dags/example_python_operator.py
[2022-09-21 00:35:51,212] {processor.py:651} INFO - DAG(s) dict_keys(['example_python_operator']) retrieved from /home/airflow/.local/lib/python3.7/site-packages/airflow/example_dags/example_python_operator.py
[2022-09-21 00:35:51,253] {logging_mixin.py:115} INFO - [2022-09-21 00:35:51,252] {dag.py:2371} INFO - Sync 1 DAGs
[2022-09-21 00:35:51,320] {logging_mixin.py:115} INFO - [2022-09-21 00:35:51,320] {dag.py:2919} INFO - Setting next_dagrun for example_python_operator to None, run_after=None
[2022-09-21 00:35:51,394] {processor.py:161} INFO - Processing /home/airflow/.local/lib/python3.7/site-packages/airflow/example_dags/example_python_operator.py took 0.226 seconds
[2022-09-21 00:36:21,579] {processor.py:153} INFO - Started process (PID=23604) to work on /home/airflow/.local/lib/python3.7/site-packages/airflow/example_dags/example_python_operator.py
[2022-09-21 00:36:21,737] {processor.py:641} INFO - Processing file /home/airflow/.local/lib/python3.7/site-packages/airflow/example_dags/example_python_operator.py for tasks to queue
[2022-09-21 00:36:21,738] {logging_mixin.py:115} INFO - [2022-09-21 00:36:21,737] {dagbag.py:507} INFO - Filling up the DagBag from /home/airflow/.local/lib/python3.7/site-packages/airflow/example_dags/example_python_operator.py
[2022-09-21 00:36:21,776] {processor.py:651} INFO - DAG(s) dict_keys(['example_python_operator']) retrieved from /home/airflow/.local/lib/python3.7/site-packages/airflow/example_dags/example_python_operator.py
[2022-09-21 00:36:21,819] {logging_mixin.py:115} INFO - [2022-09-21 00:36:21,818] {dag.py:2371} INFO - Sync 1 DAGs
[2022-09-21 00:36:21,855] {logging_mixin.py:115} INFO - [2022-09-21 00:36:21,855] {dag.py:2919} INFO - Setting next_dagrun for example_python_operator to None, run_after=None
[2022-09-21 00:36:22,111] {processor.py:161} INFO - Processing /home/airflow/.local/lib/python3.7/site-packages/airflow/example_dags/example_python_operator.py took 0.538 seconds
