[2022-09-21 00:00:03,419] {processor.py:153} INFO - Started process (PID=19708) to work on /home/airflow/.local/lib/python3.7/site-packages/airflow/example_dags/example_branch_day_of_week_operator.py
[2022-09-21 00:00:03,420] {processor.py:641} INFO - Processing file /home/airflow/.local/lib/python3.7/site-packages/airflow/example_dags/example_branch_day_of_week_operator.py for tasks to queue
[2022-09-21 00:00:03,421] {logging_mixin.py:115} INFO - [2022-09-21 00:00:03,421] {dagbag.py:507} INFO - Filling up the DagBag from /home/airflow/.local/lib/python3.7/site-packages/airflow/example_dags/example_branch_day_of_week_operator.py
[2022-09-21 00:00:03,438] {processor.py:651} INFO - DAG(s) dict_keys(['example_weekday_branch_operator']) retrieved from /home/airflow/.local/lib/python3.7/site-packages/airflow/example_dags/example_branch_day_of_week_operator.py
[2022-09-21 00:00:03,487] {logging_mixin.py:115} INFO - [2022-09-21 00:00:03,487] {dag.py:2371} INFO - Sync 1 DAGs
[2022-09-21 00:00:03,531] {logging_mixin.py:115} INFO - [2022-09-21 00:00:03,531] {dag.py:2919} INFO - Setting next_dagrun for example_weekday_branch_operator to 2022-09-20T00:00:00+00:00, run_after=2022-09-21T00:00:00+00:00
[2022-09-21 00:00:03,566] {processor.py:161} INFO - Processing /home/airflow/.local/lib/python3.7/site-packages/airflow/example_dags/example_branch_day_of_week_operator.py took 0.154 seconds
[2022-09-21 00:00:33,742] {processor.py:153} INFO - Started process (PID=19760) to work on /home/airflow/.local/lib/python3.7/site-packages/airflow/example_dags/example_branch_day_of_week_operator.py
[2022-09-21 00:00:33,743] {processor.py:641} INFO - Processing file /home/airflow/.local/lib/python3.7/site-packages/airflow/example_dags/example_branch_day_of_week_operator.py for tasks to queue
[2022-09-21 00:00:33,743] {logging_mixin.py:115} INFO - [2022-09-21 00:00:33,743] {dagbag.py:507} INFO - Filling up the DagBag from /home/airflow/.local/lib/python3.7/site-packages/airflow/example_dags/example_branch_day_of_week_operator.py
[2022-09-21 00:00:33,752] {processor.py:651} INFO - DAG(s) dict_keys(['example_weekday_branch_operator']) retrieved from /home/airflow/.local/lib/python3.7/site-packages/airflow/example_dags/example_branch_day_of_week_operator.py
[2022-09-21 00:00:33,786] {logging_mixin.py:115} INFO - [2022-09-21 00:00:33,785] {dag.py:2371} INFO - Sync 1 DAGs
[2022-09-21 00:00:33,821] {logging_mixin.py:115} INFO - [2022-09-21 00:00:33,821] {dag.py:2919} INFO - Setting next_dagrun for example_weekday_branch_operator to 2022-09-20T00:00:00+00:00, run_after=2022-09-21T00:00:00+00:00
[2022-09-21 00:00:33,843] {processor.py:161} INFO - Processing /home/airflow/.local/lib/python3.7/site-packages/airflow/example_dags/example_branch_day_of_week_operator.py took 0.104 seconds
[2022-09-21 00:01:04,228] {processor.py:153} INFO - Started process (PID=19820) to work on /home/airflow/.local/lib/python3.7/site-packages/airflow/example_dags/example_branch_day_of_week_operator.py
[2022-09-21 00:01:04,228] {processor.py:641} INFO - Processing file /home/airflow/.local/lib/python3.7/site-packages/airflow/example_dags/example_branch_day_of_week_operator.py for tasks to queue
[2022-09-21 00:01:04,229] {logging_mixin.py:115} INFO - [2022-09-21 00:01:04,229] {dagbag.py:507} INFO - Filling up the DagBag from /home/airflow/.local/lib/python3.7/site-packages/airflow/example_dags/example_branch_day_of_week_operator.py
[2022-09-21 00:01:04,262] {processor.py:651} INFO - DAG(s) dict_keys(['example_weekday_branch_operator']) retrieved from /home/airflow/.local/lib/python3.7/site-packages/airflow/example_dags/example_branch_day_of_week_operator.py
[2022-09-21 00:01:04,348] {logging_mixin.py:115} INFO - [2022-09-21 00:01:04,348] {dag.py:2371} INFO - Sync 1 DAGs
[2022-09-21 00:01:04,428] {logging_mixin.py:115} INFO - [2022-09-21 00:01:04,427] {dag.py:2919} INFO - Setting next_dagrun for example_weekday_branch_operator to 2022-09-20T00:00:00+00:00, run_after=2022-09-21T00:00:00+00:00
[2022-09-21 00:01:04,459] {processor.py:161} INFO - Processing /home/airflow/.local/lib/python3.7/site-packages/airflow/example_dags/example_branch_day_of_week_operator.py took 0.242 seconds
[2022-09-21 00:01:36,370] {processor.py:153} INFO - Started process (PID=19874) to work on /home/airflow/.local/lib/python3.7/site-packages/airflow/example_dags/example_branch_day_of_week_operator.py
[2022-09-21 00:01:36,371] {processor.py:641} INFO - Processing file /home/airflow/.local/lib/python3.7/site-packages/airflow/example_dags/example_branch_day_of_week_operator.py for tasks to queue
[2022-09-21 00:01:36,372] {logging_mixin.py:115} INFO - [2022-09-21 00:01:36,372] {dagbag.py:507} INFO - Filling up the DagBag from /home/airflow/.local/lib/python3.7/site-packages/airflow/example_dags/example_branch_day_of_week_operator.py
[2022-09-21 00:01:36,386] {processor.py:651} INFO - DAG(s) dict_keys(['example_weekday_branch_operator']) retrieved from /home/airflow/.local/lib/python3.7/site-packages/airflow/example_dags/example_branch_day_of_week_operator.py
[2022-09-21 00:01:36,436] {logging_mixin.py:115} INFO - [2022-09-21 00:01:36,436] {dag.py:2371} INFO - Sync 1 DAGs
[2022-09-21 00:01:36,489] {logging_mixin.py:115} INFO - [2022-09-21 00:01:36,488] {dag.py:2919} INFO - Setting next_dagrun for example_weekday_branch_operator to 2022-09-20T00:00:00+00:00, run_after=2022-09-21T00:00:00+00:00
[2022-09-21 00:01:36,526] {processor.py:161} INFO - Processing /home/airflow/.local/lib/python3.7/site-packages/airflow/example_dags/example_branch_day_of_week_operator.py took 0.161 seconds
[2022-09-21 00:02:14,925] {processor.py:153} INFO - Started process (PID=19925) to work on /home/airflow/.local/lib/python3.7/site-packages/airflow/example_dags/example_branch_day_of_week_operator.py
[2022-09-21 00:02:15,194] {processor.py:641} INFO - Processing file /home/airflow/.local/lib/python3.7/site-packages/airflow/example_dags/example_branch_day_of_week_operator.py for tasks to queue
[2022-09-21 00:02:15,195] {logging_mixin.py:115} INFO - [2022-09-21 00:02:15,195] {dagbag.py:507} INFO - Filling up the DagBag from /home/airflow/.local/lib/python3.7/site-packages/airflow/example_dags/example_branch_day_of_week_operator.py
[2022-09-21 00:02:15,216] {processor.py:651} INFO - DAG(s) dict_keys(['example_weekday_branch_operator']) retrieved from /home/airflow/.local/lib/python3.7/site-packages/airflow/example_dags/example_branch_day_of_week_operator.py
[2022-09-21 00:02:15,294] {logging_mixin.py:115} INFO - [2022-09-21 00:02:15,294] {dag.py:2371} INFO - Sync 1 DAGs
[2022-09-21 00:02:15,333] {logging_mixin.py:115} INFO - [2022-09-21 00:02:15,333] {dag.py:2919} INFO - Setting next_dagrun for example_weekday_branch_operator to 2022-09-20T00:00:00+00:00, run_after=2022-09-21T00:00:00+00:00
[2022-09-21 00:02:15,859] {processor.py:161} INFO - Processing /home/airflow/.local/lib/python3.7/site-packages/airflow/example_dags/example_branch_day_of_week_operator.py took 0.963 seconds
[2022-09-21 00:03:02,652] {processor.py:153} INFO - Started process (PID=19987) to work on /home/airflow/.local/lib/python3.7/site-packages/airflow/example_dags/example_branch_day_of_week_operator.py
[2022-09-21 00:03:02,868] {processor.py:641} INFO - Processing file /home/airflow/.local/lib/python3.7/site-packages/airflow/example_dags/example_branch_day_of_week_operator.py for tasks to queue
[2022-09-21 00:03:02,869] {logging_mixin.py:115} INFO - [2022-09-21 00:03:02,868] {dagbag.py:507} INFO - Filling up the DagBag from /home/airflow/.local/lib/python3.7/site-packages/airflow/example_dags/example_branch_day_of_week_operator.py
[2022-09-21 00:03:02,883] {processor.py:651} INFO - DAG(s) dict_keys(['example_weekday_branch_operator']) retrieved from /home/airflow/.local/lib/python3.7/site-packages/airflow/example_dags/example_branch_day_of_week_operator.py
[2022-09-21 00:03:03,050] {logging_mixin.py:115} INFO - [2022-09-21 00:03:03,049] {dag.py:2371} INFO - Sync 1 DAGs
[2022-09-21 00:03:03,082] {logging_mixin.py:115} INFO - [2022-09-21 00:03:03,082] {dag.py:2919} INFO - Setting next_dagrun for example_weekday_branch_operator to 2022-09-20T00:00:00+00:00, run_after=2022-09-21T00:00:00+00:00
[2022-09-21 00:03:04,299] {processor.py:161} INFO - Processing /home/airflow/.local/lib/python3.7/site-packages/airflow/example_dags/example_branch_day_of_week_operator.py took 1.742 seconds
[2022-09-21 00:03:35,090] {processor.py:153} INFO - Started process (PID=20042) to work on /home/airflow/.local/lib/python3.7/site-packages/airflow/example_dags/example_branch_day_of_week_operator.py
[2022-09-21 00:03:35,164] {processor.py:641} INFO - Processing file /home/airflow/.local/lib/python3.7/site-packages/airflow/example_dags/example_branch_day_of_week_operator.py for tasks to queue
[2022-09-21 00:03:35,165] {logging_mixin.py:115} INFO - [2022-09-21 00:03:35,165] {dagbag.py:507} INFO - Filling up the DagBag from /home/airflow/.local/lib/python3.7/site-packages/airflow/example_dags/example_branch_day_of_week_operator.py
[2022-09-21 00:03:35,186] {processor.py:651} INFO - DAG(s) dict_keys(['example_weekday_branch_operator']) retrieved from /home/airflow/.local/lib/python3.7/site-packages/airflow/example_dags/example_branch_day_of_week_operator.py
[2022-09-21 00:03:35,227] {logging_mixin.py:115} INFO - [2022-09-21 00:03:35,227] {dag.py:2371} INFO - Sync 1 DAGs
[2022-09-21 00:03:35,267] {logging_mixin.py:115} INFO - [2022-09-21 00:03:35,267] {dag.py:2919} INFO - Setting next_dagrun for example_weekday_branch_operator to 2022-09-20T00:00:00+00:00, run_after=2022-09-21T00:00:00+00:00
[2022-09-21 00:03:35,319] {processor.py:161} INFO - Processing /home/airflow/.local/lib/python3.7/site-packages/airflow/example_dags/example_branch_day_of_week_operator.py took 0.244 seconds
[2022-09-21 00:04:05,862] {processor.py:153} INFO - Started process (PID=20093) to work on /home/airflow/.local/lib/python3.7/site-packages/airflow/example_dags/example_branch_day_of_week_operator.py
[2022-09-21 00:04:06,021] {processor.py:641} INFO - Processing file /home/airflow/.local/lib/python3.7/site-packages/airflow/example_dags/example_branch_day_of_week_operator.py for tasks to queue
[2022-09-21 00:04:06,022] {logging_mixin.py:115} INFO - [2022-09-21 00:04:06,021] {dagbag.py:507} INFO - Filling up the DagBag from /home/airflow/.local/lib/python3.7/site-packages/airflow/example_dags/example_branch_day_of_week_operator.py
[2022-09-21 00:04:06,034] {processor.py:651} INFO - DAG(s) dict_keys(['example_weekday_branch_operator']) retrieved from /home/airflow/.local/lib/python3.7/site-packages/airflow/example_dags/example_branch_day_of_week_operator.py
[2022-09-21 00:04:06,073] {logging_mixin.py:115} INFO - [2022-09-21 00:04:06,073] {dag.py:2371} INFO - Sync 1 DAGs
[2022-09-21 00:04:06,116] {logging_mixin.py:115} INFO - [2022-09-21 00:04:06,116] {dag.py:2919} INFO - Setting next_dagrun for example_weekday_branch_operator to 2022-09-20T00:00:00+00:00, run_after=2022-09-21T00:00:00+00:00
[2022-09-21 00:04:06,507] {processor.py:161} INFO - Processing /home/airflow/.local/lib/python3.7/site-packages/airflow/example_dags/example_branch_day_of_week_operator.py took 0.653 seconds
[2022-09-21 00:04:37,710] {processor.py:153} INFO - Started process (PID=20147) to work on /home/airflow/.local/lib/python3.7/site-packages/airflow/example_dags/example_branch_day_of_week_operator.py
[2022-09-21 00:04:37,764] {processor.py:641} INFO - Processing file /home/airflow/.local/lib/python3.7/site-packages/airflow/example_dags/example_branch_day_of_week_operator.py for tasks to queue
[2022-09-21 00:04:37,764] {logging_mixin.py:115} INFO - [2022-09-21 00:04:37,764] {dagbag.py:507} INFO - Filling up the DagBag from /home/airflow/.local/lib/python3.7/site-packages/airflow/example_dags/example_branch_day_of_week_operator.py
[2022-09-21 00:04:37,776] {processor.py:651} INFO - DAG(s) dict_keys(['example_weekday_branch_operator']) retrieved from /home/airflow/.local/lib/python3.7/site-packages/airflow/example_dags/example_branch_day_of_week_operator.py
[2022-09-21 00:04:37,813] {logging_mixin.py:115} INFO - [2022-09-21 00:04:37,813] {dag.py:2371} INFO - Sync 1 DAGs
[2022-09-21 00:04:37,842] {logging_mixin.py:115} INFO - [2022-09-21 00:04:37,841] {dag.py:2919} INFO - Setting next_dagrun for example_weekday_branch_operator to 2022-09-20T00:00:00+00:00, run_after=2022-09-21T00:00:00+00:00
[2022-09-21 00:04:38,015] {processor.py:161} INFO - Processing /home/airflow/.local/lib/python3.7/site-packages/airflow/example_dags/example_branch_day_of_week_operator.py took 0.311 seconds
[2022-09-21 00:05:08,490] {processor.py:153} INFO - Started process (PID=20199) to work on /home/airflow/.local/lib/python3.7/site-packages/airflow/example_dags/example_branch_day_of_week_operator.py
[2022-09-21 00:05:08,569] {processor.py:641} INFO - Processing file /home/airflow/.local/lib/python3.7/site-packages/airflow/example_dags/example_branch_day_of_week_operator.py for tasks to queue
[2022-09-21 00:05:08,570] {logging_mixin.py:115} INFO - [2022-09-21 00:05:08,570] {dagbag.py:507} INFO - Filling up the DagBag from /home/airflow/.local/lib/python3.7/site-packages/airflow/example_dags/example_branch_day_of_week_operator.py
[2022-09-21 00:05:08,583] {processor.py:651} INFO - DAG(s) dict_keys(['example_weekday_branch_operator']) retrieved from /home/airflow/.local/lib/python3.7/site-packages/airflow/example_dags/example_branch_day_of_week_operator.py
[2022-09-21 00:05:08,618] {logging_mixin.py:115} INFO - [2022-09-21 00:05:08,618] {dag.py:2371} INFO - Sync 1 DAGs
[2022-09-21 00:05:08,654] {logging_mixin.py:115} INFO - [2022-09-21 00:05:08,654] {dag.py:2919} INFO - Setting next_dagrun for example_weekday_branch_operator to 2022-09-20T00:00:00+00:00, run_after=2022-09-21T00:00:00+00:00
[2022-09-21 00:05:08,749] {processor.py:161} INFO - Processing /home/airflow/.local/lib/python3.7/site-packages/airflow/example_dags/example_branch_day_of_week_operator.py took 0.264 seconds
[2022-09-21 00:05:39,876] {processor.py:153} INFO - Started process (PID=20260) to work on /home/airflow/.local/lib/python3.7/site-packages/airflow/example_dags/example_branch_day_of_week_operator.py
[2022-09-21 00:05:39,876] {processor.py:641} INFO - Processing file /home/airflow/.local/lib/python3.7/site-packages/airflow/example_dags/example_branch_day_of_week_operator.py for tasks to queue
[2022-09-21 00:05:39,877] {logging_mixin.py:115} INFO - [2022-09-21 00:05:39,877] {dagbag.py:507} INFO - Filling up the DagBag from /home/airflow/.local/lib/python3.7/site-packages/airflow/example_dags/example_branch_day_of_week_operator.py
[2022-09-21 00:05:39,896] {processor.py:651} INFO - DAG(s) dict_keys(['example_weekday_branch_operator']) retrieved from /home/airflow/.local/lib/python3.7/site-packages/airflow/example_dags/example_branch_day_of_week_operator.py
[2022-09-21 00:05:39,951] {logging_mixin.py:115} INFO - [2022-09-21 00:05:39,951] {dag.py:2371} INFO - Sync 1 DAGs
[2022-09-21 00:05:40,022] {logging_mixin.py:115} INFO - [2022-09-21 00:05:40,022] {dag.py:2919} INFO - Setting next_dagrun for example_weekday_branch_operator to 2022-09-20T00:00:00+00:00, run_after=2022-09-21T00:00:00+00:00
[2022-09-21 00:05:40,556] {processor.py:161} INFO - Processing /home/airflow/.local/lib/python3.7/site-packages/airflow/example_dags/example_branch_day_of_week_operator.py took 0.693 seconds
[2022-09-21 00:06:11,324] {processor.py:153} INFO - Started process (PID=20313) to work on /home/airflow/.local/lib/python3.7/site-packages/airflow/example_dags/example_branch_day_of_week_operator.py
[2022-09-21 00:06:11,325] {processor.py:641} INFO - Processing file /home/airflow/.local/lib/python3.7/site-packages/airflow/example_dags/example_branch_day_of_week_operator.py for tasks to queue
[2022-09-21 00:06:11,327] {logging_mixin.py:115} INFO - [2022-09-21 00:06:11,326] {dagbag.py:507} INFO - Filling up the DagBag from /home/airflow/.local/lib/python3.7/site-packages/airflow/example_dags/example_branch_day_of_week_operator.py
[2022-09-21 00:06:11,353] {processor.py:651} INFO - DAG(s) dict_keys(['example_weekday_branch_operator']) retrieved from /home/airflow/.local/lib/python3.7/site-packages/airflow/example_dags/example_branch_day_of_week_operator.py
[2022-09-21 00:06:11,407] {logging_mixin.py:115} INFO - [2022-09-21 00:06:11,407] {dag.py:2371} INFO - Sync 1 DAGs
[2022-09-21 00:06:11,436] {logging_mixin.py:115} INFO - [2022-09-21 00:06:11,436] {dag.py:2919} INFO - Setting next_dagrun for example_weekday_branch_operator to 2022-09-20T00:00:00+00:00, run_after=2022-09-21T00:00:00+00:00
[2022-09-21 00:06:11,555] {processor.py:161} INFO - Processing /home/airflow/.local/lib/python3.7/site-packages/airflow/example_dags/example_branch_day_of_week_operator.py took 0.243 seconds
[2022-09-21 00:06:41,689] {processor.py:153} INFO - Started process (PID=20363) to work on /home/airflow/.local/lib/python3.7/site-packages/airflow/example_dags/example_branch_day_of_week_operator.py
[2022-09-21 00:06:41,689] {processor.py:641} INFO - Processing file /home/airflow/.local/lib/python3.7/site-packages/airflow/example_dags/example_branch_day_of_week_operator.py for tasks to queue
[2022-09-21 00:06:41,690] {logging_mixin.py:115} INFO - [2022-09-21 00:06:41,690] {dagbag.py:507} INFO - Filling up the DagBag from /home/airflow/.local/lib/python3.7/site-packages/airflow/example_dags/example_branch_day_of_week_operator.py
[2022-09-21 00:06:41,703] {processor.py:651} INFO - DAG(s) dict_keys(['example_weekday_branch_operator']) retrieved from /home/airflow/.local/lib/python3.7/site-packages/airflow/example_dags/example_branch_day_of_week_operator.py
[2022-09-21 00:06:41,735] {logging_mixin.py:115} INFO - [2022-09-21 00:06:41,735] {dag.py:2371} INFO - Sync 1 DAGs
[2022-09-21 00:06:41,768] {logging_mixin.py:115} INFO - [2022-09-21 00:06:41,768] {dag.py:2919} INFO - Setting next_dagrun for example_weekday_branch_operator to 2022-09-20T00:00:00+00:00, run_after=2022-09-21T00:00:00+00:00
[2022-09-21 00:06:41,798] {processor.py:161} INFO - Processing /home/airflow/.local/lib/python3.7/site-packages/airflow/example_dags/example_branch_day_of_week_operator.py took 0.112 seconds
[2022-09-21 00:07:12,049] {processor.py:153} INFO - Started process (PID=20426) to work on /home/airflow/.local/lib/python3.7/site-packages/airflow/example_dags/example_branch_day_of_week_operator.py
[2022-09-21 00:07:12,089] {processor.py:641} INFO - Processing file /home/airflow/.local/lib/python3.7/site-packages/airflow/example_dags/example_branch_day_of_week_operator.py for tasks to queue
[2022-09-21 00:07:12,089] {logging_mixin.py:115} INFO - [2022-09-21 00:07:12,089] {dagbag.py:507} INFO - Filling up the DagBag from /home/airflow/.local/lib/python3.7/site-packages/airflow/example_dags/example_branch_day_of_week_operator.py
[2022-09-21 00:07:12,098] {processor.py:651} INFO - DAG(s) dict_keys(['example_weekday_branch_operator']) retrieved from /home/airflow/.local/lib/python3.7/site-packages/airflow/example_dags/example_branch_day_of_week_operator.py
[2022-09-21 00:07:12,134] {logging_mixin.py:115} INFO - [2022-09-21 00:07:12,134] {dag.py:2371} INFO - Sync 1 DAGs
[2022-09-21 00:07:12,172] {logging_mixin.py:115} INFO - [2022-09-21 00:07:12,172] {dag.py:2919} INFO - Setting next_dagrun for example_weekday_branch_operator to 2022-09-20T00:00:00+00:00, run_after=2022-09-21T00:00:00+00:00
[2022-09-21 00:07:12,209] {processor.py:161} INFO - Processing /home/airflow/.local/lib/python3.7/site-packages/airflow/example_dags/example_branch_day_of_week_operator.py took 0.165 seconds
[2022-09-21 00:07:42,895] {processor.py:153} INFO - Started process (PID=20476) to work on /home/airflow/.local/lib/python3.7/site-packages/airflow/example_dags/example_branch_day_of_week_operator.py
[2022-09-21 00:07:42,896] {processor.py:641} INFO - Processing file /home/airflow/.local/lib/python3.7/site-packages/airflow/example_dags/example_branch_day_of_week_operator.py for tasks to queue
[2022-09-21 00:07:42,897] {logging_mixin.py:115} INFO - [2022-09-21 00:07:42,897] {dagbag.py:507} INFO - Filling up the DagBag from /home/airflow/.local/lib/python3.7/site-packages/airflow/example_dags/example_branch_day_of_week_operator.py
[2022-09-21 00:07:42,910] {processor.py:651} INFO - DAG(s) dict_keys(['example_weekday_branch_operator']) retrieved from /home/airflow/.local/lib/python3.7/site-packages/airflow/example_dags/example_branch_day_of_week_operator.py
[2022-09-21 00:07:42,991] {logging_mixin.py:115} INFO - [2022-09-21 00:07:42,991] {dag.py:2371} INFO - Sync 1 DAGs
[2022-09-21 00:07:43,037] {logging_mixin.py:115} INFO - [2022-09-21 00:07:43,037] {dag.py:2919} INFO - Setting next_dagrun for example_weekday_branch_operator to 2022-09-20T00:00:00+00:00, run_after=2022-09-21T00:00:00+00:00
[2022-09-21 00:07:43,148] {processor.py:161} INFO - Processing /home/airflow/.local/lib/python3.7/site-packages/airflow/example_dags/example_branch_day_of_week_operator.py took 0.258 seconds
[2022-09-21 00:08:13,341] {processor.py:153} INFO - Started process (PID=20537) to work on /home/airflow/.local/lib/python3.7/site-packages/airflow/example_dags/example_branch_day_of_week_operator.py
[2022-09-21 00:08:13,354] {processor.py:641} INFO - Processing file /home/airflow/.local/lib/python3.7/site-packages/airflow/example_dags/example_branch_day_of_week_operator.py for tasks to queue
[2022-09-21 00:08:13,355] {logging_mixin.py:115} INFO - [2022-09-21 00:08:13,355] {dagbag.py:507} INFO - Filling up the DagBag from /home/airflow/.local/lib/python3.7/site-packages/airflow/example_dags/example_branch_day_of_week_operator.py
[2022-09-21 00:08:13,366] {processor.py:651} INFO - DAG(s) dict_keys(['example_weekday_branch_operator']) retrieved from /home/airflow/.local/lib/python3.7/site-packages/airflow/example_dags/example_branch_day_of_week_operator.py
[2022-09-21 00:08:13,411] {logging_mixin.py:115} INFO - [2022-09-21 00:08:13,410] {dag.py:2371} INFO - Sync 1 DAGs
[2022-09-21 00:08:13,452] {logging_mixin.py:115} INFO - [2022-09-21 00:08:13,452] {dag.py:2919} INFO - Setting next_dagrun for example_weekday_branch_operator to 2022-09-20T00:00:00+00:00, run_after=2022-09-21T00:00:00+00:00
[2022-09-21 00:08:13,491] {processor.py:161} INFO - Processing /home/airflow/.local/lib/python3.7/site-packages/airflow/example_dags/example_branch_day_of_week_operator.py took 0.154 seconds
[2022-09-21 00:08:44,182] {processor.py:153} INFO - Started process (PID=20589) to work on /home/airflow/.local/lib/python3.7/site-packages/airflow/example_dags/example_branch_day_of_week_operator.py
[2022-09-21 00:08:44,182] {processor.py:641} INFO - Processing file /home/airflow/.local/lib/python3.7/site-packages/airflow/example_dags/example_branch_day_of_week_operator.py for tasks to queue
[2022-09-21 00:08:44,183] {logging_mixin.py:115} INFO - [2022-09-21 00:08:44,183] {dagbag.py:507} INFO - Filling up the DagBag from /home/airflow/.local/lib/python3.7/site-packages/airflow/example_dags/example_branch_day_of_week_operator.py
[2022-09-21 00:08:44,191] {processor.py:651} INFO - DAG(s) dict_keys(['example_weekday_branch_operator']) retrieved from /home/airflow/.local/lib/python3.7/site-packages/airflow/example_dags/example_branch_day_of_week_operator.py
[2022-09-21 00:08:44,227] {logging_mixin.py:115} INFO - [2022-09-21 00:08:44,227] {dag.py:2371} INFO - Sync 1 DAGs
[2022-09-21 00:08:44,261] {logging_mixin.py:115} INFO - [2022-09-21 00:08:44,261] {dag.py:2919} INFO - Setting next_dagrun for example_weekday_branch_operator to 2022-09-20T00:00:00+00:00, run_after=2022-09-21T00:00:00+00:00
[2022-09-21 00:08:44,292] {processor.py:161} INFO - Processing /home/airflow/.local/lib/python3.7/site-packages/airflow/example_dags/example_branch_day_of_week_operator.py took 0.114 seconds
[2022-09-21 00:09:14,521] {processor.py:153} INFO - Started process (PID=20649) to work on /home/airflow/.local/lib/python3.7/site-packages/airflow/example_dags/example_branch_day_of_week_operator.py
[2022-09-21 00:09:14,535] {processor.py:641} INFO - Processing file /home/airflow/.local/lib/python3.7/site-packages/airflow/example_dags/example_branch_day_of_week_operator.py for tasks to queue
[2022-09-21 00:09:14,535] {logging_mixin.py:115} INFO - [2022-09-21 00:09:14,535] {dagbag.py:507} INFO - Filling up the DagBag from /home/airflow/.local/lib/python3.7/site-packages/airflow/example_dags/example_branch_day_of_week_operator.py
[2022-09-21 00:09:14,548] {processor.py:651} INFO - DAG(s) dict_keys(['example_weekday_branch_operator']) retrieved from /home/airflow/.local/lib/python3.7/site-packages/airflow/example_dags/example_branch_day_of_week_operator.py
[2022-09-21 00:09:14,592] {logging_mixin.py:115} INFO - [2022-09-21 00:09:14,592] {dag.py:2371} INFO - Sync 1 DAGs
[2022-09-21 00:09:14,637] {logging_mixin.py:115} INFO - [2022-09-21 00:09:14,637] {dag.py:2919} INFO - Setting next_dagrun for example_weekday_branch_operator to 2022-09-20T00:00:00+00:00, run_after=2022-09-21T00:00:00+00:00
[2022-09-21 00:09:14,672] {processor.py:161} INFO - Processing /home/airflow/.local/lib/python3.7/site-packages/airflow/example_dags/example_branch_day_of_week_operator.py took 0.156 seconds
[2022-09-21 00:09:44,980] {processor.py:153} INFO - Started process (PID=20699) to work on /home/airflow/.local/lib/python3.7/site-packages/airflow/example_dags/example_branch_day_of_week_operator.py
[2022-09-21 00:09:44,980] {processor.py:641} INFO - Processing file /home/airflow/.local/lib/python3.7/site-packages/airflow/example_dags/example_branch_day_of_week_operator.py for tasks to queue
[2022-09-21 00:09:44,981] {logging_mixin.py:115} INFO - [2022-09-21 00:09:44,981] {dagbag.py:507} INFO - Filling up the DagBag from /home/airflow/.local/lib/python3.7/site-packages/airflow/example_dags/example_branch_day_of_week_operator.py
[2022-09-21 00:09:44,991] {processor.py:651} INFO - DAG(s) dict_keys(['example_weekday_branch_operator']) retrieved from /home/airflow/.local/lib/python3.7/site-packages/airflow/example_dags/example_branch_day_of_week_operator.py
[2022-09-21 00:09:45,022] {logging_mixin.py:115} INFO - [2022-09-21 00:09:45,022] {dag.py:2371} INFO - Sync 1 DAGs
[2022-09-21 00:09:45,056] {logging_mixin.py:115} INFO - [2022-09-21 00:09:45,056] {dag.py:2919} INFO - Setting next_dagrun for example_weekday_branch_operator to 2022-09-20T00:00:00+00:00, run_after=2022-09-21T00:00:00+00:00
[2022-09-21 00:09:45,094] {processor.py:161} INFO - Processing /home/airflow/.local/lib/python3.7/site-packages/airflow/example_dags/example_branch_day_of_week_operator.py took 0.118 seconds
[2022-09-21 00:10:16,176] {processor.py:153} INFO - Started process (PID=20758) to work on /home/airflow/.local/lib/python3.7/site-packages/airflow/example_dags/example_branch_day_of_week_operator.py
[2022-09-21 00:10:16,202] {processor.py:641} INFO - Processing file /home/airflow/.local/lib/python3.7/site-packages/airflow/example_dags/example_branch_day_of_week_operator.py for tasks to queue
[2022-09-21 00:10:16,203] {logging_mixin.py:115} INFO - [2022-09-21 00:10:16,203] {dagbag.py:507} INFO - Filling up the DagBag from /home/airflow/.local/lib/python3.7/site-packages/airflow/example_dags/example_branch_day_of_week_operator.py
[2022-09-21 00:10:16,213] {processor.py:651} INFO - DAG(s) dict_keys(['example_weekday_branch_operator']) retrieved from /home/airflow/.local/lib/python3.7/site-packages/airflow/example_dags/example_branch_day_of_week_operator.py
[2022-09-21 00:10:16,248] {logging_mixin.py:115} INFO - [2022-09-21 00:10:16,248] {dag.py:2371} INFO - Sync 1 DAGs
[2022-09-21 00:10:16,289] {logging_mixin.py:115} INFO - [2022-09-21 00:10:16,289] {dag.py:2919} INFO - Setting next_dagrun for example_weekday_branch_operator to 2022-09-20T00:00:00+00:00, run_after=2022-09-21T00:00:00+00:00
[2022-09-21 00:10:16,346] {processor.py:161} INFO - Processing /home/airflow/.local/lib/python3.7/site-packages/airflow/example_dags/example_branch_day_of_week_operator.py took 0.174 seconds
[2022-09-21 00:10:46,435] {processor.py:153} INFO - Started process (PID=20812) to work on /home/airflow/.local/lib/python3.7/site-packages/airflow/example_dags/example_branch_day_of_week_operator.py
[2022-09-21 00:10:46,436] {processor.py:641} INFO - Processing file /home/airflow/.local/lib/python3.7/site-packages/airflow/example_dags/example_branch_day_of_week_operator.py for tasks to queue
[2022-09-21 00:10:46,436] {logging_mixin.py:115} INFO - [2022-09-21 00:10:46,436] {dagbag.py:507} INFO - Filling up the DagBag from /home/airflow/.local/lib/python3.7/site-packages/airflow/example_dags/example_branch_day_of_week_operator.py
[2022-09-21 00:10:46,450] {processor.py:651} INFO - DAG(s) dict_keys(['example_weekday_branch_operator']) retrieved from /home/airflow/.local/lib/python3.7/site-packages/airflow/example_dags/example_branch_day_of_week_operator.py
[2022-09-21 00:10:46,504] {logging_mixin.py:115} INFO - [2022-09-21 00:10:46,504] {dag.py:2371} INFO - Sync 1 DAGs
[2022-09-21 00:10:46,555] {logging_mixin.py:115} INFO - [2022-09-21 00:10:46,555] {dag.py:2919} INFO - Setting next_dagrun for example_weekday_branch_operator to 2022-09-20T00:00:00+00:00, run_after=2022-09-21T00:00:00+00:00
[2022-09-21 00:10:46,584] {processor.py:161} INFO - Processing /home/airflow/.local/lib/python3.7/site-packages/airflow/example_dags/example_branch_day_of_week_operator.py took 0.154 seconds
[2022-09-21 00:11:17,469] {processor.py:153} INFO - Started process (PID=20864) to work on /home/airflow/.local/lib/python3.7/site-packages/airflow/example_dags/example_branch_day_of_week_operator.py
[2022-09-21 00:11:17,484] {processor.py:641} INFO - Processing file /home/airflow/.local/lib/python3.7/site-packages/airflow/example_dags/example_branch_day_of_week_operator.py for tasks to queue
[2022-09-21 00:11:17,485] {logging_mixin.py:115} INFO - [2022-09-21 00:11:17,485] {dagbag.py:507} INFO - Filling up the DagBag from /home/airflow/.local/lib/python3.7/site-packages/airflow/example_dags/example_branch_day_of_week_operator.py
[2022-09-21 00:11:17,499] {processor.py:651} INFO - DAG(s) dict_keys(['example_weekday_branch_operator']) retrieved from /home/airflow/.local/lib/python3.7/site-packages/airflow/example_dags/example_branch_day_of_week_operator.py
[2022-09-21 00:11:17,531] {logging_mixin.py:115} INFO - [2022-09-21 00:11:17,531] {dag.py:2371} INFO - Sync 1 DAGs
[2022-09-21 00:11:17,567] {logging_mixin.py:115} INFO - [2022-09-21 00:11:17,566] {dag.py:2919} INFO - Setting next_dagrun for example_weekday_branch_operator to 2022-09-20T00:00:00+00:00, run_after=2022-09-21T00:00:00+00:00
[2022-09-21 00:11:17,597] {processor.py:161} INFO - Processing /home/airflow/.local/lib/python3.7/site-packages/airflow/example_dags/example_branch_day_of_week_operator.py took 0.131 seconds
[2022-09-21 00:11:47,658] {processor.py:153} INFO - Started process (PID=20924) to work on /home/airflow/.local/lib/python3.7/site-packages/airflow/example_dags/example_branch_day_of_week_operator.py
[2022-09-21 00:11:47,659] {processor.py:641} INFO - Processing file /home/airflow/.local/lib/python3.7/site-packages/airflow/example_dags/example_branch_day_of_week_operator.py for tasks to queue
[2022-09-21 00:11:47,660] {logging_mixin.py:115} INFO - [2022-09-21 00:11:47,660] {dagbag.py:507} INFO - Filling up the DagBag from /home/airflow/.local/lib/python3.7/site-packages/airflow/example_dags/example_branch_day_of_week_operator.py
[2022-09-21 00:11:47,671] {processor.py:651} INFO - DAG(s) dict_keys(['example_weekday_branch_operator']) retrieved from /home/airflow/.local/lib/python3.7/site-packages/airflow/example_dags/example_branch_day_of_week_operator.py
[2022-09-21 00:11:47,712] {logging_mixin.py:115} INFO - [2022-09-21 00:11:47,712] {dag.py:2371} INFO - Sync 1 DAGs
[2022-09-21 00:11:47,753] {logging_mixin.py:115} INFO - [2022-09-21 00:11:47,753] {dag.py:2919} INFO - Setting next_dagrun for example_weekday_branch_operator to 2022-09-20T00:00:00+00:00, run_after=2022-09-21T00:00:00+00:00
[2022-09-21 00:11:47,781] {processor.py:161} INFO - Processing /home/airflow/.local/lib/python3.7/site-packages/airflow/example_dags/example_branch_day_of_week_operator.py took 0.130 seconds
[2022-09-21 00:12:17,882] {processor.py:153} INFO - Started process (PID=20978) to work on /home/airflow/.local/lib/python3.7/site-packages/airflow/example_dags/example_branch_day_of_week_operator.py
[2022-09-21 00:12:17,909] {processor.py:641} INFO - Processing file /home/airflow/.local/lib/python3.7/site-packages/airflow/example_dags/example_branch_day_of_week_operator.py for tasks to queue
[2022-09-21 00:12:17,910] {logging_mixin.py:115} INFO - [2022-09-21 00:12:17,910] {dagbag.py:507} INFO - Filling up the DagBag from /home/airflow/.local/lib/python3.7/site-packages/airflow/example_dags/example_branch_day_of_week_operator.py
[2022-09-21 00:12:17,945] {processor.py:651} INFO - DAG(s) dict_keys(['example_weekday_branch_operator']) retrieved from /home/airflow/.local/lib/python3.7/site-packages/airflow/example_dags/example_branch_day_of_week_operator.py
[2022-09-21 00:12:18,058] {logging_mixin.py:115} INFO - [2022-09-21 00:12:18,057] {dag.py:2371} INFO - Sync 1 DAGs
[2022-09-21 00:12:18,240] {logging_mixin.py:115} INFO - [2022-09-21 00:12:18,240] {dag.py:2919} INFO - Setting next_dagrun for example_weekday_branch_operator to 2022-09-20T00:00:00+00:00, run_after=2022-09-21T00:00:00+00:00
[2022-09-21 00:12:18,286] {processor.py:161} INFO - Processing /home/airflow/.local/lib/python3.7/site-packages/airflow/example_dags/example_branch_day_of_week_operator.py took 0.425 seconds
[2022-09-21 00:12:49,327] {processor.py:153} INFO - Started process (PID=21039) to work on /home/airflow/.local/lib/python3.7/site-packages/airflow/example_dags/example_branch_day_of_week_operator.py
[2022-09-21 00:12:49,328] {processor.py:641} INFO - Processing file /home/airflow/.local/lib/python3.7/site-packages/airflow/example_dags/example_branch_day_of_week_operator.py for tasks to queue
[2022-09-21 00:12:49,329] {logging_mixin.py:115} INFO - [2022-09-21 00:12:49,328] {dagbag.py:507} INFO - Filling up the DagBag from /home/airflow/.local/lib/python3.7/site-packages/airflow/example_dags/example_branch_day_of_week_operator.py
[2022-09-21 00:12:49,341] {processor.py:651} INFO - DAG(s) dict_keys(['example_weekday_branch_operator']) retrieved from /home/airflow/.local/lib/python3.7/site-packages/airflow/example_dags/example_branch_day_of_week_operator.py
[2022-09-21 00:12:49,382] {logging_mixin.py:115} INFO - [2022-09-21 00:12:49,382] {dag.py:2371} INFO - Sync 1 DAGs
[2022-09-21 00:12:49,431] {logging_mixin.py:115} INFO - [2022-09-21 00:12:49,431] {dag.py:2919} INFO - Setting next_dagrun for example_weekday_branch_operator to 2022-09-20T00:00:00+00:00, run_after=2022-09-21T00:00:00+00:00
[2022-09-21 00:12:49,476] {processor.py:161} INFO - Processing /home/airflow/.local/lib/python3.7/site-packages/airflow/example_dags/example_branch_day_of_week_operator.py took 0.153 seconds
[2022-09-21 00:13:19,879] {processor.py:153} INFO - Started process (PID=21092) to work on /home/airflow/.local/lib/python3.7/site-packages/airflow/example_dags/example_branch_day_of_week_operator.py
[2022-09-21 00:13:19,906] {processor.py:641} INFO - Processing file /home/airflow/.local/lib/python3.7/site-packages/airflow/example_dags/example_branch_day_of_week_operator.py for tasks to queue
[2022-09-21 00:13:19,906] {logging_mixin.py:115} INFO - [2022-09-21 00:13:19,906] {dagbag.py:507} INFO - Filling up the DagBag from /home/airflow/.local/lib/python3.7/site-packages/airflow/example_dags/example_branch_day_of_week_operator.py
[2022-09-21 00:13:19,921] {processor.py:651} INFO - DAG(s) dict_keys(['example_weekday_branch_operator']) retrieved from /home/airflow/.local/lib/python3.7/site-packages/airflow/example_dags/example_branch_day_of_week_operator.py
[2022-09-21 00:13:19,966] {logging_mixin.py:115} INFO - [2022-09-21 00:13:19,966] {dag.py:2371} INFO - Sync 1 DAGs
[2022-09-21 00:13:20,011] {logging_mixin.py:115} INFO - [2022-09-21 00:13:20,011] {dag.py:2919} INFO - Setting next_dagrun for example_weekday_branch_operator to 2022-09-20T00:00:00+00:00, run_after=2022-09-21T00:00:00+00:00
[2022-09-21 00:13:20,100] {processor.py:161} INFO - Processing /home/airflow/.local/lib/python3.7/site-packages/airflow/example_dags/example_branch_day_of_week_operator.py took 0.225 seconds
[2022-09-21 00:13:50,402] {processor.py:153} INFO - Started process (PID=21149) to work on /home/airflow/.local/lib/python3.7/site-packages/airflow/example_dags/example_branch_day_of_week_operator.py
[2022-09-21 00:13:50,403] {processor.py:641} INFO - Processing file /home/airflow/.local/lib/python3.7/site-packages/airflow/example_dags/example_branch_day_of_week_operator.py for tasks to queue
[2022-09-21 00:13:50,404] {logging_mixin.py:115} INFO - [2022-09-21 00:13:50,403] {dagbag.py:507} INFO - Filling up the DagBag from /home/airflow/.local/lib/python3.7/site-packages/airflow/example_dags/example_branch_day_of_week_operator.py
[2022-09-21 00:13:50,416] {processor.py:651} INFO - DAG(s) dict_keys(['example_weekday_branch_operator']) retrieved from /home/airflow/.local/lib/python3.7/site-packages/airflow/example_dags/example_branch_day_of_week_operator.py
[2022-09-21 00:13:50,579] {logging_mixin.py:115} INFO - [2022-09-21 00:13:50,578] {dag.py:2371} INFO - Sync 1 DAGs
[2022-09-21 00:13:50,766] {logging_mixin.py:115} INFO - [2022-09-21 00:13:50,766] {dag.py:2919} INFO - Setting next_dagrun for example_weekday_branch_operator to 2022-09-20T00:00:00+00:00, run_after=2022-09-21T00:00:00+00:00
[2022-09-21 00:13:50,918] {processor.py:161} INFO - Processing /home/airflow/.local/lib/python3.7/site-packages/airflow/example_dags/example_branch_day_of_week_operator.py took 0.521 seconds
[2022-09-21 00:14:21,516] {processor.py:153} INFO - Started process (PID=21203) to work on /home/airflow/.local/lib/python3.7/site-packages/airflow/example_dags/example_branch_day_of_week_operator.py
[2022-09-21 00:14:21,574] {processor.py:641} INFO - Processing file /home/airflow/.local/lib/python3.7/site-packages/airflow/example_dags/example_branch_day_of_week_operator.py for tasks to queue
[2022-09-21 00:14:21,575] {logging_mixin.py:115} INFO - [2022-09-21 00:14:21,575] {dagbag.py:507} INFO - Filling up the DagBag from /home/airflow/.local/lib/python3.7/site-packages/airflow/example_dags/example_branch_day_of_week_operator.py
[2022-09-21 00:14:21,590] {processor.py:651} INFO - DAG(s) dict_keys(['example_weekday_branch_operator']) retrieved from /home/airflow/.local/lib/python3.7/site-packages/airflow/example_dags/example_branch_day_of_week_operator.py
[2022-09-21 00:14:21,630] {logging_mixin.py:115} INFO - [2022-09-21 00:14:21,630] {dag.py:2371} INFO - Sync 1 DAGs
[2022-09-21 00:14:21,664] {logging_mixin.py:115} INFO - [2022-09-21 00:14:21,664] {dag.py:2919} INFO - Setting next_dagrun for example_weekday_branch_operator to 2022-09-20T00:00:00+00:00, run_after=2022-09-21T00:00:00+00:00
[2022-09-21 00:14:21,701] {processor.py:161} INFO - Processing /home/airflow/.local/lib/python3.7/site-packages/airflow/example_dags/example_branch_day_of_week_operator.py took 0.189 seconds
[2022-09-21 00:14:51,807] {processor.py:153} INFO - Started process (PID=21254) to work on /home/airflow/.local/lib/python3.7/site-packages/airflow/example_dags/example_branch_day_of_week_operator.py
[2022-09-21 00:14:51,807] {processor.py:641} INFO - Processing file /home/airflow/.local/lib/python3.7/site-packages/airflow/example_dags/example_branch_day_of_week_operator.py for tasks to queue
[2022-09-21 00:14:51,808] {logging_mixin.py:115} INFO - [2022-09-21 00:14:51,808] {dagbag.py:507} INFO - Filling up the DagBag from /home/airflow/.local/lib/python3.7/site-packages/airflow/example_dags/example_branch_day_of_week_operator.py
[2022-09-21 00:14:51,819] {processor.py:651} INFO - DAG(s) dict_keys(['example_weekday_branch_operator']) retrieved from /home/airflow/.local/lib/python3.7/site-packages/airflow/example_dags/example_branch_day_of_week_operator.py
[2022-09-21 00:14:51,860] {logging_mixin.py:115} INFO - [2022-09-21 00:14:51,860] {dag.py:2371} INFO - Sync 1 DAGs
[2022-09-21 00:14:51,899] {logging_mixin.py:115} INFO - [2022-09-21 00:14:51,899] {dag.py:2919} INFO - Setting next_dagrun for example_weekday_branch_operator to 2022-09-20T00:00:00+00:00, run_after=2022-09-21T00:00:00+00:00
[2022-09-21 00:14:51,939] {processor.py:161} INFO - Processing /home/airflow/.local/lib/python3.7/site-packages/airflow/example_dags/example_branch_day_of_week_operator.py took 0.137 seconds
[2022-09-21 00:15:22,241] {processor.py:153} INFO - Started process (PID=21312) to work on /home/airflow/.local/lib/python3.7/site-packages/airflow/example_dags/example_branch_day_of_week_operator.py
[2022-09-21 00:15:22,276] {processor.py:641} INFO - Processing file /home/airflow/.local/lib/python3.7/site-packages/airflow/example_dags/example_branch_day_of_week_operator.py for tasks to queue
[2022-09-21 00:15:22,277] {logging_mixin.py:115} INFO - [2022-09-21 00:15:22,277] {dagbag.py:507} INFO - Filling up the DagBag from /home/airflow/.local/lib/python3.7/site-packages/airflow/example_dags/example_branch_day_of_week_operator.py
[2022-09-21 00:15:22,291] {processor.py:651} INFO - DAG(s) dict_keys(['example_weekday_branch_operator']) retrieved from /home/airflow/.local/lib/python3.7/site-packages/airflow/example_dags/example_branch_day_of_week_operator.py
[2022-09-21 00:15:22,346] {logging_mixin.py:115} INFO - [2022-09-21 00:15:22,346] {dag.py:2371} INFO - Sync 1 DAGs
[2022-09-21 00:15:22,389] {logging_mixin.py:115} INFO - [2022-09-21 00:15:22,389] {dag.py:2919} INFO - Setting next_dagrun for example_weekday_branch_operator to 2022-09-20T00:00:00+00:00, run_after=2022-09-21T00:00:00+00:00
[2022-09-21 00:15:22,418] {processor.py:161} INFO - Processing /home/airflow/.local/lib/python3.7/site-packages/airflow/example_dags/example_branch_day_of_week_operator.py took 0.181 seconds
[2022-09-21 00:15:52,462] {processor.py:153} INFO - Started process (PID=21365) to work on /home/airflow/.local/lib/python3.7/site-packages/airflow/example_dags/example_branch_day_of_week_operator.py
[2022-09-21 00:15:52,463] {processor.py:641} INFO - Processing file /home/airflow/.local/lib/python3.7/site-packages/airflow/example_dags/example_branch_day_of_week_operator.py for tasks to queue
[2022-09-21 00:15:52,464] {logging_mixin.py:115} INFO - [2022-09-21 00:15:52,464] {dagbag.py:507} INFO - Filling up the DagBag from /home/airflow/.local/lib/python3.7/site-packages/airflow/example_dags/example_branch_day_of_week_operator.py
[2022-09-21 00:15:52,477] {processor.py:651} INFO - DAG(s) dict_keys(['example_weekday_branch_operator']) retrieved from /home/airflow/.local/lib/python3.7/site-packages/airflow/example_dags/example_branch_day_of_week_operator.py
[2022-09-21 00:15:52,523] {logging_mixin.py:115} INFO - [2022-09-21 00:15:52,522] {dag.py:2371} INFO - Sync 1 DAGs
[2022-09-21 00:15:52,567] {logging_mixin.py:115} INFO - [2022-09-21 00:15:52,567] {dag.py:2919} INFO - Setting next_dagrun for example_weekday_branch_operator to 2022-09-20T00:00:00+00:00, run_after=2022-09-21T00:00:00+00:00
[2022-09-21 00:15:52,659] {processor.py:161} INFO - Processing /home/airflow/.local/lib/python3.7/site-packages/airflow/example_dags/example_branch_day_of_week_operator.py took 0.202 seconds
[2022-09-21 00:16:22,777] {processor.py:153} INFO - Started process (PID=21418) to work on /home/airflow/.local/lib/python3.7/site-packages/airflow/example_dags/example_branch_day_of_week_operator.py
[2022-09-21 00:16:22,817] {processor.py:641} INFO - Processing file /home/airflow/.local/lib/python3.7/site-packages/airflow/example_dags/example_branch_day_of_week_operator.py for tasks to queue
[2022-09-21 00:16:22,818] {logging_mixin.py:115} INFO - [2022-09-21 00:16:22,818] {dagbag.py:507} INFO - Filling up the DagBag from /home/airflow/.local/lib/python3.7/site-packages/airflow/example_dags/example_branch_day_of_week_operator.py
[2022-09-21 00:16:22,830] {processor.py:651} INFO - DAG(s) dict_keys(['example_weekday_branch_operator']) retrieved from /home/airflow/.local/lib/python3.7/site-packages/airflow/example_dags/example_branch_day_of_week_operator.py
[2022-09-21 00:16:22,867] {logging_mixin.py:115} INFO - [2022-09-21 00:16:22,867] {dag.py:2371} INFO - Sync 1 DAGs
[2022-09-21 00:16:22,902] {logging_mixin.py:115} INFO - [2022-09-21 00:16:22,902] {dag.py:2919} INFO - Setting next_dagrun for example_weekday_branch_operator to 2022-09-20T00:00:00+00:00, run_after=2022-09-21T00:00:00+00:00
[2022-09-21 00:16:22,931] {processor.py:161} INFO - Processing /home/airflow/.local/lib/python3.7/site-packages/airflow/example_dags/example_branch_day_of_week_operator.py took 0.158 seconds
[2022-09-21 00:16:53,176] {processor.py:153} INFO - Started process (PID=21480) to work on /home/airflow/.local/lib/python3.7/site-packages/airflow/example_dags/example_branch_day_of_week_operator.py
[2022-09-21 00:16:53,330] {processor.py:641} INFO - Processing file /home/airflow/.local/lib/python3.7/site-packages/airflow/example_dags/example_branch_day_of_week_operator.py for tasks to queue
[2022-09-21 00:16:53,331] {logging_mixin.py:115} INFO - [2022-09-21 00:16:53,331] {dagbag.py:507} INFO - Filling up the DagBag from /home/airflow/.local/lib/python3.7/site-packages/airflow/example_dags/example_branch_day_of_week_operator.py
[2022-09-21 00:16:53,344] {processor.py:651} INFO - DAG(s) dict_keys(['example_weekday_branch_operator']) retrieved from /home/airflow/.local/lib/python3.7/site-packages/airflow/example_dags/example_branch_day_of_week_operator.py
[2022-09-21 00:16:53,385] {logging_mixin.py:115} INFO - [2022-09-21 00:16:53,385] {dag.py:2371} INFO - Sync 1 DAGs
[2022-09-21 00:16:53,446] {logging_mixin.py:115} INFO - [2022-09-21 00:16:53,446] {dag.py:2919} INFO - Setting next_dagrun for example_weekday_branch_operator to 2022-09-20T00:00:00+00:00, run_after=2022-09-21T00:00:00+00:00
[2022-09-21 00:16:53,831] {processor.py:161} INFO - Processing /home/airflow/.local/lib/python3.7/site-packages/airflow/example_dags/example_branch_day_of_week_operator.py took 0.661 seconds
[2022-09-21 00:17:24,930] {processor.py:153} INFO - Started process (PID=21533) to work on /home/airflow/.local/lib/python3.7/site-packages/airflow/example_dags/example_branch_day_of_week_operator.py
[2022-09-21 00:17:24,931] {processor.py:641} INFO - Processing file /home/airflow/.local/lib/python3.7/site-packages/airflow/example_dags/example_branch_day_of_week_operator.py for tasks to queue
[2022-09-21 00:17:24,931] {logging_mixin.py:115} INFO - [2022-09-21 00:17:24,931] {dagbag.py:507} INFO - Filling up the DagBag from /home/airflow/.local/lib/python3.7/site-packages/airflow/example_dags/example_branch_day_of_week_operator.py
[2022-09-21 00:17:24,940] {processor.py:651} INFO - DAG(s) dict_keys(['example_weekday_branch_operator']) retrieved from /home/airflow/.local/lib/python3.7/site-packages/airflow/example_dags/example_branch_day_of_week_operator.py
[2022-09-21 00:17:24,978] {logging_mixin.py:115} INFO - [2022-09-21 00:17:24,978] {dag.py:2371} INFO - Sync 1 DAGs
[2022-09-21 00:17:25,017] {logging_mixin.py:115} INFO - [2022-09-21 00:17:25,017] {dag.py:2919} INFO - Setting next_dagrun for example_weekday_branch_operator to 2022-09-20T00:00:00+00:00, run_after=2022-09-21T00:00:00+00:00
[2022-09-21 00:17:25,085] {processor.py:161} INFO - Processing /home/airflow/.local/lib/python3.7/site-packages/airflow/example_dags/example_branch_day_of_week_operator.py took 0.159 seconds
[2022-09-21 00:17:55,756] {processor.py:153} INFO - Started process (PID=21593) to work on /home/airflow/.local/lib/python3.7/site-packages/airflow/example_dags/example_branch_day_of_week_operator.py
[2022-09-21 00:17:55,825] {processor.py:641} INFO - Processing file /home/airflow/.local/lib/python3.7/site-packages/airflow/example_dags/example_branch_day_of_week_operator.py for tasks to queue
[2022-09-21 00:17:55,828] {logging_mixin.py:115} INFO - [2022-09-21 00:17:55,827] {dagbag.py:507} INFO - Filling up the DagBag from /home/airflow/.local/lib/python3.7/site-packages/airflow/example_dags/example_branch_day_of_week_operator.py
[2022-09-21 00:17:55,851] {processor.py:651} INFO - DAG(s) dict_keys(['example_weekday_branch_operator']) retrieved from /home/airflow/.local/lib/python3.7/site-packages/airflow/example_dags/example_branch_day_of_week_operator.py
[2022-09-21 00:17:55,883] {logging_mixin.py:115} INFO - [2022-09-21 00:17:55,882] {dag.py:2371} INFO - Sync 1 DAGs
[2022-09-21 00:17:55,929] {logging_mixin.py:115} INFO - [2022-09-21 00:17:55,928] {dag.py:2919} INFO - Setting next_dagrun for example_weekday_branch_operator to 2022-09-20T00:00:00+00:00, run_after=2022-09-21T00:00:00+00:00
[2022-09-21 00:17:55,970] {processor.py:161} INFO - Processing /home/airflow/.local/lib/python3.7/site-packages/airflow/example_dags/example_branch_day_of_week_operator.py took 0.218 seconds
[2022-09-21 00:18:26,469] {processor.py:153} INFO - Started process (PID=21647) to work on /home/airflow/.local/lib/python3.7/site-packages/airflow/example_dags/example_branch_day_of_week_operator.py
[2022-09-21 00:18:26,492] {processor.py:641} INFO - Processing file /home/airflow/.local/lib/python3.7/site-packages/airflow/example_dags/example_branch_day_of_week_operator.py for tasks to queue
[2022-09-21 00:18:26,493] {logging_mixin.py:115} INFO - [2022-09-21 00:18:26,492] {dagbag.py:507} INFO - Filling up the DagBag from /home/airflow/.local/lib/python3.7/site-packages/airflow/example_dags/example_branch_day_of_week_operator.py
[2022-09-21 00:18:26,501] {processor.py:651} INFO - DAG(s) dict_keys(['example_weekday_branch_operator']) retrieved from /home/airflow/.local/lib/python3.7/site-packages/airflow/example_dags/example_branch_day_of_week_operator.py
[2022-09-21 00:18:26,531] {logging_mixin.py:115} INFO - [2022-09-21 00:18:26,531] {dag.py:2371} INFO - Sync 1 DAGs
[2022-09-21 00:18:26,557] {logging_mixin.py:115} INFO - [2022-09-21 00:18:26,557] {dag.py:2919} INFO - Setting next_dagrun for example_weekday_branch_operator to 2022-09-20T00:00:00+00:00, run_after=2022-09-21T00:00:00+00:00
[2022-09-21 00:18:26,604] {processor.py:161} INFO - Processing /home/airflow/.local/lib/python3.7/site-packages/airflow/example_dags/example_branch_day_of_week_operator.py took 0.139 seconds
[2022-09-21 00:18:56,955] {processor.py:153} INFO - Started process (PID=21707) to work on /home/airflow/.local/lib/python3.7/site-packages/airflow/example_dags/example_branch_day_of_week_operator.py
[2022-09-21 00:18:56,957] {processor.py:641} INFO - Processing file /home/airflow/.local/lib/python3.7/site-packages/airflow/example_dags/example_branch_day_of_week_operator.py for tasks to queue
[2022-09-21 00:18:56,958] {logging_mixin.py:115} INFO - [2022-09-21 00:18:56,958] {dagbag.py:507} INFO - Filling up the DagBag from /home/airflow/.local/lib/python3.7/site-packages/airflow/example_dags/example_branch_day_of_week_operator.py
[2022-09-21 00:18:56,968] {processor.py:651} INFO - DAG(s) dict_keys(['example_weekday_branch_operator']) retrieved from /home/airflow/.local/lib/python3.7/site-packages/airflow/example_dags/example_branch_day_of_week_operator.py
[2022-09-21 00:18:57,006] {logging_mixin.py:115} INFO - [2022-09-21 00:18:57,006] {dag.py:2371} INFO - Sync 1 DAGs
[2022-09-21 00:18:57,052] {logging_mixin.py:115} INFO - [2022-09-21 00:18:57,052] {dag.py:2919} INFO - Setting next_dagrun for example_weekday_branch_operator to 2022-09-20T00:00:00+00:00, run_after=2022-09-21T00:00:00+00:00
[2022-09-21 00:18:57,077] {processor.py:161} INFO - Processing /home/airflow/.local/lib/python3.7/site-packages/airflow/example_dags/example_branch_day_of_week_operator.py took 0.127 seconds
[2022-09-21 00:19:28,035] {processor.py:153} INFO - Started process (PID=21758) to work on /home/airflow/.local/lib/python3.7/site-packages/airflow/example_dags/example_branch_day_of_week_operator.py
[2022-09-21 00:19:28,058] {processor.py:641} INFO - Processing file /home/airflow/.local/lib/python3.7/site-packages/airflow/example_dags/example_branch_day_of_week_operator.py for tasks to queue
[2022-09-21 00:19:28,058] {logging_mixin.py:115} INFO - [2022-09-21 00:19:28,058] {dagbag.py:507} INFO - Filling up the DagBag from /home/airflow/.local/lib/python3.7/site-packages/airflow/example_dags/example_branch_day_of_week_operator.py
[2022-09-21 00:19:28,069] {processor.py:651} INFO - DAG(s) dict_keys(['example_weekday_branch_operator']) retrieved from /home/airflow/.local/lib/python3.7/site-packages/airflow/example_dags/example_branch_day_of_week_operator.py
[2022-09-21 00:19:28,104] {logging_mixin.py:115} INFO - [2022-09-21 00:19:28,104] {dag.py:2371} INFO - Sync 1 DAGs
[2022-09-21 00:19:28,138] {logging_mixin.py:115} INFO - [2022-09-21 00:19:28,138] {dag.py:2919} INFO - Setting next_dagrun for example_weekday_branch_operator to 2022-09-20T00:00:00+00:00, run_after=2022-09-21T00:00:00+00:00
[2022-09-21 00:19:28,164] {processor.py:161} INFO - Processing /home/airflow/.local/lib/python3.7/site-packages/airflow/example_dags/example_branch_day_of_week_operator.py took 0.134 seconds
[2022-09-21 00:19:59,103] {processor.py:153} INFO - Started process (PID=21819) to work on /home/airflow/.local/lib/python3.7/site-packages/airflow/example_dags/example_branch_day_of_week_operator.py
[2022-09-21 00:19:59,126] {processor.py:641} INFO - Processing file /home/airflow/.local/lib/python3.7/site-packages/airflow/example_dags/example_branch_day_of_week_operator.py for tasks to queue
[2022-09-21 00:19:59,128] {logging_mixin.py:115} INFO - [2022-09-21 00:19:59,128] {dagbag.py:507} INFO - Filling up the DagBag from /home/airflow/.local/lib/python3.7/site-packages/airflow/example_dags/example_branch_day_of_week_operator.py
[2022-09-21 00:19:59,166] {processor.py:651} INFO - DAG(s) dict_keys(['example_weekday_branch_operator']) retrieved from /home/airflow/.local/lib/python3.7/site-packages/airflow/example_dags/example_branch_day_of_week_operator.py
[2022-09-21 00:19:59,226] {logging_mixin.py:115} INFO - [2022-09-21 00:19:59,226] {dag.py:2371} INFO - Sync 1 DAGs
[2022-09-21 00:19:59,258] {logging_mixin.py:115} INFO - [2022-09-21 00:19:59,258] {dag.py:2919} INFO - Setting next_dagrun for example_weekday_branch_operator to 2022-09-20T00:00:00+00:00, run_after=2022-09-21T00:00:00+00:00
[2022-09-21 00:19:59,303] {processor.py:161} INFO - Processing /home/airflow/.local/lib/python3.7/site-packages/airflow/example_dags/example_branch_day_of_week_operator.py took 0.204 seconds
[2022-09-21 00:20:29,605] {processor.py:153} INFO - Started process (PID=21871) to work on /home/airflow/.local/lib/python3.7/site-packages/airflow/example_dags/example_branch_day_of_week_operator.py
[2022-09-21 00:20:29,606] {processor.py:641} INFO - Processing file /home/airflow/.local/lib/python3.7/site-packages/airflow/example_dags/example_branch_day_of_week_operator.py for tasks to queue
[2022-09-21 00:20:29,607] {logging_mixin.py:115} INFO - [2022-09-21 00:20:29,606] {dagbag.py:507} INFO - Filling up the DagBag from /home/airflow/.local/lib/python3.7/site-packages/airflow/example_dags/example_branch_day_of_week_operator.py
[2022-09-21 00:20:29,619] {processor.py:651} INFO - DAG(s) dict_keys(['example_weekday_branch_operator']) retrieved from /home/airflow/.local/lib/python3.7/site-packages/airflow/example_dags/example_branch_day_of_week_operator.py
[2022-09-21 00:20:29,682] {logging_mixin.py:115} INFO - [2022-09-21 00:20:29,682] {dag.py:2371} INFO - Sync 1 DAGs
[2022-09-21 00:20:29,730] {logging_mixin.py:115} INFO - [2022-09-21 00:20:29,730] {dag.py:2919} INFO - Setting next_dagrun for example_weekday_branch_operator to 2022-09-20T00:00:00+00:00, run_after=2022-09-21T00:00:00+00:00
[2022-09-21 00:20:29,803] {processor.py:161} INFO - Processing /home/airflow/.local/lib/python3.7/site-packages/airflow/example_dags/example_branch_day_of_week_operator.py took 0.203 seconds
[2022-09-21 00:21:00,204] {processor.py:153} INFO - Started process (PID=21922) to work on /home/airflow/.local/lib/python3.7/site-packages/airflow/example_dags/example_branch_day_of_week_operator.py
[2022-09-21 00:21:00,230] {processor.py:641} INFO - Processing file /home/airflow/.local/lib/python3.7/site-packages/airflow/example_dags/example_branch_day_of_week_operator.py for tasks to queue
[2022-09-21 00:21:00,231] {logging_mixin.py:115} INFO - [2022-09-21 00:21:00,231] {dagbag.py:507} INFO - Filling up the DagBag from /home/airflow/.local/lib/python3.7/site-packages/airflow/example_dags/example_branch_day_of_week_operator.py
[2022-09-21 00:21:00,240] {processor.py:651} INFO - DAG(s) dict_keys(['example_weekday_branch_operator']) retrieved from /home/airflow/.local/lib/python3.7/site-packages/airflow/example_dags/example_branch_day_of_week_operator.py
[2022-09-21 00:21:00,277] {logging_mixin.py:115} INFO - [2022-09-21 00:21:00,277] {dag.py:2371} INFO - Sync 1 DAGs
[2022-09-21 00:21:00,311] {logging_mixin.py:115} INFO - [2022-09-21 00:21:00,310] {dag.py:2919} INFO - Setting next_dagrun for example_weekday_branch_operator to 2022-09-20T00:00:00+00:00, run_after=2022-09-21T00:00:00+00:00
[2022-09-21 00:21:00,348] {processor.py:161} INFO - Processing /home/airflow/.local/lib/python3.7/site-packages/airflow/example_dags/example_branch_day_of_week_operator.py took 0.148 seconds
[2022-09-21 00:21:30,864] {processor.py:153} INFO - Started process (PID=21983) to work on /home/airflow/.local/lib/python3.7/site-packages/airflow/example_dags/example_branch_day_of_week_operator.py
[2022-09-21 00:21:30,866] {processor.py:641} INFO - Processing file /home/airflow/.local/lib/python3.7/site-packages/airflow/example_dags/example_branch_day_of_week_operator.py for tasks to queue
[2022-09-21 00:21:30,868] {logging_mixin.py:115} INFO - [2022-09-21 00:21:30,868] {dagbag.py:507} INFO - Filling up the DagBag from /home/airflow/.local/lib/python3.7/site-packages/airflow/example_dags/example_branch_day_of_week_operator.py
[2022-09-21 00:21:30,881] {processor.py:651} INFO - DAG(s) dict_keys(['example_weekday_branch_operator']) retrieved from /home/airflow/.local/lib/python3.7/site-packages/airflow/example_dags/example_branch_day_of_week_operator.py
[2022-09-21 00:21:30,953] {logging_mixin.py:115} INFO - [2022-09-21 00:21:30,953] {dag.py:2371} INFO - Sync 1 DAGs
[2022-09-21 00:21:31,010] {logging_mixin.py:115} INFO - [2022-09-21 00:21:31,009] {dag.py:2919} INFO - Setting next_dagrun for example_weekday_branch_operator to 2022-09-20T00:00:00+00:00, run_after=2022-09-21T00:00:00+00:00
[2022-09-21 00:21:31,049] {processor.py:161} INFO - Processing /home/airflow/.local/lib/python3.7/site-packages/airflow/example_dags/example_branch_day_of_week_operator.py took 0.197 seconds
[2022-09-21 00:22:01,365] {processor.py:153} INFO - Started process (PID=22035) to work on /home/airflow/.local/lib/python3.7/site-packages/airflow/example_dags/example_branch_day_of_week_operator.py
[2022-09-21 00:22:01,365] {processor.py:641} INFO - Processing file /home/airflow/.local/lib/python3.7/site-packages/airflow/example_dags/example_branch_day_of_week_operator.py for tasks to queue
[2022-09-21 00:22:01,366] {logging_mixin.py:115} INFO - [2022-09-21 00:22:01,366] {dagbag.py:507} INFO - Filling up the DagBag from /home/airflow/.local/lib/python3.7/site-packages/airflow/example_dags/example_branch_day_of_week_operator.py
[2022-09-21 00:22:01,378] {processor.py:651} INFO - DAG(s) dict_keys(['example_weekday_branch_operator']) retrieved from /home/airflow/.local/lib/python3.7/site-packages/airflow/example_dags/example_branch_day_of_week_operator.py
[2022-09-21 00:22:01,412] {logging_mixin.py:115} INFO - [2022-09-21 00:22:01,412] {dag.py:2371} INFO - Sync 1 DAGs
[2022-09-21 00:22:01,444] {logging_mixin.py:115} INFO - [2022-09-21 00:22:01,444] {dag.py:2919} INFO - Setting next_dagrun for example_weekday_branch_operator to 2022-09-20T00:00:00+00:00, run_after=2022-09-21T00:00:00+00:00
[2022-09-21 00:22:01,462] {processor.py:161} INFO - Processing /home/airflow/.local/lib/python3.7/site-packages/airflow/example_dags/example_branch_day_of_week_operator.py took 0.101 seconds
[2022-09-21 00:22:31,706] {processor.py:153} INFO - Started process (PID=22094) to work on /home/airflow/.local/lib/python3.7/site-packages/airflow/example_dags/example_branch_day_of_week_operator.py
[2022-09-21 00:22:31,707] {processor.py:641} INFO - Processing file /home/airflow/.local/lib/python3.7/site-packages/airflow/example_dags/example_branch_day_of_week_operator.py for tasks to queue
[2022-09-21 00:22:31,708] {logging_mixin.py:115} INFO - [2022-09-21 00:22:31,708] {dagbag.py:507} INFO - Filling up the DagBag from /home/airflow/.local/lib/python3.7/site-packages/airflow/example_dags/example_branch_day_of_week_operator.py
[2022-09-21 00:22:31,720] {processor.py:651} INFO - DAG(s) dict_keys(['example_weekday_branch_operator']) retrieved from /home/airflow/.local/lib/python3.7/site-packages/airflow/example_dags/example_branch_day_of_week_operator.py
[2022-09-21 00:22:31,762] {logging_mixin.py:115} INFO - [2022-09-21 00:22:31,762] {dag.py:2371} INFO - Sync 1 DAGs
[2022-09-21 00:22:31,790] {logging_mixin.py:115} INFO - [2022-09-21 00:22:31,790] {dag.py:2919} INFO - Setting next_dagrun for example_weekday_branch_operator to 2022-09-20T00:00:00+00:00, run_after=2022-09-21T00:00:00+00:00
[2022-09-21 00:22:31,820] {processor.py:161} INFO - Processing /home/airflow/.local/lib/python3.7/site-packages/airflow/example_dags/example_branch_day_of_week_operator.py took 0.118 seconds
[2022-09-21 00:23:02,054] {processor.py:153} INFO - Started process (PID=22147) to work on /home/airflow/.local/lib/python3.7/site-packages/airflow/example_dags/example_branch_day_of_week_operator.py
[2022-09-21 00:23:02,084] {processor.py:641} INFO - Processing file /home/airflow/.local/lib/python3.7/site-packages/airflow/example_dags/example_branch_day_of_week_operator.py for tasks to queue
[2022-09-21 00:23:02,084] {logging_mixin.py:115} INFO - [2022-09-21 00:23:02,084] {dagbag.py:507} INFO - Filling up the DagBag from /home/airflow/.local/lib/python3.7/site-packages/airflow/example_dags/example_branch_day_of_week_operator.py
[2022-09-21 00:23:02,124] {processor.py:651} INFO - DAG(s) dict_keys(['example_weekday_branch_operator']) retrieved from /home/airflow/.local/lib/python3.7/site-packages/airflow/example_dags/example_branch_day_of_week_operator.py
[2022-09-21 00:23:02,192] {logging_mixin.py:115} INFO - [2022-09-21 00:23:02,191] {dag.py:2371} INFO - Sync 1 DAGs
[2022-09-21 00:23:02,265] {logging_mixin.py:115} INFO - [2022-09-21 00:23:02,265] {dag.py:2919} INFO - Setting next_dagrun for example_weekday_branch_operator to 2022-09-20T00:00:00+00:00, run_after=2022-09-21T00:00:00+00:00
[2022-09-21 00:23:02,313] {processor.py:161} INFO - Processing /home/airflow/.local/lib/python3.7/site-packages/airflow/example_dags/example_branch_day_of_week_operator.py took 0.271 seconds
[2022-09-21 00:23:32,390] {processor.py:153} INFO - Started process (PID=22198) to work on /home/airflow/.local/lib/python3.7/site-packages/airflow/example_dags/example_branch_day_of_week_operator.py
[2022-09-21 00:23:32,391] {processor.py:641} INFO - Processing file /home/airflow/.local/lib/python3.7/site-packages/airflow/example_dags/example_branch_day_of_week_operator.py for tasks to queue
[2022-09-21 00:23:32,391] {logging_mixin.py:115} INFO - [2022-09-21 00:23:32,391] {dagbag.py:507} INFO - Filling up the DagBag from /home/airflow/.local/lib/python3.7/site-packages/airflow/example_dags/example_branch_day_of_week_operator.py
[2022-09-21 00:23:32,403] {processor.py:651} INFO - DAG(s) dict_keys(['example_weekday_branch_operator']) retrieved from /home/airflow/.local/lib/python3.7/site-packages/airflow/example_dags/example_branch_day_of_week_operator.py
[2022-09-21 00:23:32,456] {logging_mixin.py:115} INFO - [2022-09-21 00:23:32,456] {dag.py:2371} INFO - Sync 1 DAGs
[2022-09-21 00:23:32,491] {logging_mixin.py:115} INFO - [2022-09-21 00:23:32,491] {dag.py:2919} INFO - Setting next_dagrun for example_weekday_branch_operator to 2022-09-20T00:00:00+00:00, run_after=2022-09-21T00:00:00+00:00
[2022-09-21 00:23:32,534] {processor.py:161} INFO - Processing /home/airflow/.local/lib/python3.7/site-packages/airflow/example_dags/example_branch_day_of_week_operator.py took 0.148 seconds
[2022-09-21 00:24:03,305] {processor.py:153} INFO - Started process (PID=22259) to work on /home/airflow/.local/lib/python3.7/site-packages/airflow/example_dags/example_branch_day_of_week_operator.py
[2022-09-21 00:24:03,363] {processor.py:641} INFO - Processing file /home/airflow/.local/lib/python3.7/site-packages/airflow/example_dags/example_branch_day_of_week_operator.py for tasks to queue
[2022-09-21 00:24:03,365] {logging_mixin.py:115} INFO - [2022-09-21 00:24:03,364] {dagbag.py:507} INFO - Filling up the DagBag from /home/airflow/.local/lib/python3.7/site-packages/airflow/example_dags/example_branch_day_of_week_operator.py
[2022-09-21 00:24:03,394] {processor.py:651} INFO - DAG(s) dict_keys(['example_weekday_branch_operator']) retrieved from /home/airflow/.local/lib/python3.7/site-packages/airflow/example_dags/example_branch_day_of_week_operator.py
[2022-09-21 00:24:03,442] {logging_mixin.py:115} INFO - [2022-09-21 00:24:03,442] {dag.py:2371} INFO - Sync 1 DAGs
[2022-09-21 00:24:03,477] {logging_mixin.py:115} INFO - [2022-09-21 00:24:03,477] {dag.py:2919} INFO - Setting next_dagrun for example_weekday_branch_operator to 2022-09-20T00:00:00+00:00, run_after=2022-09-21T00:00:00+00:00
[2022-09-21 00:24:03,567] {processor.py:161} INFO - Processing /home/airflow/.local/lib/python3.7/site-packages/airflow/example_dags/example_branch_day_of_week_operator.py took 0.268 seconds
[2022-09-21 00:24:34,144] {processor.py:153} INFO - Started process (PID=22310) to work on /home/airflow/.local/lib/python3.7/site-packages/airflow/example_dags/example_branch_day_of_week_operator.py
[2022-09-21 00:24:34,145] {processor.py:641} INFO - Processing file /home/airflow/.local/lib/python3.7/site-packages/airflow/example_dags/example_branch_day_of_week_operator.py for tasks to queue
[2022-09-21 00:24:34,146] {logging_mixin.py:115} INFO - [2022-09-21 00:24:34,145] {dagbag.py:507} INFO - Filling up the DagBag from /home/airflow/.local/lib/python3.7/site-packages/airflow/example_dags/example_branch_day_of_week_operator.py
[2022-09-21 00:24:34,156] {processor.py:651} INFO - DAG(s) dict_keys(['example_weekday_branch_operator']) retrieved from /home/airflow/.local/lib/python3.7/site-packages/airflow/example_dags/example_branch_day_of_week_operator.py
[2022-09-21 00:24:34,234] {logging_mixin.py:115} INFO - [2022-09-21 00:24:34,233] {dag.py:2371} INFO - Sync 1 DAGs
[2022-09-21 00:24:34,280] {logging_mixin.py:115} INFO - [2022-09-21 00:24:34,280] {dag.py:2919} INFO - Setting next_dagrun for example_weekday_branch_operator to 2022-09-20T00:00:00+00:00, run_after=2022-09-21T00:00:00+00:00
[2022-09-21 00:24:34,377] {processor.py:161} INFO - Processing /home/airflow/.local/lib/python3.7/site-packages/airflow/example_dags/example_branch_day_of_week_operator.py took 0.237 seconds
[2022-09-21 00:25:04,922] {processor.py:153} INFO - Started process (PID=22371) to work on /home/airflow/.local/lib/python3.7/site-packages/airflow/example_dags/example_branch_day_of_week_operator.py
[2022-09-21 00:25:04,938] {processor.py:641} INFO - Processing file /home/airflow/.local/lib/python3.7/site-packages/airflow/example_dags/example_branch_day_of_week_operator.py for tasks to queue
[2022-09-21 00:25:04,940] {logging_mixin.py:115} INFO - [2022-09-21 00:25:04,940] {dagbag.py:507} INFO - Filling up the DagBag from /home/airflow/.local/lib/python3.7/site-packages/airflow/example_dags/example_branch_day_of_week_operator.py
[2022-09-21 00:25:04,998] {processor.py:651} INFO - DAG(s) dict_keys(['example_weekday_branch_operator']) retrieved from /home/airflow/.local/lib/python3.7/site-packages/airflow/example_dags/example_branch_day_of_week_operator.py
[2022-09-21 00:25:05,050] {logging_mixin.py:115} INFO - [2022-09-21 00:25:05,050] {dag.py:2371} INFO - Sync 1 DAGs
[2022-09-21 00:25:05,080] {logging_mixin.py:115} INFO - [2022-09-21 00:25:05,080] {dag.py:2919} INFO - Setting next_dagrun for example_weekday_branch_operator to 2022-09-20T00:00:00+00:00, run_after=2022-09-21T00:00:00+00:00
[2022-09-21 00:25:05,111] {processor.py:161} INFO - Processing /home/airflow/.local/lib/python3.7/site-packages/airflow/example_dags/example_branch_day_of_week_operator.py took 0.193 seconds
[2022-09-21 00:25:35,285] {processor.py:153} INFO - Started process (PID=22424) to work on /home/airflow/.local/lib/python3.7/site-packages/airflow/example_dags/example_branch_day_of_week_operator.py
[2022-09-21 00:25:35,286] {processor.py:641} INFO - Processing file /home/airflow/.local/lib/python3.7/site-packages/airflow/example_dags/example_branch_day_of_week_operator.py for tasks to queue
[2022-09-21 00:25:35,287] {logging_mixin.py:115} INFO - [2022-09-21 00:25:35,286] {dagbag.py:507} INFO - Filling up the DagBag from /home/airflow/.local/lib/python3.7/site-packages/airflow/example_dags/example_branch_day_of_week_operator.py
[2022-09-21 00:25:35,305] {processor.py:651} INFO - DAG(s) dict_keys(['example_weekday_branch_operator']) retrieved from /home/airflow/.local/lib/python3.7/site-packages/airflow/example_dags/example_branch_day_of_week_operator.py
[2022-09-21 00:25:35,345] {logging_mixin.py:115} INFO - [2022-09-21 00:25:35,345] {dag.py:2371} INFO - Sync 1 DAGs
[2022-09-21 00:25:35,392] {logging_mixin.py:115} INFO - [2022-09-21 00:25:35,391] {dag.py:2919} INFO - Setting next_dagrun for example_weekday_branch_operator to 2022-09-20T00:00:00+00:00, run_after=2022-09-21T00:00:00+00:00
[2022-09-21 00:25:35,427] {processor.py:161} INFO - Processing /home/airflow/.local/lib/python3.7/site-packages/airflow/example_dags/example_branch_day_of_week_operator.py took 0.149 seconds
[2022-09-21 00:26:06,227] {processor.py:153} INFO - Started process (PID=22483) to work on /home/airflow/.local/lib/python3.7/site-packages/airflow/example_dags/example_branch_day_of_week_operator.py
[2022-09-21 00:26:06,240] {processor.py:641} INFO - Processing file /home/airflow/.local/lib/python3.7/site-packages/airflow/example_dags/example_branch_day_of_week_operator.py for tasks to queue
[2022-09-21 00:26:06,241] {logging_mixin.py:115} INFO - [2022-09-21 00:26:06,241] {dagbag.py:507} INFO - Filling up the DagBag from /home/airflow/.local/lib/python3.7/site-packages/airflow/example_dags/example_branch_day_of_week_operator.py
[2022-09-21 00:26:06,281] {processor.py:651} INFO - DAG(s) dict_keys(['example_weekday_branch_operator']) retrieved from /home/airflow/.local/lib/python3.7/site-packages/airflow/example_dags/example_branch_day_of_week_operator.py
[2022-09-21 00:26:06,364] {logging_mixin.py:115} INFO - [2022-09-21 00:26:06,364] {dag.py:2371} INFO - Sync 1 DAGs
[2022-09-21 00:26:06,424] {logging_mixin.py:115} INFO - [2022-09-21 00:26:06,424] {dag.py:2919} INFO - Setting next_dagrun for example_weekday_branch_operator to 2022-09-20T00:00:00+00:00, run_after=2022-09-21T00:00:00+00:00
[2022-09-21 00:26:06,567] {processor.py:161} INFO - Processing /home/airflow/.local/lib/python3.7/site-packages/airflow/example_dags/example_branch_day_of_week_operator.py took 0.345 seconds
[2022-09-21 00:26:36,714] {processor.py:153} INFO - Started process (PID=22535) to work on /home/airflow/.local/lib/python3.7/site-packages/airflow/example_dags/example_branch_day_of_week_operator.py
[2022-09-21 00:26:36,714] {processor.py:641} INFO - Processing file /home/airflow/.local/lib/python3.7/site-packages/airflow/example_dags/example_branch_day_of_week_operator.py for tasks to queue
[2022-09-21 00:26:36,715] {logging_mixin.py:115} INFO - [2022-09-21 00:26:36,715] {dagbag.py:507} INFO - Filling up the DagBag from /home/airflow/.local/lib/python3.7/site-packages/airflow/example_dags/example_branch_day_of_week_operator.py
[2022-09-21 00:26:36,727] {processor.py:651} INFO - DAG(s) dict_keys(['example_weekday_branch_operator']) retrieved from /home/airflow/.local/lib/python3.7/site-packages/airflow/example_dags/example_branch_day_of_week_operator.py
[2022-09-21 00:26:36,757] {logging_mixin.py:115} INFO - [2022-09-21 00:26:36,757] {dag.py:2371} INFO - Sync 1 DAGs
[2022-09-21 00:26:36,784] {logging_mixin.py:115} INFO - [2022-09-21 00:26:36,784] {dag.py:2919} INFO - Setting next_dagrun for example_weekday_branch_operator to 2022-09-20T00:00:00+00:00, run_after=2022-09-21T00:00:00+00:00
[2022-09-21 00:26:36,810] {processor.py:161} INFO - Processing /home/airflow/.local/lib/python3.7/site-packages/airflow/example_dags/example_branch_day_of_week_operator.py took 0.101 seconds
[2022-09-21 00:27:07,641] {processor.py:153} INFO - Started process (PID=22587) to work on /home/airflow/.local/lib/python3.7/site-packages/airflow/example_dags/example_branch_day_of_week_operator.py
[2022-09-21 00:27:07,657] {processor.py:641} INFO - Processing file /home/airflow/.local/lib/python3.7/site-packages/airflow/example_dags/example_branch_day_of_week_operator.py for tasks to queue
[2022-09-21 00:27:07,658] {logging_mixin.py:115} INFO - [2022-09-21 00:27:07,658] {dagbag.py:507} INFO - Filling up the DagBag from /home/airflow/.local/lib/python3.7/site-packages/airflow/example_dags/example_branch_day_of_week_operator.py
[2022-09-21 00:27:07,694] {processor.py:651} INFO - DAG(s) dict_keys(['example_weekday_branch_operator']) retrieved from /home/airflow/.local/lib/python3.7/site-packages/airflow/example_dags/example_branch_day_of_week_operator.py
[2022-09-21 00:27:07,762] {logging_mixin.py:115} INFO - [2022-09-21 00:27:07,762] {dag.py:2371} INFO - Sync 1 DAGs
[2022-09-21 00:27:07,810] {logging_mixin.py:115} INFO - [2022-09-21 00:27:07,809] {dag.py:2919} INFO - Setting next_dagrun for example_weekday_branch_operator to 2022-09-20T00:00:00+00:00, run_after=2022-09-21T00:00:00+00:00
[2022-09-21 00:27:08,095] {processor.py:161} INFO - Processing /home/airflow/.local/lib/python3.7/site-packages/airflow/example_dags/example_branch_day_of_week_operator.py took 0.460 seconds
[2022-09-21 00:27:38,188] {processor.py:153} INFO - Started process (PID=22648) to work on /home/airflow/.local/lib/python3.7/site-packages/airflow/example_dags/example_branch_day_of_week_operator.py
[2022-09-21 00:27:38,188] {processor.py:641} INFO - Processing file /home/airflow/.local/lib/python3.7/site-packages/airflow/example_dags/example_branch_day_of_week_operator.py for tasks to queue
[2022-09-21 00:27:38,190] {logging_mixin.py:115} INFO - [2022-09-21 00:27:38,190] {dagbag.py:507} INFO - Filling up the DagBag from /home/airflow/.local/lib/python3.7/site-packages/airflow/example_dags/example_branch_day_of_week_operator.py
[2022-09-21 00:27:38,204] {processor.py:651} INFO - DAG(s) dict_keys(['example_weekday_branch_operator']) retrieved from /home/airflow/.local/lib/python3.7/site-packages/airflow/example_dags/example_branch_day_of_week_operator.py
[2022-09-21 00:27:38,247] {logging_mixin.py:115} INFO - [2022-09-21 00:27:38,247] {dag.py:2371} INFO - Sync 1 DAGs
[2022-09-21 00:27:38,311] {logging_mixin.py:115} INFO - [2022-09-21 00:27:38,311] {dag.py:2919} INFO - Setting next_dagrun for example_weekday_branch_operator to 2022-09-20T00:00:00+00:00, run_after=2022-09-21T00:00:00+00:00
[2022-09-21 00:27:38,365] {processor.py:161} INFO - Processing /home/airflow/.local/lib/python3.7/site-packages/airflow/example_dags/example_branch_day_of_week_operator.py took 0.183 seconds
[2022-09-21 00:28:09,117] {processor.py:153} INFO - Started process (PID=22700) to work on /home/airflow/.local/lib/python3.7/site-packages/airflow/example_dags/example_branch_day_of_week_operator.py
[2022-09-21 00:28:09,118] {processor.py:641} INFO - Processing file /home/airflow/.local/lib/python3.7/site-packages/airflow/example_dags/example_branch_day_of_week_operator.py for tasks to queue
[2022-09-21 00:28:09,118] {logging_mixin.py:115} INFO - [2022-09-21 00:28:09,118] {dagbag.py:507} INFO - Filling up the DagBag from /home/airflow/.local/lib/python3.7/site-packages/airflow/example_dags/example_branch_day_of_week_operator.py
[2022-09-21 00:28:09,127] {processor.py:651} INFO - DAG(s) dict_keys(['example_weekday_branch_operator']) retrieved from /home/airflow/.local/lib/python3.7/site-packages/airflow/example_dags/example_branch_day_of_week_operator.py
[2022-09-21 00:28:09,162] {logging_mixin.py:115} INFO - [2022-09-21 00:28:09,161] {dag.py:2371} INFO - Sync 1 DAGs
[2022-09-21 00:28:09,197] {logging_mixin.py:115} INFO - [2022-09-21 00:28:09,197] {dag.py:2919} INFO - Setting next_dagrun for example_weekday_branch_operator to 2022-09-20T00:00:00+00:00, run_after=2022-09-21T00:00:00+00:00
[2022-09-21 00:28:09,252] {processor.py:161} INFO - Processing /home/airflow/.local/lib/python3.7/site-packages/airflow/example_dags/example_branch_day_of_week_operator.py took 0.139 seconds
[2022-09-21 00:28:39,734] {processor.py:153} INFO - Started process (PID=22762) to work on /home/airflow/.local/lib/python3.7/site-packages/airflow/example_dags/example_branch_day_of_week_operator.py
[2022-09-21 00:28:39,734] {processor.py:641} INFO - Processing file /home/airflow/.local/lib/python3.7/site-packages/airflow/example_dags/example_branch_day_of_week_operator.py for tasks to queue
[2022-09-21 00:28:39,735] {logging_mixin.py:115} INFO - [2022-09-21 00:28:39,735] {dagbag.py:507} INFO - Filling up the DagBag from /home/airflow/.local/lib/python3.7/site-packages/airflow/example_dags/example_branch_day_of_week_operator.py
[2022-09-21 00:28:39,748] {processor.py:651} INFO - DAG(s) dict_keys(['example_weekday_branch_operator']) retrieved from /home/airflow/.local/lib/python3.7/site-packages/airflow/example_dags/example_branch_day_of_week_operator.py
[2022-09-21 00:28:39,797] {logging_mixin.py:115} INFO - [2022-09-21 00:28:39,797] {dag.py:2371} INFO - Sync 1 DAGs
[2022-09-21 00:28:39,840] {logging_mixin.py:115} INFO - [2022-09-21 00:28:39,840] {dag.py:2919} INFO - Setting next_dagrun for example_weekday_branch_operator to 2022-09-20T00:00:00+00:00, run_after=2022-09-21T00:00:00+00:00
[2022-09-21 00:28:39,868] {processor.py:161} INFO - Processing /home/airflow/.local/lib/python3.7/site-packages/airflow/example_dags/example_branch_day_of_week_operator.py took 0.140 seconds
[2022-09-21 00:29:09,945] {processor.py:153} INFO - Started process (PID=22815) to work on /home/airflow/.local/lib/python3.7/site-packages/airflow/example_dags/example_branch_day_of_week_operator.py
[2022-09-21 00:29:09,954] {processor.py:641} INFO - Processing file /home/airflow/.local/lib/python3.7/site-packages/airflow/example_dags/example_branch_day_of_week_operator.py for tasks to queue
[2022-09-21 00:29:09,954] {logging_mixin.py:115} INFO - [2022-09-21 00:29:09,954] {dagbag.py:507} INFO - Filling up the DagBag from /home/airflow/.local/lib/python3.7/site-packages/airflow/example_dags/example_branch_day_of_week_operator.py
[2022-09-21 00:29:09,963] {processor.py:651} INFO - DAG(s) dict_keys(['example_weekday_branch_operator']) retrieved from /home/airflow/.local/lib/python3.7/site-packages/airflow/example_dags/example_branch_day_of_week_operator.py
[2022-09-21 00:29:10,000] {logging_mixin.py:115} INFO - [2022-09-21 00:29:10,000] {dag.py:2371} INFO - Sync 1 DAGs
[2022-09-21 00:29:10,030] {logging_mixin.py:115} INFO - [2022-09-21 00:29:10,029] {dag.py:2919} INFO - Setting next_dagrun for example_weekday_branch_operator to 2022-09-20T00:00:00+00:00, run_after=2022-09-21T00:00:00+00:00
[2022-09-21 00:29:10,047] {processor.py:161} INFO - Processing /home/airflow/.local/lib/python3.7/site-packages/airflow/example_dags/example_branch_day_of_week_operator.py took 0.105 seconds
[2022-09-21 00:29:40,134] {processor.py:153} INFO - Started process (PID=22876) to work on /home/airflow/.local/lib/python3.7/site-packages/airflow/example_dags/example_branch_day_of_week_operator.py
[2022-09-21 00:29:40,134] {processor.py:641} INFO - Processing file /home/airflow/.local/lib/python3.7/site-packages/airflow/example_dags/example_branch_day_of_week_operator.py for tasks to queue
[2022-09-21 00:29:40,135] {logging_mixin.py:115} INFO - [2022-09-21 00:29:40,135] {dagbag.py:507} INFO - Filling up the DagBag from /home/airflow/.local/lib/python3.7/site-packages/airflow/example_dags/example_branch_day_of_week_operator.py
[2022-09-21 00:29:40,146] {processor.py:651} INFO - DAG(s) dict_keys(['example_weekday_branch_operator']) retrieved from /home/airflow/.local/lib/python3.7/site-packages/airflow/example_dags/example_branch_day_of_week_operator.py
[2022-09-21 00:29:40,188] {logging_mixin.py:115} INFO - [2022-09-21 00:29:40,188] {dag.py:2371} INFO - Sync 1 DAGs
[2022-09-21 00:29:40,233] {logging_mixin.py:115} INFO - [2022-09-21 00:29:40,232] {dag.py:2919} INFO - Setting next_dagrun for example_weekday_branch_operator to 2022-09-20T00:00:00+00:00, run_after=2022-09-21T00:00:00+00:00
[2022-09-21 00:29:40,272] {processor.py:161} INFO - Processing /home/airflow/.local/lib/python3.7/site-packages/airflow/example_dags/example_branch_day_of_week_operator.py took 0.143 seconds
[2022-09-21 00:30:11,086] {processor.py:153} INFO - Started process (PID=22929) to work on /home/airflow/.local/lib/python3.7/site-packages/airflow/example_dags/example_branch_day_of_week_operator.py
[2022-09-21 00:30:11,103] {processor.py:641} INFO - Processing file /home/airflow/.local/lib/python3.7/site-packages/airflow/example_dags/example_branch_day_of_week_operator.py for tasks to queue
[2022-09-21 00:30:11,104] {logging_mixin.py:115} INFO - [2022-09-21 00:30:11,104] {dagbag.py:507} INFO - Filling up the DagBag from /home/airflow/.local/lib/python3.7/site-packages/airflow/example_dags/example_branch_day_of_week_operator.py
[2022-09-21 00:30:11,113] {processor.py:651} INFO - DAG(s) dict_keys(['example_weekday_branch_operator']) retrieved from /home/airflow/.local/lib/python3.7/site-packages/airflow/example_dags/example_branch_day_of_week_operator.py
[2022-09-21 00:30:11,150] {logging_mixin.py:115} INFO - [2022-09-21 00:30:11,150] {dag.py:2371} INFO - Sync 1 DAGs
[2022-09-21 00:30:11,194] {logging_mixin.py:115} INFO - [2022-09-21 00:30:11,194] {dag.py:2919} INFO - Setting next_dagrun for example_weekday_branch_operator to 2022-09-20T00:00:00+00:00, run_after=2022-09-21T00:00:00+00:00
[2022-09-21 00:30:11,233] {processor.py:161} INFO - Processing /home/airflow/.local/lib/python3.7/site-packages/airflow/example_dags/example_branch_day_of_week_operator.py took 0.152 seconds
[2022-09-21 00:30:41,918] {processor.py:153} INFO - Started process (PID=22991) to work on /home/airflow/.local/lib/python3.7/site-packages/airflow/example_dags/example_branch_day_of_week_operator.py
[2022-09-21 00:30:41,918] {processor.py:641} INFO - Processing file /home/airflow/.local/lib/python3.7/site-packages/airflow/example_dags/example_branch_day_of_week_operator.py for tasks to queue
[2022-09-21 00:30:41,919] {logging_mixin.py:115} INFO - [2022-09-21 00:30:41,919] {dagbag.py:507} INFO - Filling up the DagBag from /home/airflow/.local/lib/python3.7/site-packages/airflow/example_dags/example_branch_day_of_week_operator.py
[2022-09-21 00:30:41,928] {processor.py:651} INFO - DAG(s) dict_keys(['example_weekday_branch_operator']) retrieved from /home/airflow/.local/lib/python3.7/site-packages/airflow/example_dags/example_branch_day_of_week_operator.py
[2022-09-21 00:30:41,964] {logging_mixin.py:115} INFO - [2022-09-21 00:30:41,963] {dag.py:2371} INFO - Sync 1 DAGs
[2022-09-21 00:30:41,994] {logging_mixin.py:115} INFO - [2022-09-21 00:30:41,994] {dag.py:2919} INFO - Setting next_dagrun for example_weekday_branch_operator to 2022-09-20T00:00:00+00:00, run_after=2022-09-21T00:00:00+00:00
[2022-09-21 00:30:42,024] {processor.py:161} INFO - Processing /home/airflow/.local/lib/python3.7/site-packages/airflow/example_dags/example_branch_day_of_week_operator.py took 0.110 seconds
[2022-09-21 00:31:12,897] {processor.py:153} INFO - Started process (PID=23042) to work on /home/airflow/.local/lib/python3.7/site-packages/airflow/example_dags/example_branch_day_of_week_operator.py
[2022-09-21 00:31:12,897] {processor.py:641} INFO - Processing file /home/airflow/.local/lib/python3.7/site-packages/airflow/example_dags/example_branch_day_of_week_operator.py for tasks to queue
[2022-09-21 00:31:12,898] {logging_mixin.py:115} INFO - [2022-09-21 00:31:12,898] {dagbag.py:507} INFO - Filling up the DagBag from /home/airflow/.local/lib/python3.7/site-packages/airflow/example_dags/example_branch_day_of_week_operator.py
[2022-09-21 00:31:12,909] {processor.py:651} INFO - DAG(s) dict_keys(['example_weekday_branch_operator']) retrieved from /home/airflow/.local/lib/python3.7/site-packages/airflow/example_dags/example_branch_day_of_week_operator.py
[2022-09-21 00:31:12,951] {logging_mixin.py:115} INFO - [2022-09-21 00:31:12,950] {dag.py:2371} INFO - Sync 1 DAGs
[2022-09-21 00:31:12,994] {logging_mixin.py:115} INFO - [2022-09-21 00:31:12,994] {dag.py:2919} INFO - Setting next_dagrun for example_weekday_branch_operator to 2022-09-20T00:00:00+00:00, run_after=2022-09-21T00:00:00+00:00
[2022-09-21 00:31:13,038] {processor.py:161} INFO - Processing /home/airflow/.local/lib/python3.7/site-packages/airflow/example_dags/example_branch_day_of_week_operator.py took 0.146 seconds
[2022-09-21 00:31:43,291] {processor.py:153} INFO - Started process (PID=23100) to work on /home/airflow/.local/lib/python3.7/site-packages/airflow/example_dags/example_branch_day_of_week_operator.py
[2022-09-21 00:31:43,292] {processor.py:641} INFO - Processing file /home/airflow/.local/lib/python3.7/site-packages/airflow/example_dags/example_branch_day_of_week_operator.py for tasks to queue
[2022-09-21 00:31:43,292] {logging_mixin.py:115} INFO - [2022-09-21 00:31:43,292] {dagbag.py:507} INFO - Filling up the DagBag from /home/airflow/.local/lib/python3.7/site-packages/airflow/example_dags/example_branch_day_of_week_operator.py
[2022-09-21 00:31:43,304] {processor.py:651} INFO - DAG(s) dict_keys(['example_weekday_branch_operator']) retrieved from /home/airflow/.local/lib/python3.7/site-packages/airflow/example_dags/example_branch_day_of_week_operator.py
[2022-09-21 00:31:43,343] {logging_mixin.py:115} INFO - [2022-09-21 00:31:43,343] {dag.py:2371} INFO - Sync 1 DAGs
[2022-09-21 00:31:43,385] {logging_mixin.py:115} INFO - [2022-09-21 00:31:43,385] {dag.py:2919} INFO - Setting next_dagrun for example_weekday_branch_operator to 2022-09-20T00:00:00+00:00, run_after=2022-09-21T00:00:00+00:00
[2022-09-21 00:31:43,451] {processor.py:161} INFO - Processing /home/airflow/.local/lib/python3.7/site-packages/airflow/example_dags/example_branch_day_of_week_operator.py took 0.167 seconds
[2022-09-21 00:32:13,999] {processor.py:153} INFO - Started process (PID=23154) to work on /home/airflow/.local/lib/python3.7/site-packages/airflow/example_dags/example_branch_day_of_week_operator.py
[2022-09-21 00:32:13,999] {processor.py:641} INFO - Processing file /home/airflow/.local/lib/python3.7/site-packages/airflow/example_dags/example_branch_day_of_week_operator.py for tasks to queue
[2022-09-21 00:32:14,000] {logging_mixin.py:115} INFO - [2022-09-21 00:32:14,000] {dagbag.py:507} INFO - Filling up the DagBag from /home/airflow/.local/lib/python3.7/site-packages/airflow/example_dags/example_branch_day_of_week_operator.py
[2022-09-21 00:32:14,012] {processor.py:651} INFO - DAG(s) dict_keys(['example_weekday_branch_operator']) retrieved from /home/airflow/.local/lib/python3.7/site-packages/airflow/example_dags/example_branch_day_of_week_operator.py
[2022-09-21 00:32:14,041] {logging_mixin.py:115} INFO - [2022-09-21 00:32:14,041] {dag.py:2371} INFO - Sync 1 DAGs
[2022-09-21 00:32:14,069] {logging_mixin.py:115} INFO - [2022-09-21 00:32:14,069] {dag.py:2919} INFO - Setting next_dagrun for example_weekday_branch_operator to 2022-09-20T00:00:00+00:00, run_after=2022-09-21T00:00:00+00:00
[2022-09-21 00:32:14,087] {processor.py:161} INFO - Processing /home/airflow/.local/lib/python3.7/site-packages/airflow/example_dags/example_branch_day_of_week_operator.py took 0.092 seconds
[2022-09-21 00:32:44,829] {processor.py:153} INFO - Started process (PID=23215) to work on /home/airflow/.local/lib/python3.7/site-packages/airflow/example_dags/example_branch_day_of_week_operator.py
[2022-09-21 00:32:44,830] {processor.py:641} INFO - Processing file /home/airflow/.local/lib/python3.7/site-packages/airflow/example_dags/example_branch_day_of_week_operator.py for tasks to queue
[2022-09-21 00:32:44,831] {logging_mixin.py:115} INFO - [2022-09-21 00:32:44,831] {dagbag.py:507} INFO - Filling up the DagBag from /home/airflow/.local/lib/python3.7/site-packages/airflow/example_dags/example_branch_day_of_week_operator.py
[2022-09-21 00:32:44,842] {processor.py:651} INFO - DAG(s) dict_keys(['example_weekday_branch_operator']) retrieved from /home/airflow/.local/lib/python3.7/site-packages/airflow/example_dags/example_branch_day_of_week_operator.py
[2022-09-21 00:32:44,881] {logging_mixin.py:115} INFO - [2022-09-21 00:32:44,881] {dag.py:2371} INFO - Sync 1 DAGs
[2022-09-21 00:32:44,919] {logging_mixin.py:115} INFO - [2022-09-21 00:32:44,919] {dag.py:2919} INFO - Setting next_dagrun for example_weekday_branch_operator to 2022-09-20T00:00:00+00:00, run_after=2022-09-21T00:00:00+00:00
[2022-09-21 00:32:44,958] {processor.py:161} INFO - Processing /home/airflow/.local/lib/python3.7/site-packages/airflow/example_dags/example_branch_day_of_week_operator.py took 0.133 seconds
[2022-09-21 00:33:15,657] {processor.py:153} INFO - Started process (PID=23268) to work on /home/airflow/.local/lib/python3.7/site-packages/airflow/example_dags/example_branch_day_of_week_operator.py
[2022-09-21 00:33:15,658] {processor.py:641} INFO - Processing file /home/airflow/.local/lib/python3.7/site-packages/airflow/example_dags/example_branch_day_of_week_operator.py for tasks to queue
[2022-09-21 00:33:15,659] {logging_mixin.py:115} INFO - [2022-09-21 00:33:15,659] {dagbag.py:507} INFO - Filling up the DagBag from /home/airflow/.local/lib/python3.7/site-packages/airflow/example_dags/example_branch_day_of_week_operator.py
[2022-09-21 00:33:15,668] {processor.py:651} INFO - DAG(s) dict_keys(['example_weekday_branch_operator']) retrieved from /home/airflow/.local/lib/python3.7/site-packages/airflow/example_dags/example_branch_day_of_week_operator.py
[2022-09-21 00:33:15,704] {logging_mixin.py:115} INFO - [2022-09-21 00:33:15,704] {dag.py:2371} INFO - Sync 1 DAGs
[2022-09-21 00:33:15,739] {logging_mixin.py:115} INFO - [2022-09-21 00:33:15,739] {dag.py:2919} INFO - Setting next_dagrun for example_weekday_branch_operator to 2022-09-20T00:00:00+00:00, run_after=2022-09-21T00:00:00+00:00
[2022-09-21 00:33:15,760] {processor.py:161} INFO - Processing /home/airflow/.local/lib/python3.7/site-packages/airflow/example_dags/example_branch_day_of_week_operator.py took 0.107 seconds
[2022-09-21 00:33:46,372] {processor.py:153} INFO - Started process (PID=23328) to work on /home/airflow/.local/lib/python3.7/site-packages/airflow/example_dags/example_branch_day_of_week_operator.py
[2022-09-21 00:33:46,373] {processor.py:641} INFO - Processing file /home/airflow/.local/lib/python3.7/site-packages/airflow/example_dags/example_branch_day_of_week_operator.py for tasks to queue
[2022-09-21 00:33:46,373] {logging_mixin.py:115} INFO - [2022-09-21 00:33:46,373] {dagbag.py:507} INFO - Filling up the DagBag from /home/airflow/.local/lib/python3.7/site-packages/airflow/example_dags/example_branch_day_of_week_operator.py
[2022-09-21 00:33:46,381] {processor.py:651} INFO - DAG(s) dict_keys(['example_weekday_branch_operator']) retrieved from /home/airflow/.local/lib/python3.7/site-packages/airflow/example_dags/example_branch_day_of_week_operator.py
[2022-09-21 00:33:46,410] {logging_mixin.py:115} INFO - [2022-09-21 00:33:46,410] {dag.py:2371} INFO - Sync 1 DAGs
[2022-09-21 00:33:46,438] {logging_mixin.py:115} INFO - [2022-09-21 00:33:46,438] {dag.py:2919} INFO - Setting next_dagrun for example_weekday_branch_operator to 2022-09-20T00:00:00+00:00, run_after=2022-09-21T00:00:00+00:00
[2022-09-21 00:33:46,499] {processor.py:161} INFO - Processing /home/airflow/.local/lib/python3.7/site-packages/airflow/example_dags/example_branch_day_of_week_operator.py took 0.130 seconds
[2022-09-21 00:34:17,610] {processor.py:153} INFO - Started process (PID=23380) to work on /home/airflow/.local/lib/python3.7/site-packages/airflow/example_dags/example_branch_day_of_week_operator.py
[2022-09-21 00:34:17,627] {processor.py:641} INFO - Processing file /home/airflow/.local/lib/python3.7/site-packages/airflow/example_dags/example_branch_day_of_week_operator.py for tasks to queue
[2022-09-21 00:34:17,630] {logging_mixin.py:115} INFO - [2022-09-21 00:34:17,630] {dagbag.py:507} INFO - Filling up the DagBag from /home/airflow/.local/lib/python3.7/site-packages/airflow/example_dags/example_branch_day_of_week_operator.py
[2022-09-21 00:34:17,652] {processor.py:651} INFO - DAG(s) dict_keys(['example_weekday_branch_operator']) retrieved from /home/airflow/.local/lib/python3.7/site-packages/airflow/example_dags/example_branch_day_of_week_operator.py
[2022-09-21 00:34:17,688] {logging_mixin.py:115} INFO - [2022-09-21 00:34:17,688] {dag.py:2371} INFO - Sync 1 DAGs
[2022-09-21 00:34:17,724] {logging_mixin.py:115} INFO - [2022-09-21 00:34:17,723] {dag.py:2919} INFO - Setting next_dagrun for example_weekday_branch_operator to 2022-09-20T00:00:00+00:00, run_after=2022-09-21T00:00:00+00:00
[2022-09-21 00:34:17,752] {processor.py:161} INFO - Processing /home/airflow/.local/lib/python3.7/site-packages/airflow/example_dags/example_branch_day_of_week_operator.py took 0.158 seconds
[2022-09-21 00:34:48,108] {processor.py:153} INFO - Started process (PID=23439) to work on /home/airflow/.local/lib/python3.7/site-packages/airflow/example_dags/example_branch_day_of_week_operator.py
[2022-09-21 00:34:48,108] {processor.py:641} INFO - Processing file /home/airflow/.local/lib/python3.7/site-packages/airflow/example_dags/example_branch_day_of_week_operator.py for tasks to queue
[2022-09-21 00:34:48,109] {logging_mixin.py:115} INFO - [2022-09-21 00:34:48,109] {dagbag.py:507} INFO - Filling up the DagBag from /home/airflow/.local/lib/python3.7/site-packages/airflow/example_dags/example_branch_day_of_week_operator.py
[2022-09-21 00:34:48,117] {processor.py:651} INFO - DAG(s) dict_keys(['example_weekday_branch_operator']) retrieved from /home/airflow/.local/lib/python3.7/site-packages/airflow/example_dags/example_branch_day_of_week_operator.py
[2022-09-21 00:34:48,148] {logging_mixin.py:115} INFO - [2022-09-21 00:34:48,148] {dag.py:2371} INFO - Sync 1 DAGs
[2022-09-21 00:34:48,175] {logging_mixin.py:115} INFO - [2022-09-21 00:34:48,175] {dag.py:2919} INFO - Setting next_dagrun for example_weekday_branch_operator to 2022-09-20T00:00:00+00:00, run_after=2022-09-21T00:00:00+00:00
[2022-09-21 00:34:48,199] {processor.py:161} INFO - Processing /home/airflow/.local/lib/python3.7/site-packages/airflow/example_dags/example_branch_day_of_week_operator.py took 0.095 seconds
[2022-09-21 00:35:18,683] {processor.py:153} INFO - Started process (PID=23490) to work on /home/airflow/.local/lib/python3.7/site-packages/airflow/example_dags/example_branch_day_of_week_operator.py
[2022-09-21 00:35:18,684] {processor.py:641} INFO - Processing file /home/airflow/.local/lib/python3.7/site-packages/airflow/example_dags/example_branch_day_of_week_operator.py for tasks to queue
[2022-09-21 00:35:18,685] {logging_mixin.py:115} INFO - [2022-09-21 00:35:18,685] {dagbag.py:507} INFO - Filling up the DagBag from /home/airflow/.local/lib/python3.7/site-packages/airflow/example_dags/example_branch_day_of_week_operator.py
[2022-09-21 00:35:18,696] {processor.py:651} INFO - DAG(s) dict_keys(['example_weekday_branch_operator']) retrieved from /home/airflow/.local/lib/python3.7/site-packages/airflow/example_dags/example_branch_day_of_week_operator.py
[2022-09-21 00:35:18,728] {logging_mixin.py:115} INFO - [2022-09-21 00:35:18,728] {dag.py:2371} INFO - Sync 1 DAGs
[2022-09-21 00:35:18,766] {logging_mixin.py:115} INFO - [2022-09-21 00:35:18,766] {dag.py:2919} INFO - Setting next_dagrun for example_weekday_branch_operator to 2022-09-20T00:00:00+00:00, run_after=2022-09-21T00:00:00+00:00
[2022-09-21 00:35:18,828] {processor.py:161} INFO - Processing /home/airflow/.local/lib/python3.7/site-packages/airflow/example_dags/example_branch_day_of_week_operator.py took 0.149 seconds
[2022-09-21 00:35:48,916] {processor.py:153} INFO - Started process (PID=23549) to work on /home/airflow/.local/lib/python3.7/site-packages/airflow/example_dags/example_branch_day_of_week_operator.py
[2022-09-21 00:35:48,918] {processor.py:641} INFO - Processing file /home/airflow/.local/lib/python3.7/site-packages/airflow/example_dags/example_branch_day_of_week_operator.py for tasks to queue
[2022-09-21 00:35:48,919] {logging_mixin.py:115} INFO - [2022-09-21 00:35:48,919] {dagbag.py:507} INFO - Filling up the DagBag from /home/airflow/.local/lib/python3.7/site-packages/airflow/example_dags/example_branch_day_of_week_operator.py
[2022-09-21 00:35:48,937] {processor.py:651} INFO - DAG(s) dict_keys(['example_weekday_branch_operator']) retrieved from /home/airflow/.local/lib/python3.7/site-packages/airflow/example_dags/example_branch_day_of_week_operator.py
[2022-09-21 00:35:48,976] {logging_mixin.py:115} INFO - [2022-09-21 00:35:48,976] {dag.py:2371} INFO - Sync 1 DAGs
[2022-09-21 00:35:49,017] {logging_mixin.py:115} INFO - [2022-09-21 00:35:49,017] {dag.py:2919} INFO - Setting next_dagrun for example_weekday_branch_operator to 2022-09-20T00:00:00+00:00, run_after=2022-09-21T00:00:00+00:00
[2022-09-21 00:35:49,050] {processor.py:161} INFO - Processing /home/airflow/.local/lib/python3.7/site-packages/airflow/example_dags/example_branch_day_of_week_operator.py took 0.140 seconds
[2022-09-21 00:36:20,061] {processor.py:153} INFO - Started process (PID=23601) to work on /home/airflow/.local/lib/python3.7/site-packages/airflow/example_dags/example_branch_day_of_week_operator.py
[2022-09-21 00:36:20,231] {processor.py:641} INFO - Processing file /home/airflow/.local/lib/python3.7/site-packages/airflow/example_dags/example_branch_day_of_week_operator.py for tasks to queue
[2022-09-21 00:36:20,234] {logging_mixin.py:115} INFO - [2022-09-21 00:36:20,233] {dagbag.py:507} INFO - Filling up the DagBag from /home/airflow/.local/lib/python3.7/site-packages/airflow/example_dags/example_branch_day_of_week_operator.py
[2022-09-21 00:36:20,274] {processor.py:651} INFO - DAG(s) dict_keys(['example_weekday_branch_operator']) retrieved from /home/airflow/.local/lib/python3.7/site-packages/airflow/example_dags/example_branch_day_of_week_operator.py
[2022-09-21 00:36:20,322] {logging_mixin.py:115} INFO - [2022-09-21 00:36:20,322] {dag.py:2371} INFO - Sync 1 DAGs
[2022-09-21 00:36:20,359] {logging_mixin.py:115} INFO - [2022-09-21 00:36:20,359] {dag.py:2919} INFO - Setting next_dagrun for example_weekday_branch_operator to 2022-09-20T00:00:00+00:00, run_after=2022-09-21T00:00:00+00:00
[2022-09-21 00:36:20,493] {processor.py:161} INFO - Processing /home/airflow/.local/lib/python3.7/site-packages/airflow/example_dags/example_branch_day_of_week_operator.py took 0.438 seconds
