[2022-09-21 00:00:08,346] {processor.py:153} INFO - Started process (PID=19718) to work on /home/airflow/.local/lib/python3.7/site-packages/airflow/example_dags/example_branch_operator_decorator.py
[2022-09-21 00:00:08,346] {processor.py:641} INFO - Processing file /home/airflow/.local/lib/python3.7/site-packages/airflow/example_dags/example_branch_operator_decorator.py for tasks to queue
[2022-09-21 00:00:08,347] {logging_mixin.py:115} INFO - [2022-09-21 00:00:08,347] {dagbag.py:507} INFO - Filling up the DagBag from /home/airflow/.local/lib/python3.7/site-packages/airflow/example_dags/example_branch_operator_decorator.py
[2022-09-21 00:00:08,376] {processor.py:651} INFO - DAG(s) dict_keys(['example_branch_python_operator_decorator']) retrieved from /home/airflow/.local/lib/python3.7/site-packages/airflow/example_dags/example_branch_operator_decorator.py
[2022-09-21 00:00:08,409] {logging_mixin.py:115} INFO - [2022-09-21 00:00:08,409] {dag.py:2371} INFO - Sync 1 DAGs
[2022-09-21 00:00:08,437] {logging_mixin.py:115} INFO - [2022-09-21 00:00:08,437] {dag.py:2919} INFO - Setting next_dagrun for example_branch_python_operator_decorator to 2022-09-20T00:00:00+00:00, run_after=2022-09-21T00:00:00+00:00
[2022-09-21 00:00:08,559] {processor.py:161} INFO - Processing /home/airflow/.local/lib/python3.7/site-packages/airflow/example_dags/example_branch_operator_decorator.py took 0.217 seconds
[2022-09-21 00:00:38,943] {processor.py:153} INFO - Started process (PID=19779) to work on /home/airflow/.local/lib/python3.7/site-packages/airflow/example_dags/example_branch_operator_decorator.py
[2022-09-21 00:00:38,944] {processor.py:641} INFO - Processing file /home/airflow/.local/lib/python3.7/site-packages/airflow/example_dags/example_branch_operator_decorator.py for tasks to queue
[2022-09-21 00:00:38,945] {logging_mixin.py:115} INFO - [2022-09-21 00:00:38,945] {dagbag.py:507} INFO - Filling up the DagBag from /home/airflow/.local/lib/python3.7/site-packages/airflow/example_dags/example_branch_operator_decorator.py
[2022-09-21 00:00:38,983] {processor.py:651} INFO - DAG(s) dict_keys(['example_branch_python_operator_decorator']) retrieved from /home/airflow/.local/lib/python3.7/site-packages/airflow/example_dags/example_branch_operator_decorator.py
[2022-09-21 00:00:39,035] {logging_mixin.py:115} INFO - [2022-09-21 00:00:39,035] {dag.py:2371} INFO - Sync 1 DAGs
[2022-09-21 00:00:39,079] {logging_mixin.py:115} INFO - [2022-09-21 00:00:39,079] {dag.py:2919} INFO - Setting next_dagrun for example_branch_python_operator_decorator to 2022-09-20T00:00:00+00:00, run_after=2022-09-21T00:00:00+00:00
[2022-09-21 00:00:39,115] {processor.py:161} INFO - Processing /home/airflow/.local/lib/python3.7/site-packages/airflow/example_dags/example_branch_operator_decorator.py took 0.177 seconds
[2022-09-21 00:01:09,506] {processor.py:153} INFO - Started process (PID=19832) to work on /home/airflow/.local/lib/python3.7/site-packages/airflow/example_dags/example_branch_operator_decorator.py
[2022-09-21 00:01:09,506] {processor.py:641} INFO - Processing file /home/airflow/.local/lib/python3.7/site-packages/airflow/example_dags/example_branch_operator_decorator.py for tasks to queue
[2022-09-21 00:01:09,507] {logging_mixin.py:115} INFO - [2022-09-21 00:01:09,507] {dagbag.py:507} INFO - Filling up the DagBag from /home/airflow/.local/lib/python3.7/site-packages/airflow/example_dags/example_branch_operator_decorator.py
[2022-09-21 00:01:09,534] {processor.py:651} INFO - DAG(s) dict_keys(['example_branch_python_operator_decorator']) retrieved from /home/airflow/.local/lib/python3.7/site-packages/airflow/example_dags/example_branch_operator_decorator.py
[2022-09-21 00:01:09,581] {logging_mixin.py:115} INFO - [2022-09-21 00:01:09,581] {dag.py:2371} INFO - Sync 1 DAGs
[2022-09-21 00:01:09,618] {logging_mixin.py:115} INFO - [2022-09-21 00:01:09,618] {dag.py:2919} INFO - Setting next_dagrun for example_branch_python_operator_decorator to 2022-09-20T00:00:00+00:00, run_after=2022-09-21T00:00:00+00:00
[2022-09-21 00:01:09,657] {processor.py:161} INFO - Processing /home/airflow/.local/lib/python3.7/site-packages/airflow/example_dags/example_branch_operator_decorator.py took 0.157 seconds
[2022-09-21 00:01:40,385] {processor.py:153} INFO - Started process (PID=19883) to work on /home/airflow/.local/lib/python3.7/site-packages/airflow/example_dags/example_branch_operator_decorator.py
[2022-09-21 00:01:40,406] {processor.py:641} INFO - Processing file /home/airflow/.local/lib/python3.7/site-packages/airflow/example_dags/example_branch_operator_decorator.py for tasks to queue
[2022-09-21 00:01:40,407] {logging_mixin.py:115} INFO - [2022-09-21 00:01:40,407] {dagbag.py:507} INFO - Filling up the DagBag from /home/airflow/.local/lib/python3.7/site-packages/airflow/example_dags/example_branch_operator_decorator.py
[2022-09-21 00:01:40,449] {processor.py:651} INFO - DAG(s) dict_keys(['example_branch_python_operator_decorator']) retrieved from /home/airflow/.local/lib/python3.7/site-packages/airflow/example_dags/example_branch_operator_decorator.py
[2022-09-21 00:01:40,498] {logging_mixin.py:115} INFO - [2022-09-21 00:01:40,498] {dag.py:2371} INFO - Sync 1 DAGs
[2022-09-21 00:01:40,545] {logging_mixin.py:115} INFO - [2022-09-21 00:01:40,545] {dag.py:2919} INFO - Setting next_dagrun for example_branch_python_operator_decorator to 2022-09-20T00:00:00+00:00, run_after=2022-09-21T00:00:00+00:00
[2022-09-21 00:01:40,799] {processor.py:161} INFO - Processing /home/airflow/.local/lib/python3.7/site-packages/airflow/example_dags/example_branch_operator_decorator.py took 0.418 seconds
[2022-09-21 00:02:18,762] {processor.py:153} INFO - Started process (PID=19938) to work on /home/airflow/.local/lib/python3.7/site-packages/airflow/example_dags/example_branch_operator_decorator.py
[2022-09-21 00:02:18,780] {processor.py:641} INFO - Processing file /home/airflow/.local/lib/python3.7/site-packages/airflow/example_dags/example_branch_operator_decorator.py for tasks to queue
[2022-09-21 00:02:18,782] {logging_mixin.py:115} INFO - [2022-09-21 00:02:18,781] {dagbag.py:507} INFO - Filling up the DagBag from /home/airflow/.local/lib/python3.7/site-packages/airflow/example_dags/example_branch_operator_decorator.py
[2022-09-21 00:02:18,823] {processor.py:651} INFO - DAG(s) dict_keys(['example_branch_python_operator_decorator']) retrieved from /home/airflow/.local/lib/python3.7/site-packages/airflow/example_dags/example_branch_operator_decorator.py
[2022-09-21 00:02:18,862] {logging_mixin.py:115} INFO - [2022-09-21 00:02:18,862] {dag.py:2371} INFO - Sync 1 DAGs
[2022-09-21 00:02:18,898] {logging_mixin.py:115} INFO - [2022-09-21 00:02:18,898] {dag.py:2919} INFO - Setting next_dagrun for example_branch_python_operator_decorator to 2022-09-20T00:00:00+00:00, run_after=2022-09-21T00:00:00+00:00
[2022-09-21 00:02:18,928] {processor.py:161} INFO - Processing /home/airflow/.local/lib/python3.7/site-packages/airflow/example_dags/example_branch_operator_decorator.py took 0.172 seconds
[2022-09-21 00:03:09,792] {processor.py:153} INFO - Started process (PID=20003) to work on /home/airflow/.local/lib/python3.7/site-packages/airflow/example_dags/example_branch_operator_decorator.py
[2022-09-21 00:03:09,869] {processor.py:641} INFO - Processing file /home/airflow/.local/lib/python3.7/site-packages/airflow/example_dags/example_branch_operator_decorator.py for tasks to queue
[2022-09-21 00:03:09,870] {logging_mixin.py:115} INFO - [2022-09-21 00:03:09,870] {dagbag.py:507} INFO - Filling up the DagBag from /home/airflow/.local/lib/python3.7/site-packages/airflow/example_dags/example_branch_operator_decorator.py
[2022-09-21 00:03:09,904] {processor.py:651} INFO - DAG(s) dict_keys(['example_branch_python_operator_decorator']) retrieved from /home/airflow/.local/lib/python3.7/site-packages/airflow/example_dags/example_branch_operator_decorator.py
[2022-09-21 00:03:09,957] {logging_mixin.py:115} INFO - [2022-09-21 00:03:09,957] {dag.py:2371} INFO - Sync 1 DAGs
[2022-09-21 00:03:10,010] {logging_mixin.py:115} INFO - [2022-09-21 00:03:10,010] {dag.py:2919} INFO - Setting next_dagrun for example_branch_python_operator_decorator to 2022-09-20T00:00:00+00:00, run_after=2022-09-21T00:00:00+00:00
[2022-09-21 00:03:10,219] {processor.py:161} INFO - Processing /home/airflow/.local/lib/python3.7/site-packages/airflow/example_dags/example_branch_operator_decorator.py took 0.432 seconds
[2022-09-21 00:03:40,465] {processor.py:153} INFO - Started process (PID=20056) to work on /home/airflow/.local/lib/python3.7/site-packages/airflow/example_dags/example_branch_operator_decorator.py
[2022-09-21 00:03:40,466] {processor.py:641} INFO - Processing file /home/airflow/.local/lib/python3.7/site-packages/airflow/example_dags/example_branch_operator_decorator.py for tasks to queue
[2022-09-21 00:03:40,467] {logging_mixin.py:115} INFO - [2022-09-21 00:03:40,466] {dagbag.py:507} INFO - Filling up the DagBag from /home/airflow/.local/lib/python3.7/site-packages/airflow/example_dags/example_branch_operator_decorator.py
[2022-09-21 00:03:40,502] {processor.py:651} INFO - DAG(s) dict_keys(['example_branch_python_operator_decorator']) retrieved from /home/airflow/.local/lib/python3.7/site-packages/airflow/example_dags/example_branch_operator_decorator.py
[2022-09-21 00:03:40,539] {logging_mixin.py:115} INFO - [2022-09-21 00:03:40,539] {dag.py:2371} INFO - Sync 1 DAGs
[2022-09-21 00:03:40,583] {logging_mixin.py:115} INFO - [2022-09-21 00:03:40,583] {dag.py:2919} INFO - Setting next_dagrun for example_branch_python_operator_decorator to 2022-09-20T00:00:00+00:00, run_after=2022-09-21T00:00:00+00:00
[2022-09-21 00:03:40,676] {processor.py:161} INFO - Processing /home/airflow/.local/lib/python3.7/site-packages/airflow/example_dags/example_branch_operator_decorator.py took 0.215 seconds
[2022-09-21 00:04:13,898] {processor.py:153} INFO - Started process (PID=20117) to work on /home/airflow/.local/lib/python3.7/site-packages/airflow/example_dags/example_branch_operator_decorator.py
[2022-09-21 00:04:14,062] {processor.py:641} INFO - Processing file /home/airflow/.local/lib/python3.7/site-packages/airflow/example_dags/example_branch_operator_decorator.py for tasks to queue
[2022-09-21 00:04:14,063] {logging_mixin.py:115} INFO - [2022-09-21 00:04:14,063] {dagbag.py:507} INFO - Filling up the DagBag from /home/airflow/.local/lib/python3.7/site-packages/airflow/example_dags/example_branch_operator_decorator.py
[2022-09-21 00:04:14,094] {processor.py:651} INFO - DAG(s) dict_keys(['example_branch_python_operator_decorator']) retrieved from /home/airflow/.local/lib/python3.7/site-packages/airflow/example_dags/example_branch_operator_decorator.py
[2022-09-21 00:04:14,151] {logging_mixin.py:115} INFO - [2022-09-21 00:04:14,151] {dag.py:2371} INFO - Sync 1 DAGs
[2022-09-21 00:04:14,214] {logging_mixin.py:115} INFO - [2022-09-21 00:04:14,213] {dag.py:2919} INFO - Setting next_dagrun for example_branch_python_operator_decorator to 2022-09-20T00:00:00+00:00, run_after=2022-09-21T00:00:00+00:00
[2022-09-21 00:04:14,592] {processor.py:161} INFO - Processing /home/airflow/.local/lib/python3.7/site-packages/airflow/example_dags/example_branch_operator_decorator.py took 0.701 seconds
[2022-09-21 00:04:45,171] {processor.py:153} INFO - Started process (PID=20169) to work on /home/airflow/.local/lib/python3.7/site-packages/airflow/example_dags/example_branch_operator_decorator.py
[2022-09-21 00:04:45,431] {processor.py:641} INFO - Processing file /home/airflow/.local/lib/python3.7/site-packages/airflow/example_dags/example_branch_operator_decorator.py for tasks to queue
[2022-09-21 00:04:45,433] {logging_mixin.py:115} INFO - [2022-09-21 00:04:45,433] {dagbag.py:507} INFO - Filling up the DagBag from /home/airflow/.local/lib/python3.7/site-packages/airflow/example_dags/example_branch_operator_decorator.py
[2022-09-21 00:04:45,511] {processor.py:651} INFO - DAG(s) dict_keys(['example_branch_python_operator_decorator']) retrieved from /home/airflow/.local/lib/python3.7/site-packages/airflow/example_dags/example_branch_operator_decorator.py
[2022-09-21 00:04:45,554] {logging_mixin.py:115} INFO - [2022-09-21 00:04:45,554] {dag.py:2371} INFO - Sync 1 DAGs
[2022-09-21 00:04:45,598] {logging_mixin.py:115} INFO - [2022-09-21 00:04:45,597] {dag.py:2919} INFO - Setting next_dagrun for example_branch_python_operator_decorator to 2022-09-20T00:00:00+00:00, run_after=2022-09-21T00:00:00+00:00
[2022-09-21 00:04:45,828] {processor.py:161} INFO - Processing /home/airflow/.local/lib/python3.7/site-packages/airflow/example_dags/example_branch_operator_decorator.py took 0.672 seconds
[2022-09-21 00:05:16,655] {processor.py:153} INFO - Started process (PID=20221) to work on /home/airflow/.local/lib/python3.7/site-packages/airflow/example_dags/example_branch_operator_decorator.py
[2022-09-21 00:05:16,656] {processor.py:641} INFO - Processing file /home/airflow/.local/lib/python3.7/site-packages/airflow/example_dags/example_branch_operator_decorator.py for tasks to queue
[2022-09-21 00:05:16,657] {logging_mixin.py:115} INFO - [2022-09-21 00:05:16,657] {dagbag.py:507} INFO - Filling up the DagBag from /home/airflow/.local/lib/python3.7/site-packages/airflow/example_dags/example_branch_operator_decorator.py
[2022-09-21 00:05:16,690] {processor.py:651} INFO - DAG(s) dict_keys(['example_branch_python_operator_decorator']) retrieved from /home/airflow/.local/lib/python3.7/site-packages/airflow/example_dags/example_branch_operator_decorator.py
[2022-09-21 00:05:16,735] {logging_mixin.py:115} INFO - [2022-09-21 00:05:16,735] {dag.py:2371} INFO - Sync 1 DAGs
[2022-09-21 00:05:16,780] {logging_mixin.py:115} INFO - [2022-09-21 00:05:16,780] {dag.py:2919} INFO - Setting next_dagrun for example_branch_python_operator_decorator to 2022-09-20T00:00:00+00:00, run_after=2022-09-21T00:00:00+00:00
[2022-09-21 00:05:16,863] {processor.py:161} INFO - Processing /home/airflow/.local/lib/python3.7/site-packages/airflow/example_dags/example_branch_operator_decorator.py took 0.215 seconds
[2022-09-21 00:05:47,449] {processor.py:153} INFO - Started process (PID=20273) to work on /home/airflow/.local/lib/python3.7/site-packages/airflow/example_dags/example_branch_operator_decorator.py
[2022-09-21 00:05:47,571] {processor.py:641} INFO - Processing file /home/airflow/.local/lib/python3.7/site-packages/airflow/example_dags/example_branch_operator_decorator.py for tasks to queue
[2022-09-21 00:05:47,572] {logging_mixin.py:115} INFO - [2022-09-21 00:05:47,572] {dagbag.py:507} INFO - Filling up the DagBag from /home/airflow/.local/lib/python3.7/site-packages/airflow/example_dags/example_branch_operator_decorator.py
[2022-09-21 00:05:47,618] {processor.py:651} INFO - DAG(s) dict_keys(['example_branch_python_operator_decorator']) retrieved from /home/airflow/.local/lib/python3.7/site-packages/airflow/example_dags/example_branch_operator_decorator.py
[2022-09-21 00:05:47,724] {logging_mixin.py:115} INFO - [2022-09-21 00:05:47,724] {dag.py:2371} INFO - Sync 1 DAGs
[2022-09-21 00:05:47,791] {logging_mixin.py:115} INFO - [2022-09-21 00:05:47,791] {dag.py:2919} INFO - Setting next_dagrun for example_branch_python_operator_decorator to 2022-09-20T00:00:00+00:00, run_after=2022-09-21T00:00:00+00:00
[2022-09-21 00:05:48,124] {processor.py:161} INFO - Processing /home/airflow/.local/lib/python3.7/site-packages/airflow/example_dags/example_branch_operator_decorator.py took 0.684 seconds
[2022-09-21 00:06:18,777] {processor.py:153} INFO - Started process (PID=20325) to work on /home/airflow/.local/lib/python3.7/site-packages/airflow/example_dags/example_branch_operator_decorator.py
[2022-09-21 00:06:18,778] {processor.py:641} INFO - Processing file /home/airflow/.local/lib/python3.7/site-packages/airflow/example_dags/example_branch_operator_decorator.py for tasks to queue
[2022-09-21 00:06:18,778] {logging_mixin.py:115} INFO - [2022-09-21 00:06:18,778] {dagbag.py:507} INFO - Filling up the DagBag from /home/airflow/.local/lib/python3.7/site-packages/airflow/example_dags/example_branch_operator_decorator.py
[2022-09-21 00:06:18,827] {processor.py:651} INFO - DAG(s) dict_keys(['example_branch_python_operator_decorator']) retrieved from /home/airflow/.local/lib/python3.7/site-packages/airflow/example_dags/example_branch_operator_decorator.py
[2022-09-21 00:06:18,878] {logging_mixin.py:115} INFO - [2022-09-21 00:06:18,878] {dag.py:2371} INFO - Sync 1 DAGs
[2022-09-21 00:06:18,923] {logging_mixin.py:115} INFO - [2022-09-21 00:06:18,923] {dag.py:2919} INFO - Setting next_dagrun for example_branch_python_operator_decorator to 2022-09-20T00:00:00+00:00, run_after=2022-09-21T00:00:00+00:00
[2022-09-21 00:06:19,156] {processor.py:161} INFO - Processing /home/airflow/.local/lib/python3.7/site-packages/airflow/example_dags/example_branch_operator_decorator.py took 0.384 seconds
[2022-09-21 00:06:49,252] {processor.py:153} INFO - Started process (PID=20384) to work on /home/airflow/.local/lib/python3.7/site-packages/airflow/example_dags/example_branch_operator_decorator.py
[2022-09-21 00:06:49,280] {processor.py:641} INFO - Processing file /home/airflow/.local/lib/python3.7/site-packages/airflow/example_dags/example_branch_operator_decorator.py for tasks to queue
[2022-09-21 00:06:49,281] {logging_mixin.py:115} INFO - [2022-09-21 00:06:49,281] {dagbag.py:507} INFO - Filling up the DagBag from /home/airflow/.local/lib/python3.7/site-packages/airflow/example_dags/example_branch_operator_decorator.py
[2022-09-21 00:06:49,309] {processor.py:651} INFO - DAG(s) dict_keys(['example_branch_python_operator_decorator']) retrieved from /home/airflow/.local/lib/python3.7/site-packages/airflow/example_dags/example_branch_operator_decorator.py
[2022-09-21 00:06:49,341] {logging_mixin.py:115} INFO - [2022-09-21 00:06:49,341] {dag.py:2371} INFO - Sync 1 DAGs
[2022-09-21 00:06:49,367] {logging_mixin.py:115} INFO - [2022-09-21 00:06:49,367] {dag.py:2919} INFO - Setting next_dagrun for example_branch_python_operator_decorator to 2022-09-20T00:00:00+00:00, run_after=2022-09-21T00:00:00+00:00
[2022-09-21 00:06:49,387] {processor.py:161} INFO - Processing /home/airflow/.local/lib/python3.7/site-packages/airflow/example_dags/example_branch_operator_decorator.py took 0.142 seconds
[2022-09-21 00:07:19,780] {processor.py:153} INFO - Started process (PID=20438) to work on /home/airflow/.local/lib/python3.7/site-packages/airflow/example_dags/example_branch_operator_decorator.py
[2022-09-21 00:07:19,781] {processor.py:641} INFO - Processing file /home/airflow/.local/lib/python3.7/site-packages/airflow/example_dags/example_branch_operator_decorator.py for tasks to queue
[2022-09-21 00:07:19,782] {logging_mixin.py:115} INFO - [2022-09-21 00:07:19,781] {dagbag.py:507} INFO - Filling up the DagBag from /home/airflow/.local/lib/python3.7/site-packages/airflow/example_dags/example_branch_operator_decorator.py
[2022-09-21 00:07:19,813] {processor.py:651} INFO - DAG(s) dict_keys(['example_branch_python_operator_decorator']) retrieved from /home/airflow/.local/lib/python3.7/site-packages/airflow/example_dags/example_branch_operator_decorator.py
[2022-09-21 00:07:19,852] {logging_mixin.py:115} INFO - [2022-09-21 00:07:19,852] {dag.py:2371} INFO - Sync 1 DAGs
[2022-09-21 00:07:19,893] {logging_mixin.py:115} INFO - [2022-09-21 00:07:19,893] {dag.py:2919} INFO - Setting next_dagrun for example_branch_python_operator_decorator to 2022-09-20T00:00:00+00:00, run_after=2022-09-21T00:00:00+00:00
[2022-09-21 00:07:19,931] {processor.py:161} INFO - Processing /home/airflow/.local/lib/python3.7/site-packages/airflow/example_dags/example_branch_operator_decorator.py took 0.155 seconds
[2022-09-21 00:07:50,212] {processor.py:153} INFO - Started process (PID=20498) to work on /home/airflow/.local/lib/python3.7/site-packages/airflow/example_dags/example_branch_operator_decorator.py
[2022-09-21 00:07:50,239] {processor.py:641} INFO - Processing file /home/airflow/.local/lib/python3.7/site-packages/airflow/example_dags/example_branch_operator_decorator.py for tasks to queue
[2022-09-21 00:07:50,239] {logging_mixin.py:115} INFO - [2022-09-21 00:07:50,239] {dagbag.py:507} INFO - Filling up the DagBag from /home/airflow/.local/lib/python3.7/site-packages/airflow/example_dags/example_branch_operator_decorator.py
[2022-09-21 00:07:50,265] {processor.py:651} INFO - DAG(s) dict_keys(['example_branch_python_operator_decorator']) retrieved from /home/airflow/.local/lib/python3.7/site-packages/airflow/example_dags/example_branch_operator_decorator.py
[2022-09-21 00:07:50,298] {logging_mixin.py:115} INFO - [2022-09-21 00:07:50,298] {dag.py:2371} INFO - Sync 1 DAGs
[2022-09-21 00:07:50,333] {logging_mixin.py:115} INFO - [2022-09-21 00:07:50,333] {dag.py:2919} INFO - Setting next_dagrun for example_branch_python_operator_decorator to 2022-09-20T00:00:00+00:00, run_after=2022-09-21T00:00:00+00:00
[2022-09-21 00:07:50,367] {processor.py:161} INFO - Processing /home/airflow/.local/lib/python3.7/site-packages/airflow/example_dags/example_branch_operator_decorator.py took 0.159 seconds
[2022-09-21 00:08:20,399] {processor.py:153} INFO - Started process (PID=20550) to work on /home/airflow/.local/lib/python3.7/site-packages/airflow/example_dags/example_branch_operator_decorator.py
[2022-09-21 00:08:20,400] {processor.py:641} INFO - Processing file /home/airflow/.local/lib/python3.7/site-packages/airflow/example_dags/example_branch_operator_decorator.py for tasks to queue
[2022-09-21 00:08:20,401] {logging_mixin.py:115} INFO - [2022-09-21 00:08:20,401] {dagbag.py:507} INFO - Filling up the DagBag from /home/airflow/.local/lib/python3.7/site-packages/airflow/example_dags/example_branch_operator_decorator.py
[2022-09-21 00:08:20,434] {processor.py:651} INFO - DAG(s) dict_keys(['example_branch_python_operator_decorator']) retrieved from /home/airflow/.local/lib/python3.7/site-packages/airflow/example_dags/example_branch_operator_decorator.py
[2022-09-21 00:08:20,477] {logging_mixin.py:115} INFO - [2022-09-21 00:08:20,477] {dag.py:2371} INFO - Sync 1 DAGs
[2022-09-21 00:08:20,520] {logging_mixin.py:115} INFO - [2022-09-21 00:08:20,520] {dag.py:2919} INFO - Setting next_dagrun for example_branch_python_operator_decorator to 2022-09-20T00:00:00+00:00, run_after=2022-09-21T00:00:00+00:00
[2022-09-21 00:08:20,605] {processor.py:161} INFO - Processing /home/airflow/.local/lib/python3.7/site-packages/airflow/example_dags/example_branch_operator_decorator.py took 0.209 seconds
[2022-09-21 00:08:51,288] {processor.py:153} INFO - Started process (PID=20611) to work on /home/airflow/.local/lib/python3.7/site-packages/airflow/example_dags/example_branch_operator_decorator.py
[2022-09-21 00:08:51,374] {processor.py:641} INFO - Processing file /home/airflow/.local/lib/python3.7/site-packages/airflow/example_dags/example_branch_operator_decorator.py for tasks to queue
[2022-09-21 00:08:51,375] {logging_mixin.py:115} INFO - [2022-09-21 00:08:51,375] {dagbag.py:507} INFO - Filling up the DagBag from /home/airflow/.local/lib/python3.7/site-packages/airflow/example_dags/example_branch_operator_decorator.py
[2022-09-21 00:08:51,429] {processor.py:651} INFO - DAG(s) dict_keys(['example_branch_python_operator_decorator']) retrieved from /home/airflow/.local/lib/python3.7/site-packages/airflow/example_dags/example_branch_operator_decorator.py
[2022-09-21 00:08:51,489] {logging_mixin.py:115} INFO - [2022-09-21 00:08:51,489] {dag.py:2371} INFO - Sync 1 DAGs
[2022-09-21 00:08:51,530] {logging_mixin.py:115} INFO - [2022-09-21 00:08:51,530] {dag.py:2919} INFO - Setting next_dagrun for example_branch_python_operator_decorator to 2022-09-20T00:00:00+00:00, run_after=2022-09-21T00:00:00+00:00
[2022-09-21 00:08:51,560] {processor.py:161} INFO - Processing /home/airflow/.local/lib/python3.7/site-packages/airflow/example_dags/example_branch_operator_decorator.py took 0.277 seconds
[2022-09-21 00:09:22,139] {processor.py:153} INFO - Started process (PID=20662) to work on /home/airflow/.local/lib/python3.7/site-packages/airflow/example_dags/example_branch_operator_decorator.py
[2022-09-21 00:09:22,231] {processor.py:641} INFO - Processing file /home/airflow/.local/lib/python3.7/site-packages/airflow/example_dags/example_branch_operator_decorator.py for tasks to queue
[2022-09-21 00:09:22,232] {logging_mixin.py:115} INFO - [2022-09-21 00:09:22,232] {dagbag.py:507} INFO - Filling up the DagBag from /home/airflow/.local/lib/python3.7/site-packages/airflow/example_dags/example_branch_operator_decorator.py
[2022-09-21 00:09:22,255] {processor.py:651} INFO - DAG(s) dict_keys(['example_branch_python_operator_decorator']) retrieved from /home/airflow/.local/lib/python3.7/site-packages/airflow/example_dags/example_branch_operator_decorator.py
[2022-09-21 00:09:22,298] {logging_mixin.py:115} INFO - [2022-09-21 00:09:22,298] {dag.py:2371} INFO - Sync 1 DAGs
[2022-09-21 00:09:22,346] {logging_mixin.py:115} INFO - [2022-09-21 00:09:22,346] {dag.py:2919} INFO - Setting next_dagrun for example_branch_python_operator_decorator to 2022-09-20T00:00:00+00:00, run_after=2022-09-21T00:00:00+00:00
[2022-09-21 00:09:22,372] {processor.py:161} INFO - Processing /home/airflow/.local/lib/python3.7/site-packages/airflow/example_dags/example_branch_operator_decorator.py took 0.245 seconds
[2022-09-21 00:09:53,210] {processor.py:153} INFO - Started process (PID=20721) to work on /home/airflow/.local/lib/python3.7/site-packages/airflow/example_dags/example_branch_operator_decorator.py
[2022-09-21 00:09:53,211] {processor.py:641} INFO - Processing file /home/airflow/.local/lib/python3.7/site-packages/airflow/example_dags/example_branch_operator_decorator.py for tasks to queue
[2022-09-21 00:09:53,212] {logging_mixin.py:115} INFO - [2022-09-21 00:09:53,212] {dagbag.py:507} INFO - Filling up the DagBag from /home/airflow/.local/lib/python3.7/site-packages/airflow/example_dags/example_branch_operator_decorator.py
[2022-09-21 00:09:53,249] {processor.py:651} INFO - DAG(s) dict_keys(['example_branch_python_operator_decorator']) retrieved from /home/airflow/.local/lib/python3.7/site-packages/airflow/example_dags/example_branch_operator_decorator.py
[2022-09-21 00:09:53,294] {logging_mixin.py:115} INFO - [2022-09-21 00:09:53,294] {dag.py:2371} INFO - Sync 1 DAGs
[2022-09-21 00:09:53,350] {logging_mixin.py:115} INFO - [2022-09-21 00:09:53,350] {dag.py:2919} INFO - Setting next_dagrun for example_branch_python_operator_decorator to 2022-09-20T00:00:00+00:00, run_after=2022-09-21T00:00:00+00:00
[2022-09-21 00:09:53,472] {processor.py:161} INFO - Processing /home/airflow/.local/lib/python3.7/site-packages/airflow/example_dags/example_branch_operator_decorator.py took 0.266 seconds
[2022-09-21 00:10:23,850] {processor.py:153} INFO - Started process (PID=20773) to work on /home/airflow/.local/lib/python3.7/site-packages/airflow/example_dags/example_branch_operator_decorator.py
[2022-09-21 00:10:23,869] {processor.py:641} INFO - Processing file /home/airflow/.local/lib/python3.7/site-packages/airflow/example_dags/example_branch_operator_decorator.py for tasks to queue
[2022-09-21 00:10:23,870] {logging_mixin.py:115} INFO - [2022-09-21 00:10:23,870] {dagbag.py:507} INFO - Filling up the DagBag from /home/airflow/.local/lib/python3.7/site-packages/airflow/example_dags/example_branch_operator_decorator.py
[2022-09-21 00:10:23,901] {processor.py:651} INFO - DAG(s) dict_keys(['example_branch_python_operator_decorator']) retrieved from /home/airflow/.local/lib/python3.7/site-packages/airflow/example_dags/example_branch_operator_decorator.py
[2022-09-21 00:10:23,948] {logging_mixin.py:115} INFO - [2022-09-21 00:10:23,948] {dag.py:2371} INFO - Sync 1 DAGs
[2022-09-21 00:10:23,981] {logging_mixin.py:115} INFO - [2022-09-21 00:10:23,981] {dag.py:2919} INFO - Setting next_dagrun for example_branch_python_operator_decorator to 2022-09-20T00:00:00+00:00, run_after=2022-09-21T00:00:00+00:00
[2022-09-21 00:10:24,003] {processor.py:161} INFO - Processing /home/airflow/.local/lib/python3.7/site-packages/airflow/example_dags/example_branch_operator_decorator.py took 0.159 seconds
[2022-09-21 00:10:54,307] {processor.py:153} INFO - Started process (PID=20832) to work on /home/airflow/.local/lib/python3.7/site-packages/airflow/example_dags/example_branch_operator_decorator.py
[2022-09-21 00:10:54,308] {processor.py:641} INFO - Processing file /home/airflow/.local/lib/python3.7/site-packages/airflow/example_dags/example_branch_operator_decorator.py for tasks to queue
[2022-09-21 00:10:54,309] {logging_mixin.py:115} INFO - [2022-09-21 00:10:54,309] {dagbag.py:507} INFO - Filling up the DagBag from /home/airflow/.local/lib/python3.7/site-packages/airflow/example_dags/example_branch_operator_decorator.py
[2022-09-21 00:10:54,344] {processor.py:651} INFO - DAG(s) dict_keys(['example_branch_python_operator_decorator']) retrieved from /home/airflow/.local/lib/python3.7/site-packages/airflow/example_dags/example_branch_operator_decorator.py
[2022-09-21 00:10:54,376] {logging_mixin.py:115} INFO - [2022-09-21 00:10:54,376] {dag.py:2371} INFO - Sync 1 DAGs
[2022-09-21 00:10:54,403] {logging_mixin.py:115} INFO - [2022-09-21 00:10:54,403] {dag.py:2919} INFO - Setting next_dagrun for example_branch_python_operator_decorator to 2022-09-20T00:00:00+00:00, run_after=2022-09-21T00:00:00+00:00
[2022-09-21 00:10:54,434] {processor.py:161} INFO - Processing /home/airflow/.local/lib/python3.7/site-packages/airflow/example_dags/example_branch_operator_decorator.py took 0.132 seconds
[2022-09-21 00:11:24,640] {processor.py:153} INFO - Started process (PID=20886) to work on /home/airflow/.local/lib/python3.7/site-packages/airflow/example_dags/example_branch_operator_decorator.py
[2022-09-21 00:11:24,675] {processor.py:641} INFO - Processing file /home/airflow/.local/lib/python3.7/site-packages/airflow/example_dags/example_branch_operator_decorator.py for tasks to queue
[2022-09-21 00:11:24,676] {logging_mixin.py:115} INFO - [2022-09-21 00:11:24,676] {dagbag.py:507} INFO - Filling up the DagBag from /home/airflow/.local/lib/python3.7/site-packages/airflow/example_dags/example_branch_operator_decorator.py
[2022-09-21 00:11:24,703] {processor.py:651} INFO - DAG(s) dict_keys(['example_branch_python_operator_decorator']) retrieved from /home/airflow/.local/lib/python3.7/site-packages/airflow/example_dags/example_branch_operator_decorator.py
[2022-09-21 00:11:24,741] {logging_mixin.py:115} INFO - [2022-09-21 00:11:24,740] {dag.py:2371} INFO - Sync 1 DAGs
[2022-09-21 00:11:24,778] {logging_mixin.py:115} INFO - [2022-09-21 00:11:24,778] {dag.py:2919} INFO - Setting next_dagrun for example_branch_python_operator_decorator to 2022-09-20T00:00:00+00:00, run_after=2022-09-21T00:00:00+00:00
[2022-09-21 00:11:24,804] {processor.py:161} INFO - Processing /home/airflow/.local/lib/python3.7/site-packages/airflow/example_dags/example_branch_operator_decorator.py took 0.167 seconds
[2022-09-21 00:11:55,349] {processor.py:153} INFO - Started process (PID=20937) to work on /home/airflow/.local/lib/python3.7/site-packages/airflow/example_dags/example_branch_operator_decorator.py
[2022-09-21 00:11:55,350] {processor.py:641} INFO - Processing file /home/airflow/.local/lib/python3.7/site-packages/airflow/example_dags/example_branch_operator_decorator.py for tasks to queue
[2022-09-21 00:11:55,351] {logging_mixin.py:115} INFO - [2022-09-21 00:11:55,351] {dagbag.py:507} INFO - Filling up the DagBag from /home/airflow/.local/lib/python3.7/site-packages/airflow/example_dags/example_branch_operator_decorator.py
[2022-09-21 00:11:55,386] {processor.py:651} INFO - DAG(s) dict_keys(['example_branch_python_operator_decorator']) retrieved from /home/airflow/.local/lib/python3.7/site-packages/airflow/example_dags/example_branch_operator_decorator.py
[2022-09-21 00:11:55,419] {logging_mixin.py:115} INFO - [2022-09-21 00:11:55,419] {dag.py:2371} INFO - Sync 1 DAGs
[2022-09-21 00:11:55,452] {logging_mixin.py:115} INFO - [2022-09-21 00:11:55,452] {dag.py:2919} INFO - Setting next_dagrun for example_branch_python_operator_decorator to 2022-09-20T00:00:00+00:00, run_after=2022-09-21T00:00:00+00:00
[2022-09-21 00:11:55,472] {processor.py:161} INFO - Processing /home/airflow/.local/lib/python3.7/site-packages/airflow/example_dags/example_branch_operator_decorator.py took 0.128 seconds
[2022-09-21 00:12:26,164] {processor.py:153} INFO - Started process (PID=21001) to work on /home/airflow/.local/lib/python3.7/site-packages/airflow/example_dags/example_branch_operator_decorator.py
[2022-09-21 00:12:26,189] {processor.py:641} INFO - Processing file /home/airflow/.local/lib/python3.7/site-packages/airflow/example_dags/example_branch_operator_decorator.py for tasks to queue
[2022-09-21 00:12:26,189] {logging_mixin.py:115} INFO - [2022-09-21 00:12:26,189] {dagbag.py:507} INFO - Filling up the DagBag from /home/airflow/.local/lib/python3.7/site-packages/airflow/example_dags/example_branch_operator_decorator.py
[2022-09-21 00:12:26,222] {processor.py:651} INFO - DAG(s) dict_keys(['example_branch_python_operator_decorator']) retrieved from /home/airflow/.local/lib/python3.7/site-packages/airflow/example_dags/example_branch_operator_decorator.py
[2022-09-21 00:12:26,259] {logging_mixin.py:115} INFO - [2022-09-21 00:12:26,259] {dag.py:2371} INFO - Sync 1 DAGs
[2022-09-21 00:12:26,290] {logging_mixin.py:115} INFO - [2022-09-21 00:12:26,290] {dag.py:2919} INFO - Setting next_dagrun for example_branch_python_operator_decorator to 2022-09-20T00:00:00+00:00, run_after=2022-09-21T00:00:00+00:00
[2022-09-21 00:12:26,371] {processor.py:161} INFO - Processing /home/airflow/.local/lib/python3.7/site-packages/airflow/example_dags/example_branch_operator_decorator.py took 0.210 seconds
[2022-09-21 00:12:56,536] {processor.py:153} INFO - Started process (PID=21052) to work on /home/airflow/.local/lib/python3.7/site-packages/airflow/example_dags/example_branch_operator_decorator.py
[2022-09-21 00:12:56,537] {processor.py:641} INFO - Processing file /home/airflow/.local/lib/python3.7/site-packages/airflow/example_dags/example_branch_operator_decorator.py for tasks to queue
[2022-09-21 00:12:56,538] {logging_mixin.py:115} INFO - [2022-09-21 00:12:56,538] {dagbag.py:507} INFO - Filling up the DagBag from /home/airflow/.local/lib/python3.7/site-packages/airflow/example_dags/example_branch_operator_decorator.py
[2022-09-21 00:12:56,618] {processor.py:651} INFO - DAG(s) dict_keys(['example_branch_python_operator_decorator']) retrieved from /home/airflow/.local/lib/python3.7/site-packages/airflow/example_dags/example_branch_operator_decorator.py
[2022-09-21 00:12:56,665] {logging_mixin.py:115} INFO - [2022-09-21 00:12:56,665] {dag.py:2371} INFO - Sync 1 DAGs
[2022-09-21 00:12:56,725] {logging_mixin.py:115} INFO - [2022-09-21 00:12:56,725] {dag.py:2919} INFO - Setting next_dagrun for example_branch_python_operator_decorator to 2022-09-20T00:00:00+00:00, run_after=2022-09-21T00:00:00+00:00
[2022-09-21 00:12:56,754] {processor.py:161} INFO - Processing /home/airflow/.local/lib/python3.7/site-packages/airflow/example_dags/example_branch_operator_decorator.py took 0.224 seconds
[2022-09-21 00:13:27,409] {processor.py:153} INFO - Started process (PID=21113) to work on /home/airflow/.local/lib/python3.7/site-packages/airflow/example_dags/example_branch_operator_decorator.py
[2022-09-21 00:13:27,446] {processor.py:641} INFO - Processing file /home/airflow/.local/lib/python3.7/site-packages/airflow/example_dags/example_branch_operator_decorator.py for tasks to queue
[2022-09-21 00:13:27,447] {logging_mixin.py:115} INFO - [2022-09-21 00:13:27,447] {dagbag.py:507} INFO - Filling up the DagBag from /home/airflow/.local/lib/python3.7/site-packages/airflow/example_dags/example_branch_operator_decorator.py
[2022-09-21 00:13:27,479] {processor.py:651} INFO - DAG(s) dict_keys(['example_branch_python_operator_decorator']) retrieved from /home/airflow/.local/lib/python3.7/site-packages/airflow/example_dags/example_branch_operator_decorator.py
[2022-09-21 00:13:27,517] {logging_mixin.py:115} INFO - [2022-09-21 00:13:27,517] {dag.py:2371} INFO - Sync 1 DAGs
[2022-09-21 00:13:27,549] {logging_mixin.py:115} INFO - [2022-09-21 00:13:27,549] {dag.py:2919} INFO - Setting next_dagrun for example_branch_python_operator_decorator to 2022-09-20T00:00:00+00:00, run_after=2022-09-21T00:00:00+00:00
[2022-09-21 00:13:27,575] {processor.py:161} INFO - Processing /home/airflow/.local/lib/python3.7/site-packages/airflow/example_dags/example_branch_operator_decorator.py took 0.170 seconds
[2022-09-21 00:13:57,877] {processor.py:153} INFO - Started process (PID=21164) to work on /home/airflow/.local/lib/python3.7/site-packages/airflow/example_dags/example_branch_operator_decorator.py
[2022-09-21 00:13:57,878] {processor.py:641} INFO - Processing file /home/airflow/.local/lib/python3.7/site-packages/airflow/example_dags/example_branch_operator_decorator.py for tasks to queue
[2022-09-21 00:13:57,878] {logging_mixin.py:115} INFO - [2022-09-21 00:13:57,878] {dagbag.py:507} INFO - Filling up the DagBag from /home/airflow/.local/lib/python3.7/site-packages/airflow/example_dags/example_branch_operator_decorator.py
[2022-09-21 00:13:57,903] {processor.py:651} INFO - DAG(s) dict_keys(['example_branch_python_operator_decorator']) retrieved from /home/airflow/.local/lib/python3.7/site-packages/airflow/example_dags/example_branch_operator_decorator.py
[2022-09-21 00:13:57,935] {logging_mixin.py:115} INFO - [2022-09-21 00:13:57,935] {dag.py:2371} INFO - Sync 1 DAGs
[2022-09-21 00:13:57,967] {logging_mixin.py:115} INFO - [2022-09-21 00:13:57,967] {dag.py:2919} INFO - Setting next_dagrun for example_branch_python_operator_decorator to 2022-09-20T00:00:00+00:00, run_after=2022-09-21T00:00:00+00:00
[2022-09-21 00:13:58,012] {processor.py:161} INFO - Processing /home/airflow/.local/lib/python3.7/site-packages/airflow/example_dags/example_branch_operator_decorator.py took 0.140 seconds
[2022-09-21 00:14:28,712] {processor.py:153} INFO - Started process (PID=21216) to work on /home/airflow/.local/lib/python3.7/site-packages/airflow/example_dags/example_branch_operator_decorator.py
[2022-09-21 00:14:28,741] {processor.py:641} INFO - Processing file /home/airflow/.local/lib/python3.7/site-packages/airflow/example_dags/example_branch_operator_decorator.py for tasks to queue
[2022-09-21 00:14:28,741] {logging_mixin.py:115} INFO - [2022-09-21 00:14:28,741] {dagbag.py:507} INFO - Filling up the DagBag from /home/airflow/.local/lib/python3.7/site-packages/airflow/example_dags/example_branch_operator_decorator.py
[2022-09-21 00:14:28,763] {processor.py:651} INFO - DAG(s) dict_keys(['example_branch_python_operator_decorator']) retrieved from /home/airflow/.local/lib/python3.7/site-packages/airflow/example_dags/example_branch_operator_decorator.py
[2022-09-21 00:14:28,799] {logging_mixin.py:115} INFO - [2022-09-21 00:14:28,799] {dag.py:2371} INFO - Sync 1 DAGs
[2022-09-21 00:14:28,831] {logging_mixin.py:115} INFO - [2022-09-21 00:14:28,831] {dag.py:2919} INFO - Setting next_dagrun for example_branch_python_operator_decorator to 2022-09-20T00:00:00+00:00, run_after=2022-09-21T00:00:00+00:00
[2022-09-21 00:14:28,845] {processor.py:161} INFO - Processing /home/airflow/.local/lib/python3.7/site-packages/airflow/example_dags/example_branch_operator_decorator.py took 0.137 seconds
[2022-09-21 00:14:59,534] {processor.py:153} INFO - Started process (PID=21276) to work on /home/airflow/.local/lib/python3.7/site-packages/airflow/example_dags/example_branch_operator_decorator.py
[2022-09-21 00:14:59,535] {processor.py:641} INFO - Processing file /home/airflow/.local/lib/python3.7/site-packages/airflow/example_dags/example_branch_operator_decorator.py for tasks to queue
[2022-09-21 00:14:59,544] {logging_mixin.py:115} INFO - [2022-09-21 00:14:59,544] {dagbag.py:507} INFO - Filling up the DagBag from /home/airflow/.local/lib/python3.7/site-packages/airflow/example_dags/example_branch_operator_decorator.py
[2022-09-21 00:14:59,581] {processor.py:651} INFO - DAG(s) dict_keys(['example_branch_python_operator_decorator']) retrieved from /home/airflow/.local/lib/python3.7/site-packages/airflow/example_dags/example_branch_operator_decorator.py
[2022-09-21 00:14:59,618] {logging_mixin.py:115} INFO - [2022-09-21 00:14:59,618] {dag.py:2371} INFO - Sync 1 DAGs
[2022-09-21 00:14:59,667] {logging_mixin.py:115} INFO - [2022-09-21 00:14:59,667] {dag.py:2919} INFO - Setting next_dagrun for example_branch_python_operator_decorator to 2022-09-20T00:00:00+00:00, run_after=2022-09-21T00:00:00+00:00
[2022-09-21 00:14:59,694] {processor.py:161} INFO - Processing /home/airflow/.local/lib/python3.7/site-packages/airflow/example_dags/example_branch_operator_decorator.py took 0.166 seconds
[2022-09-21 00:15:30,277] {processor.py:153} INFO - Started process (PID=21327) to work on /home/airflow/.local/lib/python3.7/site-packages/airflow/example_dags/example_branch_operator_decorator.py
[2022-09-21 00:15:30,299] {processor.py:641} INFO - Processing file /home/airflow/.local/lib/python3.7/site-packages/airflow/example_dags/example_branch_operator_decorator.py for tasks to queue
[2022-09-21 00:15:30,300] {logging_mixin.py:115} INFO - [2022-09-21 00:15:30,300] {dagbag.py:507} INFO - Filling up the DagBag from /home/airflow/.local/lib/python3.7/site-packages/airflow/example_dags/example_branch_operator_decorator.py
[2022-09-21 00:15:30,338] {processor.py:651} INFO - DAG(s) dict_keys(['example_branch_python_operator_decorator']) retrieved from /home/airflow/.local/lib/python3.7/site-packages/airflow/example_dags/example_branch_operator_decorator.py
[2022-09-21 00:15:30,409] {logging_mixin.py:115} INFO - [2022-09-21 00:15:30,409] {dag.py:2371} INFO - Sync 1 DAGs
[2022-09-21 00:15:30,456] {logging_mixin.py:115} INFO - [2022-09-21 00:15:30,456] {dag.py:2919} INFO - Setting next_dagrun for example_branch_python_operator_decorator to 2022-09-20T00:00:00+00:00, run_after=2022-09-21T00:00:00+00:00
[2022-09-21 00:15:30,512] {processor.py:161} INFO - Processing /home/airflow/.local/lib/python3.7/site-packages/airflow/example_dags/example_branch_operator_decorator.py took 0.242 seconds
[2022-09-21 00:16:00,766] {processor.py:153} INFO - Started process (PID=21379) to work on /home/airflow/.local/lib/python3.7/site-packages/airflow/example_dags/example_branch_operator_decorator.py
[2022-09-21 00:16:00,767] {processor.py:641} INFO - Processing file /home/airflow/.local/lib/python3.7/site-packages/airflow/example_dags/example_branch_operator_decorator.py for tasks to queue
[2022-09-21 00:16:00,770] {logging_mixin.py:115} INFO - [2022-09-21 00:16:00,770] {dagbag.py:507} INFO - Filling up the DagBag from /home/airflow/.local/lib/python3.7/site-packages/airflow/example_dags/example_branch_operator_decorator.py
[2022-09-21 00:16:00,845] {processor.py:651} INFO - DAG(s) dict_keys(['example_branch_python_operator_decorator']) retrieved from /home/airflow/.local/lib/python3.7/site-packages/airflow/example_dags/example_branch_operator_decorator.py
[2022-09-21 00:16:00,942] {logging_mixin.py:115} INFO - [2022-09-21 00:16:00,942] {dag.py:2371} INFO - Sync 1 DAGs
[2022-09-21 00:16:01,015] {logging_mixin.py:115} INFO - [2022-09-21 00:16:01,015] {dag.py:2919} INFO - Setting next_dagrun for example_branch_python_operator_decorator to 2022-09-20T00:00:00+00:00, run_after=2022-09-21T00:00:00+00:00
[2022-09-21 00:16:01,053] {processor.py:161} INFO - Processing /home/airflow/.local/lib/python3.7/site-packages/airflow/example_dags/example_branch_operator_decorator.py took 0.292 seconds
[2022-09-21 00:16:31,549] {processor.py:153} INFO - Started process (PID=21441) to work on /home/airflow/.local/lib/python3.7/site-packages/airflow/example_dags/example_branch_operator_decorator.py
[2022-09-21 00:16:31,585] {processor.py:641} INFO - Processing file /home/airflow/.local/lib/python3.7/site-packages/airflow/example_dags/example_branch_operator_decorator.py for tasks to queue
[2022-09-21 00:16:31,585] {logging_mixin.py:115} INFO - [2022-09-21 00:16:31,585] {dagbag.py:507} INFO - Filling up the DagBag from /home/airflow/.local/lib/python3.7/site-packages/airflow/example_dags/example_branch_operator_decorator.py
[2022-09-21 00:16:31,608] {processor.py:651} INFO - DAG(s) dict_keys(['example_branch_python_operator_decorator']) retrieved from /home/airflow/.local/lib/python3.7/site-packages/airflow/example_dags/example_branch_operator_decorator.py
[2022-09-21 00:16:31,638] {logging_mixin.py:115} INFO - [2022-09-21 00:16:31,638] {dag.py:2371} INFO - Sync 1 DAGs
[2022-09-21 00:16:31,796] {logging_mixin.py:115} INFO - [2022-09-21 00:16:31,796] {dag.py:2919} INFO - Setting next_dagrun for example_branch_python_operator_decorator to 2022-09-20T00:00:00+00:00, run_after=2022-09-21T00:00:00+00:00
[2022-09-21 00:16:32,199] {processor.py:161} INFO - Processing /home/airflow/.local/lib/python3.7/site-packages/airflow/example_dags/example_branch_operator_decorator.py took 0.656 seconds
[2022-09-21 00:17:02,320] {processor.py:153} INFO - Started process (PID=21503) to work on /home/airflow/.local/lib/python3.7/site-packages/airflow/example_dags/example_branch_operator_decorator.py
[2022-09-21 00:17:02,331] {processor.py:641} INFO - Processing file /home/airflow/.local/lib/python3.7/site-packages/airflow/example_dags/example_branch_operator_decorator.py for tasks to queue
[2022-09-21 00:17:02,331] {logging_mixin.py:115} INFO - [2022-09-21 00:17:02,331] {dagbag.py:507} INFO - Filling up the DagBag from /home/airflow/.local/lib/python3.7/site-packages/airflow/example_dags/example_branch_operator_decorator.py
[2022-09-21 00:17:02,353] {processor.py:651} INFO - DAG(s) dict_keys(['example_branch_python_operator_decorator']) retrieved from /home/airflow/.local/lib/python3.7/site-packages/airflow/example_dags/example_branch_operator_decorator.py
[2022-09-21 00:17:02,384] {logging_mixin.py:115} INFO - [2022-09-21 00:17:02,384] {dag.py:2371} INFO - Sync 1 DAGs
[2022-09-21 00:17:02,412] {logging_mixin.py:115} INFO - [2022-09-21 00:17:02,412] {dag.py:2919} INFO - Setting next_dagrun for example_branch_python_operator_decorator to 2022-09-20T00:00:00+00:00, run_after=2022-09-21T00:00:00+00:00
[2022-09-21 00:17:02,455] {processor.py:161} INFO - Processing /home/airflow/.local/lib/python3.7/site-packages/airflow/example_dags/example_branch_operator_decorator.py took 0.139 seconds
[2022-09-21 00:17:32,489] {processor.py:153} INFO - Started process (PID=21555) to work on /home/airflow/.local/lib/python3.7/site-packages/airflow/example_dags/example_branch_operator_decorator.py
[2022-09-21 00:17:32,490] {processor.py:641} INFO - Processing file /home/airflow/.local/lib/python3.7/site-packages/airflow/example_dags/example_branch_operator_decorator.py for tasks to queue
[2022-09-21 00:17:32,492] {logging_mixin.py:115} INFO - [2022-09-21 00:17:32,492] {dagbag.py:507} INFO - Filling up the DagBag from /home/airflow/.local/lib/python3.7/site-packages/airflow/example_dags/example_branch_operator_decorator.py
[2022-09-21 00:17:32,523] {processor.py:651} INFO - DAG(s) dict_keys(['example_branch_python_operator_decorator']) retrieved from /home/airflow/.local/lib/python3.7/site-packages/airflow/example_dags/example_branch_operator_decorator.py
[2022-09-21 00:17:32,564] {logging_mixin.py:115} INFO - [2022-09-21 00:17:32,564] {dag.py:2371} INFO - Sync 1 DAGs
[2022-09-21 00:17:32,624] {logging_mixin.py:115} INFO - [2022-09-21 00:17:32,624] {dag.py:2919} INFO - Setting next_dagrun for example_branch_python_operator_decorator to 2022-09-20T00:00:00+00:00, run_after=2022-09-21T00:00:00+00:00
[2022-09-21 00:17:32,871] {processor.py:161} INFO - Processing /home/airflow/.local/lib/python3.7/site-packages/airflow/example_dags/example_branch_operator_decorator.py took 0.386 seconds
[2022-09-21 00:18:03,270] {processor.py:153} INFO - Started process (PID=21606) to work on /home/airflow/.local/lib/python3.7/site-packages/airflow/example_dags/example_branch_operator_decorator.py
[2022-09-21 00:18:03,307] {processor.py:641} INFO - Processing file /home/airflow/.local/lib/python3.7/site-packages/airflow/example_dags/example_branch_operator_decorator.py for tasks to queue
[2022-09-21 00:18:03,310] {logging_mixin.py:115} INFO - [2022-09-21 00:18:03,309] {dagbag.py:507} INFO - Filling up the DagBag from /home/airflow/.local/lib/python3.7/site-packages/airflow/example_dags/example_branch_operator_decorator.py
[2022-09-21 00:18:03,373] {processor.py:651} INFO - DAG(s) dict_keys(['example_branch_python_operator_decorator']) retrieved from /home/airflow/.local/lib/python3.7/site-packages/airflow/example_dags/example_branch_operator_decorator.py
[2022-09-21 00:18:03,410] {logging_mixin.py:115} INFO - [2022-09-21 00:18:03,410] {dag.py:2371} INFO - Sync 1 DAGs
[2022-09-21 00:18:03,438] {logging_mixin.py:115} INFO - [2022-09-21 00:18:03,438] {dag.py:2919} INFO - Setting next_dagrun for example_branch_python_operator_decorator to 2022-09-20T00:00:00+00:00, run_after=2022-09-21T00:00:00+00:00
[2022-09-21 00:18:03,471] {processor.py:161} INFO - Processing /home/airflow/.local/lib/python3.7/site-packages/airflow/example_dags/example_branch_operator_decorator.py took 0.204 seconds
[2022-09-21 00:18:33,889] {processor.py:153} INFO - Started process (PID=21668) to work on /home/airflow/.local/lib/python3.7/site-packages/airflow/example_dags/example_branch_operator_decorator.py
[2022-09-21 00:18:33,908] {processor.py:641} INFO - Processing file /home/airflow/.local/lib/python3.7/site-packages/airflow/example_dags/example_branch_operator_decorator.py for tasks to queue
[2022-09-21 00:18:33,909] {logging_mixin.py:115} INFO - [2022-09-21 00:18:33,909] {dagbag.py:507} INFO - Filling up the DagBag from /home/airflow/.local/lib/python3.7/site-packages/airflow/example_dags/example_branch_operator_decorator.py
[2022-09-21 00:18:33,931] {processor.py:651} INFO - DAG(s) dict_keys(['example_branch_python_operator_decorator']) retrieved from /home/airflow/.local/lib/python3.7/site-packages/airflow/example_dags/example_branch_operator_decorator.py
[2022-09-21 00:18:33,965] {logging_mixin.py:115} INFO - [2022-09-21 00:18:33,965] {dag.py:2371} INFO - Sync 1 DAGs
[2022-09-21 00:18:33,994] {logging_mixin.py:115} INFO - [2022-09-21 00:18:33,994] {dag.py:2919} INFO - Setting next_dagrun for example_branch_python_operator_decorator to 2022-09-20T00:00:00+00:00, run_after=2022-09-21T00:00:00+00:00
[2022-09-21 00:18:34,016] {processor.py:161} INFO - Processing /home/airflow/.local/lib/python3.7/site-packages/airflow/example_dags/example_branch_operator_decorator.py took 0.131 seconds
[2022-09-21 00:19:04,264] {processor.py:153} INFO - Started process (PID=21720) to work on /home/airflow/.local/lib/python3.7/site-packages/airflow/example_dags/example_branch_operator_decorator.py
[2022-09-21 00:19:04,264] {processor.py:641} INFO - Processing file /home/airflow/.local/lib/python3.7/site-packages/airflow/example_dags/example_branch_operator_decorator.py for tasks to queue
[2022-09-21 00:19:04,265] {logging_mixin.py:115} INFO - [2022-09-21 00:19:04,265] {dagbag.py:507} INFO - Filling up the DagBag from /home/airflow/.local/lib/python3.7/site-packages/airflow/example_dags/example_branch_operator_decorator.py
[2022-09-21 00:19:04,300] {processor.py:651} INFO - DAG(s) dict_keys(['example_branch_python_operator_decorator']) retrieved from /home/airflow/.local/lib/python3.7/site-packages/airflow/example_dags/example_branch_operator_decorator.py
[2022-09-21 00:19:04,348] {logging_mixin.py:115} INFO - [2022-09-21 00:19:04,348] {dag.py:2371} INFO - Sync 1 DAGs
[2022-09-21 00:19:04,390] {logging_mixin.py:115} INFO - [2022-09-21 00:19:04,389] {dag.py:2919} INFO - Setting next_dagrun for example_branch_python_operator_decorator to 2022-09-20T00:00:00+00:00, run_after=2022-09-21T00:00:00+00:00
[2022-09-21 00:19:04,418] {processor.py:161} INFO - Processing /home/airflow/.local/lib/python3.7/site-packages/airflow/example_dags/example_branch_operator_decorator.py took 0.160 seconds
[2022-09-21 00:19:34,826] {processor.py:153} INFO - Started process (PID=21780) to work on /home/airflow/.local/lib/python3.7/site-packages/airflow/example_dags/example_branch_operator_decorator.py
[2022-09-21 00:19:34,866] {processor.py:641} INFO - Processing file /home/airflow/.local/lib/python3.7/site-packages/airflow/example_dags/example_branch_operator_decorator.py for tasks to queue
[2022-09-21 00:19:34,867] {logging_mixin.py:115} INFO - [2022-09-21 00:19:34,867] {dagbag.py:507} INFO - Filling up the DagBag from /home/airflow/.local/lib/python3.7/site-packages/airflow/example_dags/example_branch_operator_decorator.py
[2022-09-21 00:19:34,942] {processor.py:651} INFO - DAG(s) dict_keys(['example_branch_python_operator_decorator']) retrieved from /home/airflow/.local/lib/python3.7/site-packages/airflow/example_dags/example_branch_operator_decorator.py
[2022-09-21 00:19:35,011] {logging_mixin.py:115} INFO - [2022-09-21 00:19:35,011] {dag.py:2371} INFO - Sync 1 DAGs
[2022-09-21 00:19:35,047] {logging_mixin.py:115} INFO - [2022-09-21 00:19:35,047] {dag.py:2919} INFO - Setting next_dagrun for example_branch_python_operator_decorator to 2022-09-20T00:00:00+00:00, run_after=2022-09-21T00:00:00+00:00
[2022-09-21 00:19:35,075] {processor.py:161} INFO - Processing /home/airflow/.local/lib/python3.7/site-packages/airflow/example_dags/example_branch_operator_decorator.py took 0.258 seconds
[2022-09-21 00:20:05,378] {processor.py:153} INFO - Started process (PID=21832) to work on /home/airflow/.local/lib/python3.7/site-packages/airflow/example_dags/example_branch_operator_decorator.py
[2022-09-21 00:20:05,379] {processor.py:641} INFO - Processing file /home/airflow/.local/lib/python3.7/site-packages/airflow/example_dags/example_branch_operator_decorator.py for tasks to queue
[2022-09-21 00:20:05,380] {logging_mixin.py:115} INFO - [2022-09-21 00:20:05,380] {dagbag.py:507} INFO - Filling up the DagBag from /home/airflow/.local/lib/python3.7/site-packages/airflow/example_dags/example_branch_operator_decorator.py
[2022-09-21 00:20:05,423] {processor.py:651} INFO - DAG(s) dict_keys(['example_branch_python_operator_decorator']) retrieved from /home/airflow/.local/lib/python3.7/site-packages/airflow/example_dags/example_branch_operator_decorator.py
[2022-09-21 00:20:05,468] {logging_mixin.py:115} INFO - [2022-09-21 00:20:05,467] {dag.py:2371} INFO - Sync 1 DAGs
[2022-09-21 00:20:05,498] {logging_mixin.py:115} INFO - [2022-09-21 00:20:05,498] {dag.py:2919} INFO - Setting next_dagrun for example_branch_python_operator_decorator to 2022-09-20T00:00:00+00:00, run_after=2022-09-21T00:00:00+00:00
[2022-09-21 00:20:05,670] {processor.py:161} INFO - Processing /home/airflow/.local/lib/python3.7/site-packages/airflow/example_dags/example_branch_operator_decorator.py took 0.316 seconds
[2022-09-21 00:20:36,185] {processor.py:153} INFO - Started process (PID=21893) to work on /home/airflow/.local/lib/python3.7/site-packages/airflow/example_dags/example_branch_operator_decorator.py
[2022-09-21 00:20:36,197] {processor.py:641} INFO - Processing file /home/airflow/.local/lib/python3.7/site-packages/airflow/example_dags/example_branch_operator_decorator.py for tasks to queue
[2022-09-21 00:20:36,198] {logging_mixin.py:115} INFO - [2022-09-21 00:20:36,198] {dagbag.py:507} INFO - Filling up the DagBag from /home/airflow/.local/lib/python3.7/site-packages/airflow/example_dags/example_branch_operator_decorator.py
[2022-09-21 00:20:36,233] {processor.py:651} INFO - DAG(s) dict_keys(['example_branch_python_operator_decorator']) retrieved from /home/airflow/.local/lib/python3.7/site-packages/airflow/example_dags/example_branch_operator_decorator.py
[2022-09-21 00:20:36,325] {logging_mixin.py:115} INFO - [2022-09-21 00:20:36,324] {dag.py:2371} INFO - Sync 1 DAGs
[2022-09-21 00:20:36,386] {logging_mixin.py:115} INFO - [2022-09-21 00:20:36,386] {dag.py:2919} INFO - Setting next_dagrun for example_branch_python_operator_decorator to 2022-09-20T00:00:00+00:00, run_after=2022-09-21T00:00:00+00:00
[2022-09-21 00:20:36,419] {processor.py:161} INFO - Processing /home/airflow/.local/lib/python3.7/site-packages/airflow/example_dags/example_branch_operator_decorator.py took 0.245 seconds
[2022-09-21 00:21:06,526] {processor.py:153} INFO - Started process (PID=21944) to work on /home/airflow/.local/lib/python3.7/site-packages/airflow/example_dags/example_branch_operator_decorator.py
[2022-09-21 00:21:06,527] {processor.py:641} INFO - Processing file /home/airflow/.local/lib/python3.7/site-packages/airflow/example_dags/example_branch_operator_decorator.py for tasks to queue
[2022-09-21 00:21:06,528] {logging_mixin.py:115} INFO - [2022-09-21 00:21:06,527] {dagbag.py:507} INFO - Filling up the DagBag from /home/airflow/.local/lib/python3.7/site-packages/airflow/example_dags/example_branch_operator_decorator.py
[2022-09-21 00:21:06,552] {processor.py:651} INFO - DAG(s) dict_keys(['example_branch_python_operator_decorator']) retrieved from /home/airflow/.local/lib/python3.7/site-packages/airflow/example_dags/example_branch_operator_decorator.py
[2022-09-21 00:21:06,585] {logging_mixin.py:115} INFO - [2022-09-21 00:21:06,584] {dag.py:2371} INFO - Sync 1 DAGs
[2022-09-21 00:21:06,614] {logging_mixin.py:115} INFO - [2022-09-21 00:21:06,614] {dag.py:2919} INFO - Setting next_dagrun for example_branch_python_operator_decorator to 2022-09-20T00:00:00+00:00, run_after=2022-09-21T00:00:00+00:00
[2022-09-21 00:21:06,649] {processor.py:161} INFO - Processing /home/airflow/.local/lib/python3.7/site-packages/airflow/example_dags/example_branch_operator_decorator.py took 0.126 seconds
[2022-09-21 00:21:37,219] {processor.py:153} INFO - Started process (PID=21996) to work on /home/airflow/.local/lib/python3.7/site-packages/airflow/example_dags/example_branch_operator_decorator.py
[2022-09-21 00:21:37,237] {processor.py:641} INFO - Processing file /home/airflow/.local/lib/python3.7/site-packages/airflow/example_dags/example_branch_operator_decorator.py for tasks to queue
[2022-09-21 00:21:37,238] {logging_mixin.py:115} INFO - [2022-09-21 00:21:37,238] {dagbag.py:507} INFO - Filling up the DagBag from /home/airflow/.local/lib/python3.7/site-packages/airflow/example_dags/example_branch_operator_decorator.py
[2022-09-21 00:21:37,281] {processor.py:651} INFO - DAG(s) dict_keys(['example_branch_python_operator_decorator']) retrieved from /home/airflow/.local/lib/python3.7/site-packages/airflow/example_dags/example_branch_operator_decorator.py
[2022-09-21 00:21:37,337] {logging_mixin.py:115} INFO - [2022-09-21 00:21:37,337] {dag.py:2371} INFO - Sync 1 DAGs
[2022-09-21 00:21:37,380] {logging_mixin.py:115} INFO - [2022-09-21 00:21:37,380] {dag.py:2919} INFO - Setting next_dagrun for example_branch_python_operator_decorator to 2022-09-20T00:00:00+00:00, run_after=2022-09-21T00:00:00+00:00
[2022-09-21 00:21:37,408] {processor.py:161} INFO - Processing /home/airflow/.local/lib/python3.7/site-packages/airflow/example_dags/example_branch_operator_decorator.py took 0.194 seconds
[2022-09-21 00:22:07,952] {processor.py:153} INFO - Started process (PID=22057) to work on /home/airflow/.local/lib/python3.7/site-packages/airflow/example_dags/example_branch_operator_decorator.py
[2022-09-21 00:22:07,953] {processor.py:641} INFO - Processing file /home/airflow/.local/lib/python3.7/site-packages/airflow/example_dags/example_branch_operator_decorator.py for tasks to queue
[2022-09-21 00:22:07,954] {logging_mixin.py:115} INFO - [2022-09-21 00:22:07,954] {dagbag.py:507} INFO - Filling up the DagBag from /home/airflow/.local/lib/python3.7/site-packages/airflow/example_dags/example_branch_operator_decorator.py
[2022-09-21 00:22:07,995] {processor.py:651} INFO - DAG(s) dict_keys(['example_branch_python_operator_decorator']) retrieved from /home/airflow/.local/lib/python3.7/site-packages/airflow/example_dags/example_branch_operator_decorator.py
[2022-09-21 00:22:08,053] {logging_mixin.py:115} INFO - [2022-09-21 00:22:08,052] {dag.py:2371} INFO - Sync 1 DAGs
[2022-09-21 00:22:08,134] {logging_mixin.py:115} INFO - [2022-09-21 00:22:08,134] {dag.py:2919} INFO - Setting next_dagrun for example_branch_python_operator_decorator to 2022-09-20T00:00:00+00:00, run_after=2022-09-21T00:00:00+00:00
[2022-09-21 00:22:08,188] {processor.py:161} INFO - Processing /home/airflow/.local/lib/python3.7/site-packages/airflow/example_dags/example_branch_operator_decorator.py took 0.242 seconds
[2022-09-21 00:22:39,343] {processor.py:153} INFO - Started process (PID=22109) to work on /home/airflow/.local/lib/python3.7/site-packages/airflow/example_dags/example_branch_operator_decorator.py
[2022-09-21 00:22:39,374] {processor.py:641} INFO - Processing file /home/airflow/.local/lib/python3.7/site-packages/airflow/example_dags/example_branch_operator_decorator.py for tasks to queue
[2022-09-21 00:22:39,374] {logging_mixin.py:115} INFO - [2022-09-21 00:22:39,374] {dagbag.py:507} INFO - Filling up the DagBag from /home/airflow/.local/lib/python3.7/site-packages/airflow/example_dags/example_branch_operator_decorator.py
[2022-09-21 00:22:39,400] {processor.py:651} INFO - DAG(s) dict_keys(['example_branch_python_operator_decorator']) retrieved from /home/airflow/.local/lib/python3.7/site-packages/airflow/example_dags/example_branch_operator_decorator.py
[2022-09-21 00:22:39,438] {logging_mixin.py:115} INFO - [2022-09-21 00:22:39,438] {dag.py:2371} INFO - Sync 1 DAGs
[2022-09-21 00:22:39,473] {logging_mixin.py:115} INFO - [2022-09-21 00:22:39,473] {dag.py:2919} INFO - Setting next_dagrun for example_branch_python_operator_decorator to 2022-09-20T00:00:00+00:00, run_after=2022-09-21T00:00:00+00:00
[2022-09-21 00:22:39,499] {processor.py:161} INFO - Processing /home/airflow/.local/lib/python3.7/site-packages/airflow/example_dags/example_branch_operator_decorator.py took 0.160 seconds
[2022-09-21 00:23:10,016] {processor.py:153} INFO - Started process (PID=22169) to work on /home/airflow/.local/lib/python3.7/site-packages/airflow/example_dags/example_branch_operator_decorator.py
[2022-09-21 00:23:10,017] {processor.py:641} INFO - Processing file /home/airflow/.local/lib/python3.7/site-packages/airflow/example_dags/example_branch_operator_decorator.py for tasks to queue
[2022-09-21 00:23:10,018] {logging_mixin.py:115} INFO - [2022-09-21 00:23:10,017] {dagbag.py:507} INFO - Filling up the DagBag from /home/airflow/.local/lib/python3.7/site-packages/airflow/example_dags/example_branch_operator_decorator.py
[2022-09-21 00:23:10,059] {processor.py:651} INFO - DAG(s) dict_keys(['example_branch_python_operator_decorator']) retrieved from /home/airflow/.local/lib/python3.7/site-packages/airflow/example_dags/example_branch_operator_decorator.py
[2022-09-21 00:23:10,121] {logging_mixin.py:115} INFO - [2022-09-21 00:23:10,120] {dag.py:2371} INFO - Sync 1 DAGs
[2022-09-21 00:23:10,173] {logging_mixin.py:115} INFO - [2022-09-21 00:23:10,173] {dag.py:2919} INFO - Setting next_dagrun for example_branch_python_operator_decorator to 2022-09-20T00:00:00+00:00, run_after=2022-09-21T00:00:00+00:00
[2022-09-21 00:23:10,261] {processor.py:161} INFO - Processing /home/airflow/.local/lib/python3.7/site-packages/airflow/example_dags/example_branch_operator_decorator.py took 0.257 seconds
[2022-09-21 00:23:40,809] {processor.py:153} INFO - Started process (PID=22221) to work on /home/airflow/.local/lib/python3.7/site-packages/airflow/example_dags/example_branch_operator_decorator.py
[2022-09-21 00:23:40,877] {processor.py:641} INFO - Processing file /home/airflow/.local/lib/python3.7/site-packages/airflow/example_dags/example_branch_operator_decorator.py for tasks to queue
[2022-09-21 00:23:40,877] {logging_mixin.py:115} INFO - [2022-09-21 00:23:40,877] {dagbag.py:507} INFO - Filling up the DagBag from /home/airflow/.local/lib/python3.7/site-packages/airflow/example_dags/example_branch_operator_decorator.py
[2022-09-21 00:23:40,916] {processor.py:651} INFO - DAG(s) dict_keys(['example_branch_python_operator_decorator']) retrieved from /home/airflow/.local/lib/python3.7/site-packages/airflow/example_dags/example_branch_operator_decorator.py
[2022-09-21 00:23:40,997] {logging_mixin.py:115} INFO - [2022-09-21 00:23:40,997] {dag.py:2371} INFO - Sync 1 DAGs
[2022-09-21 00:23:41,075] {logging_mixin.py:115} INFO - [2022-09-21 00:23:41,074] {dag.py:2919} INFO - Setting next_dagrun for example_branch_python_operator_decorator to 2022-09-20T00:00:00+00:00, run_after=2022-09-21T00:00:00+00:00
[2022-09-21 00:23:41,108] {processor.py:161} INFO - Processing /home/airflow/.local/lib/python3.7/site-packages/airflow/example_dags/example_branch_operator_decorator.py took 0.303 seconds
[2022-09-21 00:24:11,720] {processor.py:153} INFO - Started process (PID=22272) to work on /home/airflow/.local/lib/python3.7/site-packages/airflow/example_dags/example_branch_operator_decorator.py
[2022-09-21 00:24:11,721] {processor.py:641} INFO - Processing file /home/airflow/.local/lib/python3.7/site-packages/airflow/example_dags/example_branch_operator_decorator.py for tasks to queue
[2022-09-21 00:24:11,722] {logging_mixin.py:115} INFO - [2022-09-21 00:24:11,721] {dagbag.py:507} INFO - Filling up the DagBag from /home/airflow/.local/lib/python3.7/site-packages/airflow/example_dags/example_branch_operator_decorator.py
[2022-09-21 00:24:11,754] {processor.py:651} INFO - DAG(s) dict_keys(['example_branch_python_operator_decorator']) retrieved from /home/airflow/.local/lib/python3.7/site-packages/airflow/example_dags/example_branch_operator_decorator.py
[2022-09-21 00:24:11,836] {logging_mixin.py:115} INFO - [2022-09-21 00:24:11,836] {dag.py:2371} INFO - Sync 1 DAGs
[2022-09-21 00:24:11,955] {logging_mixin.py:115} INFO - [2022-09-21 00:24:11,954] {dag.py:2919} INFO - Setting next_dagrun for example_branch_python_operator_decorator to 2022-09-20T00:00:00+00:00, run_after=2022-09-21T00:00:00+00:00
[2022-09-21 00:24:11,992] {processor.py:161} INFO - Processing /home/airflow/.local/lib/python3.7/site-packages/airflow/example_dags/example_branch_operator_decorator.py took 0.276 seconds
[2022-09-21 00:24:43,072] {processor.py:153} INFO - Started process (PID=22332) to work on /home/airflow/.local/lib/python3.7/site-packages/airflow/example_dags/example_branch_operator_decorator.py
[2022-09-21 00:24:43,096] {processor.py:641} INFO - Processing file /home/airflow/.local/lib/python3.7/site-packages/airflow/example_dags/example_branch_operator_decorator.py for tasks to queue
[2022-09-21 00:24:43,096] {logging_mixin.py:115} INFO - [2022-09-21 00:24:43,096] {dagbag.py:507} INFO - Filling up the DagBag from /home/airflow/.local/lib/python3.7/site-packages/airflow/example_dags/example_branch_operator_decorator.py
[2022-09-21 00:24:43,135] {processor.py:651} INFO - DAG(s) dict_keys(['example_branch_python_operator_decorator']) retrieved from /home/airflow/.local/lib/python3.7/site-packages/airflow/example_dags/example_branch_operator_decorator.py
[2022-09-21 00:24:43,188] {logging_mixin.py:115} INFO - [2022-09-21 00:24:43,187] {dag.py:2371} INFO - Sync 1 DAGs
[2022-09-21 00:24:43,233] {logging_mixin.py:115} INFO - [2022-09-21 00:24:43,232] {dag.py:2919} INFO - Setting next_dagrun for example_branch_python_operator_decorator to 2022-09-20T00:00:00+00:00, run_after=2022-09-21T00:00:00+00:00
[2022-09-21 00:24:43,292] {processor.py:161} INFO - Processing /home/airflow/.local/lib/python3.7/site-packages/airflow/example_dags/example_branch_operator_decorator.py took 0.226 seconds
[2022-09-21 00:25:14,526] {processor.py:153} INFO - Started process (PID=22393) to work on /home/airflow/.local/lib/python3.7/site-packages/airflow/example_dags/example_branch_operator_decorator.py
[2022-09-21 00:25:14,527] {processor.py:641} INFO - Processing file /home/airflow/.local/lib/python3.7/site-packages/airflow/example_dags/example_branch_operator_decorator.py for tasks to queue
[2022-09-21 00:25:14,528] {logging_mixin.py:115} INFO - [2022-09-21 00:25:14,527] {dagbag.py:507} INFO - Filling up the DagBag from /home/airflow/.local/lib/python3.7/site-packages/airflow/example_dags/example_branch_operator_decorator.py
[2022-09-21 00:25:14,562] {processor.py:651} INFO - DAG(s) dict_keys(['example_branch_python_operator_decorator']) retrieved from /home/airflow/.local/lib/python3.7/site-packages/airflow/example_dags/example_branch_operator_decorator.py
[2022-09-21 00:25:14,606] {logging_mixin.py:115} INFO - [2022-09-21 00:25:14,606] {dag.py:2371} INFO - Sync 1 DAGs
[2022-09-21 00:25:14,646] {logging_mixin.py:115} INFO - [2022-09-21 00:25:14,646] {dag.py:2919} INFO - Setting next_dagrun for example_branch_python_operator_decorator to 2022-09-20T00:00:00+00:00, run_after=2022-09-21T00:00:00+00:00
[2022-09-21 00:25:14,731] {processor.py:161} INFO - Processing /home/airflow/.local/lib/python3.7/site-packages/airflow/example_dags/example_branch_operator_decorator.py took 0.213 seconds
[2022-09-21 00:25:45,133] {processor.py:153} INFO - Started process (PID=22447) to work on /home/airflow/.local/lib/python3.7/site-packages/airflow/example_dags/example_branch_operator_decorator.py
[2022-09-21 00:25:45,158] {processor.py:641} INFO - Processing file /home/airflow/.local/lib/python3.7/site-packages/airflow/example_dags/example_branch_operator_decorator.py for tasks to queue
[2022-09-21 00:25:45,159] {logging_mixin.py:115} INFO - [2022-09-21 00:25:45,158] {dagbag.py:507} INFO - Filling up the DagBag from /home/airflow/.local/lib/python3.7/site-packages/airflow/example_dags/example_branch_operator_decorator.py
[2022-09-21 00:25:45,218] {processor.py:651} INFO - DAG(s) dict_keys(['example_branch_python_operator_decorator']) retrieved from /home/airflow/.local/lib/python3.7/site-packages/airflow/example_dags/example_branch_operator_decorator.py
[2022-09-21 00:25:45,273] {logging_mixin.py:115} INFO - [2022-09-21 00:25:45,273] {dag.py:2371} INFO - Sync 1 DAGs
[2022-09-21 00:25:45,317] {logging_mixin.py:115} INFO - [2022-09-21 00:25:45,317] {dag.py:2919} INFO - Setting next_dagrun for example_branch_python_operator_decorator to 2022-09-20T00:00:00+00:00, run_after=2022-09-21T00:00:00+00:00
[2022-09-21 00:25:45,337] {processor.py:161} INFO - Processing /home/airflow/.local/lib/python3.7/site-packages/airflow/example_dags/example_branch_operator_decorator.py took 0.212 seconds
[2022-09-21 00:26:16,149] {processor.py:153} INFO - Started process (PID=22498) to work on /home/airflow/.local/lib/python3.7/site-packages/airflow/example_dags/example_branch_operator_decorator.py
[2022-09-21 00:26:16,150] {processor.py:641} INFO - Processing file /home/airflow/.local/lib/python3.7/site-packages/airflow/example_dags/example_branch_operator_decorator.py for tasks to queue
[2022-09-21 00:26:16,151] {logging_mixin.py:115} INFO - [2022-09-21 00:26:16,151] {dagbag.py:507} INFO - Filling up the DagBag from /home/airflow/.local/lib/python3.7/site-packages/airflow/example_dags/example_branch_operator_decorator.py
[2022-09-21 00:26:16,188] {processor.py:651} INFO - DAG(s) dict_keys(['example_branch_python_operator_decorator']) retrieved from /home/airflow/.local/lib/python3.7/site-packages/airflow/example_dags/example_branch_operator_decorator.py
[2022-09-21 00:26:16,226] {logging_mixin.py:115} INFO - [2022-09-21 00:26:16,226] {dag.py:2371} INFO - Sync 1 DAGs
[2022-09-21 00:26:16,264] {logging_mixin.py:115} INFO - [2022-09-21 00:26:16,264] {dag.py:2919} INFO - Setting next_dagrun for example_branch_python_operator_decorator to 2022-09-20T00:00:00+00:00, run_after=2022-09-21T00:00:00+00:00
[2022-09-21 00:26:16,286] {processor.py:161} INFO - Processing /home/airflow/.local/lib/python3.7/site-packages/airflow/example_dags/example_branch_operator_decorator.py took 0.144 seconds
[2022-09-21 00:26:47,221] {processor.py:153} INFO - Started process (PID=22559) to work on /home/airflow/.local/lib/python3.7/site-packages/airflow/example_dags/example_branch_operator_decorator.py
[2022-09-21 00:26:47,242] {processor.py:641} INFO - Processing file /home/airflow/.local/lib/python3.7/site-packages/airflow/example_dags/example_branch_operator_decorator.py for tasks to queue
[2022-09-21 00:26:47,243] {logging_mixin.py:115} INFO - [2022-09-21 00:26:47,243] {dagbag.py:507} INFO - Filling up the DagBag from /home/airflow/.local/lib/python3.7/site-packages/airflow/example_dags/example_branch_operator_decorator.py
[2022-09-21 00:26:47,280] {processor.py:651} INFO - DAG(s) dict_keys(['example_branch_python_operator_decorator']) retrieved from /home/airflow/.local/lib/python3.7/site-packages/airflow/example_dags/example_branch_operator_decorator.py
[2022-09-21 00:26:47,323] {logging_mixin.py:115} INFO - [2022-09-21 00:26:47,322] {dag.py:2371} INFO - Sync 1 DAGs
[2022-09-21 00:26:47,361] {logging_mixin.py:115} INFO - [2022-09-21 00:26:47,360] {dag.py:2919} INFO - Setting next_dagrun for example_branch_python_operator_decorator to 2022-09-20T00:00:00+00:00, run_after=2022-09-21T00:00:00+00:00
[2022-09-21 00:26:47,379] {processor.py:161} INFO - Processing /home/airflow/.local/lib/python3.7/site-packages/airflow/example_dags/example_branch_operator_decorator.py took 0.163 seconds
[2022-09-21 00:27:17,894] {processor.py:153} INFO - Started process (PID=22611) to work on /home/airflow/.local/lib/python3.7/site-packages/airflow/example_dags/example_branch_operator_decorator.py
[2022-09-21 00:27:17,895] {processor.py:641} INFO - Processing file /home/airflow/.local/lib/python3.7/site-packages/airflow/example_dags/example_branch_operator_decorator.py for tasks to queue
[2022-09-21 00:27:17,895] {logging_mixin.py:115} INFO - [2022-09-21 00:27:17,895] {dagbag.py:507} INFO - Filling up the DagBag from /home/airflow/.local/lib/python3.7/site-packages/airflow/example_dags/example_branch_operator_decorator.py
[2022-09-21 00:27:17,930] {processor.py:651} INFO - DAG(s) dict_keys(['example_branch_python_operator_decorator']) retrieved from /home/airflow/.local/lib/python3.7/site-packages/airflow/example_dags/example_branch_operator_decorator.py
[2022-09-21 00:27:17,982] {logging_mixin.py:115} INFO - [2022-09-21 00:27:17,982] {dag.py:2371} INFO - Sync 1 DAGs
[2022-09-21 00:27:18,020] {logging_mixin.py:115} INFO - [2022-09-21 00:27:18,020] {dag.py:2919} INFO - Setting next_dagrun for example_branch_python_operator_decorator to 2022-09-20T00:00:00+00:00, run_after=2022-09-21T00:00:00+00:00
[2022-09-21 00:27:18,036] {processor.py:161} INFO - Processing /home/airflow/.local/lib/python3.7/site-packages/airflow/example_dags/example_branch_operator_decorator.py took 0.146 seconds
[2022-09-21 00:27:48,421] {processor.py:153} INFO - Started process (PID=22670) to work on /home/airflow/.local/lib/python3.7/site-packages/airflow/example_dags/example_branch_operator_decorator.py
[2022-09-21 00:27:48,437] {processor.py:641} INFO - Processing file /home/airflow/.local/lib/python3.7/site-packages/airflow/example_dags/example_branch_operator_decorator.py for tasks to queue
[2022-09-21 00:27:48,437] {logging_mixin.py:115} INFO - [2022-09-21 00:27:48,437] {dagbag.py:507} INFO - Filling up the DagBag from /home/airflow/.local/lib/python3.7/site-packages/airflow/example_dags/example_branch_operator_decorator.py
[2022-09-21 00:27:48,460] {processor.py:651} INFO - DAG(s) dict_keys(['example_branch_python_operator_decorator']) retrieved from /home/airflow/.local/lib/python3.7/site-packages/airflow/example_dags/example_branch_operator_decorator.py
[2022-09-21 00:27:48,499] {logging_mixin.py:115} INFO - [2022-09-21 00:27:48,499] {dag.py:2371} INFO - Sync 1 DAGs
[2022-09-21 00:27:48,535] {logging_mixin.py:115} INFO - [2022-09-21 00:27:48,535] {dag.py:2919} INFO - Setting next_dagrun for example_branch_python_operator_decorator to 2022-09-20T00:00:00+00:00, run_after=2022-09-21T00:00:00+00:00
[2022-09-21 00:27:48,585] {processor.py:161} INFO - Processing /home/airflow/.local/lib/python3.7/site-packages/airflow/example_dags/example_branch_operator_decorator.py took 0.168 seconds
[2022-09-21 00:28:18,932] {processor.py:153} INFO - Started process (PID=22725) to work on /home/airflow/.local/lib/python3.7/site-packages/airflow/example_dags/example_branch_operator_decorator.py
[2022-09-21 00:28:18,933] {processor.py:641} INFO - Processing file /home/airflow/.local/lib/python3.7/site-packages/airflow/example_dags/example_branch_operator_decorator.py for tasks to queue
[2022-09-21 00:28:18,933] {logging_mixin.py:115} INFO - [2022-09-21 00:28:18,933] {dagbag.py:507} INFO - Filling up the DagBag from /home/airflow/.local/lib/python3.7/site-packages/airflow/example_dags/example_branch_operator_decorator.py
[2022-09-21 00:28:18,957] {processor.py:651} INFO - DAG(s) dict_keys(['example_branch_python_operator_decorator']) retrieved from /home/airflow/.local/lib/python3.7/site-packages/airflow/example_dags/example_branch_operator_decorator.py
[2022-09-21 00:28:18,989] {logging_mixin.py:115} INFO - [2022-09-21 00:28:18,989] {dag.py:2371} INFO - Sync 1 DAGs
[2022-09-21 00:28:19,023] {logging_mixin.py:115} INFO - [2022-09-21 00:28:19,023] {dag.py:2919} INFO - Setting next_dagrun for example_branch_python_operator_decorator to 2022-09-20T00:00:00+00:00, run_after=2022-09-21T00:00:00+00:00
[2022-09-21 00:28:19,042] {processor.py:161} INFO - Processing /home/airflow/.local/lib/python3.7/site-packages/airflow/example_dags/example_branch_operator_decorator.py took 0.114 seconds
[2022-09-21 00:28:49,825] {processor.py:153} INFO - Started process (PID=22777) to work on /home/airflow/.local/lib/python3.7/site-packages/airflow/example_dags/example_branch_operator_decorator.py
[2022-09-21 00:28:49,965] {processor.py:641} INFO - Processing file /home/airflow/.local/lib/python3.7/site-packages/airflow/example_dags/example_branch_operator_decorator.py for tasks to queue
[2022-09-21 00:28:49,968] {logging_mixin.py:115} INFO - [2022-09-21 00:28:49,968] {dagbag.py:507} INFO - Filling up the DagBag from /home/airflow/.local/lib/python3.7/site-packages/airflow/example_dags/example_branch_operator_decorator.py
[2022-09-21 00:28:50,093] {processor.py:651} INFO - DAG(s) dict_keys(['example_branch_python_operator_decorator']) retrieved from /home/airflow/.local/lib/python3.7/site-packages/airflow/example_dags/example_branch_operator_decorator.py
[2022-09-21 00:28:50,140] {logging_mixin.py:115} INFO - [2022-09-21 00:28:50,140] {dag.py:2371} INFO - Sync 1 DAGs
[2022-09-21 00:28:50,169] {logging_mixin.py:115} INFO - [2022-09-21 00:28:50,169] {dag.py:2919} INFO - Setting next_dagrun for example_branch_python_operator_decorator to 2022-09-20T00:00:00+00:00, run_after=2022-09-21T00:00:00+00:00
[2022-09-21 00:28:50,212] {processor.py:161} INFO - Processing /home/airflow/.local/lib/python3.7/site-packages/airflow/example_dags/example_branch_operator_decorator.py took 0.391 seconds
[2022-09-21 00:29:20,576] {processor.py:153} INFO - Started process (PID=22839) to work on /home/airflow/.local/lib/python3.7/site-packages/airflow/example_dags/example_branch_operator_decorator.py
[2022-09-21 00:29:20,577] {processor.py:641} INFO - Processing file /home/airflow/.local/lib/python3.7/site-packages/airflow/example_dags/example_branch_operator_decorator.py for tasks to queue
[2022-09-21 00:29:20,577] {logging_mixin.py:115} INFO - [2022-09-21 00:29:20,577] {dagbag.py:507} INFO - Filling up the DagBag from /home/airflow/.local/lib/python3.7/site-packages/airflow/example_dags/example_branch_operator_decorator.py
[2022-09-21 00:29:20,606] {processor.py:651} INFO - DAG(s) dict_keys(['example_branch_python_operator_decorator']) retrieved from /home/airflow/.local/lib/python3.7/site-packages/airflow/example_dags/example_branch_operator_decorator.py
[2022-09-21 00:29:20,647] {logging_mixin.py:115} INFO - [2022-09-21 00:29:20,647] {dag.py:2371} INFO - Sync 1 DAGs
[2022-09-21 00:29:20,686] {logging_mixin.py:115} INFO - [2022-09-21 00:29:20,686] {dag.py:2919} INFO - Setting next_dagrun for example_branch_python_operator_decorator to 2022-09-20T00:00:00+00:00, run_after=2022-09-21T00:00:00+00:00
[2022-09-21 00:29:20,715] {processor.py:161} INFO - Processing /home/airflow/.local/lib/python3.7/site-packages/airflow/example_dags/example_branch_operator_decorator.py took 0.143 seconds
[2022-09-21 00:29:51,031] {processor.py:153} INFO - Started process (PID=22892) to work on /home/airflow/.local/lib/python3.7/site-packages/airflow/example_dags/example_branch_operator_decorator.py
[2022-09-21 00:29:51,032] {processor.py:641} INFO - Processing file /home/airflow/.local/lib/python3.7/site-packages/airflow/example_dags/example_branch_operator_decorator.py for tasks to queue
[2022-09-21 00:29:51,033] {logging_mixin.py:115} INFO - [2022-09-21 00:29:51,033] {dagbag.py:507} INFO - Filling up the DagBag from /home/airflow/.local/lib/python3.7/site-packages/airflow/example_dags/example_branch_operator_decorator.py
[2022-09-21 00:29:51,055] {processor.py:651} INFO - DAG(s) dict_keys(['example_branch_python_operator_decorator']) retrieved from /home/airflow/.local/lib/python3.7/site-packages/airflow/example_dags/example_branch_operator_decorator.py
[2022-09-21 00:29:51,088] {logging_mixin.py:115} INFO - [2022-09-21 00:29:51,088] {dag.py:2371} INFO - Sync 1 DAGs
[2022-09-21 00:29:51,122] {logging_mixin.py:115} INFO - [2022-09-21 00:29:51,122] {dag.py:2919} INFO - Setting next_dagrun for example_branch_python_operator_decorator to 2022-09-20T00:00:00+00:00, run_after=2022-09-21T00:00:00+00:00
[2022-09-21 00:29:51,140] {processor.py:161} INFO - Processing /home/airflow/.local/lib/python3.7/site-packages/airflow/example_dags/example_branch_operator_decorator.py took 0.114 seconds
[2022-09-21 00:30:22,179] {processor.py:153} INFO - Started process (PID=22953) to work on /home/airflow/.local/lib/python3.7/site-packages/airflow/example_dags/example_branch_operator_decorator.py
[2022-09-21 00:30:22,180] {processor.py:641} INFO - Processing file /home/airflow/.local/lib/python3.7/site-packages/airflow/example_dags/example_branch_operator_decorator.py for tasks to queue
[2022-09-21 00:30:22,180] {logging_mixin.py:115} INFO - [2022-09-21 00:30:22,180] {dagbag.py:507} INFO - Filling up the DagBag from /home/airflow/.local/lib/python3.7/site-packages/airflow/example_dags/example_branch_operator_decorator.py
[2022-09-21 00:30:22,216] {processor.py:651} INFO - DAG(s) dict_keys(['example_branch_python_operator_decorator']) retrieved from /home/airflow/.local/lib/python3.7/site-packages/airflow/example_dags/example_branch_operator_decorator.py
[2022-09-21 00:30:22,263] {logging_mixin.py:115} INFO - [2022-09-21 00:30:22,263] {dag.py:2371} INFO - Sync 1 DAGs
[2022-09-21 00:30:22,309] {logging_mixin.py:115} INFO - [2022-09-21 00:30:22,309] {dag.py:2919} INFO - Setting next_dagrun for example_branch_python_operator_decorator to 2022-09-20T00:00:00+00:00, run_after=2022-09-21T00:00:00+00:00
[2022-09-21 00:30:22,339] {processor.py:161} INFO - Processing /home/airflow/.local/lib/python3.7/site-packages/airflow/example_dags/example_branch_operator_decorator.py took 0.166 seconds
[2022-09-21 00:30:53,086] {processor.py:153} INFO - Started process (PID=23006) to work on /home/airflow/.local/lib/python3.7/site-packages/airflow/example_dags/example_branch_operator_decorator.py
[2022-09-21 00:30:53,087] {processor.py:641} INFO - Processing file /home/airflow/.local/lib/python3.7/site-packages/airflow/example_dags/example_branch_operator_decorator.py for tasks to queue
[2022-09-21 00:30:53,088] {logging_mixin.py:115} INFO - [2022-09-21 00:30:53,088] {dagbag.py:507} INFO - Filling up the DagBag from /home/airflow/.local/lib/python3.7/site-packages/airflow/example_dags/example_branch_operator_decorator.py
[2022-09-21 00:30:53,128] {processor.py:651} INFO - DAG(s) dict_keys(['example_branch_python_operator_decorator']) retrieved from /home/airflow/.local/lib/python3.7/site-packages/airflow/example_dags/example_branch_operator_decorator.py
[2022-09-21 00:30:53,175] {logging_mixin.py:115} INFO - [2022-09-21 00:30:53,175] {dag.py:2371} INFO - Sync 1 DAGs
[2022-09-21 00:30:53,223] {logging_mixin.py:115} INFO - [2022-09-21 00:30:53,223] {dag.py:2919} INFO - Setting next_dagrun for example_branch_python_operator_decorator to 2022-09-20T00:00:00+00:00, run_after=2022-09-21T00:00:00+00:00
[2022-09-21 00:30:53,253] {processor.py:161} INFO - Processing /home/airflow/.local/lib/python3.7/site-packages/airflow/example_dags/example_branch_operator_decorator.py took 0.173 seconds
[2022-09-21 00:31:23,971] {processor.py:153} INFO - Started process (PID=23065) to work on /home/airflow/.local/lib/python3.7/site-packages/airflow/example_dags/example_branch_operator_decorator.py
[2022-09-21 00:31:23,972] {processor.py:641} INFO - Processing file /home/airflow/.local/lib/python3.7/site-packages/airflow/example_dags/example_branch_operator_decorator.py for tasks to queue
[2022-09-21 00:31:23,973] {logging_mixin.py:115} INFO - [2022-09-21 00:31:23,973] {dagbag.py:507} INFO - Filling up the DagBag from /home/airflow/.local/lib/python3.7/site-packages/airflow/example_dags/example_branch_operator_decorator.py
[2022-09-21 00:31:24,009] {processor.py:651} INFO - DAG(s) dict_keys(['example_branch_python_operator_decorator']) retrieved from /home/airflow/.local/lib/python3.7/site-packages/airflow/example_dags/example_branch_operator_decorator.py
[2022-09-21 00:31:24,056] {logging_mixin.py:115} INFO - [2022-09-21 00:31:24,056] {dag.py:2371} INFO - Sync 1 DAGs
[2022-09-21 00:31:24,111] {logging_mixin.py:115} INFO - [2022-09-21 00:31:24,110] {dag.py:2919} INFO - Setting next_dagrun for example_branch_python_operator_decorator to 2022-09-20T00:00:00+00:00, run_after=2022-09-21T00:00:00+00:00
[2022-09-21 00:31:24,146] {processor.py:161} INFO - Processing /home/airflow/.local/lib/python3.7/site-packages/airflow/example_dags/example_branch_operator_decorator.py took 0.178 seconds
[2022-09-21 00:31:54,875] {processor.py:153} INFO - Started process (PID=23117) to work on /home/airflow/.local/lib/python3.7/site-packages/airflow/example_dags/example_branch_operator_decorator.py
[2022-09-21 00:31:54,876] {processor.py:641} INFO - Processing file /home/airflow/.local/lib/python3.7/site-packages/airflow/example_dags/example_branch_operator_decorator.py for tasks to queue
[2022-09-21 00:31:54,877] {logging_mixin.py:115} INFO - [2022-09-21 00:31:54,876] {dagbag.py:507} INFO - Filling up the DagBag from /home/airflow/.local/lib/python3.7/site-packages/airflow/example_dags/example_branch_operator_decorator.py
[2022-09-21 00:31:54,907] {processor.py:651} INFO - DAG(s) dict_keys(['example_branch_python_operator_decorator']) retrieved from /home/airflow/.local/lib/python3.7/site-packages/airflow/example_dags/example_branch_operator_decorator.py
[2022-09-21 00:31:54,939] {logging_mixin.py:115} INFO - [2022-09-21 00:31:54,939] {dag.py:2371} INFO - Sync 1 DAGs
[2022-09-21 00:31:54,969] {logging_mixin.py:115} INFO - [2022-09-21 00:31:54,969] {dag.py:2919} INFO - Setting next_dagrun for example_branch_python_operator_decorator to 2022-09-20T00:00:00+00:00, run_after=2022-09-21T00:00:00+00:00
[2022-09-21 00:31:54,996] {processor.py:161} INFO - Processing /home/airflow/.local/lib/python3.7/site-packages/airflow/example_dags/example_branch_operator_decorator.py took 0.125 seconds
[2022-09-21 00:32:25,446] {processor.py:153} INFO - Started process (PID=23178) to work on /home/airflow/.local/lib/python3.7/site-packages/airflow/example_dags/example_branch_operator_decorator.py
[2022-09-21 00:32:25,447] {processor.py:641} INFO - Processing file /home/airflow/.local/lib/python3.7/site-packages/airflow/example_dags/example_branch_operator_decorator.py for tasks to queue
[2022-09-21 00:32:25,448] {logging_mixin.py:115} INFO - [2022-09-21 00:32:25,448] {dagbag.py:507} INFO - Filling up the DagBag from /home/airflow/.local/lib/python3.7/site-packages/airflow/example_dags/example_branch_operator_decorator.py
[2022-09-21 00:32:25,478] {processor.py:651} INFO - DAG(s) dict_keys(['example_branch_python_operator_decorator']) retrieved from /home/airflow/.local/lib/python3.7/site-packages/airflow/example_dags/example_branch_operator_decorator.py
[2022-09-21 00:32:25,518] {logging_mixin.py:115} INFO - [2022-09-21 00:32:25,518] {dag.py:2371} INFO - Sync 1 DAGs
[2022-09-21 00:32:25,552] {logging_mixin.py:115} INFO - [2022-09-21 00:32:25,552] {dag.py:2919} INFO - Setting next_dagrun for example_branch_python_operator_decorator to 2022-09-20T00:00:00+00:00, run_after=2022-09-21T00:00:00+00:00
[2022-09-21 00:32:25,578] {processor.py:161} INFO - Processing /home/airflow/.local/lib/python3.7/site-packages/airflow/example_dags/example_branch_operator_decorator.py took 0.136 seconds
[2022-09-21 00:32:56,538] {processor.py:153} INFO - Started process (PID=23239) to work on /home/airflow/.local/lib/python3.7/site-packages/airflow/example_dags/example_branch_operator_decorator.py
[2022-09-21 00:32:56,573] {processor.py:641} INFO - Processing file /home/airflow/.local/lib/python3.7/site-packages/airflow/example_dags/example_branch_operator_decorator.py for tasks to queue
[2022-09-21 00:32:56,573] {logging_mixin.py:115} INFO - [2022-09-21 00:32:56,573] {dagbag.py:507} INFO - Filling up the DagBag from /home/airflow/.local/lib/python3.7/site-packages/airflow/example_dags/example_branch_operator_decorator.py
[2022-09-21 00:32:56,644] {processor.py:651} INFO - DAG(s) dict_keys(['example_branch_python_operator_decorator']) retrieved from /home/airflow/.local/lib/python3.7/site-packages/airflow/example_dags/example_branch_operator_decorator.py
[2022-09-21 00:32:56,713] {logging_mixin.py:115} INFO - [2022-09-21 00:32:56,713] {dag.py:2371} INFO - Sync 1 DAGs
[2022-09-21 00:32:56,757] {logging_mixin.py:115} INFO - [2022-09-21 00:32:56,757] {dag.py:2919} INFO - Setting next_dagrun for example_branch_python_operator_decorator to 2022-09-20T00:00:00+00:00, run_after=2022-09-21T00:00:00+00:00
[2022-09-21 00:32:56,860] {processor.py:161} INFO - Processing /home/airflow/.local/lib/python3.7/site-packages/airflow/example_dags/example_branch_operator_decorator.py took 0.326 seconds
[2022-09-21 00:33:27,195] {processor.py:153} INFO - Started process (PID=23291) to work on /home/airflow/.local/lib/python3.7/site-packages/airflow/example_dags/example_branch_operator_decorator.py
[2022-09-21 00:33:27,195] {processor.py:641} INFO - Processing file /home/airflow/.local/lib/python3.7/site-packages/airflow/example_dags/example_branch_operator_decorator.py for tasks to queue
[2022-09-21 00:33:27,196] {logging_mixin.py:115} INFO - [2022-09-21 00:33:27,196] {dagbag.py:507} INFO - Filling up the DagBag from /home/airflow/.local/lib/python3.7/site-packages/airflow/example_dags/example_branch_operator_decorator.py
[2022-09-21 00:33:27,228] {processor.py:651} INFO - DAG(s) dict_keys(['example_branch_python_operator_decorator']) retrieved from /home/airflow/.local/lib/python3.7/site-packages/airflow/example_dags/example_branch_operator_decorator.py
[2022-09-21 00:33:27,260] {logging_mixin.py:115} INFO - [2022-09-21 00:33:27,260] {dag.py:2371} INFO - Sync 1 DAGs
[2022-09-21 00:33:27,288] {logging_mixin.py:115} INFO - [2022-09-21 00:33:27,288] {dag.py:2919} INFO - Setting next_dagrun for example_branch_python_operator_decorator to 2022-09-20T00:00:00+00:00, run_after=2022-09-21T00:00:00+00:00
[2022-09-21 00:33:27,326] {processor.py:161} INFO - Processing /home/airflow/.local/lib/python3.7/site-packages/airflow/example_dags/example_branch_operator_decorator.py took 0.135 seconds
[2022-09-21 00:33:57,668] {processor.py:153} INFO - Started process (PID=23352) to work on /home/airflow/.local/lib/python3.7/site-packages/airflow/example_dags/example_branch_operator_decorator.py
[2022-09-21 00:33:57,669] {processor.py:641} INFO - Processing file /home/airflow/.local/lib/python3.7/site-packages/airflow/example_dags/example_branch_operator_decorator.py for tasks to queue
[2022-09-21 00:33:57,670] {logging_mixin.py:115} INFO - [2022-09-21 00:33:57,670] {dagbag.py:507} INFO - Filling up the DagBag from /home/airflow/.local/lib/python3.7/site-packages/airflow/example_dags/example_branch_operator_decorator.py
[2022-09-21 00:33:57,693] {processor.py:651} INFO - DAG(s) dict_keys(['example_branch_python_operator_decorator']) retrieved from /home/airflow/.local/lib/python3.7/site-packages/airflow/example_dags/example_branch_operator_decorator.py
[2022-09-21 00:33:57,727] {logging_mixin.py:115} INFO - [2022-09-21 00:33:57,727] {dag.py:2371} INFO - Sync 1 DAGs
[2022-09-21 00:33:57,758] {logging_mixin.py:115} INFO - [2022-09-21 00:33:57,758] {dag.py:2919} INFO - Setting next_dagrun for example_branch_python_operator_decorator to 2022-09-20T00:00:00+00:00, run_after=2022-09-21T00:00:00+00:00
[2022-09-21 00:33:57,784] {processor.py:161} INFO - Processing /home/airflow/.local/lib/python3.7/site-packages/airflow/example_dags/example_branch_operator_decorator.py took 0.120 seconds
[2022-09-21 00:34:27,864] {processor.py:153} INFO - Started process (PID=23404) to work on /home/airflow/.local/lib/python3.7/site-packages/airflow/example_dags/example_branch_operator_decorator.py
[2022-09-21 00:34:27,870] {processor.py:641} INFO - Processing file /home/airflow/.local/lib/python3.7/site-packages/airflow/example_dags/example_branch_operator_decorator.py for tasks to queue
[2022-09-21 00:34:27,871] {logging_mixin.py:115} INFO - [2022-09-21 00:34:27,871] {dagbag.py:507} INFO - Filling up the DagBag from /home/airflow/.local/lib/python3.7/site-packages/airflow/example_dags/example_branch_operator_decorator.py
[2022-09-21 00:34:27,895] {processor.py:651} INFO - DAG(s) dict_keys(['example_branch_python_operator_decorator']) retrieved from /home/airflow/.local/lib/python3.7/site-packages/airflow/example_dags/example_branch_operator_decorator.py
[2022-09-21 00:34:27,926] {logging_mixin.py:115} INFO - [2022-09-21 00:34:27,926] {dag.py:2371} INFO - Sync 1 DAGs
[2022-09-21 00:34:27,955] {logging_mixin.py:115} INFO - [2022-09-21 00:34:27,955] {dag.py:2919} INFO - Setting next_dagrun for example_branch_python_operator_decorator to 2022-09-20T00:00:00+00:00, run_after=2022-09-21T00:00:00+00:00
[2022-09-21 00:34:27,975] {processor.py:161} INFO - Processing /home/airflow/.local/lib/python3.7/site-packages/airflow/example_dags/example_branch_operator_decorator.py took 0.115 seconds
[2022-09-21 00:34:58,252] {processor.py:153} INFO - Started process (PID=23461) to work on /home/airflow/.local/lib/python3.7/site-packages/airflow/example_dags/example_branch_operator_decorator.py
[2022-09-21 00:34:58,253] {processor.py:641} INFO - Processing file /home/airflow/.local/lib/python3.7/site-packages/airflow/example_dags/example_branch_operator_decorator.py for tasks to queue
[2022-09-21 00:34:58,254] {logging_mixin.py:115} INFO - [2022-09-21 00:34:58,253] {dagbag.py:507} INFO - Filling up the DagBag from /home/airflow/.local/lib/python3.7/site-packages/airflow/example_dags/example_branch_operator_decorator.py
[2022-09-21 00:34:58,287] {processor.py:651} INFO - DAG(s) dict_keys(['example_branch_python_operator_decorator']) retrieved from /home/airflow/.local/lib/python3.7/site-packages/airflow/example_dags/example_branch_operator_decorator.py
[2022-09-21 00:34:58,390] {logging_mixin.py:115} INFO - [2022-09-21 00:34:58,389] {dag.py:2371} INFO - Sync 1 DAGs
[2022-09-21 00:34:58,436] {logging_mixin.py:115} INFO - [2022-09-21 00:34:58,436] {dag.py:2919} INFO - Setting next_dagrun for example_branch_python_operator_decorator to 2022-09-20T00:00:00+00:00, run_after=2022-09-21T00:00:00+00:00
[2022-09-21 00:34:58,478] {processor.py:161} INFO - Processing /home/airflow/.local/lib/python3.7/site-packages/airflow/example_dags/example_branch_operator_decorator.py took 0.231 seconds
[2022-09-21 00:35:28,589] {processor.py:153} INFO - Started process (PID=23514) to work on /home/airflow/.local/lib/python3.7/site-packages/airflow/example_dags/example_branch_operator_decorator.py
[2022-09-21 00:35:28,591] {processor.py:641} INFO - Processing file /home/airflow/.local/lib/python3.7/site-packages/airflow/example_dags/example_branch_operator_decorator.py for tasks to queue
[2022-09-21 00:35:28,592] {logging_mixin.py:115} INFO - [2022-09-21 00:35:28,592] {dagbag.py:507} INFO - Filling up the DagBag from /home/airflow/.local/lib/python3.7/site-packages/airflow/example_dags/example_branch_operator_decorator.py
[2022-09-21 00:35:28,627] {processor.py:651} INFO - DAG(s) dict_keys(['example_branch_python_operator_decorator']) retrieved from /home/airflow/.local/lib/python3.7/site-packages/airflow/example_dags/example_branch_operator_decorator.py
[2022-09-21 00:35:28,666] {logging_mixin.py:115} INFO - [2022-09-21 00:35:28,666] {dag.py:2371} INFO - Sync 1 DAGs
[2022-09-21 00:35:28,699] {logging_mixin.py:115} INFO - [2022-09-21 00:35:28,698] {dag.py:2919} INFO - Setting next_dagrun for example_branch_python_operator_decorator to 2022-09-20T00:00:00+00:00, run_after=2022-09-21T00:00:00+00:00
[2022-09-21 00:35:28,727] {processor.py:161} INFO - Processing /home/airflow/.local/lib/python3.7/site-packages/airflow/example_dags/example_branch_operator_decorator.py took 0.147 seconds
[2022-09-21 00:35:59,317] {processor.py:153} INFO - Started process (PID=23564) to work on /home/airflow/.local/lib/python3.7/site-packages/airflow/example_dags/example_branch_operator_decorator.py
[2022-09-21 00:35:59,318] {processor.py:641} INFO - Processing file /home/airflow/.local/lib/python3.7/site-packages/airflow/example_dags/example_branch_operator_decorator.py for tasks to queue
[2022-09-21 00:35:59,318] {logging_mixin.py:115} INFO - [2022-09-21 00:35:59,318] {dagbag.py:507} INFO - Filling up the DagBag from /home/airflow/.local/lib/python3.7/site-packages/airflow/example_dags/example_branch_operator_decorator.py
[2022-09-21 00:35:59,341] {processor.py:651} INFO - DAG(s) dict_keys(['example_branch_python_operator_decorator']) retrieved from /home/airflow/.local/lib/python3.7/site-packages/airflow/example_dags/example_branch_operator_decorator.py
[2022-09-21 00:35:59,370] {logging_mixin.py:115} INFO - [2022-09-21 00:35:59,370] {dag.py:2371} INFO - Sync 1 DAGs
[2022-09-21 00:35:59,399] {logging_mixin.py:115} INFO - [2022-09-21 00:35:59,399] {dag.py:2919} INFO - Setting next_dagrun for example_branch_python_operator_decorator to 2022-09-20T00:00:00+00:00, run_after=2022-09-21T00:00:00+00:00
[2022-09-21 00:35:59,418] {processor.py:161} INFO - Processing /home/airflow/.local/lib/python3.7/site-packages/airflow/example_dags/example_branch_operator_decorator.py took 0.105 seconds
[2022-09-21 00:36:30,474] {processor.py:153} INFO - Started process (PID=23625) to work on /home/airflow/.local/lib/python3.7/site-packages/airflow/example_dags/example_branch_operator_decorator.py
[2022-09-21 00:36:30,699] {processor.py:641} INFO - Processing file /home/airflow/.local/lib/python3.7/site-packages/airflow/example_dags/example_branch_operator_decorator.py for tasks to queue
[2022-09-21 00:36:30,700] {logging_mixin.py:115} INFO - [2022-09-21 00:36:30,700] {dagbag.py:507} INFO - Filling up the DagBag from /home/airflow/.local/lib/python3.7/site-packages/airflow/example_dags/example_branch_operator_decorator.py
[2022-09-21 00:36:30,740] {processor.py:651} INFO - DAG(s) dict_keys(['example_branch_python_operator_decorator']) retrieved from /home/airflow/.local/lib/python3.7/site-packages/airflow/example_dags/example_branch_operator_decorator.py
[2022-09-21 00:36:30,794] {logging_mixin.py:115} INFO - [2022-09-21 00:36:30,794] {dag.py:2371} INFO - Sync 1 DAGs
[2022-09-21 00:36:30,846] {logging_mixin.py:115} INFO - [2022-09-21 00:36:30,846] {dag.py:2919} INFO - Setting next_dagrun for example_branch_python_operator_decorator to 2022-09-20T00:00:00+00:00, run_after=2022-09-21T00:00:00+00:00
[2022-09-21 00:36:31,122] {processor.py:161} INFO - Processing /home/airflow/.local/lib/python3.7/site-packages/airflow/example_dags/example_branch_operator_decorator.py took 0.653 seconds
