[2022-09-21 00:00:08,122] {processor.py:153} INFO - Started process (PID=19717) to work on /home/airflow/.local/lib/python3.7/site-packages/airflow/example_dags/example_task_group.py
[2022-09-21 00:00:08,123] {processor.py:641} INFO - Processing file /home/airflow/.local/lib/python3.7/site-packages/airflow/example_dags/example_task_group.py for tasks to queue
[2022-09-21 00:00:08,124] {logging_mixin.py:115} INFO - [2022-09-21 00:00:08,124] {dagbag.py:507} INFO - Filling up the DagBag from /home/airflow/.local/lib/python3.7/site-packages/airflow/example_dags/example_task_group.py
[2022-09-21 00:00:08,145] {processor.py:651} INFO - DAG(s) dict_keys(['example_task_group']) retrieved from /home/airflow/.local/lib/python3.7/site-packages/airflow/example_dags/example_task_group.py
[2022-09-21 00:00:08,264] {logging_mixin.py:115} INFO - [2022-09-21 00:00:08,264] {dag.py:2371} INFO - Sync 1 DAGs
[2022-09-21 00:00:08,325] {logging_mixin.py:115} INFO - [2022-09-21 00:00:08,325] {dag.py:2919} INFO - Setting next_dagrun for example_task_group to 2022-09-20T00:00:08.324681+00:00, run_after=2022-09-21T00:00:08.324681+00:00
[2022-09-21 00:00:08,558] {processor.py:161} INFO - Processing /home/airflow/.local/lib/python3.7/site-packages/airflow/example_dags/example_task_group.py took 0.443 seconds
[2022-09-21 00:00:38,727] {processor.py:153} INFO - Started process (PID=19778) to work on /home/airflow/.local/lib/python3.7/site-packages/airflow/example_dags/example_task_group.py
[2022-09-21 00:00:38,820] {processor.py:641} INFO - Processing file /home/airflow/.local/lib/python3.7/site-packages/airflow/example_dags/example_task_group.py for tasks to queue
[2022-09-21 00:00:38,821] {logging_mixin.py:115} INFO - [2022-09-21 00:00:38,821] {dagbag.py:507} INFO - Filling up the DagBag from /home/airflow/.local/lib/python3.7/site-packages/airflow/example_dags/example_task_group.py
[2022-09-21 00:00:38,845] {processor.py:651} INFO - DAG(s) dict_keys(['example_task_group']) retrieved from /home/airflow/.local/lib/python3.7/site-packages/airflow/example_dags/example_task_group.py
[2022-09-21 00:00:38,903] {logging_mixin.py:115} INFO - [2022-09-21 00:00:38,903] {dag.py:2371} INFO - Sync 1 DAGs
[2022-09-21 00:00:38,956] {logging_mixin.py:115} INFO - [2022-09-21 00:00:38,956] {dag.py:2919} INFO - Setting next_dagrun for example_task_group to 2022-09-20T00:00:38.955630+00:00, run_after=2022-09-21T00:00:38.955630+00:00
[2022-09-21 00:00:38,995] {processor.py:161} INFO - Processing /home/airflow/.local/lib/python3.7/site-packages/airflow/example_dags/example_task_group.py took 0.292 seconds
[2022-09-21 00:01:09,328] {processor.py:153} INFO - Started process (PID=19831) to work on /home/airflow/.local/lib/python3.7/site-packages/airflow/example_dags/example_task_group.py
[2022-09-21 00:01:09,330] {processor.py:641} INFO - Processing file /home/airflow/.local/lib/python3.7/site-packages/airflow/example_dags/example_task_group.py for tasks to queue
[2022-09-21 00:01:09,333] {logging_mixin.py:115} INFO - [2022-09-21 00:01:09,332] {dagbag.py:507} INFO - Filling up the DagBag from /home/airflow/.local/lib/python3.7/site-packages/airflow/example_dags/example_task_group.py
[2022-09-21 00:01:09,365] {processor.py:651} INFO - DAG(s) dict_keys(['example_task_group']) retrieved from /home/airflow/.local/lib/python3.7/site-packages/airflow/example_dags/example_task_group.py
[2022-09-21 00:01:09,419] {logging_mixin.py:115} INFO - [2022-09-21 00:01:09,419] {dag.py:2371} INFO - Sync 1 DAGs
[2022-09-21 00:01:09,461] {logging_mixin.py:115} INFO - [2022-09-21 00:01:09,461] {dag.py:2919} INFO - Setting next_dagrun for example_task_group to 2022-09-20T00:01:09.461051+00:00, run_after=2022-09-21T00:01:09.461051+00:00
[2022-09-21 00:01:09,492] {processor.py:161} INFO - Processing /home/airflow/.local/lib/python3.7/site-packages/airflow/example_dags/example_task_group.py took 0.178 seconds
[2022-09-21 00:01:40,205] {processor.py:153} INFO - Started process (PID=19882) to work on /home/airflow/.local/lib/python3.7/site-packages/airflow/example_dags/example_task_group.py
[2022-09-21 00:01:40,230] {processor.py:641} INFO - Processing file /home/airflow/.local/lib/python3.7/site-packages/airflow/example_dags/example_task_group.py for tasks to queue
[2022-09-21 00:01:40,231] {logging_mixin.py:115} INFO - [2022-09-21 00:01:40,231] {dagbag.py:507} INFO - Filling up the DagBag from /home/airflow/.local/lib/python3.7/site-packages/airflow/example_dags/example_task_group.py
[2022-09-21 00:01:40,241] {processor.py:651} INFO - DAG(s) dict_keys(['example_task_group']) retrieved from /home/airflow/.local/lib/python3.7/site-packages/airflow/example_dags/example_task_group.py
[2022-09-21 00:01:40,283] {logging_mixin.py:115} INFO - [2022-09-21 00:01:40,283] {dag.py:2371} INFO - Sync 1 DAGs
[2022-09-21 00:01:40,318] {logging_mixin.py:115} INFO - [2022-09-21 00:01:40,318] {dag.py:2919} INFO - Setting next_dagrun for example_task_group to 2022-09-20T00:01:40.317946+00:00, run_after=2022-09-21T00:01:40.317946+00:00
[2022-09-21 00:01:40,371] {processor.py:161} INFO - Processing /home/airflow/.local/lib/python3.7/site-packages/airflow/example_dags/example_task_group.py took 0.171 seconds
[2022-09-21 00:02:18,744] {processor.py:153} INFO - Started process (PID=19937) to work on /home/airflow/.local/lib/python3.7/site-packages/airflow/example_dags/example_task_group.py
[2022-09-21 00:02:18,770] {processor.py:641} INFO - Processing file /home/airflow/.local/lib/python3.7/site-packages/airflow/example_dags/example_task_group.py for tasks to queue
[2022-09-21 00:02:18,773] {logging_mixin.py:115} INFO - [2022-09-21 00:02:18,773] {dagbag.py:507} INFO - Filling up the DagBag from /home/airflow/.local/lib/python3.7/site-packages/airflow/example_dags/example_task_group.py
[2022-09-21 00:02:18,794] {processor.py:651} INFO - DAG(s) dict_keys(['example_task_group']) retrieved from /home/airflow/.local/lib/python3.7/site-packages/airflow/example_dags/example_task_group.py
[2022-09-21 00:02:18,841] {logging_mixin.py:115} INFO - [2022-09-21 00:02:18,841] {dag.py:2371} INFO - Sync 1 DAGs
[2022-09-21 00:02:18,876] {logging_mixin.py:115} INFO - [2022-09-21 00:02:18,876] {dag.py:2919} INFO - Setting next_dagrun for example_task_group to 2022-09-20T00:02:18.876486+00:00, run_after=2022-09-21T00:02:18.876486+00:00
[2022-09-21 00:02:18,915] {processor.py:161} INFO - Processing /home/airflow/.local/lib/python3.7/site-packages/airflow/example_dags/example_task_group.py took 0.183 seconds
[2022-09-21 00:03:09,700] {processor.py:153} INFO - Started process (PID=20002) to work on /home/airflow/.local/lib/python3.7/site-packages/airflow/example_dags/example_task_group.py
[2022-09-21 00:03:09,838] {processor.py:641} INFO - Processing file /home/airflow/.local/lib/python3.7/site-packages/airflow/example_dags/example_task_group.py for tasks to queue
[2022-09-21 00:03:09,839] {logging_mixin.py:115} INFO - [2022-09-21 00:03:09,839] {dagbag.py:507} INFO - Filling up the DagBag from /home/airflow/.local/lib/python3.7/site-packages/airflow/example_dags/example_task_group.py
[2022-09-21 00:03:09,852] {processor.py:651} INFO - DAG(s) dict_keys(['example_task_group']) retrieved from /home/airflow/.local/lib/python3.7/site-packages/airflow/example_dags/example_task_group.py
[2022-09-21 00:03:09,895] {logging_mixin.py:115} INFO - [2022-09-21 00:03:09,895] {dag.py:2371} INFO - Sync 1 DAGs
[2022-09-21 00:03:09,944] {logging_mixin.py:115} INFO - [2022-09-21 00:03:09,943] {dag.py:2919} INFO - Setting next_dagrun for example_task_group to 2022-09-20T00:03:09.943129+00:00, run_after=2022-09-21T00:03:09.943129+00:00
[2022-09-21 00:03:10,119] {processor.py:161} INFO - Processing /home/airflow/.local/lib/python3.7/site-packages/airflow/example_dags/example_task_group.py took 0.424 seconds
[2022-09-21 00:03:40,429] {processor.py:153} INFO - Started process (PID=20055) to work on /home/airflow/.local/lib/python3.7/site-packages/airflow/example_dags/example_task_group.py
[2022-09-21 00:03:40,430] {processor.py:641} INFO - Processing file /home/airflow/.local/lib/python3.7/site-packages/airflow/example_dags/example_task_group.py for tasks to queue
[2022-09-21 00:03:40,431] {logging_mixin.py:115} INFO - [2022-09-21 00:03:40,430] {dagbag.py:507} INFO - Filling up the DagBag from /home/airflow/.local/lib/python3.7/site-packages/airflow/example_dags/example_task_group.py
[2022-09-21 00:03:40,457] {processor.py:651} INFO - DAG(s) dict_keys(['example_task_group']) retrieved from /home/airflow/.local/lib/python3.7/site-packages/airflow/example_dags/example_task_group.py
[2022-09-21 00:03:40,505] {logging_mixin.py:115} INFO - [2022-09-21 00:03:40,505] {dag.py:2371} INFO - Sync 1 DAGs
[2022-09-21 00:03:40,560] {logging_mixin.py:115} INFO - [2022-09-21 00:03:40,560] {dag.py:2919} INFO - Setting next_dagrun for example_task_group to 2022-09-20T00:03:40.560187+00:00, run_after=2022-09-21T00:03:40.560187+00:00
[2022-09-21 00:03:40,678] {processor.py:161} INFO - Processing /home/airflow/.local/lib/python3.7/site-packages/airflow/example_dags/example_task_group.py took 0.260 seconds
[2022-09-21 00:04:13,330] {processor.py:153} INFO - Started process (PID=20116) to work on /home/airflow/.local/lib/python3.7/site-packages/airflow/example_dags/example_task_group.py
[2022-09-21 00:04:13,610] {processor.py:641} INFO - Processing file /home/airflow/.local/lib/python3.7/site-packages/airflow/example_dags/example_task_group.py for tasks to queue
[2022-09-21 00:04:13,611] {logging_mixin.py:115} INFO - [2022-09-21 00:04:13,611] {dagbag.py:507} INFO - Filling up the DagBag from /home/airflow/.local/lib/python3.7/site-packages/airflow/example_dags/example_task_group.py
[2022-09-21 00:04:13,622] {processor.py:651} INFO - DAG(s) dict_keys(['example_task_group']) retrieved from /home/airflow/.local/lib/python3.7/site-packages/airflow/example_dags/example_task_group.py
[2022-09-21 00:04:13,667] {logging_mixin.py:115} INFO - [2022-09-21 00:04:13,667] {dag.py:2371} INFO - Sync 1 DAGs
[2022-09-21 00:04:13,705] {logging_mixin.py:115} INFO - [2022-09-21 00:04:13,705] {dag.py:2919} INFO - Setting next_dagrun for example_task_group to 2022-09-20T00:04:13.705322+00:00, run_after=2022-09-21T00:04:13.705322+00:00
[2022-09-21 00:04:14,369] {processor.py:161} INFO - Processing /home/airflow/.local/lib/python3.7/site-packages/airflow/example_dags/example_task_group.py took 1.044 seconds
[2022-09-21 00:04:44,795] {processor.py:153} INFO - Started process (PID=20168) to work on /home/airflow/.local/lib/python3.7/site-packages/airflow/example_dags/example_task_group.py
[2022-09-21 00:04:45,179] {processor.py:641} INFO - Processing file /home/airflow/.local/lib/python3.7/site-packages/airflow/example_dags/example_task_group.py for tasks to queue
[2022-09-21 00:04:45,181] {logging_mixin.py:115} INFO - [2022-09-21 00:04:45,181] {dagbag.py:507} INFO - Filling up the DagBag from /home/airflow/.local/lib/python3.7/site-packages/airflow/example_dags/example_task_group.py
[2022-09-21 00:04:45,213] {processor.py:651} INFO - DAG(s) dict_keys(['example_task_group']) retrieved from /home/airflow/.local/lib/python3.7/site-packages/airflow/example_dags/example_task_group.py
[2022-09-21 00:04:45,258] {logging_mixin.py:115} INFO - [2022-09-21 00:04:45,258] {dag.py:2371} INFO - Sync 1 DAGs
[2022-09-21 00:04:45,297] {logging_mixin.py:115} INFO - [2022-09-21 00:04:45,297] {dag.py:2919} INFO - Setting next_dagrun for example_task_group to 2022-09-20T00:04:45.296925+00:00, run_after=2022-09-21T00:04:45.296925+00:00
[2022-09-21 00:04:45,828] {processor.py:161} INFO - Processing /home/airflow/.local/lib/python3.7/site-packages/airflow/example_dags/example_task_group.py took 1.037 seconds
[2022-09-21 00:05:16,650] {processor.py:153} INFO - Started process (PID=20220) to work on /home/airflow/.local/lib/python3.7/site-packages/airflow/example_dags/example_task_group.py
[2022-09-21 00:05:16,651] {processor.py:641} INFO - Processing file /home/airflow/.local/lib/python3.7/site-packages/airflow/example_dags/example_task_group.py for tasks to queue
[2022-09-21 00:05:16,652] {logging_mixin.py:115} INFO - [2022-09-21 00:05:16,652] {dagbag.py:507} INFO - Filling up the DagBag from /home/airflow/.local/lib/python3.7/site-packages/airflow/example_dags/example_task_group.py
[2022-09-21 00:05:16,666] {processor.py:651} INFO - DAG(s) dict_keys(['example_task_group']) retrieved from /home/airflow/.local/lib/python3.7/site-packages/airflow/example_dags/example_task_group.py
[2022-09-21 00:05:16,709] {logging_mixin.py:115} INFO - [2022-09-21 00:05:16,708] {dag.py:2371} INFO - Sync 1 DAGs
[2022-09-21 00:05:16,744] {logging_mixin.py:115} INFO - [2022-09-21 00:05:16,744] {dag.py:2919} INFO - Setting next_dagrun for example_task_group to 2022-09-20T00:05:16.744129+00:00, run_after=2022-09-21T00:05:16.744129+00:00
[2022-09-21 00:05:16,805] {processor.py:161} INFO - Processing /home/airflow/.local/lib/python3.7/site-packages/airflow/example_dags/example_task_group.py took 0.170 seconds
[2022-09-21 00:05:47,445] {processor.py:153} INFO - Started process (PID=20272) to work on /home/airflow/.local/lib/python3.7/site-packages/airflow/example_dags/example_task_group.py
[2022-09-21 00:05:47,615] {processor.py:641} INFO - Processing file /home/airflow/.local/lib/python3.7/site-packages/airflow/example_dags/example_task_group.py for tasks to queue
[2022-09-21 00:05:47,616] {logging_mixin.py:115} INFO - [2022-09-21 00:05:47,616] {dagbag.py:507} INFO - Filling up the DagBag from /home/airflow/.local/lib/python3.7/site-packages/airflow/example_dags/example_task_group.py
[2022-09-21 00:05:47,654] {processor.py:651} INFO - DAG(s) dict_keys(['example_task_group']) retrieved from /home/airflow/.local/lib/python3.7/site-packages/airflow/example_dags/example_task_group.py
[2022-09-21 00:05:47,788] {logging_mixin.py:115} INFO - [2022-09-21 00:05:47,787] {dag.py:2371} INFO - Sync 1 DAGs
[2022-09-21 00:05:47,881] {logging_mixin.py:115} INFO - [2022-09-21 00:05:47,881] {dag.py:2919} INFO - Setting next_dagrun for example_task_group to 2022-09-20T00:05:47.881275+00:00, run_after=2022-09-21T00:05:47.881275+00:00
[2022-09-21 00:05:48,311] {processor.py:161} INFO - Processing /home/airflow/.local/lib/python3.7/site-packages/airflow/example_dags/example_task_group.py took 0.871 seconds
[2022-09-21 00:06:18,768] {processor.py:153} INFO - Started process (PID=20324) to work on /home/airflow/.local/lib/python3.7/site-packages/airflow/example_dags/example_task_group.py
[2022-09-21 00:06:18,768] {processor.py:641} INFO - Processing file /home/airflow/.local/lib/python3.7/site-packages/airflow/example_dags/example_task_group.py for tasks to queue
[2022-09-21 00:06:18,769] {logging_mixin.py:115} INFO - [2022-09-21 00:06:18,769] {dagbag.py:507} INFO - Filling up the DagBag from /home/airflow/.local/lib/python3.7/site-packages/airflow/example_dags/example_task_group.py
[2022-09-21 00:06:18,783] {processor.py:651} INFO - DAG(s) dict_keys(['example_task_group']) retrieved from /home/airflow/.local/lib/python3.7/site-packages/airflow/example_dags/example_task_group.py
[2022-09-21 00:06:18,835] {logging_mixin.py:115} INFO - [2022-09-21 00:06:18,835] {dag.py:2371} INFO - Sync 1 DAGs
[2022-09-21 00:06:18,930] {logging_mixin.py:115} INFO - [2022-09-21 00:06:18,930] {dag.py:2919} INFO - Setting next_dagrun for example_task_group to 2022-09-20T00:06:18.929861+00:00, run_after=2022-09-21T00:06:18.929861+00:00
[2022-09-21 00:06:19,207] {processor.py:161} INFO - Processing /home/airflow/.local/lib/python3.7/site-packages/airflow/example_dags/example_task_group.py took 0.443 seconds
[2022-09-21 00:06:49,389] {processor.py:153} INFO - Started process (PID=20385) to work on /home/airflow/.local/lib/python3.7/site-packages/airflow/example_dags/example_task_group.py
[2022-09-21 00:06:49,406] {processor.py:641} INFO - Processing file /home/airflow/.local/lib/python3.7/site-packages/airflow/example_dags/example_task_group.py for tasks to queue
[2022-09-21 00:06:49,407] {logging_mixin.py:115} INFO - [2022-09-21 00:06:49,407] {dagbag.py:507} INFO - Filling up the DagBag from /home/airflow/.local/lib/python3.7/site-packages/airflow/example_dags/example_task_group.py
[2022-09-21 00:06:49,415] {processor.py:651} INFO - DAG(s) dict_keys(['example_task_group']) retrieved from /home/airflow/.local/lib/python3.7/site-packages/airflow/example_dags/example_task_group.py
[2022-09-21 00:06:49,446] {logging_mixin.py:115} INFO - [2022-09-21 00:06:49,446] {dag.py:2371} INFO - Sync 1 DAGs
[2022-09-21 00:06:49,472] {logging_mixin.py:115} INFO - [2022-09-21 00:06:49,472] {dag.py:2919} INFO - Setting next_dagrun for example_task_group to 2022-09-20T00:06:49.471831+00:00, run_after=2022-09-21T00:06:49.471831+00:00
[2022-09-21 00:06:49,508] {processor.py:161} INFO - Processing /home/airflow/.local/lib/python3.7/site-packages/airflow/example_dags/example_task_group.py took 0.123 seconds
[2022-09-21 00:07:19,774] {processor.py:153} INFO - Started process (PID=20437) to work on /home/airflow/.local/lib/python3.7/site-packages/airflow/example_dags/example_task_group.py
[2022-09-21 00:07:19,774] {processor.py:641} INFO - Processing file /home/airflow/.local/lib/python3.7/site-packages/airflow/example_dags/example_task_group.py for tasks to queue
[2022-09-21 00:07:19,775] {logging_mixin.py:115} INFO - [2022-09-21 00:07:19,775] {dagbag.py:507} INFO - Filling up the DagBag from /home/airflow/.local/lib/python3.7/site-packages/airflow/example_dags/example_task_group.py
[2022-09-21 00:07:19,783] {processor.py:651} INFO - DAG(s) dict_keys(['example_task_group']) retrieved from /home/airflow/.local/lib/python3.7/site-packages/airflow/example_dags/example_task_group.py
[2022-09-21 00:07:19,814] {logging_mixin.py:115} INFO - [2022-09-21 00:07:19,814] {dag.py:2371} INFO - Sync 1 DAGs
[2022-09-21 00:07:19,842] {logging_mixin.py:115} INFO - [2022-09-21 00:07:19,842] {dag.py:2919} INFO - Setting next_dagrun for example_task_group to 2022-09-20T00:07:19.842272+00:00, run_after=2022-09-21T00:07:19.842272+00:00
[2022-09-21 00:07:19,876] {processor.py:161} INFO - Processing /home/airflow/.local/lib/python3.7/site-packages/airflow/example_dags/example_task_group.py took 0.107 seconds
[2022-09-21 00:07:50,205] {processor.py:153} INFO - Started process (PID=20497) to work on /home/airflow/.local/lib/python3.7/site-packages/airflow/example_dags/example_task_group.py
[2022-09-21 00:07:50,229] {processor.py:641} INFO - Processing file /home/airflow/.local/lib/python3.7/site-packages/airflow/example_dags/example_task_group.py for tasks to queue
[2022-09-21 00:07:50,229] {logging_mixin.py:115} INFO - [2022-09-21 00:07:50,229] {dagbag.py:507} INFO - Filling up the DagBag from /home/airflow/.local/lib/python3.7/site-packages/airflow/example_dags/example_task_group.py
[2022-09-21 00:07:50,237] {processor.py:651} INFO - DAG(s) dict_keys(['example_task_group']) retrieved from /home/airflow/.local/lib/python3.7/site-packages/airflow/example_dags/example_task_group.py
[2022-09-21 00:07:50,271] {logging_mixin.py:115} INFO - [2022-09-21 00:07:50,271] {dag.py:2371} INFO - Sync 1 DAGs
[2022-09-21 00:07:50,302] {logging_mixin.py:115} INFO - [2022-09-21 00:07:50,302] {dag.py:2919} INFO - Setting next_dagrun for example_task_group to 2022-09-20T00:07:50.302229+00:00, run_after=2022-09-21T00:07:50.302229+00:00
[2022-09-21 00:07:50,344] {processor.py:161} INFO - Processing /home/airflow/.local/lib/python3.7/site-packages/airflow/example_dags/example_task_group.py took 0.148 seconds
[2022-09-21 00:08:20,395] {processor.py:153} INFO - Started process (PID=20549) to work on /home/airflow/.local/lib/python3.7/site-packages/airflow/example_dags/example_task_group.py
[2022-09-21 00:08:20,395] {processor.py:641} INFO - Processing file /home/airflow/.local/lib/python3.7/site-packages/airflow/example_dags/example_task_group.py for tasks to queue
[2022-09-21 00:08:20,396] {logging_mixin.py:115} INFO - [2022-09-21 00:08:20,396] {dagbag.py:507} INFO - Filling up the DagBag from /home/airflow/.local/lib/python3.7/site-packages/airflow/example_dags/example_task_group.py
[2022-09-21 00:08:20,410] {processor.py:651} INFO - DAG(s) dict_keys(['example_task_group']) retrieved from /home/airflow/.local/lib/python3.7/site-packages/airflow/example_dags/example_task_group.py
[2022-09-21 00:08:20,459] {logging_mixin.py:115} INFO - [2022-09-21 00:08:20,459] {dag.py:2371} INFO - Sync 1 DAGs
[2022-09-21 00:08:20,513] {logging_mixin.py:115} INFO - [2022-09-21 00:08:20,513] {dag.py:2919} INFO - Setting next_dagrun for example_task_group to 2022-09-20T00:08:20.512560+00:00, run_after=2022-09-21T00:08:20.512560+00:00
[2022-09-21 00:08:20,604] {processor.py:161} INFO - Processing /home/airflow/.local/lib/python3.7/site-packages/airflow/example_dags/example_task_group.py took 0.216 seconds
[2022-09-21 00:08:51,275] {processor.py:153} INFO - Started process (PID=20610) to work on /home/airflow/.local/lib/python3.7/site-packages/airflow/example_dags/example_task_group.py
[2022-09-21 00:08:51,308] {processor.py:641} INFO - Processing file /home/airflow/.local/lib/python3.7/site-packages/airflow/example_dags/example_task_group.py for tasks to queue
[2022-09-21 00:08:51,309] {logging_mixin.py:115} INFO - [2022-09-21 00:08:51,309] {dagbag.py:507} INFO - Filling up the DagBag from /home/airflow/.local/lib/python3.7/site-packages/airflow/example_dags/example_task_group.py
[2022-09-21 00:08:51,320] {processor.py:651} INFO - DAG(s) dict_keys(['example_task_group']) retrieved from /home/airflow/.local/lib/python3.7/site-packages/airflow/example_dags/example_task_group.py
[2022-09-21 00:08:51,363] {logging_mixin.py:115} INFO - [2022-09-21 00:08:51,363] {dag.py:2371} INFO - Sync 1 DAGs
[2022-09-21 00:08:51,402] {logging_mixin.py:115} INFO - [2022-09-21 00:08:51,402] {dag.py:2919} INFO - Setting next_dagrun for example_task_group to 2022-09-20T00:08:51.402084+00:00, run_after=2022-09-21T00:08:51.402084+00:00
[2022-09-21 00:08:51,451] {processor.py:161} INFO - Processing /home/airflow/.local/lib/python3.7/site-packages/airflow/example_dags/example_task_group.py took 0.182 seconds
[2022-09-21 00:09:22,093] {processor.py:153} INFO - Started process (PID=20661) to work on /home/airflow/.local/lib/python3.7/site-packages/airflow/example_dags/example_task_group.py
[2022-09-21 00:09:22,176] {processor.py:641} INFO - Processing file /home/airflow/.local/lib/python3.7/site-packages/airflow/example_dags/example_task_group.py for tasks to queue
[2022-09-21 00:09:22,177] {logging_mixin.py:115} INFO - [2022-09-21 00:09:22,177] {dagbag.py:507} INFO - Filling up the DagBag from /home/airflow/.local/lib/python3.7/site-packages/airflow/example_dags/example_task_group.py
[2022-09-21 00:09:22,188] {processor.py:651} INFO - DAG(s) dict_keys(['example_task_group']) retrieved from /home/airflow/.local/lib/python3.7/site-packages/airflow/example_dags/example_task_group.py
[2022-09-21 00:09:22,232] {logging_mixin.py:115} INFO - [2022-09-21 00:09:22,232] {dag.py:2371} INFO - Sync 1 DAGs
[2022-09-21 00:09:22,271] {logging_mixin.py:115} INFO - [2022-09-21 00:09:22,271] {dag.py:2919} INFO - Setting next_dagrun for example_task_group to 2022-09-20T00:09:22.270826+00:00, run_after=2022-09-21T00:09:22.270826+00:00
[2022-09-21 00:09:22,319] {processor.py:161} INFO - Processing /home/airflow/.local/lib/python3.7/site-packages/airflow/example_dags/example_task_group.py took 0.233 seconds
[2022-09-21 00:09:53,201] {processor.py:153} INFO - Started process (PID=20720) to work on /home/airflow/.local/lib/python3.7/site-packages/airflow/example_dags/example_task_group.py
[2022-09-21 00:09:53,202] {processor.py:641} INFO - Processing file /home/airflow/.local/lib/python3.7/site-packages/airflow/example_dags/example_task_group.py for tasks to queue
[2022-09-21 00:09:53,203] {logging_mixin.py:115} INFO - [2022-09-21 00:09:53,203] {dagbag.py:507} INFO - Filling up the DagBag from /home/airflow/.local/lib/python3.7/site-packages/airflow/example_dags/example_task_group.py
[2022-09-21 00:09:53,215] {processor.py:651} INFO - DAG(s) dict_keys(['example_task_group']) retrieved from /home/airflow/.local/lib/python3.7/site-packages/airflow/example_dags/example_task_group.py
[2022-09-21 00:09:53,268] {logging_mixin.py:115} INFO - [2022-09-21 00:09:53,268] {dag.py:2371} INFO - Sync 1 DAGs
[2022-09-21 00:09:53,313] {logging_mixin.py:115} INFO - [2022-09-21 00:09:53,312] {dag.py:2919} INFO - Setting next_dagrun for example_task_group to 2022-09-20T00:09:53.312277+00:00, run_after=2022-09-21T00:09:53.312277+00:00
[2022-09-21 00:09:53,400] {processor.py:161} INFO - Processing /home/airflow/.local/lib/python3.7/site-packages/airflow/example_dags/example_task_group.py took 0.204 seconds
[2022-09-21 00:10:23,840] {processor.py:153} INFO - Started process (PID=20772) to work on /home/airflow/.local/lib/python3.7/site-packages/airflow/example_dags/example_task_group.py
[2022-09-21 00:10:23,848] {processor.py:641} INFO - Processing file /home/airflow/.local/lib/python3.7/site-packages/airflow/example_dags/example_task_group.py for tasks to queue
[2022-09-21 00:10:23,849] {logging_mixin.py:115} INFO - [2022-09-21 00:10:23,849] {dagbag.py:507} INFO - Filling up the DagBag from /home/airflow/.local/lib/python3.7/site-packages/airflow/example_dags/example_task_group.py
[2022-09-21 00:10:23,860] {processor.py:651} INFO - DAG(s) dict_keys(['example_task_group']) retrieved from /home/airflow/.local/lib/python3.7/site-packages/airflow/example_dags/example_task_group.py
[2022-09-21 00:10:23,895] {logging_mixin.py:115} INFO - [2022-09-21 00:10:23,895] {dag.py:2371} INFO - Sync 1 DAGs
[2022-09-21 00:10:23,933] {logging_mixin.py:115} INFO - [2022-09-21 00:10:23,933] {dag.py:2919} INFO - Setting next_dagrun for example_task_group to 2022-09-20T00:10:23.933103+00:00, run_after=2022-09-21T00:10:23.933103+00:00
[2022-09-21 00:10:23,968] {processor.py:161} INFO - Processing /home/airflow/.local/lib/python3.7/site-packages/airflow/example_dags/example_task_group.py took 0.131 seconds
[2022-09-21 00:10:54,011] {processor.py:153} INFO - Started process (PID=20831) to work on /home/airflow/.local/lib/python3.7/site-packages/airflow/example_dags/example_task_group.py
[2022-09-21 00:10:54,012] {processor.py:641} INFO - Processing file /home/airflow/.local/lib/python3.7/site-packages/airflow/example_dags/example_task_group.py for tasks to queue
[2022-09-21 00:10:54,014] {logging_mixin.py:115} INFO - [2022-09-21 00:10:54,014] {dagbag.py:507} INFO - Filling up the DagBag from /home/airflow/.local/lib/python3.7/site-packages/airflow/example_dags/example_task_group.py
[2022-09-21 00:10:54,026] {processor.py:651} INFO - DAG(s) dict_keys(['example_task_group']) retrieved from /home/airflow/.local/lib/python3.7/site-packages/airflow/example_dags/example_task_group.py
[2022-09-21 00:10:54,138] {logging_mixin.py:115} INFO - [2022-09-21 00:10:54,138] {dag.py:2371} INFO - Sync 1 DAGs
[2022-09-21 00:10:54,187] {logging_mixin.py:115} INFO - [2022-09-21 00:10:54,187] {dag.py:2919} INFO - Setting next_dagrun for example_task_group to 2022-09-20T00:10:54.187331+00:00, run_after=2022-09-21T00:10:54.187331+00:00
[2022-09-21 00:10:54,262] {processor.py:161} INFO - Processing /home/airflow/.local/lib/python3.7/site-packages/airflow/example_dags/example_task_group.py took 0.257 seconds
[2022-09-21 00:11:24,459] {processor.py:153} INFO - Started process (PID=20885) to work on /home/airflow/.local/lib/python3.7/site-packages/airflow/example_dags/example_task_group.py
[2022-09-21 00:11:24,483] {processor.py:641} INFO - Processing file /home/airflow/.local/lib/python3.7/site-packages/airflow/example_dags/example_task_group.py for tasks to queue
[2022-09-21 00:11:24,485] {logging_mixin.py:115} INFO - [2022-09-21 00:11:24,485] {dagbag.py:507} INFO - Filling up the DagBag from /home/airflow/.local/lib/python3.7/site-packages/airflow/example_dags/example_task_group.py
[2022-09-21 00:11:24,498] {processor.py:651} INFO - DAG(s) dict_keys(['example_task_group']) retrieved from /home/airflow/.local/lib/python3.7/site-packages/airflow/example_dags/example_task_group.py
[2022-09-21 00:11:24,541] {logging_mixin.py:115} INFO - [2022-09-21 00:11:24,541] {dag.py:2371} INFO - Sync 1 DAGs
[2022-09-21 00:11:24,577] {logging_mixin.py:115} INFO - [2022-09-21 00:11:24,577] {dag.py:2919} INFO - Setting next_dagrun for example_task_group to 2022-09-20T00:11:24.576835+00:00, run_after=2022-09-21T00:11:24.576835+00:00
[2022-09-21 00:11:24,616] {processor.py:161} INFO - Processing /home/airflow/.local/lib/python3.7/site-packages/airflow/example_dags/example_task_group.py took 0.162 seconds
[2022-09-21 00:11:55,336] {processor.py:153} INFO - Started process (PID=20936) to work on /home/airflow/.local/lib/python3.7/site-packages/airflow/example_dags/example_task_group.py
[2022-09-21 00:11:55,339] {processor.py:641} INFO - Processing file /home/airflow/.local/lib/python3.7/site-packages/airflow/example_dags/example_task_group.py for tasks to queue
[2022-09-21 00:11:55,340] {logging_mixin.py:115} INFO - [2022-09-21 00:11:55,340] {dagbag.py:507} INFO - Filling up the DagBag from /home/airflow/.local/lib/python3.7/site-packages/airflow/example_dags/example_task_group.py
[2022-09-21 00:11:55,358] {processor.py:651} INFO - DAG(s) dict_keys(['example_task_group']) retrieved from /home/airflow/.local/lib/python3.7/site-packages/airflow/example_dags/example_task_group.py
[2022-09-21 00:11:55,396] {logging_mixin.py:115} INFO - [2022-09-21 00:11:55,396] {dag.py:2371} INFO - Sync 1 DAGs
[2022-09-21 00:11:55,428] {logging_mixin.py:115} INFO - [2022-09-21 00:11:55,428] {dag.py:2919} INFO - Setting next_dagrun for example_task_group to 2022-09-20T00:11:55.428086+00:00, run_after=2022-09-21T00:11:55.428086+00:00
[2022-09-21 00:11:55,449] {processor.py:161} INFO - Processing /home/airflow/.local/lib/python3.7/site-packages/airflow/example_dags/example_task_group.py took 0.119 seconds
[2022-09-21 00:12:26,151] {processor.py:153} INFO - Started process (PID=21000) to work on /home/airflow/.local/lib/python3.7/site-packages/airflow/example_dags/example_task_group.py
[2022-09-21 00:12:26,171] {processor.py:641} INFO - Processing file /home/airflow/.local/lib/python3.7/site-packages/airflow/example_dags/example_task_group.py for tasks to queue
[2022-09-21 00:12:26,171] {logging_mixin.py:115} INFO - [2022-09-21 00:12:26,171] {dagbag.py:507} INFO - Filling up the DagBag from /home/airflow/.local/lib/python3.7/site-packages/airflow/example_dags/example_task_group.py
[2022-09-21 00:12:26,181] {processor.py:651} INFO - DAG(s) dict_keys(['example_task_group']) retrieved from /home/airflow/.local/lib/python3.7/site-packages/airflow/example_dags/example_task_group.py
[2022-09-21 00:12:26,220] {logging_mixin.py:115} INFO - [2022-09-21 00:12:26,220] {dag.py:2371} INFO - Sync 1 DAGs
[2022-09-21 00:12:26,259] {logging_mixin.py:115} INFO - [2022-09-21 00:12:26,259] {dag.py:2919} INFO - Setting next_dagrun for example_task_group to 2022-09-20T00:12:26.259255+00:00, run_after=2022-09-21T00:12:26.259255+00:00
[2022-09-21 00:12:26,295] {processor.py:161} INFO - Processing /home/airflow/.local/lib/python3.7/site-packages/airflow/example_dags/example_task_group.py took 0.150 seconds
[2022-09-21 00:12:56,510] {processor.py:153} INFO - Started process (PID=21051) to work on /home/airflow/.local/lib/python3.7/site-packages/airflow/example_dags/example_task_group.py
[2022-09-21 00:12:56,511] {processor.py:641} INFO - Processing file /home/airflow/.local/lib/python3.7/site-packages/airflow/example_dags/example_task_group.py for tasks to queue
[2022-09-21 00:12:56,512] {logging_mixin.py:115} INFO - [2022-09-21 00:12:56,512] {dagbag.py:507} INFO - Filling up the DagBag from /home/airflow/.local/lib/python3.7/site-packages/airflow/example_dags/example_task_group.py
[2022-09-21 00:12:56,528] {processor.py:651} INFO - DAG(s) dict_keys(['example_task_group']) retrieved from /home/airflow/.local/lib/python3.7/site-packages/airflow/example_dags/example_task_group.py
[2022-09-21 00:12:56,582] {logging_mixin.py:115} INFO - [2022-09-21 00:12:56,582] {dag.py:2371} INFO - Sync 1 DAGs
[2022-09-21 00:12:56,629] {logging_mixin.py:115} INFO - [2022-09-21 00:12:56,629] {dag.py:2919} INFO - Setting next_dagrun for example_task_group to 2022-09-20T00:12:56.629192+00:00, run_after=2022-09-21T00:12:56.629192+00:00
[2022-09-21 00:12:56,665] {processor.py:161} INFO - Processing /home/airflow/.local/lib/python3.7/site-packages/airflow/example_dags/example_task_group.py took 0.162 seconds
[2022-09-21 00:13:27,398] {processor.py:153} INFO - Started process (PID=21112) to work on /home/airflow/.local/lib/python3.7/site-packages/airflow/example_dags/example_task_group.py
[2022-09-21 00:13:27,418] {processor.py:641} INFO - Processing file /home/airflow/.local/lib/python3.7/site-packages/airflow/example_dags/example_task_group.py for tasks to queue
[2022-09-21 00:13:27,419] {logging_mixin.py:115} INFO - [2022-09-21 00:13:27,418] {dagbag.py:507} INFO - Filling up the DagBag from /home/airflow/.local/lib/python3.7/site-packages/airflow/example_dags/example_task_group.py
[2022-09-21 00:13:27,426] {processor.py:651} INFO - DAG(s) dict_keys(['example_task_group']) retrieved from /home/airflow/.local/lib/python3.7/site-packages/airflow/example_dags/example_task_group.py
[2022-09-21 00:13:27,465] {logging_mixin.py:115} INFO - [2022-09-21 00:13:27,465] {dag.py:2371} INFO - Sync 1 DAGs
[2022-09-21 00:13:27,500] {logging_mixin.py:115} INFO - [2022-09-21 00:13:27,500] {dag.py:2919} INFO - Setting next_dagrun for example_task_group to 2022-09-20T00:13:27.499603+00:00, run_after=2022-09-21T00:13:27.499603+00:00
[2022-09-21 00:13:27,543] {processor.py:161} INFO - Processing /home/airflow/.local/lib/python3.7/site-packages/airflow/example_dags/example_task_group.py took 0.150 seconds
[2022-09-21 00:13:57,746] {processor.py:153} INFO - Started process (PID=21163) to work on /home/airflow/.local/lib/python3.7/site-packages/airflow/example_dags/example_task_group.py
[2022-09-21 00:13:57,747] {processor.py:641} INFO - Processing file /home/airflow/.local/lib/python3.7/site-packages/airflow/example_dags/example_task_group.py for tasks to queue
[2022-09-21 00:13:57,748] {logging_mixin.py:115} INFO - [2022-09-21 00:13:57,748] {dagbag.py:507} INFO - Filling up the DagBag from /home/airflow/.local/lib/python3.7/site-packages/airflow/example_dags/example_task_group.py
[2022-09-21 00:13:57,757] {processor.py:651} INFO - DAG(s) dict_keys(['example_task_group']) retrieved from /home/airflow/.local/lib/python3.7/site-packages/airflow/example_dags/example_task_group.py
[2022-09-21 00:13:57,790] {logging_mixin.py:115} INFO - [2022-09-21 00:13:57,790] {dag.py:2371} INFO - Sync 1 DAGs
[2022-09-21 00:13:57,823] {logging_mixin.py:115} INFO - [2022-09-21 00:13:57,822] {dag.py:2919} INFO - Setting next_dagrun for example_task_group to 2022-09-20T00:13:57.822674+00:00, run_after=2022-09-21T00:13:57.822674+00:00
[2022-09-21 00:13:57,855] {processor.py:161} INFO - Processing /home/airflow/.local/lib/python3.7/site-packages/airflow/example_dags/example_task_group.py took 0.114 seconds
[2022-09-21 00:14:28,688] {processor.py:153} INFO - Started process (PID=21215) to work on /home/airflow/.local/lib/python3.7/site-packages/airflow/example_dags/example_task_group.py
[2022-09-21 00:14:28,708] {processor.py:641} INFO - Processing file /home/airflow/.local/lib/python3.7/site-packages/airflow/example_dags/example_task_group.py for tasks to queue
[2022-09-21 00:14:28,709] {logging_mixin.py:115} INFO - [2022-09-21 00:14:28,709] {dagbag.py:507} INFO - Filling up the DagBag from /home/airflow/.local/lib/python3.7/site-packages/airflow/example_dags/example_task_group.py
[2022-09-21 00:14:28,717] {processor.py:651} INFO - DAG(s) dict_keys(['example_task_group']) retrieved from /home/airflow/.local/lib/python3.7/site-packages/airflow/example_dags/example_task_group.py
[2022-09-21 00:14:28,748] {logging_mixin.py:115} INFO - [2022-09-21 00:14:28,748] {dag.py:2371} INFO - Sync 1 DAGs
[2022-09-21 00:14:28,776] {logging_mixin.py:115} INFO - [2022-09-21 00:14:28,775] {dag.py:2919} INFO - Setting next_dagrun for example_task_group to 2022-09-20T00:14:28.775522+00:00, run_after=2022-09-21T00:14:28.775522+00:00
[2022-09-21 00:14:28,813] {processor.py:161} INFO - Processing /home/airflow/.local/lib/python3.7/site-packages/airflow/example_dags/example_task_group.py took 0.129 seconds
[2022-09-21 00:14:59,491] {processor.py:153} INFO - Started process (PID=21275) to work on /home/airflow/.local/lib/python3.7/site-packages/airflow/example_dags/example_task_group.py
[2022-09-21 00:14:59,491] {processor.py:641} INFO - Processing file /home/airflow/.local/lib/python3.7/site-packages/airflow/example_dags/example_task_group.py for tasks to queue
[2022-09-21 00:14:59,492] {logging_mixin.py:115} INFO - [2022-09-21 00:14:59,492] {dagbag.py:507} INFO - Filling up the DagBag from /home/airflow/.local/lib/python3.7/site-packages/airflow/example_dags/example_task_group.py
[2022-09-21 00:14:59,504] {processor.py:651} INFO - DAG(s) dict_keys(['example_task_group']) retrieved from /home/airflow/.local/lib/python3.7/site-packages/airflow/example_dags/example_task_group.py
[2022-09-21 00:14:59,557] {logging_mixin.py:115} INFO - [2022-09-21 00:14:59,557] {dag.py:2371} INFO - Sync 1 DAGs
[2022-09-21 00:14:59,598] {logging_mixin.py:115} INFO - [2022-09-21 00:14:59,597] {dag.py:2919} INFO - Setting next_dagrun for example_task_group to 2022-09-20T00:14:59.597558+00:00, run_after=2022-09-21T00:14:59.597558+00:00
[2022-09-21 00:14:59,633] {processor.py:161} INFO - Processing /home/airflow/.local/lib/python3.7/site-packages/airflow/example_dags/example_task_group.py took 0.148 seconds
[2022-09-21 00:15:30,255] {processor.py:153} INFO - Started process (PID=21326) to work on /home/airflow/.local/lib/python3.7/site-packages/airflow/example_dags/example_task_group.py
[2022-09-21 00:15:30,280] {processor.py:641} INFO - Processing file /home/airflow/.local/lib/python3.7/site-packages/airflow/example_dags/example_task_group.py for tasks to queue
[2022-09-21 00:15:30,280] {logging_mixin.py:115} INFO - [2022-09-21 00:15:30,280] {dagbag.py:507} INFO - Filling up the DagBag from /home/airflow/.local/lib/python3.7/site-packages/airflow/example_dags/example_task_group.py
[2022-09-21 00:15:30,294] {processor.py:651} INFO - DAG(s) dict_keys(['example_task_group']) retrieved from /home/airflow/.local/lib/python3.7/site-packages/airflow/example_dags/example_task_group.py
[2022-09-21 00:15:30,354] {logging_mixin.py:115} INFO - [2022-09-21 00:15:30,354] {dag.py:2371} INFO - Sync 1 DAGs
[2022-09-21 00:15:30,421] {logging_mixin.py:115} INFO - [2022-09-21 00:15:30,420] {dag.py:2919} INFO - Setting next_dagrun for example_task_group to 2022-09-20T00:15:30.420553+00:00, run_after=2022-09-21T00:15:30.420553+00:00
[2022-09-21 00:15:30,474] {processor.py:161} INFO - Processing /home/airflow/.local/lib/python3.7/site-packages/airflow/example_dags/example_task_group.py took 0.232 seconds
[2022-09-21 00:16:00,745] {processor.py:153} INFO - Started process (PID=21378) to work on /home/airflow/.local/lib/python3.7/site-packages/airflow/example_dags/example_task_group.py
[2022-09-21 00:16:00,747] {processor.py:641} INFO - Processing file /home/airflow/.local/lib/python3.7/site-packages/airflow/example_dags/example_task_group.py for tasks to queue
[2022-09-21 00:16:00,748] {logging_mixin.py:115} INFO - [2022-09-21 00:16:00,748] {dagbag.py:507} INFO - Filling up the DagBag from /home/airflow/.local/lib/python3.7/site-packages/airflow/example_dags/example_task_group.py
[2022-09-21 00:16:00,761] {processor.py:651} INFO - DAG(s) dict_keys(['example_task_group']) retrieved from /home/airflow/.local/lib/python3.7/site-packages/airflow/example_dags/example_task_group.py
[2022-09-21 00:16:00,803] {logging_mixin.py:115} INFO - [2022-09-21 00:16:00,803] {dag.py:2371} INFO - Sync 1 DAGs
[2022-09-21 00:16:00,873] {logging_mixin.py:115} INFO - [2022-09-21 00:16:00,873] {dag.py:2919} INFO - Setting next_dagrun for example_task_group to 2022-09-20T00:16:00.872752+00:00, run_after=2022-09-21T00:16:00.872752+00:00
[2022-09-21 00:16:00,978] {processor.py:161} INFO - Processing /home/airflow/.local/lib/python3.7/site-packages/airflow/example_dags/example_task_group.py took 0.238 seconds
[2022-09-21 00:16:31,443] {processor.py:153} INFO - Started process (PID=21440) to work on /home/airflow/.local/lib/python3.7/site-packages/airflow/example_dags/example_task_group.py
[2022-09-21 00:16:31,494] {processor.py:641} INFO - Processing file /home/airflow/.local/lib/python3.7/site-packages/airflow/example_dags/example_task_group.py for tasks to queue
[2022-09-21 00:16:31,497] {logging_mixin.py:115} INFO - [2022-09-21 00:16:31,496] {dagbag.py:507} INFO - Filling up the DagBag from /home/airflow/.local/lib/python3.7/site-packages/airflow/example_dags/example_task_group.py
[2022-09-21 00:16:31,528] {processor.py:651} INFO - DAG(s) dict_keys(['example_task_group']) retrieved from /home/airflow/.local/lib/python3.7/site-packages/airflow/example_dags/example_task_group.py
[2022-09-21 00:16:31,568] {logging_mixin.py:115} INFO - [2022-09-21 00:16:31,568] {dag.py:2371} INFO - Sync 1 DAGs
[2022-09-21 00:16:31,593] {logging_mixin.py:115} INFO - [2022-09-21 00:16:31,593] {dag.py:2919} INFO - Setting next_dagrun for example_task_group to 2022-09-20T00:16:31.593450+00:00, run_after=2022-09-21T00:16:31.593450+00:00
[2022-09-21 00:16:31,794] {processor.py:161} INFO - Processing /home/airflow/.local/lib/python3.7/site-packages/airflow/example_dags/example_task_group.py took 0.357 seconds
[2022-09-21 00:17:02,109] {processor.py:153} INFO - Started process (PID=21502) to work on /home/airflow/.local/lib/python3.7/site-packages/airflow/example_dags/example_task_group.py
[2022-09-21 00:17:02,166] {processor.py:641} INFO - Processing file /home/airflow/.local/lib/python3.7/site-packages/airflow/example_dags/example_task_group.py for tasks to queue
[2022-09-21 00:17:02,167] {logging_mixin.py:115} INFO - [2022-09-21 00:17:02,166] {dagbag.py:507} INFO - Filling up the DagBag from /home/airflow/.local/lib/python3.7/site-packages/airflow/example_dags/example_task_group.py
[2022-09-21 00:17:02,183] {processor.py:651} INFO - DAG(s) dict_keys(['example_task_group']) retrieved from /home/airflow/.local/lib/python3.7/site-packages/airflow/example_dags/example_task_group.py
[2022-09-21 00:17:02,228] {logging_mixin.py:115} INFO - [2022-09-21 00:17:02,228] {dag.py:2371} INFO - Sync 1 DAGs
[2022-09-21 00:17:02,254] {logging_mixin.py:115} INFO - [2022-09-21 00:17:02,254] {dag.py:2919} INFO - Setting next_dagrun for example_task_group to 2022-09-20T00:17:02.254050+00:00, run_after=2022-09-21T00:17:02.254050+00:00
[2022-09-21 00:17:02,300] {processor.py:161} INFO - Processing /home/airflow/.local/lib/python3.7/site-packages/airflow/example_dags/example_task_group.py took 0.195 seconds
[2022-09-21 00:17:32,477] {processor.py:153} INFO - Started process (PID=21554) to work on /home/airflow/.local/lib/python3.7/site-packages/airflow/example_dags/example_task_group.py
[2022-09-21 00:17:32,477] {processor.py:641} INFO - Processing file /home/airflow/.local/lib/python3.7/site-packages/airflow/example_dags/example_task_group.py for tasks to queue
[2022-09-21 00:17:32,478] {logging_mixin.py:115} INFO - [2022-09-21 00:17:32,478] {dagbag.py:507} INFO - Filling up the DagBag from /home/airflow/.local/lib/python3.7/site-packages/airflow/example_dags/example_task_group.py
[2022-09-21 00:17:32,490] {processor.py:651} INFO - DAG(s) dict_keys(['example_task_group']) retrieved from /home/airflow/.local/lib/python3.7/site-packages/airflow/example_dags/example_task_group.py
[2022-09-21 00:17:32,526] {logging_mixin.py:115} INFO - [2022-09-21 00:17:32,526] {dag.py:2371} INFO - Sync 1 DAGs
[2022-09-21 00:17:32,558] {logging_mixin.py:115} INFO - [2022-09-21 00:17:32,557] {dag.py:2919} INFO - Setting next_dagrun for example_task_group to 2022-09-20T00:17:32.557638+00:00, run_after=2022-09-21T00:17:32.557638+00:00
[2022-09-21 00:17:32,625] {processor.py:161} INFO - Processing /home/airflow/.local/lib/python3.7/site-packages/airflow/example_dags/example_task_group.py took 0.156 seconds
[2022-09-21 00:18:03,260] {processor.py:153} INFO - Started process (PID=21605) to work on /home/airflow/.local/lib/python3.7/site-packages/airflow/example_dags/example_task_group.py
[2022-09-21 00:18:03,280] {processor.py:641} INFO - Processing file /home/airflow/.local/lib/python3.7/site-packages/airflow/example_dags/example_task_group.py for tasks to queue
[2022-09-21 00:18:03,282] {logging_mixin.py:115} INFO - [2022-09-21 00:18:03,281] {dagbag.py:507} INFO - Filling up the DagBag from /home/airflow/.local/lib/python3.7/site-packages/airflow/example_dags/example_task_group.py
[2022-09-21 00:18:03,307] {processor.py:651} INFO - DAG(s) dict_keys(['example_task_group']) retrieved from /home/airflow/.local/lib/python3.7/site-packages/airflow/example_dags/example_task_group.py
[2022-09-21 00:18:03,379] {logging_mixin.py:115} INFO - [2022-09-21 00:18:03,379] {dag.py:2371} INFO - Sync 1 DAGs
[2022-09-21 00:18:03,416] {logging_mixin.py:115} INFO - [2022-09-21 00:18:03,416] {dag.py:2919} INFO - Setting next_dagrun for example_task_group to 2022-09-20T00:18:03.415728+00:00, run_after=2022-09-21T00:18:03.415728+00:00
[2022-09-21 00:18:03,459] {processor.py:161} INFO - Processing /home/airflow/.local/lib/python3.7/site-packages/airflow/example_dags/example_task_group.py took 0.204 seconds
[2022-09-21 00:18:33,777] {processor.py:153} INFO - Started process (PID=21667) to work on /home/airflow/.local/lib/python3.7/site-packages/airflow/example_dags/example_task_group.py
[2022-09-21 00:18:33,804] {processor.py:641} INFO - Processing file /home/airflow/.local/lib/python3.7/site-packages/airflow/example_dags/example_task_group.py for tasks to queue
[2022-09-21 00:18:33,805] {logging_mixin.py:115} INFO - [2022-09-21 00:18:33,804] {dagbag.py:507} INFO - Filling up the DagBag from /home/airflow/.local/lib/python3.7/site-packages/airflow/example_dags/example_task_group.py
[2022-09-21 00:18:33,815] {processor.py:651} INFO - DAG(s) dict_keys(['example_task_group']) retrieved from /home/airflow/.local/lib/python3.7/site-packages/airflow/example_dags/example_task_group.py
[2022-09-21 00:18:33,865] {logging_mixin.py:115} INFO - [2022-09-21 00:18:33,865] {dag.py:2371} INFO - Sync 1 DAGs
[2022-09-21 00:18:33,900] {logging_mixin.py:115} INFO - [2022-09-21 00:18:33,900] {dag.py:2919} INFO - Setting next_dagrun for example_task_group to 2022-09-20T00:18:33.900060+00:00, run_after=2022-09-21T00:18:33.900060+00:00
[2022-09-21 00:18:33,941] {processor.py:161} INFO - Processing /home/airflow/.local/lib/python3.7/site-packages/airflow/example_dags/example_task_group.py took 0.168 seconds
[2022-09-21 00:19:04,247] {processor.py:153} INFO - Started process (PID=21719) to work on /home/airflow/.local/lib/python3.7/site-packages/airflow/example_dags/example_task_group.py
[2022-09-21 00:19:04,247] {processor.py:641} INFO - Processing file /home/airflow/.local/lib/python3.7/site-packages/airflow/example_dags/example_task_group.py for tasks to queue
[2022-09-21 00:19:04,248] {logging_mixin.py:115} INFO - [2022-09-21 00:19:04,248] {dagbag.py:507} INFO - Filling up the DagBag from /home/airflow/.local/lib/python3.7/site-packages/airflow/example_dags/example_task_group.py
[2022-09-21 00:19:04,260] {processor.py:651} INFO - DAG(s) dict_keys(['example_task_group']) retrieved from /home/airflow/.local/lib/python3.7/site-packages/airflow/example_dags/example_task_group.py
[2022-09-21 00:19:04,313] {logging_mixin.py:115} INFO - [2022-09-21 00:19:04,313] {dag.py:2371} INFO - Sync 1 DAGs
[2022-09-21 00:19:04,351] {logging_mixin.py:115} INFO - [2022-09-21 00:19:04,351] {dag.py:2919} INFO - Setting next_dagrun for example_task_group to 2022-09-20T00:19:04.350865+00:00, run_after=2022-09-21T00:19:04.350865+00:00
[2022-09-21 00:19:04,386] {processor.py:161} INFO - Processing /home/airflow/.local/lib/python3.7/site-packages/airflow/example_dags/example_task_group.py took 0.145 seconds
[2022-09-21 00:19:34,787] {processor.py:153} INFO - Started process (PID=21779) to work on /home/airflow/.local/lib/python3.7/site-packages/airflow/example_dags/example_task_group.py
[2022-09-21 00:19:34,800] {processor.py:641} INFO - Processing file /home/airflow/.local/lib/python3.7/site-packages/airflow/example_dags/example_task_group.py for tasks to queue
[2022-09-21 00:19:34,801] {logging_mixin.py:115} INFO - [2022-09-21 00:19:34,800] {dagbag.py:507} INFO - Filling up the DagBag from /home/airflow/.local/lib/python3.7/site-packages/airflow/example_dags/example_task_group.py
[2022-09-21 00:19:34,816] {processor.py:651} INFO - DAG(s) dict_keys(['example_task_group']) retrieved from /home/airflow/.local/lib/python3.7/site-packages/airflow/example_dags/example_task_group.py
[2022-09-21 00:19:34,920] {logging_mixin.py:115} INFO - [2022-09-21 00:19:34,920] {dag.py:2371} INFO - Sync 1 DAGs
[2022-09-21 00:19:34,976] {logging_mixin.py:115} INFO - [2022-09-21 00:19:34,976] {dag.py:2919} INFO - Setting next_dagrun for example_task_group to 2022-09-20T00:19:34.976171+00:00, run_after=2022-09-21T00:19:34.976171+00:00
[2022-09-21 00:19:35,031] {processor.py:161} INFO - Processing /home/airflow/.local/lib/python3.7/site-packages/airflow/example_dags/example_task_group.py took 0.257 seconds
[2022-09-21 00:20:05,219] {processor.py:153} INFO - Started process (PID=21831) to work on /home/airflow/.local/lib/python3.7/site-packages/airflow/example_dags/example_task_group.py
[2022-09-21 00:20:05,219] {processor.py:641} INFO - Processing file /home/airflow/.local/lib/python3.7/site-packages/airflow/example_dags/example_task_group.py for tasks to queue
[2022-09-21 00:20:05,220] {logging_mixin.py:115} INFO - [2022-09-21 00:20:05,220] {dagbag.py:507} INFO - Filling up the DagBag from /home/airflow/.local/lib/python3.7/site-packages/airflow/example_dags/example_task_group.py
[2022-09-21 00:20:05,230] {processor.py:651} INFO - DAG(s) dict_keys(['example_task_group']) retrieved from /home/airflow/.local/lib/python3.7/site-packages/airflow/example_dags/example_task_group.py
[2022-09-21 00:20:05,309] {logging_mixin.py:115} INFO - [2022-09-21 00:20:05,309] {dag.py:2371} INFO - Sync 1 DAGs
[2022-09-21 00:20:05,361] {logging_mixin.py:115} INFO - [2022-09-21 00:20:05,360] {dag.py:2919} INFO - Setting next_dagrun for example_task_group to 2022-09-20T00:20:05.360573+00:00, run_after=2022-09-21T00:20:05.360573+00:00
[2022-09-21 00:20:05,562] {processor.py:161} INFO - Processing /home/airflow/.local/lib/python3.7/site-packages/airflow/example_dags/example_task_group.py took 0.348 seconds
[2022-09-21 00:20:36,144] {processor.py:153} INFO - Started process (PID=21892) to work on /home/airflow/.local/lib/python3.7/site-packages/airflow/example_dags/example_task_group.py
[2022-09-21 00:20:36,171] {processor.py:641} INFO - Processing file /home/airflow/.local/lib/python3.7/site-packages/airflow/example_dags/example_task_group.py for tasks to queue
[2022-09-21 00:20:36,172] {logging_mixin.py:115} INFO - [2022-09-21 00:20:36,172] {dagbag.py:507} INFO - Filling up the DagBag from /home/airflow/.local/lib/python3.7/site-packages/airflow/example_dags/example_task_group.py
[2022-09-21 00:20:36,186] {processor.py:651} INFO - DAG(s) dict_keys(['example_task_group']) retrieved from /home/airflow/.local/lib/python3.7/site-packages/airflow/example_dags/example_task_group.py
[2022-09-21 00:20:36,243] {logging_mixin.py:115} INFO - [2022-09-21 00:20:36,243] {dag.py:2371} INFO - Sync 1 DAGs
[2022-09-21 00:20:36,291] {logging_mixin.py:115} INFO - [2022-09-21 00:20:36,291] {dag.py:2919} INFO - Setting next_dagrun for example_task_group to 2022-09-20T00:20:36.291404+00:00, run_after=2022-09-21T00:20:36.291404+00:00
[2022-09-21 00:20:36,338] {processor.py:161} INFO - Processing /home/airflow/.local/lib/python3.7/site-packages/airflow/example_dags/example_task_group.py took 0.198 seconds
[2022-09-21 00:21:06,383] {processor.py:153} INFO - Started process (PID=21943) to work on /home/airflow/.local/lib/python3.7/site-packages/airflow/example_dags/example_task_group.py
[2022-09-21 00:21:06,383] {processor.py:641} INFO - Processing file /home/airflow/.local/lib/python3.7/site-packages/airflow/example_dags/example_task_group.py for tasks to queue
[2022-09-21 00:21:06,384] {logging_mixin.py:115} INFO - [2022-09-21 00:21:06,384] {dagbag.py:507} INFO - Filling up the DagBag from /home/airflow/.local/lib/python3.7/site-packages/airflow/example_dags/example_task_group.py
[2022-09-21 00:21:06,396] {processor.py:651} INFO - DAG(s) dict_keys(['example_task_group']) retrieved from /home/airflow/.local/lib/python3.7/site-packages/airflow/example_dags/example_task_group.py
[2022-09-21 00:21:06,436] {logging_mixin.py:115} INFO - [2022-09-21 00:21:06,436] {dag.py:2371} INFO - Sync 1 DAGs
[2022-09-21 00:21:06,465] {logging_mixin.py:115} INFO - [2022-09-21 00:21:06,464] {dag.py:2919} INFO - Setting next_dagrun for example_task_group to 2022-09-20T00:21:06.464467+00:00, run_after=2022-09-21T00:21:06.464467+00:00
[2022-09-21 00:21:06,504] {processor.py:161} INFO - Processing /home/airflow/.local/lib/python3.7/site-packages/airflow/example_dags/example_task_group.py took 0.126 seconds
[2022-09-21 00:21:37,203] {processor.py:153} INFO - Started process (PID=21995) to work on /home/airflow/.local/lib/python3.7/site-packages/airflow/example_dags/example_task_group.py
[2022-09-21 00:21:37,223] {processor.py:641} INFO - Processing file /home/airflow/.local/lib/python3.7/site-packages/airflow/example_dags/example_task_group.py for tasks to queue
[2022-09-21 00:21:37,224] {logging_mixin.py:115} INFO - [2022-09-21 00:21:37,223] {dagbag.py:507} INFO - Filling up the DagBag from /home/airflow/.local/lib/python3.7/site-packages/airflow/example_dags/example_task_group.py
[2022-09-21 00:21:37,236] {processor.py:651} INFO - DAG(s) dict_keys(['example_task_group']) retrieved from /home/airflow/.local/lib/python3.7/site-packages/airflow/example_dags/example_task_group.py
[2022-09-21 00:21:37,288] {logging_mixin.py:115} INFO - [2022-09-21 00:21:37,287] {dag.py:2371} INFO - Sync 1 DAGs
[2022-09-21 00:21:37,332] {logging_mixin.py:115} INFO - [2022-09-21 00:21:37,332] {dag.py:2919} INFO - Setting next_dagrun for example_task_group to 2022-09-20T00:21:37.332256+00:00, run_after=2022-09-21T00:21:37.332256+00:00
[2022-09-21 00:21:37,377] {processor.py:161} INFO - Processing /home/airflow/.local/lib/python3.7/site-packages/airflow/example_dags/example_task_group.py took 0.180 seconds
[2022-09-21 00:22:07,897] {processor.py:153} INFO - Started process (PID=22056) to work on /home/airflow/.local/lib/python3.7/site-packages/airflow/example_dags/example_task_group.py
[2022-09-21 00:22:07,900] {processor.py:641} INFO - Processing file /home/airflow/.local/lib/python3.7/site-packages/airflow/example_dags/example_task_group.py for tasks to queue
[2022-09-21 00:22:07,901] {logging_mixin.py:115} INFO - [2022-09-21 00:22:07,900] {dagbag.py:507} INFO - Filling up the DagBag from /home/airflow/.local/lib/python3.7/site-packages/airflow/example_dags/example_task_group.py
[2022-09-21 00:22:07,929] {processor.py:651} INFO - DAG(s) dict_keys(['example_task_group']) retrieved from /home/airflow/.local/lib/python3.7/site-packages/airflow/example_dags/example_task_group.py
[2022-09-21 00:22:07,985] {logging_mixin.py:115} INFO - [2022-09-21 00:22:07,985] {dag.py:2371} INFO - Sync 1 DAGs
[2022-09-21 00:22:08,038] {logging_mixin.py:115} INFO - [2022-09-21 00:22:08,038] {dag.py:2919} INFO - Setting next_dagrun for example_task_group to 2022-09-20T00:22:08.037613+00:00, run_after=2022-09-21T00:22:08.037613+00:00
[2022-09-21 00:22:08,091] {processor.py:161} INFO - Processing /home/airflow/.local/lib/python3.7/site-packages/airflow/example_dags/example_task_group.py took 0.203 seconds
[2022-09-21 00:22:39,131] {processor.py:153} INFO - Started process (PID=22108) to work on /home/airflow/.local/lib/python3.7/site-packages/airflow/example_dags/example_task_group.py
[2022-09-21 00:22:39,215] {processor.py:641} INFO - Processing file /home/airflow/.local/lib/python3.7/site-packages/airflow/example_dags/example_task_group.py for tasks to queue
[2022-09-21 00:22:39,218] {logging_mixin.py:115} INFO - [2022-09-21 00:22:39,217] {dagbag.py:507} INFO - Filling up the DagBag from /home/airflow/.local/lib/python3.7/site-packages/airflow/example_dags/example_task_group.py
[2022-09-21 00:22:39,257] {processor.py:651} INFO - DAG(s) dict_keys(['example_task_group']) retrieved from /home/airflow/.local/lib/python3.7/site-packages/airflow/example_dags/example_task_group.py
[2022-09-21 00:22:39,343] {logging_mixin.py:115} INFO - [2022-09-21 00:22:39,343] {dag.py:2371} INFO - Sync 1 DAGs
[2022-09-21 00:22:39,389] {logging_mixin.py:115} INFO - [2022-09-21 00:22:39,389] {dag.py:2919} INFO - Setting next_dagrun for example_task_group to 2022-09-20T00:22:39.389100+00:00, run_after=2022-09-21T00:22:39.389100+00:00
[2022-09-21 00:22:39,421] {processor.py:161} INFO - Processing /home/airflow/.local/lib/python3.7/site-packages/airflow/example_dags/example_task_group.py took 0.296 seconds
[2022-09-21 00:23:09,849] {processor.py:153} INFO - Started process (PID=22168) to work on /home/airflow/.local/lib/python3.7/site-packages/airflow/example_dags/example_task_group.py
[2022-09-21 00:23:09,850] {processor.py:641} INFO - Processing file /home/airflow/.local/lib/python3.7/site-packages/airflow/example_dags/example_task_group.py for tasks to queue
[2022-09-21 00:23:09,851] {logging_mixin.py:115} INFO - [2022-09-21 00:23:09,850] {dagbag.py:507} INFO - Filling up the DagBag from /home/airflow/.local/lib/python3.7/site-packages/airflow/example_dags/example_task_group.py
[2022-09-21 00:23:09,878] {processor.py:651} INFO - DAG(s) dict_keys(['example_task_group']) retrieved from /home/airflow/.local/lib/python3.7/site-packages/airflow/example_dags/example_task_group.py
[2022-09-21 00:23:09,953] {logging_mixin.py:115} INFO - [2022-09-21 00:23:09,953] {dag.py:2371} INFO - Sync 1 DAGs
[2022-09-21 00:23:10,027] {logging_mixin.py:115} INFO - [2022-09-21 00:23:10,027] {dag.py:2919} INFO - Setting next_dagrun for example_task_group to 2022-09-20T00:23:10.027206+00:00, run_after=2022-09-21T00:23:10.027206+00:00
[2022-09-21 00:23:10,102] {processor.py:161} INFO - Processing /home/airflow/.local/lib/python3.7/site-packages/airflow/example_dags/example_task_group.py took 0.258 seconds
[2022-09-21 00:23:40,790] {processor.py:153} INFO - Started process (PID=22220) to work on /home/airflow/.local/lib/python3.7/site-packages/airflow/example_dags/example_task_group.py
[2022-09-21 00:23:40,881] {processor.py:641} INFO - Processing file /home/airflow/.local/lib/python3.7/site-packages/airflow/example_dags/example_task_group.py for tasks to queue
[2022-09-21 00:23:40,882] {logging_mixin.py:115} INFO - [2022-09-21 00:23:40,882] {dagbag.py:507} INFO - Filling up the DagBag from /home/airflow/.local/lib/python3.7/site-packages/airflow/example_dags/example_task_group.py
[2022-09-21 00:23:40,894] {processor.py:651} INFO - DAG(s) dict_keys(['example_task_group']) retrieved from /home/airflow/.local/lib/python3.7/site-packages/airflow/example_dags/example_task_group.py
[2022-09-21 00:23:40,977] {logging_mixin.py:115} INFO - [2022-09-21 00:23:40,977] {dag.py:2371} INFO - Sync 1 DAGs
[2022-09-21 00:23:41,023] {logging_mixin.py:115} INFO - [2022-09-21 00:23:41,023] {dag.py:2919} INFO - Setting next_dagrun for example_task_group to 2022-09-20T00:23:41.023257+00:00, run_after=2022-09-21T00:23:41.023257+00:00
[2022-09-21 00:23:41,088] {processor.py:161} INFO - Processing /home/airflow/.local/lib/python3.7/site-packages/airflow/example_dags/example_task_group.py took 0.304 seconds
[2022-09-21 00:24:11,599] {processor.py:153} INFO - Started process (PID=22271) to work on /home/airflow/.local/lib/python3.7/site-packages/airflow/example_dags/example_task_group.py
[2022-09-21 00:24:11,600] {processor.py:641} INFO - Processing file /home/airflow/.local/lib/python3.7/site-packages/airflow/example_dags/example_task_group.py for tasks to queue
[2022-09-21 00:24:11,601] {logging_mixin.py:115} INFO - [2022-09-21 00:24:11,601] {dagbag.py:507} INFO - Filling up the DagBag from /home/airflow/.local/lib/python3.7/site-packages/airflow/example_dags/example_task_group.py
[2022-09-21 00:24:11,612] {processor.py:651} INFO - DAG(s) dict_keys(['example_task_group']) retrieved from /home/airflow/.local/lib/python3.7/site-packages/airflow/example_dags/example_task_group.py
[2022-09-21 00:24:11,650] {logging_mixin.py:115} INFO - [2022-09-21 00:24:11,650] {dag.py:2371} INFO - Sync 1 DAGs
[2022-09-21 00:24:11,688] {logging_mixin.py:115} INFO - [2022-09-21 00:24:11,688] {dag.py:2919} INFO - Setting next_dagrun for example_task_group to 2022-09-20T00:24:11.688342+00:00, run_after=2022-09-21T00:24:11.688342+00:00
[2022-09-21 00:24:11,814] {processor.py:161} INFO - Processing /home/airflow/.local/lib/python3.7/site-packages/airflow/example_dags/example_task_group.py took 0.220 seconds
[2022-09-21 00:24:42,764] {processor.py:153} INFO - Started process (PID=22331) to work on /home/airflow/.local/lib/python3.7/site-packages/airflow/example_dags/example_task_group.py
[2022-09-21 00:24:42,830] {processor.py:641} INFO - Processing file /home/airflow/.local/lib/python3.7/site-packages/airflow/example_dags/example_task_group.py for tasks to queue
[2022-09-21 00:24:42,831] {logging_mixin.py:115} INFO - [2022-09-21 00:24:42,830] {dagbag.py:507} INFO - Filling up the DagBag from /home/airflow/.local/lib/python3.7/site-packages/airflow/example_dags/example_task_group.py
[2022-09-21 00:24:42,843] {processor.py:651} INFO - DAG(s) dict_keys(['example_task_group']) retrieved from /home/airflow/.local/lib/python3.7/site-packages/airflow/example_dags/example_task_group.py
[2022-09-21 00:24:42,943] {logging_mixin.py:115} INFO - [2022-09-21 00:24:42,943] {dag.py:2371} INFO - Sync 1 DAGs
[2022-09-21 00:24:43,005] {logging_mixin.py:115} INFO - [2022-09-21 00:24:43,005] {dag.py:2919} INFO - Setting next_dagrun for example_task_group to 2022-09-20T00:24:43.004658+00:00, run_after=2022-09-21T00:24:43.004658+00:00
[2022-09-21 00:24:43,049] {processor.py:161} INFO - Processing /home/airflow/.local/lib/python3.7/site-packages/airflow/example_dags/example_task_group.py took 0.290 seconds
[2022-09-21 00:25:14,338] {processor.py:153} INFO - Started process (PID=22392) to work on /home/airflow/.local/lib/python3.7/site-packages/airflow/example_dags/example_task_group.py
[2022-09-21 00:25:14,339] {processor.py:641} INFO - Processing file /home/airflow/.local/lib/python3.7/site-packages/airflow/example_dags/example_task_group.py for tasks to queue
[2022-09-21 00:25:14,340] {logging_mixin.py:115} INFO - [2022-09-21 00:25:14,340] {dagbag.py:507} INFO - Filling up the DagBag from /home/airflow/.local/lib/python3.7/site-packages/airflow/example_dags/example_task_group.py
[2022-09-21 00:25:14,352] {processor.py:651} INFO - DAG(s) dict_keys(['example_task_group']) retrieved from /home/airflow/.local/lib/python3.7/site-packages/airflow/example_dags/example_task_group.py
[2022-09-21 00:25:14,397] {logging_mixin.py:115} INFO - [2022-09-21 00:25:14,397] {dag.py:2371} INFO - Sync 1 DAGs
[2022-09-21 00:25:14,440] {logging_mixin.py:115} INFO - [2022-09-21 00:25:14,440] {dag.py:2919} INFO - Setting next_dagrun for example_task_group to 2022-09-20T00:25:14.439704+00:00, run_after=2022-09-21T00:25:14.439704+00:00
[2022-09-21 00:25:14,492] {processor.py:161} INFO - Processing /home/airflow/.local/lib/python3.7/site-packages/airflow/example_dags/example_task_group.py took 0.158 seconds
[2022-09-21 00:25:45,056] {processor.py:153} INFO - Started process (PID=22446) to work on /home/airflow/.local/lib/python3.7/site-packages/airflow/example_dags/example_task_group.py
[2022-09-21 00:25:45,095] {processor.py:641} INFO - Processing file /home/airflow/.local/lib/python3.7/site-packages/airflow/example_dags/example_task_group.py for tasks to queue
[2022-09-21 00:25:45,096] {logging_mixin.py:115} INFO - [2022-09-21 00:25:45,096] {dagbag.py:507} INFO - Filling up the DagBag from /home/airflow/.local/lib/python3.7/site-packages/airflow/example_dags/example_task_group.py
[2022-09-21 00:25:45,111] {processor.py:651} INFO - DAG(s) dict_keys(['example_task_group']) retrieved from /home/airflow/.local/lib/python3.7/site-packages/airflow/example_dags/example_task_group.py
[2022-09-21 00:25:45,162] {logging_mixin.py:115} INFO - [2022-09-21 00:25:45,162] {dag.py:2371} INFO - Sync 1 DAGs
[2022-09-21 00:25:45,203] {logging_mixin.py:115} INFO - [2022-09-21 00:25:45,203] {dag.py:2919} INFO - Setting next_dagrun for example_task_group to 2022-09-20T00:25:45.203188+00:00, run_after=2022-09-21T00:25:45.203188+00:00
[2022-09-21 00:25:45,242] {processor.py:161} INFO - Processing /home/airflow/.local/lib/python3.7/site-packages/airflow/example_dags/example_task_group.py took 0.191 seconds
[2022-09-21 00:26:16,110] {processor.py:153} INFO - Started process (PID=22497) to work on /home/airflow/.local/lib/python3.7/site-packages/airflow/example_dags/example_task_group.py
[2022-09-21 00:26:16,111] {processor.py:641} INFO - Processing file /home/airflow/.local/lib/python3.7/site-packages/airflow/example_dags/example_task_group.py for tasks to queue
[2022-09-21 00:26:16,112] {logging_mixin.py:115} INFO - [2022-09-21 00:26:16,112] {dagbag.py:507} INFO - Filling up the DagBag from /home/airflow/.local/lib/python3.7/site-packages/airflow/example_dags/example_task_group.py
[2022-09-21 00:26:16,129] {processor.py:651} INFO - DAG(s) dict_keys(['example_task_group']) retrieved from /home/airflow/.local/lib/python3.7/site-packages/airflow/example_dags/example_task_group.py
[2022-09-21 00:26:16,182] {logging_mixin.py:115} INFO - [2022-09-21 00:26:16,182] {dag.py:2371} INFO - Sync 1 DAGs
[2022-09-21 00:26:16,222] {logging_mixin.py:115} INFO - [2022-09-21 00:26:16,222] {dag.py:2919} INFO - Setting next_dagrun for example_task_group to 2022-09-20T00:26:16.222156+00:00, run_after=2022-09-21T00:26:16.222156+00:00
[2022-09-21 00:26:16,252] {processor.py:161} INFO - Processing /home/airflow/.local/lib/python3.7/site-packages/airflow/example_dags/example_task_group.py took 0.146 seconds
[2022-09-21 00:26:47,208] {processor.py:153} INFO - Started process (PID=22558) to work on /home/airflow/.local/lib/python3.7/site-packages/airflow/example_dags/example_task_group.py
[2022-09-21 00:26:47,212] {processor.py:641} INFO - Processing file /home/airflow/.local/lib/python3.7/site-packages/airflow/example_dags/example_task_group.py for tasks to queue
[2022-09-21 00:26:47,213] {logging_mixin.py:115} INFO - [2022-09-21 00:26:47,213] {dagbag.py:507} INFO - Filling up the DagBag from /home/airflow/.local/lib/python3.7/site-packages/airflow/example_dags/example_task_group.py
[2022-09-21 00:26:47,226] {processor.py:651} INFO - DAG(s) dict_keys(['example_task_group']) retrieved from /home/airflow/.local/lib/python3.7/site-packages/airflow/example_dags/example_task_group.py
[2022-09-21 00:26:47,269] {logging_mixin.py:115} INFO - [2022-09-21 00:26:47,268] {dag.py:2371} INFO - Sync 1 DAGs
[2022-09-21 00:26:47,309] {logging_mixin.py:115} INFO - [2022-09-21 00:26:47,309] {dag.py:2919} INFO - Setting next_dagrun for example_task_group to 2022-09-20T00:26:47.309377+00:00, run_after=2022-09-21T00:26:47.309377+00:00
[2022-09-21 00:26:47,345] {processor.py:161} INFO - Processing /home/airflow/.local/lib/python3.7/site-packages/airflow/example_dags/example_task_group.py took 0.143 seconds
[2022-09-21 00:27:17,880] {processor.py:153} INFO - Started process (PID=22610) to work on /home/airflow/.local/lib/python3.7/site-packages/airflow/example_dags/example_task_group.py
[2022-09-21 00:27:17,881] {processor.py:641} INFO - Processing file /home/airflow/.local/lib/python3.7/site-packages/airflow/example_dags/example_task_group.py for tasks to queue
[2022-09-21 00:27:17,881] {logging_mixin.py:115} INFO - [2022-09-21 00:27:17,881] {dagbag.py:507} INFO - Filling up the DagBag from /home/airflow/.local/lib/python3.7/site-packages/airflow/example_dags/example_task_group.py
[2022-09-21 00:27:17,893] {processor.py:651} INFO - DAG(s) dict_keys(['example_task_group']) retrieved from /home/airflow/.local/lib/python3.7/site-packages/airflow/example_dags/example_task_group.py
[2022-09-21 00:27:17,941] {logging_mixin.py:115} INFO - [2022-09-21 00:27:17,940] {dag.py:2371} INFO - Sync 1 DAGs
[2022-09-21 00:27:17,982] {logging_mixin.py:115} INFO - [2022-09-21 00:27:17,982] {dag.py:2919} INFO - Setting next_dagrun for example_task_group to 2022-09-20T00:27:17.981890+00:00, run_after=2022-09-21T00:27:17.981890+00:00
[2022-09-21 00:27:18,014] {processor.py:161} INFO - Processing /home/airflow/.local/lib/python3.7/site-packages/airflow/example_dags/example_task_group.py took 0.139 seconds
[2022-09-21 00:27:48,279] {processor.py:153} INFO - Started process (PID=22669) to work on /home/airflow/.local/lib/python3.7/site-packages/airflow/example_dags/example_task_group.py
[2022-09-21 00:27:48,280] {processor.py:641} INFO - Processing file /home/airflow/.local/lib/python3.7/site-packages/airflow/example_dags/example_task_group.py for tasks to queue
[2022-09-21 00:27:48,281] {logging_mixin.py:115} INFO - [2022-09-21 00:27:48,280] {dagbag.py:507} INFO - Filling up the DagBag from /home/airflow/.local/lib/python3.7/site-packages/airflow/example_dags/example_task_group.py
[2022-09-21 00:27:48,289] {processor.py:651} INFO - DAG(s) dict_keys(['example_task_group']) retrieved from /home/airflow/.local/lib/python3.7/site-packages/airflow/example_dags/example_task_group.py
[2022-09-21 00:27:48,328] {logging_mixin.py:115} INFO - [2022-09-21 00:27:48,328] {dag.py:2371} INFO - Sync 1 DAGs
[2022-09-21 00:27:48,367] {logging_mixin.py:115} INFO - [2022-09-21 00:27:48,367] {dag.py:2919} INFO - Setting next_dagrun for example_task_group to 2022-09-20T00:27:48.367071+00:00, run_after=2022-09-21T00:27:48.367071+00:00
[2022-09-21 00:27:48,397] {processor.py:161} INFO - Processing /home/airflow/.local/lib/python3.7/site-packages/airflow/example_dags/example_task_group.py took 0.122 seconds
[2022-09-21 00:28:18,897] {processor.py:153} INFO - Started process (PID=22724) to work on /home/airflow/.local/lib/python3.7/site-packages/airflow/example_dags/example_task_group.py
[2022-09-21 00:28:18,897] {processor.py:641} INFO - Processing file /home/airflow/.local/lib/python3.7/site-packages/airflow/example_dags/example_task_group.py for tasks to queue
[2022-09-21 00:28:18,898] {logging_mixin.py:115} INFO - [2022-09-21 00:28:18,897] {dagbag.py:507} INFO - Filling up the DagBag from /home/airflow/.local/lib/python3.7/site-packages/airflow/example_dags/example_task_group.py
[2022-09-21 00:28:18,906] {processor.py:651} INFO - DAG(s) dict_keys(['example_task_group']) retrieved from /home/airflow/.local/lib/python3.7/site-packages/airflow/example_dags/example_task_group.py
[2022-09-21 00:28:18,941] {logging_mixin.py:115} INFO - [2022-09-21 00:28:18,941] {dag.py:2371} INFO - Sync 1 DAGs
[2022-09-21 00:28:18,970] {logging_mixin.py:115} INFO - [2022-09-21 00:28:18,970] {dag.py:2919} INFO - Setting next_dagrun for example_task_group to 2022-09-20T00:28:18.969740+00:00, run_after=2022-09-21T00:28:18.969740+00:00
[2022-09-21 00:28:19,010] {processor.py:161} INFO - Processing /home/airflow/.local/lib/python3.7/site-packages/airflow/example_dags/example_task_group.py took 0.117 seconds
[2022-09-21 00:28:49,673] {processor.py:153} INFO - Started process (PID=22776) to work on /home/airflow/.local/lib/python3.7/site-packages/airflow/example_dags/example_task_group.py
[2022-09-21 00:28:49,753] {processor.py:641} INFO - Processing file /home/airflow/.local/lib/python3.7/site-packages/airflow/example_dags/example_task_group.py for tasks to queue
[2022-09-21 00:28:49,754] {logging_mixin.py:115} INFO - [2022-09-21 00:28:49,754] {dagbag.py:507} INFO - Filling up the DagBag from /home/airflow/.local/lib/python3.7/site-packages/airflow/example_dags/example_task_group.py
[2022-09-21 00:28:49,767] {processor.py:651} INFO - DAG(s) dict_keys(['example_task_group']) retrieved from /home/airflow/.local/lib/python3.7/site-packages/airflow/example_dags/example_task_group.py
[2022-09-21 00:28:49,815] {logging_mixin.py:115} INFO - [2022-09-21 00:28:49,815] {dag.py:2371} INFO - Sync 1 DAGs
[2022-09-21 00:28:49,848] {logging_mixin.py:115} INFO - [2022-09-21 00:28:49,847] {dag.py:2919} INFO - Setting next_dagrun for example_task_group to 2022-09-20T00:28:49.847586+00:00, run_after=2022-09-21T00:28:49.847586+00:00
[2022-09-21 00:28:49,990] {processor.py:161} INFO - Processing /home/airflow/.local/lib/python3.7/site-packages/airflow/example_dags/example_task_group.py took 0.332 seconds
[2022-09-21 00:29:20,566] {processor.py:153} INFO - Started process (PID=22838) to work on /home/airflow/.local/lib/python3.7/site-packages/airflow/example_dags/example_task_group.py
[2022-09-21 00:29:20,567] {processor.py:641} INFO - Processing file /home/airflow/.local/lib/python3.7/site-packages/airflow/example_dags/example_task_group.py for tasks to queue
[2022-09-21 00:29:20,567] {logging_mixin.py:115} INFO - [2022-09-21 00:29:20,567] {dagbag.py:507} INFO - Filling up the DagBag from /home/airflow/.local/lib/python3.7/site-packages/airflow/example_dags/example_task_group.py
[2022-09-21 00:29:20,579] {processor.py:651} INFO - DAG(s) dict_keys(['example_task_group']) retrieved from /home/airflow/.local/lib/python3.7/site-packages/airflow/example_dags/example_task_group.py
[2022-09-21 00:29:20,621] {logging_mixin.py:115} INFO - [2022-09-21 00:29:20,621] {dag.py:2371} INFO - Sync 1 DAGs
[2022-09-21 00:29:20,660] {logging_mixin.py:115} INFO - [2022-09-21 00:29:20,660] {dag.py:2919} INFO - Setting next_dagrun for example_task_group to 2022-09-20T00:29:20.660519+00:00, run_after=2022-09-21T00:29:20.660519+00:00
[2022-09-21 00:29:20,693] {processor.py:161} INFO - Processing /home/airflow/.local/lib/python3.7/site-packages/airflow/example_dags/example_task_group.py took 0.132 seconds
[2022-09-21 00:29:51,010] {processor.py:153} INFO - Started process (PID=22891) to work on /home/airflow/.local/lib/python3.7/site-packages/airflow/example_dags/example_task_group.py
[2022-09-21 00:29:51,012] {processor.py:641} INFO - Processing file /home/airflow/.local/lib/python3.7/site-packages/airflow/example_dags/example_task_group.py for tasks to queue
[2022-09-21 00:29:51,013] {logging_mixin.py:115} INFO - [2022-09-21 00:29:51,013] {dagbag.py:507} INFO - Filling up the DagBag from /home/airflow/.local/lib/python3.7/site-packages/airflow/example_dags/example_task_group.py
[2022-09-21 00:29:51,023] {processor.py:651} INFO - DAG(s) dict_keys(['example_task_group']) retrieved from /home/airflow/.local/lib/python3.7/site-packages/airflow/example_dags/example_task_group.py
[2022-09-21 00:29:51,055] {logging_mixin.py:115} INFO - [2022-09-21 00:29:51,055] {dag.py:2371} INFO - Sync 1 DAGs
[2022-09-21 00:29:51,086] {logging_mixin.py:115} INFO - [2022-09-21 00:29:51,086] {dag.py:2919} INFO - Setting next_dagrun for example_task_group to 2022-09-20T00:29:51.086196+00:00, run_after=2022-09-21T00:29:51.086196+00:00
[2022-09-21 00:29:51,107] {processor.py:161} INFO - Processing /home/airflow/.local/lib/python3.7/site-packages/airflow/example_dags/example_task_group.py took 0.101 seconds
[2022-09-21 00:30:22,174] {processor.py:153} INFO - Started process (PID=22952) to work on /home/airflow/.local/lib/python3.7/site-packages/airflow/example_dags/example_task_group.py
[2022-09-21 00:30:22,175] {processor.py:641} INFO - Processing file /home/airflow/.local/lib/python3.7/site-packages/airflow/example_dags/example_task_group.py for tasks to queue
[2022-09-21 00:30:22,176] {logging_mixin.py:115} INFO - [2022-09-21 00:30:22,176] {dagbag.py:507} INFO - Filling up the DagBag from /home/airflow/.local/lib/python3.7/site-packages/airflow/example_dags/example_task_group.py
[2022-09-21 00:30:22,188] {processor.py:651} INFO - DAG(s) dict_keys(['example_task_group']) retrieved from /home/airflow/.local/lib/python3.7/site-packages/airflow/example_dags/example_task_group.py
[2022-09-21 00:30:22,241] {logging_mixin.py:115} INFO - [2022-09-21 00:30:22,241] {dag.py:2371} INFO - Sync 1 DAGs
[2022-09-21 00:30:22,286] {logging_mixin.py:115} INFO - [2022-09-21 00:30:22,285] {dag.py:2919} INFO - Setting next_dagrun for example_task_group to 2022-09-20T00:30:22.285413+00:00, run_after=2022-09-21T00:30:22.285413+00:00
[2022-09-21 00:30:22,323] {processor.py:161} INFO - Processing /home/airflow/.local/lib/python3.7/site-packages/airflow/example_dags/example_task_group.py took 0.157 seconds
[2022-09-21 00:30:53,066] {processor.py:153} INFO - Started process (PID=23005) to work on /home/airflow/.local/lib/python3.7/site-packages/airflow/example_dags/example_task_group.py
[2022-09-21 00:30:53,067] {processor.py:641} INFO - Processing file /home/airflow/.local/lib/python3.7/site-packages/airflow/example_dags/example_task_group.py for tasks to queue
[2022-09-21 00:30:53,068] {logging_mixin.py:115} INFO - [2022-09-21 00:30:53,068] {dagbag.py:507} INFO - Filling up the DagBag from /home/airflow/.local/lib/python3.7/site-packages/airflow/example_dags/example_task_group.py
[2022-09-21 00:30:53,085] {processor.py:651} INFO - DAG(s) dict_keys(['example_task_group']) retrieved from /home/airflow/.local/lib/python3.7/site-packages/airflow/example_dags/example_task_group.py
[2022-09-21 00:30:53,145] {logging_mixin.py:115} INFO - [2022-09-21 00:30:53,145] {dag.py:2371} INFO - Sync 1 DAGs
[2022-09-21 00:30:53,191] {logging_mixin.py:115} INFO - [2022-09-21 00:30:53,191] {dag.py:2919} INFO - Setting next_dagrun for example_task_group to 2022-09-20T00:30:53.191049+00:00, run_after=2022-09-21T00:30:53.191049+00:00
[2022-09-21 00:30:53,225] {processor.py:161} INFO - Processing /home/airflow/.local/lib/python3.7/site-packages/airflow/example_dags/example_task_group.py took 0.167 seconds
[2022-09-21 00:31:23,958] {processor.py:153} INFO - Started process (PID=23064) to work on /home/airflow/.local/lib/python3.7/site-packages/airflow/example_dags/example_task_group.py
[2022-09-21 00:31:23,959] {processor.py:641} INFO - Processing file /home/airflow/.local/lib/python3.7/site-packages/airflow/example_dags/example_task_group.py for tasks to queue
[2022-09-21 00:31:23,960] {logging_mixin.py:115} INFO - [2022-09-21 00:31:23,960] {dagbag.py:507} INFO - Filling up the DagBag from /home/airflow/.local/lib/python3.7/site-packages/airflow/example_dags/example_task_group.py
[2022-09-21 00:31:23,976] {processor.py:651} INFO - DAG(s) dict_keys(['example_task_group']) retrieved from /home/airflow/.local/lib/python3.7/site-packages/airflow/example_dags/example_task_group.py
[2022-09-21 00:31:24,034] {logging_mixin.py:115} INFO - [2022-09-21 00:31:24,034] {dag.py:2371} INFO - Sync 1 DAGs
[2022-09-21 00:31:24,084] {logging_mixin.py:115} INFO - [2022-09-21 00:31:24,084] {dag.py:2919} INFO - Setting next_dagrun for example_task_group to 2022-09-20T00:31:24.084006+00:00, run_after=2022-09-21T00:31:24.084006+00:00
[2022-09-21 00:31:24,132] {processor.py:161} INFO - Processing /home/airflow/.local/lib/python3.7/site-packages/airflow/example_dags/example_task_group.py took 0.180 seconds
[2022-09-21 00:31:54,863] {processor.py:153} INFO - Started process (PID=23116) to work on /home/airflow/.local/lib/python3.7/site-packages/airflow/example_dags/example_task_group.py
[2022-09-21 00:31:54,872] {processor.py:641} INFO - Processing file /home/airflow/.local/lib/python3.7/site-packages/airflow/example_dags/example_task_group.py for tasks to queue
[2022-09-21 00:31:54,872] {logging_mixin.py:115} INFO - [2022-09-21 00:31:54,872] {dagbag.py:507} INFO - Filling up the DagBag from /home/airflow/.local/lib/python3.7/site-packages/airflow/example_dags/example_task_group.py
[2022-09-21 00:31:54,882] {processor.py:651} INFO - DAG(s) dict_keys(['example_task_group']) retrieved from /home/airflow/.local/lib/python3.7/site-packages/airflow/example_dags/example_task_group.py
[2022-09-21 00:31:54,921] {logging_mixin.py:115} INFO - [2022-09-21 00:31:54,920] {dag.py:2371} INFO - Sync 1 DAGs
[2022-09-21 00:31:54,950] {logging_mixin.py:115} INFO - [2022-09-21 00:31:54,949] {dag.py:2919} INFO - Setting next_dagrun for example_task_group to 2022-09-20T00:31:54.949705+00:00, run_after=2022-09-21T00:31:54.949705+00:00
[2022-09-21 00:31:54,975] {processor.py:161} INFO - Processing /home/airflow/.local/lib/python3.7/site-packages/airflow/example_dags/example_task_group.py took 0.116 seconds
[2022-09-21 00:32:25,433] {processor.py:153} INFO - Started process (PID=23177) to work on /home/airflow/.local/lib/python3.7/site-packages/airflow/example_dags/example_task_group.py
[2022-09-21 00:32:25,433] {processor.py:641} INFO - Processing file /home/airflow/.local/lib/python3.7/site-packages/airflow/example_dags/example_task_group.py for tasks to queue
[2022-09-21 00:32:25,434] {logging_mixin.py:115} INFO - [2022-09-21 00:32:25,434] {dagbag.py:507} INFO - Filling up the DagBag from /home/airflow/.local/lib/python3.7/site-packages/airflow/example_dags/example_task_group.py
[2022-09-21 00:32:25,447] {processor.py:651} INFO - DAG(s) dict_keys(['example_task_group']) retrieved from /home/airflow/.local/lib/python3.7/site-packages/airflow/example_dags/example_task_group.py
[2022-09-21 00:32:25,489] {logging_mixin.py:115} INFO - [2022-09-21 00:32:25,488] {dag.py:2371} INFO - Sync 1 DAGs
[2022-09-21 00:32:25,529] {logging_mixin.py:115} INFO - [2022-09-21 00:32:25,529] {dag.py:2919} INFO - Setting next_dagrun for example_task_group to 2022-09-20T00:32:25.528943+00:00, run_after=2022-09-21T00:32:25.528943+00:00
[2022-09-21 00:32:25,567] {processor.py:161} INFO - Processing /home/airflow/.local/lib/python3.7/site-packages/airflow/example_dags/example_task_group.py took 0.139 seconds
[2022-09-21 00:32:56,530] {processor.py:153} INFO - Started process (PID=23238) to work on /home/airflow/.local/lib/python3.7/site-packages/airflow/example_dags/example_task_group.py
[2022-09-21 00:32:56,530] {processor.py:641} INFO - Processing file /home/airflow/.local/lib/python3.7/site-packages/airflow/example_dags/example_task_group.py for tasks to queue
[2022-09-21 00:32:56,531] {logging_mixin.py:115} INFO - [2022-09-21 00:32:56,531] {dagbag.py:507} INFO - Filling up the DagBag from /home/airflow/.local/lib/python3.7/site-packages/airflow/example_dags/example_task_group.py
[2022-09-21 00:32:56,543] {processor.py:651} INFO - DAG(s) dict_keys(['example_task_group']) retrieved from /home/airflow/.local/lib/python3.7/site-packages/airflow/example_dags/example_task_group.py
[2022-09-21 00:32:56,624] {logging_mixin.py:115} INFO - [2022-09-21 00:32:56,624] {dag.py:2371} INFO - Sync 1 DAGs
[2022-09-21 00:32:56,717] {logging_mixin.py:115} INFO - [2022-09-21 00:32:56,716] {dag.py:2919} INFO - Setting next_dagrun for example_task_group to 2022-09-20T00:32:56.716562+00:00, run_after=2022-09-21T00:32:56.716562+00:00
[2022-09-21 00:32:56,804] {processor.py:161} INFO - Processing /home/airflow/.local/lib/python3.7/site-packages/airflow/example_dags/example_task_group.py took 0.279 seconds
[2022-09-21 00:33:27,186] {processor.py:153} INFO - Started process (PID=23290) to work on /home/airflow/.local/lib/python3.7/site-packages/airflow/example_dags/example_task_group.py
[2022-09-21 00:33:27,187] {processor.py:641} INFO - Processing file /home/airflow/.local/lib/python3.7/site-packages/airflow/example_dags/example_task_group.py for tasks to queue
[2022-09-21 00:33:27,188] {logging_mixin.py:115} INFO - [2022-09-21 00:33:27,187] {dagbag.py:507} INFO - Filling up the DagBag from /home/airflow/.local/lib/python3.7/site-packages/airflow/example_dags/example_task_group.py
[2022-09-21 00:33:27,196] {processor.py:651} INFO - DAG(s) dict_keys(['example_task_group']) retrieved from /home/airflow/.local/lib/python3.7/site-packages/airflow/example_dags/example_task_group.py
[2022-09-21 00:33:27,237] {logging_mixin.py:115} INFO - [2022-09-21 00:33:27,237] {dag.py:2371} INFO - Sync 1 DAGs
[2022-09-21 00:33:27,265] {logging_mixin.py:115} INFO - [2022-09-21 00:33:27,265] {dag.py:2919} INFO - Setting next_dagrun for example_task_group to 2022-09-20T00:33:27.265572+00:00, run_after=2022-09-21T00:33:27.265572+00:00
[2022-09-21 00:33:27,315] {processor.py:161} INFO - Processing /home/airflow/.local/lib/python3.7/site-packages/airflow/example_dags/example_task_group.py took 0.134 seconds
[2022-09-21 00:33:57,642] {processor.py:153} INFO - Started process (PID=23351) to work on /home/airflow/.local/lib/python3.7/site-packages/airflow/example_dags/example_task_group.py
[2022-09-21 00:33:57,642] {processor.py:641} INFO - Processing file /home/airflow/.local/lib/python3.7/site-packages/airflow/example_dags/example_task_group.py for tasks to queue
[2022-09-21 00:33:57,643] {logging_mixin.py:115} INFO - [2022-09-21 00:33:57,643] {dagbag.py:507} INFO - Filling up the DagBag from /home/airflow/.local/lib/python3.7/site-packages/airflow/example_dags/example_task_group.py
[2022-09-21 00:33:57,655] {processor.py:651} INFO - DAG(s) dict_keys(['example_task_group']) retrieved from /home/airflow/.local/lib/python3.7/site-packages/airflow/example_dags/example_task_group.py
[2022-09-21 00:33:57,698] {logging_mixin.py:115} INFO - [2022-09-21 00:33:57,698] {dag.py:2371} INFO - Sync 1 DAGs
[2022-09-21 00:33:57,738] {logging_mixin.py:115} INFO - [2022-09-21 00:33:57,738] {dag.py:2919} INFO - Setting next_dagrun for example_task_group to 2022-09-20T00:33:57.738350+00:00, run_after=2022-09-21T00:33:57.738350+00:00
[2022-09-21 00:33:57,764] {processor.py:161} INFO - Processing /home/airflow/.local/lib/python3.7/site-packages/airflow/example_dags/example_task_group.py took 0.126 seconds
[2022-09-21 00:34:27,853] {processor.py:153} INFO - Started process (PID=23403) to work on /home/airflow/.local/lib/python3.7/site-packages/airflow/example_dags/example_task_group.py
[2022-09-21 00:34:27,870] {processor.py:641} INFO - Processing file /home/airflow/.local/lib/python3.7/site-packages/airflow/example_dags/example_task_group.py for tasks to queue
[2022-09-21 00:34:27,871] {logging_mixin.py:115} INFO - [2022-09-21 00:34:27,871] {dagbag.py:507} INFO - Filling up the DagBag from /home/airflow/.local/lib/python3.7/site-packages/airflow/example_dags/example_task_group.py
[2022-09-21 00:34:27,879] {processor.py:651} INFO - DAG(s) dict_keys(['example_task_group']) retrieved from /home/airflow/.local/lib/python3.7/site-packages/airflow/example_dags/example_task_group.py
[2022-09-21 00:34:27,911] {logging_mixin.py:115} INFO - [2022-09-21 00:34:27,911] {dag.py:2371} INFO - Sync 1 DAGs
[2022-09-21 00:34:27,939] {logging_mixin.py:115} INFO - [2022-09-21 00:34:27,939] {dag.py:2919} INFO - Setting next_dagrun for example_task_group to 2022-09-20T00:34:27.938885+00:00, run_after=2022-09-21T00:34:27.938885+00:00
[2022-09-21 00:34:27,965] {processor.py:161} INFO - Processing /home/airflow/.local/lib/python3.7/site-packages/airflow/example_dags/example_task_group.py took 0.116 seconds
[2022-09-21 00:34:58,130] {processor.py:153} INFO - Started process (PID=23453) to work on /home/airflow/.local/lib/python3.7/site-packages/airflow/example_dags/example_task_group.py
[2022-09-21 00:34:58,133] {processor.py:641} INFO - Processing file /home/airflow/.local/lib/python3.7/site-packages/airflow/example_dags/example_task_group.py for tasks to queue
[2022-09-21 00:34:58,134] {logging_mixin.py:115} INFO - [2022-09-21 00:34:58,134] {dagbag.py:507} INFO - Filling up the DagBag from /home/airflow/.local/lib/python3.7/site-packages/airflow/example_dags/example_task_group.py
[2022-09-21 00:34:58,144] {processor.py:651} INFO - DAG(s) dict_keys(['example_task_group']) retrieved from /home/airflow/.local/lib/python3.7/site-packages/airflow/example_dags/example_task_group.py
[2022-09-21 00:34:58,220] {logging_mixin.py:115} INFO - [2022-09-21 00:34:58,220] {dag.py:2371} INFO - Sync 1 DAGs
[2022-09-21 00:34:58,267] {logging_mixin.py:115} INFO - [2022-09-21 00:34:58,267] {dag.py:2919} INFO - Setting next_dagrun for example_task_group to 2022-09-20T00:34:58.267318+00:00, run_after=2022-09-21T00:34:58.267318+00:00
[2022-09-21 00:34:58,303] {processor.py:161} INFO - Processing /home/airflow/.local/lib/python3.7/site-packages/airflow/example_dags/example_task_group.py took 0.178 seconds
[2022-09-21 00:35:28,549] {processor.py:153} INFO - Started process (PID=23513) to work on /home/airflow/.local/lib/python3.7/site-packages/airflow/example_dags/example_task_group.py
[2022-09-21 00:35:28,569] {processor.py:641} INFO - Processing file /home/airflow/.local/lib/python3.7/site-packages/airflow/example_dags/example_task_group.py for tasks to queue
[2022-09-21 00:35:28,571] {logging_mixin.py:115} INFO - [2022-09-21 00:35:28,571] {dagbag.py:507} INFO - Filling up the DagBag from /home/airflow/.local/lib/python3.7/site-packages/airflow/example_dags/example_task_group.py
[2022-09-21 00:35:28,598] {processor.py:651} INFO - DAG(s) dict_keys(['example_task_group']) retrieved from /home/airflow/.local/lib/python3.7/site-packages/airflow/example_dags/example_task_group.py
[2022-09-21 00:35:28,638] {logging_mixin.py:115} INFO - [2022-09-21 00:35:28,638] {dag.py:2371} INFO - Sync 1 DAGs
[2022-09-21 00:35:28,677] {logging_mixin.py:115} INFO - [2022-09-21 00:35:28,676] {dag.py:2919} INFO - Setting next_dagrun for example_task_group to 2022-09-20T00:35:28.676508+00:00, run_after=2022-09-21T00:35:28.676508+00:00
[2022-09-21 00:35:28,705] {processor.py:161} INFO - Processing /home/airflow/.local/lib/python3.7/site-packages/airflow/example_dags/example_task_group.py took 0.170 seconds
[2022-09-21 00:35:59,263] {processor.py:153} INFO - Started process (PID=23563) to work on /home/airflow/.local/lib/python3.7/site-packages/airflow/example_dags/example_task_group.py
[2022-09-21 00:35:59,264] {processor.py:641} INFO - Processing file /home/airflow/.local/lib/python3.7/site-packages/airflow/example_dags/example_task_group.py for tasks to queue
[2022-09-21 00:35:59,265] {logging_mixin.py:115} INFO - [2022-09-21 00:35:59,265] {dagbag.py:507} INFO - Filling up the DagBag from /home/airflow/.local/lib/python3.7/site-packages/airflow/example_dags/example_task_group.py
[2022-09-21 00:35:59,274] {processor.py:651} INFO - DAG(s) dict_keys(['example_task_group']) retrieved from /home/airflow/.local/lib/python3.7/site-packages/airflow/example_dags/example_task_group.py
[2022-09-21 00:35:59,307] {logging_mixin.py:115} INFO - [2022-09-21 00:35:59,307] {dag.py:2371} INFO - Sync 1 DAGs
[2022-09-21 00:35:59,336] {logging_mixin.py:115} INFO - [2022-09-21 00:35:59,336] {dag.py:2919} INFO - Setting next_dagrun for example_task_group to 2022-09-20T00:35:59.336321+00:00, run_after=2022-09-21T00:35:59.336321+00:00
[2022-09-21 00:35:59,374] {processor.py:161} INFO - Processing /home/airflow/.local/lib/python3.7/site-packages/airflow/example_dags/example_task_group.py took 0.114 seconds
[2022-09-21 00:36:30,260] {processor.py:153} INFO - Started process (PID=23624) to work on /home/airflow/.local/lib/python3.7/site-packages/airflow/example_dags/example_task_group.py
[2022-09-21 00:36:30,434] {processor.py:641} INFO - Processing file /home/airflow/.local/lib/python3.7/site-packages/airflow/example_dags/example_task_group.py for tasks to queue
[2022-09-21 00:36:30,435] {logging_mixin.py:115} INFO - [2022-09-21 00:36:30,435] {dagbag.py:507} INFO - Filling up the DagBag from /home/airflow/.local/lib/python3.7/site-packages/airflow/example_dags/example_task_group.py
[2022-09-21 00:36:30,447] {processor.py:651} INFO - DAG(s) dict_keys(['example_task_group']) retrieved from /home/airflow/.local/lib/python3.7/site-packages/airflow/example_dags/example_task_group.py
[2022-09-21 00:36:30,503] {logging_mixin.py:115} INFO - [2022-09-21 00:36:30,502] {dag.py:2371} INFO - Sync 1 DAGs
[2022-09-21 00:36:30,554] {logging_mixin.py:115} INFO - [2022-09-21 00:36:30,554] {dag.py:2919} INFO - Setting next_dagrun for example_task_group to 2022-09-20T00:36:30.553953+00:00, run_after=2022-09-21T00:36:30.553953+00:00
[2022-09-21 00:36:30,890] {processor.py:161} INFO - Processing /home/airflow/.local/lib/python3.7/site-packages/airflow/example_dags/example_task_group.py took 0.634 seconds
