[2022-09-21 00:00:08,638] {processor.py:153} INFO - Started process (PID=19719) to work on /home/airflow/.local/lib/python3.7/site-packages/airflow/example_dags/example_trigger_target_dag.py
[2022-09-21 00:00:08,639] {processor.py:641} INFO - Processing file /home/airflow/.local/lib/python3.7/site-packages/airflow/example_dags/example_trigger_target_dag.py for tasks to queue
[2022-09-21 00:00:08,640] {logging_mixin.py:115} INFO - [2022-09-21 00:00:08,640] {dagbag.py:507} INFO - Filling up the DagBag from /home/airflow/.local/lib/python3.7/site-packages/airflow/example_dags/example_trigger_target_dag.py
[2022-09-21 00:00:08,667] {processor.py:651} INFO - DAG(s) dict_keys(['example_trigger_target_dag']) retrieved from /home/airflow/.local/lib/python3.7/site-packages/airflow/example_dags/example_trigger_target_dag.py
[2022-09-21 00:00:08,700] {logging_mixin.py:115} INFO - [2022-09-21 00:00:08,700] {dag.py:2371} INFO - Sync 1 DAGs
[2022-09-21 00:00:08,730] {logging_mixin.py:115} INFO - [2022-09-21 00:00:08,730] {dag.py:2919} INFO - Setting next_dagrun for example_trigger_target_dag to None, run_after=None
[2022-09-21 00:00:08,766] {processor.py:161} INFO - Processing /home/airflow/.local/lib/python3.7/site-packages/airflow/example_dags/example_trigger_target_dag.py took 0.135 seconds
[2022-09-21 00:00:39,084] {processor.py:153} INFO - Started process (PID=19780) to work on /home/airflow/.local/lib/python3.7/site-packages/airflow/example_dags/example_trigger_target_dag.py
[2022-09-21 00:00:39,085] {processor.py:641} INFO - Processing file /home/airflow/.local/lib/python3.7/site-packages/airflow/example_dags/example_trigger_target_dag.py for tasks to queue
[2022-09-21 00:00:39,086] {logging_mixin.py:115} INFO - [2022-09-21 00:00:39,086] {dagbag.py:507} INFO - Filling up the DagBag from /home/airflow/.local/lib/python3.7/site-packages/airflow/example_dags/example_trigger_target_dag.py
[2022-09-21 00:00:39,116] {processor.py:651} INFO - DAG(s) dict_keys(['example_trigger_target_dag']) retrieved from /home/airflow/.local/lib/python3.7/site-packages/airflow/example_dags/example_trigger_target_dag.py
[2022-09-21 00:00:39,162] {logging_mixin.py:115} INFO - [2022-09-21 00:00:39,162] {dag.py:2371} INFO - Sync 1 DAGs
[2022-09-21 00:00:39,218] {logging_mixin.py:115} INFO - [2022-09-21 00:00:39,218] {dag.py:2919} INFO - Setting next_dagrun for example_trigger_target_dag to None, run_after=None
[2022-09-21 00:00:39,248] {processor.py:161} INFO - Processing /home/airflow/.local/lib/python3.7/site-packages/airflow/example_dags/example_trigger_target_dag.py took 0.170 seconds
[2022-09-21 00:01:09,520] {processor.py:153} INFO - Started process (PID=19833) to work on /home/airflow/.local/lib/python3.7/site-packages/airflow/example_dags/example_trigger_target_dag.py
[2022-09-21 00:01:09,521] {processor.py:641} INFO - Processing file /home/airflow/.local/lib/python3.7/site-packages/airflow/example_dags/example_trigger_target_dag.py for tasks to queue
[2022-09-21 00:01:09,521] {logging_mixin.py:115} INFO - [2022-09-21 00:01:09,521] {dagbag.py:507} INFO - Filling up the DagBag from /home/airflow/.local/lib/python3.7/site-packages/airflow/example_dags/example_trigger_target_dag.py
[2022-09-21 00:01:09,551] {processor.py:651} INFO - DAG(s) dict_keys(['example_trigger_target_dag']) retrieved from /home/airflow/.local/lib/python3.7/site-packages/airflow/example_dags/example_trigger_target_dag.py
[2022-09-21 00:01:09,589] {logging_mixin.py:115} INFO - [2022-09-21 00:01:09,589] {dag.py:2371} INFO - Sync 1 DAGs
[2022-09-21 00:01:09,640] {logging_mixin.py:115} INFO - [2022-09-21 00:01:09,639] {dag.py:2919} INFO - Setting next_dagrun for example_trigger_target_dag to None, run_after=None
[2022-09-21 00:01:09,671] {processor.py:161} INFO - Processing /home/airflow/.local/lib/python3.7/site-packages/airflow/example_dags/example_trigger_target_dag.py took 0.154 seconds
[2022-09-21 00:01:40,398] {processor.py:153} INFO - Started process (PID=19884) to work on /home/airflow/.local/lib/python3.7/site-packages/airflow/example_dags/example_trigger_target_dag.py
[2022-09-21 00:01:40,436] {processor.py:641} INFO - Processing file /home/airflow/.local/lib/python3.7/site-packages/airflow/example_dags/example_trigger_target_dag.py for tasks to queue
[2022-09-21 00:01:40,437] {logging_mixin.py:115} INFO - [2022-09-21 00:01:40,437] {dagbag.py:507} INFO - Filling up the DagBag from /home/airflow/.local/lib/python3.7/site-packages/airflow/example_dags/example_trigger_target_dag.py
[2022-09-21 00:01:40,469] {processor.py:651} INFO - DAG(s) dict_keys(['example_trigger_target_dag']) retrieved from /home/airflow/.local/lib/python3.7/site-packages/airflow/example_dags/example_trigger_target_dag.py
[2022-09-21 00:01:40,529] {logging_mixin.py:115} INFO - [2022-09-21 00:01:40,529] {dag.py:2371} INFO - Sync 1 DAGs
[2022-09-21 00:01:40,564] {logging_mixin.py:115} INFO - [2022-09-21 00:01:40,564] {dag.py:2919} INFO - Setting next_dagrun for example_trigger_target_dag to None, run_after=None
[2022-09-21 00:01:40,994] {processor.py:161} INFO - Processing /home/airflow/.local/lib/python3.7/site-packages/airflow/example_dags/example_trigger_target_dag.py took 0.603 seconds
[2022-09-21 00:02:18,942] {processor.py:153} INFO - Started process (PID=19939) to work on /home/airflow/.local/lib/python3.7/site-packages/airflow/example_dags/example_trigger_target_dag.py
[2022-09-21 00:02:18,943] {processor.py:641} INFO - Processing file /home/airflow/.local/lib/python3.7/site-packages/airflow/example_dags/example_trigger_target_dag.py for tasks to queue
[2022-09-21 00:02:18,944] {logging_mixin.py:115} INFO - [2022-09-21 00:02:18,944] {dagbag.py:507} INFO - Filling up the DagBag from /home/airflow/.local/lib/python3.7/site-packages/airflow/example_dags/example_trigger_target_dag.py
[2022-09-21 00:02:18,969] {processor.py:651} INFO - DAG(s) dict_keys(['example_trigger_target_dag']) retrieved from /home/airflow/.local/lib/python3.7/site-packages/airflow/example_dags/example_trigger_target_dag.py
[2022-09-21 00:02:19,008] {logging_mixin.py:115} INFO - [2022-09-21 00:02:19,008] {dag.py:2371} INFO - Sync 1 DAGs
[2022-09-21 00:02:19,041] {logging_mixin.py:115} INFO - [2022-09-21 00:02:19,041] {dag.py:2919} INFO - Setting next_dagrun for example_trigger_target_dag to None, run_after=None
[2022-09-21 00:02:19,060] {processor.py:161} INFO - Processing /home/airflow/.local/lib/python3.7/site-packages/airflow/example_dags/example_trigger_target_dag.py took 0.124 seconds
[2022-09-21 00:03:10,158] {processor.py:153} INFO - Started process (PID=20004) to work on /home/airflow/.local/lib/python3.7/site-packages/airflow/example_dags/example_trigger_target_dag.py
[2022-09-21 00:03:10,318] {processor.py:641} INFO - Processing file /home/airflow/.local/lib/python3.7/site-packages/airflow/example_dags/example_trigger_target_dag.py for tasks to queue
[2022-09-21 00:03:10,320] {logging_mixin.py:115} INFO - [2022-09-21 00:03:10,320] {dagbag.py:507} INFO - Filling up the DagBag from /home/airflow/.local/lib/python3.7/site-packages/airflow/example_dags/example_trigger_target_dag.py
[2022-09-21 00:03:10,395] {processor.py:651} INFO - DAG(s) dict_keys(['example_trigger_target_dag']) retrieved from /home/airflow/.local/lib/python3.7/site-packages/airflow/example_dags/example_trigger_target_dag.py
[2022-09-21 00:03:10,450] {logging_mixin.py:115} INFO - [2022-09-21 00:03:10,450] {dag.py:2371} INFO - Sync 1 DAGs
[2022-09-21 00:03:10,486] {logging_mixin.py:115} INFO - [2022-09-21 00:03:10,485] {dag.py:2919} INFO - Setting next_dagrun for example_trigger_target_dag to None, run_after=None
[2022-09-21 00:03:10,722] {processor.py:161} INFO - Processing /home/airflow/.local/lib/python3.7/site-packages/airflow/example_dags/example_trigger_target_dag.py took 0.569 seconds
[2022-09-21 00:03:41,750] {processor.py:153} INFO - Started process (PID=20057) to work on /home/airflow/.local/lib/python3.7/site-packages/airflow/example_dags/example_trigger_target_dag.py
[2022-09-21 00:03:41,751] {processor.py:641} INFO - Processing file /home/airflow/.local/lib/python3.7/site-packages/airflow/example_dags/example_trigger_target_dag.py for tasks to queue
[2022-09-21 00:03:41,754] {logging_mixin.py:115} INFO - [2022-09-21 00:03:41,754] {dagbag.py:507} INFO - Filling up the DagBag from /home/airflow/.local/lib/python3.7/site-packages/airflow/example_dags/example_trigger_target_dag.py
[2022-09-21 00:03:41,797] {processor.py:651} INFO - DAG(s) dict_keys(['example_trigger_target_dag']) retrieved from /home/airflow/.local/lib/python3.7/site-packages/airflow/example_dags/example_trigger_target_dag.py
[2022-09-21 00:03:41,839] {logging_mixin.py:115} INFO - [2022-09-21 00:03:41,839] {dag.py:2371} INFO - Sync 1 DAGs
[2022-09-21 00:03:41,880] {logging_mixin.py:115} INFO - [2022-09-21 00:03:41,880] {dag.py:2919} INFO - Setting next_dagrun for example_trigger_target_dag to None, run_after=None
[2022-09-21 00:03:42,070] {processor.py:161} INFO - Processing /home/airflow/.local/lib/python3.7/site-packages/airflow/example_dags/example_trigger_target_dag.py took 0.339 seconds
[2022-09-21 00:04:16,088] {processor.py:153} INFO - Started process (PID=20120) to work on /home/airflow/.local/lib/python3.7/site-packages/airflow/example_dags/example_trigger_target_dag.py
[2022-09-21 00:04:16,333] {processor.py:641} INFO - Processing file /home/airflow/.local/lib/python3.7/site-packages/airflow/example_dags/example_trigger_target_dag.py for tasks to queue
[2022-09-21 00:04:16,337] {logging_mixin.py:115} INFO - [2022-09-21 00:04:16,336] {dagbag.py:507} INFO - Filling up the DagBag from /home/airflow/.local/lib/python3.7/site-packages/airflow/example_dags/example_trigger_target_dag.py
[2022-09-21 00:04:16,372] {processor.py:651} INFO - DAG(s) dict_keys(['example_trigger_target_dag']) retrieved from /home/airflow/.local/lib/python3.7/site-packages/airflow/example_dags/example_trigger_target_dag.py
[2022-09-21 00:04:16,409] {logging_mixin.py:115} INFO - [2022-09-21 00:04:16,408] {dag.py:2371} INFO - Sync 1 DAGs
[2022-09-21 00:04:16,443] {logging_mixin.py:115} INFO - [2022-09-21 00:04:16,443] {dag.py:2919} INFO - Setting next_dagrun for example_trigger_target_dag to None, run_after=None
[2022-09-21 00:04:16,738] {processor.py:161} INFO - Processing /home/airflow/.local/lib/python3.7/site-packages/airflow/example_dags/example_trigger_target_dag.py took 0.655 seconds
[2022-09-21 00:04:47,841] {processor.py:153} INFO - Started process (PID=20172) to work on /home/airflow/.local/lib/python3.7/site-packages/airflow/example_dags/example_trigger_target_dag.py
[2022-09-21 00:04:48,169] {processor.py:641} INFO - Processing file /home/airflow/.local/lib/python3.7/site-packages/airflow/example_dags/example_trigger_target_dag.py for tasks to queue
[2022-09-21 00:04:48,172] {logging_mixin.py:115} INFO - [2022-09-21 00:04:48,171] {dagbag.py:507} INFO - Filling up the DagBag from /home/airflow/.local/lib/python3.7/site-packages/airflow/example_dags/example_trigger_target_dag.py
[2022-09-21 00:04:48,215] {processor.py:651} INFO - DAG(s) dict_keys(['example_trigger_target_dag']) retrieved from /home/airflow/.local/lib/python3.7/site-packages/airflow/example_dags/example_trigger_target_dag.py
[2022-09-21 00:04:48,251] {logging_mixin.py:115} INFO - [2022-09-21 00:04:48,251] {dag.py:2371} INFO - Sync 1 DAGs
[2022-09-21 00:04:48,283] {logging_mixin.py:115} INFO - [2022-09-21 00:04:48,282] {dag.py:2919} INFO - Setting next_dagrun for example_trigger_target_dag to None, run_after=None
[2022-09-21 00:04:48,597] {processor.py:161} INFO - Processing /home/airflow/.local/lib/python3.7/site-packages/airflow/example_dags/example_trigger_target_dag.py took 0.761 seconds
[2022-09-21 00:05:18,941] {processor.py:153} INFO - Started process (PID=20224) to work on /home/airflow/.local/lib/python3.7/site-packages/airflow/example_dags/example_trigger_target_dag.py
[2022-09-21 00:05:18,942] {processor.py:641} INFO - Processing file /home/airflow/.local/lib/python3.7/site-packages/airflow/example_dags/example_trigger_target_dag.py for tasks to queue
[2022-09-21 00:05:18,943] {logging_mixin.py:115} INFO - [2022-09-21 00:05:18,942] {dagbag.py:507} INFO - Filling up the DagBag from /home/airflow/.local/lib/python3.7/site-packages/airflow/example_dags/example_trigger_target_dag.py
[2022-09-21 00:05:18,969] {processor.py:651} INFO - DAG(s) dict_keys(['example_trigger_target_dag']) retrieved from /home/airflow/.local/lib/python3.7/site-packages/airflow/example_dags/example_trigger_target_dag.py
[2022-09-21 00:05:19,012] {logging_mixin.py:115} INFO - [2022-09-21 00:05:19,012] {dag.py:2371} INFO - Sync 1 DAGs
[2022-09-21 00:05:19,054] {logging_mixin.py:115} INFO - [2022-09-21 00:05:19,054] {dag.py:2919} INFO - Setting next_dagrun for example_trigger_target_dag to None, run_after=None
[2022-09-21 00:05:19,219] {processor.py:161} INFO - Processing /home/airflow/.local/lib/python3.7/site-packages/airflow/example_dags/example_trigger_target_dag.py took 0.284 seconds
[2022-09-21 00:05:49,445] {processor.py:153} INFO - Started process (PID=20276) to work on /home/airflow/.local/lib/python3.7/site-packages/airflow/example_dags/example_trigger_target_dag.py
[2022-09-21 00:05:49,494] {processor.py:641} INFO - Processing file /home/airflow/.local/lib/python3.7/site-packages/airflow/example_dags/example_trigger_target_dag.py for tasks to queue
[2022-09-21 00:05:49,495] {logging_mixin.py:115} INFO - [2022-09-21 00:05:49,494] {dagbag.py:507} INFO - Filling up the DagBag from /home/airflow/.local/lib/python3.7/site-packages/airflow/example_dags/example_trigger_target_dag.py
[2022-09-21 00:05:49,594] {processor.py:651} INFO - DAG(s) dict_keys(['example_trigger_target_dag']) retrieved from /home/airflow/.local/lib/python3.7/site-packages/airflow/example_dags/example_trigger_target_dag.py
[2022-09-21 00:05:49,787] {logging_mixin.py:115} INFO - [2022-09-21 00:05:49,786] {dag.py:2371} INFO - Sync 1 DAGs
[2022-09-21 00:05:49,914] {logging_mixin.py:115} INFO - [2022-09-21 00:05:49,913] {dag.py:2919} INFO - Setting next_dagrun for example_trigger_target_dag to None, run_after=None
[2022-09-21 00:05:50,321] {processor.py:161} INFO - Processing /home/airflow/.local/lib/python3.7/site-packages/airflow/example_dags/example_trigger_target_dag.py took 0.900 seconds
[2022-09-21 00:06:20,571] {processor.py:153} INFO - Started process (PID=20337) to work on /home/airflow/.local/lib/python3.7/site-packages/airflow/example_dags/example_trigger_target_dag.py
[2022-09-21 00:06:20,572] {processor.py:641} INFO - Processing file /home/airflow/.local/lib/python3.7/site-packages/airflow/example_dags/example_trigger_target_dag.py for tasks to queue
[2022-09-21 00:06:20,572] {logging_mixin.py:115} INFO - [2022-09-21 00:06:20,572] {dagbag.py:507} INFO - Filling up the DagBag from /home/airflow/.local/lib/python3.7/site-packages/airflow/example_dags/example_trigger_target_dag.py
[2022-09-21 00:06:20,597] {processor.py:651} INFO - DAG(s) dict_keys(['example_trigger_target_dag']) retrieved from /home/airflow/.local/lib/python3.7/site-packages/airflow/example_dags/example_trigger_target_dag.py
[2022-09-21 00:06:20,639] {logging_mixin.py:115} INFO - [2022-09-21 00:06:20,639] {dag.py:2371} INFO - Sync 1 DAGs
[2022-09-21 00:06:20,673] {logging_mixin.py:115} INFO - [2022-09-21 00:06:20,673] {dag.py:2919} INFO - Setting next_dagrun for example_trigger_target_dag to None, run_after=None
[2022-09-21 00:06:20,706] {processor.py:161} INFO - Processing /home/airflow/.local/lib/python3.7/site-packages/airflow/example_dags/example_trigger_target_dag.py took 0.140 seconds
[2022-09-21 00:06:51,538] {processor.py:153} INFO - Started process (PID=20388) to work on /home/airflow/.local/lib/python3.7/site-packages/airflow/example_dags/example_trigger_target_dag.py
[2022-09-21 00:06:51,574] {processor.py:641} INFO - Processing file /home/airflow/.local/lib/python3.7/site-packages/airflow/example_dags/example_trigger_target_dag.py for tasks to queue
[2022-09-21 00:06:51,575] {logging_mixin.py:115} INFO - [2022-09-21 00:06:51,574] {dagbag.py:507} INFO - Filling up the DagBag from /home/airflow/.local/lib/python3.7/site-packages/airflow/example_dags/example_trigger_target_dag.py
[2022-09-21 00:06:51,595] {processor.py:651} INFO - DAG(s) dict_keys(['example_trigger_target_dag']) retrieved from /home/airflow/.local/lib/python3.7/site-packages/airflow/example_dags/example_trigger_target_dag.py
[2022-09-21 00:06:51,640] {logging_mixin.py:115} INFO - [2022-09-21 00:06:51,639] {dag.py:2371} INFO - Sync 1 DAGs
[2022-09-21 00:06:51,675] {logging_mixin.py:115} INFO - [2022-09-21 00:06:51,675] {dag.py:2919} INFO - Setting next_dagrun for example_trigger_target_dag to None, run_after=None
[2022-09-21 00:06:51,707] {processor.py:161} INFO - Processing /home/airflow/.local/lib/python3.7/site-packages/airflow/example_dags/example_trigger_target_dag.py took 0.173 seconds
[2022-09-21 00:07:21,968] {processor.py:153} INFO - Started process (PID=20450) to work on /home/airflow/.local/lib/python3.7/site-packages/airflow/example_dags/example_trigger_target_dag.py
[2022-09-21 00:07:21,969] {processor.py:641} INFO - Processing file /home/airflow/.local/lib/python3.7/site-packages/airflow/example_dags/example_trigger_target_dag.py for tasks to queue
[2022-09-21 00:07:21,973] {logging_mixin.py:115} INFO - [2022-09-21 00:07:21,972] {dagbag.py:507} INFO - Filling up the DagBag from /home/airflow/.local/lib/python3.7/site-packages/airflow/example_dags/example_trigger_target_dag.py
[2022-09-21 00:07:22,038] {processor.py:651} INFO - DAG(s) dict_keys(['example_trigger_target_dag']) retrieved from /home/airflow/.local/lib/python3.7/site-packages/airflow/example_dags/example_trigger_target_dag.py
[2022-09-21 00:07:22,179] {logging_mixin.py:115} INFO - [2022-09-21 00:07:22,179] {dag.py:2371} INFO - Sync 1 DAGs
[2022-09-21 00:07:22,257] {logging_mixin.py:115} INFO - [2022-09-21 00:07:22,257] {dag.py:2919} INFO - Setting next_dagrun for example_trigger_target_dag to None, run_after=None
[2022-09-21 00:07:22,329] {processor.py:161} INFO - Processing /home/airflow/.local/lib/python3.7/site-packages/airflow/example_dags/example_trigger_target_dag.py took 0.366 seconds
[2022-09-21 00:07:52,416] {processor.py:153} INFO - Started process (PID=20500) to work on /home/airflow/.local/lib/python3.7/site-packages/airflow/example_dags/example_trigger_target_dag.py
[2022-09-21 00:07:52,436] {processor.py:641} INFO - Processing file /home/airflow/.local/lib/python3.7/site-packages/airflow/example_dags/example_trigger_target_dag.py for tasks to queue
[2022-09-21 00:07:52,437] {logging_mixin.py:115} INFO - [2022-09-21 00:07:52,437] {dagbag.py:507} INFO - Filling up the DagBag from /home/airflow/.local/lib/python3.7/site-packages/airflow/example_dags/example_trigger_target_dag.py
[2022-09-21 00:07:52,455] {processor.py:651} INFO - DAG(s) dict_keys(['example_trigger_target_dag']) retrieved from /home/airflow/.local/lib/python3.7/site-packages/airflow/example_dags/example_trigger_target_dag.py
[2022-09-21 00:07:52,493] {logging_mixin.py:115} INFO - [2022-09-21 00:07:52,493] {dag.py:2371} INFO - Sync 1 DAGs
[2022-09-21 00:07:52,520] {logging_mixin.py:115} INFO - [2022-09-21 00:07:52,520] {dag.py:2919} INFO - Setting next_dagrun for example_trigger_target_dag to None, run_after=None
[2022-09-21 00:07:52,578] {processor.py:161} INFO - Processing /home/airflow/.local/lib/python3.7/site-packages/airflow/example_dags/example_trigger_target_dag.py took 0.168 seconds
[2022-09-21 00:08:22,658] {processor.py:153} INFO - Started process (PID=20552) to work on /home/airflow/.local/lib/python3.7/site-packages/airflow/example_dags/example_trigger_target_dag.py
[2022-09-21 00:08:22,659] {processor.py:641} INFO - Processing file /home/airflow/.local/lib/python3.7/site-packages/airflow/example_dags/example_trigger_target_dag.py for tasks to queue
[2022-09-21 00:08:22,659] {logging_mixin.py:115} INFO - [2022-09-21 00:08:22,659] {dagbag.py:507} INFO - Filling up the DagBag from /home/airflow/.local/lib/python3.7/site-packages/airflow/example_dags/example_trigger_target_dag.py
[2022-09-21 00:08:22,678] {processor.py:651} INFO - DAG(s) dict_keys(['example_trigger_target_dag']) retrieved from /home/airflow/.local/lib/python3.7/site-packages/airflow/example_dags/example_trigger_target_dag.py
[2022-09-21 00:08:22,707] {logging_mixin.py:115} INFO - [2022-09-21 00:08:22,707] {dag.py:2371} INFO - Sync 1 DAGs
[2022-09-21 00:08:22,733] {logging_mixin.py:115} INFO - [2022-09-21 00:08:22,733] {dag.py:2919} INFO - Setting next_dagrun for example_trigger_target_dag to None, run_after=None
[2022-09-21 00:08:22,756] {processor.py:161} INFO - Processing /home/airflow/.local/lib/python3.7/site-packages/airflow/example_dags/example_trigger_target_dag.py took 0.103 seconds
[2022-09-21 00:08:53,630] {processor.py:153} INFO - Started process (PID=20614) to work on /home/airflow/.local/lib/python3.7/site-packages/airflow/example_dags/example_trigger_target_dag.py
[2022-09-21 00:08:53,650] {processor.py:641} INFO - Processing file /home/airflow/.local/lib/python3.7/site-packages/airflow/example_dags/example_trigger_target_dag.py for tasks to queue
[2022-09-21 00:08:53,651] {logging_mixin.py:115} INFO - [2022-09-21 00:08:53,651] {dagbag.py:507} INFO - Filling up the DagBag from /home/airflow/.local/lib/python3.7/site-packages/airflow/example_dags/example_trigger_target_dag.py
[2022-09-21 00:08:53,698] {processor.py:651} INFO - DAG(s) dict_keys(['example_trigger_target_dag']) retrieved from /home/airflow/.local/lib/python3.7/site-packages/airflow/example_dags/example_trigger_target_dag.py
[2022-09-21 00:08:53,753] {logging_mixin.py:115} INFO - [2022-09-21 00:08:53,753] {dag.py:2371} INFO - Sync 1 DAGs
[2022-09-21 00:08:53,798] {logging_mixin.py:115} INFO - [2022-09-21 00:08:53,798] {dag.py:2919} INFO - Setting next_dagrun for example_trigger_target_dag to None, run_after=None
[2022-09-21 00:08:53,895] {processor.py:161} INFO - Processing /home/airflow/.local/lib/python3.7/site-packages/airflow/example_dags/example_trigger_target_dag.py took 0.282 seconds
[2022-09-21 00:09:24,418] {processor.py:153} INFO - Started process (PID=20665) to work on /home/airflow/.local/lib/python3.7/site-packages/airflow/example_dags/example_trigger_target_dag.py
[2022-09-21 00:09:24,450] {processor.py:641} INFO - Processing file /home/airflow/.local/lib/python3.7/site-packages/airflow/example_dags/example_trigger_target_dag.py for tasks to queue
[2022-09-21 00:09:24,450] {logging_mixin.py:115} INFO - [2022-09-21 00:09:24,450] {dagbag.py:507} INFO - Filling up the DagBag from /home/airflow/.local/lib/python3.7/site-packages/airflow/example_dags/example_trigger_target_dag.py
[2022-09-21 00:09:24,470] {processor.py:651} INFO - DAG(s) dict_keys(['example_trigger_target_dag']) retrieved from /home/airflow/.local/lib/python3.7/site-packages/airflow/example_dags/example_trigger_target_dag.py
[2022-09-21 00:09:24,502] {logging_mixin.py:115} INFO - [2022-09-21 00:09:24,502] {dag.py:2371} INFO - Sync 1 DAGs
[2022-09-21 00:09:24,530] {logging_mixin.py:115} INFO - [2022-09-21 00:09:24,530] {dag.py:2919} INFO - Setting next_dagrun for example_trigger_target_dag to None, run_after=None
[2022-09-21 00:09:24,561] {processor.py:161} INFO - Processing /home/airflow/.local/lib/python3.7/site-packages/airflow/example_dags/example_trigger_target_dag.py took 0.147 seconds
[2022-09-21 00:09:54,721] {processor.py:153} INFO - Started process (PID=20724) to work on /home/airflow/.local/lib/python3.7/site-packages/airflow/example_dags/example_trigger_target_dag.py
[2022-09-21 00:09:54,721] {processor.py:641} INFO - Processing file /home/airflow/.local/lib/python3.7/site-packages/airflow/example_dags/example_trigger_target_dag.py for tasks to queue
[2022-09-21 00:09:54,722] {logging_mixin.py:115} INFO - [2022-09-21 00:09:54,722] {dagbag.py:507} INFO - Filling up the DagBag from /home/airflow/.local/lib/python3.7/site-packages/airflow/example_dags/example_trigger_target_dag.py
[2022-09-21 00:09:54,750] {processor.py:651} INFO - DAG(s) dict_keys(['example_trigger_target_dag']) retrieved from /home/airflow/.local/lib/python3.7/site-packages/airflow/example_dags/example_trigger_target_dag.py
[2022-09-21 00:09:54,807] {logging_mixin.py:115} INFO - [2022-09-21 00:09:54,807] {dag.py:2371} INFO - Sync 1 DAGs
[2022-09-21 00:09:54,856] {logging_mixin.py:115} INFO - [2022-09-21 00:09:54,856] {dag.py:2919} INFO - Setting next_dagrun for example_trigger_target_dag to None, run_after=None
[2022-09-21 00:09:55,060] {processor.py:161} INFO - Processing /home/airflow/.local/lib/python3.7/site-packages/airflow/example_dags/example_trigger_target_dag.py took 0.345 seconds
[2022-09-21 00:10:25,192] {processor.py:153} INFO - Started process (PID=20776) to work on /home/airflow/.local/lib/python3.7/site-packages/airflow/example_dags/example_trigger_target_dag.py
[2022-09-21 00:10:25,204] {processor.py:641} INFO - Processing file /home/airflow/.local/lib/python3.7/site-packages/airflow/example_dags/example_trigger_target_dag.py for tasks to queue
[2022-09-21 00:10:25,204] {logging_mixin.py:115} INFO - [2022-09-21 00:10:25,204] {dagbag.py:507} INFO - Filling up the DagBag from /home/airflow/.local/lib/python3.7/site-packages/airflow/example_dags/example_trigger_target_dag.py
[2022-09-21 00:10:25,231] {processor.py:651} INFO - DAG(s) dict_keys(['example_trigger_target_dag']) retrieved from /home/airflow/.local/lib/python3.7/site-packages/airflow/example_dags/example_trigger_target_dag.py
[2022-09-21 00:10:25,295] {logging_mixin.py:115} INFO - [2022-09-21 00:10:25,294] {dag.py:2371} INFO - Sync 1 DAGs
[2022-09-21 00:10:25,334] {logging_mixin.py:115} INFO - [2022-09-21 00:10:25,334] {dag.py:2919} INFO - Setting next_dagrun for example_trigger_target_dag to None, run_after=None
[2022-09-21 00:10:25,389] {processor.py:161} INFO - Processing /home/airflow/.local/lib/python3.7/site-packages/airflow/example_dags/example_trigger_target_dag.py took 0.203 seconds
[2022-09-21 00:10:55,471] {processor.py:153} INFO - Started process (PID=20837) to work on /home/airflow/.local/lib/python3.7/site-packages/airflow/example_dags/example_trigger_target_dag.py
[2022-09-21 00:10:55,472] {processor.py:641} INFO - Processing file /home/airflow/.local/lib/python3.7/site-packages/airflow/example_dags/example_trigger_target_dag.py for tasks to queue
[2022-09-21 00:10:55,472] {logging_mixin.py:115} INFO - [2022-09-21 00:10:55,472] {dagbag.py:507} INFO - Filling up the DagBag from /home/airflow/.local/lib/python3.7/site-packages/airflow/example_dags/example_trigger_target_dag.py
[2022-09-21 00:10:55,498] {processor.py:651} INFO - DAG(s) dict_keys(['example_trigger_target_dag']) retrieved from /home/airflow/.local/lib/python3.7/site-packages/airflow/example_dags/example_trigger_target_dag.py
[2022-09-21 00:10:55,545] {logging_mixin.py:115} INFO - [2022-09-21 00:10:55,545] {dag.py:2371} INFO - Sync 1 DAGs
[2022-09-21 00:10:55,594] {logging_mixin.py:115} INFO - [2022-09-21 00:10:55,594] {dag.py:2919} INFO - Setting next_dagrun for example_trigger_target_dag to None, run_after=None
[2022-09-21 00:10:55,625] {processor.py:161} INFO - Processing /home/airflow/.local/lib/python3.7/site-packages/airflow/example_dags/example_trigger_target_dag.py took 0.159 seconds
[2022-09-21 00:11:25,816] {processor.py:153} INFO - Started process (PID=20889) to work on /home/airflow/.local/lib/python3.7/site-packages/airflow/example_dags/example_trigger_target_dag.py
[2022-09-21 00:11:25,906] {processor.py:641} INFO - Processing file /home/airflow/.local/lib/python3.7/site-packages/airflow/example_dags/example_trigger_target_dag.py for tasks to queue
[2022-09-21 00:11:25,907] {logging_mixin.py:115} INFO - [2022-09-21 00:11:25,907] {dagbag.py:507} INFO - Filling up the DagBag from /home/airflow/.local/lib/python3.7/site-packages/airflow/example_dags/example_trigger_target_dag.py
[2022-09-21 00:11:25,929] {processor.py:651} INFO - DAG(s) dict_keys(['example_trigger_target_dag']) retrieved from /home/airflow/.local/lib/python3.7/site-packages/airflow/example_dags/example_trigger_target_dag.py
[2022-09-21 00:11:25,983] {logging_mixin.py:115} INFO - [2022-09-21 00:11:25,983] {dag.py:2371} INFO - Sync 1 DAGs
[2022-09-21 00:11:26,031] {logging_mixin.py:115} INFO - [2022-09-21 00:11:26,031] {dag.py:2919} INFO - Setting next_dagrun for example_trigger_target_dag to None, run_after=None
[2022-09-21 00:11:26,100] {processor.py:161} INFO - Processing /home/airflow/.local/lib/python3.7/site-packages/airflow/example_dags/example_trigger_target_dag.py took 0.290 seconds
[2022-09-21 00:11:56,839] {processor.py:153} INFO - Started process (PID=20948) to work on /home/airflow/.local/lib/python3.7/site-packages/airflow/example_dags/example_trigger_target_dag.py
[2022-09-21 00:11:56,839] {processor.py:641} INFO - Processing file /home/airflow/.local/lib/python3.7/site-packages/airflow/example_dags/example_trigger_target_dag.py for tasks to queue
[2022-09-21 00:11:56,840] {logging_mixin.py:115} INFO - [2022-09-21 00:11:56,840] {dagbag.py:507} INFO - Filling up the DagBag from /home/airflow/.local/lib/python3.7/site-packages/airflow/example_dags/example_trigger_target_dag.py
[2022-09-21 00:11:56,860] {processor.py:651} INFO - DAG(s) dict_keys(['example_trigger_target_dag']) retrieved from /home/airflow/.local/lib/python3.7/site-packages/airflow/example_dags/example_trigger_target_dag.py
[2022-09-21 00:11:56,908] {logging_mixin.py:115} INFO - [2022-09-21 00:11:56,908] {dag.py:2371} INFO - Sync 1 DAGs
[2022-09-21 00:11:56,954] {logging_mixin.py:115} INFO - [2022-09-21 00:11:56,954] {dag.py:2919} INFO - Setting next_dagrun for example_trigger_target_dag to None, run_after=None
[2022-09-21 00:11:56,983] {processor.py:161} INFO - Processing /home/airflow/.local/lib/python3.7/site-packages/airflow/example_dags/example_trigger_target_dag.py took 0.148 seconds
[2022-09-21 00:12:27,520] {processor.py:153} INFO - Started process (PID=21004) to work on /home/airflow/.local/lib/python3.7/site-packages/airflow/example_dags/example_trigger_target_dag.py
[2022-09-21 00:12:27,535] {processor.py:641} INFO - Processing file /home/airflow/.local/lib/python3.7/site-packages/airflow/example_dags/example_trigger_target_dag.py for tasks to queue
[2022-09-21 00:12:27,536] {logging_mixin.py:115} INFO - [2022-09-21 00:12:27,536] {dagbag.py:507} INFO - Filling up the DagBag from /home/airflow/.local/lib/python3.7/site-packages/airflow/example_dags/example_trigger_target_dag.py
[2022-09-21 00:12:27,561] {processor.py:651} INFO - DAG(s) dict_keys(['example_trigger_target_dag']) retrieved from /home/airflow/.local/lib/python3.7/site-packages/airflow/example_dags/example_trigger_target_dag.py
[2022-09-21 00:12:27,594] {logging_mixin.py:115} INFO - [2022-09-21 00:12:27,594] {dag.py:2371} INFO - Sync 1 DAGs
[2022-09-21 00:12:27,632] {logging_mixin.py:115} INFO - [2022-09-21 00:12:27,632] {dag.py:2919} INFO - Setting next_dagrun for example_trigger_target_dag to None, run_after=None
[2022-09-21 00:12:27,677] {processor.py:161} INFO - Processing /home/airflow/.local/lib/python3.7/site-packages/airflow/example_dags/example_trigger_target_dag.py took 0.162 seconds
[2022-09-21 00:12:58,212] {processor.py:153} INFO - Started process (PID=21055) to work on /home/airflow/.local/lib/python3.7/site-packages/airflow/example_dags/example_trigger_target_dag.py
[2022-09-21 00:12:58,213] {processor.py:641} INFO - Processing file /home/airflow/.local/lib/python3.7/site-packages/airflow/example_dags/example_trigger_target_dag.py for tasks to queue
[2022-09-21 00:12:58,213] {logging_mixin.py:115} INFO - [2022-09-21 00:12:58,213] {dagbag.py:507} INFO - Filling up the DagBag from /home/airflow/.local/lib/python3.7/site-packages/airflow/example_dags/example_trigger_target_dag.py
[2022-09-21 00:12:58,244] {processor.py:651} INFO - DAG(s) dict_keys(['example_trigger_target_dag']) retrieved from /home/airflow/.local/lib/python3.7/site-packages/airflow/example_dags/example_trigger_target_dag.py
[2022-09-21 00:12:58,283] {logging_mixin.py:115} INFO - [2022-09-21 00:12:58,282] {dag.py:2371} INFO - Sync 1 DAGs
[2022-09-21 00:12:58,321] {logging_mixin.py:115} INFO - [2022-09-21 00:12:58,320] {dag.py:2919} INFO - Setting next_dagrun for example_trigger_target_dag to None, run_after=None
[2022-09-21 00:12:58,353] {processor.py:161} INFO - Processing /home/airflow/.local/lib/python3.7/site-packages/airflow/example_dags/example_trigger_target_dag.py took 0.146 seconds
[2022-09-21 00:13:29,043] {processor.py:153} INFO - Started process (PID=21116) to work on /home/airflow/.local/lib/python3.7/site-packages/airflow/example_dags/example_trigger_target_dag.py
[2022-09-21 00:13:29,061] {processor.py:641} INFO - Processing file /home/airflow/.local/lib/python3.7/site-packages/airflow/example_dags/example_trigger_target_dag.py for tasks to queue
[2022-09-21 00:13:29,064] {logging_mixin.py:115} INFO - [2022-09-21 00:13:29,063] {dagbag.py:507} INFO - Filling up the DagBag from /home/airflow/.local/lib/python3.7/site-packages/airflow/example_dags/example_trigger_target_dag.py
[2022-09-21 00:13:29,124] {processor.py:651} INFO - DAG(s) dict_keys(['example_trigger_target_dag']) retrieved from /home/airflow/.local/lib/python3.7/site-packages/airflow/example_dags/example_trigger_target_dag.py
[2022-09-21 00:13:29,154] {logging_mixin.py:115} INFO - [2022-09-21 00:13:29,154] {dag.py:2371} INFO - Sync 1 DAGs
[2022-09-21 00:13:29,179] {logging_mixin.py:115} INFO - [2022-09-21 00:13:29,179] {dag.py:2919} INFO - Setting next_dagrun for example_trigger_target_dag to None, run_after=None
[2022-09-21 00:13:29,209] {processor.py:161} INFO - Processing /home/airflow/.local/lib/python3.7/site-packages/airflow/example_dags/example_trigger_target_dag.py took 0.178 seconds
[2022-09-21 00:14:00,216] {processor.py:153} INFO - Started process (PID=21167) to work on /home/airflow/.local/lib/python3.7/site-packages/airflow/example_dags/example_trigger_target_dag.py
[2022-09-21 00:14:00,217] {processor.py:641} INFO - Processing file /home/airflow/.local/lib/python3.7/site-packages/airflow/example_dags/example_trigger_target_dag.py for tasks to queue
[2022-09-21 00:14:00,217] {logging_mixin.py:115} INFO - [2022-09-21 00:14:00,217] {dagbag.py:507} INFO - Filling up the DagBag from /home/airflow/.local/lib/python3.7/site-packages/airflow/example_dags/example_trigger_target_dag.py
[2022-09-21 00:14:00,235] {processor.py:651} INFO - DAG(s) dict_keys(['example_trigger_target_dag']) retrieved from /home/airflow/.local/lib/python3.7/site-packages/airflow/example_dags/example_trigger_target_dag.py
[2022-09-21 00:14:00,263] {logging_mixin.py:115} INFO - [2022-09-21 00:14:00,263] {dag.py:2371} INFO - Sync 1 DAGs
[2022-09-21 00:14:00,288] {logging_mixin.py:115} INFO - [2022-09-21 00:14:00,288] {dag.py:2919} INFO - Setting next_dagrun for example_trigger_target_dag to None, run_after=None
[2022-09-21 00:14:00,322] {processor.py:161} INFO - Processing /home/airflow/.local/lib/python3.7/site-packages/airflow/example_dags/example_trigger_target_dag.py took 0.111 seconds
[2022-09-21 00:14:31,226] {processor.py:153} INFO - Started process (PID=21228) to work on /home/airflow/.local/lib/python3.7/site-packages/airflow/example_dags/example_trigger_target_dag.py
[2022-09-21 00:14:31,245] {processor.py:641} INFO - Processing file /home/airflow/.local/lib/python3.7/site-packages/airflow/example_dags/example_trigger_target_dag.py for tasks to queue
[2022-09-21 00:14:31,246] {logging_mixin.py:115} INFO - [2022-09-21 00:14:31,246] {dagbag.py:507} INFO - Filling up the DagBag from /home/airflow/.local/lib/python3.7/site-packages/airflow/example_dags/example_trigger_target_dag.py
[2022-09-21 00:14:31,277] {processor.py:651} INFO - DAG(s) dict_keys(['example_trigger_target_dag']) retrieved from /home/airflow/.local/lib/python3.7/site-packages/airflow/example_dags/example_trigger_target_dag.py
[2022-09-21 00:14:31,335] {logging_mixin.py:115} INFO - [2022-09-21 00:14:31,335] {dag.py:2371} INFO - Sync 1 DAGs
[2022-09-21 00:14:31,377] {logging_mixin.py:115} INFO - [2022-09-21 00:14:31,377] {dag.py:2919} INFO - Setting next_dagrun for example_trigger_target_dag to None, run_after=None
[2022-09-21 00:14:31,419] {processor.py:161} INFO - Processing /home/airflow/.local/lib/python3.7/site-packages/airflow/example_dags/example_trigger_target_dag.py took 0.203 seconds
[2022-09-21 00:15:01,861] {processor.py:153} INFO - Started process (PID=21279) to work on /home/airflow/.local/lib/python3.7/site-packages/airflow/example_dags/example_trigger_target_dag.py
[2022-09-21 00:15:01,862] {processor.py:641} INFO - Processing file /home/airflow/.local/lib/python3.7/site-packages/airflow/example_dags/example_trigger_target_dag.py for tasks to queue
[2022-09-21 00:15:01,863] {logging_mixin.py:115} INFO - [2022-09-21 00:15:01,863] {dagbag.py:507} INFO - Filling up the DagBag from /home/airflow/.local/lib/python3.7/site-packages/airflow/example_dags/example_trigger_target_dag.py
[2022-09-21 00:15:01,886] {processor.py:651} INFO - DAG(s) dict_keys(['example_trigger_target_dag']) retrieved from /home/airflow/.local/lib/python3.7/site-packages/airflow/example_dags/example_trigger_target_dag.py
[2022-09-21 00:15:01,931] {logging_mixin.py:115} INFO - [2022-09-21 00:15:01,931] {dag.py:2371} INFO - Sync 1 DAGs
[2022-09-21 00:15:01,970] {logging_mixin.py:115} INFO - [2022-09-21 00:15:01,970] {dag.py:2919} INFO - Setting next_dagrun for example_trigger_target_dag to None, run_after=None
[2022-09-21 00:15:02,005] {processor.py:161} INFO - Processing /home/airflow/.local/lib/python3.7/site-packages/airflow/example_dags/example_trigger_target_dag.py took 0.150 seconds
[2022-09-21 00:15:32,738] {processor.py:153} INFO - Started process (PID=21330) to work on /home/airflow/.local/lib/python3.7/site-packages/airflow/example_dags/example_trigger_target_dag.py
[2022-09-21 00:15:32,759] {processor.py:641} INFO - Processing file /home/airflow/.local/lib/python3.7/site-packages/airflow/example_dags/example_trigger_target_dag.py for tasks to queue
[2022-09-21 00:15:32,760] {logging_mixin.py:115} INFO - [2022-09-21 00:15:32,760] {dagbag.py:507} INFO - Filling up the DagBag from /home/airflow/.local/lib/python3.7/site-packages/airflow/example_dags/example_trigger_target_dag.py
[2022-09-21 00:15:32,795] {processor.py:651} INFO - DAG(s) dict_keys(['example_trigger_target_dag']) retrieved from /home/airflow/.local/lib/python3.7/site-packages/airflow/example_dags/example_trigger_target_dag.py
[2022-09-21 00:15:32,843] {logging_mixin.py:115} INFO - [2022-09-21 00:15:32,843] {dag.py:2371} INFO - Sync 1 DAGs
[2022-09-21 00:15:32,883] {logging_mixin.py:115} INFO - [2022-09-21 00:15:32,883] {dag.py:2919} INFO - Setting next_dagrun for example_trigger_target_dag to None, run_after=None
[2022-09-21 00:15:32,942] {processor.py:161} INFO - Processing /home/airflow/.local/lib/python3.7/site-packages/airflow/example_dags/example_trigger_target_dag.py took 0.211 seconds
[2022-09-21 00:16:03,194] {processor.py:153} INFO - Started process (PID=21391) to work on /home/airflow/.local/lib/python3.7/site-packages/airflow/example_dags/example_trigger_target_dag.py
[2022-09-21 00:16:03,195] {processor.py:641} INFO - Processing file /home/airflow/.local/lib/python3.7/site-packages/airflow/example_dags/example_trigger_target_dag.py for tasks to queue
[2022-09-21 00:16:03,197] {logging_mixin.py:115} INFO - [2022-09-21 00:16:03,196] {dagbag.py:507} INFO - Filling up the DagBag from /home/airflow/.local/lib/python3.7/site-packages/airflow/example_dags/example_trigger_target_dag.py
[2022-09-21 00:16:03,260] {processor.py:651} INFO - DAG(s) dict_keys(['example_trigger_target_dag']) retrieved from /home/airflow/.local/lib/python3.7/site-packages/airflow/example_dags/example_trigger_target_dag.py
[2022-09-21 00:16:03,338] {logging_mixin.py:115} INFO - [2022-09-21 00:16:03,338] {dag.py:2371} INFO - Sync 1 DAGs
[2022-09-21 00:16:03,381] {logging_mixin.py:115} INFO - [2022-09-21 00:16:03,381] {dag.py:2919} INFO - Setting next_dagrun for example_trigger_target_dag to None, run_after=None
[2022-09-21 00:16:03,513] {processor.py:161} INFO - Processing /home/airflow/.local/lib/python3.7/site-packages/airflow/example_dags/example_trigger_target_dag.py took 0.325 seconds
[2022-09-21 00:16:33,684] {processor.py:153} INFO - Started process (PID=21444) to work on /home/airflow/.local/lib/python3.7/site-packages/airflow/example_dags/example_trigger_target_dag.py
[2022-09-21 00:16:33,696] {processor.py:641} INFO - Processing file /home/airflow/.local/lib/python3.7/site-packages/airflow/example_dags/example_trigger_target_dag.py for tasks to queue
[2022-09-21 00:16:33,697] {logging_mixin.py:115} INFO - [2022-09-21 00:16:33,697] {dagbag.py:507} INFO - Filling up the DagBag from /home/airflow/.local/lib/python3.7/site-packages/airflow/example_dags/example_trigger_target_dag.py
[2022-09-21 00:16:33,728] {processor.py:651} INFO - DAG(s) dict_keys(['example_trigger_target_dag']) retrieved from /home/airflow/.local/lib/python3.7/site-packages/airflow/example_dags/example_trigger_target_dag.py
[2022-09-21 00:16:33,755] {logging_mixin.py:115} INFO - [2022-09-21 00:16:33,755] {dag.py:2371} INFO - Sync 1 DAGs
[2022-09-21 00:16:33,779] {logging_mixin.py:115} INFO - [2022-09-21 00:16:33,779] {dag.py:2919} INFO - Setting next_dagrun for example_trigger_target_dag to None, run_after=None
[2022-09-21 00:16:33,833] {processor.py:161} INFO - Processing /home/airflow/.local/lib/python3.7/site-packages/airflow/example_dags/example_trigger_target_dag.py took 0.164 seconds
[2022-09-21 00:17:04,512] {processor.py:153} INFO - Started process (PID=21506) to work on /home/airflow/.local/lib/python3.7/site-packages/airflow/example_dags/example_trigger_target_dag.py
[2022-09-21 00:17:04,556] {processor.py:641} INFO - Processing file /home/airflow/.local/lib/python3.7/site-packages/airflow/example_dags/example_trigger_target_dag.py for tasks to queue
[2022-09-21 00:17:04,557] {logging_mixin.py:115} INFO - [2022-09-21 00:17:04,557] {dagbag.py:507} INFO - Filling up the DagBag from /home/airflow/.local/lib/python3.7/site-packages/airflow/example_dags/example_trigger_target_dag.py
[2022-09-21 00:17:04,584] {processor.py:651} INFO - DAG(s) dict_keys(['example_trigger_target_dag']) retrieved from /home/airflow/.local/lib/python3.7/site-packages/airflow/example_dags/example_trigger_target_dag.py
[2022-09-21 00:17:04,629] {logging_mixin.py:115} INFO - [2022-09-21 00:17:04,629] {dag.py:2371} INFO - Sync 1 DAGs
[2022-09-21 00:17:04,669] {logging_mixin.py:115} INFO - [2022-09-21 00:17:04,669] {dag.py:2919} INFO - Setting next_dagrun for example_trigger_target_dag to None, run_after=None
[2022-09-21 00:17:04,845] {processor.py:161} INFO - Processing /home/airflow/.local/lib/python3.7/site-packages/airflow/example_dags/example_trigger_target_dag.py took 0.340 seconds
[2022-09-21 00:17:35,878] {processor.py:153} INFO - Started process (PID=21558) to work on /home/airflow/.local/lib/python3.7/site-packages/airflow/example_dags/example_trigger_target_dag.py
[2022-09-21 00:17:35,879] {processor.py:641} INFO - Processing file /home/airflow/.local/lib/python3.7/site-packages/airflow/example_dags/example_trigger_target_dag.py for tasks to queue
[2022-09-21 00:17:35,881] {logging_mixin.py:115} INFO - [2022-09-21 00:17:35,881] {dagbag.py:507} INFO - Filling up the DagBag from /home/airflow/.local/lib/python3.7/site-packages/airflow/example_dags/example_trigger_target_dag.py
[2022-09-21 00:17:35,940] {processor.py:651} INFO - DAG(s) dict_keys(['example_trigger_target_dag']) retrieved from /home/airflow/.local/lib/python3.7/site-packages/airflow/example_dags/example_trigger_target_dag.py
[2022-09-21 00:17:35,987] {logging_mixin.py:115} INFO - [2022-09-21 00:17:35,987] {dag.py:2371} INFO - Sync 1 DAGs
[2022-09-21 00:17:36,016] {logging_mixin.py:115} INFO - [2022-09-21 00:17:36,016] {dag.py:2919} INFO - Setting next_dagrun for example_trigger_target_dag to None, run_after=None
[2022-09-21 00:17:36,080] {processor.py:161} INFO - Processing /home/airflow/.local/lib/python3.7/site-packages/airflow/example_dags/example_trigger_target_dag.py took 0.216 seconds
[2022-09-21 00:18:06,660] {processor.py:153} INFO - Started process (PID=21619) to work on /home/airflow/.local/lib/python3.7/site-packages/airflow/example_dags/example_trigger_target_dag.py
[2022-09-21 00:18:06,681] {processor.py:641} INFO - Processing file /home/airflow/.local/lib/python3.7/site-packages/airflow/example_dags/example_trigger_target_dag.py for tasks to queue
[2022-09-21 00:18:06,682] {logging_mixin.py:115} INFO - [2022-09-21 00:18:06,682] {dagbag.py:507} INFO - Filling up the DagBag from /home/airflow/.local/lib/python3.7/site-packages/airflow/example_dags/example_trigger_target_dag.py
[2022-09-21 00:18:06,702] {processor.py:651} INFO - DAG(s) dict_keys(['example_trigger_target_dag']) retrieved from /home/airflow/.local/lib/python3.7/site-packages/airflow/example_dags/example_trigger_target_dag.py
[2022-09-21 00:18:06,749] {logging_mixin.py:115} INFO - [2022-09-21 00:18:06,748] {dag.py:2371} INFO - Sync 1 DAGs
[2022-09-21 00:18:06,786] {logging_mixin.py:115} INFO - [2022-09-21 00:18:06,786] {dag.py:2919} INFO - Setting next_dagrun for example_trigger_target_dag to None, run_after=None
[2022-09-21 00:18:06,827] {processor.py:161} INFO - Processing /home/airflow/.local/lib/python3.7/site-packages/airflow/example_dags/example_trigger_target_dag.py took 0.173 seconds
[2022-09-21 00:18:37,221] {processor.py:153} INFO - Started process (PID=21671) to work on /home/airflow/.local/lib/python3.7/site-packages/airflow/example_dags/example_trigger_target_dag.py
[2022-09-21 00:18:37,239] {processor.py:641} INFO - Processing file /home/airflow/.local/lib/python3.7/site-packages/airflow/example_dags/example_trigger_target_dag.py for tasks to queue
[2022-09-21 00:18:37,239] {logging_mixin.py:115} INFO - [2022-09-21 00:18:37,239] {dagbag.py:507} INFO - Filling up the DagBag from /home/airflow/.local/lib/python3.7/site-packages/airflow/example_dags/example_trigger_target_dag.py
[2022-09-21 00:18:37,268] {processor.py:651} INFO - DAG(s) dict_keys(['example_trigger_target_dag']) retrieved from /home/airflow/.local/lib/python3.7/site-packages/airflow/example_dags/example_trigger_target_dag.py
[2022-09-21 00:18:37,341] {logging_mixin.py:115} INFO - [2022-09-21 00:18:37,341] {dag.py:2371} INFO - Sync 1 DAGs
[2022-09-21 00:18:37,413] {logging_mixin.py:115} INFO - [2022-09-21 00:18:37,413] {dag.py:2919} INFO - Setting next_dagrun for example_trigger_target_dag to None, run_after=None
[2022-09-21 00:18:37,451] {processor.py:161} INFO - Processing /home/airflow/.local/lib/python3.7/site-packages/airflow/example_dags/example_trigger_target_dag.py took 0.235 seconds
[2022-09-21 00:19:07,593] {processor.py:153} INFO - Started process (PID=21731) to work on /home/airflow/.local/lib/python3.7/site-packages/airflow/example_dags/example_trigger_target_dag.py
[2022-09-21 00:19:07,593] {processor.py:641} INFO - Processing file /home/airflow/.local/lib/python3.7/site-packages/airflow/example_dags/example_trigger_target_dag.py for tasks to queue
[2022-09-21 00:19:07,595] {logging_mixin.py:115} INFO - [2022-09-21 00:19:07,594] {dagbag.py:507} INFO - Filling up the DagBag from /home/airflow/.local/lib/python3.7/site-packages/airflow/example_dags/example_trigger_target_dag.py
[2022-09-21 00:19:07,621] {processor.py:651} INFO - DAG(s) dict_keys(['example_trigger_target_dag']) retrieved from /home/airflow/.local/lib/python3.7/site-packages/airflow/example_dags/example_trigger_target_dag.py
[2022-09-21 00:19:07,667] {logging_mixin.py:115} INFO - [2022-09-21 00:19:07,667] {dag.py:2371} INFO - Sync 1 DAGs
[2022-09-21 00:19:07,709] {logging_mixin.py:115} INFO - [2022-09-21 00:19:07,709] {dag.py:2919} INFO - Setting next_dagrun for example_trigger_target_dag to None, run_after=None
[2022-09-21 00:19:07,751] {processor.py:161} INFO - Processing /home/airflow/.local/lib/python3.7/site-packages/airflow/example_dags/example_trigger_target_dag.py took 0.165 seconds
[2022-09-21 00:19:38,298] {processor.py:153} INFO - Started process (PID=21783) to work on /home/airflow/.local/lib/python3.7/site-packages/airflow/example_dags/example_trigger_target_dag.py
[2022-09-21 00:19:38,319] {processor.py:641} INFO - Processing file /home/airflow/.local/lib/python3.7/site-packages/airflow/example_dags/example_trigger_target_dag.py for tasks to queue
[2022-09-21 00:19:38,320] {logging_mixin.py:115} INFO - [2022-09-21 00:19:38,320] {dagbag.py:507} INFO - Filling up the DagBag from /home/airflow/.local/lib/python3.7/site-packages/airflow/example_dags/example_trigger_target_dag.py
[2022-09-21 00:19:38,356] {processor.py:651} INFO - DAG(s) dict_keys(['example_trigger_target_dag']) retrieved from /home/airflow/.local/lib/python3.7/site-packages/airflow/example_dags/example_trigger_target_dag.py
[2022-09-21 00:19:38,406] {logging_mixin.py:115} INFO - [2022-09-21 00:19:38,406] {dag.py:2371} INFO - Sync 1 DAGs
[2022-09-21 00:19:38,466] {logging_mixin.py:115} INFO - [2022-09-21 00:19:38,466] {dag.py:2919} INFO - Setting next_dagrun for example_trigger_target_dag to None, run_after=None
[2022-09-21 00:19:38,512] {processor.py:161} INFO - Processing /home/airflow/.local/lib/python3.7/site-packages/airflow/example_dags/example_trigger_target_dag.py took 0.219 seconds
[2022-09-21 00:20:08,847] {processor.py:153} INFO - Started process (PID=21835) to work on /home/airflow/.local/lib/python3.7/site-packages/airflow/example_dags/example_trigger_target_dag.py
[2022-09-21 00:20:08,850] {processor.py:641} INFO - Processing file /home/airflow/.local/lib/python3.7/site-packages/airflow/example_dags/example_trigger_target_dag.py for tasks to queue
[2022-09-21 00:20:08,851] {logging_mixin.py:115} INFO - [2022-09-21 00:20:08,851] {dagbag.py:507} INFO - Filling up the DagBag from /home/airflow/.local/lib/python3.7/site-packages/airflow/example_dags/example_trigger_target_dag.py
[2022-09-21 00:20:08,879] {processor.py:651} INFO - DAG(s) dict_keys(['example_trigger_target_dag']) retrieved from /home/airflow/.local/lib/python3.7/site-packages/airflow/example_dags/example_trigger_target_dag.py
[2022-09-21 00:20:08,945] {logging_mixin.py:115} INFO - [2022-09-21 00:20:08,945] {dag.py:2371} INFO - Sync 1 DAGs
[2022-09-21 00:20:08,993] {logging_mixin.py:115} INFO - [2022-09-21 00:20:08,993] {dag.py:2919} INFO - Setting next_dagrun for example_trigger_target_dag to None, run_after=None
[2022-09-21 00:20:09,025] {processor.py:161} INFO - Processing /home/airflow/.local/lib/python3.7/site-packages/airflow/example_dags/example_trigger_target_dag.py took 0.183 seconds
[2022-09-21 00:20:39,705] {processor.py:153} INFO - Started process (PID=21896) to work on /home/airflow/.local/lib/python3.7/site-packages/airflow/example_dags/example_trigger_target_dag.py
[2022-09-21 00:20:39,900] {processor.py:641} INFO - Processing file /home/airflow/.local/lib/python3.7/site-packages/airflow/example_dags/example_trigger_target_dag.py for tasks to queue
[2022-09-21 00:20:39,901] {logging_mixin.py:115} INFO - [2022-09-21 00:20:39,901] {dagbag.py:507} INFO - Filling up the DagBag from /home/airflow/.local/lib/python3.7/site-packages/airflow/example_dags/example_trigger_target_dag.py
[2022-09-21 00:20:39,928] {processor.py:651} INFO - DAG(s) dict_keys(['example_trigger_target_dag']) retrieved from /home/airflow/.local/lib/python3.7/site-packages/airflow/example_dags/example_trigger_target_dag.py
[2022-09-21 00:20:39,989] {logging_mixin.py:115} INFO - [2022-09-21 00:20:39,989] {dag.py:2371} INFO - Sync 1 DAGs
[2022-09-21 00:20:40,031] {logging_mixin.py:115} INFO - [2022-09-21 00:20:40,031] {dag.py:2919} INFO - Setting next_dagrun for example_trigger_target_dag to None, run_after=None
[2022-09-21 00:20:40,243] {processor.py:161} INFO - Processing /home/airflow/.local/lib/python3.7/site-packages/airflow/example_dags/example_trigger_target_dag.py took 0.549 seconds
[2022-09-21 00:21:10,786] {processor.py:153} INFO - Started process (PID=21947) to work on /home/airflow/.local/lib/python3.7/site-packages/airflow/example_dags/example_trigger_target_dag.py
[2022-09-21 00:21:10,805] {processor.py:641} INFO - Processing file /home/airflow/.local/lib/python3.7/site-packages/airflow/example_dags/example_trigger_target_dag.py for tasks to queue
[2022-09-21 00:21:10,808] {logging_mixin.py:115} INFO - [2022-09-21 00:21:10,807] {dagbag.py:507} INFO - Filling up the DagBag from /home/airflow/.local/lib/python3.7/site-packages/airflow/example_dags/example_trigger_target_dag.py
[2022-09-21 00:21:10,865] {processor.py:651} INFO - DAG(s) dict_keys(['example_trigger_target_dag']) retrieved from /home/airflow/.local/lib/python3.7/site-packages/airflow/example_dags/example_trigger_target_dag.py
[2022-09-21 00:21:10,906] {logging_mixin.py:115} INFO - [2022-09-21 00:21:10,906] {dag.py:2371} INFO - Sync 1 DAGs
[2022-09-21 00:21:10,933] {logging_mixin.py:115} INFO - [2022-09-21 00:21:10,933] {dag.py:2919} INFO - Setting next_dagrun for example_trigger_target_dag to None, run_after=None
[2022-09-21 00:21:10,960] {processor.py:161} INFO - Processing /home/airflow/.local/lib/python3.7/site-packages/airflow/example_dags/example_trigger_target_dag.py took 0.187 seconds
[2022-09-21 00:21:41,844] {processor.py:153} INFO - Started process (PID=22008) to work on /home/airflow/.local/lib/python3.7/site-packages/airflow/example_dags/example_trigger_target_dag.py
[2022-09-21 00:21:41,845] {processor.py:641} INFO - Processing file /home/airflow/.local/lib/python3.7/site-packages/airflow/example_dags/example_trigger_target_dag.py for tasks to queue
[2022-09-21 00:21:41,846] {logging_mixin.py:115} INFO - [2022-09-21 00:21:41,846] {dagbag.py:507} INFO - Filling up the DagBag from /home/airflow/.local/lib/python3.7/site-packages/airflow/example_dags/example_trigger_target_dag.py
[2022-09-21 00:21:41,886] {processor.py:651} INFO - DAG(s) dict_keys(['example_trigger_target_dag']) retrieved from /home/airflow/.local/lib/python3.7/site-packages/airflow/example_dags/example_trigger_target_dag.py
[2022-09-21 00:21:41,947] {logging_mixin.py:115} INFO - [2022-09-21 00:21:41,947] {dag.py:2371} INFO - Sync 1 DAGs
[2022-09-21 00:21:41,987] {logging_mixin.py:115} INFO - [2022-09-21 00:21:41,987] {dag.py:2919} INFO - Setting next_dagrun for example_trigger_target_dag to None, run_after=None
[2022-09-21 00:21:42,033] {processor.py:161} INFO - Processing /home/airflow/.local/lib/python3.7/site-packages/airflow/example_dags/example_trigger_target_dag.py took 0.202 seconds
[2022-09-21 00:22:12,516] {processor.py:153} INFO - Started process (PID=22060) to work on /home/airflow/.local/lib/python3.7/site-packages/airflow/example_dags/example_trigger_target_dag.py
[2022-09-21 00:22:12,535] {processor.py:641} INFO - Processing file /home/airflow/.local/lib/python3.7/site-packages/airflow/example_dags/example_trigger_target_dag.py for tasks to queue
[2022-09-21 00:22:12,536] {logging_mixin.py:115} INFO - [2022-09-21 00:22:12,536] {dagbag.py:507} INFO - Filling up the DagBag from /home/airflow/.local/lib/python3.7/site-packages/airflow/example_dags/example_trigger_target_dag.py
[2022-09-21 00:22:12,566] {processor.py:651} INFO - DAG(s) dict_keys(['example_trigger_target_dag']) retrieved from /home/airflow/.local/lib/python3.7/site-packages/airflow/example_dags/example_trigger_target_dag.py
[2022-09-21 00:22:12,639] {logging_mixin.py:115} INFO - [2022-09-21 00:22:12,639] {dag.py:2371} INFO - Sync 1 DAGs
[2022-09-21 00:22:12,680] {logging_mixin.py:115} INFO - [2022-09-21 00:22:12,680] {dag.py:2919} INFO - Setting next_dagrun for example_trigger_target_dag to None, run_after=None
[2022-09-21 00:22:12,724] {processor.py:161} INFO - Processing /home/airflow/.local/lib/python3.7/site-packages/airflow/example_dags/example_trigger_target_dag.py took 0.213 seconds
[2022-09-21 00:22:42,771] {processor.py:153} INFO - Started process (PID=22112) to work on /home/airflow/.local/lib/python3.7/site-packages/airflow/example_dags/example_trigger_target_dag.py
[2022-09-21 00:22:42,772] {processor.py:641} INFO - Processing file /home/airflow/.local/lib/python3.7/site-packages/airflow/example_dags/example_trigger_target_dag.py for tasks to queue
[2022-09-21 00:22:42,773] {logging_mixin.py:115} INFO - [2022-09-21 00:22:42,773] {dagbag.py:507} INFO - Filling up the DagBag from /home/airflow/.local/lib/python3.7/site-packages/airflow/example_dags/example_trigger_target_dag.py
[2022-09-21 00:22:42,813] {processor.py:651} INFO - DAG(s) dict_keys(['example_trigger_target_dag']) retrieved from /home/airflow/.local/lib/python3.7/site-packages/airflow/example_dags/example_trigger_target_dag.py
[2022-09-21 00:22:42,858] {logging_mixin.py:115} INFO - [2022-09-21 00:22:42,858] {dag.py:2371} INFO - Sync 1 DAGs
[2022-09-21 00:22:42,908] {logging_mixin.py:115} INFO - [2022-09-21 00:22:42,908] {dag.py:2919} INFO - Setting next_dagrun for example_trigger_target_dag to None, run_after=None
[2022-09-21 00:22:42,944] {processor.py:161} INFO - Processing /home/airflow/.local/lib/python3.7/site-packages/airflow/example_dags/example_trigger_target_dag.py took 0.181 seconds
[2022-09-21 00:23:13,526] {processor.py:153} INFO - Started process (PID=22172) to work on /home/airflow/.local/lib/python3.7/site-packages/airflow/example_dags/example_trigger_target_dag.py
[2022-09-21 00:23:13,539] {processor.py:641} INFO - Processing file /home/airflow/.local/lib/python3.7/site-packages/airflow/example_dags/example_trigger_target_dag.py for tasks to queue
[2022-09-21 00:23:13,541] {logging_mixin.py:115} INFO - [2022-09-21 00:23:13,540] {dagbag.py:507} INFO - Filling up the DagBag from /home/airflow/.local/lib/python3.7/site-packages/airflow/example_dags/example_trigger_target_dag.py
[2022-09-21 00:23:13,568] {processor.py:651} INFO - DAG(s) dict_keys(['example_trigger_target_dag']) retrieved from /home/airflow/.local/lib/python3.7/site-packages/airflow/example_dags/example_trigger_target_dag.py
[2022-09-21 00:23:13,610] {logging_mixin.py:115} INFO - [2022-09-21 00:23:13,609] {dag.py:2371} INFO - Sync 1 DAGs
[2022-09-21 00:23:13,653] {logging_mixin.py:115} INFO - [2022-09-21 00:23:13,653] {dag.py:2919} INFO - Setting next_dagrun for example_trigger_target_dag to None, run_after=None
[2022-09-21 00:23:13,693] {processor.py:161} INFO - Processing /home/airflow/.local/lib/python3.7/site-packages/airflow/example_dags/example_trigger_target_dag.py took 0.174 seconds
[2022-09-21 00:23:44,525] {processor.py:153} INFO - Started process (PID=22224) to work on /home/airflow/.local/lib/python3.7/site-packages/airflow/example_dags/example_trigger_target_dag.py
[2022-09-21 00:23:44,544] {processor.py:641} INFO - Processing file /home/airflow/.local/lib/python3.7/site-packages/airflow/example_dags/example_trigger_target_dag.py for tasks to queue
[2022-09-21 00:23:44,545] {logging_mixin.py:115} INFO - [2022-09-21 00:23:44,545] {dagbag.py:507} INFO - Filling up the DagBag from /home/airflow/.local/lib/python3.7/site-packages/airflow/example_dags/example_trigger_target_dag.py
[2022-09-21 00:23:44,585] {processor.py:651} INFO - DAG(s) dict_keys(['example_trigger_target_dag']) retrieved from /home/airflow/.local/lib/python3.7/site-packages/airflow/example_dags/example_trigger_target_dag.py
[2022-09-21 00:23:44,646] {logging_mixin.py:115} INFO - [2022-09-21 00:23:44,646] {dag.py:2371} INFO - Sync 1 DAGs
[2022-09-21 00:23:44,681] {logging_mixin.py:115} INFO - [2022-09-21 00:23:44,681] {dag.py:2919} INFO - Setting next_dagrun for example_trigger_target_dag to None, run_after=None
[2022-09-21 00:23:44,712] {processor.py:161} INFO - Processing /home/airflow/.local/lib/python3.7/site-packages/airflow/example_dags/example_trigger_target_dag.py took 0.196 seconds
[2022-09-21 00:24:15,196] {processor.py:153} INFO - Started process (PID=22283) to work on /home/airflow/.local/lib/python3.7/site-packages/airflow/example_dags/example_trigger_target_dag.py
[2022-09-21 00:24:15,198] {processor.py:641} INFO - Processing file /home/airflow/.local/lib/python3.7/site-packages/airflow/example_dags/example_trigger_target_dag.py for tasks to queue
[2022-09-21 00:24:15,199] {logging_mixin.py:115} INFO - [2022-09-21 00:24:15,199] {dagbag.py:507} INFO - Filling up the DagBag from /home/airflow/.local/lib/python3.7/site-packages/airflow/example_dags/example_trigger_target_dag.py
[2022-09-21 00:24:15,244] {processor.py:651} INFO - DAG(s) dict_keys(['example_trigger_target_dag']) retrieved from /home/airflow/.local/lib/python3.7/site-packages/airflow/example_dags/example_trigger_target_dag.py
[2022-09-21 00:24:15,278] {logging_mixin.py:115} INFO - [2022-09-21 00:24:15,277] {dag.py:2371} INFO - Sync 1 DAGs
[2022-09-21 00:24:15,318] {logging_mixin.py:115} INFO - [2022-09-21 00:24:15,318] {dag.py:2919} INFO - Setting next_dagrun for example_trigger_target_dag to None, run_after=None
[2022-09-21 00:24:15,382] {processor.py:161} INFO - Processing /home/airflow/.local/lib/python3.7/site-packages/airflow/example_dags/example_trigger_target_dag.py took 0.197 seconds
[2022-09-21 00:24:45,605] {processor.py:153} INFO - Started process (PID=22335) to work on /home/airflow/.local/lib/python3.7/site-packages/airflow/example_dags/example_trigger_target_dag.py
[2022-09-21 00:24:45,648] {processor.py:641} INFO - Processing file /home/airflow/.local/lib/python3.7/site-packages/airflow/example_dags/example_trigger_target_dag.py for tasks to queue
[2022-09-21 00:24:45,648] {logging_mixin.py:115} INFO - [2022-09-21 00:24:45,648] {dagbag.py:507} INFO - Filling up the DagBag from /home/airflow/.local/lib/python3.7/site-packages/airflow/example_dags/example_trigger_target_dag.py
[2022-09-21 00:24:45,682] {processor.py:651} INFO - DAG(s) dict_keys(['example_trigger_target_dag']) retrieved from /home/airflow/.local/lib/python3.7/site-packages/airflow/example_dags/example_trigger_target_dag.py
[2022-09-21 00:24:45,714] {logging_mixin.py:115} INFO - [2022-09-21 00:24:45,714] {dag.py:2371} INFO - Sync 1 DAGs
[2022-09-21 00:24:45,746] {logging_mixin.py:115} INFO - [2022-09-21 00:24:45,746] {dag.py:2919} INFO - Setting next_dagrun for example_trigger_target_dag to None, run_after=None
[2022-09-21 00:24:45,842] {processor.py:161} INFO - Processing /home/airflow/.local/lib/python3.7/site-packages/airflow/example_dags/example_trigger_target_dag.py took 0.242 seconds
[2022-09-21 00:25:16,558] {processor.py:153} INFO - Started process (PID=22396) to work on /home/airflow/.local/lib/python3.7/site-packages/airflow/example_dags/example_trigger_target_dag.py
[2022-09-21 00:25:16,578] {processor.py:641} INFO - Processing file /home/airflow/.local/lib/python3.7/site-packages/airflow/example_dags/example_trigger_target_dag.py for tasks to queue
[2022-09-21 00:25:16,579] {logging_mixin.py:115} INFO - [2022-09-21 00:25:16,579] {dagbag.py:507} INFO - Filling up the DagBag from /home/airflow/.local/lib/python3.7/site-packages/airflow/example_dags/example_trigger_target_dag.py
[2022-09-21 00:25:16,610] {processor.py:651} INFO - DAG(s) dict_keys(['example_trigger_target_dag']) retrieved from /home/airflow/.local/lib/python3.7/site-packages/airflow/example_dags/example_trigger_target_dag.py
[2022-09-21 00:25:16,648] {logging_mixin.py:115} INFO - [2022-09-21 00:25:16,648] {dag.py:2371} INFO - Sync 1 DAGs
[2022-09-21 00:25:16,684] {logging_mixin.py:115} INFO - [2022-09-21 00:25:16,684] {dag.py:2919} INFO - Setting next_dagrun for example_trigger_target_dag to None, run_after=None
[2022-09-21 00:25:16,726] {processor.py:161} INFO - Processing /home/airflow/.local/lib/python3.7/site-packages/airflow/example_dags/example_trigger_target_dag.py took 0.180 seconds
[2022-09-21 00:25:47,293] {processor.py:153} INFO - Started process (PID=22448) to work on /home/airflow/.local/lib/python3.7/site-packages/airflow/example_dags/example_trigger_target_dag.py
[2022-09-21 00:25:47,294] {processor.py:641} INFO - Processing file /home/airflow/.local/lib/python3.7/site-packages/airflow/example_dags/example_trigger_target_dag.py for tasks to queue
[2022-09-21 00:25:47,295] {logging_mixin.py:115} INFO - [2022-09-21 00:25:47,295] {dagbag.py:507} INFO - Filling up the DagBag from /home/airflow/.local/lib/python3.7/site-packages/airflow/example_dags/example_trigger_target_dag.py
[2022-09-21 00:25:47,330] {processor.py:651} INFO - DAG(s) dict_keys(['example_trigger_target_dag']) retrieved from /home/airflow/.local/lib/python3.7/site-packages/airflow/example_dags/example_trigger_target_dag.py
[2022-09-21 00:25:47,377] {logging_mixin.py:115} INFO - [2022-09-21 00:25:47,377] {dag.py:2371} INFO - Sync 1 DAGs
[2022-09-21 00:25:47,418] {logging_mixin.py:115} INFO - [2022-09-21 00:25:47,418] {dag.py:2919} INFO - Setting next_dagrun for example_trigger_target_dag to None, run_after=None
[2022-09-21 00:25:47,461] {processor.py:161} INFO - Processing /home/airflow/.local/lib/python3.7/site-packages/airflow/example_dags/example_trigger_target_dag.py took 0.174 seconds
[2022-09-21 00:26:18,301] {processor.py:153} INFO - Started process (PID=22508) to work on /home/airflow/.local/lib/python3.7/site-packages/airflow/example_dags/example_trigger_target_dag.py
[2022-09-21 00:26:18,328] {processor.py:641} INFO - Processing file /home/airflow/.local/lib/python3.7/site-packages/airflow/example_dags/example_trigger_target_dag.py for tasks to queue
[2022-09-21 00:26:18,329] {logging_mixin.py:115} INFO - [2022-09-21 00:26:18,329] {dagbag.py:507} INFO - Filling up the DagBag from /home/airflow/.local/lib/python3.7/site-packages/airflow/example_dags/example_trigger_target_dag.py
[2022-09-21 00:26:18,354] {processor.py:651} INFO - DAG(s) dict_keys(['example_trigger_target_dag']) retrieved from /home/airflow/.local/lib/python3.7/site-packages/airflow/example_dags/example_trigger_target_dag.py
[2022-09-21 00:26:18,406] {logging_mixin.py:115} INFO - [2022-09-21 00:26:18,406] {dag.py:2371} INFO - Sync 1 DAGs
[2022-09-21 00:26:18,451] {logging_mixin.py:115} INFO - [2022-09-21 00:26:18,450] {dag.py:2919} INFO - Setting next_dagrun for example_trigger_target_dag to None, run_after=None
[2022-09-21 00:26:18,488] {processor.py:161} INFO - Processing /home/airflow/.local/lib/python3.7/site-packages/airflow/example_dags/example_trigger_target_dag.py took 0.196 seconds
[2022-09-21 00:26:49,385] {processor.py:153} INFO - Started process (PID=22560) to work on /home/airflow/.local/lib/python3.7/site-packages/airflow/example_dags/example_trigger_target_dag.py
[2022-09-21 00:26:49,391] {processor.py:641} INFO - Processing file /home/airflow/.local/lib/python3.7/site-packages/airflow/example_dags/example_trigger_target_dag.py for tasks to queue
[2022-09-21 00:26:49,392] {logging_mixin.py:115} INFO - [2022-09-21 00:26:49,391] {dagbag.py:507} INFO - Filling up the DagBag from /home/airflow/.local/lib/python3.7/site-packages/airflow/example_dags/example_trigger_target_dag.py
[2022-09-21 00:26:49,443] {processor.py:651} INFO - DAG(s) dict_keys(['example_trigger_target_dag']) retrieved from /home/airflow/.local/lib/python3.7/site-packages/airflow/example_dags/example_trigger_target_dag.py
[2022-09-21 00:26:49,489] {logging_mixin.py:115} INFO - [2022-09-21 00:26:49,489] {dag.py:2371} INFO - Sync 1 DAGs
[2022-09-21 00:26:49,526] {logging_mixin.py:115} INFO - [2022-09-21 00:26:49,526] {dag.py:2919} INFO - Setting next_dagrun for example_trigger_target_dag to None, run_after=None
[2022-09-21 00:26:49,570] {processor.py:161} INFO - Processing /home/airflow/.local/lib/python3.7/site-packages/airflow/example_dags/example_trigger_target_dag.py took 0.190 seconds
[2022-09-21 00:27:20,042] {processor.py:153} INFO - Started process (PID=22612) to work on /home/airflow/.local/lib/python3.7/site-packages/airflow/example_dags/example_trigger_target_dag.py
[2022-09-21 00:27:20,059] {processor.py:641} INFO - Processing file /home/airflow/.local/lib/python3.7/site-packages/airflow/example_dags/example_trigger_target_dag.py for tasks to queue
[2022-09-21 00:27:20,060] {logging_mixin.py:115} INFO - [2022-09-21 00:27:20,060] {dagbag.py:507} INFO - Filling up the DagBag from /home/airflow/.local/lib/python3.7/site-packages/airflow/example_dags/example_trigger_target_dag.py
[2022-09-21 00:27:20,086] {processor.py:651} INFO - DAG(s) dict_keys(['example_trigger_target_dag']) retrieved from /home/airflow/.local/lib/python3.7/site-packages/airflow/example_dags/example_trigger_target_dag.py
[2022-09-21 00:27:20,126] {logging_mixin.py:115} INFO - [2022-09-21 00:27:20,125] {dag.py:2371} INFO - Sync 1 DAGs
[2022-09-21 00:27:20,163] {logging_mixin.py:115} INFO - [2022-09-21 00:27:20,163] {dag.py:2919} INFO - Setting next_dagrun for example_trigger_target_dag to None, run_after=None
[2022-09-21 00:27:20,214] {processor.py:161} INFO - Processing /home/airflow/.local/lib/python3.7/site-packages/airflow/example_dags/example_trigger_target_dag.py took 0.176 seconds
[2022-09-21 00:27:50,435] {processor.py:153} INFO - Started process (PID=22673) to work on /home/airflow/.local/lib/python3.7/site-packages/airflow/example_dags/example_trigger_target_dag.py
[2022-09-21 00:27:50,436] {processor.py:641} INFO - Processing file /home/airflow/.local/lib/python3.7/site-packages/airflow/example_dags/example_trigger_target_dag.py for tasks to queue
[2022-09-21 00:27:50,437] {logging_mixin.py:115} INFO - [2022-09-21 00:27:50,436] {dagbag.py:507} INFO - Filling up the DagBag from /home/airflow/.local/lib/python3.7/site-packages/airflow/example_dags/example_trigger_target_dag.py
[2022-09-21 00:27:50,464] {processor.py:651} INFO - DAG(s) dict_keys(['example_trigger_target_dag']) retrieved from /home/airflow/.local/lib/python3.7/site-packages/airflow/example_dags/example_trigger_target_dag.py
[2022-09-21 00:27:50,514] {logging_mixin.py:115} INFO - [2022-09-21 00:27:50,514] {dag.py:2371} INFO - Sync 1 DAGs
[2022-09-21 00:27:50,563] {logging_mixin.py:115} INFO - [2022-09-21 00:27:50,563] {dag.py:2919} INFO - Setting next_dagrun for example_trigger_target_dag to None, run_after=None
[2022-09-21 00:27:50,609] {processor.py:161} INFO - Processing /home/airflow/.local/lib/python3.7/site-packages/airflow/example_dags/example_trigger_target_dag.py took 0.178 seconds
[2022-09-21 00:28:21,082] {processor.py:153} INFO - Started process (PID=22726) to work on /home/airflow/.local/lib/python3.7/site-packages/airflow/example_dags/example_trigger_target_dag.py
[2022-09-21 00:28:21,111] {processor.py:641} INFO - Processing file /home/airflow/.local/lib/python3.7/site-packages/airflow/example_dags/example_trigger_target_dag.py for tasks to queue
[2022-09-21 00:28:21,112] {logging_mixin.py:115} INFO - [2022-09-21 00:28:21,112] {dagbag.py:507} INFO - Filling up the DagBag from /home/airflow/.local/lib/python3.7/site-packages/airflow/example_dags/example_trigger_target_dag.py
[2022-09-21 00:28:21,144] {processor.py:651} INFO - DAG(s) dict_keys(['example_trigger_target_dag']) retrieved from /home/airflow/.local/lib/python3.7/site-packages/airflow/example_dags/example_trigger_target_dag.py
[2022-09-21 00:28:21,192] {logging_mixin.py:115} INFO - [2022-09-21 00:28:21,192] {dag.py:2371} INFO - Sync 1 DAGs
[2022-09-21 00:28:21,234] {logging_mixin.py:115} INFO - [2022-09-21 00:28:21,234] {dag.py:2919} INFO - Setting next_dagrun for example_trigger_target_dag to None, run_after=None
[2022-09-21 00:28:21,290] {processor.py:161} INFO - Processing /home/airflow/.local/lib/python3.7/site-packages/airflow/example_dags/example_trigger_target_dag.py took 0.229 seconds
[2022-09-21 00:28:52,060] {processor.py:153} INFO - Started process (PID=22787) to work on /home/airflow/.local/lib/python3.7/site-packages/airflow/example_dags/example_trigger_target_dag.py
[2022-09-21 00:28:52,061] {processor.py:641} INFO - Processing file /home/airflow/.local/lib/python3.7/site-packages/airflow/example_dags/example_trigger_target_dag.py for tasks to queue
[2022-09-21 00:28:52,061] {logging_mixin.py:115} INFO - [2022-09-21 00:28:52,061] {dagbag.py:507} INFO - Filling up the DagBag from /home/airflow/.local/lib/python3.7/site-packages/airflow/example_dags/example_trigger_target_dag.py
[2022-09-21 00:28:52,080] {processor.py:651} INFO - DAG(s) dict_keys(['example_trigger_target_dag']) retrieved from /home/airflow/.local/lib/python3.7/site-packages/airflow/example_dags/example_trigger_target_dag.py
[2022-09-21 00:28:52,123] {logging_mixin.py:115} INFO - [2022-09-21 00:28:52,123] {dag.py:2371} INFO - Sync 1 DAGs
[2022-09-21 00:28:52,156] {logging_mixin.py:115} INFO - [2022-09-21 00:28:52,156] {dag.py:2919} INFO - Setting next_dagrun for example_trigger_target_dag to None, run_after=None
[2022-09-21 00:28:52,190] {processor.py:161} INFO - Processing /home/airflow/.local/lib/python3.7/site-packages/airflow/example_dags/example_trigger_target_dag.py took 0.135 seconds
[2022-09-21 00:29:22,751] {processor.py:153} INFO - Started process (PID=22840) to work on /home/airflow/.local/lib/python3.7/site-packages/airflow/example_dags/example_trigger_target_dag.py
[2022-09-21 00:29:22,772] {processor.py:641} INFO - Processing file /home/airflow/.local/lib/python3.7/site-packages/airflow/example_dags/example_trigger_target_dag.py for tasks to queue
[2022-09-21 00:29:22,773] {logging_mixin.py:115} INFO - [2022-09-21 00:29:22,772] {dagbag.py:507} INFO - Filling up the DagBag from /home/airflow/.local/lib/python3.7/site-packages/airflow/example_dags/example_trigger_target_dag.py
[2022-09-21 00:29:22,794] {processor.py:651} INFO - DAG(s) dict_keys(['example_trigger_target_dag']) retrieved from /home/airflow/.local/lib/python3.7/site-packages/airflow/example_dags/example_trigger_target_dag.py
[2022-09-21 00:29:22,824] {logging_mixin.py:115} INFO - [2022-09-21 00:29:22,824] {dag.py:2371} INFO - Sync 1 DAGs
[2022-09-21 00:29:22,858] {logging_mixin.py:115} INFO - [2022-09-21 00:29:22,857] {dag.py:2919} INFO - Setting next_dagrun for example_trigger_target_dag to None, run_after=None
[2022-09-21 00:29:22,922] {processor.py:161} INFO - Processing /home/airflow/.local/lib/python3.7/site-packages/airflow/example_dags/example_trigger_target_dag.py took 0.178 seconds
[2022-09-21 00:29:53,143] {processor.py:153} INFO - Started process (PID=22902) to work on /home/airflow/.local/lib/python3.7/site-packages/airflow/example_dags/example_trigger_target_dag.py
[2022-09-21 00:29:53,144] {processor.py:641} INFO - Processing file /home/airflow/.local/lib/python3.7/site-packages/airflow/example_dags/example_trigger_target_dag.py for tasks to queue
[2022-09-21 00:29:53,145] {logging_mixin.py:115} INFO - [2022-09-21 00:29:53,145] {dagbag.py:507} INFO - Filling up the DagBag from /home/airflow/.local/lib/python3.7/site-packages/airflow/example_dags/example_trigger_target_dag.py
[2022-09-21 00:29:53,173] {processor.py:651} INFO - DAG(s) dict_keys(['example_trigger_target_dag']) retrieved from /home/airflow/.local/lib/python3.7/site-packages/airflow/example_dags/example_trigger_target_dag.py
[2022-09-21 00:29:53,213] {logging_mixin.py:115} INFO - [2022-09-21 00:29:53,213] {dag.py:2371} INFO - Sync 1 DAGs
[2022-09-21 00:29:53,250] {logging_mixin.py:115} INFO - [2022-09-21 00:29:53,250] {dag.py:2919} INFO - Setting next_dagrun for example_trigger_target_dag to None, run_after=None
[2022-09-21 00:29:53,297] {processor.py:161} INFO - Processing /home/airflow/.local/lib/python3.7/site-packages/airflow/example_dags/example_trigger_target_dag.py took 0.160 seconds
[2022-09-21 00:30:23,354] {processor.py:153} INFO - Started process (PID=22954) to work on /home/airflow/.local/lib/python3.7/site-packages/airflow/example_dags/example_trigger_target_dag.py
[2022-09-21 00:30:23,379] {processor.py:641} INFO - Processing file /home/airflow/.local/lib/python3.7/site-packages/airflow/example_dags/example_trigger_target_dag.py for tasks to queue
[2022-09-21 00:30:23,379] {logging_mixin.py:115} INFO - [2022-09-21 00:30:23,379] {dagbag.py:507} INFO - Filling up the DagBag from /home/airflow/.local/lib/python3.7/site-packages/airflow/example_dags/example_trigger_target_dag.py
[2022-09-21 00:30:23,398] {processor.py:651} INFO - DAG(s) dict_keys(['example_trigger_target_dag']) retrieved from /home/airflow/.local/lib/python3.7/site-packages/airflow/example_dags/example_trigger_target_dag.py
[2022-09-21 00:30:23,436] {logging_mixin.py:115} INFO - [2022-09-21 00:30:23,436] {dag.py:2371} INFO - Sync 1 DAGs
[2022-09-21 00:30:23,476] {logging_mixin.py:115} INFO - [2022-09-21 00:30:23,476] {dag.py:2919} INFO - Setting next_dagrun for example_trigger_target_dag to None, run_after=None
[2022-09-21 00:30:23,524] {processor.py:161} INFO - Processing /home/airflow/.local/lib/python3.7/site-packages/airflow/example_dags/example_trigger_target_dag.py took 0.176 seconds
[2022-09-21 00:30:54,262] {processor.py:153} INFO - Started process (PID=23016) to work on /home/airflow/.local/lib/python3.7/site-packages/airflow/example_dags/example_trigger_target_dag.py
[2022-09-21 00:30:54,263] {processor.py:641} INFO - Processing file /home/airflow/.local/lib/python3.7/site-packages/airflow/example_dags/example_trigger_target_dag.py for tasks to queue
[2022-09-21 00:30:54,264] {logging_mixin.py:115} INFO - [2022-09-21 00:30:54,264] {dagbag.py:507} INFO - Filling up the DagBag from /home/airflow/.local/lib/python3.7/site-packages/airflow/example_dags/example_trigger_target_dag.py
[2022-09-21 00:30:54,286] {processor.py:651} INFO - DAG(s) dict_keys(['example_trigger_target_dag']) retrieved from /home/airflow/.local/lib/python3.7/site-packages/airflow/example_dags/example_trigger_target_dag.py
[2022-09-21 00:30:54,323] {logging_mixin.py:115} INFO - [2022-09-21 00:30:54,323] {dag.py:2371} INFO - Sync 1 DAGs
[2022-09-21 00:30:54,361] {logging_mixin.py:115} INFO - [2022-09-21 00:30:54,360] {dag.py:2919} INFO - Setting next_dagrun for example_trigger_target_dag to None, run_after=None
[2022-09-21 00:30:54,382] {processor.py:161} INFO - Processing /home/airflow/.local/lib/python3.7/site-packages/airflow/example_dags/example_trigger_target_dag.py took 0.125 seconds
[2022-09-21 00:31:25,166] {processor.py:153} INFO - Started process (PID=23066) to work on /home/airflow/.local/lib/python3.7/site-packages/airflow/example_dags/example_trigger_target_dag.py
[2022-09-21 00:31:25,184] {processor.py:641} INFO - Processing file /home/airflow/.local/lib/python3.7/site-packages/airflow/example_dags/example_trigger_target_dag.py for tasks to queue
[2022-09-21 00:31:25,184] {logging_mixin.py:115} INFO - [2022-09-21 00:31:25,184] {dagbag.py:507} INFO - Filling up the DagBag from /home/airflow/.local/lib/python3.7/site-packages/airflow/example_dags/example_trigger_target_dag.py
[2022-09-21 00:31:25,203] {processor.py:651} INFO - DAG(s) dict_keys(['example_trigger_target_dag']) retrieved from /home/airflow/.local/lib/python3.7/site-packages/airflow/example_dags/example_trigger_target_dag.py
[2022-09-21 00:31:25,240] {logging_mixin.py:115} INFO - [2022-09-21 00:31:25,239] {dag.py:2371} INFO - Sync 1 DAGs
[2022-09-21 00:31:25,278] {logging_mixin.py:115} INFO - [2022-09-21 00:31:25,278] {dag.py:2919} INFO - Setting next_dagrun for example_trigger_target_dag to None, run_after=None
[2022-09-21 00:31:25,316] {processor.py:161} INFO - Processing /home/airflow/.local/lib/python3.7/site-packages/airflow/example_dags/example_trigger_target_dag.py took 0.156 seconds
[2022-09-21 00:31:56,046] {processor.py:153} INFO - Started process (PID=23127) to work on /home/airflow/.local/lib/python3.7/site-packages/airflow/example_dags/example_trigger_target_dag.py
[2022-09-21 00:31:56,047] {processor.py:641} INFO - Processing file /home/airflow/.local/lib/python3.7/site-packages/airflow/example_dags/example_trigger_target_dag.py for tasks to queue
[2022-09-21 00:31:56,053] {logging_mixin.py:115} INFO - [2022-09-21 00:31:56,053] {dagbag.py:507} INFO - Filling up the DagBag from /home/airflow/.local/lib/python3.7/site-packages/airflow/example_dags/example_trigger_target_dag.py
[2022-09-21 00:31:56,095] {processor.py:651} INFO - DAG(s) dict_keys(['example_trigger_target_dag']) retrieved from /home/airflow/.local/lib/python3.7/site-packages/airflow/example_dags/example_trigger_target_dag.py
[2022-09-21 00:31:56,140] {logging_mixin.py:115} INFO - [2022-09-21 00:31:56,140] {dag.py:2371} INFO - Sync 1 DAGs
[2022-09-21 00:31:56,185] {logging_mixin.py:115} INFO - [2022-09-21 00:31:56,184] {dag.py:2919} INFO - Setting next_dagrun for example_trigger_target_dag to None, run_after=None
[2022-09-21 00:31:56,208] {processor.py:161} INFO - Processing /home/airflow/.local/lib/python3.7/site-packages/airflow/example_dags/example_trigger_target_dag.py took 0.171 seconds
[2022-09-21 00:32:26,612] {processor.py:153} INFO - Started process (PID=23179) to work on /home/airflow/.local/lib/python3.7/site-packages/airflow/example_dags/example_trigger_target_dag.py
[2022-09-21 00:32:26,656] {processor.py:641} INFO - Processing file /home/airflow/.local/lib/python3.7/site-packages/airflow/example_dags/example_trigger_target_dag.py for tasks to queue
[2022-09-21 00:32:26,658] {logging_mixin.py:115} INFO - [2022-09-21 00:32:26,658] {dagbag.py:507} INFO - Filling up the DagBag from /home/airflow/.local/lib/python3.7/site-packages/airflow/example_dags/example_trigger_target_dag.py
[2022-09-21 00:32:26,724] {processor.py:651} INFO - DAG(s) dict_keys(['example_trigger_target_dag']) retrieved from /home/airflow/.local/lib/python3.7/site-packages/airflow/example_dags/example_trigger_target_dag.py
[2022-09-21 00:32:26,772] {logging_mixin.py:115} INFO - [2022-09-21 00:32:26,772] {dag.py:2371} INFO - Sync 1 DAGs
[2022-09-21 00:32:26,830] {logging_mixin.py:115} INFO - [2022-09-21 00:32:26,830] {dag.py:2919} INFO - Setting next_dagrun for example_trigger_target_dag to None, run_after=None
[2022-09-21 00:32:27,112] {processor.py:161} INFO - Processing /home/airflow/.local/lib/python3.7/site-packages/airflow/example_dags/example_trigger_target_dag.py took 0.508 seconds
[2022-09-21 00:32:57,850] {processor.py:153} INFO - Started process (PID=23240) to work on /home/airflow/.local/lib/python3.7/site-packages/airflow/example_dags/example_trigger_target_dag.py
[2022-09-21 00:32:57,873] {processor.py:641} INFO - Processing file /home/airflow/.local/lib/python3.7/site-packages/airflow/example_dags/example_trigger_target_dag.py for tasks to queue
[2022-09-21 00:32:57,873] {logging_mixin.py:115} INFO - [2022-09-21 00:32:57,873] {dagbag.py:507} INFO - Filling up the DagBag from /home/airflow/.local/lib/python3.7/site-packages/airflow/example_dags/example_trigger_target_dag.py
[2022-09-21 00:32:57,891] {processor.py:651} INFO - DAG(s) dict_keys(['example_trigger_target_dag']) retrieved from /home/airflow/.local/lib/python3.7/site-packages/airflow/example_dags/example_trigger_target_dag.py
[2022-09-21 00:32:57,927] {logging_mixin.py:115} INFO - [2022-09-21 00:32:57,927] {dag.py:2371} INFO - Sync 1 DAGs
[2022-09-21 00:32:57,962] {logging_mixin.py:115} INFO - [2022-09-21 00:32:57,962] {dag.py:2919} INFO - Setting next_dagrun for example_trigger_target_dag to None, run_after=None
[2022-09-21 00:32:58,002] {processor.py:161} INFO - Processing /home/airflow/.local/lib/python3.7/site-packages/airflow/example_dags/example_trigger_target_dag.py took 0.160 seconds
[2022-09-21 00:33:28,361] {processor.py:153} INFO - Started process (PID=23292) to work on /home/airflow/.local/lib/python3.7/site-packages/airflow/example_dags/example_trigger_target_dag.py
[2022-09-21 00:33:28,362] {processor.py:641} INFO - Processing file /home/airflow/.local/lib/python3.7/site-packages/airflow/example_dags/example_trigger_target_dag.py for tasks to queue
[2022-09-21 00:33:28,363] {logging_mixin.py:115} INFO - [2022-09-21 00:33:28,363] {dagbag.py:507} INFO - Filling up the DagBag from /home/airflow/.local/lib/python3.7/site-packages/airflow/example_dags/example_trigger_target_dag.py
[2022-09-21 00:33:28,384] {processor.py:651} INFO - DAG(s) dict_keys(['example_trigger_target_dag']) retrieved from /home/airflow/.local/lib/python3.7/site-packages/airflow/example_dags/example_trigger_target_dag.py
[2022-09-21 00:33:28,414] {logging_mixin.py:115} INFO - [2022-09-21 00:33:28,414] {dag.py:2371} INFO - Sync 1 DAGs
[2022-09-21 00:33:28,442] {logging_mixin.py:115} INFO - [2022-09-21 00:33:28,441] {dag.py:2919} INFO - Setting next_dagrun for example_trigger_target_dag to None, run_after=None
[2022-09-21 00:33:28,471] {processor.py:161} INFO - Processing /home/airflow/.local/lib/python3.7/site-packages/airflow/example_dags/example_trigger_target_dag.py took 0.119 seconds
[2022-09-21 00:33:58,809] {processor.py:153} INFO - Started process (PID=23353) to work on /home/airflow/.local/lib/python3.7/site-packages/airflow/example_dags/example_trigger_target_dag.py
[2022-09-21 00:33:58,833] {processor.py:641} INFO - Processing file /home/airflow/.local/lib/python3.7/site-packages/airflow/example_dags/example_trigger_target_dag.py for tasks to queue
[2022-09-21 00:33:58,833] {logging_mixin.py:115} INFO - [2022-09-21 00:33:58,833] {dagbag.py:507} INFO - Filling up the DagBag from /home/airflow/.local/lib/python3.7/site-packages/airflow/example_dags/example_trigger_target_dag.py
[2022-09-21 00:33:58,853] {processor.py:651} INFO - DAG(s) dict_keys(['example_trigger_target_dag']) retrieved from /home/airflow/.local/lib/python3.7/site-packages/airflow/example_dags/example_trigger_target_dag.py
[2022-09-21 00:33:58,887] {logging_mixin.py:115} INFO - [2022-09-21 00:33:58,887] {dag.py:2371} INFO - Sync 1 DAGs
[2022-09-21 00:33:58,915] {logging_mixin.py:115} INFO - [2022-09-21 00:33:58,915] {dag.py:2919} INFO - Setting next_dagrun for example_trigger_target_dag to None, run_after=None
[2022-09-21 00:33:58,962] {processor.py:161} INFO - Processing /home/airflow/.local/lib/python3.7/site-packages/airflow/example_dags/example_trigger_target_dag.py took 0.163 seconds
[2022-09-21 00:34:29,019] {processor.py:153} INFO - Started process (PID=23405) to work on /home/airflow/.local/lib/python3.7/site-packages/airflow/example_dags/example_trigger_target_dag.py
[2022-09-21 00:34:29,021] {processor.py:641} INFO - Processing file /home/airflow/.local/lib/python3.7/site-packages/airflow/example_dags/example_trigger_target_dag.py for tasks to queue
[2022-09-21 00:34:29,022] {logging_mixin.py:115} INFO - [2022-09-21 00:34:29,022] {dagbag.py:507} INFO - Filling up the DagBag from /home/airflow/.local/lib/python3.7/site-packages/airflow/example_dags/example_trigger_target_dag.py
[2022-09-21 00:34:29,057] {processor.py:651} INFO - DAG(s) dict_keys(['example_trigger_target_dag']) retrieved from /home/airflow/.local/lib/python3.7/site-packages/airflow/example_dags/example_trigger_target_dag.py
[2022-09-21 00:34:29,087] {logging_mixin.py:115} INFO - [2022-09-21 00:34:29,086] {dag.py:2371} INFO - Sync 1 DAGs
[2022-09-21 00:34:29,112] {logging_mixin.py:115} INFO - [2022-09-21 00:34:29,112] {dag.py:2919} INFO - Setting next_dagrun for example_trigger_target_dag to None, run_after=None
[2022-09-21 00:34:29,132] {processor.py:161} INFO - Processing /home/airflow/.local/lib/python3.7/site-packages/airflow/example_dags/example_trigger_target_dag.py took 0.123 seconds
[2022-09-21 00:34:59,349] {processor.py:153} INFO - Started process (PID=23464) to work on /home/airflow/.local/lib/python3.7/site-packages/airflow/example_dags/example_trigger_target_dag.py
[2022-09-21 00:34:59,369] {processor.py:641} INFO - Processing file /home/airflow/.local/lib/python3.7/site-packages/airflow/example_dags/example_trigger_target_dag.py for tasks to queue
[2022-09-21 00:34:59,370] {logging_mixin.py:115} INFO - [2022-09-21 00:34:59,370] {dagbag.py:507} INFO - Filling up the DagBag from /home/airflow/.local/lib/python3.7/site-packages/airflow/example_dags/example_trigger_target_dag.py
[2022-09-21 00:34:59,395] {processor.py:651} INFO - DAG(s) dict_keys(['example_trigger_target_dag']) retrieved from /home/airflow/.local/lib/python3.7/site-packages/airflow/example_dags/example_trigger_target_dag.py
[2022-09-21 00:34:59,435] {logging_mixin.py:115} INFO - [2022-09-21 00:34:59,435] {dag.py:2371} INFO - Sync 1 DAGs
[2022-09-21 00:34:59,475] {logging_mixin.py:115} INFO - [2022-09-21 00:34:59,475] {dag.py:2919} INFO - Setting next_dagrun for example_trigger_target_dag to None, run_after=None
[2022-09-21 00:34:59,503] {processor.py:161} INFO - Processing /home/airflow/.local/lib/python3.7/site-packages/airflow/example_dags/example_trigger_target_dag.py took 0.159 seconds
[2022-09-21 00:35:29,748] {processor.py:153} INFO - Started process (PID=23515) to work on /home/airflow/.local/lib/python3.7/site-packages/airflow/example_dags/example_trigger_target_dag.py
[2022-09-21 00:35:29,749] {processor.py:641} INFO - Processing file /home/airflow/.local/lib/python3.7/site-packages/airflow/example_dags/example_trigger_target_dag.py for tasks to queue
[2022-09-21 00:35:29,749] {logging_mixin.py:115} INFO - [2022-09-21 00:35:29,749] {dagbag.py:507} INFO - Filling up the DagBag from /home/airflow/.local/lib/python3.7/site-packages/airflow/example_dags/example_trigger_target_dag.py
[2022-09-21 00:35:29,771] {processor.py:651} INFO - DAG(s) dict_keys(['example_trigger_target_dag']) retrieved from /home/airflow/.local/lib/python3.7/site-packages/airflow/example_dags/example_trigger_target_dag.py
[2022-09-21 00:35:29,804] {logging_mixin.py:115} INFO - [2022-09-21 00:35:29,804] {dag.py:2371} INFO - Sync 1 DAGs
[2022-09-21 00:35:29,830] {logging_mixin.py:115} INFO - [2022-09-21 00:35:29,830] {dag.py:2919} INFO - Setting next_dagrun for example_trigger_target_dag to None, run_after=None
[2022-09-21 00:35:29,859] {processor.py:161} INFO - Processing /home/airflow/.local/lib/python3.7/site-packages/airflow/example_dags/example_trigger_target_dag.py took 0.117 seconds
[2022-09-21 00:36:00,403] {processor.py:153} INFO - Started process (PID=23565) to work on /home/airflow/.local/lib/python3.7/site-packages/airflow/example_dags/example_trigger_target_dag.py
[2022-09-21 00:36:00,407] {processor.py:641} INFO - Processing file /home/airflow/.local/lib/python3.7/site-packages/airflow/example_dags/example_trigger_target_dag.py for tasks to queue
[2022-09-21 00:36:00,408] {logging_mixin.py:115} INFO - [2022-09-21 00:36:00,407] {dagbag.py:507} INFO - Filling up the DagBag from /home/airflow/.local/lib/python3.7/site-packages/airflow/example_dags/example_trigger_target_dag.py
[2022-09-21 00:36:00,431] {processor.py:651} INFO - DAG(s) dict_keys(['example_trigger_target_dag']) retrieved from /home/airflow/.local/lib/python3.7/site-packages/airflow/example_dags/example_trigger_target_dag.py
[2022-09-21 00:36:00,470] {logging_mixin.py:115} INFO - [2022-09-21 00:36:00,469] {dag.py:2371} INFO - Sync 1 DAGs
[2022-09-21 00:36:00,511] {logging_mixin.py:115} INFO - [2022-09-21 00:36:00,511] {dag.py:2919} INFO - Setting next_dagrun for example_trigger_target_dag to None, run_after=None
[2022-09-21 00:36:00,575] {processor.py:161} INFO - Processing /home/airflow/.local/lib/python3.7/site-packages/airflow/example_dags/example_trigger_target_dag.py took 0.178 seconds
[2022-09-21 00:36:30,922] {processor.py:153} INFO - Started process (PID=23626) to work on /home/airflow/.local/lib/python3.7/site-packages/airflow/example_dags/example_trigger_target_dag.py
[2022-09-21 00:36:30,922] {processor.py:641} INFO - Processing file /home/airflow/.local/lib/python3.7/site-packages/airflow/example_dags/example_trigger_target_dag.py for tasks to queue
[2022-09-21 00:36:30,923] {logging_mixin.py:115} INFO - [2022-09-21 00:36:30,923] {dagbag.py:507} INFO - Filling up the DagBag from /home/airflow/.local/lib/python3.7/site-packages/airflow/example_dags/example_trigger_target_dag.py
[2022-09-21 00:36:30,950] {processor.py:651} INFO - DAG(s) dict_keys(['example_trigger_target_dag']) retrieved from /home/airflow/.local/lib/python3.7/site-packages/airflow/example_dags/example_trigger_target_dag.py
[2022-09-21 00:36:30,988] {logging_mixin.py:115} INFO - [2022-09-21 00:36:30,988] {dag.py:2371} INFO - Sync 1 DAGs
[2022-09-21 00:36:31,028] {logging_mixin.py:115} INFO - [2022-09-21 00:36:31,028] {dag.py:2919} INFO - Setting next_dagrun for example_trigger_target_dag to None, run_after=None
[2022-09-21 00:36:31,519] {processor.py:161} INFO - Processing /home/airflow/.local/lib/python3.7/site-packages/airflow/example_dags/example_trigger_target_dag.py took 0.602 seconds
