[2022-09-21 00:00:08,787] {processor.py:153} INFO - Started process (PID=19720) to work on /home/airflow/.local/lib/python3.7/site-packages/airflow/example_dags/example_branch_python_dop_operator_3.py
[2022-09-21 00:00:08,788] {processor.py:641} INFO - Processing file /home/airflow/.local/lib/python3.7/site-packages/airflow/example_dags/example_branch_python_dop_operator_3.py for tasks to queue
[2022-09-21 00:00:08,789] {logging_mixin.py:115} INFO - [2022-09-21 00:00:08,789] {dagbag.py:507} INFO - Filling up the DagBag from /home/airflow/.local/lib/python3.7/site-packages/airflow/example_dags/example_branch_python_dop_operator_3.py
[2022-09-21 00:00:08,807] {processor.py:651} INFO - DAG(s) dict_keys(['example_branch_dop_operator_v3']) retrieved from /home/airflow/.local/lib/python3.7/site-packages/airflow/example_dags/example_branch_python_dop_operator_3.py
[2022-09-21 00:00:08,849] {logging_mixin.py:115} INFO - [2022-09-21 00:00:08,848] {dag.py:2371} INFO - Sync 1 DAGs
[2022-09-21 00:00:08,900] {logging_mixin.py:115} INFO - [2022-09-21 00:00:08,900] {dag.py:2919} INFO - Setting next_dagrun for example_branch_dop_operator_v3 to 2022-09-20T23:59:00+00:00, run_after=2022-09-21T00:00:00+00:00
[2022-09-21 00:00:09,095] {processor.py:161} INFO - Processing /home/airflow/.local/lib/python3.7/site-packages/airflow/example_dags/example_branch_python_dop_operator_3.py took 0.313 seconds
[2022-09-21 00:00:39,290] {processor.py:153} INFO - Started process (PID=19783) to work on /home/airflow/.local/lib/python3.7/site-packages/airflow/example_dags/example_branch_python_dop_operator_3.py
[2022-09-21 00:00:39,291] {processor.py:641} INFO - Processing file /home/airflow/.local/lib/python3.7/site-packages/airflow/example_dags/example_branch_python_dop_operator_3.py for tasks to queue
[2022-09-21 00:00:39,292] {logging_mixin.py:115} INFO - [2022-09-21 00:00:39,292] {dagbag.py:507} INFO - Filling up the DagBag from /home/airflow/.local/lib/python3.7/site-packages/airflow/example_dags/example_branch_python_dop_operator_3.py
[2022-09-21 00:00:39,303] {processor.py:651} INFO - DAG(s) dict_keys(['example_branch_dop_operator_v3']) retrieved from /home/airflow/.local/lib/python3.7/site-packages/airflow/example_dags/example_branch_python_dop_operator_3.py
[2022-09-21 00:00:39,351] {logging_mixin.py:115} INFO - [2022-09-21 00:00:39,351] {dag.py:2371} INFO - Sync 1 DAGs
[2022-09-21 00:00:39,410] {logging_mixin.py:115} INFO - [2022-09-21 00:00:39,410] {dag.py:2919} INFO - Setting next_dagrun for example_branch_dop_operator_v3 to 2022-09-20T23:59:00+00:00, run_after=2022-09-21T00:00:00+00:00
[2022-09-21 00:00:39,565] {processor.py:161} INFO - Processing /home/airflow/.local/lib/python3.7/site-packages/airflow/example_dags/example_branch_python_dop_operator_3.py took 0.278 seconds
[2022-09-21 00:01:09,704] {processor.py:153} INFO - Started process (PID=19835) to work on /home/airflow/.local/lib/python3.7/site-packages/airflow/example_dags/example_branch_python_dop_operator_3.py
[2022-09-21 00:01:09,704] {processor.py:641} INFO - Processing file /home/airflow/.local/lib/python3.7/site-packages/airflow/example_dags/example_branch_python_dop_operator_3.py for tasks to queue
[2022-09-21 00:01:09,705] {logging_mixin.py:115} INFO - [2022-09-21 00:01:09,705] {dagbag.py:507} INFO - Filling up the DagBag from /home/airflow/.local/lib/python3.7/site-packages/airflow/example_dags/example_branch_python_dop_operator_3.py
[2022-09-21 00:01:09,722] {processor.py:651} INFO - DAG(s) dict_keys(['example_branch_dop_operator_v3']) retrieved from /home/airflow/.local/lib/python3.7/site-packages/airflow/example_dags/example_branch_python_dop_operator_3.py
[2022-09-21 00:01:09,761] {logging_mixin.py:115} INFO - [2022-09-21 00:01:09,760] {dag.py:2371} INFO - Sync 1 DAGs
[2022-09-21 00:01:09,803] {logging_mixin.py:115} INFO - [2022-09-21 00:01:09,803] {dag.py:2919} INFO - Setting next_dagrun for example_branch_dop_operator_v3 to 2022-09-21T00:00:00+00:00, run_after=2022-09-21T00:01:00+00:00
[2022-09-21 00:01:09,833] {processor.py:161} INFO - Processing /home/airflow/.local/lib/python3.7/site-packages/airflow/example_dags/example_branch_python_dop_operator_3.py took 0.133 seconds
[2022-09-21 00:01:41,040] {processor.py:153} INFO - Started process (PID=19885) to work on /home/airflow/.local/lib/python3.7/site-packages/airflow/example_dags/example_branch_python_dop_operator_3.py
[2022-09-21 00:01:41,124] {processor.py:641} INFO - Processing file /home/airflow/.local/lib/python3.7/site-packages/airflow/example_dags/example_branch_python_dop_operator_3.py for tasks to queue
[2022-09-21 00:01:41,127] {logging_mixin.py:115} INFO - [2022-09-21 00:01:41,127] {dagbag.py:507} INFO - Filling up the DagBag from /home/airflow/.local/lib/python3.7/site-packages/airflow/example_dags/example_branch_python_dop_operator_3.py
[2022-09-21 00:01:41,184] {processor.py:651} INFO - DAG(s) dict_keys(['example_branch_dop_operator_v3']) retrieved from /home/airflow/.local/lib/python3.7/site-packages/airflow/example_dags/example_branch_python_dop_operator_3.py
[2022-09-21 00:01:41,236] {logging_mixin.py:115} INFO - [2022-09-21 00:01:41,236] {dag.py:2371} INFO - Sync 1 DAGs
[2022-09-21 00:01:41,298] {logging_mixin.py:115} INFO - [2022-09-21 00:01:41,297] {dag.py:2919} INFO - Setting next_dagrun for example_branch_dop_operator_v3 to 2022-09-21T00:00:00+00:00, run_after=2022-09-21T00:01:00+00:00
[2022-09-21 00:01:41,490] {processor.py:161} INFO - Processing /home/airflow/.local/lib/python3.7/site-packages/airflow/example_dags/example_branch_python_dop_operator_3.py took 0.460 seconds
[2022-09-21 00:02:18,958] {processor.py:153} INFO - Started process (PID=19940) to work on /home/airflow/.local/lib/python3.7/site-packages/airflow/example_dags/example_branch_python_dop_operator_3.py
[2022-09-21 00:02:18,958] {processor.py:641} INFO - Processing file /home/airflow/.local/lib/python3.7/site-packages/airflow/example_dags/example_branch_python_dop_operator_3.py for tasks to queue
[2022-09-21 00:02:18,959] {logging_mixin.py:115} INFO - [2022-09-21 00:02:18,959] {dagbag.py:507} INFO - Filling up the DagBag from /home/airflow/.local/lib/python3.7/site-packages/airflow/example_dags/example_branch_python_dop_operator_3.py
[2022-09-21 00:02:18,976] {processor.py:651} INFO - DAG(s) dict_keys(['example_branch_dop_operator_v3']) retrieved from /home/airflow/.local/lib/python3.7/site-packages/airflow/example_dags/example_branch_python_dop_operator_3.py
[2022-09-21 00:02:19,016] {logging_mixin.py:115} INFO - [2022-09-21 00:02:19,016] {dag.py:2371} INFO - Sync 1 DAGs
[2022-09-21 00:02:19,072] {logging_mixin.py:115} INFO - [2022-09-21 00:02:19,072] {dag.py:2919} INFO - Setting next_dagrun for example_branch_dop_operator_v3 to 2022-09-21T00:01:00+00:00, run_after=2022-09-21T00:02:00+00:00
[2022-09-21 00:02:19,095] {processor.py:161} INFO - Processing /home/airflow/.local/lib/python3.7/site-packages/airflow/example_dags/example_branch_python_dop_operator_3.py took 0.142 seconds
[2022-09-21 00:03:10,791] {processor.py:153} INFO - Started process (PID=20006) to work on /home/airflow/.local/lib/python3.7/site-packages/airflow/example_dags/example_branch_python_dop_operator_3.py
[2022-09-21 00:03:11,271] {processor.py:641} INFO - Processing file /home/airflow/.local/lib/python3.7/site-packages/airflow/example_dags/example_branch_python_dop_operator_3.py for tasks to queue
[2022-09-21 00:03:11,272] {logging_mixin.py:115} INFO - [2022-09-21 00:03:11,272] {dagbag.py:507} INFO - Filling up the DagBag from /home/airflow/.local/lib/python3.7/site-packages/airflow/example_dags/example_branch_python_dop_operator_3.py
[2022-09-21 00:03:11,552] {processor.py:651} INFO - DAG(s) dict_keys(['example_branch_dop_operator_v3']) retrieved from /home/airflow/.local/lib/python3.7/site-packages/airflow/example_dags/example_branch_python_dop_operator_3.py
[2022-09-21 00:03:11,632] {logging_mixin.py:115} INFO - [2022-09-21 00:03:11,632] {dag.py:2371} INFO - Sync 1 DAGs
[2022-09-21 00:03:11,725] {logging_mixin.py:115} INFO - [2022-09-21 00:03:11,725] {dag.py:2919} INFO - Setting next_dagrun for example_branch_dop_operator_v3 to 2022-09-21T00:02:00+00:00, run_after=2022-09-21T00:03:00+00:00
[2022-09-21 00:03:12,324] {processor.py:161} INFO - Processing /home/airflow/.local/lib/python3.7/site-packages/airflow/example_dags/example_branch_python_dop_operator_3.py took 1.541 seconds
[2022-09-21 00:03:42,453] {processor.py:153} INFO - Started process (PID=20061) to work on /home/airflow/.local/lib/python3.7/site-packages/airflow/example_dags/example_branch_python_dop_operator_3.py
[2022-09-21 00:03:42,454] {processor.py:641} INFO - Processing file /home/airflow/.local/lib/python3.7/site-packages/airflow/example_dags/example_branch_python_dop_operator_3.py for tasks to queue
[2022-09-21 00:03:42,455] {logging_mixin.py:115} INFO - [2022-09-21 00:03:42,454] {dagbag.py:507} INFO - Filling up the DagBag from /home/airflow/.local/lib/python3.7/site-packages/airflow/example_dags/example_branch_python_dop_operator_3.py
[2022-09-21 00:03:42,481] {processor.py:651} INFO - DAG(s) dict_keys(['example_branch_dop_operator_v3']) retrieved from /home/airflow/.local/lib/python3.7/site-packages/airflow/example_dags/example_branch_python_dop_operator_3.py
[2022-09-21 00:03:42,545] {logging_mixin.py:115} INFO - [2022-09-21 00:03:42,545] {dag.py:2371} INFO - Sync 1 DAGs
[2022-09-21 00:03:42,605] {logging_mixin.py:115} INFO - [2022-09-21 00:03:42,605] {dag.py:2919} INFO - Setting next_dagrun for example_branch_dop_operator_v3 to 2022-09-21T00:02:00+00:00, run_after=2022-09-21T00:03:00+00:00
[2022-09-21 00:03:42,802] {processor.py:161} INFO - Processing /home/airflow/.local/lib/python3.7/site-packages/airflow/example_dags/example_branch_python_dop_operator_3.py took 0.359 seconds
[2022-09-21 00:04:16,770] {processor.py:153} INFO - Started process (PID=20122) to work on /home/airflow/.local/lib/python3.7/site-packages/airflow/example_dags/example_branch_python_dop_operator_3.py
[2022-09-21 00:04:17,015] {processor.py:641} INFO - Processing file /home/airflow/.local/lib/python3.7/site-packages/airflow/example_dags/example_branch_python_dop_operator_3.py for tasks to queue
[2022-09-21 00:04:17,016] {logging_mixin.py:115} INFO - [2022-09-21 00:04:17,015] {dagbag.py:507} INFO - Filling up the DagBag from /home/airflow/.local/lib/python3.7/site-packages/airflow/example_dags/example_branch_python_dop_operator_3.py
[2022-09-21 00:04:17,028] {processor.py:651} INFO - DAG(s) dict_keys(['example_branch_dop_operator_v3']) retrieved from /home/airflow/.local/lib/python3.7/site-packages/airflow/example_dags/example_branch_python_dop_operator_3.py
[2022-09-21 00:04:17,067] {logging_mixin.py:115} INFO - [2022-09-21 00:04:17,066] {dag.py:2371} INFO - Sync 1 DAGs
[2022-09-21 00:04:17,121] {logging_mixin.py:115} INFO - [2022-09-21 00:04:17,120] {dag.py:2919} INFO - Setting next_dagrun for example_branch_dop_operator_v3 to 2022-09-21T00:03:00+00:00, run_after=2022-09-21T00:04:00+00:00
[2022-09-21 00:04:17,925] {processor.py:161} INFO - Processing /home/airflow/.local/lib/python3.7/site-packages/airflow/example_dags/example_branch_python_dop_operator_3.py took 1.160 seconds
[2022-09-21 00:04:48,689] {processor.py:153} INFO - Started process (PID=20174) to work on /home/airflow/.local/lib/python3.7/site-packages/airflow/example_dags/example_branch_python_dop_operator_3.py
[2022-09-21 00:04:48,827] {processor.py:641} INFO - Processing file /home/airflow/.local/lib/python3.7/site-packages/airflow/example_dags/example_branch_python_dop_operator_3.py for tasks to queue
[2022-09-21 00:04:48,828] {logging_mixin.py:115} INFO - [2022-09-21 00:04:48,828] {dagbag.py:507} INFO - Filling up the DagBag from /home/airflow/.local/lib/python3.7/site-packages/airflow/example_dags/example_branch_python_dop_operator_3.py
[2022-09-21 00:04:48,841] {processor.py:651} INFO - DAG(s) dict_keys(['example_branch_dop_operator_v3']) retrieved from /home/airflow/.local/lib/python3.7/site-packages/airflow/example_dags/example_branch_python_dop_operator_3.py
[2022-09-21 00:04:48,873] {logging_mixin.py:115} INFO - [2022-09-21 00:04:48,873] {dag.py:2371} INFO - Sync 1 DAGs
[2022-09-21 00:04:48,917] {logging_mixin.py:115} INFO - [2022-09-21 00:04:48,917] {dag.py:2919} INFO - Setting next_dagrun for example_branch_dop_operator_v3 to 2022-09-21T00:03:00+00:00, run_after=2022-09-21T00:04:00+00:00
[2022-09-21 00:04:49,278] {processor.py:161} INFO - Processing /home/airflow/.local/lib/python3.7/site-packages/airflow/example_dags/example_branch_python_dop_operator_3.py took 0.608 seconds
[2022-09-21 00:05:19,392] {processor.py:153} INFO - Started process (PID=20226) to work on /home/airflow/.local/lib/python3.7/site-packages/airflow/example_dags/example_branch_python_dop_operator_3.py
[2022-09-21 00:05:19,392] {processor.py:641} INFO - Processing file /home/airflow/.local/lib/python3.7/site-packages/airflow/example_dags/example_branch_python_dop_operator_3.py for tasks to queue
[2022-09-21 00:05:19,393] {logging_mixin.py:115} INFO - [2022-09-21 00:05:19,393] {dagbag.py:507} INFO - Filling up the DagBag from /home/airflow/.local/lib/python3.7/site-packages/airflow/example_dags/example_branch_python_dop_operator_3.py
[2022-09-21 00:05:19,410] {processor.py:651} INFO - DAG(s) dict_keys(['example_branch_dop_operator_v3']) retrieved from /home/airflow/.local/lib/python3.7/site-packages/airflow/example_dags/example_branch_python_dop_operator_3.py
[2022-09-21 00:05:19,453] {logging_mixin.py:115} INFO - [2022-09-21 00:05:19,453] {dag.py:2371} INFO - Sync 1 DAGs
[2022-09-21 00:05:19,517] {logging_mixin.py:115} INFO - [2022-09-21 00:05:19,517] {dag.py:2919} INFO - Setting next_dagrun for example_branch_dop_operator_v3 to 2022-09-21T00:04:00+00:00, run_after=2022-09-21T00:05:00+00:00
[2022-09-21 00:05:20,132] {processor.py:161} INFO - Processing /home/airflow/.local/lib/python3.7/site-packages/airflow/example_dags/example_branch_python_dop_operator_3.py took 0.745 seconds
[2022-09-21 00:05:50,483] {processor.py:153} INFO - Started process (PID=20278) to work on /home/airflow/.local/lib/python3.7/site-packages/airflow/example_dags/example_branch_python_dop_operator_3.py
[2022-09-21 00:05:50,483] {processor.py:641} INFO - Processing file /home/airflow/.local/lib/python3.7/site-packages/airflow/example_dags/example_branch_python_dop_operator_3.py for tasks to queue
[2022-09-21 00:05:50,484] {logging_mixin.py:115} INFO - [2022-09-21 00:05:50,484] {dagbag.py:507} INFO - Filling up the DagBag from /home/airflow/.local/lib/python3.7/site-packages/airflow/example_dags/example_branch_python_dop_operator_3.py
[2022-09-21 00:05:50,509] {processor.py:651} INFO - DAG(s) dict_keys(['example_branch_dop_operator_v3']) retrieved from /home/airflow/.local/lib/python3.7/site-packages/airflow/example_dags/example_branch_python_dop_operator_3.py
[2022-09-21 00:05:50,574] {logging_mixin.py:115} INFO - [2022-09-21 00:05:50,574] {dag.py:2371} INFO - Sync 1 DAGs
[2022-09-21 00:05:50,693] {logging_mixin.py:115} INFO - [2022-09-21 00:05:50,693] {dag.py:2919} INFO - Setting next_dagrun for example_branch_dop_operator_v3 to 2022-09-21T00:04:00+00:00, run_after=2022-09-21T00:05:00+00:00
[2022-09-21 00:05:51,092] {processor.py:161} INFO - Processing /home/airflow/.local/lib/python3.7/site-packages/airflow/example_dags/example_branch_python_dop_operator_3.py took 0.615 seconds
[2022-09-21 00:06:21,760] {processor.py:153} INFO - Started process (PID=20339) to work on /home/airflow/.local/lib/python3.7/site-packages/airflow/example_dags/example_branch_python_dop_operator_3.py
[2022-09-21 00:06:21,808] {processor.py:641} INFO - Processing file /home/airflow/.local/lib/python3.7/site-packages/airflow/example_dags/example_branch_python_dop_operator_3.py for tasks to queue
[2022-09-21 00:06:21,809] {logging_mixin.py:115} INFO - [2022-09-21 00:06:21,808] {dagbag.py:507} INFO - Filling up the DagBag from /home/airflow/.local/lib/python3.7/site-packages/airflow/example_dags/example_branch_python_dop_operator_3.py
[2022-09-21 00:06:21,825] {processor.py:651} INFO - DAG(s) dict_keys(['example_branch_dop_operator_v3']) retrieved from /home/airflow/.local/lib/python3.7/site-packages/airflow/example_dags/example_branch_python_dop_operator_3.py
[2022-09-21 00:06:21,889] {logging_mixin.py:115} INFO - [2022-09-21 00:06:21,888] {dag.py:2371} INFO - Sync 1 DAGs
[2022-09-21 00:06:21,944] {logging_mixin.py:115} INFO - [2022-09-21 00:06:21,944] {dag.py:2919} INFO - Setting next_dagrun for example_branch_dop_operator_v3 to 2022-09-21T00:05:00+00:00, run_after=2022-09-21T00:06:00+00:00
[2022-09-21 00:06:22,108] {processor.py:161} INFO - Processing /home/airflow/.local/lib/python3.7/site-packages/airflow/example_dags/example_branch_python_dop_operator_3.py took 0.353 seconds
[2022-09-21 00:06:52,745] {processor.py:153} INFO - Started process (PID=20390) to work on /home/airflow/.local/lib/python3.7/site-packages/airflow/example_dags/example_branch_python_dop_operator_3.py
[2022-09-21 00:06:52,769] {processor.py:641} INFO - Processing file /home/airflow/.local/lib/python3.7/site-packages/airflow/example_dags/example_branch_python_dop_operator_3.py for tasks to queue
[2022-09-21 00:06:52,769] {logging_mixin.py:115} INFO - [2022-09-21 00:06:52,769] {dagbag.py:507} INFO - Filling up the DagBag from /home/airflow/.local/lib/python3.7/site-packages/airflow/example_dags/example_branch_python_dop_operator_3.py
[2022-09-21 00:06:52,783] {processor.py:651} INFO - DAG(s) dict_keys(['example_branch_dop_operator_v3']) retrieved from /home/airflow/.local/lib/python3.7/site-packages/airflow/example_dags/example_branch_python_dop_operator_3.py
[2022-09-21 00:06:52,826] {logging_mixin.py:115} INFO - [2022-09-21 00:06:52,826] {dag.py:2371} INFO - Sync 1 DAGs
[2022-09-21 00:06:52,879] {logging_mixin.py:115} INFO - [2022-09-21 00:06:52,879] {dag.py:2919} INFO - Setting next_dagrun for example_branch_dop_operator_v3 to 2022-09-21T00:05:00+00:00, run_after=2022-09-21T00:06:00+00:00
[2022-09-21 00:06:52,941] {processor.py:161} INFO - Processing /home/airflow/.local/lib/python3.7/site-packages/airflow/example_dags/example_branch_python_dop_operator_3.py took 0.203 seconds
[2022-09-21 00:07:23,367] {processor.py:153} INFO - Started process (PID=20452) to work on /home/airflow/.local/lib/python3.7/site-packages/airflow/example_dags/example_branch_python_dop_operator_3.py
[2022-09-21 00:07:23,367] {processor.py:641} INFO - Processing file /home/airflow/.local/lib/python3.7/site-packages/airflow/example_dags/example_branch_python_dop_operator_3.py for tasks to queue
[2022-09-21 00:07:23,368] {logging_mixin.py:115} INFO - [2022-09-21 00:07:23,368] {dagbag.py:507} INFO - Filling up the DagBag from /home/airflow/.local/lib/python3.7/site-packages/airflow/example_dags/example_branch_python_dop_operator_3.py
[2022-09-21 00:07:23,384] {processor.py:651} INFO - DAG(s) dict_keys(['example_branch_dop_operator_v3']) retrieved from /home/airflow/.local/lib/python3.7/site-packages/airflow/example_dags/example_branch_python_dop_operator_3.py
[2022-09-21 00:07:23,426] {logging_mixin.py:115} INFO - [2022-09-21 00:07:23,426] {dag.py:2371} INFO - Sync 1 DAGs
[2022-09-21 00:07:23,475] {logging_mixin.py:115} INFO - [2022-09-21 00:07:23,475] {dag.py:2919} INFO - Setting next_dagrun for example_branch_dop_operator_v3 to 2022-09-21T00:06:00+00:00, run_after=2022-09-21T00:07:00+00:00
[2022-09-21 00:07:23,500] {processor.py:161} INFO - Processing /home/airflow/.local/lib/python3.7/site-packages/airflow/example_dags/example_branch_python_dop_operator_3.py took 0.139 seconds
[2022-09-21 00:07:53,686] {processor.py:153} INFO - Started process (PID=20503) to work on /home/airflow/.local/lib/python3.7/site-packages/airflow/example_dags/example_branch_python_dop_operator_3.py
[2022-09-21 00:07:53,686] {processor.py:641} INFO - Processing file /home/airflow/.local/lib/python3.7/site-packages/airflow/example_dags/example_branch_python_dop_operator_3.py for tasks to queue
[2022-09-21 00:07:53,687] {logging_mixin.py:115} INFO - [2022-09-21 00:07:53,687] {dagbag.py:507} INFO - Filling up the DagBag from /home/airflow/.local/lib/python3.7/site-packages/airflow/example_dags/example_branch_python_dop_operator_3.py
[2022-09-21 00:07:53,698] {processor.py:651} INFO - DAG(s) dict_keys(['example_branch_dop_operator_v3']) retrieved from /home/airflow/.local/lib/python3.7/site-packages/airflow/example_dags/example_branch_python_dop_operator_3.py
[2022-09-21 00:07:53,733] {logging_mixin.py:115} INFO - [2022-09-21 00:07:53,733] {dag.py:2371} INFO - Sync 1 DAGs
[2022-09-21 00:07:53,770] {logging_mixin.py:115} INFO - [2022-09-21 00:07:53,770] {dag.py:2919} INFO - Setting next_dagrun for example_branch_dop_operator_v3 to 2022-09-21T00:06:00+00:00, run_after=2022-09-21T00:07:00+00:00
[2022-09-21 00:07:53,965] {processor.py:161} INFO - Processing /home/airflow/.local/lib/python3.7/site-packages/airflow/example_dags/example_branch_python_dop_operator_3.py took 0.284 seconds
[2022-09-21 00:08:24,797] {processor.py:153} INFO - Started process (PID=20564) to work on /home/airflow/.local/lib/python3.7/site-packages/airflow/example_dags/example_branch_python_dop_operator_3.py
[2022-09-21 00:08:24,807] {processor.py:641} INFO - Processing file /home/airflow/.local/lib/python3.7/site-packages/airflow/example_dags/example_branch_python_dop_operator_3.py for tasks to queue
[2022-09-21 00:08:24,808] {logging_mixin.py:115} INFO - [2022-09-21 00:08:24,807] {dagbag.py:507} INFO - Filling up the DagBag from /home/airflow/.local/lib/python3.7/site-packages/airflow/example_dags/example_branch_python_dop_operator_3.py
[2022-09-21 00:08:24,818] {processor.py:651} INFO - DAG(s) dict_keys(['example_branch_dop_operator_v3']) retrieved from /home/airflow/.local/lib/python3.7/site-packages/airflow/example_dags/example_branch_python_dop_operator_3.py
[2022-09-21 00:08:24,856] {logging_mixin.py:115} INFO - [2022-09-21 00:08:24,855] {dag.py:2371} INFO - Sync 1 DAGs
[2022-09-21 00:08:24,905] {logging_mixin.py:115} INFO - [2022-09-21 00:08:24,905] {dag.py:2919} INFO - Setting next_dagrun for example_branch_dop_operator_v3 to 2022-09-21T00:07:00+00:00, run_after=2022-09-21T00:08:00+00:00
[2022-09-21 00:08:24,935] {processor.py:161} INFO - Processing /home/airflow/.local/lib/python3.7/site-packages/airflow/example_dags/example_branch_python_dop_operator_3.py took 0.142 seconds
[2022-09-21 00:08:55,937] {processor.py:153} INFO - Started process (PID=20616) to work on /home/airflow/.local/lib/python3.7/site-packages/airflow/example_dags/example_branch_python_dop_operator_3.py
[2022-09-21 00:08:55,962] {processor.py:641} INFO - Processing file /home/airflow/.local/lib/python3.7/site-packages/airflow/example_dags/example_branch_python_dop_operator_3.py for tasks to queue
[2022-09-21 00:08:55,963] {logging_mixin.py:115} INFO - [2022-09-21 00:08:55,963] {dagbag.py:507} INFO - Filling up the DagBag from /home/airflow/.local/lib/python3.7/site-packages/airflow/example_dags/example_branch_python_dop_operator_3.py
[2022-09-21 00:08:55,980] {processor.py:651} INFO - DAG(s) dict_keys(['example_branch_dop_operator_v3']) retrieved from /home/airflow/.local/lib/python3.7/site-packages/airflow/example_dags/example_branch_python_dop_operator_3.py
[2022-09-21 00:08:56,015] {logging_mixin.py:115} INFO - [2022-09-21 00:08:56,015] {dag.py:2371} INFO - Sync 1 DAGs
[2022-09-21 00:08:56,063] {logging_mixin.py:115} INFO - [2022-09-21 00:08:56,063] {dag.py:2919} INFO - Setting next_dagrun for example_branch_dop_operator_v3 to 2022-09-21T00:07:00+00:00, run_after=2022-09-21T00:08:00+00:00
[2022-09-21 00:08:56,137] {processor.py:161} INFO - Processing /home/airflow/.local/lib/python3.7/site-packages/airflow/example_dags/example_branch_python_dop_operator_3.py took 0.205 seconds
[2022-09-21 00:09:26,596] {processor.py:153} INFO - Started process (PID=20672) to work on /home/airflow/.local/lib/python3.7/site-packages/airflow/example_dags/example_branch_python_dop_operator_3.py
[2022-09-21 00:09:26,619] {processor.py:641} INFO - Processing file /home/airflow/.local/lib/python3.7/site-packages/airflow/example_dags/example_branch_python_dop_operator_3.py for tasks to queue
[2022-09-21 00:09:26,620] {logging_mixin.py:115} INFO - [2022-09-21 00:09:26,620] {dagbag.py:507} INFO - Filling up the DagBag from /home/airflow/.local/lib/python3.7/site-packages/airflow/example_dags/example_branch_python_dop_operator_3.py
[2022-09-21 00:09:26,641] {processor.py:651} INFO - DAG(s) dict_keys(['example_branch_dop_operator_v3']) retrieved from /home/airflow/.local/lib/python3.7/site-packages/airflow/example_dags/example_branch_python_dop_operator_3.py
[2022-09-21 00:09:26,674] {logging_mixin.py:115} INFO - [2022-09-21 00:09:26,674] {dag.py:2371} INFO - Sync 1 DAGs
[2022-09-21 00:09:26,709] {logging_mixin.py:115} INFO - [2022-09-21 00:09:26,709] {dag.py:2919} INFO - Setting next_dagrun for example_branch_dop_operator_v3 to 2022-09-21T00:08:00+00:00, run_after=2022-09-21T00:09:00+00:00
[2022-09-21 00:09:26,749] {processor.py:161} INFO - Processing /home/airflow/.local/lib/python3.7/site-packages/airflow/example_dags/example_branch_python_dop_operator_3.py took 0.157 seconds
[2022-09-21 00:09:57,111] {processor.py:153} INFO - Started process (PID=20726) to work on /home/airflow/.local/lib/python3.7/site-packages/airflow/example_dags/example_branch_python_dop_operator_3.py
[2022-09-21 00:09:57,111] {processor.py:641} INFO - Processing file /home/airflow/.local/lib/python3.7/site-packages/airflow/example_dags/example_branch_python_dop_operator_3.py for tasks to queue
[2022-09-21 00:09:57,112] {logging_mixin.py:115} INFO - [2022-09-21 00:09:57,112] {dagbag.py:507} INFO - Filling up the DagBag from /home/airflow/.local/lib/python3.7/site-packages/airflow/example_dags/example_branch_python_dop_operator_3.py
[2022-09-21 00:09:57,154] {processor.py:651} INFO - DAG(s) dict_keys(['example_branch_dop_operator_v3']) retrieved from /home/airflow/.local/lib/python3.7/site-packages/airflow/example_dags/example_branch_python_dop_operator_3.py
[2022-09-21 00:09:57,192] {logging_mixin.py:115} INFO - [2022-09-21 00:09:57,192] {dag.py:2371} INFO - Sync 1 DAGs
[2022-09-21 00:09:57,238] {logging_mixin.py:115} INFO - [2022-09-21 00:09:57,238] {dag.py:2919} INFO - Setting next_dagrun for example_branch_dop_operator_v3 to 2022-09-21T00:08:00+00:00, run_after=2022-09-21T00:09:00+00:00
[2022-09-21 00:09:57,357] {processor.py:161} INFO - Processing /home/airflow/.local/lib/python3.7/site-packages/airflow/example_dags/example_branch_python_dop_operator_3.py took 0.253 seconds
[2022-09-21 00:10:27,421] {processor.py:153} INFO - Started process (PID=20778) to work on /home/airflow/.local/lib/python3.7/site-packages/airflow/example_dags/example_branch_python_dop_operator_3.py
[2022-09-21 00:10:27,448] {processor.py:641} INFO - Processing file /home/airflow/.local/lib/python3.7/site-packages/airflow/example_dags/example_branch_python_dop_operator_3.py for tasks to queue
[2022-09-21 00:10:27,449] {logging_mixin.py:115} INFO - [2022-09-21 00:10:27,448] {dagbag.py:507} INFO - Filling up the DagBag from /home/airflow/.local/lib/python3.7/site-packages/airflow/example_dags/example_branch_python_dop_operator_3.py
[2022-09-21 00:10:27,467] {processor.py:651} INFO - DAG(s) dict_keys(['example_branch_dop_operator_v3']) retrieved from /home/airflow/.local/lib/python3.7/site-packages/airflow/example_dags/example_branch_python_dop_operator_3.py
[2022-09-21 00:10:27,506] {logging_mixin.py:115} INFO - [2022-09-21 00:10:27,506] {dag.py:2371} INFO - Sync 1 DAGs
[2022-09-21 00:10:27,562] {logging_mixin.py:115} INFO - [2022-09-21 00:10:27,562] {dag.py:2919} INFO - Setting next_dagrun for example_branch_dop_operator_v3 to 2022-09-21T00:09:00+00:00, run_after=2022-09-21T00:10:00+00:00
[2022-09-21 00:10:27,642] {processor.py:161} INFO - Processing /home/airflow/.local/lib/python3.7/site-packages/airflow/example_dags/example_branch_python_dop_operator_3.py took 0.225 seconds
[2022-09-21 00:10:57,746] {processor.py:153} INFO - Started process (PID=20839) to work on /home/airflow/.local/lib/python3.7/site-packages/airflow/example_dags/example_branch_python_dop_operator_3.py
[2022-09-21 00:10:57,746] {processor.py:641} INFO - Processing file /home/airflow/.local/lib/python3.7/site-packages/airflow/example_dags/example_branch_python_dop_operator_3.py for tasks to queue
[2022-09-21 00:10:57,747] {logging_mixin.py:115} INFO - [2022-09-21 00:10:57,747] {dagbag.py:507} INFO - Filling up the DagBag from /home/airflow/.local/lib/python3.7/site-packages/airflow/example_dags/example_branch_python_dop_operator_3.py
[2022-09-21 00:10:57,757] {processor.py:651} INFO - DAG(s) dict_keys(['example_branch_dop_operator_v3']) retrieved from /home/airflow/.local/lib/python3.7/site-packages/airflow/example_dags/example_branch_python_dop_operator_3.py
[2022-09-21 00:10:57,787] {logging_mixin.py:115} INFO - [2022-09-21 00:10:57,787] {dag.py:2371} INFO - Sync 1 DAGs
[2022-09-21 00:10:57,820] {logging_mixin.py:115} INFO - [2022-09-21 00:10:57,820] {dag.py:2919} INFO - Setting next_dagrun for example_branch_dop_operator_v3 to 2022-09-21T00:09:00+00:00, run_after=2022-09-21T00:10:00+00:00
[2022-09-21 00:10:57,857] {processor.py:161} INFO - Processing /home/airflow/.local/lib/python3.7/site-packages/airflow/example_dags/example_branch_python_dop_operator_3.py took 0.115 seconds
[2022-09-21 00:11:28,131] {processor.py:153} INFO - Started process (PID=20891) to work on /home/airflow/.local/lib/python3.7/site-packages/airflow/example_dags/example_branch_python_dop_operator_3.py
[2022-09-21 00:11:28,132] {processor.py:641} INFO - Processing file /home/airflow/.local/lib/python3.7/site-packages/airflow/example_dags/example_branch_python_dop_operator_3.py for tasks to queue
[2022-09-21 00:11:28,133] {logging_mixin.py:115} INFO - [2022-09-21 00:11:28,132] {dagbag.py:507} INFO - Filling up the DagBag from /home/airflow/.local/lib/python3.7/site-packages/airflow/example_dags/example_branch_python_dop_operator_3.py
[2022-09-21 00:11:28,152] {processor.py:651} INFO - DAG(s) dict_keys(['example_branch_dop_operator_v3']) retrieved from /home/airflow/.local/lib/python3.7/site-packages/airflow/example_dags/example_branch_python_dop_operator_3.py
[2022-09-21 00:11:28,198] {logging_mixin.py:115} INFO - [2022-09-21 00:11:28,197] {dag.py:2371} INFO - Sync 1 DAGs
[2022-09-21 00:11:28,251] {logging_mixin.py:115} INFO - [2022-09-21 00:11:28,251] {dag.py:2919} INFO - Setting next_dagrun for example_branch_dop_operator_v3 to 2022-09-21T00:10:00+00:00, run_after=2022-09-21T00:11:00+00:00
[2022-09-21 00:11:28,281] {processor.py:161} INFO - Processing /home/airflow/.local/lib/python3.7/site-packages/airflow/example_dags/example_branch_python_dop_operator_3.py took 0.156 seconds
[2022-09-21 00:11:58,894] {processor.py:153} INFO - Started process (PID=20952) to work on /home/airflow/.local/lib/python3.7/site-packages/airflow/example_dags/example_branch_python_dop_operator_3.py
[2022-09-21 00:11:58,907] {processor.py:641} INFO - Processing file /home/airflow/.local/lib/python3.7/site-packages/airflow/example_dags/example_branch_python_dop_operator_3.py for tasks to queue
[2022-09-21 00:11:58,908] {logging_mixin.py:115} INFO - [2022-09-21 00:11:58,908] {dagbag.py:507} INFO - Filling up the DagBag from /home/airflow/.local/lib/python3.7/site-packages/airflow/example_dags/example_branch_python_dop_operator_3.py
[2022-09-21 00:11:58,919] {processor.py:651} INFO - DAG(s) dict_keys(['example_branch_dop_operator_v3']) retrieved from /home/airflow/.local/lib/python3.7/site-packages/airflow/example_dags/example_branch_python_dop_operator_3.py
[2022-09-21 00:11:58,949] {logging_mixin.py:115} INFO - [2022-09-21 00:11:58,949] {dag.py:2371} INFO - Sync 1 DAGs
[2022-09-21 00:11:58,988] {logging_mixin.py:115} INFO - [2022-09-21 00:11:58,988] {dag.py:2919} INFO - Setting next_dagrun for example_branch_dop_operator_v3 to 2022-09-21T00:10:00+00:00, run_after=2022-09-21T00:11:00+00:00
[2022-09-21 00:11:59,028] {processor.py:161} INFO - Processing /home/airflow/.local/lib/python3.7/site-packages/airflow/example_dags/example_branch_python_dop_operator_3.py took 0.139 seconds
[2022-09-21 00:12:29,618] {processor.py:153} INFO - Started process (PID=21006) to work on /home/airflow/.local/lib/python3.7/site-packages/airflow/example_dags/example_branch_python_dop_operator_3.py
[2022-09-21 00:12:29,619] {processor.py:641} INFO - Processing file /home/airflow/.local/lib/python3.7/site-packages/airflow/example_dags/example_branch_python_dop_operator_3.py for tasks to queue
[2022-09-21 00:12:29,621] {logging_mixin.py:115} INFO - [2022-09-21 00:12:29,620] {dagbag.py:507} INFO - Filling up the DagBag from /home/airflow/.local/lib/python3.7/site-packages/airflow/example_dags/example_branch_python_dop_operator_3.py
[2022-09-21 00:12:29,641] {processor.py:651} INFO - DAG(s) dict_keys(['example_branch_dop_operator_v3']) retrieved from /home/airflow/.local/lib/python3.7/site-packages/airflow/example_dags/example_branch_python_dop_operator_3.py
[2022-09-21 00:12:29,675] {logging_mixin.py:115} INFO - [2022-09-21 00:12:29,675] {dag.py:2371} INFO - Sync 1 DAGs
[2022-09-21 00:12:29,710] {logging_mixin.py:115} INFO - [2022-09-21 00:12:29,710] {dag.py:2919} INFO - Setting next_dagrun for example_branch_dop_operator_v3 to 2022-09-21T00:11:00+00:00, run_after=2022-09-21T00:12:00+00:00
[2022-09-21 00:12:29,753] {processor.py:161} INFO - Processing /home/airflow/.local/lib/python3.7/site-packages/airflow/example_dags/example_branch_python_dop_operator_3.py took 0.142 seconds
[2022-09-21 00:13:00,285] {processor.py:153} INFO - Started process (PID=21067) to work on /home/airflow/.local/lib/python3.7/site-packages/airflow/example_dags/example_branch_python_dop_operator_3.py
[2022-09-21 00:13:00,305] {processor.py:641} INFO - Processing file /home/airflow/.local/lib/python3.7/site-packages/airflow/example_dags/example_branch_python_dop_operator_3.py for tasks to queue
[2022-09-21 00:13:00,306] {logging_mixin.py:115} INFO - [2022-09-21 00:13:00,306] {dagbag.py:507} INFO - Filling up the DagBag from /home/airflow/.local/lib/python3.7/site-packages/airflow/example_dags/example_branch_python_dop_operator_3.py
[2022-09-21 00:13:00,328] {processor.py:651} INFO - DAG(s) dict_keys(['example_branch_dop_operator_v3']) retrieved from /home/airflow/.local/lib/python3.7/site-packages/airflow/example_dags/example_branch_python_dop_operator_3.py
[2022-09-21 00:13:00,375] {logging_mixin.py:115} INFO - [2022-09-21 00:13:00,375] {dag.py:2371} INFO - Sync 1 DAGs
[2022-09-21 00:13:00,429] {logging_mixin.py:115} INFO - [2022-09-21 00:13:00,429] {dag.py:2919} INFO - Setting next_dagrun for example_branch_dop_operator_v3 to 2022-09-21T00:12:00+00:00, run_after=2022-09-21T00:13:00+00:00
[2022-09-21 00:13:00,509] {processor.py:161} INFO - Processing /home/airflow/.local/lib/python3.7/site-packages/airflow/example_dags/example_branch_python_dop_operator_3.py took 0.229 seconds
[2022-09-21 00:13:31,072] {processor.py:153} INFO - Started process (PID=21118) to work on /home/airflow/.local/lib/python3.7/site-packages/airflow/example_dags/example_branch_python_dop_operator_3.py
[2022-09-21 00:13:31,073] {processor.py:641} INFO - Processing file /home/airflow/.local/lib/python3.7/site-packages/airflow/example_dags/example_branch_python_dop_operator_3.py for tasks to queue
[2022-09-21 00:13:31,073] {logging_mixin.py:115} INFO - [2022-09-21 00:13:31,073] {dagbag.py:507} INFO - Filling up the DagBag from /home/airflow/.local/lib/python3.7/site-packages/airflow/example_dags/example_branch_python_dop_operator_3.py
[2022-09-21 00:13:31,086] {processor.py:651} INFO - DAG(s) dict_keys(['example_branch_dop_operator_v3']) retrieved from /home/airflow/.local/lib/python3.7/site-packages/airflow/example_dags/example_branch_python_dop_operator_3.py
[2022-09-21 00:13:31,122] {logging_mixin.py:115} INFO - [2022-09-21 00:13:31,121] {dag.py:2371} INFO - Sync 1 DAGs
[2022-09-21 00:13:31,156] {logging_mixin.py:115} INFO - [2022-09-21 00:13:31,156] {dag.py:2919} INFO - Setting next_dagrun for example_branch_dop_operator_v3 to 2022-09-21T00:12:00+00:00, run_after=2022-09-21T00:13:00+00:00
[2022-09-21 00:13:31,189] {processor.py:161} INFO - Processing /home/airflow/.local/lib/python3.7/site-packages/airflow/example_dags/example_branch_python_dop_operator_3.py took 0.123 seconds
[2022-09-21 00:14:01,254] {processor.py:153} INFO - Started process (PID=21169) to work on /home/airflow/.local/lib/python3.7/site-packages/airflow/example_dags/example_branch_python_dop_operator_3.py
[2022-09-21 00:14:01,274] {processor.py:641} INFO - Processing file /home/airflow/.local/lib/python3.7/site-packages/airflow/example_dags/example_branch_python_dop_operator_3.py for tasks to queue
[2022-09-21 00:14:01,275] {logging_mixin.py:115} INFO - [2022-09-21 00:14:01,274] {dagbag.py:507} INFO - Filling up the DagBag from /home/airflow/.local/lib/python3.7/site-packages/airflow/example_dags/example_branch_python_dop_operator_3.py
[2022-09-21 00:14:01,286] {processor.py:651} INFO - DAG(s) dict_keys(['example_branch_dop_operator_v3']) retrieved from /home/airflow/.local/lib/python3.7/site-packages/airflow/example_dags/example_branch_python_dop_operator_3.py
[2022-09-21 00:14:01,325] {logging_mixin.py:115} INFO - [2022-09-21 00:14:01,325] {dag.py:2371} INFO - Sync 1 DAGs
[2022-09-21 00:14:01,364] {logging_mixin.py:115} INFO - [2022-09-21 00:14:01,364] {dag.py:2919} INFO - Setting next_dagrun for example_branch_dop_operator_v3 to 2022-09-21T00:13:00+00:00, run_after=2022-09-21T00:14:00+00:00
[2022-09-21 00:14:01,389] {processor.py:161} INFO - Processing /home/airflow/.local/lib/python3.7/site-packages/airflow/example_dags/example_branch_python_dop_operator_3.py took 0.140 seconds
[2022-09-21 00:14:31,474] {processor.py:153} INFO - Started process (PID=21230) to work on /home/airflow/.local/lib/python3.7/site-packages/airflow/example_dags/example_branch_python_dop_operator_3.py
[2022-09-21 00:14:31,478] {processor.py:641} INFO - Processing file /home/airflow/.local/lib/python3.7/site-packages/airflow/example_dags/example_branch_python_dop_operator_3.py for tasks to queue
[2022-09-21 00:14:31,479] {logging_mixin.py:115} INFO - [2022-09-21 00:14:31,479] {dagbag.py:507} INFO - Filling up the DagBag from /home/airflow/.local/lib/python3.7/site-packages/airflow/example_dags/example_branch_python_dop_operator_3.py
[2022-09-21 00:14:31,507] {processor.py:651} INFO - DAG(s) dict_keys(['example_branch_dop_operator_v3']) retrieved from /home/airflow/.local/lib/python3.7/site-packages/airflow/example_dags/example_branch_python_dop_operator_3.py
[2022-09-21 00:14:31,603] {logging_mixin.py:115} INFO - [2022-09-21 00:14:31,602] {dag.py:2371} INFO - Sync 1 DAGs
[2022-09-21 00:14:31,656] {logging_mixin.py:115} INFO - [2022-09-21 00:14:31,655] {dag.py:2919} INFO - Setting next_dagrun for example_branch_dop_operator_v3 to 2022-09-21T00:13:00+00:00, run_after=2022-09-21T00:14:00+00:00
[2022-09-21 00:14:31,705] {processor.py:161} INFO - Processing /home/airflow/.local/lib/python3.7/site-packages/airflow/example_dags/example_branch_python_dop_operator_3.py took 0.236 seconds
[2022-09-21 00:15:02,031] {processor.py:153} INFO - Started process (PID=21281) to work on /home/airflow/.local/lib/python3.7/site-packages/airflow/example_dags/example_branch_python_dop_operator_3.py
[2022-09-21 00:15:02,056] {processor.py:641} INFO - Processing file /home/airflow/.local/lib/python3.7/site-packages/airflow/example_dags/example_branch_python_dop_operator_3.py for tasks to queue
[2022-09-21 00:15:02,057] {logging_mixin.py:115} INFO - [2022-09-21 00:15:02,057] {dagbag.py:507} INFO - Filling up the DagBag from /home/airflow/.local/lib/python3.7/site-packages/airflow/example_dags/example_branch_python_dop_operator_3.py
[2022-09-21 00:15:02,086] {processor.py:651} INFO - DAG(s) dict_keys(['example_branch_dop_operator_v3']) retrieved from /home/airflow/.local/lib/python3.7/site-packages/airflow/example_dags/example_branch_python_dop_operator_3.py
[2022-09-21 00:15:02,172] {logging_mixin.py:115} INFO - [2022-09-21 00:15:02,172] {dag.py:2371} INFO - Sync 1 DAGs
[2022-09-21 00:15:02,252] {logging_mixin.py:115} INFO - [2022-09-21 00:15:02,252] {dag.py:2919} INFO - Setting next_dagrun for example_branch_dop_operator_v3 to 2022-09-21T00:14:00+00:00, run_after=2022-09-21T00:15:00+00:00
[2022-09-21 00:15:02,466] {processor.py:161} INFO - Processing /home/airflow/.local/lib/python3.7/site-packages/airflow/example_dags/example_branch_python_dop_operator_3.py took 0.441 seconds
[2022-09-21 00:15:32,955] {processor.py:153} INFO - Started process (PID=21332) to work on /home/airflow/.local/lib/python3.7/site-packages/airflow/example_dags/example_branch_python_dop_operator_3.py
[2022-09-21 00:15:32,956] {processor.py:641} INFO - Processing file /home/airflow/.local/lib/python3.7/site-packages/airflow/example_dags/example_branch_python_dop_operator_3.py for tasks to queue
[2022-09-21 00:15:32,957] {logging_mixin.py:115} INFO - [2022-09-21 00:15:32,957] {dagbag.py:507} INFO - Filling up the DagBag from /home/airflow/.local/lib/python3.7/site-packages/airflow/example_dags/example_branch_python_dop_operator_3.py
[2022-09-21 00:15:32,975] {processor.py:651} INFO - DAG(s) dict_keys(['example_branch_dop_operator_v3']) retrieved from /home/airflow/.local/lib/python3.7/site-packages/airflow/example_dags/example_branch_python_dop_operator_3.py
[2022-09-21 00:15:33,016] {logging_mixin.py:115} INFO - [2022-09-21 00:15:33,016] {dag.py:2371} INFO - Sync 1 DAGs
[2022-09-21 00:15:33,067] {logging_mixin.py:115} INFO - [2022-09-21 00:15:33,067] {dag.py:2919} INFO - Setting next_dagrun for example_branch_dop_operator_v3 to 2022-09-21T00:14:00+00:00, run_after=2022-09-21T00:15:00+00:00
[2022-09-21 00:15:33,097] {processor.py:161} INFO - Processing /home/airflow/.local/lib/python3.7/site-packages/airflow/example_dags/example_branch_python_dop_operator_3.py took 0.147 seconds
[2022-09-21 00:16:03,589] {processor.py:153} INFO - Started process (PID=21393) to work on /home/airflow/.local/lib/python3.7/site-packages/airflow/example_dags/example_branch_python_dop_operator_3.py
[2022-09-21 00:16:03,722] {processor.py:641} INFO - Processing file /home/airflow/.local/lib/python3.7/site-packages/airflow/example_dags/example_branch_python_dop_operator_3.py for tasks to queue
[2022-09-21 00:16:03,723] {logging_mixin.py:115} INFO - [2022-09-21 00:16:03,723] {dagbag.py:507} INFO - Filling up the DagBag from /home/airflow/.local/lib/python3.7/site-packages/airflow/example_dags/example_branch_python_dop_operator_3.py
[2022-09-21 00:16:03,742] {processor.py:651} INFO - DAG(s) dict_keys(['example_branch_dop_operator_v3']) retrieved from /home/airflow/.local/lib/python3.7/site-packages/airflow/example_dags/example_branch_python_dop_operator_3.py
[2022-09-21 00:16:03,786] {logging_mixin.py:115} INFO - [2022-09-21 00:16:03,786] {dag.py:2371} INFO - Sync 1 DAGs
[2022-09-21 00:16:03,881] {logging_mixin.py:115} INFO - [2022-09-21 00:16:03,880] {dag.py:2919} INFO - Setting next_dagrun for example_branch_dop_operator_v3 to 2022-09-21T00:15:00+00:00, run_after=2022-09-21T00:16:00+00:00
[2022-09-21 00:16:03,909] {processor.py:161} INFO - Processing /home/airflow/.local/lib/python3.7/site-packages/airflow/example_dags/example_branch_python_dop_operator_3.py took 0.324 seconds
[2022-09-21 00:16:33,995] {processor.py:153} INFO - Started process (PID=21448) to work on /home/airflow/.local/lib/python3.7/site-packages/airflow/example_dags/example_branch_python_dop_operator_3.py
[2022-09-21 00:16:34,020] {processor.py:641} INFO - Processing file /home/airflow/.local/lib/python3.7/site-packages/airflow/example_dags/example_branch_python_dop_operator_3.py for tasks to queue
[2022-09-21 00:16:34,021] {logging_mixin.py:115} INFO - [2022-09-21 00:16:34,021] {dagbag.py:507} INFO - Filling up the DagBag from /home/airflow/.local/lib/python3.7/site-packages/airflow/example_dags/example_branch_python_dop_operator_3.py
[2022-09-21 00:16:34,035] {processor.py:651} INFO - DAG(s) dict_keys(['example_branch_dop_operator_v3']) retrieved from /home/airflow/.local/lib/python3.7/site-packages/airflow/example_dags/example_branch_python_dop_operator_3.py
[2022-09-21 00:16:34,077] {logging_mixin.py:115} INFO - [2022-09-21 00:16:34,076] {dag.py:2371} INFO - Sync 1 DAGs
[2022-09-21 00:16:34,119] {logging_mixin.py:115} INFO - [2022-09-21 00:16:34,119] {dag.py:2919} INFO - Setting next_dagrun for example_branch_dop_operator_v3 to 2022-09-21T00:15:00+00:00, run_after=2022-09-21T00:16:00+00:00
[2022-09-21 00:16:34,166] {processor.py:161} INFO - Processing /home/airflow/.local/lib/python3.7/site-packages/airflow/example_dags/example_branch_python_dop_operator_3.py took 0.176 seconds
[2022-09-21 00:17:04,936] {processor.py:153} INFO - Started process (PID=21508) to work on /home/airflow/.local/lib/python3.7/site-packages/airflow/example_dags/example_branch_python_dop_operator_3.py
[2022-09-21 00:17:05,016] {processor.py:641} INFO - Processing file /home/airflow/.local/lib/python3.7/site-packages/airflow/example_dags/example_branch_python_dop_operator_3.py for tasks to queue
[2022-09-21 00:17:05,017] {logging_mixin.py:115} INFO - [2022-09-21 00:17:05,017] {dagbag.py:507} INFO - Filling up the DagBag from /home/airflow/.local/lib/python3.7/site-packages/airflow/example_dags/example_branch_python_dop_operator_3.py
[2022-09-21 00:17:05,047] {processor.py:651} INFO - DAG(s) dict_keys(['example_branch_dop_operator_v3']) retrieved from /home/airflow/.local/lib/python3.7/site-packages/airflow/example_dags/example_branch_python_dop_operator_3.py
[2022-09-21 00:17:05,091] {logging_mixin.py:115} INFO - [2022-09-21 00:17:05,091] {dag.py:2371} INFO - Sync 1 DAGs
[2022-09-21 00:17:05,140] {logging_mixin.py:115} INFO - [2022-09-21 00:17:05,140] {dag.py:2919} INFO - Setting next_dagrun for example_branch_dop_operator_v3 to 2022-09-21T00:16:00+00:00, run_after=2022-09-21T00:17:00+00:00
[2022-09-21 00:17:05,354] {processor.py:161} INFO - Processing /home/airflow/.local/lib/python3.7/site-packages/airflow/example_dags/example_branch_python_dop_operator_3.py took 0.426 seconds
[2022-09-21 00:17:36,148] {processor.py:153} INFO - Started process (PID=21560) to work on /home/airflow/.local/lib/python3.7/site-packages/airflow/example_dags/example_branch_python_dop_operator_3.py
[2022-09-21 00:17:36,150] {processor.py:641} INFO - Processing file /home/airflow/.local/lib/python3.7/site-packages/airflow/example_dags/example_branch_python_dop_operator_3.py for tasks to queue
[2022-09-21 00:17:36,152] {logging_mixin.py:115} INFO - [2022-09-21 00:17:36,152] {dagbag.py:507} INFO - Filling up the DagBag from /home/airflow/.local/lib/python3.7/site-packages/airflow/example_dags/example_branch_python_dop_operator_3.py
[2022-09-21 00:17:36,179] {processor.py:651} INFO - DAG(s) dict_keys(['example_branch_dop_operator_v3']) retrieved from /home/airflow/.local/lib/python3.7/site-packages/airflow/example_dags/example_branch_python_dop_operator_3.py
[2022-09-21 00:17:36,230] {logging_mixin.py:115} INFO - [2022-09-21 00:17:36,229] {dag.py:2371} INFO - Sync 1 DAGs
[2022-09-21 00:17:36,308] {logging_mixin.py:115} INFO - [2022-09-21 00:17:36,308] {dag.py:2919} INFO - Setting next_dagrun for example_branch_dop_operator_v3 to 2022-09-21T00:16:00+00:00, run_after=2022-09-21T00:17:00+00:00
[2022-09-21 00:17:36,745] {processor.py:161} INFO - Processing /home/airflow/.local/lib/python3.7/site-packages/airflow/example_dags/example_branch_python_dop_operator_3.py took 0.618 seconds
[2022-09-21 00:18:06,893] {processor.py:153} INFO - Started process (PID=21623) to work on /home/airflow/.local/lib/python3.7/site-packages/airflow/example_dags/example_branch_python_dop_operator_3.py
[2022-09-21 00:18:06,918] {processor.py:641} INFO - Processing file /home/airflow/.local/lib/python3.7/site-packages/airflow/example_dags/example_branch_python_dop_operator_3.py for tasks to queue
[2022-09-21 00:18:06,919] {logging_mixin.py:115} INFO - [2022-09-21 00:18:06,919] {dagbag.py:507} INFO - Filling up the DagBag from /home/airflow/.local/lib/python3.7/site-packages/airflow/example_dags/example_branch_python_dop_operator_3.py
[2022-09-21 00:18:06,929] {processor.py:651} INFO - DAG(s) dict_keys(['example_branch_dop_operator_v3']) retrieved from /home/airflow/.local/lib/python3.7/site-packages/airflow/example_dags/example_branch_python_dop_operator_3.py
[2022-09-21 00:18:06,958] {logging_mixin.py:115} INFO - [2022-09-21 00:18:06,958] {dag.py:2371} INFO - Sync 1 DAGs
[2022-09-21 00:18:07,008] {logging_mixin.py:115} INFO - [2022-09-21 00:18:07,008] {dag.py:2919} INFO - Setting next_dagrun for example_branch_dop_operator_v3 to 2022-09-21T00:17:00+00:00, run_after=2022-09-21T00:18:00+00:00
[2022-09-21 00:18:07,048] {processor.py:161} INFO - Processing /home/airflow/.local/lib/python3.7/site-packages/airflow/example_dags/example_branch_python_dop_operator_3.py took 0.158 seconds
[2022-09-21 00:18:37,485] {processor.py:153} INFO - Started process (PID=21673) to work on /home/airflow/.local/lib/python3.7/site-packages/airflow/example_dags/example_branch_python_dop_operator_3.py
[2022-09-21 00:18:37,508] {processor.py:641} INFO - Processing file /home/airflow/.local/lib/python3.7/site-packages/airflow/example_dags/example_branch_python_dop_operator_3.py for tasks to queue
[2022-09-21 00:18:37,509] {logging_mixin.py:115} INFO - [2022-09-21 00:18:37,509] {dagbag.py:507} INFO - Filling up the DagBag from /home/airflow/.local/lib/python3.7/site-packages/airflow/example_dags/example_branch_python_dop_operator_3.py
[2022-09-21 00:18:37,528] {processor.py:651} INFO - DAG(s) dict_keys(['example_branch_dop_operator_v3']) retrieved from /home/airflow/.local/lib/python3.7/site-packages/airflow/example_dags/example_branch_python_dop_operator_3.py
[2022-09-21 00:18:37,574] {logging_mixin.py:115} INFO - [2022-09-21 00:18:37,574] {dag.py:2371} INFO - Sync 1 DAGs
[2022-09-21 00:18:37,638] {logging_mixin.py:115} INFO - [2022-09-21 00:18:37,631] {dag.py:2919} INFO - Setting next_dagrun for example_branch_dop_operator_v3 to 2022-09-21T00:17:00+00:00, run_after=2022-09-21T00:18:00+00:00
[2022-09-21 00:18:37,685] {processor.py:161} INFO - Processing /home/airflow/.local/lib/python3.7/site-packages/airflow/example_dags/example_branch_python_dop_operator_3.py took 0.206 seconds
[2022-09-21 00:19:07,797] {processor.py:153} INFO - Started process (PID=21734) to work on /home/airflow/.local/lib/python3.7/site-packages/airflow/example_dags/example_branch_python_dop_operator_3.py
[2022-09-21 00:19:07,797] {processor.py:641} INFO - Processing file /home/airflow/.local/lib/python3.7/site-packages/airflow/example_dags/example_branch_python_dop_operator_3.py for tasks to queue
[2022-09-21 00:19:07,798] {logging_mixin.py:115} INFO - [2022-09-21 00:19:07,798] {dagbag.py:507} INFO - Filling up the DagBag from /home/airflow/.local/lib/python3.7/site-packages/airflow/example_dags/example_branch_python_dop_operator_3.py
[2022-09-21 00:19:07,815] {processor.py:651} INFO - DAG(s) dict_keys(['example_branch_dop_operator_v3']) retrieved from /home/airflow/.local/lib/python3.7/site-packages/airflow/example_dags/example_branch_python_dop_operator_3.py
[2022-09-21 00:19:07,857] {logging_mixin.py:115} INFO - [2022-09-21 00:19:07,857] {dag.py:2371} INFO - Sync 1 DAGs
[2022-09-21 00:19:07,910] {logging_mixin.py:115} INFO - [2022-09-21 00:19:07,910] {dag.py:2919} INFO - Setting next_dagrun for example_branch_dop_operator_v3 to 2022-09-21T00:18:00+00:00, run_after=2022-09-21T00:19:00+00:00
[2022-09-21 00:19:07,954] {processor.py:161} INFO - Processing /home/airflow/.local/lib/python3.7/site-packages/airflow/example_dags/example_branch_python_dop_operator_3.py took 0.162 seconds
[2022-09-21 00:19:38,527] {processor.py:153} INFO - Started process (PID=21785) to work on /home/airflow/.local/lib/python3.7/site-packages/airflow/example_dags/example_branch_python_dop_operator_3.py
[2022-09-21 00:19:38,543] {processor.py:641} INFO - Processing file /home/airflow/.local/lib/python3.7/site-packages/airflow/example_dags/example_branch_python_dop_operator_3.py for tasks to queue
[2022-09-21 00:19:38,544] {logging_mixin.py:115} INFO - [2022-09-21 00:19:38,544] {dagbag.py:507} INFO - Filling up the DagBag from /home/airflow/.local/lib/python3.7/site-packages/airflow/example_dags/example_branch_python_dop_operator_3.py
[2022-09-21 00:19:38,558] {processor.py:651} INFO - DAG(s) dict_keys(['example_branch_dop_operator_v3']) retrieved from /home/airflow/.local/lib/python3.7/site-packages/airflow/example_dags/example_branch_python_dop_operator_3.py
[2022-09-21 00:19:38,605] {logging_mixin.py:115} INFO - [2022-09-21 00:19:38,605] {dag.py:2371} INFO - Sync 1 DAGs
[2022-09-21 00:19:38,692] {logging_mixin.py:115} INFO - [2022-09-21 00:19:38,692] {dag.py:2919} INFO - Setting next_dagrun for example_branch_dop_operator_v3 to 2022-09-21T00:18:00+00:00, run_after=2022-09-21T00:19:00+00:00
[2022-09-21 00:19:38,735] {processor.py:161} INFO - Processing /home/airflow/.local/lib/python3.7/site-packages/airflow/example_dags/example_branch_python_dop_operator_3.py took 0.213 seconds
[2022-09-21 00:20:09,039] {processor.py:153} INFO - Started process (PID=21837) to work on /home/airflow/.local/lib/python3.7/site-packages/airflow/example_dags/example_branch_python_dop_operator_3.py
[2022-09-21 00:20:09,040] {processor.py:641} INFO - Processing file /home/airflow/.local/lib/python3.7/site-packages/airflow/example_dags/example_branch_python_dop_operator_3.py for tasks to queue
[2022-09-21 00:20:09,040] {logging_mixin.py:115} INFO - [2022-09-21 00:20:09,040] {dagbag.py:507} INFO - Filling up the DagBag from /home/airflow/.local/lib/python3.7/site-packages/airflow/example_dags/example_branch_python_dop_operator_3.py
[2022-09-21 00:20:09,055] {processor.py:651} INFO - DAG(s) dict_keys(['example_branch_dop_operator_v3']) retrieved from /home/airflow/.local/lib/python3.7/site-packages/airflow/example_dags/example_branch_python_dop_operator_3.py
[2022-09-21 00:20:09,131] {logging_mixin.py:115} INFO - [2022-09-21 00:20:09,131] {dag.py:2371} INFO - Sync 1 DAGs
[2022-09-21 00:20:09,228] {logging_mixin.py:115} INFO - [2022-09-21 00:20:09,228] {dag.py:2919} INFO - Setting next_dagrun for example_branch_dop_operator_v3 to 2022-09-21T00:19:00+00:00, run_after=2022-09-21T00:20:00+00:00
[2022-09-21 00:20:09,274] {processor.py:161} INFO - Processing /home/airflow/.local/lib/python3.7/site-packages/airflow/example_dags/example_branch_python_dop_operator_3.py took 0.238 seconds
[2022-09-21 00:20:40,254] {processor.py:153} INFO - Started process (PID=21898) to work on /home/airflow/.local/lib/python3.7/site-packages/airflow/example_dags/example_branch_python_dop_operator_3.py
[2022-09-21 00:20:40,255] {processor.py:641} INFO - Processing file /home/airflow/.local/lib/python3.7/site-packages/airflow/example_dags/example_branch_python_dop_operator_3.py for tasks to queue
[2022-09-21 00:20:40,256] {logging_mixin.py:115} INFO - [2022-09-21 00:20:40,255] {dagbag.py:507} INFO - Filling up the DagBag from /home/airflow/.local/lib/python3.7/site-packages/airflow/example_dags/example_branch_python_dop_operator_3.py
[2022-09-21 00:20:40,284] {processor.py:651} INFO - DAG(s) dict_keys(['example_branch_dop_operator_v3']) retrieved from /home/airflow/.local/lib/python3.7/site-packages/airflow/example_dags/example_branch_python_dop_operator_3.py
[2022-09-21 00:20:40,387] {logging_mixin.py:115} INFO - [2022-09-21 00:20:40,387] {dag.py:2371} INFO - Sync 1 DAGs
[2022-09-21 00:20:40,517] {logging_mixin.py:115} INFO - [2022-09-21 00:20:40,517] {dag.py:2919} INFO - Setting next_dagrun for example_branch_dop_operator_v3 to 2022-09-21T00:19:00+00:00, run_after=2022-09-21T00:20:00+00:00
[2022-09-21 00:20:40,757] {processor.py:161} INFO - Processing /home/airflow/.local/lib/python3.7/site-packages/airflow/example_dags/example_branch_python_dop_operator_3.py took 0.515 seconds
[2022-09-21 00:21:11,058] {processor.py:153} INFO - Started process (PID=21951) to work on /home/airflow/.local/lib/python3.7/site-packages/airflow/example_dags/example_branch_python_dop_operator_3.py
[2022-09-21 00:21:11,059] {processor.py:641} INFO - Processing file /home/airflow/.local/lib/python3.7/site-packages/airflow/example_dags/example_branch_python_dop_operator_3.py for tasks to queue
[2022-09-21 00:21:11,059] {logging_mixin.py:115} INFO - [2022-09-21 00:21:11,059] {dagbag.py:507} INFO - Filling up the DagBag from /home/airflow/.local/lib/python3.7/site-packages/airflow/example_dags/example_branch_python_dop_operator_3.py
[2022-09-21 00:21:11,069] {processor.py:651} INFO - DAG(s) dict_keys(['example_branch_dop_operator_v3']) retrieved from /home/airflow/.local/lib/python3.7/site-packages/airflow/example_dags/example_branch_python_dop_operator_3.py
[2022-09-21 00:21:11,102] {logging_mixin.py:115} INFO - [2022-09-21 00:21:11,102] {dag.py:2371} INFO - Sync 1 DAGs
[2022-09-21 00:21:11,138] {logging_mixin.py:115} INFO - [2022-09-21 00:21:11,138] {dag.py:2919} INFO - Setting next_dagrun for example_branch_dop_operator_v3 to 2022-09-21T00:20:00+00:00, run_after=2022-09-21T00:21:00+00:00
[2022-09-21 00:21:11,171] {processor.py:161} INFO - Processing /home/airflow/.local/lib/python3.7/site-packages/airflow/example_dags/example_branch_python_dop_operator_3.py took 0.117 seconds
[2022-09-21 00:21:42,067] {processor.py:153} INFO - Started process (PID=22010) to work on /home/airflow/.local/lib/python3.7/site-packages/airflow/example_dags/example_branch_python_dop_operator_3.py
[2022-09-21 00:21:42,101] {processor.py:641} INFO - Processing file /home/airflow/.local/lib/python3.7/site-packages/airflow/example_dags/example_branch_python_dop_operator_3.py for tasks to queue
[2022-09-21 00:21:42,102] {logging_mixin.py:115} INFO - [2022-09-21 00:21:42,102] {dagbag.py:507} INFO - Filling up the DagBag from /home/airflow/.local/lib/python3.7/site-packages/airflow/example_dags/example_branch_python_dop_operator_3.py
[2022-09-21 00:21:42,123] {processor.py:651} INFO - DAG(s) dict_keys(['example_branch_dop_operator_v3']) retrieved from /home/airflow/.local/lib/python3.7/site-packages/airflow/example_dags/example_branch_python_dop_operator_3.py
[2022-09-21 00:21:42,226] {logging_mixin.py:115} INFO - [2022-09-21 00:21:42,225] {dag.py:2371} INFO - Sync 1 DAGs
[2022-09-21 00:21:42,280] {logging_mixin.py:115} INFO - [2022-09-21 00:21:42,280] {dag.py:2919} INFO - Setting next_dagrun for example_branch_dop_operator_v3 to 2022-09-21T00:20:00+00:00, run_after=2022-09-21T00:21:00+00:00
[2022-09-21 00:21:42,308] {processor.py:161} INFO - Processing /home/airflow/.local/lib/python3.7/site-packages/airflow/example_dags/example_branch_python_dop_operator_3.py took 0.248 seconds
[2022-09-21 00:22:12,767] {processor.py:153} INFO - Started process (PID=22062) to work on /home/airflow/.local/lib/python3.7/site-packages/airflow/example_dags/example_branch_python_dop_operator_3.py
[2022-09-21 00:22:12,768] {processor.py:641} INFO - Processing file /home/airflow/.local/lib/python3.7/site-packages/airflow/example_dags/example_branch_python_dop_operator_3.py for tasks to queue
[2022-09-21 00:22:12,768] {logging_mixin.py:115} INFO - [2022-09-21 00:22:12,768] {dagbag.py:507} INFO - Filling up the DagBag from /home/airflow/.local/lib/python3.7/site-packages/airflow/example_dags/example_branch_python_dop_operator_3.py
[2022-09-21 00:22:12,802] {processor.py:651} INFO - DAG(s) dict_keys(['example_branch_dop_operator_v3']) retrieved from /home/airflow/.local/lib/python3.7/site-packages/airflow/example_dags/example_branch_python_dop_operator_3.py
[2022-09-21 00:22:12,851] {logging_mixin.py:115} INFO - [2022-09-21 00:22:12,851] {dag.py:2371} INFO - Sync 1 DAGs
[2022-09-21 00:22:12,938] {logging_mixin.py:115} INFO - [2022-09-21 00:22:12,938] {dag.py:2919} INFO - Setting next_dagrun for example_branch_dop_operator_v3 to 2022-09-21T00:21:00+00:00, run_after=2022-09-21T00:22:00+00:00
[2022-09-21 00:22:13,164] {processor.py:161} INFO - Processing /home/airflow/.local/lib/python3.7/site-packages/airflow/example_dags/example_branch_python_dop_operator_3.py took 0.402 seconds
[2022-09-21 00:22:43,291] {processor.py:153} INFO - Started process (PID=22116) to work on /home/airflow/.local/lib/python3.7/site-packages/airflow/example_dags/example_branch_python_dop_operator_3.py
[2022-09-21 00:22:43,331] {processor.py:641} INFO - Processing file /home/airflow/.local/lib/python3.7/site-packages/airflow/example_dags/example_branch_python_dop_operator_3.py for tasks to queue
[2022-09-21 00:22:43,331] {logging_mixin.py:115} INFO - [2022-09-21 00:22:43,331] {dagbag.py:507} INFO - Filling up the DagBag from /home/airflow/.local/lib/python3.7/site-packages/airflow/example_dags/example_branch_python_dop_operator_3.py
[2022-09-21 00:22:43,348] {processor.py:651} INFO - DAG(s) dict_keys(['example_branch_dop_operator_v3']) retrieved from /home/airflow/.local/lib/python3.7/site-packages/airflow/example_dags/example_branch_python_dop_operator_3.py
[2022-09-21 00:22:43,383] {logging_mixin.py:115} INFO - [2022-09-21 00:22:43,383] {dag.py:2371} INFO - Sync 1 DAGs
[2022-09-21 00:22:43,430] {logging_mixin.py:115} INFO - [2022-09-21 00:22:43,430] {dag.py:2919} INFO - Setting next_dagrun for example_branch_dop_operator_v3 to 2022-09-21T00:21:00+00:00, run_after=2022-09-21T00:22:00+00:00
[2022-09-21 00:22:43,531] {processor.py:161} INFO - Processing /home/airflow/.local/lib/python3.7/site-packages/airflow/example_dags/example_branch_python_dop_operator_3.py took 0.245 seconds
[2022-09-21 00:23:13,773] {processor.py:153} INFO - Started process (PID=22176) to work on /home/airflow/.local/lib/python3.7/site-packages/airflow/example_dags/example_branch_python_dop_operator_3.py
[2022-09-21 00:23:13,773] {processor.py:641} INFO - Processing file /home/airflow/.local/lib/python3.7/site-packages/airflow/example_dags/example_branch_python_dop_operator_3.py for tasks to queue
[2022-09-21 00:23:13,774] {logging_mixin.py:115} INFO - [2022-09-21 00:23:13,774] {dagbag.py:507} INFO - Filling up the DagBag from /home/airflow/.local/lib/python3.7/site-packages/airflow/example_dags/example_branch_python_dop_operator_3.py
[2022-09-21 00:23:13,785] {processor.py:651} INFO - DAG(s) dict_keys(['example_branch_dop_operator_v3']) retrieved from /home/airflow/.local/lib/python3.7/site-packages/airflow/example_dags/example_branch_python_dop_operator_3.py
[2022-09-21 00:23:13,824] {logging_mixin.py:115} INFO - [2022-09-21 00:23:13,824] {dag.py:2371} INFO - Sync 1 DAGs
[2022-09-21 00:23:13,863] {logging_mixin.py:115} INFO - [2022-09-21 00:23:13,863] {dag.py:2919} INFO - Setting next_dagrun for example_branch_dop_operator_v3 to 2022-09-21T00:22:00+00:00, run_after=2022-09-21T00:23:00+00:00
[2022-09-21 00:23:13,912] {processor.py:161} INFO - Processing /home/airflow/.local/lib/python3.7/site-packages/airflow/example_dags/example_branch_python_dop_operator_3.py took 0.143 seconds
[2022-09-21 00:23:44,747] {processor.py:153} INFO - Started process (PID=22226) to work on /home/airflow/.local/lib/python3.7/site-packages/airflow/example_dags/example_branch_python_dop_operator_3.py
[2022-09-21 00:23:44,764] {processor.py:641} INFO - Processing file /home/airflow/.local/lib/python3.7/site-packages/airflow/example_dags/example_branch_python_dop_operator_3.py for tasks to queue
[2022-09-21 00:23:44,764] {logging_mixin.py:115} INFO - [2022-09-21 00:23:44,764] {dagbag.py:507} INFO - Filling up the DagBag from /home/airflow/.local/lib/python3.7/site-packages/airflow/example_dags/example_branch_python_dop_operator_3.py
[2022-09-21 00:23:44,777] {processor.py:651} INFO - DAG(s) dict_keys(['example_branch_dop_operator_v3']) retrieved from /home/airflow/.local/lib/python3.7/site-packages/airflow/example_dags/example_branch_python_dop_operator_3.py
[2022-09-21 00:23:44,809] {logging_mixin.py:115} INFO - [2022-09-21 00:23:44,809] {dag.py:2371} INFO - Sync 1 DAGs
[2022-09-21 00:23:44,852] {logging_mixin.py:115} INFO - [2022-09-21 00:23:44,852] {dag.py:2919} INFO - Setting next_dagrun for example_branch_dop_operator_v3 to 2022-09-21T00:22:00+00:00, run_after=2022-09-21T00:23:00+00:00
[2022-09-21 00:23:44,905] {processor.py:161} INFO - Processing /home/airflow/.local/lib/python3.7/site-packages/airflow/example_dags/example_branch_python_dop_operator_3.py took 0.163 seconds
[2022-09-21 00:24:15,402] {processor.py:153} INFO - Started process (PID=22285) to work on /home/airflow/.local/lib/python3.7/site-packages/airflow/example_dags/example_branch_python_dop_operator_3.py
[2022-09-21 00:24:15,403] {processor.py:641} INFO - Processing file /home/airflow/.local/lib/python3.7/site-packages/airflow/example_dags/example_branch_python_dop_operator_3.py for tasks to queue
[2022-09-21 00:24:15,404] {logging_mixin.py:115} INFO - [2022-09-21 00:24:15,403] {dagbag.py:507} INFO - Filling up the DagBag from /home/airflow/.local/lib/python3.7/site-packages/airflow/example_dags/example_branch_python_dop_operator_3.py
[2022-09-21 00:24:15,415] {processor.py:651} INFO - DAG(s) dict_keys(['example_branch_dop_operator_v3']) retrieved from /home/airflow/.local/lib/python3.7/site-packages/airflow/example_dags/example_branch_python_dop_operator_3.py
[2022-09-21 00:24:15,445] {logging_mixin.py:115} INFO - [2022-09-21 00:24:15,445] {dag.py:2371} INFO - Sync 1 DAGs
[2022-09-21 00:24:15,479] {logging_mixin.py:115} INFO - [2022-09-21 00:24:15,479] {dag.py:2919} INFO - Setting next_dagrun for example_branch_dop_operator_v3 to 2022-09-21T00:23:00+00:00, run_after=2022-09-21T00:24:00+00:00
[2022-09-21 00:24:15,593] {processor.py:161} INFO - Processing /home/airflow/.local/lib/python3.7/site-packages/airflow/example_dags/example_branch_python_dop_operator_3.py took 0.195 seconds
[2022-09-21 00:24:45,870] {processor.py:153} INFO - Started process (PID=22338) to work on /home/airflow/.local/lib/python3.7/site-packages/airflow/example_dags/example_branch_python_dop_operator_3.py
[2022-09-21 00:24:45,871] {processor.py:641} INFO - Processing file /home/airflow/.local/lib/python3.7/site-packages/airflow/example_dags/example_branch_python_dop_operator_3.py for tasks to queue
[2022-09-21 00:24:45,872] {logging_mixin.py:115} INFO - [2022-09-21 00:24:45,871] {dagbag.py:507} INFO - Filling up the DagBag from /home/airflow/.local/lib/python3.7/site-packages/airflow/example_dags/example_branch_python_dop_operator_3.py
[2022-09-21 00:24:45,895] {processor.py:651} INFO - DAG(s) dict_keys(['example_branch_dop_operator_v3']) retrieved from /home/airflow/.local/lib/python3.7/site-packages/airflow/example_dags/example_branch_python_dop_operator_3.py
[2022-09-21 00:24:45,952] {logging_mixin.py:115} INFO - [2022-09-21 00:24:45,952] {dag.py:2371} INFO - Sync 1 DAGs
[2022-09-21 00:24:46,000] {logging_mixin.py:115} INFO - [2022-09-21 00:24:46,000] {dag.py:2919} INFO - Setting next_dagrun for example_branch_dop_operator_v3 to 2022-09-21T00:23:00+00:00, run_after=2022-09-21T00:24:00+00:00
[2022-09-21 00:24:46,028] {processor.py:161} INFO - Processing /home/airflow/.local/lib/python3.7/site-packages/airflow/example_dags/example_branch_python_dop_operator_3.py took 0.164 seconds
[2022-09-21 00:25:16,748] {processor.py:153} INFO - Started process (PID=22398) to work on /home/airflow/.local/lib/python3.7/site-packages/airflow/example_dags/example_branch_python_dop_operator_3.py
[2022-09-21 00:25:16,749] {processor.py:641} INFO - Processing file /home/airflow/.local/lib/python3.7/site-packages/airflow/example_dags/example_branch_python_dop_operator_3.py for tasks to queue
[2022-09-21 00:25:16,750] {logging_mixin.py:115} INFO - [2022-09-21 00:25:16,750] {dagbag.py:507} INFO - Filling up the DagBag from /home/airflow/.local/lib/python3.7/site-packages/airflow/example_dags/example_branch_python_dop_operator_3.py
[2022-09-21 00:25:16,761] {processor.py:651} INFO - DAG(s) dict_keys(['example_branch_dop_operator_v3']) retrieved from /home/airflow/.local/lib/python3.7/site-packages/airflow/example_dags/example_branch_python_dop_operator_3.py
[2022-09-21 00:25:16,796] {logging_mixin.py:115} INFO - [2022-09-21 00:25:16,796] {dag.py:2371} INFO - Sync 1 DAGs
[2022-09-21 00:25:16,838] {logging_mixin.py:115} INFO - [2022-09-21 00:25:16,838] {dag.py:2919} INFO - Setting next_dagrun for example_branch_dop_operator_v3 to 2022-09-21T00:24:00+00:00, run_after=2022-09-21T00:25:00+00:00
[2022-09-21 00:25:16,868] {processor.py:161} INFO - Processing /home/airflow/.local/lib/python3.7/site-packages/airflow/example_dags/example_branch_python_dop_operator_3.py took 0.124 seconds
[2022-09-21 00:25:47,476] {processor.py:153} INFO - Started process (PID=22450) to work on /home/airflow/.local/lib/python3.7/site-packages/airflow/example_dags/example_branch_python_dop_operator_3.py
[2022-09-21 00:25:47,496] {processor.py:641} INFO - Processing file /home/airflow/.local/lib/python3.7/site-packages/airflow/example_dags/example_branch_python_dop_operator_3.py for tasks to queue
[2022-09-21 00:25:47,497] {logging_mixin.py:115} INFO - [2022-09-21 00:25:47,496] {dagbag.py:507} INFO - Filling up the DagBag from /home/airflow/.local/lib/python3.7/site-packages/airflow/example_dags/example_branch_python_dop_operator_3.py
[2022-09-21 00:25:47,515] {processor.py:651} INFO - DAG(s) dict_keys(['example_branch_dop_operator_v3']) retrieved from /home/airflow/.local/lib/python3.7/site-packages/airflow/example_dags/example_branch_python_dop_operator_3.py
[2022-09-21 00:25:47,563] {logging_mixin.py:115} INFO - [2022-09-21 00:25:47,563] {dag.py:2371} INFO - Sync 1 DAGs
[2022-09-21 00:25:47,607] {logging_mixin.py:115} INFO - [2022-09-21 00:25:47,607] {dag.py:2919} INFO - Setting next_dagrun for example_branch_dop_operator_v3 to 2022-09-21T00:24:00+00:00, run_after=2022-09-21T00:25:00+00:00
[2022-09-21 00:25:47,639] {processor.py:161} INFO - Processing /home/airflow/.local/lib/python3.7/site-packages/airflow/example_dags/example_branch_python_dop_operator_3.py took 0.167 seconds
[2022-09-21 00:26:18,520] {processor.py:153} INFO - Started process (PID=22510) to work on /home/airflow/.local/lib/python3.7/site-packages/airflow/example_dags/example_branch_python_dop_operator_3.py
[2022-09-21 00:26:18,521] {processor.py:641} INFO - Processing file /home/airflow/.local/lib/python3.7/site-packages/airflow/example_dags/example_branch_python_dop_operator_3.py for tasks to queue
[2022-09-21 00:26:18,522] {logging_mixin.py:115} INFO - [2022-09-21 00:26:18,522] {dagbag.py:507} INFO - Filling up the DagBag from /home/airflow/.local/lib/python3.7/site-packages/airflow/example_dags/example_branch_python_dop_operator_3.py
[2022-09-21 00:26:18,538] {processor.py:651} INFO - DAG(s) dict_keys(['example_branch_dop_operator_v3']) retrieved from /home/airflow/.local/lib/python3.7/site-packages/airflow/example_dags/example_branch_python_dop_operator_3.py
[2022-09-21 00:26:18,580] {logging_mixin.py:115} INFO - [2022-09-21 00:26:18,580] {dag.py:2371} INFO - Sync 1 DAGs
[2022-09-21 00:26:18,680] {logging_mixin.py:115} INFO - [2022-09-21 00:26:18,679] {dag.py:2919} INFO - Setting next_dagrun for example_branch_dop_operator_v3 to 2022-09-21T00:25:00+00:00, run_after=2022-09-21T00:26:00+00:00
[2022-09-21 00:26:18,734] {processor.py:161} INFO - Processing /home/airflow/.local/lib/python3.7/site-packages/airflow/example_dags/example_branch_python_dop_operator_3.py took 0.219 seconds
[2022-09-21 00:26:49,609] {processor.py:153} INFO - Started process (PID=22562) to work on /home/airflow/.local/lib/python3.7/site-packages/airflow/example_dags/example_branch_python_dop_operator_3.py
[2022-09-21 00:26:49,632] {processor.py:641} INFO - Processing file /home/airflow/.local/lib/python3.7/site-packages/airflow/example_dags/example_branch_python_dop_operator_3.py for tasks to queue
[2022-09-21 00:26:49,633] {logging_mixin.py:115} INFO - [2022-09-21 00:26:49,632] {dagbag.py:507} INFO - Filling up the DagBag from /home/airflow/.local/lib/python3.7/site-packages/airflow/example_dags/example_branch_python_dop_operator_3.py
[2022-09-21 00:26:49,648] {processor.py:651} INFO - DAG(s) dict_keys(['example_branch_dop_operator_v3']) retrieved from /home/airflow/.local/lib/python3.7/site-packages/airflow/example_dags/example_branch_python_dop_operator_3.py
[2022-09-21 00:26:49,714] {logging_mixin.py:115} INFO - [2022-09-21 00:26:49,714] {dag.py:2371} INFO - Sync 1 DAGs
[2022-09-21 00:26:49,794] {logging_mixin.py:115} INFO - [2022-09-21 00:26:49,794] {dag.py:2919} INFO - Setting next_dagrun for example_branch_dop_operator_v3 to 2022-09-21T00:25:00+00:00, run_after=2022-09-21T00:26:00+00:00
[2022-09-21 00:26:49,827] {processor.py:161} INFO - Processing /home/airflow/.local/lib/python3.7/site-packages/airflow/example_dags/example_branch_python_dop_operator_3.py took 0.227 seconds
[2022-09-21 00:27:20,227] {processor.py:153} INFO - Started process (PID=22614) to work on /home/airflow/.local/lib/python3.7/site-packages/airflow/example_dags/example_branch_python_dop_operator_3.py
[2022-09-21 00:27:20,228] {processor.py:641} INFO - Processing file /home/airflow/.local/lib/python3.7/site-packages/airflow/example_dags/example_branch_python_dop_operator_3.py for tasks to queue
[2022-09-21 00:27:20,229] {logging_mixin.py:115} INFO - [2022-09-21 00:27:20,228] {dagbag.py:507} INFO - Filling up the DagBag from /home/airflow/.local/lib/python3.7/site-packages/airflow/example_dags/example_branch_python_dop_operator_3.py
[2022-09-21 00:27:20,241] {processor.py:651} INFO - DAG(s) dict_keys(['example_branch_dop_operator_v3']) retrieved from /home/airflow/.local/lib/python3.7/site-packages/airflow/example_dags/example_branch_python_dop_operator_3.py
[2022-09-21 00:27:20,277] {logging_mixin.py:115} INFO - [2022-09-21 00:27:20,277] {dag.py:2371} INFO - Sync 1 DAGs
[2022-09-21 00:27:20,315] {logging_mixin.py:115} INFO - [2022-09-21 00:27:20,315] {dag.py:2919} INFO - Setting next_dagrun for example_branch_dop_operator_v3 to 2022-09-21T00:26:00+00:00, run_after=2022-09-21T00:27:00+00:00
[2022-09-21 00:27:20,347] {processor.py:161} INFO - Processing /home/airflow/.local/lib/python3.7/site-packages/airflow/example_dags/example_branch_python_dop_operator_3.py took 0.124 seconds
[2022-09-21 00:27:50,638] {processor.py:153} INFO - Started process (PID=22675) to work on /home/airflow/.local/lib/python3.7/site-packages/airflow/example_dags/example_branch_python_dop_operator_3.py
[2022-09-21 00:27:50,659] {processor.py:641} INFO - Processing file /home/airflow/.local/lib/python3.7/site-packages/airflow/example_dags/example_branch_python_dop_operator_3.py for tasks to queue
[2022-09-21 00:27:50,660] {logging_mixin.py:115} INFO - [2022-09-21 00:27:50,660] {dagbag.py:507} INFO - Filling up the DagBag from /home/airflow/.local/lib/python3.7/site-packages/airflow/example_dags/example_branch_python_dop_operator_3.py
[2022-09-21 00:27:50,678] {processor.py:651} INFO - DAG(s) dict_keys(['example_branch_dop_operator_v3']) retrieved from /home/airflow/.local/lib/python3.7/site-packages/airflow/example_dags/example_branch_python_dop_operator_3.py
[2022-09-21 00:27:50,729] {logging_mixin.py:115} INFO - [2022-09-21 00:27:50,729] {dag.py:2371} INFO - Sync 1 DAGs
[2022-09-21 00:27:50,793] {logging_mixin.py:115} INFO - [2022-09-21 00:27:50,787] {dag.py:2919} INFO - Setting next_dagrun for example_branch_dop_operator_v3 to 2022-09-21T00:26:00+00:00, run_after=2022-09-21T00:27:00+00:00
[2022-09-21 00:27:50,830] {processor.py:161} INFO - Processing /home/airflow/.local/lib/python3.7/site-packages/airflow/example_dags/example_branch_python_dop_operator_3.py took 0.198 seconds
[2022-09-21 00:28:21,309] {processor.py:153} INFO - Started process (PID=22728) to work on /home/airflow/.local/lib/python3.7/site-packages/airflow/example_dags/example_branch_python_dop_operator_3.py
[2022-09-21 00:28:21,310] {processor.py:641} INFO - Processing file /home/airflow/.local/lib/python3.7/site-packages/airflow/example_dags/example_branch_python_dop_operator_3.py for tasks to queue
[2022-09-21 00:28:21,311] {logging_mixin.py:115} INFO - [2022-09-21 00:28:21,310] {dagbag.py:507} INFO - Filling up the DagBag from /home/airflow/.local/lib/python3.7/site-packages/airflow/example_dags/example_branch_python_dop_operator_3.py
[2022-09-21 00:28:21,327] {processor.py:651} INFO - DAG(s) dict_keys(['example_branch_dop_operator_v3']) retrieved from /home/airflow/.local/lib/python3.7/site-packages/airflow/example_dags/example_branch_python_dop_operator_3.py
[2022-09-21 00:28:21,367] {logging_mixin.py:115} INFO - [2022-09-21 00:28:21,367] {dag.py:2371} INFO - Sync 1 DAGs
[2022-09-21 00:28:21,412] {logging_mixin.py:115} INFO - [2022-09-21 00:28:21,412] {dag.py:2919} INFO - Setting next_dagrun for example_branch_dop_operator_v3 to 2022-09-21T00:27:00+00:00, run_after=2022-09-21T00:28:00+00:00
[2022-09-21 00:28:21,445] {processor.py:161} INFO - Processing /home/airflow/.local/lib/python3.7/site-packages/airflow/example_dags/example_branch_python_dop_operator_3.py took 0.142 seconds
[2022-09-21 00:28:52,219] {processor.py:153} INFO - Started process (PID=22789) to work on /home/airflow/.local/lib/python3.7/site-packages/airflow/example_dags/example_branch_python_dop_operator_3.py
[2022-09-21 00:28:52,242] {processor.py:641} INFO - Processing file /home/airflow/.local/lib/python3.7/site-packages/airflow/example_dags/example_branch_python_dop_operator_3.py for tasks to queue
[2022-09-21 00:28:52,243] {logging_mixin.py:115} INFO - [2022-09-21 00:28:52,243] {dagbag.py:507} INFO - Filling up the DagBag from /home/airflow/.local/lib/python3.7/site-packages/airflow/example_dags/example_branch_python_dop_operator_3.py
[2022-09-21 00:28:52,258] {processor.py:651} INFO - DAG(s) dict_keys(['example_branch_dop_operator_v3']) retrieved from /home/airflow/.local/lib/python3.7/site-packages/airflow/example_dags/example_branch_python_dop_operator_3.py
[2022-09-21 00:28:52,298] {logging_mixin.py:115} INFO - [2022-09-21 00:28:52,298] {dag.py:2371} INFO - Sync 1 DAGs
[2022-09-21 00:28:52,356] {logging_mixin.py:115} INFO - [2022-09-21 00:28:52,356] {dag.py:2919} INFO - Setting next_dagrun for example_branch_dop_operator_v3 to 2022-09-21T00:27:00+00:00, run_after=2022-09-21T00:28:00+00:00
[2022-09-21 00:28:52,394] {processor.py:161} INFO - Processing /home/airflow/.local/lib/python3.7/site-packages/airflow/example_dags/example_branch_python_dop_operator_3.py took 0.179 seconds
[2022-09-21 00:29:22,968] {processor.py:153} INFO - Started process (PID=22842) to work on /home/airflow/.local/lib/python3.7/site-packages/airflow/example_dags/example_branch_python_dop_operator_3.py
[2022-09-21 00:29:22,969] {processor.py:641} INFO - Processing file /home/airflow/.local/lib/python3.7/site-packages/airflow/example_dags/example_branch_python_dop_operator_3.py for tasks to queue
[2022-09-21 00:29:22,969] {logging_mixin.py:115} INFO - [2022-09-21 00:29:22,969] {dagbag.py:507} INFO - Filling up the DagBag from /home/airflow/.local/lib/python3.7/site-packages/airflow/example_dags/example_branch_python_dop_operator_3.py
[2022-09-21 00:29:22,988] {processor.py:651} INFO - DAG(s) dict_keys(['example_branch_dop_operator_v3']) retrieved from /home/airflow/.local/lib/python3.7/site-packages/airflow/example_dags/example_branch_python_dop_operator_3.py
[2022-09-21 00:29:23,020] {logging_mixin.py:115} INFO - [2022-09-21 00:29:23,020] {dag.py:2371} INFO - Sync 1 DAGs
[2022-09-21 00:29:23,053] {logging_mixin.py:115} INFO - [2022-09-21 00:29:23,052] {dag.py:2919} INFO - Setting next_dagrun for example_branch_dop_operator_v3 to 2022-09-21T00:28:00+00:00, run_after=2022-09-21T00:29:00+00:00
[2022-09-21 00:29:23,070] {processor.py:161} INFO - Processing /home/airflow/.local/lib/python3.7/site-packages/airflow/example_dags/example_branch_python_dop_operator_3.py took 0.109 seconds
[2022-09-21 00:29:53,312] {processor.py:153} INFO - Started process (PID=22904) to work on /home/airflow/.local/lib/python3.7/site-packages/airflow/example_dags/example_branch_python_dop_operator_3.py
[2022-09-21 00:29:53,323] {processor.py:641} INFO - Processing file /home/airflow/.local/lib/python3.7/site-packages/airflow/example_dags/example_branch_python_dop_operator_3.py for tasks to queue
[2022-09-21 00:29:53,324] {logging_mixin.py:115} INFO - [2022-09-21 00:29:53,324] {dagbag.py:507} INFO - Filling up the DagBag from /home/airflow/.local/lib/python3.7/site-packages/airflow/example_dags/example_branch_python_dop_operator_3.py
[2022-09-21 00:29:53,336] {processor.py:651} INFO - DAG(s) dict_keys(['example_branch_dop_operator_v3']) retrieved from /home/airflow/.local/lib/python3.7/site-packages/airflow/example_dags/example_branch_python_dop_operator_3.py
[2022-09-21 00:29:53,376] {logging_mixin.py:115} INFO - [2022-09-21 00:29:53,376] {dag.py:2371} INFO - Sync 1 DAGs
[2022-09-21 00:29:53,430] {logging_mixin.py:115} INFO - [2022-09-21 00:29:53,430] {dag.py:2919} INFO - Setting next_dagrun for example_branch_dop_operator_v3 to 2022-09-21T00:28:00+00:00, run_after=2022-09-21T00:29:00+00:00
[2022-09-21 00:29:53,475] {processor.py:161} INFO - Processing /home/airflow/.local/lib/python3.7/site-packages/airflow/example_dags/example_branch_python_dop_operator_3.py took 0.169 seconds
[2022-09-21 00:30:23,537] {processor.py:153} INFO - Started process (PID=22956) to work on /home/airflow/.local/lib/python3.7/site-packages/airflow/example_dags/example_branch_python_dop_operator_3.py
[2022-09-21 00:30:23,538] {processor.py:641} INFO - Processing file /home/airflow/.local/lib/python3.7/site-packages/airflow/example_dags/example_branch_python_dop_operator_3.py for tasks to queue
[2022-09-21 00:30:23,539] {logging_mixin.py:115} INFO - [2022-09-21 00:30:23,539] {dagbag.py:507} INFO - Filling up the DagBag from /home/airflow/.local/lib/python3.7/site-packages/airflow/example_dags/example_branch_python_dop_operator_3.py
[2022-09-21 00:30:23,558] {processor.py:651} INFO - DAG(s) dict_keys(['example_branch_dop_operator_v3']) retrieved from /home/airflow/.local/lib/python3.7/site-packages/airflow/example_dags/example_branch_python_dop_operator_3.py
[2022-09-21 00:30:23,608] {logging_mixin.py:115} INFO - [2022-09-21 00:30:23,608] {dag.py:2371} INFO - Sync 1 DAGs
[2022-09-21 00:30:23,686] {logging_mixin.py:115} INFO - [2022-09-21 00:30:23,686] {dag.py:2919} INFO - Setting next_dagrun for example_branch_dop_operator_v3 to 2022-09-21T00:29:00+00:00, run_after=2022-09-21T00:30:00+00:00
[2022-09-21 00:30:23,740] {processor.py:161} INFO - Processing /home/airflow/.local/lib/python3.7/site-packages/airflow/example_dags/example_branch_python_dop_operator_3.py took 0.207 seconds
[2022-09-21 00:30:54,411] {processor.py:153} INFO - Started process (PID=23018) to work on /home/airflow/.local/lib/python3.7/site-packages/airflow/example_dags/example_branch_python_dop_operator_3.py
[2022-09-21 00:30:54,434] {processor.py:641} INFO - Processing file /home/airflow/.local/lib/python3.7/site-packages/airflow/example_dags/example_branch_python_dop_operator_3.py for tasks to queue
[2022-09-21 00:30:54,435] {logging_mixin.py:115} INFO - [2022-09-21 00:30:54,435] {dagbag.py:507} INFO - Filling up the DagBag from /home/airflow/.local/lib/python3.7/site-packages/airflow/example_dags/example_branch_python_dop_operator_3.py
[2022-09-21 00:30:54,450] {processor.py:651} INFO - DAG(s) dict_keys(['example_branch_dop_operator_v3']) retrieved from /home/airflow/.local/lib/python3.7/site-packages/airflow/example_dags/example_branch_python_dop_operator_3.py
[2022-09-21 00:30:54,500] {logging_mixin.py:115} INFO - [2022-09-21 00:30:54,500] {dag.py:2371} INFO - Sync 1 DAGs
[2022-09-21 00:30:54,544] {logging_mixin.py:115} INFO - [2022-09-21 00:30:54,544] {dag.py:2919} INFO - Setting next_dagrun for example_branch_dop_operator_v3 to 2022-09-21T00:29:00+00:00, run_after=2022-09-21T00:30:00+00:00
[2022-09-21 00:30:54,580] {processor.py:161} INFO - Processing /home/airflow/.local/lib/python3.7/site-packages/airflow/example_dags/example_branch_python_dop_operator_3.py took 0.173 seconds
[2022-09-21 00:31:25,332] {processor.py:153} INFO - Started process (PID=23068) to work on /home/airflow/.local/lib/python3.7/site-packages/airflow/example_dags/example_branch_python_dop_operator_3.py
[2022-09-21 00:31:25,333] {processor.py:641} INFO - Processing file /home/airflow/.local/lib/python3.7/site-packages/airflow/example_dags/example_branch_python_dop_operator_3.py for tasks to queue
[2022-09-21 00:31:25,333] {logging_mixin.py:115} INFO - [2022-09-21 00:31:25,333] {dagbag.py:507} INFO - Filling up the DagBag from /home/airflow/.local/lib/python3.7/site-packages/airflow/example_dags/example_branch_python_dop_operator_3.py
[2022-09-21 00:31:25,349] {processor.py:651} INFO - DAG(s) dict_keys(['example_branch_dop_operator_v3']) retrieved from /home/airflow/.local/lib/python3.7/site-packages/airflow/example_dags/example_branch_python_dop_operator_3.py
[2022-09-21 00:31:25,397] {logging_mixin.py:115} INFO - [2022-09-21 00:31:25,397] {dag.py:2371} INFO - Sync 1 DAGs
[2022-09-21 00:31:25,446] {logging_mixin.py:115} INFO - [2022-09-21 00:31:25,446] {dag.py:2919} INFO - Setting next_dagrun for example_branch_dop_operator_v3 to 2022-09-21T00:30:00+00:00, run_after=2022-09-21T00:31:00+00:00
[2022-09-21 00:31:25,482] {processor.py:161} INFO - Processing /home/airflow/.local/lib/python3.7/site-packages/airflow/example_dags/example_branch_python_dop_operator_3.py took 0.155 seconds
[2022-09-21 00:31:56,222] {processor.py:153} INFO - Started process (PID=23129) to work on /home/airflow/.local/lib/python3.7/site-packages/airflow/example_dags/example_branch_python_dop_operator_3.py
[2022-09-21 00:31:56,239] {processor.py:641} INFO - Processing file /home/airflow/.local/lib/python3.7/site-packages/airflow/example_dags/example_branch_python_dop_operator_3.py for tasks to queue
[2022-09-21 00:31:56,240] {logging_mixin.py:115} INFO - [2022-09-21 00:31:56,240] {dagbag.py:507} INFO - Filling up the DagBag from /home/airflow/.local/lib/python3.7/site-packages/airflow/example_dags/example_branch_python_dop_operator_3.py
[2022-09-21 00:31:56,255] {processor.py:651} INFO - DAG(s) dict_keys(['example_branch_dop_operator_v3']) retrieved from /home/airflow/.local/lib/python3.7/site-packages/airflow/example_dags/example_branch_python_dop_operator_3.py
[2022-09-21 00:31:56,297] {logging_mixin.py:115} INFO - [2022-09-21 00:31:56,297] {dag.py:2371} INFO - Sync 1 DAGs
[2022-09-21 00:31:56,347] {logging_mixin.py:115} INFO - [2022-09-21 00:31:56,346] {dag.py:2919} INFO - Setting next_dagrun for example_branch_dop_operator_v3 to 2022-09-21T00:30:00+00:00, run_after=2022-09-21T00:31:00+00:00
[2022-09-21 00:31:56,374] {processor.py:161} INFO - Processing /home/airflow/.local/lib/python3.7/site-packages/airflow/example_dags/example_branch_python_dop_operator_3.py took 0.157 seconds
[2022-09-21 00:32:27,133] {processor.py:153} INFO - Started process (PID=23181) to work on /home/airflow/.local/lib/python3.7/site-packages/airflow/example_dags/example_branch_python_dop_operator_3.py
[2022-09-21 00:32:27,133] {processor.py:641} INFO - Processing file /home/airflow/.local/lib/python3.7/site-packages/airflow/example_dags/example_branch_python_dop_operator_3.py for tasks to queue
[2022-09-21 00:32:27,134] {logging_mixin.py:115} INFO - [2022-09-21 00:32:27,133] {dagbag.py:507} INFO - Filling up the DagBag from /home/airflow/.local/lib/python3.7/site-packages/airflow/example_dags/example_branch_python_dop_operator_3.py
[2022-09-21 00:32:27,148] {processor.py:651} INFO - DAG(s) dict_keys(['example_branch_dop_operator_v3']) retrieved from /home/airflow/.local/lib/python3.7/site-packages/airflow/example_dags/example_branch_python_dop_operator_3.py
[2022-09-21 00:32:27,190] {logging_mixin.py:115} INFO - [2022-09-21 00:32:27,190] {dag.py:2371} INFO - Sync 1 DAGs
[2022-09-21 00:32:27,255] {logging_mixin.py:115} INFO - [2022-09-21 00:32:27,254] {dag.py:2919} INFO - Setting next_dagrun for example_branch_dop_operator_v3 to 2022-09-21T00:31:00+00:00, run_after=2022-09-21T00:32:00+00:00
[2022-09-21 00:32:27,301] {processor.py:161} INFO - Processing /home/airflow/.local/lib/python3.7/site-packages/airflow/example_dags/example_branch_python_dop_operator_3.py took 0.172 seconds
[2022-09-21 00:32:58,027] {processor.py:153} INFO - Started process (PID=23242) to work on /home/airflow/.local/lib/python3.7/site-packages/airflow/example_dags/example_branch_python_dop_operator_3.py
[2022-09-21 00:32:58,027] {processor.py:641} INFO - Processing file /home/airflow/.local/lib/python3.7/site-packages/airflow/example_dags/example_branch_python_dop_operator_3.py for tasks to queue
[2022-09-21 00:32:58,028] {logging_mixin.py:115} INFO - [2022-09-21 00:32:58,028] {dagbag.py:507} INFO - Filling up the DagBag from /home/airflow/.local/lib/python3.7/site-packages/airflow/example_dags/example_branch_python_dop_operator_3.py
[2022-09-21 00:32:58,043] {processor.py:651} INFO - DAG(s) dict_keys(['example_branch_dop_operator_v3']) retrieved from /home/airflow/.local/lib/python3.7/site-packages/airflow/example_dags/example_branch_python_dop_operator_3.py
[2022-09-21 00:32:58,079] {logging_mixin.py:115} INFO - [2022-09-21 00:32:58,078] {dag.py:2371} INFO - Sync 1 DAGs
[2022-09-21 00:32:58,120] {logging_mixin.py:115} INFO - [2022-09-21 00:32:58,120] {dag.py:2919} INFO - Setting next_dagrun for example_branch_dop_operator_v3 to 2022-09-21T00:31:00+00:00, run_after=2022-09-21T00:32:00+00:00
[2022-09-21 00:32:58,135] {processor.py:161} INFO - Processing /home/airflow/.local/lib/python3.7/site-packages/airflow/example_dags/example_branch_python_dop_operator_3.py took 0.113 seconds
[2022-09-21 00:33:28,492] {processor.py:153} INFO - Started process (PID=23294) to work on /home/airflow/.local/lib/python3.7/site-packages/airflow/example_dags/example_branch_python_dop_operator_3.py
[2022-09-21 00:33:28,493] {processor.py:641} INFO - Processing file /home/airflow/.local/lib/python3.7/site-packages/airflow/example_dags/example_branch_python_dop_operator_3.py for tasks to queue
[2022-09-21 00:33:28,493] {logging_mixin.py:115} INFO - [2022-09-21 00:33:28,493] {dagbag.py:507} INFO - Filling up the DagBag from /home/airflow/.local/lib/python3.7/site-packages/airflow/example_dags/example_branch_python_dop_operator_3.py
[2022-09-21 00:33:28,504] {processor.py:651} INFO - DAG(s) dict_keys(['example_branch_dop_operator_v3']) retrieved from /home/airflow/.local/lib/python3.7/site-packages/airflow/example_dags/example_branch_python_dop_operator_3.py
[2022-09-21 00:33:28,537] {logging_mixin.py:115} INFO - [2022-09-21 00:33:28,537] {dag.py:2371} INFO - Sync 1 DAGs
[2022-09-21 00:33:28,580] {logging_mixin.py:115} INFO - [2022-09-21 00:33:28,580] {dag.py:2919} INFO - Setting next_dagrun for example_branch_dop_operator_v3 to 2022-09-21T00:32:00+00:00, run_after=2022-09-21T00:33:00+00:00
[2022-09-21 00:33:28,616] {processor.py:161} INFO - Processing /home/airflow/.local/lib/python3.7/site-packages/airflow/example_dags/example_branch_python_dop_operator_3.py took 0.127 seconds
[2022-09-21 00:33:59,016] {processor.py:153} INFO - Started process (PID=23355) to work on /home/airflow/.local/lib/python3.7/site-packages/airflow/example_dags/example_branch_python_dop_operator_3.py
[2022-09-21 00:33:59,034] {processor.py:641} INFO - Processing file /home/airflow/.local/lib/python3.7/site-packages/airflow/example_dags/example_branch_python_dop_operator_3.py for tasks to queue
[2022-09-21 00:33:59,035] {logging_mixin.py:115} INFO - [2022-09-21 00:33:59,035] {dagbag.py:507} INFO - Filling up the DagBag from /home/airflow/.local/lib/python3.7/site-packages/airflow/example_dags/example_branch_python_dop_operator_3.py
[2022-09-21 00:33:59,054] {processor.py:651} INFO - DAG(s) dict_keys(['example_branch_dop_operator_v3']) retrieved from /home/airflow/.local/lib/python3.7/site-packages/airflow/example_dags/example_branch_python_dop_operator_3.py
[2022-09-21 00:33:59,136] {logging_mixin.py:115} INFO - [2022-09-21 00:33:59,136] {dag.py:2371} INFO - Sync 1 DAGs
[2022-09-21 00:33:59,194] {logging_mixin.py:115} INFO - [2022-09-21 00:33:59,194] {dag.py:2919} INFO - Setting next_dagrun for example_branch_dop_operator_v3 to 2022-09-21T00:32:00+00:00, run_after=2022-09-21T00:33:00+00:00
[2022-09-21 00:33:59,309] {processor.py:161} INFO - Processing /home/airflow/.local/lib/python3.7/site-packages/airflow/example_dags/example_branch_python_dop_operator_3.py took 0.302 seconds
[2022-09-21 00:34:30,222] {processor.py:153} INFO - Started process (PID=23408) to work on /home/airflow/.local/lib/python3.7/site-packages/airflow/example_dags/example_branch_python_dop_operator_3.py
[2022-09-21 00:34:30,223] {processor.py:641} INFO - Processing file /home/airflow/.local/lib/python3.7/site-packages/airflow/example_dags/example_branch_python_dop_operator_3.py for tasks to queue
[2022-09-21 00:34:30,224] {logging_mixin.py:115} INFO - [2022-09-21 00:34:30,224] {dagbag.py:507} INFO - Filling up the DagBag from /home/airflow/.local/lib/python3.7/site-packages/airflow/example_dags/example_branch_python_dop_operator_3.py
[2022-09-21 00:34:30,240] {processor.py:651} INFO - DAG(s) dict_keys(['example_branch_dop_operator_v3']) retrieved from /home/airflow/.local/lib/python3.7/site-packages/airflow/example_dags/example_branch_python_dop_operator_3.py
[2022-09-21 00:34:30,274] {logging_mixin.py:115} INFO - [2022-09-21 00:34:30,274] {dag.py:2371} INFO - Sync 1 DAGs
[2022-09-21 00:34:30,305] {logging_mixin.py:115} INFO - [2022-09-21 00:34:30,305] {dag.py:2919} INFO - Setting next_dagrun for example_branch_dop_operator_v3 to 2022-09-21T00:33:00+00:00, run_after=2022-09-21T00:34:00+00:00
[2022-09-21 00:34:30,382] {processor.py:161} INFO - Processing /home/airflow/.local/lib/python3.7/site-packages/airflow/example_dags/example_branch_python_dop_operator_3.py took 0.169 seconds
[2022-09-21 00:35:00,572] {processor.py:153} INFO - Started process (PID=23467) to work on /home/airflow/.local/lib/python3.7/site-packages/airflow/example_dags/example_branch_python_dop_operator_3.py
[2022-09-21 00:35:00,573] {processor.py:641} INFO - Processing file /home/airflow/.local/lib/python3.7/site-packages/airflow/example_dags/example_branch_python_dop_operator_3.py for tasks to queue
[2022-09-21 00:35:00,574] {logging_mixin.py:115} INFO - [2022-09-21 00:35:00,574] {dagbag.py:507} INFO - Filling up the DagBag from /home/airflow/.local/lib/python3.7/site-packages/airflow/example_dags/example_branch_python_dop_operator_3.py
[2022-09-21 00:35:00,587] {processor.py:651} INFO - DAG(s) dict_keys(['example_branch_dop_operator_v3']) retrieved from /home/airflow/.local/lib/python3.7/site-packages/airflow/example_dags/example_branch_python_dop_operator_3.py
[2022-09-21 00:35:00,623] {logging_mixin.py:115} INFO - [2022-09-21 00:35:00,623] {dag.py:2371} INFO - Sync 1 DAGs
[2022-09-21 00:35:00,661] {logging_mixin.py:115} INFO - [2022-09-21 00:35:00,660] {dag.py:2919} INFO - Setting next_dagrun for example_branch_dop_operator_v3 to 2022-09-21T00:34:00+00:00, run_after=2022-09-21T00:35:00+00:00
[2022-09-21 00:35:00,692] {processor.py:161} INFO - Processing /home/airflow/.local/lib/python3.7/site-packages/airflow/example_dags/example_branch_python_dop_operator_3.py took 0.128 seconds
[2022-09-21 00:35:30,902] {processor.py:153} INFO - Started process (PID=23518) to work on /home/airflow/.local/lib/python3.7/site-packages/airflow/example_dags/example_branch_python_dop_operator_3.py
[2022-09-21 00:35:30,903] {processor.py:641} INFO - Processing file /home/airflow/.local/lib/python3.7/site-packages/airflow/example_dags/example_branch_python_dop_operator_3.py for tasks to queue
[2022-09-21 00:35:30,903] {logging_mixin.py:115} INFO - [2022-09-21 00:35:30,903] {dagbag.py:507} INFO - Filling up the DagBag from /home/airflow/.local/lib/python3.7/site-packages/airflow/example_dags/example_branch_python_dop_operator_3.py
[2022-09-21 00:35:30,921] {processor.py:651} INFO - DAG(s) dict_keys(['example_branch_dop_operator_v3']) retrieved from /home/airflow/.local/lib/python3.7/site-packages/airflow/example_dags/example_branch_python_dop_operator_3.py
[2022-09-21 00:35:30,978] {logging_mixin.py:115} INFO - [2022-09-21 00:35:30,978] {dag.py:2371} INFO - Sync 1 DAGs
[2022-09-21 00:35:31,032] {logging_mixin.py:115} INFO - [2022-09-21 00:35:31,032] {dag.py:2919} INFO - Setting next_dagrun for example_branch_dop_operator_v3 to 2022-09-21T00:34:00+00:00, run_after=2022-09-21T00:35:00+00:00
[2022-09-21 00:35:31,072] {processor.py:161} INFO - Processing /home/airflow/.local/lib/python3.7/site-packages/airflow/example_dags/example_branch_python_dop_operator_3.py took 0.177 seconds
[2022-09-21 00:36:01,615] {processor.py:153} INFO - Started process (PID=23577) to work on /home/airflow/.local/lib/python3.7/site-packages/airflow/example_dags/example_branch_python_dop_operator_3.py
[2022-09-21 00:36:01,624] {processor.py:641} INFO - Processing file /home/airflow/.local/lib/python3.7/site-packages/airflow/example_dags/example_branch_python_dop_operator_3.py for tasks to queue
[2022-09-21 00:36:01,625] {logging_mixin.py:115} INFO - [2022-09-21 00:36:01,624] {dagbag.py:507} INFO - Filling up the DagBag from /home/airflow/.local/lib/python3.7/site-packages/airflow/example_dags/example_branch_python_dop_operator_3.py
[2022-09-21 00:36:01,640] {processor.py:651} INFO - DAG(s) dict_keys(['example_branch_dop_operator_v3']) retrieved from /home/airflow/.local/lib/python3.7/site-packages/airflow/example_dags/example_branch_python_dop_operator_3.py
[2022-09-21 00:36:01,679] {logging_mixin.py:115} INFO - [2022-09-21 00:36:01,679] {dag.py:2371} INFO - Sync 1 DAGs
[2022-09-21 00:36:01,727] {logging_mixin.py:115} INFO - [2022-09-21 00:36:01,727] {dag.py:2919} INFO - Setting next_dagrun for example_branch_dop_operator_v3 to 2022-09-21T00:35:00+00:00, run_after=2022-09-21T00:36:00+00:00
[2022-09-21 00:36:01,764] {processor.py:161} INFO - Processing /home/airflow/.local/lib/python3.7/site-packages/airflow/example_dags/example_branch_python_dop_operator_3.py took 0.153 seconds
[2022-09-21 00:36:32,706] {processor.py:153} INFO - Started process (PID=23630) to work on /home/airflow/.local/lib/python3.7/site-packages/airflow/example_dags/example_branch_python_dop_operator_3.py
[2022-09-21 00:36:32,707] {processor.py:641} INFO - Processing file /home/airflow/.local/lib/python3.7/site-packages/airflow/example_dags/example_branch_python_dop_operator_3.py for tasks to queue
[2022-09-21 00:36:32,707] {logging_mixin.py:115} INFO - [2022-09-21 00:36:32,707] {dagbag.py:507} INFO - Filling up the DagBag from /home/airflow/.local/lib/python3.7/site-packages/airflow/example_dags/example_branch_python_dop_operator_3.py
[2022-09-21 00:36:32,719] {processor.py:651} INFO - DAG(s) dict_keys(['example_branch_dop_operator_v3']) retrieved from /home/airflow/.local/lib/python3.7/site-packages/airflow/example_dags/example_branch_python_dop_operator_3.py
[2022-09-21 00:36:32,753] {logging_mixin.py:115} INFO - [2022-09-21 00:36:32,753] {dag.py:2371} INFO - Sync 1 DAGs
[2022-09-21 00:36:32,799] {logging_mixin.py:115} INFO - [2022-09-21 00:36:32,799] {dag.py:2919} INFO - Setting next_dagrun for example_branch_dop_operator_v3 to 2022-09-21T00:35:00+00:00, run_after=2022-09-21T00:36:00+00:00
[2022-09-21 00:36:33,557] {processor.py:161} INFO - Processing /home/airflow/.local/lib/python3.7/site-packages/airflow/example_dags/example_branch_python_dop_operator_3.py took 0.855 seconds
