[2022-09-21 00:00:17,997] {processor.py:153} INFO - Started process (PID=19737) to work on /home/airflow/.local/lib/python3.7/site-packages/airflow/example_dags/example_skip_dag.py
[2022-09-21 00:00:18,000] {processor.py:641} INFO - Processing file /home/airflow/.local/lib/python3.7/site-packages/airflow/example_dags/example_skip_dag.py for tasks to queue
[2022-09-21 00:00:18,002] {logging_mixin.py:115} INFO - [2022-09-21 00:00:18,001] {dagbag.py:507} INFO - Filling up the DagBag from /home/airflow/.local/lib/python3.7/site-packages/airflow/example_dags/example_skip_dag.py
[2022-09-21 00:00:18,032] {processor.py:651} INFO - DAG(s) dict_keys(['example_skip_dag']) retrieved from /home/airflow/.local/lib/python3.7/site-packages/airflow/example_dags/example_skip_dag.py
[2022-09-21 00:00:18,088] {logging_mixin.py:115} INFO - [2022-09-21 00:00:18,088] {dag.py:2371} INFO - Sync 1 DAGs
[2022-09-21 00:00:18,114] {logging_mixin.py:115} INFO - [2022-09-21 00:00:18,114] {dag.py:2919} INFO - Setting next_dagrun for example_skip_dag to 2022-09-20T00:00:18.113752+00:00, run_after=2022-09-21T00:00:18.113752+00:00
[2022-09-21 00:00:18,154] {processor.py:161} INFO - Processing /home/airflow/.local/lib/python3.7/site-packages/airflow/example_dags/example_skip_dag.py took 0.173 seconds
[2022-09-21 00:00:48,386] {processor.py:153} INFO - Started process (PID=19789) to work on /home/airflow/.local/lib/python3.7/site-packages/airflow/example_dags/example_skip_dag.py
[2022-09-21 00:00:48,429] {processor.py:641} INFO - Processing file /home/airflow/.local/lib/python3.7/site-packages/airflow/example_dags/example_skip_dag.py for tasks to queue
[2022-09-21 00:00:48,430] {logging_mixin.py:115} INFO - [2022-09-21 00:00:48,430] {dagbag.py:507} INFO - Filling up the DagBag from /home/airflow/.local/lib/python3.7/site-packages/airflow/example_dags/example_skip_dag.py
[2022-09-21 00:00:48,438] {processor.py:651} INFO - DAG(s) dict_keys(['example_skip_dag']) retrieved from /home/airflow/.local/lib/python3.7/site-packages/airflow/example_dags/example_skip_dag.py
[2022-09-21 00:00:48,485] {logging_mixin.py:115} INFO - [2022-09-21 00:00:48,485] {dag.py:2371} INFO - Sync 1 DAGs
[2022-09-21 00:00:48,539] {logging_mixin.py:115} INFO - [2022-09-21 00:00:48,539] {dag.py:2919} INFO - Setting next_dagrun for example_skip_dag to 2022-09-20T00:00:48.539165+00:00, run_after=2022-09-21T00:00:48.539165+00:00
[2022-09-21 00:00:48,601] {processor.py:161} INFO - Processing /home/airflow/.local/lib/python3.7/site-packages/airflow/example_dags/example_skip_dag.py took 0.229 seconds
[2022-09-21 00:01:18,994] {processor.py:153} INFO - Started process (PID=19851) to work on /home/airflow/.local/lib/python3.7/site-packages/airflow/example_dags/example_skip_dag.py
[2022-09-21 00:01:18,995] {processor.py:641} INFO - Processing file /home/airflow/.local/lib/python3.7/site-packages/airflow/example_dags/example_skip_dag.py for tasks to queue
[2022-09-21 00:01:18,997] {logging_mixin.py:115} INFO - [2022-09-21 00:01:18,997] {dagbag.py:507} INFO - Filling up the DagBag from /home/airflow/.local/lib/python3.7/site-packages/airflow/example_dags/example_skip_dag.py
[2022-09-21 00:01:19,008] {processor.py:651} INFO - DAG(s) dict_keys(['example_skip_dag']) retrieved from /home/airflow/.local/lib/python3.7/site-packages/airflow/example_dags/example_skip_dag.py
[2022-09-21 00:01:19,072] {logging_mixin.py:115} INFO - [2022-09-21 00:01:19,072] {dag.py:2371} INFO - Sync 1 DAGs
[2022-09-21 00:01:19,118] {logging_mixin.py:115} INFO - [2022-09-21 00:01:19,118] {dag.py:2919} INFO - Setting next_dagrun for example_skip_dag to 2022-09-20T00:01:19.117900+00:00, run_after=2022-09-21T00:01:19.117900+00:00
[2022-09-21 00:01:19,150] {processor.py:161} INFO - Processing /home/airflow/.local/lib/python3.7/site-packages/airflow/example_dags/example_skip_dag.py took 0.166 seconds
[2022-09-21 00:01:49,545] {processor.py:153} INFO - Started process (PID=19902) to work on /home/airflow/.local/lib/python3.7/site-packages/airflow/example_dags/example_skip_dag.py
[2022-09-21 00:01:49,565] {processor.py:641} INFO - Processing file /home/airflow/.local/lib/python3.7/site-packages/airflow/example_dags/example_skip_dag.py for tasks to queue
[2022-09-21 00:01:49,567] {logging_mixin.py:115} INFO - [2022-09-21 00:01:49,567] {dagbag.py:507} INFO - Filling up the DagBag from /home/airflow/.local/lib/python3.7/site-packages/airflow/example_dags/example_skip_dag.py
[2022-09-21 00:01:49,589] {processor.py:651} INFO - DAG(s) dict_keys(['example_skip_dag']) retrieved from /home/airflow/.local/lib/python3.7/site-packages/airflow/example_dags/example_skip_dag.py
[2022-09-21 00:01:49,668] {logging_mixin.py:115} INFO - [2022-09-21 00:01:49,668] {dag.py:2371} INFO - Sync 1 DAGs
[2022-09-21 00:01:49,704] {logging_mixin.py:115} INFO - [2022-09-21 00:01:49,704] {dag.py:2919} INFO - Setting next_dagrun for example_skip_dag to 2022-09-20T00:01:49.703720+00:00, run_after=2022-09-21T00:01:49.703720+00:00
[2022-09-21 00:01:49,736] {processor.py:161} INFO - Processing /home/airflow/.local/lib/python3.7/site-packages/airflow/example_dags/example_skip_dag.py took 0.203 seconds
[2022-09-21 00:02:20,347] {processor.py:153} INFO - Started process (PID=19945) to work on /home/airflow/.local/lib/python3.7/site-packages/airflow/example_dags/example_skip_dag.py
[2022-09-21 00:02:20,381] {processor.py:641} INFO - Processing file /home/airflow/.local/lib/python3.7/site-packages/airflow/example_dags/example_skip_dag.py for tasks to queue
[2022-09-21 00:02:20,382] {logging_mixin.py:115} INFO - [2022-09-21 00:02:20,382] {dagbag.py:507} INFO - Filling up the DagBag from /home/airflow/.local/lib/python3.7/site-packages/airflow/example_dags/example_skip_dag.py
[2022-09-21 00:02:20,390] {processor.py:651} INFO - DAG(s) dict_keys(['example_skip_dag']) retrieved from /home/airflow/.local/lib/python3.7/site-packages/airflow/example_dags/example_skip_dag.py
[2022-09-21 00:02:20,445] {logging_mixin.py:115} INFO - [2022-09-21 00:02:20,445] {dag.py:2371} INFO - Sync 1 DAGs
[2022-09-21 00:02:20,528] {logging_mixin.py:115} INFO - [2022-09-21 00:02:20,528] {dag.py:2919} INFO - Setting next_dagrun for example_skip_dag to 2022-09-20T00:02:20.527413+00:00, run_after=2022-09-21T00:02:20.527413+00:00
[2022-09-21 00:02:20,903] {processor.py:161} INFO - Processing /home/airflow/.local/lib/python3.7/site-packages/airflow/example_dags/example_skip_dag.py took 0.560 seconds
[2022-09-21 00:03:06,785] {processor.py:153} INFO - Started process (PID=19994) to work on /home/airflow/.local/lib/python3.7/site-packages/airflow/example_dags/example_skip_dag.py
[2022-09-21 00:03:07,062] {processor.py:641} INFO - Processing file /home/airflow/.local/lib/python3.7/site-packages/airflow/example_dags/example_skip_dag.py for tasks to queue
[2022-09-21 00:03:07,066] {logging_mixin.py:115} INFO - [2022-09-21 00:03:07,066] {dagbag.py:507} INFO - Filling up the DagBag from /home/airflow/.local/lib/python3.7/site-packages/airflow/example_dags/example_skip_dag.py
[2022-09-21 00:03:07,095] {processor.py:651} INFO - DAG(s) dict_keys(['example_skip_dag']) retrieved from /home/airflow/.local/lib/python3.7/site-packages/airflow/example_dags/example_skip_dag.py
[2022-09-21 00:03:07,151] {logging_mixin.py:115} INFO - [2022-09-21 00:03:07,151] {dag.py:2371} INFO - Sync 1 DAGs
[2022-09-21 00:03:07,184] {logging_mixin.py:115} INFO - [2022-09-21 00:03:07,184] {dag.py:2919} INFO - Setting next_dagrun for example_skip_dag to 2022-09-20T00:03:07.184131+00:00, run_after=2022-09-21T00:03:07.184131+00:00
[2022-09-21 00:03:07,403] {processor.py:161} INFO - Processing /home/airflow/.local/lib/python3.7/site-packages/airflow/example_dags/example_skip_dag.py took 0.627 seconds
[2022-09-21 00:03:37,944] {processor.py:153} INFO - Started process (PID=20047) to work on /home/airflow/.local/lib/python3.7/site-packages/airflow/example_dags/example_skip_dag.py
[2022-09-21 00:03:38,141] {processor.py:641} INFO - Processing file /home/airflow/.local/lib/python3.7/site-packages/airflow/example_dags/example_skip_dag.py for tasks to queue
[2022-09-21 00:03:38,142] {logging_mixin.py:115} INFO - [2022-09-21 00:03:38,142] {dagbag.py:507} INFO - Filling up the DagBag from /home/airflow/.local/lib/python3.7/site-packages/airflow/example_dags/example_skip_dag.py
[2022-09-21 00:03:38,161] {processor.py:651} INFO - DAG(s) dict_keys(['example_skip_dag']) retrieved from /home/airflow/.local/lib/python3.7/site-packages/airflow/example_dags/example_skip_dag.py
[2022-09-21 00:03:38,277] {logging_mixin.py:115} INFO - [2022-09-21 00:03:38,276] {dag.py:2371} INFO - Sync 1 DAGs
[2022-09-21 00:03:38,327] {logging_mixin.py:115} INFO - [2022-09-21 00:03:38,327] {dag.py:2919} INFO - Setting next_dagrun for example_skip_dag to 2022-09-20T00:03:38.326698+00:00, run_after=2022-09-21T00:03:38.326698+00:00
[2022-09-21 00:03:38,518] {processor.py:161} INFO - Processing /home/airflow/.local/lib/python3.7/site-packages/airflow/example_dags/example_skip_dag.py took 0.579 seconds
[2022-09-21 00:04:09,159] {processor.py:153} INFO - Started process (PID=20098) to work on /home/airflow/.local/lib/python3.7/site-packages/airflow/example_dags/example_skip_dag.py
[2022-09-21 00:04:09,577] {processor.py:641} INFO - Processing file /home/airflow/.local/lib/python3.7/site-packages/airflow/example_dags/example_skip_dag.py for tasks to queue
[2022-09-21 00:04:09,578] {logging_mixin.py:115} INFO - [2022-09-21 00:04:09,578] {dagbag.py:507} INFO - Filling up the DagBag from /home/airflow/.local/lib/python3.7/site-packages/airflow/example_dags/example_skip_dag.py
[2022-09-21 00:04:09,587] {processor.py:651} INFO - DAG(s) dict_keys(['example_skip_dag']) retrieved from /home/airflow/.local/lib/python3.7/site-packages/airflow/example_dags/example_skip_dag.py
[2022-09-21 00:04:09,635] {logging_mixin.py:115} INFO - [2022-09-21 00:04:09,635] {dag.py:2371} INFO - Sync 1 DAGs
[2022-09-21 00:04:09,684] {logging_mixin.py:115} INFO - [2022-09-21 00:04:09,684] {dag.py:2919} INFO - Setting next_dagrun for example_skip_dag to 2022-09-20T00:04:09.684226+00:00, run_after=2022-09-21T00:04:09.684226+00:00
[2022-09-21 00:04:09,912] {processor.py:161} INFO - Processing /home/airflow/.local/lib/python3.7/site-packages/airflow/example_dags/example_skip_dag.py took 0.758 seconds
[2022-09-21 00:04:40,579] {processor.py:153} INFO - Started process (PID=20151) to work on /home/airflow/.local/lib/python3.7/site-packages/airflow/example_dags/example_skip_dag.py
[2022-09-21 00:04:40,627] {processor.py:641} INFO - Processing file /home/airflow/.local/lib/python3.7/site-packages/airflow/example_dags/example_skip_dag.py for tasks to queue
[2022-09-21 00:04:40,631] {logging_mixin.py:115} INFO - [2022-09-21 00:04:40,631] {dagbag.py:507} INFO - Filling up the DagBag from /home/airflow/.local/lib/python3.7/site-packages/airflow/example_dags/example_skip_dag.py
[2022-09-21 00:04:40,652] {processor.py:651} INFO - DAG(s) dict_keys(['example_skip_dag']) retrieved from /home/airflow/.local/lib/python3.7/site-packages/airflow/example_dags/example_skip_dag.py
[2022-09-21 00:04:40,729] {logging_mixin.py:115} INFO - [2022-09-21 00:04:40,729] {dag.py:2371} INFO - Sync 1 DAGs
[2022-09-21 00:04:40,783] {logging_mixin.py:115} INFO - [2022-09-21 00:04:40,783] {dag.py:2919} INFO - Setting next_dagrun for example_skip_dag to 2022-09-20T00:04:40.783366+00:00, run_after=2022-09-21T00:04:40.783366+00:00
[2022-09-21 00:04:40,883] {processor.py:161} INFO - Processing /home/airflow/.local/lib/python3.7/site-packages/airflow/example_dags/example_skip_dag.py took 0.312 seconds
[2022-09-21 00:05:11,085] {processor.py:153} INFO - Started process (PID=20212) to work on /home/airflow/.local/lib/python3.7/site-packages/airflow/example_dags/example_skip_dag.py
[2022-09-21 00:05:11,086] {processor.py:641} INFO - Processing file /home/airflow/.local/lib/python3.7/site-packages/airflow/example_dags/example_skip_dag.py for tasks to queue
[2022-09-21 00:05:11,086] {logging_mixin.py:115} INFO - [2022-09-21 00:05:11,086] {dagbag.py:507} INFO - Filling up the DagBag from /home/airflow/.local/lib/python3.7/site-packages/airflow/example_dags/example_skip_dag.py
[2022-09-21 00:05:11,092] {processor.py:651} INFO - DAG(s) dict_keys(['example_skip_dag']) retrieved from /home/airflow/.local/lib/python3.7/site-packages/airflow/example_dags/example_skip_dag.py
[2022-09-21 00:05:11,136] {logging_mixin.py:115} INFO - [2022-09-21 00:05:11,135] {dag.py:2371} INFO - Sync 1 DAGs
[2022-09-21 00:05:11,175] {logging_mixin.py:115} INFO - [2022-09-21 00:05:11,174] {dag.py:2919} INFO - Setting next_dagrun for example_skip_dag to 2022-09-20T00:05:11.174530+00:00, run_after=2022-09-21T00:05:11.174530+00:00
[2022-09-21 00:05:11,430] {processor.py:161} INFO - Processing /home/airflow/.local/lib/python3.7/site-packages/airflow/example_dags/example_skip_dag.py took 0.350 seconds
[2022-09-21 00:05:41,577] {processor.py:153} INFO - Started process (PID=20264) to work on /home/airflow/.local/lib/python3.7/site-packages/airflow/example_dags/example_skip_dag.py
[2022-09-21 00:05:41,659] {processor.py:641} INFO - Processing file /home/airflow/.local/lib/python3.7/site-packages/airflow/example_dags/example_skip_dag.py for tasks to queue
[2022-09-21 00:05:41,660] {logging_mixin.py:115} INFO - [2022-09-21 00:05:41,660] {dagbag.py:507} INFO - Filling up the DagBag from /home/airflow/.local/lib/python3.7/site-packages/airflow/example_dags/example_skip_dag.py
[2022-09-21 00:05:41,675] {processor.py:651} INFO - DAG(s) dict_keys(['example_skip_dag']) retrieved from /home/airflow/.local/lib/python3.7/site-packages/airflow/example_dags/example_skip_dag.py
[2022-09-21 00:05:41,720] {logging_mixin.py:115} INFO - [2022-09-21 00:05:41,720] {dag.py:2371} INFO - Sync 1 DAGs
[2022-09-21 00:05:41,763] {logging_mixin.py:115} INFO - [2022-09-21 00:05:41,762] {dag.py:2919} INFO - Setting next_dagrun for example_skip_dag to 2022-09-20T00:05:41.762457+00:00, run_after=2022-09-21T00:05:41.762457+00:00
[2022-09-21 00:05:42,123] {processor.py:161} INFO - Processing /home/airflow/.local/lib/python3.7/site-packages/airflow/example_dags/example_skip_dag.py took 0.553 seconds
[2022-09-21 00:06:12,987] {processor.py:153} INFO - Started process (PID=20316) to work on /home/airflow/.local/lib/python3.7/site-packages/airflow/example_dags/example_skip_dag.py
[2022-09-21 00:06:12,989] {processor.py:641} INFO - Processing file /home/airflow/.local/lib/python3.7/site-packages/airflow/example_dags/example_skip_dag.py for tasks to queue
[2022-09-21 00:06:12,991] {logging_mixin.py:115} INFO - [2022-09-21 00:06:12,990] {dagbag.py:507} INFO - Filling up the DagBag from /home/airflow/.local/lib/python3.7/site-packages/airflow/example_dags/example_skip_dag.py
[2022-09-21 00:06:13,018] {processor.py:651} INFO - DAG(s) dict_keys(['example_skip_dag']) retrieved from /home/airflow/.local/lib/python3.7/site-packages/airflow/example_dags/example_skip_dag.py
[2022-09-21 00:06:13,089] {logging_mixin.py:115} INFO - [2022-09-21 00:06:13,089] {dag.py:2371} INFO - Sync 1 DAGs
[2022-09-21 00:06:13,125] {logging_mixin.py:115} INFO - [2022-09-21 00:06:13,125] {dag.py:2919} INFO - Setting next_dagrun for example_skip_dag to 2022-09-20T00:06:13.125231+00:00, run_after=2022-09-21T00:06:13.125231+00:00
[2022-09-21 00:06:13,150] {processor.py:161} INFO - Processing /home/airflow/.local/lib/python3.7/site-packages/airflow/example_dags/example_skip_dag.py took 0.180 seconds
[2022-09-21 00:06:44,036] {processor.py:153} INFO - Started process (PID=20374) to work on /home/airflow/.local/lib/python3.7/site-packages/airflow/example_dags/example_skip_dag.py
[2022-09-21 00:06:44,206] {processor.py:641} INFO - Processing file /home/airflow/.local/lib/python3.7/site-packages/airflow/example_dags/example_skip_dag.py for tasks to queue
[2022-09-21 00:06:44,207] {logging_mixin.py:115} INFO - [2022-09-21 00:06:44,207] {dagbag.py:507} INFO - Filling up the DagBag from /home/airflow/.local/lib/python3.7/site-packages/airflow/example_dags/example_skip_dag.py
[2022-09-21 00:06:44,215] {processor.py:651} INFO - DAG(s) dict_keys(['example_skip_dag']) retrieved from /home/airflow/.local/lib/python3.7/site-packages/airflow/example_dags/example_skip_dag.py
[2022-09-21 00:06:44,258] {logging_mixin.py:115} INFO - [2022-09-21 00:06:44,258] {dag.py:2371} INFO - Sync 1 DAGs
[2022-09-21 00:06:44,335] {logging_mixin.py:115} INFO - [2022-09-21 00:06:44,335] {dag.py:2919} INFO - Setting next_dagrun for example_skip_dag to 2022-09-20T00:06:44.335209+00:00, run_after=2022-09-21T00:06:44.335209+00:00
[2022-09-21 00:06:44,520] {processor.py:161} INFO - Processing /home/airflow/.local/lib/python3.7/site-packages/airflow/example_dags/example_skip_dag.py took 0.488 seconds
[2022-09-21 00:07:15,373] {processor.py:153} INFO - Started process (PID=20429) to work on /home/airflow/.local/lib/python3.7/site-packages/airflow/example_dags/example_skip_dag.py
[2022-09-21 00:07:15,373] {processor.py:641} INFO - Processing file /home/airflow/.local/lib/python3.7/site-packages/airflow/example_dags/example_skip_dag.py for tasks to queue
[2022-09-21 00:07:15,374] {logging_mixin.py:115} INFO - [2022-09-21 00:07:15,374] {dagbag.py:507} INFO - Filling up the DagBag from /home/airflow/.local/lib/python3.7/site-packages/airflow/example_dags/example_skip_dag.py
[2022-09-21 00:07:15,381] {processor.py:651} INFO - DAG(s) dict_keys(['example_skip_dag']) retrieved from /home/airflow/.local/lib/python3.7/site-packages/airflow/example_dags/example_skip_dag.py
[2022-09-21 00:07:15,414] {logging_mixin.py:115} INFO - [2022-09-21 00:07:15,414] {dag.py:2371} INFO - Sync 1 DAGs
[2022-09-21 00:07:15,439] {logging_mixin.py:115} INFO - [2022-09-21 00:07:15,439] {dag.py:2919} INFO - Setting next_dagrun for example_skip_dag to 2022-09-20T00:07:15.438798+00:00, run_after=2022-09-21T00:07:15.438798+00:00
[2022-09-21 00:07:15,475] {processor.py:161} INFO - Processing /home/airflow/.local/lib/python3.7/site-packages/airflow/example_dags/example_skip_dag.py took 0.107 seconds
[2022-09-21 00:07:45,566] {processor.py:153} INFO - Started process (PID=20480) to work on /home/airflow/.local/lib/python3.7/site-packages/airflow/example_dags/example_skip_dag.py
[2022-09-21 00:07:45,580] {processor.py:641} INFO - Processing file /home/airflow/.local/lib/python3.7/site-packages/airflow/example_dags/example_skip_dag.py for tasks to queue
[2022-09-21 00:07:45,581] {logging_mixin.py:115} INFO - [2022-09-21 00:07:45,581] {dagbag.py:507} INFO - Filling up the DagBag from /home/airflow/.local/lib/python3.7/site-packages/airflow/example_dags/example_skip_dag.py
[2022-09-21 00:07:45,587] {processor.py:651} INFO - DAG(s) dict_keys(['example_skip_dag']) retrieved from /home/airflow/.local/lib/python3.7/site-packages/airflow/example_dags/example_skip_dag.py
[2022-09-21 00:07:45,629] {logging_mixin.py:115} INFO - [2022-09-21 00:07:45,629] {dag.py:2371} INFO - Sync 1 DAGs
[2022-09-21 00:07:45,667] {logging_mixin.py:115} INFO - [2022-09-21 00:07:45,667] {dag.py:2919} INFO - Setting next_dagrun for example_skip_dag to 2022-09-20T00:07:45.666823+00:00, run_after=2022-09-21T00:07:45.666823+00:00
[2022-09-21 00:07:45,700] {processor.py:161} INFO - Processing /home/airflow/.local/lib/python3.7/site-packages/airflow/example_dags/example_skip_dag.py took 0.142 seconds
[2022-09-21 00:08:15,734] {processor.py:153} INFO - Started process (PID=20541) to work on /home/airflow/.local/lib/python3.7/site-packages/airflow/example_dags/example_skip_dag.py
[2022-09-21 00:08:15,734] {processor.py:641} INFO - Processing file /home/airflow/.local/lib/python3.7/site-packages/airflow/example_dags/example_skip_dag.py for tasks to queue
[2022-09-21 00:08:15,735] {logging_mixin.py:115} INFO - [2022-09-21 00:08:15,735] {dagbag.py:507} INFO - Filling up the DagBag from /home/airflow/.local/lib/python3.7/site-packages/airflow/example_dags/example_skip_dag.py
[2022-09-21 00:08:15,741] {processor.py:651} INFO - DAG(s) dict_keys(['example_skip_dag']) retrieved from /home/airflow/.local/lib/python3.7/site-packages/airflow/example_dags/example_skip_dag.py
[2022-09-21 00:08:15,776] {logging_mixin.py:115} INFO - [2022-09-21 00:08:15,776] {dag.py:2371} INFO - Sync 1 DAGs
[2022-09-21 00:08:15,806] {logging_mixin.py:115} INFO - [2022-09-21 00:08:15,806] {dag.py:2919} INFO - Setting next_dagrun for example_skip_dag to 2022-09-20T00:08:15.806270+00:00, run_after=2022-09-21T00:08:15.806270+00:00
[2022-09-21 00:08:15,845] {processor.py:161} INFO - Processing /home/airflow/.local/lib/python3.7/site-packages/airflow/example_dags/example_skip_dag.py took 0.115 seconds
[2022-09-21 00:08:46,701] {processor.py:153} INFO - Started process (PID=20593) to work on /home/airflow/.local/lib/python3.7/site-packages/airflow/example_dags/example_skip_dag.py
[2022-09-21 00:08:46,757] {processor.py:641} INFO - Processing file /home/airflow/.local/lib/python3.7/site-packages/airflow/example_dags/example_skip_dag.py for tasks to queue
[2022-09-21 00:08:46,758] {logging_mixin.py:115} INFO - [2022-09-21 00:08:46,758] {dagbag.py:507} INFO - Filling up the DagBag from /home/airflow/.local/lib/python3.7/site-packages/airflow/example_dags/example_skip_dag.py
[2022-09-21 00:08:46,769] {processor.py:651} INFO - DAG(s) dict_keys(['example_skip_dag']) retrieved from /home/airflow/.local/lib/python3.7/site-packages/airflow/example_dags/example_skip_dag.py
[2022-09-21 00:08:46,805] {logging_mixin.py:115} INFO - [2022-09-21 00:08:46,804] {dag.py:2371} INFO - Sync 1 DAGs
[2022-09-21 00:08:46,959] {logging_mixin.py:115} INFO - [2022-09-21 00:08:46,958] {dag.py:2919} INFO - Setting next_dagrun for example_skip_dag to 2022-09-20T00:08:46.957978+00:00, run_after=2022-09-21T00:08:46.957978+00:00
[2022-09-21 00:08:47,269] {processor.py:161} INFO - Processing /home/airflow/.local/lib/python3.7/site-packages/airflow/example_dags/example_skip_dag.py took 0.585 seconds
[2022-09-21 00:09:18,009] {processor.py:153} INFO - Started process (PID=20653) to work on /home/airflow/.local/lib/python3.7/site-packages/airflow/example_dags/example_skip_dag.py
[2022-09-21 00:09:18,025] {processor.py:641} INFO - Processing file /home/airflow/.local/lib/python3.7/site-packages/airflow/example_dags/example_skip_dag.py for tasks to queue
[2022-09-21 00:09:18,025] {logging_mixin.py:115} INFO - [2022-09-21 00:09:18,025] {dagbag.py:507} INFO - Filling up the DagBag from /home/airflow/.local/lib/python3.7/site-packages/airflow/example_dags/example_skip_dag.py
[2022-09-21 00:09:18,031] {processor.py:651} INFO - DAG(s) dict_keys(['example_skip_dag']) retrieved from /home/airflow/.local/lib/python3.7/site-packages/airflow/example_dags/example_skip_dag.py
[2022-09-21 00:09:18,075] {logging_mixin.py:115} INFO - [2022-09-21 00:09:18,075] {dag.py:2371} INFO - Sync 1 DAGs
[2022-09-21 00:09:18,106] {logging_mixin.py:115} INFO - [2022-09-21 00:09:18,106] {dag.py:2919} INFO - Setting next_dagrun for example_skip_dag to 2022-09-20T00:09:18.106124+00:00, run_after=2022-09-21T00:09:18.106124+00:00
[2022-09-21 00:09:18,146] {processor.py:161} INFO - Processing /home/airflow/.local/lib/python3.7/site-packages/airflow/example_dags/example_skip_dag.py took 0.141 seconds
[2022-09-21 00:09:48,272] {processor.py:153} INFO - Started process (PID=20703) to work on /home/airflow/.local/lib/python3.7/site-packages/airflow/example_dags/example_skip_dag.py
[2022-09-21 00:09:48,272] {processor.py:641} INFO - Processing file /home/airflow/.local/lib/python3.7/site-packages/airflow/example_dags/example_skip_dag.py for tasks to queue
[2022-09-21 00:09:48,273] {logging_mixin.py:115} INFO - [2022-09-21 00:09:48,273] {dagbag.py:507} INFO - Filling up the DagBag from /home/airflow/.local/lib/python3.7/site-packages/airflow/example_dags/example_skip_dag.py
[2022-09-21 00:09:48,287] {processor.py:651} INFO - DAG(s) dict_keys(['example_skip_dag']) retrieved from /home/airflow/.local/lib/python3.7/site-packages/airflow/example_dags/example_skip_dag.py
[2022-09-21 00:09:48,340] {logging_mixin.py:115} INFO - [2022-09-21 00:09:48,340] {dag.py:2371} INFO - Sync 1 DAGs
[2022-09-21 00:09:48,380] {logging_mixin.py:115} INFO - [2022-09-21 00:09:48,380] {dag.py:2919} INFO - Setting next_dagrun for example_skip_dag to 2022-09-20T00:09:48.379921+00:00, run_after=2022-09-21T00:09:48.379921+00:00
[2022-09-21 00:09:48,419] {processor.py:161} INFO - Processing /home/airflow/.local/lib/python3.7/site-packages/airflow/example_dags/example_skip_dag.py took 0.153 seconds
[2022-09-21 00:10:18,583] {processor.py:153} INFO - Started process (PID=20764) to work on /home/airflow/.local/lib/python3.7/site-packages/airflow/example_dags/example_skip_dag.py
[2022-09-21 00:10:18,605] {processor.py:641} INFO - Processing file /home/airflow/.local/lib/python3.7/site-packages/airflow/example_dags/example_skip_dag.py for tasks to queue
[2022-09-21 00:10:18,606] {logging_mixin.py:115} INFO - [2022-09-21 00:10:18,606] {dagbag.py:507} INFO - Filling up the DagBag from /home/airflow/.local/lib/python3.7/site-packages/airflow/example_dags/example_skip_dag.py
[2022-09-21 00:10:18,613] {processor.py:651} INFO - DAG(s) dict_keys(['example_skip_dag']) retrieved from /home/airflow/.local/lib/python3.7/site-packages/airflow/example_dags/example_skip_dag.py
[2022-09-21 00:10:18,659] {logging_mixin.py:115} INFO - [2022-09-21 00:10:18,659] {dag.py:2371} INFO - Sync 1 DAGs
[2022-09-21 00:10:18,696] {logging_mixin.py:115} INFO - [2022-09-21 00:10:18,695] {dag.py:2919} INFO - Setting next_dagrun for example_skip_dag to 2022-09-20T00:10:18.695529+00:00, run_after=2022-09-21T00:10:18.695529+00:00
[2022-09-21 00:10:18,958] {processor.py:161} INFO - Processing /home/airflow/.local/lib/python3.7/site-packages/airflow/example_dags/example_skip_dag.py took 0.384 seconds
[2022-09-21 00:10:49,032] {processor.py:153} INFO - Started process (PID=20816) to work on /home/airflow/.local/lib/python3.7/site-packages/airflow/example_dags/example_skip_dag.py
[2022-09-21 00:10:49,033] {processor.py:641} INFO - Processing file /home/airflow/.local/lib/python3.7/site-packages/airflow/example_dags/example_skip_dag.py for tasks to queue
[2022-09-21 00:10:49,034] {logging_mixin.py:115} INFO - [2022-09-21 00:10:49,034] {dagbag.py:507} INFO - Filling up the DagBag from /home/airflow/.local/lib/python3.7/site-packages/airflow/example_dags/example_skip_dag.py
[2022-09-21 00:10:49,044] {processor.py:651} INFO - DAG(s) dict_keys(['example_skip_dag']) retrieved from /home/airflow/.local/lib/python3.7/site-packages/airflow/example_dags/example_skip_dag.py
[2022-09-21 00:10:49,088] {logging_mixin.py:115} INFO - [2022-09-21 00:10:49,088] {dag.py:2371} INFO - Sync 1 DAGs
[2022-09-21 00:10:49,130] {logging_mixin.py:115} INFO - [2022-09-21 00:10:49,129] {dag.py:2919} INFO - Setting next_dagrun for example_skip_dag to 2022-09-20T00:10:49.129660+00:00, run_after=2022-09-21T00:10:49.129660+00:00
[2022-09-21 00:10:49,168] {processor.py:161} INFO - Processing /home/airflow/.local/lib/python3.7/site-packages/airflow/example_dags/example_skip_dag.py took 0.141 seconds
[2022-09-21 00:11:19,851] {processor.py:153} INFO - Started process (PID=20877) to work on /home/airflow/.local/lib/python3.7/site-packages/airflow/example_dags/example_skip_dag.py
[2022-09-21 00:11:19,875] {processor.py:641} INFO - Processing file /home/airflow/.local/lib/python3.7/site-packages/airflow/example_dags/example_skip_dag.py for tasks to queue
[2022-09-21 00:11:19,876] {logging_mixin.py:115} INFO - [2022-09-21 00:11:19,875] {dagbag.py:507} INFO - Filling up the DagBag from /home/airflow/.local/lib/python3.7/site-packages/airflow/example_dags/example_skip_dag.py
[2022-09-21 00:11:19,884] {processor.py:651} INFO - DAG(s) dict_keys(['example_skip_dag']) retrieved from /home/airflow/.local/lib/python3.7/site-packages/airflow/example_dags/example_skip_dag.py
[2022-09-21 00:11:19,929] {logging_mixin.py:115} INFO - [2022-09-21 00:11:19,929] {dag.py:2371} INFO - Sync 1 DAGs
[2022-09-21 00:11:19,969] {logging_mixin.py:115} INFO - [2022-09-21 00:11:19,968] {dag.py:2919} INFO - Setting next_dagrun for example_skip_dag to 2022-09-20T00:11:19.968520+00:00, run_after=2022-09-21T00:11:19.968520+00:00
[2022-09-21 00:11:20,009] {processor.py:161} INFO - Processing /home/airflow/.local/lib/python3.7/site-packages/airflow/example_dags/example_skip_dag.py took 0.162 seconds
[2022-09-21 00:11:50,204] {processor.py:153} INFO - Started process (PID=20928) to work on /home/airflow/.local/lib/python3.7/site-packages/airflow/example_dags/example_skip_dag.py
[2022-09-21 00:11:50,207] {processor.py:641} INFO - Processing file /home/airflow/.local/lib/python3.7/site-packages/airflow/example_dags/example_skip_dag.py for tasks to queue
[2022-09-21 00:11:50,210] {logging_mixin.py:115} INFO - [2022-09-21 00:11:50,210] {dagbag.py:507} INFO - Filling up the DagBag from /home/airflow/.local/lib/python3.7/site-packages/airflow/example_dags/example_skip_dag.py
[2022-09-21 00:11:50,253] {processor.py:651} INFO - DAG(s) dict_keys(['example_skip_dag']) retrieved from /home/airflow/.local/lib/python3.7/site-packages/airflow/example_dags/example_skip_dag.py
[2022-09-21 00:11:50,322] {logging_mixin.py:115} INFO - [2022-09-21 00:11:50,322] {dag.py:2371} INFO - Sync 1 DAGs
[2022-09-21 00:11:50,355] {logging_mixin.py:115} INFO - [2022-09-21 00:11:50,355] {dag.py:2919} INFO - Setting next_dagrun for example_skip_dag to 2022-09-20T00:11:50.354875+00:00, run_after=2022-09-21T00:11:50.354875+00:00
[2022-09-21 00:11:50,382] {processor.py:161} INFO - Processing /home/airflow/.local/lib/python3.7/site-packages/airflow/example_dags/example_skip_dag.py took 0.202 seconds
[2022-09-21 00:12:21,081] {processor.py:153} INFO - Started process (PID=20983) to work on /home/airflow/.local/lib/python3.7/site-packages/airflow/example_dags/example_skip_dag.py
[2022-09-21 00:12:21,134] {processor.py:641} INFO - Processing file /home/airflow/.local/lib/python3.7/site-packages/airflow/example_dags/example_skip_dag.py for tasks to queue
[2022-09-21 00:12:21,135] {logging_mixin.py:115} INFO - [2022-09-21 00:12:21,135] {dagbag.py:507} INFO - Filling up the DagBag from /home/airflow/.local/lib/python3.7/site-packages/airflow/example_dags/example_skip_dag.py
[2022-09-21 00:12:21,153] {processor.py:651} INFO - DAG(s) dict_keys(['example_skip_dag']) retrieved from /home/airflow/.local/lib/python3.7/site-packages/airflow/example_dags/example_skip_dag.py
[2022-09-21 00:12:21,208] {logging_mixin.py:115} INFO - [2022-09-21 00:12:21,208] {dag.py:2371} INFO - Sync 1 DAGs
[2022-09-21 00:12:21,245] {logging_mixin.py:115} INFO - [2022-09-21 00:12:21,245] {dag.py:2919} INFO - Setting next_dagrun for example_skip_dag to 2022-09-20T00:12:21.245340+00:00, run_after=2022-09-21T00:12:21.245340+00:00
[2022-09-21 00:12:21,272] {processor.py:161} INFO - Processing /home/airflow/.local/lib/python3.7/site-packages/airflow/example_dags/example_skip_dag.py took 0.213 seconds
[2022-09-21 00:12:51,777] {processor.py:153} INFO - Started process (PID=21043) to work on /home/airflow/.local/lib/python3.7/site-packages/airflow/example_dags/example_skip_dag.py
[2022-09-21 00:12:51,790] {processor.py:641} INFO - Processing file /home/airflow/.local/lib/python3.7/site-packages/airflow/example_dags/example_skip_dag.py for tasks to queue
[2022-09-21 00:12:51,791] {logging_mixin.py:115} INFO - [2022-09-21 00:12:51,791] {dagbag.py:507} INFO - Filling up the DagBag from /home/airflow/.local/lib/python3.7/site-packages/airflow/example_dags/example_skip_dag.py
[2022-09-21 00:12:51,798] {processor.py:651} INFO - DAG(s) dict_keys(['example_skip_dag']) retrieved from /home/airflow/.local/lib/python3.7/site-packages/airflow/example_dags/example_skip_dag.py
[2022-09-21 00:12:51,834] {logging_mixin.py:115} INFO - [2022-09-21 00:12:51,834] {dag.py:2371} INFO - Sync 1 DAGs
[2022-09-21 00:12:51,867] {logging_mixin.py:115} INFO - [2022-09-21 00:12:51,867] {dag.py:2919} INFO - Setting next_dagrun for example_skip_dag to 2022-09-20T00:12:51.866976+00:00, run_after=2022-09-21T00:12:51.866976+00:00
[2022-09-21 00:12:52,020] {processor.py:161} INFO - Processing /home/airflow/.local/lib/python3.7/site-packages/airflow/example_dags/example_skip_dag.py took 0.248 seconds
[2022-09-21 00:13:22,354] {processor.py:153} INFO - Started process (PID=21096) to work on /home/airflow/.local/lib/python3.7/site-packages/airflow/example_dags/example_skip_dag.py
[2022-09-21 00:13:22,382] {processor.py:641} INFO - Processing file /home/airflow/.local/lib/python3.7/site-packages/airflow/example_dags/example_skip_dag.py for tasks to queue
[2022-09-21 00:13:22,384] {logging_mixin.py:115} INFO - [2022-09-21 00:13:22,384] {dagbag.py:507} INFO - Filling up the DagBag from /home/airflow/.local/lib/python3.7/site-packages/airflow/example_dags/example_skip_dag.py
[2022-09-21 00:13:22,408] {processor.py:651} INFO - DAG(s) dict_keys(['example_skip_dag']) retrieved from /home/airflow/.local/lib/python3.7/site-packages/airflow/example_dags/example_skip_dag.py
[2022-09-21 00:13:22,453] {logging_mixin.py:115} INFO - [2022-09-21 00:13:22,453] {dag.py:2371} INFO - Sync 1 DAGs
[2022-09-21 00:13:22,483] {logging_mixin.py:115} INFO - [2022-09-21 00:13:22,483] {dag.py:2919} INFO - Setting next_dagrun for example_skip_dag to 2022-09-20T00:13:22.482808+00:00, run_after=2022-09-21T00:13:22.482808+00:00
[2022-09-21 00:13:22,520] {processor.py:161} INFO - Processing /home/airflow/.local/lib/python3.7/site-packages/airflow/example_dags/example_skip_dag.py took 0.184 seconds
[2022-09-21 00:13:53,359] {processor.py:153} INFO - Started process (PID=21155) to work on /home/airflow/.local/lib/python3.7/site-packages/airflow/example_dags/example_skip_dag.py
[2022-09-21 00:13:53,361] {processor.py:641} INFO - Processing file /home/airflow/.local/lib/python3.7/site-packages/airflow/example_dags/example_skip_dag.py for tasks to queue
[2022-09-21 00:13:53,362] {logging_mixin.py:115} INFO - [2022-09-21 00:13:53,362] {dagbag.py:507} INFO - Filling up the DagBag from /home/airflow/.local/lib/python3.7/site-packages/airflow/example_dags/example_skip_dag.py
[2022-09-21 00:13:53,376] {processor.py:651} INFO - DAG(s) dict_keys(['example_skip_dag']) retrieved from /home/airflow/.local/lib/python3.7/site-packages/airflow/example_dags/example_skip_dag.py
[2022-09-21 00:13:53,425] {logging_mixin.py:115} INFO - [2022-09-21 00:13:53,425] {dag.py:2371} INFO - Sync 1 DAGs
[2022-09-21 00:13:53,461] {logging_mixin.py:115} INFO - [2022-09-21 00:13:53,461] {dag.py:2919} INFO - Setting next_dagrun for example_skip_dag to 2022-09-20T00:13:53.461024+00:00, run_after=2022-09-21T00:13:53.461024+00:00
[2022-09-21 00:13:53,501] {processor.py:161} INFO - Processing /home/airflow/.local/lib/python3.7/site-packages/airflow/example_dags/example_skip_dag.py took 0.152 seconds
[2022-09-21 00:14:23,960] {processor.py:153} INFO - Started process (PID=21207) to work on /home/airflow/.local/lib/python3.7/site-packages/airflow/example_dags/example_skip_dag.py
[2022-09-21 00:14:23,989] {processor.py:641} INFO - Processing file /home/airflow/.local/lib/python3.7/site-packages/airflow/example_dags/example_skip_dag.py for tasks to queue
[2022-09-21 00:14:23,990] {logging_mixin.py:115} INFO - [2022-09-21 00:14:23,990] {dagbag.py:507} INFO - Filling up the DagBag from /home/airflow/.local/lib/python3.7/site-packages/airflow/example_dags/example_skip_dag.py
[2022-09-21 00:14:23,997] {processor.py:651} INFO - DAG(s) dict_keys(['example_skip_dag']) retrieved from /home/airflow/.local/lib/python3.7/site-packages/airflow/example_dags/example_skip_dag.py
[2022-09-21 00:14:24,039] {logging_mixin.py:115} INFO - [2022-09-21 00:14:24,039] {dag.py:2371} INFO - Sync 1 DAGs
[2022-09-21 00:14:24,083] {logging_mixin.py:115} INFO - [2022-09-21 00:14:24,083] {dag.py:2919} INFO - Setting next_dagrun for example_skip_dag to 2022-09-20T00:14:24.083260+00:00, run_after=2022-09-21T00:14:24.083260+00:00
[2022-09-21 00:14:24,125] {processor.py:161} INFO - Processing /home/airflow/.local/lib/python3.7/site-packages/airflow/example_dags/example_skip_dag.py took 0.173 seconds
[2022-09-21 00:14:54,327] {processor.py:153} INFO - Started process (PID=21258) to work on /home/airflow/.local/lib/python3.7/site-packages/airflow/example_dags/example_skip_dag.py
[2022-09-21 00:14:54,328] {processor.py:641} INFO - Processing file /home/airflow/.local/lib/python3.7/site-packages/airflow/example_dags/example_skip_dag.py for tasks to queue
[2022-09-21 00:14:54,329] {logging_mixin.py:115} INFO - [2022-09-21 00:14:54,329] {dagbag.py:507} INFO - Filling up the DagBag from /home/airflow/.local/lib/python3.7/site-packages/airflow/example_dags/example_skip_dag.py
[2022-09-21 00:14:54,335] {processor.py:651} INFO - DAG(s) dict_keys(['example_skip_dag']) retrieved from /home/airflow/.local/lib/python3.7/site-packages/airflow/example_dags/example_skip_dag.py
[2022-09-21 00:14:54,369] {logging_mixin.py:115} INFO - [2022-09-21 00:14:54,369] {dag.py:2371} INFO - Sync 1 DAGs
[2022-09-21 00:14:54,403] {logging_mixin.py:115} INFO - [2022-09-21 00:14:54,403] {dag.py:2919} INFO - Setting next_dagrun for example_skip_dag to 2022-09-20T00:14:54.402637+00:00, run_after=2022-09-21T00:14:54.402637+00:00
[2022-09-21 00:14:54,437] {processor.py:161} INFO - Processing /home/airflow/.local/lib/python3.7/site-packages/airflow/example_dags/example_skip_dag.py took 0.116 seconds
[2022-09-21 00:15:24,842] {processor.py:153} INFO - Started process (PID=21318) to work on /home/airflow/.local/lib/python3.7/site-packages/airflow/example_dags/example_skip_dag.py
[2022-09-21 00:15:24,870] {processor.py:641} INFO - Processing file /home/airflow/.local/lib/python3.7/site-packages/airflow/example_dags/example_skip_dag.py for tasks to queue
[2022-09-21 00:15:24,870] {logging_mixin.py:115} INFO - [2022-09-21 00:15:24,870] {dagbag.py:507} INFO - Filling up the DagBag from /home/airflow/.local/lib/python3.7/site-packages/airflow/example_dags/example_skip_dag.py
[2022-09-21 00:15:24,883] {processor.py:651} INFO - DAG(s) dict_keys(['example_skip_dag']) retrieved from /home/airflow/.local/lib/python3.7/site-packages/airflow/example_dags/example_skip_dag.py
[2022-09-21 00:15:24,934] {logging_mixin.py:115} INFO - [2022-09-21 00:15:24,934] {dag.py:2371} INFO - Sync 1 DAGs
[2022-09-21 00:15:25,010] {logging_mixin.py:115} INFO - [2022-09-21 00:15:25,010] {dag.py:2919} INFO - Setting next_dagrun for example_skip_dag to 2022-09-20T00:15:25.010358+00:00, run_after=2022-09-21T00:15:25.010358+00:00
[2022-09-21 00:15:25,157] {processor.py:161} INFO - Processing /home/airflow/.local/lib/python3.7/site-packages/airflow/example_dags/example_skip_dag.py took 0.324 seconds
[2022-09-21 00:15:56,139] {processor.py:153} INFO - Started process (PID=21370) to work on /home/airflow/.local/lib/python3.7/site-packages/airflow/example_dags/example_skip_dag.py
[2022-09-21 00:15:56,140] {processor.py:641} INFO - Processing file /home/airflow/.local/lib/python3.7/site-packages/airflow/example_dags/example_skip_dag.py for tasks to queue
[2022-09-21 00:15:56,140] {logging_mixin.py:115} INFO - [2022-09-21 00:15:56,140] {dagbag.py:507} INFO - Filling up the DagBag from /home/airflow/.local/lib/python3.7/site-packages/airflow/example_dags/example_skip_dag.py
[2022-09-21 00:15:56,147] {processor.py:651} INFO - DAG(s) dict_keys(['example_skip_dag']) retrieved from /home/airflow/.local/lib/python3.7/site-packages/airflow/example_dags/example_skip_dag.py
[2022-09-21 00:15:56,187] {logging_mixin.py:115} INFO - [2022-09-21 00:15:56,187] {dag.py:2371} INFO - Sync 1 DAGs
[2022-09-21 00:15:56,215] {logging_mixin.py:115} INFO - [2022-09-21 00:15:56,215] {dag.py:2919} INFO - Setting next_dagrun for example_skip_dag to 2022-09-20T00:15:56.214796+00:00, run_after=2022-09-21T00:15:56.214796+00:00
[2022-09-21 00:15:56,264] {processor.py:161} INFO - Processing /home/airflow/.local/lib/python3.7/site-packages/airflow/example_dags/example_skip_dag.py took 0.130 seconds
[2022-09-21 00:16:26,406] {processor.py:153} INFO - Started process (PID=21432) to work on /home/airflow/.local/lib/python3.7/site-packages/airflow/example_dags/example_skip_dag.py
[2022-09-21 00:16:26,428] {processor.py:641} INFO - Processing file /home/airflow/.local/lib/python3.7/site-packages/airflow/example_dags/example_skip_dag.py for tasks to queue
[2022-09-21 00:16:26,429] {logging_mixin.py:115} INFO - [2022-09-21 00:16:26,429] {dagbag.py:507} INFO - Filling up the DagBag from /home/airflow/.local/lib/python3.7/site-packages/airflow/example_dags/example_skip_dag.py
[2022-09-21 00:16:26,439] {processor.py:651} INFO - DAG(s) dict_keys(['example_skip_dag']) retrieved from /home/airflow/.local/lib/python3.7/site-packages/airflow/example_dags/example_skip_dag.py
[2022-09-21 00:16:26,490] {logging_mixin.py:115} INFO - [2022-09-21 00:16:26,490] {dag.py:2371} INFO - Sync 1 DAGs
[2022-09-21 00:16:26,533] {logging_mixin.py:115} INFO - [2022-09-21 00:16:26,533] {dag.py:2919} INFO - Setting next_dagrun for example_skip_dag to 2022-09-20T00:16:26.533085+00:00, run_after=2022-09-21T00:16:26.533085+00:00
[2022-09-21 00:16:26,578] {processor.py:161} INFO - Processing /home/airflow/.local/lib/python3.7/site-packages/airflow/example_dags/example_skip_dag.py took 0.178 seconds
[2022-09-21 00:16:57,322] {processor.py:153} INFO - Started process (PID=21485) to work on /home/airflow/.local/lib/python3.7/site-packages/airflow/example_dags/example_skip_dag.py
[2022-09-21 00:16:57,336] {processor.py:641} INFO - Processing file /home/airflow/.local/lib/python3.7/site-packages/airflow/example_dags/example_skip_dag.py for tasks to queue
[2022-09-21 00:16:57,337] {logging_mixin.py:115} INFO - [2022-09-21 00:16:57,337] {dagbag.py:507} INFO - Filling up the DagBag from /home/airflow/.local/lib/python3.7/site-packages/airflow/example_dags/example_skip_dag.py
[2022-09-21 00:16:57,346] {processor.py:651} INFO - DAG(s) dict_keys(['example_skip_dag']) retrieved from /home/airflow/.local/lib/python3.7/site-packages/airflow/example_dags/example_skip_dag.py
[2022-09-21 00:16:57,393] {logging_mixin.py:115} INFO - [2022-09-21 00:16:57,393] {dag.py:2371} INFO - Sync 1 DAGs
[2022-09-21 00:16:57,433] {logging_mixin.py:115} INFO - [2022-09-21 00:16:57,432] {dag.py:2919} INFO - Setting next_dagrun for example_skip_dag to 2022-09-20T00:16:57.432394+00:00, run_after=2022-09-21T00:16:57.432394+00:00
[2022-09-21 00:16:57,477] {processor.py:161} INFO - Processing /home/airflow/.local/lib/python3.7/site-packages/airflow/example_dags/example_skip_dag.py took 0.162 seconds
[2022-09-21 00:17:27,732] {processor.py:153} INFO - Started process (PID=21546) to work on /home/airflow/.local/lib/python3.7/site-packages/airflow/example_dags/example_skip_dag.py
[2022-09-21 00:17:27,733] {processor.py:641} INFO - Processing file /home/airflow/.local/lib/python3.7/site-packages/airflow/example_dags/example_skip_dag.py for tasks to queue
[2022-09-21 00:17:27,734] {logging_mixin.py:115} INFO - [2022-09-21 00:17:27,734] {dagbag.py:507} INFO - Filling up the DagBag from /home/airflow/.local/lib/python3.7/site-packages/airflow/example_dags/example_skip_dag.py
[2022-09-21 00:17:27,744] {processor.py:651} INFO - DAG(s) dict_keys(['example_skip_dag']) retrieved from /home/airflow/.local/lib/python3.7/site-packages/airflow/example_dags/example_skip_dag.py
[2022-09-21 00:17:27,788] {logging_mixin.py:115} INFO - [2022-09-21 00:17:27,788] {dag.py:2371} INFO - Sync 1 DAGs
[2022-09-21 00:17:27,826] {logging_mixin.py:115} INFO - [2022-09-21 00:17:27,826] {dag.py:2919} INFO - Setting next_dagrun for example_skip_dag to 2022-09-20T00:17:27.825618+00:00, run_after=2022-09-21T00:17:27.825618+00:00
[2022-09-21 00:17:27,912] {processor.py:161} INFO - Processing /home/airflow/.local/lib/python3.7/site-packages/airflow/example_dags/example_skip_dag.py took 0.184 seconds
[2022-09-21 00:17:58,221] {processor.py:153} INFO - Started process (PID=21597) to work on /home/airflow/.local/lib/python3.7/site-packages/airflow/example_dags/example_skip_dag.py
[2022-09-21 00:17:58,261] {processor.py:641} INFO - Processing file /home/airflow/.local/lib/python3.7/site-packages/airflow/example_dags/example_skip_dag.py for tasks to queue
[2022-09-21 00:17:58,262] {logging_mixin.py:115} INFO - [2022-09-21 00:17:58,262] {dagbag.py:507} INFO - Filling up the DagBag from /home/airflow/.local/lib/python3.7/site-packages/airflow/example_dags/example_skip_dag.py
[2022-09-21 00:17:58,269] {processor.py:651} INFO - DAG(s) dict_keys(['example_skip_dag']) retrieved from /home/airflow/.local/lib/python3.7/site-packages/airflow/example_dags/example_skip_dag.py
[2022-09-21 00:17:58,301] {logging_mixin.py:115} INFO - [2022-09-21 00:17:58,301] {dag.py:2371} INFO - Sync 1 DAGs
[2022-09-21 00:17:58,338] {logging_mixin.py:115} INFO - [2022-09-21 00:17:58,337] {dag.py:2919} INFO - Setting next_dagrun for example_skip_dag to 2022-09-20T00:17:58.337377+00:00, run_after=2022-09-21T00:17:58.337377+00:00
[2022-09-21 00:17:58,385] {processor.py:161} INFO - Processing /home/airflow/.local/lib/python3.7/site-packages/airflow/example_dags/example_skip_dag.py took 0.169 seconds
[2022-09-21 00:18:28,813] {processor.py:153} INFO - Started process (PID=21659) to work on /home/airflow/.local/lib/python3.7/site-packages/airflow/example_dags/example_skip_dag.py
[2022-09-21 00:18:28,832] {processor.py:641} INFO - Processing file /home/airflow/.local/lib/python3.7/site-packages/airflow/example_dags/example_skip_dag.py for tasks to queue
[2022-09-21 00:18:28,833] {logging_mixin.py:115} INFO - [2022-09-21 00:18:28,832] {dagbag.py:507} INFO - Filling up the DagBag from /home/airflow/.local/lib/python3.7/site-packages/airflow/example_dags/example_skip_dag.py
[2022-09-21 00:18:28,843] {processor.py:651} INFO - DAG(s) dict_keys(['example_skip_dag']) retrieved from /home/airflow/.local/lib/python3.7/site-packages/airflow/example_dags/example_skip_dag.py
[2022-09-21 00:18:28,914] {logging_mixin.py:115} INFO - [2022-09-21 00:18:28,914] {dag.py:2371} INFO - Sync 1 DAGs
[2022-09-21 00:18:28,956] {logging_mixin.py:115} INFO - [2022-09-21 00:18:28,956] {dag.py:2919} INFO - Setting next_dagrun for example_skip_dag to 2022-09-20T00:18:28.956319+00:00, run_after=2022-09-21T00:18:28.956319+00:00
[2022-09-21 00:18:29,022] {processor.py:161} INFO - Processing /home/airflow/.local/lib/python3.7/site-packages/airflow/example_dags/example_skip_dag.py took 0.213 seconds
[2022-09-21 00:18:59,398] {processor.py:153} INFO - Started process (PID=21711) to work on /home/airflow/.local/lib/python3.7/site-packages/airflow/example_dags/example_skip_dag.py
[2022-09-21 00:18:59,400] {processor.py:641} INFO - Processing file /home/airflow/.local/lib/python3.7/site-packages/airflow/example_dags/example_skip_dag.py for tasks to queue
[2022-09-21 00:18:59,403] {logging_mixin.py:115} INFO - [2022-09-21 00:18:59,402] {dagbag.py:507} INFO - Filling up the DagBag from /home/airflow/.local/lib/python3.7/site-packages/airflow/example_dags/example_skip_dag.py
[2022-09-21 00:18:59,422] {processor.py:651} INFO - DAG(s) dict_keys(['example_skip_dag']) retrieved from /home/airflow/.local/lib/python3.7/site-packages/airflow/example_dags/example_skip_dag.py
[2022-09-21 00:18:59,471] {logging_mixin.py:115} INFO - [2022-09-21 00:18:59,471] {dag.py:2371} INFO - Sync 1 DAGs
[2022-09-21 00:18:59,503] {logging_mixin.py:115} INFO - [2022-09-21 00:18:59,503] {dag.py:2919} INFO - Setting next_dagrun for example_skip_dag to 2022-09-20T00:18:59.503273+00:00, run_after=2022-09-21T00:18:59.503273+00:00
[2022-09-21 00:18:59,529] {processor.py:161} INFO - Processing /home/airflow/.local/lib/python3.7/site-packages/airflow/example_dags/example_skip_dag.py took 0.152 seconds
[2022-09-21 00:19:29,595] {processor.py:153} INFO - Started process (PID=21762) to work on /home/airflow/.local/lib/python3.7/site-packages/airflow/example_dags/example_skip_dag.py
[2022-09-21 00:19:29,612] {processor.py:641} INFO - Processing file /home/airflow/.local/lib/python3.7/site-packages/airflow/example_dags/example_skip_dag.py for tasks to queue
[2022-09-21 00:19:29,613] {logging_mixin.py:115} INFO - [2022-09-21 00:19:29,613] {dagbag.py:507} INFO - Filling up the DagBag from /home/airflow/.local/lib/python3.7/site-packages/airflow/example_dags/example_skip_dag.py
[2022-09-21 00:19:29,623] {processor.py:651} INFO - DAG(s) dict_keys(['example_skip_dag']) retrieved from /home/airflow/.local/lib/python3.7/site-packages/airflow/example_dags/example_skip_dag.py
[2022-09-21 00:19:29,670] {logging_mixin.py:115} INFO - [2022-09-21 00:19:29,670] {dag.py:2371} INFO - Sync 1 DAGs
[2022-09-21 00:19:29,714] {logging_mixin.py:115} INFO - [2022-09-21 00:19:29,714] {dag.py:2919} INFO - Setting next_dagrun for example_skip_dag to 2022-09-20T00:19:29.713642+00:00, run_after=2022-09-21T00:19:29.713642+00:00
[2022-09-21 00:19:29,757] {processor.py:161} INFO - Processing /home/airflow/.local/lib/python3.7/site-packages/airflow/example_dags/example_skip_dag.py took 0.172 seconds
[2022-09-21 00:20:00,497] {processor.py:153} INFO - Started process (PID=21823) to work on /home/airflow/.local/lib/python3.7/site-packages/airflow/example_dags/example_skip_dag.py
[2022-09-21 00:20:00,497] {processor.py:641} INFO - Processing file /home/airflow/.local/lib/python3.7/site-packages/airflow/example_dags/example_skip_dag.py for tasks to queue
[2022-09-21 00:20:00,498] {logging_mixin.py:115} INFO - [2022-09-21 00:20:00,498] {dagbag.py:507} INFO - Filling up the DagBag from /home/airflow/.local/lib/python3.7/site-packages/airflow/example_dags/example_skip_dag.py
[2022-09-21 00:20:00,508] {processor.py:651} INFO - DAG(s) dict_keys(['example_skip_dag']) retrieved from /home/airflow/.local/lib/python3.7/site-packages/airflow/example_dags/example_skip_dag.py
[2022-09-21 00:20:00,556] {logging_mixin.py:115} INFO - [2022-09-21 00:20:00,556] {dag.py:2371} INFO - Sync 1 DAGs
[2022-09-21 00:20:00,589] {logging_mixin.py:115} INFO - [2022-09-21 00:20:00,589] {dag.py:2919} INFO - Setting next_dagrun for example_skip_dag to 2022-09-20T00:20:00.589174+00:00, run_after=2022-09-21T00:20:00.589174+00:00
[2022-09-21 00:20:00,623] {processor.py:161} INFO - Processing /home/airflow/.local/lib/python3.7/site-packages/airflow/example_dags/example_skip_dag.py took 0.132 seconds
[2022-09-21 00:20:31,075] {processor.py:153} INFO - Started process (PID=21875) to work on /home/airflow/.local/lib/python3.7/site-packages/airflow/example_dags/example_skip_dag.py
[2022-09-21 00:20:31,099] {processor.py:641} INFO - Processing file /home/airflow/.local/lib/python3.7/site-packages/airflow/example_dags/example_skip_dag.py for tasks to queue
[2022-09-21 00:20:31,100] {logging_mixin.py:115} INFO - [2022-09-21 00:20:31,100] {dagbag.py:507} INFO - Filling up the DagBag from /home/airflow/.local/lib/python3.7/site-packages/airflow/example_dags/example_skip_dag.py
[2022-09-21 00:20:31,106] {processor.py:651} INFO - DAG(s) dict_keys(['example_skip_dag']) retrieved from /home/airflow/.local/lib/python3.7/site-packages/airflow/example_dags/example_skip_dag.py
[2022-09-21 00:20:31,142] {logging_mixin.py:115} INFO - [2022-09-21 00:20:31,142] {dag.py:2371} INFO - Sync 1 DAGs
[2022-09-21 00:20:31,178] {logging_mixin.py:115} INFO - [2022-09-21 00:20:31,178] {dag.py:2919} INFO - Setting next_dagrun for example_skip_dag to 2022-09-20T00:20:31.177980+00:00, run_after=2022-09-21T00:20:31.177980+00:00
[2022-09-21 00:20:31,213] {processor.py:161} INFO - Processing /home/airflow/.local/lib/python3.7/site-packages/airflow/example_dags/example_skip_dag.py took 0.143 seconds
[2022-09-21 00:21:01,622] {processor.py:153} INFO - Started process (PID=21935) to work on /home/airflow/.local/lib/python3.7/site-packages/airflow/example_dags/example_skip_dag.py
[2022-09-21 00:21:01,623] {processor.py:641} INFO - Processing file /home/airflow/.local/lib/python3.7/site-packages/airflow/example_dags/example_skip_dag.py for tasks to queue
[2022-09-21 00:21:01,624] {logging_mixin.py:115} INFO - [2022-09-21 00:21:01,624] {dagbag.py:507} INFO - Filling up the DagBag from /home/airflow/.local/lib/python3.7/site-packages/airflow/example_dags/example_skip_dag.py
[2022-09-21 00:21:01,633] {processor.py:651} INFO - DAG(s) dict_keys(['example_skip_dag']) retrieved from /home/airflow/.local/lib/python3.7/site-packages/airflow/example_dags/example_skip_dag.py
[2022-09-21 00:21:01,681] {logging_mixin.py:115} INFO - [2022-09-21 00:21:01,681] {dag.py:2371} INFO - Sync 1 DAGs
[2022-09-21 00:21:01,723] {logging_mixin.py:115} INFO - [2022-09-21 00:21:01,723] {dag.py:2919} INFO - Setting next_dagrun for example_skip_dag to 2022-09-20T00:21:01.723122+00:00, run_after=2022-09-21T00:21:01.723122+00:00
[2022-09-21 00:21:01,774] {processor.py:161} INFO - Processing /home/airflow/.local/lib/python3.7/site-packages/airflow/example_dags/example_skip_dag.py took 0.156 seconds
[2022-09-21 00:21:32,352] {processor.py:153} INFO - Started process (PID=21987) to work on /home/airflow/.local/lib/python3.7/site-packages/airflow/example_dags/example_skip_dag.py
[2022-09-21 00:21:32,369] {processor.py:641} INFO - Processing file /home/airflow/.local/lib/python3.7/site-packages/airflow/example_dags/example_skip_dag.py for tasks to queue
[2022-09-21 00:21:32,370] {logging_mixin.py:115} INFO - [2022-09-21 00:21:32,370] {dagbag.py:507} INFO - Filling up the DagBag from /home/airflow/.local/lib/python3.7/site-packages/airflow/example_dags/example_skip_dag.py
[2022-09-21 00:21:32,382] {processor.py:651} INFO - DAG(s) dict_keys(['example_skip_dag']) retrieved from /home/airflow/.local/lib/python3.7/site-packages/airflow/example_dags/example_skip_dag.py
[2022-09-21 00:21:32,440] {logging_mixin.py:115} INFO - [2022-09-21 00:21:32,440] {dag.py:2371} INFO - Sync 1 DAGs
[2022-09-21 00:21:32,497] {logging_mixin.py:115} INFO - [2022-09-21 00:21:32,497] {dag.py:2919} INFO - Setting next_dagrun for example_skip_dag to 2022-09-20T00:21:32.497021+00:00, run_after=2022-09-21T00:21:32.497021+00:00
[2022-09-21 00:21:32,533] {processor.py:161} INFO - Processing /home/airflow/.local/lib/python3.7/site-packages/airflow/example_dags/example_skip_dag.py took 0.186 seconds
[2022-09-21 00:22:02,976] {processor.py:153} INFO - Started process (PID=22039) to work on /home/airflow/.local/lib/python3.7/site-packages/airflow/example_dags/example_skip_dag.py
[2022-09-21 00:22:02,977] {processor.py:641} INFO - Processing file /home/airflow/.local/lib/python3.7/site-packages/airflow/example_dags/example_skip_dag.py for tasks to queue
[2022-09-21 00:22:02,978] {logging_mixin.py:115} INFO - [2022-09-21 00:22:02,978] {dagbag.py:507} INFO - Filling up the DagBag from /home/airflow/.local/lib/python3.7/site-packages/airflow/example_dags/example_skip_dag.py
[2022-09-21 00:22:02,992] {processor.py:651} INFO - DAG(s) dict_keys(['example_skip_dag']) retrieved from /home/airflow/.local/lib/python3.7/site-packages/airflow/example_dags/example_skip_dag.py
[2022-09-21 00:22:03,042] {logging_mixin.py:115} INFO - [2022-09-21 00:22:03,042] {dag.py:2371} INFO - Sync 1 DAGs
[2022-09-21 00:22:03,088] {logging_mixin.py:115} INFO - [2022-09-21 00:22:03,088] {dag.py:2919} INFO - Setting next_dagrun for example_skip_dag to 2022-09-20T00:22:03.088017+00:00, run_after=2022-09-21T00:22:03.088017+00:00
[2022-09-21 00:22:03,129] {processor.py:161} INFO - Processing /home/airflow/.local/lib/python3.7/site-packages/airflow/example_dags/example_skip_dag.py took 0.158 seconds
[2022-09-21 00:22:34,044] {processor.py:153} INFO - Started process (PID=22100) to work on /home/airflow/.local/lib/python3.7/site-packages/airflow/example_dags/example_skip_dag.py
[2022-09-21 00:22:34,070] {processor.py:641} INFO - Processing file /home/airflow/.local/lib/python3.7/site-packages/airflow/example_dags/example_skip_dag.py for tasks to queue
[2022-09-21 00:22:34,071] {logging_mixin.py:115} INFO - [2022-09-21 00:22:34,070] {dagbag.py:507} INFO - Filling up the DagBag from /home/airflow/.local/lib/python3.7/site-packages/airflow/example_dags/example_skip_dag.py
[2022-09-21 00:22:34,079] {processor.py:651} INFO - DAG(s) dict_keys(['example_skip_dag']) retrieved from /home/airflow/.local/lib/python3.7/site-packages/airflow/example_dags/example_skip_dag.py
[2022-09-21 00:22:34,122] {logging_mixin.py:115} INFO - [2022-09-21 00:22:34,122] {dag.py:2371} INFO - Sync 1 DAGs
[2022-09-21 00:22:34,150] {logging_mixin.py:115} INFO - [2022-09-21 00:22:34,150] {dag.py:2919} INFO - Setting next_dagrun for example_skip_dag to 2022-09-20T00:22:34.149724+00:00, run_after=2022-09-21T00:22:34.149724+00:00
[2022-09-21 00:22:34,187] {processor.py:161} INFO - Processing /home/airflow/.local/lib/python3.7/site-packages/airflow/example_dags/example_skip_dag.py took 0.147 seconds
[2022-09-21 00:23:04,753] {processor.py:153} INFO - Started process (PID=22151) to work on /home/airflow/.local/lib/python3.7/site-packages/airflow/example_dags/example_skip_dag.py
[2022-09-21 00:23:04,754] {processor.py:641} INFO - Processing file /home/airflow/.local/lib/python3.7/site-packages/airflow/example_dags/example_skip_dag.py for tasks to queue
[2022-09-21 00:23:04,755] {logging_mixin.py:115} INFO - [2022-09-21 00:23:04,754] {dagbag.py:507} INFO - Filling up the DagBag from /home/airflow/.local/lib/python3.7/site-packages/airflow/example_dags/example_skip_dag.py
[2022-09-21 00:23:04,762] {processor.py:651} INFO - DAG(s) dict_keys(['example_skip_dag']) retrieved from /home/airflow/.local/lib/python3.7/site-packages/airflow/example_dags/example_skip_dag.py
[2022-09-21 00:23:04,807] {logging_mixin.py:115} INFO - [2022-09-21 00:23:04,807] {dag.py:2371} INFO - Sync 1 DAGs
[2022-09-21 00:23:04,848] {logging_mixin.py:115} INFO - [2022-09-21 00:23:04,848] {dag.py:2919} INFO - Setting next_dagrun for example_skip_dag to 2022-09-20T00:23:04.847686+00:00, run_after=2022-09-21T00:23:04.847686+00:00
[2022-09-21 00:23:04,912] {processor.py:161} INFO - Processing /home/airflow/.local/lib/python3.7/site-packages/airflow/example_dags/example_skip_dag.py took 0.164 seconds
[2022-09-21 00:23:35,222] {processor.py:153} INFO - Started process (PID=22212) to work on /home/airflow/.local/lib/python3.7/site-packages/airflow/example_dags/example_skip_dag.py
[2022-09-21 00:23:35,259] {processor.py:641} INFO - Processing file /home/airflow/.local/lib/python3.7/site-packages/airflow/example_dags/example_skip_dag.py for tasks to queue
[2022-09-21 00:23:35,260] {logging_mixin.py:115} INFO - [2022-09-21 00:23:35,259] {dagbag.py:507} INFO - Filling up the DagBag from /home/airflow/.local/lib/python3.7/site-packages/airflow/example_dags/example_skip_dag.py
[2022-09-21 00:23:35,269] {processor.py:651} INFO - DAG(s) dict_keys(['example_skip_dag']) retrieved from /home/airflow/.local/lib/python3.7/site-packages/airflow/example_dags/example_skip_dag.py
[2022-09-21 00:23:35,316] {logging_mixin.py:115} INFO - [2022-09-21 00:23:35,316] {dag.py:2371} INFO - Sync 1 DAGs
[2022-09-21 00:23:35,353] {logging_mixin.py:115} INFO - [2022-09-21 00:23:35,353] {dag.py:2919} INFO - Setting next_dagrun for example_skip_dag to 2022-09-20T00:23:35.353415+00:00, run_after=2022-09-21T00:23:35.353415+00:00
[2022-09-21 00:23:35,390] {processor.py:161} INFO - Processing /home/airflow/.local/lib/python3.7/site-packages/airflow/example_dags/example_skip_dag.py took 0.174 seconds
[2022-09-21 00:24:06,277] {processor.py:153} INFO - Started process (PID=22263) to work on /home/airflow/.local/lib/python3.7/site-packages/airflow/example_dags/example_skip_dag.py
[2022-09-21 00:24:06,278] {processor.py:641} INFO - Processing file /home/airflow/.local/lib/python3.7/site-packages/airflow/example_dags/example_skip_dag.py for tasks to queue
[2022-09-21 00:24:06,279] {logging_mixin.py:115} INFO - [2022-09-21 00:24:06,278] {dagbag.py:507} INFO - Filling up the DagBag from /home/airflow/.local/lib/python3.7/site-packages/airflow/example_dags/example_skip_dag.py
[2022-09-21 00:24:06,289] {processor.py:651} INFO - DAG(s) dict_keys(['example_skip_dag']) retrieved from /home/airflow/.local/lib/python3.7/site-packages/airflow/example_dags/example_skip_dag.py
[2022-09-21 00:24:06,339] {logging_mixin.py:115} INFO - [2022-09-21 00:24:06,339] {dag.py:2371} INFO - Sync 1 DAGs
[2022-09-21 00:24:06,394] {logging_mixin.py:115} INFO - [2022-09-21 00:24:06,394] {dag.py:2919} INFO - Setting next_dagrun for example_skip_dag to 2022-09-20T00:24:06.394204+00:00, run_after=2022-09-21T00:24:06.394204+00:00
[2022-09-21 00:24:06,438] {processor.py:161} INFO - Processing /home/airflow/.local/lib/python3.7/site-packages/airflow/example_dags/example_skip_dag.py took 0.167 seconds
[2022-09-21 00:24:36,843] {processor.py:153} INFO - Started process (PID=22321) to work on /home/airflow/.local/lib/python3.7/site-packages/airflow/example_dags/example_skip_dag.py
[2022-09-21 00:24:36,862] {processor.py:641} INFO - Processing file /home/airflow/.local/lib/python3.7/site-packages/airflow/example_dags/example_skip_dag.py for tasks to queue
[2022-09-21 00:24:36,863] {logging_mixin.py:115} INFO - [2022-09-21 00:24:36,863] {dagbag.py:507} INFO - Filling up the DagBag from /home/airflow/.local/lib/python3.7/site-packages/airflow/example_dags/example_skip_dag.py
[2022-09-21 00:24:36,873] {processor.py:651} INFO - DAG(s) dict_keys(['example_skip_dag']) retrieved from /home/airflow/.local/lib/python3.7/site-packages/airflow/example_dags/example_skip_dag.py
[2022-09-21 00:24:36,926] {logging_mixin.py:115} INFO - [2022-09-21 00:24:36,926] {dag.py:2371} INFO - Sync 1 DAGs
[2022-09-21 00:24:36,967] {logging_mixin.py:115} INFO - [2022-09-21 00:24:36,966] {dag.py:2919} INFO - Setting next_dagrun for example_skip_dag to 2022-09-20T00:24:36.966167+00:00, run_after=2022-09-21T00:24:36.966167+00:00
[2022-09-21 00:24:37,005] {processor.py:161} INFO - Processing /home/airflow/.local/lib/python3.7/site-packages/airflow/example_dags/example_skip_dag.py took 0.167 seconds
[2022-09-21 00:25:07,336] {processor.py:153} INFO - Started process (PID=22375) to work on /home/airflow/.local/lib/python3.7/site-packages/airflow/example_dags/example_skip_dag.py
[2022-09-21 00:25:07,337] {processor.py:641} INFO - Processing file /home/airflow/.local/lib/python3.7/site-packages/airflow/example_dags/example_skip_dag.py for tasks to queue
[2022-09-21 00:25:07,338] {logging_mixin.py:115} INFO - [2022-09-21 00:25:07,337] {dagbag.py:507} INFO - Filling up the DagBag from /home/airflow/.local/lib/python3.7/site-packages/airflow/example_dags/example_skip_dag.py
[2022-09-21 00:25:07,348] {processor.py:651} INFO - DAG(s) dict_keys(['example_skip_dag']) retrieved from /home/airflow/.local/lib/python3.7/site-packages/airflow/example_dags/example_skip_dag.py
[2022-09-21 00:25:07,380] {logging_mixin.py:115} INFO - [2022-09-21 00:25:07,380] {dag.py:2371} INFO - Sync 1 DAGs
[2022-09-21 00:25:07,406] {logging_mixin.py:115} INFO - [2022-09-21 00:25:07,406] {dag.py:2919} INFO - Setting next_dagrun for example_skip_dag to 2022-09-20T00:25:07.406554+00:00, run_after=2022-09-21T00:25:07.406554+00:00
[2022-09-21 00:25:07,436] {processor.py:161} INFO - Processing /home/airflow/.local/lib/python3.7/site-packages/airflow/example_dags/example_skip_dag.py took 0.104 seconds
[2022-09-21 00:25:37,702] {processor.py:153} INFO - Started process (PID=22428) to work on /home/airflow/.local/lib/python3.7/site-packages/airflow/example_dags/example_skip_dag.py
[2022-09-21 00:25:37,728] {processor.py:641} INFO - Processing file /home/airflow/.local/lib/python3.7/site-packages/airflow/example_dags/example_skip_dag.py for tasks to queue
[2022-09-21 00:25:37,729] {logging_mixin.py:115} INFO - [2022-09-21 00:25:37,728] {dagbag.py:507} INFO - Filling up the DagBag from /home/airflow/.local/lib/python3.7/site-packages/airflow/example_dags/example_skip_dag.py
[2022-09-21 00:25:37,737] {processor.py:651} INFO - DAG(s) dict_keys(['example_skip_dag']) retrieved from /home/airflow/.local/lib/python3.7/site-packages/airflow/example_dags/example_skip_dag.py
[2022-09-21 00:25:37,777] {logging_mixin.py:115} INFO - [2022-09-21 00:25:37,777] {dag.py:2371} INFO - Sync 1 DAGs
[2022-09-21 00:25:37,819] {logging_mixin.py:115} INFO - [2022-09-21 00:25:37,819] {dag.py:2919} INFO - Setting next_dagrun for example_skip_dag to 2022-09-20T00:25:37.819454+00:00, run_after=2022-09-21T00:25:37.819454+00:00
[2022-09-21 00:25:37,849] {processor.py:161} INFO - Processing /home/airflow/.local/lib/python3.7/site-packages/airflow/example_dags/example_skip_dag.py took 0.152 seconds
[2022-09-21 00:26:08,116] {processor.py:153} INFO - Started process (PID=22487) to work on /home/airflow/.local/lib/python3.7/site-packages/airflow/example_dags/example_skip_dag.py
[2022-09-21 00:26:08,117] {processor.py:641} INFO - Processing file /home/airflow/.local/lib/python3.7/site-packages/airflow/example_dags/example_skip_dag.py for tasks to queue
[2022-09-21 00:26:08,118] {logging_mixin.py:115} INFO - [2022-09-21 00:26:08,118] {dagbag.py:507} INFO - Filling up the DagBag from /home/airflow/.local/lib/python3.7/site-packages/airflow/example_dags/example_skip_dag.py
[2022-09-21 00:26:08,129] {processor.py:651} INFO - DAG(s) dict_keys(['example_skip_dag']) retrieved from /home/airflow/.local/lib/python3.7/site-packages/airflow/example_dags/example_skip_dag.py
[2022-09-21 00:26:08,163] {logging_mixin.py:115} INFO - [2022-09-21 00:26:08,163] {dag.py:2371} INFO - Sync 1 DAGs
[2022-09-21 00:26:08,201] {logging_mixin.py:115} INFO - [2022-09-21 00:26:08,201] {dag.py:2919} INFO - Setting next_dagrun for example_skip_dag to 2022-09-20T00:26:08.200611+00:00, run_after=2022-09-21T00:26:08.200611+00:00
[2022-09-21 00:26:08,231] {processor.py:161} INFO - Processing /home/airflow/.local/lib/python3.7/site-packages/airflow/example_dags/example_skip_dag.py took 0.119 seconds
[2022-09-21 00:26:39,124] {processor.py:153} INFO - Started process (PID=22539) to work on /home/airflow/.local/lib/python3.7/site-packages/airflow/example_dags/example_skip_dag.py
[2022-09-21 00:26:39,141] {processor.py:641} INFO - Processing file /home/airflow/.local/lib/python3.7/site-packages/airflow/example_dags/example_skip_dag.py for tasks to queue
[2022-09-21 00:26:39,142] {logging_mixin.py:115} INFO - [2022-09-21 00:26:39,142] {dagbag.py:507} INFO - Filling up the DagBag from /home/airflow/.local/lib/python3.7/site-packages/airflow/example_dags/example_skip_dag.py
[2022-09-21 00:26:39,149] {processor.py:651} INFO - DAG(s) dict_keys(['example_skip_dag']) retrieved from /home/airflow/.local/lib/python3.7/site-packages/airflow/example_dags/example_skip_dag.py
[2022-09-21 00:26:39,193] {logging_mixin.py:115} INFO - [2022-09-21 00:26:39,193] {dag.py:2371} INFO - Sync 1 DAGs
[2022-09-21 00:26:39,232] {logging_mixin.py:115} INFO - [2022-09-21 00:26:39,232] {dag.py:2919} INFO - Setting next_dagrun for example_skip_dag to 2022-09-20T00:26:39.231835+00:00, run_after=2022-09-21T00:26:39.231835+00:00
[2022-09-21 00:26:39,261] {processor.py:161} INFO - Processing /home/airflow/.local/lib/python3.7/site-packages/airflow/example_dags/example_skip_dag.py took 0.143 seconds
[2022-09-21 00:27:09,783] {processor.py:153} INFO - Started process (PID=22598) to work on /home/airflow/.local/lib/python3.7/site-packages/airflow/example_dags/example_skip_dag.py
[2022-09-21 00:27:09,784] {processor.py:641} INFO - Processing file /home/airflow/.local/lib/python3.7/site-packages/airflow/example_dags/example_skip_dag.py for tasks to queue
[2022-09-21 00:27:09,784] {logging_mixin.py:115} INFO - [2022-09-21 00:27:09,784] {dagbag.py:507} INFO - Filling up the DagBag from /home/airflow/.local/lib/python3.7/site-packages/airflow/example_dags/example_skip_dag.py
[2022-09-21 00:27:09,797] {processor.py:651} INFO - DAG(s) dict_keys(['example_skip_dag']) retrieved from /home/airflow/.local/lib/python3.7/site-packages/airflow/example_dags/example_skip_dag.py
[2022-09-21 00:27:09,866] {logging_mixin.py:115} INFO - [2022-09-21 00:27:09,866] {dag.py:2371} INFO - Sync 1 DAGs
[2022-09-21 00:27:09,926] {logging_mixin.py:115} INFO - [2022-09-21 00:27:09,926] {dag.py:2919} INFO - Setting next_dagrun for example_skip_dag to 2022-09-20T00:27:09.926142+00:00, run_after=2022-09-21T00:27:09.926142+00:00
[2022-09-21 00:27:09,950] {processor.py:161} INFO - Processing /home/airflow/.local/lib/python3.7/site-packages/airflow/example_dags/example_skip_dag.py took 0.182 seconds
[2022-09-21 00:27:40,781] {processor.py:153} INFO - Started process (PID=22652) to work on /home/airflow/.local/lib/python3.7/site-packages/airflow/example_dags/example_skip_dag.py
[2022-09-21 00:27:40,803] {processor.py:641} INFO - Processing file /home/airflow/.local/lib/python3.7/site-packages/airflow/example_dags/example_skip_dag.py for tasks to queue
[2022-09-21 00:27:40,803] {logging_mixin.py:115} INFO - [2022-09-21 00:27:40,803] {dagbag.py:507} INFO - Filling up the DagBag from /home/airflow/.local/lib/python3.7/site-packages/airflow/example_dags/example_skip_dag.py
[2022-09-21 00:27:40,810] {processor.py:651} INFO - DAG(s) dict_keys(['example_skip_dag']) retrieved from /home/airflow/.local/lib/python3.7/site-packages/airflow/example_dags/example_skip_dag.py
[2022-09-21 00:27:40,848] {logging_mixin.py:115} INFO - [2022-09-21 00:27:40,848] {dag.py:2371} INFO - Sync 1 DAGs
[2022-09-21 00:27:40,887] {logging_mixin.py:115} INFO - [2022-09-21 00:27:40,886] {dag.py:2919} INFO - Setting next_dagrun for example_skip_dag to 2022-09-20T00:27:40.886586+00:00, run_after=2022-09-21T00:27:40.886586+00:00
[2022-09-21 00:27:40,917] {processor.py:161} INFO - Processing /home/airflow/.local/lib/python3.7/site-packages/airflow/example_dags/example_skip_dag.py took 0.140 seconds
[2022-09-21 00:28:11,420] {processor.py:153} INFO - Started process (PID=22704) to work on /home/airflow/.local/lib/python3.7/site-packages/airflow/example_dags/example_skip_dag.py
[2022-09-21 00:28:11,421] {processor.py:641} INFO - Processing file /home/airflow/.local/lib/python3.7/site-packages/airflow/example_dags/example_skip_dag.py for tasks to queue
[2022-09-21 00:28:11,421] {logging_mixin.py:115} INFO - [2022-09-21 00:28:11,421] {dagbag.py:507} INFO - Filling up the DagBag from /home/airflow/.local/lib/python3.7/site-packages/airflow/example_dags/example_skip_dag.py
[2022-09-21 00:28:11,428] {processor.py:651} INFO - DAG(s) dict_keys(['example_skip_dag']) retrieved from /home/airflow/.local/lib/python3.7/site-packages/airflow/example_dags/example_skip_dag.py
[2022-09-21 00:28:11,471] {logging_mixin.py:115} INFO - [2022-09-21 00:28:11,470] {dag.py:2371} INFO - Sync 1 DAGs
[2022-09-21 00:28:11,504] {logging_mixin.py:115} INFO - [2022-09-21 00:28:11,504] {dag.py:2919} INFO - Setting next_dagrun for example_skip_dag to 2022-09-20T00:28:11.504122+00:00, run_after=2022-09-21T00:28:11.504122+00:00
[2022-09-21 00:28:11,542] {processor.py:161} INFO - Processing /home/airflow/.local/lib/python3.7/site-packages/airflow/example_dags/example_skip_dag.py took 0.125 seconds
[2022-09-21 00:28:42,197] {processor.py:153} INFO - Started process (PID=22766) to work on /home/airflow/.local/lib/python3.7/site-packages/airflow/example_dags/example_skip_dag.py
[2022-09-21 00:28:42,208] {processor.py:641} INFO - Processing file /home/airflow/.local/lib/python3.7/site-packages/airflow/example_dags/example_skip_dag.py for tasks to queue
[2022-09-21 00:28:42,209] {logging_mixin.py:115} INFO - [2022-09-21 00:28:42,209] {dagbag.py:507} INFO - Filling up the DagBag from /home/airflow/.local/lib/python3.7/site-packages/airflow/example_dags/example_skip_dag.py
[2022-09-21 00:28:42,219] {processor.py:651} INFO - DAG(s) dict_keys(['example_skip_dag']) retrieved from /home/airflow/.local/lib/python3.7/site-packages/airflow/example_dags/example_skip_dag.py
[2022-09-21 00:28:42,301] {logging_mixin.py:115} INFO - [2022-09-21 00:28:42,301] {dag.py:2371} INFO - Sync 1 DAGs
[2022-09-21 00:28:42,330] {logging_mixin.py:115} INFO - [2022-09-21 00:28:42,329] {dag.py:2919} INFO - Setting next_dagrun for example_skip_dag to 2022-09-20T00:28:42.329588+00:00, run_after=2022-09-21T00:28:42.329588+00:00
[2022-09-21 00:28:42,368] {processor.py:161} INFO - Processing /home/airflow/.local/lib/python3.7/site-packages/airflow/example_dags/example_skip_dag.py took 0.175 seconds
[2022-09-21 00:29:12,407] {processor.py:153} INFO - Started process (PID=22819) to work on /home/airflow/.local/lib/python3.7/site-packages/airflow/example_dags/example_skip_dag.py
[2022-09-21 00:29:12,408] {processor.py:641} INFO - Processing file /home/airflow/.local/lib/python3.7/site-packages/airflow/example_dags/example_skip_dag.py for tasks to queue
[2022-09-21 00:29:12,408] {logging_mixin.py:115} INFO - [2022-09-21 00:29:12,408] {dagbag.py:507} INFO - Filling up the DagBag from /home/airflow/.local/lib/python3.7/site-packages/airflow/example_dags/example_skip_dag.py
[2022-09-21 00:29:12,415] {processor.py:651} INFO - DAG(s) dict_keys(['example_skip_dag']) retrieved from /home/airflow/.local/lib/python3.7/site-packages/airflow/example_dags/example_skip_dag.py
[2022-09-21 00:29:12,447] {logging_mixin.py:115} INFO - [2022-09-21 00:29:12,446] {dag.py:2371} INFO - Sync 1 DAGs
[2022-09-21 00:29:12,474] {logging_mixin.py:115} INFO - [2022-09-21 00:29:12,474] {dag.py:2919} INFO - Setting next_dagrun for example_skip_dag to 2022-09-20T00:29:12.473943+00:00, run_after=2022-09-21T00:29:12.473943+00:00
[2022-09-21 00:29:12,503] {processor.py:161} INFO - Processing /home/airflow/.local/lib/python3.7/site-packages/airflow/example_dags/example_skip_dag.py took 0.099 seconds
[2022-09-21 00:29:42,646] {processor.py:153} INFO - Started process (PID=22881) to work on /home/airflow/.local/lib/python3.7/site-packages/airflow/example_dags/example_skip_dag.py
[2022-09-21 00:29:42,668] {processor.py:641} INFO - Processing file /home/airflow/.local/lib/python3.7/site-packages/airflow/example_dags/example_skip_dag.py for tasks to queue
[2022-09-21 00:29:42,669] {logging_mixin.py:115} INFO - [2022-09-21 00:29:42,669] {dagbag.py:507} INFO - Filling up the DagBag from /home/airflow/.local/lib/python3.7/site-packages/airflow/example_dags/example_skip_dag.py
[2022-09-21 00:29:42,679] {processor.py:651} INFO - DAG(s) dict_keys(['example_skip_dag']) retrieved from /home/airflow/.local/lib/python3.7/site-packages/airflow/example_dags/example_skip_dag.py
[2022-09-21 00:29:42,725] {logging_mixin.py:115} INFO - [2022-09-21 00:29:42,725] {dag.py:2371} INFO - Sync 1 DAGs
[2022-09-21 00:29:42,768] {logging_mixin.py:115} INFO - [2022-09-21 00:29:42,768] {dag.py:2919} INFO - Setting next_dagrun for example_skip_dag to 2022-09-20T00:29:42.767986+00:00, run_after=2022-09-21T00:29:42.767986+00:00
[2022-09-21 00:29:42,799] {processor.py:161} INFO - Processing /home/airflow/.local/lib/python3.7/site-packages/airflow/example_dags/example_skip_dag.py took 0.157 seconds
[2022-09-21 00:30:13,682] {processor.py:153} INFO - Started process (PID=22933) to work on /home/airflow/.local/lib/python3.7/site-packages/airflow/example_dags/example_skip_dag.py
[2022-09-21 00:30:13,688] {processor.py:641} INFO - Processing file /home/airflow/.local/lib/python3.7/site-packages/airflow/example_dags/example_skip_dag.py for tasks to queue
[2022-09-21 00:30:13,689] {logging_mixin.py:115} INFO - [2022-09-21 00:30:13,688] {dagbag.py:507} INFO - Filling up the DagBag from /home/airflow/.local/lib/python3.7/site-packages/airflow/example_dags/example_skip_dag.py
[2022-09-21 00:30:13,703] {processor.py:651} INFO - DAG(s) dict_keys(['example_skip_dag']) retrieved from /home/airflow/.local/lib/python3.7/site-packages/airflow/example_dags/example_skip_dag.py
[2022-09-21 00:30:13,772] {logging_mixin.py:115} INFO - [2022-09-21 00:30:13,772] {dag.py:2371} INFO - Sync 1 DAGs
[2022-09-21 00:30:13,863] {logging_mixin.py:115} INFO - [2022-09-21 00:30:13,863] {dag.py:2919} INFO - Setting next_dagrun for example_skip_dag to 2022-09-20T00:30:13.862809+00:00, run_after=2022-09-21T00:30:13.862809+00:00
[2022-09-21 00:30:13,975] {processor.py:161} INFO - Processing /home/airflow/.local/lib/python3.7/site-packages/airflow/example_dags/example_skip_dag.py took 0.298 seconds
[2022-09-21 00:30:44,694] {processor.py:153} INFO - Started process (PID=22995) to work on /home/airflow/.local/lib/python3.7/site-packages/airflow/example_dags/example_skip_dag.py
[2022-09-21 00:30:44,695] {processor.py:641} INFO - Processing file /home/airflow/.local/lib/python3.7/site-packages/airflow/example_dags/example_skip_dag.py for tasks to queue
[2022-09-21 00:30:44,696] {logging_mixin.py:115} INFO - [2022-09-21 00:30:44,696] {dagbag.py:507} INFO - Filling up the DagBag from /home/airflow/.local/lib/python3.7/site-packages/airflow/example_dags/example_skip_dag.py
[2022-09-21 00:30:44,706] {processor.py:651} INFO - DAG(s) dict_keys(['example_skip_dag']) retrieved from /home/airflow/.local/lib/python3.7/site-packages/airflow/example_dags/example_skip_dag.py
[2022-09-21 00:30:44,823] {logging_mixin.py:115} INFO - [2022-09-21 00:30:44,823] {dag.py:2371} INFO - Sync 1 DAGs
[2022-09-21 00:30:44,898] {logging_mixin.py:115} INFO - [2022-09-21 00:30:44,898] {dag.py:2919} INFO - Setting next_dagrun for example_skip_dag to 2022-09-20T00:30:44.898233+00:00, run_after=2022-09-21T00:30:44.898233+00:00
[2022-09-21 00:30:45,154] {processor.py:161} INFO - Processing /home/airflow/.local/lib/python3.7/site-packages/airflow/example_dags/example_skip_dag.py took 0.465 seconds
[2022-09-21 00:31:15,663] {processor.py:153} INFO - Started process (PID=23047) to work on /home/airflow/.local/lib/python3.7/site-packages/airflow/example_dags/example_skip_dag.py
[2022-09-21 00:31:15,697] {processor.py:641} INFO - Processing file /home/airflow/.local/lib/python3.7/site-packages/airflow/example_dags/example_skip_dag.py for tasks to queue
[2022-09-21 00:31:15,697] {logging_mixin.py:115} INFO - [2022-09-21 00:31:15,697] {dagbag.py:507} INFO - Filling up the DagBag from /home/airflow/.local/lib/python3.7/site-packages/airflow/example_dags/example_skip_dag.py
[2022-09-21 00:31:15,703] {processor.py:651} INFO - DAG(s) dict_keys(['example_skip_dag']) retrieved from /home/airflow/.local/lib/python3.7/site-packages/airflow/example_dags/example_skip_dag.py
[2022-09-21 00:31:15,734] {logging_mixin.py:115} INFO - [2022-09-21 00:31:15,734] {dag.py:2371} INFO - Sync 1 DAGs
[2022-09-21 00:31:15,767] {logging_mixin.py:115} INFO - [2022-09-21 00:31:15,767] {dag.py:2919} INFO - Setting next_dagrun for example_skip_dag to 2022-09-20T00:31:15.767350+00:00, run_after=2022-09-21T00:31:15.767350+00:00
[2022-09-21 00:31:15,893] {processor.py:161} INFO - Processing /home/airflow/.local/lib/python3.7/site-packages/airflow/example_dags/example_skip_dag.py took 0.234 seconds
[2022-09-21 00:31:46,722] {processor.py:153} INFO - Started process (PID=23106) to work on /home/airflow/.local/lib/python3.7/site-packages/airflow/example_dags/example_skip_dag.py
[2022-09-21 00:31:46,722] {processor.py:641} INFO - Processing file /home/airflow/.local/lib/python3.7/site-packages/airflow/example_dags/example_skip_dag.py for tasks to queue
[2022-09-21 00:31:46,723] {logging_mixin.py:115} INFO - [2022-09-21 00:31:46,723] {dagbag.py:507} INFO - Filling up the DagBag from /home/airflow/.local/lib/python3.7/site-packages/airflow/example_dags/example_skip_dag.py
[2022-09-21 00:31:46,730] {processor.py:651} INFO - DAG(s) dict_keys(['example_skip_dag']) retrieved from /home/airflow/.local/lib/python3.7/site-packages/airflow/example_dags/example_skip_dag.py
[2022-09-21 00:31:46,764] {logging_mixin.py:115} INFO - [2022-09-21 00:31:46,764] {dag.py:2371} INFO - Sync 1 DAGs
[2022-09-21 00:31:46,794] {logging_mixin.py:115} INFO - [2022-09-21 00:31:46,793] {dag.py:2919} INFO - Setting next_dagrun for example_skip_dag to 2022-09-20T00:31:46.793455+00:00, run_after=2022-09-21T00:31:46.793455+00:00
[2022-09-21 00:31:46,831] {processor.py:161} INFO - Processing /home/airflow/.local/lib/python3.7/site-packages/airflow/example_dags/example_skip_dag.py took 0.114 seconds
[2022-09-21 00:32:17,616] {processor.py:153} INFO - Started process (PID=23158) to work on /home/airflow/.local/lib/python3.7/site-packages/airflow/example_dags/example_skip_dag.py
[2022-09-21 00:32:17,625] {processor.py:641} INFO - Processing file /home/airflow/.local/lib/python3.7/site-packages/airflow/example_dags/example_skip_dag.py for tasks to queue
[2022-09-21 00:32:17,628] {logging_mixin.py:115} INFO - [2022-09-21 00:32:17,628] {dagbag.py:507} INFO - Filling up the DagBag from /home/airflow/.local/lib/python3.7/site-packages/airflow/example_dags/example_skip_dag.py
[2022-09-21 00:32:17,659] {processor.py:651} INFO - DAG(s) dict_keys(['example_skip_dag']) retrieved from /home/airflow/.local/lib/python3.7/site-packages/airflow/example_dags/example_skip_dag.py
[2022-09-21 00:32:17,708] {logging_mixin.py:115} INFO - [2022-09-21 00:32:17,708] {dag.py:2371} INFO - Sync 1 DAGs
[2022-09-21 00:32:17,747] {logging_mixin.py:115} INFO - [2022-09-21 00:32:17,747] {dag.py:2919} INFO - Setting next_dagrun for example_skip_dag to 2022-09-20T00:32:17.747400+00:00, run_after=2022-09-21T00:32:17.747400+00:00
[2022-09-21 00:32:17,766] {processor.py:161} INFO - Processing /home/airflow/.local/lib/python3.7/site-packages/airflow/example_dags/example_skip_dag.py took 0.166 seconds
[2022-09-21 00:32:48,204] {processor.py:153} INFO - Started process (PID=23219) to work on /home/airflow/.local/lib/python3.7/site-packages/airflow/example_dags/example_skip_dag.py
[2022-09-21 00:32:48,205] {processor.py:641} INFO - Processing file /home/airflow/.local/lib/python3.7/site-packages/airflow/example_dags/example_skip_dag.py for tasks to queue
[2022-09-21 00:32:48,205] {logging_mixin.py:115} INFO - [2022-09-21 00:32:48,205] {dagbag.py:507} INFO - Filling up the DagBag from /home/airflow/.local/lib/python3.7/site-packages/airflow/example_dags/example_skip_dag.py
[2022-09-21 00:32:48,214] {processor.py:651} INFO - DAG(s) dict_keys(['example_skip_dag']) retrieved from /home/airflow/.local/lib/python3.7/site-packages/airflow/example_dags/example_skip_dag.py
[2022-09-21 00:32:48,248] {logging_mixin.py:115} INFO - [2022-09-21 00:32:48,248] {dag.py:2371} INFO - Sync 1 DAGs
[2022-09-21 00:32:48,286] {logging_mixin.py:115} INFO - [2022-09-21 00:32:48,286] {dag.py:2919} INFO - Setting next_dagrun for example_skip_dag to 2022-09-20T00:32:48.286066+00:00, run_after=2022-09-21T00:32:48.286066+00:00
[2022-09-21 00:32:48,325] {processor.py:161} INFO - Processing /home/airflow/.local/lib/python3.7/site-packages/airflow/example_dags/example_skip_dag.py took 0.125 seconds
[2022-09-21 00:33:19,003] {processor.py:153} INFO - Started process (PID=23272) to work on /home/airflow/.local/lib/python3.7/site-packages/airflow/example_dags/example_skip_dag.py
[2022-09-21 00:33:19,004] {processor.py:641} INFO - Processing file /home/airflow/.local/lib/python3.7/site-packages/airflow/example_dags/example_skip_dag.py for tasks to queue
[2022-09-21 00:33:19,004] {logging_mixin.py:115} INFO - [2022-09-21 00:33:19,004] {dagbag.py:507} INFO - Filling up the DagBag from /home/airflow/.local/lib/python3.7/site-packages/airflow/example_dags/example_skip_dag.py
[2022-09-21 00:33:19,010] {processor.py:651} INFO - DAG(s) dict_keys(['example_skip_dag']) retrieved from /home/airflow/.local/lib/python3.7/site-packages/airflow/example_dags/example_skip_dag.py
[2022-09-21 00:33:19,042] {logging_mixin.py:115} INFO - [2022-09-21 00:33:19,042] {dag.py:2371} INFO - Sync 1 DAGs
[2022-09-21 00:33:19,078] {logging_mixin.py:115} INFO - [2022-09-21 00:33:19,078] {dag.py:2919} INFO - Setting next_dagrun for example_skip_dag to 2022-09-20T00:33:19.078098+00:00, run_after=2022-09-21T00:33:19.078098+00:00
[2022-09-21 00:33:19,115] {processor.py:161} INFO - Processing /home/airflow/.local/lib/python3.7/site-packages/airflow/example_dags/example_skip_dag.py took 0.116 seconds
[2022-09-21 00:33:49,734] {processor.py:153} INFO - Started process (PID=23332) to work on /home/airflow/.local/lib/python3.7/site-packages/airflow/example_dags/example_skip_dag.py
[2022-09-21 00:33:49,735] {processor.py:641} INFO - Processing file /home/airflow/.local/lib/python3.7/site-packages/airflow/example_dags/example_skip_dag.py for tasks to queue
[2022-09-21 00:33:49,736] {logging_mixin.py:115} INFO - [2022-09-21 00:33:49,736] {dagbag.py:507} INFO - Filling up the DagBag from /home/airflow/.local/lib/python3.7/site-packages/airflow/example_dags/example_skip_dag.py
[2022-09-21 00:33:49,747] {processor.py:651} INFO - DAG(s) dict_keys(['example_skip_dag']) retrieved from /home/airflow/.local/lib/python3.7/site-packages/airflow/example_dags/example_skip_dag.py
[2022-09-21 00:33:49,791] {logging_mixin.py:115} INFO - [2022-09-21 00:33:49,791] {dag.py:2371} INFO - Sync 1 DAGs
[2022-09-21 00:33:49,833] {logging_mixin.py:115} INFO - [2022-09-21 00:33:49,832] {dag.py:2919} INFO - Setting next_dagrun for example_skip_dag to 2022-09-20T00:33:49.832442+00:00, run_after=2022-09-21T00:33:49.832442+00:00
[2022-09-21 00:33:49,862] {processor.py:161} INFO - Processing /home/airflow/.local/lib/python3.7/site-packages/airflow/example_dags/example_skip_dag.py took 0.134 seconds
[2022-09-21 00:34:19,991] {processor.py:153} INFO - Started process (PID=23384) to work on /home/airflow/.local/lib/python3.7/site-packages/airflow/example_dags/example_skip_dag.py
[2022-09-21 00:34:20,024] {processor.py:641} INFO - Processing file /home/airflow/.local/lib/python3.7/site-packages/airflow/example_dags/example_skip_dag.py for tasks to queue
[2022-09-21 00:34:20,025] {logging_mixin.py:115} INFO - [2022-09-21 00:34:20,025] {dagbag.py:507} INFO - Filling up the DagBag from /home/airflow/.local/lib/python3.7/site-packages/airflow/example_dags/example_skip_dag.py
[2022-09-21 00:34:20,033] {processor.py:651} INFO - DAG(s) dict_keys(['example_skip_dag']) retrieved from /home/airflow/.local/lib/python3.7/site-packages/airflow/example_dags/example_skip_dag.py
[2022-09-21 00:34:20,073] {logging_mixin.py:115} INFO - [2022-09-21 00:34:20,073] {dag.py:2371} INFO - Sync 1 DAGs
[2022-09-21 00:34:20,113] {logging_mixin.py:115} INFO - [2022-09-21 00:34:20,113] {dag.py:2919} INFO - Setting next_dagrun for example_skip_dag to 2022-09-20T00:34:20.113227+00:00, run_after=2022-09-21T00:34:20.113227+00:00
[2022-09-21 00:34:20,153] {processor.py:161} INFO - Processing /home/airflow/.local/lib/python3.7/site-packages/airflow/example_dags/example_skip_dag.py took 0.166 seconds
[2022-09-21 00:34:50,414] {processor.py:153} INFO - Started process (PID=23443) to work on /home/airflow/.local/lib/python3.7/site-packages/airflow/example_dags/example_skip_dag.py
[2022-09-21 00:34:50,415] {processor.py:641} INFO - Processing file /home/airflow/.local/lib/python3.7/site-packages/airflow/example_dags/example_skip_dag.py for tasks to queue
[2022-09-21 00:34:50,416] {logging_mixin.py:115} INFO - [2022-09-21 00:34:50,415] {dagbag.py:507} INFO - Filling up the DagBag from /home/airflow/.local/lib/python3.7/site-packages/airflow/example_dags/example_skip_dag.py
[2022-09-21 00:34:50,424] {processor.py:651} INFO - DAG(s) dict_keys(['example_skip_dag']) retrieved from /home/airflow/.local/lib/python3.7/site-packages/airflow/example_dags/example_skip_dag.py
[2022-09-21 00:34:50,469] {logging_mixin.py:115} INFO - [2022-09-21 00:34:50,469] {dag.py:2371} INFO - Sync 1 DAGs
[2022-09-21 00:34:50,507] {logging_mixin.py:115} INFO - [2022-09-21 00:34:50,507] {dag.py:2919} INFO - Setting next_dagrun for example_skip_dag to 2022-09-20T00:34:50.507126+00:00, run_after=2022-09-21T00:34:50.507126+00:00
[2022-09-21 00:34:50,545] {processor.py:161} INFO - Processing /home/airflow/.local/lib/python3.7/site-packages/airflow/example_dags/example_skip_dag.py took 0.135 seconds
[2022-09-21 00:35:21,125] {processor.py:153} INFO - Started process (PID=23494) to work on /home/airflow/.local/lib/python3.7/site-packages/airflow/example_dags/example_skip_dag.py
[2022-09-21 00:35:21,126] {processor.py:641} INFO - Processing file /home/airflow/.local/lib/python3.7/site-packages/airflow/example_dags/example_skip_dag.py for tasks to queue
[2022-09-21 00:35:21,126] {logging_mixin.py:115} INFO - [2022-09-21 00:35:21,126] {dagbag.py:507} INFO - Filling up the DagBag from /home/airflow/.local/lib/python3.7/site-packages/airflow/example_dags/example_skip_dag.py
[2022-09-21 00:35:21,132] {processor.py:651} INFO - DAG(s) dict_keys(['example_skip_dag']) retrieved from /home/airflow/.local/lib/python3.7/site-packages/airflow/example_dags/example_skip_dag.py
[2022-09-21 00:35:21,166] {logging_mixin.py:115} INFO - [2022-09-21 00:35:21,166] {dag.py:2371} INFO - Sync 1 DAGs
[2022-09-21 00:35:21,202] {logging_mixin.py:115} INFO - [2022-09-21 00:35:21,202] {dag.py:2919} INFO - Setting next_dagrun for example_skip_dag to 2022-09-20T00:35:21.202110+00:00, run_after=2022-09-21T00:35:21.202110+00:00
[2022-09-21 00:35:21,225] {processor.py:161} INFO - Processing /home/airflow/.local/lib/python3.7/site-packages/airflow/example_dags/example_skip_dag.py took 0.104 seconds
[2022-09-21 00:35:51,431] {processor.py:153} INFO - Started process (PID=23553) to work on /home/airflow/.local/lib/python3.7/site-packages/airflow/example_dags/example_skip_dag.py
[2022-09-21 00:35:51,432] {processor.py:641} INFO - Processing file /home/airflow/.local/lib/python3.7/site-packages/airflow/example_dags/example_skip_dag.py for tasks to queue
[2022-09-21 00:35:51,433] {logging_mixin.py:115} INFO - [2022-09-21 00:35:51,432] {dagbag.py:507} INFO - Filling up the DagBag from /home/airflow/.local/lib/python3.7/site-packages/airflow/example_dags/example_skip_dag.py
[2022-09-21 00:35:51,459] {processor.py:651} INFO - DAG(s) dict_keys(['example_skip_dag']) retrieved from /home/airflow/.local/lib/python3.7/site-packages/airflow/example_dags/example_skip_dag.py
[2022-09-21 00:35:51,515] {logging_mixin.py:115} INFO - [2022-09-21 00:35:51,514] {dag.py:2371} INFO - Sync 1 DAGs
[2022-09-21 00:35:51,557] {logging_mixin.py:115} INFO - [2022-09-21 00:35:51,557] {dag.py:2919} INFO - Setting next_dagrun for example_skip_dag to 2022-09-20T00:35:51.556842+00:00, run_after=2022-09-21T00:35:51.556842+00:00
[2022-09-21 00:35:51,585] {processor.py:161} INFO - Processing /home/airflow/.local/lib/python3.7/site-packages/airflow/example_dags/example_skip_dag.py took 0.161 seconds
[2022-09-21 00:36:22,140] {processor.py:153} INFO - Started process (PID=23605) to work on /home/airflow/.local/lib/python3.7/site-packages/airflow/example_dags/example_skip_dag.py
[2022-09-21 00:36:22,268] {processor.py:641} INFO - Processing file /home/airflow/.local/lib/python3.7/site-packages/airflow/example_dags/example_skip_dag.py for tasks to queue
[2022-09-21 00:36:22,272] {logging_mixin.py:115} INFO - [2022-09-21 00:36:22,271] {dagbag.py:507} INFO - Filling up the DagBag from /home/airflow/.local/lib/python3.7/site-packages/airflow/example_dags/example_skip_dag.py
[2022-09-21 00:36:22,311] {processor.py:651} INFO - DAG(s) dict_keys(['example_skip_dag']) retrieved from /home/airflow/.local/lib/python3.7/site-packages/airflow/example_dags/example_skip_dag.py
[2022-09-21 00:36:22,368] {logging_mixin.py:115} INFO - [2022-09-21 00:36:22,368] {dag.py:2371} INFO - Sync 1 DAGs
[2022-09-21 00:36:22,397] {logging_mixin.py:115} INFO - [2022-09-21 00:36:22,397] {dag.py:2919} INFO - Setting next_dagrun for example_skip_dag to 2022-09-20T00:36:22.396615+00:00, run_after=2022-09-21T00:36:22.396615+00:00
[2022-09-21 00:36:22,799] {processor.py:161} INFO - Processing /home/airflow/.local/lib/python3.7/site-packages/airflow/example_dags/example_skip_dag.py took 0.664 seconds
