[2022-09-21 00:00:00,194] {processor.py:153} INFO - Started process (PID=19698) to work on /home/airflow/.local/lib/python3.7/site-packages/airflow/example_dags/example_dag_decorator.py
[2022-09-21 00:00:00,194] {processor.py:641} INFO - Processing file /home/airflow/.local/lib/python3.7/site-packages/airflow/example_dags/example_dag_decorator.py for tasks to queue
[2022-09-21 00:00:00,195] {logging_mixin.py:115} INFO - [2022-09-21 00:00:00,195] {dagbag.py:507} INFO - Filling up the DagBag from /home/airflow/.local/lib/python3.7/site-packages/airflow/example_dags/example_dag_decorator.py
[2022-09-21 00:00:00,264] {processor.py:651} INFO - DAG(s) dict_keys(['example_dag_decorator']) retrieved from /home/airflow/.local/lib/python3.7/site-packages/airflow/example_dags/example_dag_decorator.py
[2022-09-21 00:00:00,512] {logging_mixin.py:115} INFO - [2022-09-21 00:00:00,512] {dag.py:2371} INFO - Sync 1 DAGs
[2022-09-21 00:00:00,603] {logging_mixin.py:115} INFO - [2022-09-21 00:00:00,603] {dag.py:2919} INFO - Setting next_dagrun for example_dag_decorator to None, run_after=None
[2022-09-21 00:00:00,696] {processor.py:161} INFO - Processing /home/airflow/.local/lib/python3.7/site-packages/airflow/example_dags/example_dag_decorator.py took 0.508 seconds
[2022-09-21 00:00:31,118] {processor.py:153} INFO - Started process (PID=19753) to work on /home/airflow/.local/lib/python3.7/site-packages/airflow/example_dags/example_dag_decorator.py
[2022-09-21 00:00:31,153] {processor.py:641} INFO - Processing file /home/airflow/.local/lib/python3.7/site-packages/airflow/example_dags/example_dag_decorator.py for tasks to queue
[2022-09-21 00:00:31,154] {logging_mixin.py:115} INFO - [2022-09-21 00:00:31,154] {dagbag.py:507} INFO - Filling up the DagBag from /home/airflow/.local/lib/python3.7/site-packages/airflow/example_dags/example_dag_decorator.py
[2022-09-21 00:00:31,181] {processor.py:651} INFO - DAG(s) dict_keys(['example_dag_decorator']) retrieved from /home/airflow/.local/lib/python3.7/site-packages/airflow/example_dags/example_dag_decorator.py
[2022-09-21 00:00:31,264] {logging_mixin.py:115} INFO - [2022-09-21 00:00:31,264] {dag.py:2371} INFO - Sync 1 DAGs
[2022-09-21 00:00:31,289] {logging_mixin.py:115} INFO - [2022-09-21 00:00:31,289] {dag.py:2919} INFO - Setting next_dagrun for example_dag_decorator to None, run_after=None
[2022-09-21 00:00:31,329] {processor.py:161} INFO - Processing /home/airflow/.local/lib/python3.7/site-packages/airflow/example_dags/example_dag_decorator.py took 0.226 seconds
[2022-09-21 00:01:01,726] {processor.py:153} INFO - Started process (PID=19805) to work on /home/airflow/.local/lib/python3.7/site-packages/airflow/example_dags/example_dag_decorator.py
[2022-09-21 00:01:01,727] {processor.py:641} INFO - Processing file /home/airflow/.local/lib/python3.7/site-packages/airflow/example_dags/example_dag_decorator.py for tasks to queue
[2022-09-21 00:01:01,728] {logging_mixin.py:115} INFO - [2022-09-21 00:01:01,728] {dagbag.py:507} INFO - Filling up the DagBag from /home/airflow/.local/lib/python3.7/site-packages/airflow/example_dags/example_dag_decorator.py
[2022-09-21 00:01:01,807] {processor.py:651} INFO - DAG(s) dict_keys(['example_dag_decorator']) retrieved from /home/airflow/.local/lib/python3.7/site-packages/airflow/example_dags/example_dag_decorator.py
[2022-09-21 00:01:02,137] {logging_mixin.py:115} INFO - [2022-09-21 00:01:02,137] {dag.py:2371} INFO - Sync 1 DAGs
[2022-09-21 00:01:02,209] {logging_mixin.py:115} INFO - [2022-09-21 00:01:02,209] {dag.py:2919} INFO - Setting next_dagrun for example_dag_decorator to None, run_after=None
[2022-09-21 00:01:02,258] {processor.py:161} INFO - Processing /home/airflow/.local/lib/python3.7/site-packages/airflow/example_dags/example_dag_decorator.py took 0.546 seconds
[2022-09-21 00:01:33,049] {processor.py:153} INFO - Started process (PID=19865) to work on /home/airflow/.local/lib/python3.7/site-packages/airflow/example_dags/example_dag_decorator.py
[2022-09-21 00:01:33,255] {processor.py:641} INFO - Processing file /home/airflow/.local/lib/python3.7/site-packages/airflow/example_dags/example_dag_decorator.py for tasks to queue
[2022-09-21 00:01:33,256] {logging_mixin.py:115} INFO - [2022-09-21 00:01:33,256] {dagbag.py:507} INFO - Filling up the DagBag from /home/airflow/.local/lib/python3.7/site-packages/airflow/example_dags/example_dag_decorator.py
[2022-09-21 00:01:33,289] {processor.py:651} INFO - DAG(s) dict_keys(['example_dag_decorator']) retrieved from /home/airflow/.local/lib/python3.7/site-packages/airflow/example_dags/example_dag_decorator.py
[2022-09-21 00:01:33,324] {logging_mixin.py:115} INFO - [2022-09-21 00:01:33,324] {dag.py:2371} INFO - Sync 1 DAGs
[2022-09-21 00:01:33,364] {logging_mixin.py:115} INFO - [2022-09-21 00:01:33,364] {dag.py:2919} INFO - Setting next_dagrun for example_dag_decorator to None, run_after=None
[2022-09-21 00:01:34,422] {processor.py:161} INFO - Processing /home/airflow/.local/lib/python3.7/site-packages/airflow/example_dags/example_dag_decorator.py took 1.377 seconds
[2022-09-21 00:02:05,986] {processor.py:153} INFO - Started process (PID=19917) to work on /home/airflow/.local/lib/python3.7/site-packages/airflow/example_dags/example_dag_decorator.py
[2022-09-21 00:02:06,158] {processor.py:641} INFO - Processing file /home/airflow/.local/lib/python3.7/site-packages/airflow/example_dags/example_dag_decorator.py for tasks to queue
[2022-09-21 00:02:06,159] {logging_mixin.py:115} INFO - [2022-09-21 00:02:06,158] {dagbag.py:507} INFO - Filling up the DagBag from /home/airflow/.local/lib/python3.7/site-packages/airflow/example_dags/example_dag_decorator.py
[2022-09-21 00:02:06,203] {processor.py:651} INFO - DAG(s) dict_keys(['example_dag_decorator']) retrieved from /home/airflow/.local/lib/python3.7/site-packages/airflow/example_dags/example_dag_decorator.py
[2022-09-21 00:02:07,057] {logging_mixin.py:115} INFO - [2022-09-21 00:02:07,057] {dag.py:2371} INFO - Sync 1 DAGs
[2022-09-21 00:02:07,096] {logging_mixin.py:115} INFO - [2022-09-21 00:02:07,096] {dag.py:2919} INFO - Setting next_dagrun for example_dag_decorator to None, run_after=None
[2022-09-21 00:02:07,447] {processor.py:161} INFO - Processing /home/airflow/.local/lib/python3.7/site-packages/airflow/example_dags/example_dag_decorator.py took 1.466 seconds
[2022-09-21 00:02:37,597] {processor.py:153} INFO - Started process (PID=19969) to work on /home/airflow/.local/lib/python3.7/site-packages/airflow/example_dags/example_dag_decorator.py
[2022-09-21 00:02:37,626] {processor.py:641} INFO - Processing file /home/airflow/.local/lib/python3.7/site-packages/airflow/example_dags/example_dag_decorator.py for tasks to queue
[2022-09-21 00:02:37,631] {logging_mixin.py:115} INFO - [2022-09-21 00:02:37,627] {dagbag.py:507} INFO - Filling up the DagBag from /home/airflow/.local/lib/python3.7/site-packages/airflow/example_dags/example_dag_decorator.py
[2022-09-21 00:02:37,670] {processor.py:651} INFO - DAG(s) dict_keys(['example_dag_decorator']) retrieved from /home/airflow/.local/lib/python3.7/site-packages/airflow/example_dags/example_dag_decorator.py
[2022-09-21 00:02:37,798] {logging_mixin.py:115} INFO - [2022-09-21 00:02:37,798] {dag.py:2371} INFO - Sync 1 DAGs
[2022-09-21 00:02:37,833] {logging_mixin.py:115} INFO - [2022-09-21 00:02:37,833] {dag.py:2919} INFO - Setting next_dagrun for example_dag_decorator to None, run_after=None
[2022-09-21 00:02:37,885] {processor.py:161} INFO - Processing /home/airflow/.local/lib/python3.7/site-packages/airflow/example_dags/example_dag_decorator.py took 0.292 seconds
[2022-09-21 00:03:14,489] {processor.py:153} INFO - Started process (PID=20021) to work on /home/airflow/.local/lib/python3.7/site-packages/airflow/example_dags/example_dag_decorator.py
[2022-09-21 00:03:14,728] {processor.py:641} INFO - Processing file /home/airflow/.local/lib/python3.7/site-packages/airflow/example_dags/example_dag_decorator.py for tasks to queue
[2022-09-21 00:03:14,729] {logging_mixin.py:115} INFO - [2022-09-21 00:03:14,729] {dagbag.py:507} INFO - Filling up the DagBag from /home/airflow/.local/lib/python3.7/site-packages/airflow/example_dags/example_dag_decorator.py
[2022-09-21 00:03:14,773] {processor.py:651} INFO - DAG(s) dict_keys(['example_dag_decorator']) retrieved from /home/airflow/.local/lib/python3.7/site-packages/airflow/example_dags/example_dag_decorator.py
[2022-09-21 00:03:14,912] {logging_mixin.py:115} INFO - [2022-09-21 00:03:14,912] {dag.py:2371} INFO - Sync 1 DAGs
[2022-09-21 00:03:15,004] {logging_mixin.py:115} INFO - [2022-09-21 00:03:15,003] {dag.py:2919} INFO - Setting next_dagrun for example_dag_decorator to None, run_after=None
[2022-09-21 00:03:15,852] {processor.py:161} INFO - Processing /home/airflow/.local/lib/python3.7/site-packages/airflow/example_dags/example_dag_decorator.py took 1.397 seconds
[2022-09-21 00:03:46,124] {processor.py:153} INFO - Started process (PID=20075) to work on /home/airflow/.local/lib/python3.7/site-packages/airflow/example_dags/example_dag_decorator.py
[2022-09-21 00:03:46,125] {processor.py:641} INFO - Processing file /home/airflow/.local/lib/python3.7/site-packages/airflow/example_dags/example_dag_decorator.py for tasks to queue
[2022-09-21 00:03:46,126] {logging_mixin.py:115} INFO - [2022-09-21 00:03:46,125] {dagbag.py:507} INFO - Filling up the DagBag from /home/airflow/.local/lib/python3.7/site-packages/airflow/example_dags/example_dag_decorator.py
[2022-09-21 00:03:46,167] {processor.py:651} INFO - DAG(s) dict_keys(['example_dag_decorator']) retrieved from /home/airflow/.local/lib/python3.7/site-packages/airflow/example_dags/example_dag_decorator.py
[2022-09-21 00:03:46,293] {logging_mixin.py:115} INFO - [2022-09-21 00:03:46,293] {dag.py:2371} INFO - Sync 1 DAGs
[2022-09-21 00:03:46,328] {logging_mixin.py:115} INFO - [2022-09-21 00:03:46,328] {dag.py:2919} INFO - Setting next_dagrun for example_dag_decorator to None, run_after=None
[2022-09-21 00:03:46,576] {processor.py:161} INFO - Processing /home/airflow/.local/lib/python3.7/site-packages/airflow/example_dags/example_dag_decorator.py took 0.457 seconds
[2022-09-21 00:04:19,280] {processor.py:153} INFO - Started process (PID=20128) to work on /home/airflow/.local/lib/python3.7/site-packages/airflow/example_dags/example_dag_decorator.py
[2022-09-21 00:04:19,447] {processor.py:641} INFO - Processing file /home/airflow/.local/lib/python3.7/site-packages/airflow/example_dags/example_dag_decorator.py for tasks to queue
[2022-09-21 00:04:19,448] {logging_mixin.py:115} INFO - [2022-09-21 00:04:19,448] {dagbag.py:507} INFO - Filling up the DagBag from /home/airflow/.local/lib/python3.7/site-packages/airflow/example_dags/example_dag_decorator.py
[2022-09-21 00:04:19,492] {processor.py:651} INFO - DAG(s) dict_keys(['example_dag_decorator']) retrieved from /home/airflow/.local/lib/python3.7/site-packages/airflow/example_dags/example_dag_decorator.py
[2022-09-21 00:04:19,586] {logging_mixin.py:115} INFO - [2022-09-21 00:04:19,585] {dag.py:2371} INFO - Sync 1 DAGs
[2022-09-21 00:04:19,608] {logging_mixin.py:115} INFO - [2022-09-21 00:04:19,608] {dag.py:2919} INFO - Setting next_dagrun for example_dag_decorator to None, run_after=None
[2022-09-21 00:04:19,904] {processor.py:161} INFO - Processing /home/airflow/.local/lib/python3.7/site-packages/airflow/example_dags/example_dag_decorator.py took 0.632 seconds
[2022-09-21 00:04:50,444] {processor.py:153} INFO - Started process (PID=20180) to work on /home/airflow/.local/lib/python3.7/site-packages/airflow/example_dags/example_dag_decorator.py
[2022-09-21 00:04:50,515] {processor.py:641} INFO - Processing file /home/airflow/.local/lib/python3.7/site-packages/airflow/example_dags/example_dag_decorator.py for tasks to queue
[2022-09-21 00:04:50,515] {logging_mixin.py:115} INFO - [2022-09-21 00:04:50,515] {dagbag.py:507} INFO - Filling up the DagBag from /home/airflow/.local/lib/python3.7/site-packages/airflow/example_dags/example_dag_decorator.py
[2022-09-21 00:04:50,554] {processor.py:651} INFO - DAG(s) dict_keys(['example_dag_decorator']) retrieved from /home/airflow/.local/lib/python3.7/site-packages/airflow/example_dags/example_dag_decorator.py
[2022-09-21 00:04:50,586] {logging_mixin.py:115} INFO - [2022-09-21 00:04:50,586] {dag.py:2371} INFO - Sync 1 DAGs
[2022-09-21 00:04:50,615] {logging_mixin.py:115} INFO - [2022-09-21 00:04:50,615] {dag.py:2919} INFO - Setting next_dagrun for example_dag_decorator to None, run_after=None
[2022-09-21 00:04:51,248] {processor.py:161} INFO - Processing /home/airflow/.local/lib/python3.7/site-packages/airflow/example_dags/example_dag_decorator.py took 0.809 seconds
[2022-09-21 00:05:21,501] {processor.py:153} INFO - Started process (PID=20232) to work on /home/airflow/.local/lib/python3.7/site-packages/airflow/example_dags/example_dag_decorator.py
[2022-09-21 00:05:21,527] {processor.py:641} INFO - Processing file /home/airflow/.local/lib/python3.7/site-packages/airflow/example_dags/example_dag_decorator.py for tasks to queue
[2022-09-21 00:05:21,528] {logging_mixin.py:115} INFO - [2022-09-21 00:05:21,528] {dagbag.py:507} INFO - Filling up the DagBag from /home/airflow/.local/lib/python3.7/site-packages/airflow/example_dags/example_dag_decorator.py
[2022-09-21 00:05:21,726] {processor.py:651} INFO - DAG(s) dict_keys(['example_dag_decorator']) retrieved from /home/airflow/.local/lib/python3.7/site-packages/airflow/example_dags/example_dag_decorator.py
[2022-09-21 00:05:21,801] {logging_mixin.py:115} INFO - [2022-09-21 00:05:21,801] {dag.py:2371} INFO - Sync 1 DAGs
[2022-09-21 00:05:22,000] {logging_mixin.py:115} INFO - [2022-09-21 00:05:22,000] {dag.py:2919} INFO - Setting next_dagrun for example_dag_decorator to None, run_after=None
[2022-09-21 00:05:22,324] {processor.py:161} INFO - Processing /home/airflow/.local/lib/python3.7/site-packages/airflow/example_dags/example_dag_decorator.py took 0.844 seconds
[2022-09-21 00:05:53,161] {processor.py:153} INFO - Started process (PID=20293) to work on /home/airflow/.local/lib/python3.7/site-packages/airflow/example_dags/example_dag_decorator.py
[2022-09-21 00:05:53,180] {processor.py:641} INFO - Processing file /home/airflow/.local/lib/python3.7/site-packages/airflow/example_dags/example_dag_decorator.py for tasks to queue
[2022-09-21 00:05:53,181] {logging_mixin.py:115} INFO - [2022-09-21 00:05:53,181] {dagbag.py:507} INFO - Filling up the DagBag from /home/airflow/.local/lib/python3.7/site-packages/airflow/example_dags/example_dag_decorator.py
[2022-09-21 00:05:53,260] {processor.py:651} INFO - DAG(s) dict_keys(['example_dag_decorator']) retrieved from /home/airflow/.local/lib/python3.7/site-packages/airflow/example_dags/example_dag_decorator.py
[2022-09-21 00:05:53,312] {logging_mixin.py:115} INFO - [2022-09-21 00:05:53,312] {dag.py:2371} INFO - Sync 1 DAGs
[2022-09-21 00:05:53,441] {logging_mixin.py:115} INFO - [2022-09-21 00:05:53,441] {dag.py:2919} INFO - Setting next_dagrun for example_dag_decorator to None, run_after=None
[2022-09-21 00:05:53,705] {processor.py:161} INFO - Processing /home/airflow/.local/lib/python3.7/site-packages/airflow/example_dags/example_dag_decorator.py took 0.549 seconds
[2022-09-21 00:06:23,901] {processor.py:153} INFO - Started process (PID=20345) to work on /home/airflow/.local/lib/python3.7/site-packages/airflow/example_dags/example_dag_decorator.py
[2022-09-21 00:06:23,902] {processor.py:641} INFO - Processing file /home/airflow/.local/lib/python3.7/site-packages/airflow/example_dags/example_dag_decorator.py for tasks to queue
[2022-09-21 00:06:23,903] {logging_mixin.py:115} INFO - [2022-09-21 00:06:23,902] {dagbag.py:507} INFO - Filling up the DagBag from /home/airflow/.local/lib/python3.7/site-packages/airflow/example_dags/example_dag_decorator.py
[2022-09-21 00:06:23,931] {processor.py:651} INFO - DAG(s) dict_keys(['example_dag_decorator']) retrieved from /home/airflow/.local/lib/python3.7/site-packages/airflow/example_dags/example_dag_decorator.py
[2022-09-21 00:06:24,016] {logging_mixin.py:115} INFO - [2022-09-21 00:06:24,016] {dag.py:2371} INFO - Sync 1 DAGs
[2022-09-21 00:06:24,037] {logging_mixin.py:115} INFO - [2022-09-21 00:06:24,037] {dag.py:2919} INFO - Setting next_dagrun for example_dag_decorator to None, run_after=None
[2022-09-21 00:06:24,214] {processor.py:161} INFO - Processing /home/airflow/.local/lib/python3.7/site-packages/airflow/example_dags/example_dag_decorator.py took 0.319 seconds
[2022-09-21 00:06:54,301] {processor.py:153} INFO - Started process (PID=20396) to work on /home/airflow/.local/lib/python3.7/site-packages/airflow/example_dags/example_dag_decorator.py
[2022-09-21 00:06:54,302] {processor.py:641} INFO - Processing file /home/airflow/.local/lib/python3.7/site-packages/airflow/example_dags/example_dag_decorator.py for tasks to queue
[2022-09-21 00:06:54,302] {logging_mixin.py:115} INFO - [2022-09-21 00:06:54,302] {dagbag.py:507} INFO - Filling up the DagBag from /home/airflow/.local/lib/python3.7/site-packages/airflow/example_dags/example_dag_decorator.py
[2022-09-21 00:06:54,335] {processor.py:651} INFO - DAG(s) dict_keys(['example_dag_decorator']) retrieved from /home/airflow/.local/lib/python3.7/site-packages/airflow/example_dags/example_dag_decorator.py
[2022-09-21 00:06:54,437] {logging_mixin.py:115} INFO - [2022-09-21 00:06:54,437] {dag.py:2371} INFO - Sync 1 DAGs
[2022-09-21 00:06:54,463] {logging_mixin.py:115} INFO - [2022-09-21 00:06:54,463] {dag.py:2919} INFO - Setting next_dagrun for example_dag_decorator to None, run_after=None
[2022-09-21 00:06:54,486] {processor.py:161} INFO - Processing /home/airflow/.local/lib/python3.7/site-packages/airflow/example_dags/example_dag_decorator.py took 0.190 seconds
[2022-09-21 00:07:24,798] {processor.py:153} INFO - Started process (PID=20458) to work on /home/airflow/.local/lib/python3.7/site-packages/airflow/example_dags/example_dag_decorator.py
[2022-09-21 00:07:24,799] {processor.py:641} INFO - Processing file /home/airflow/.local/lib/python3.7/site-packages/airflow/example_dags/example_dag_decorator.py for tasks to queue
[2022-09-21 00:07:24,800] {logging_mixin.py:115} INFO - [2022-09-21 00:07:24,799] {dagbag.py:507} INFO - Filling up the DagBag from /home/airflow/.local/lib/python3.7/site-packages/airflow/example_dags/example_dag_decorator.py
[2022-09-21 00:07:24,829] {processor.py:651} INFO - DAG(s) dict_keys(['example_dag_decorator']) retrieved from /home/airflow/.local/lib/python3.7/site-packages/airflow/example_dags/example_dag_decorator.py
[2022-09-21 00:07:24,859] {logging_mixin.py:115} INFO - [2022-09-21 00:07:24,859] {dag.py:2371} INFO - Sync 1 DAGs
[2022-09-21 00:07:24,885] {logging_mixin.py:115} INFO - [2022-09-21 00:07:24,885] {dag.py:2919} INFO - Setting next_dagrun for example_dag_decorator to None, run_after=None
[2022-09-21 00:07:24,910] {processor.py:161} INFO - Processing /home/airflow/.local/lib/python3.7/site-packages/airflow/example_dags/example_dag_decorator.py took 0.115 seconds
[2022-09-21 00:07:55,214] {processor.py:153} INFO - Started process (PID=20509) to work on /home/airflow/.local/lib/python3.7/site-packages/airflow/example_dags/example_dag_decorator.py
[2022-09-21 00:07:55,215] {processor.py:641} INFO - Processing file /home/airflow/.local/lib/python3.7/site-packages/airflow/example_dags/example_dag_decorator.py for tasks to queue
[2022-09-21 00:07:55,215] {logging_mixin.py:115} INFO - [2022-09-21 00:07:55,215] {dagbag.py:507} INFO - Filling up the DagBag from /home/airflow/.local/lib/python3.7/site-packages/airflow/example_dags/example_dag_decorator.py
[2022-09-21 00:07:55,252] {processor.py:651} INFO - DAG(s) dict_keys(['example_dag_decorator']) retrieved from /home/airflow/.local/lib/python3.7/site-packages/airflow/example_dags/example_dag_decorator.py
[2022-09-21 00:07:55,358] {logging_mixin.py:115} INFO - [2022-09-21 00:07:55,357] {dag.py:2371} INFO - Sync 1 DAGs
[2022-09-21 00:07:55,387] {logging_mixin.py:115} INFO - [2022-09-21 00:07:55,387] {dag.py:2919} INFO - Setting next_dagrun for example_dag_decorator to None, run_after=None
[2022-09-21 00:07:55,411] {processor.py:161} INFO - Processing /home/airflow/.local/lib/python3.7/site-packages/airflow/example_dags/example_dag_decorator.py took 0.202 seconds
[2022-09-21 00:08:26,271] {processor.py:153} INFO - Started process (PID=20570) to work on /home/airflow/.local/lib/python3.7/site-packages/airflow/example_dags/example_dag_decorator.py
[2022-09-21 00:08:26,272] {processor.py:641} INFO - Processing file /home/airflow/.local/lib/python3.7/site-packages/airflow/example_dags/example_dag_decorator.py for tasks to queue
[2022-09-21 00:08:26,273] {logging_mixin.py:115} INFO - [2022-09-21 00:08:26,273] {dagbag.py:507} INFO - Filling up the DagBag from /home/airflow/.local/lib/python3.7/site-packages/airflow/example_dags/example_dag_decorator.py
[2022-09-21 00:08:26,313] {processor.py:651} INFO - DAG(s) dict_keys(['example_dag_decorator']) retrieved from /home/airflow/.local/lib/python3.7/site-packages/airflow/example_dags/example_dag_decorator.py
[2022-09-21 00:08:26,356] {logging_mixin.py:115} INFO - [2022-09-21 00:08:26,356] {dag.py:2371} INFO - Sync 1 DAGs
[2022-09-21 00:08:26,399] {logging_mixin.py:115} INFO - [2022-09-21 00:08:26,399] {dag.py:2919} INFO - Setting next_dagrun for example_dag_decorator to None, run_after=None
[2022-09-21 00:08:26,427] {processor.py:161} INFO - Processing /home/airflow/.local/lib/python3.7/site-packages/airflow/example_dags/example_dag_decorator.py took 0.162 seconds
[2022-09-21 00:08:57,446] {processor.py:153} INFO - Started process (PID=20622) to work on /home/airflow/.local/lib/python3.7/site-packages/airflow/example_dags/example_dag_decorator.py
[2022-09-21 00:08:57,472] {processor.py:641} INFO - Processing file /home/airflow/.local/lib/python3.7/site-packages/airflow/example_dags/example_dag_decorator.py for tasks to queue
[2022-09-21 00:08:57,473] {logging_mixin.py:115} INFO - [2022-09-21 00:08:57,473] {dagbag.py:507} INFO - Filling up the DagBag from /home/airflow/.local/lib/python3.7/site-packages/airflow/example_dags/example_dag_decorator.py
[2022-09-21 00:08:57,500] {processor.py:651} INFO - DAG(s) dict_keys(['example_dag_decorator']) retrieved from /home/airflow/.local/lib/python3.7/site-packages/airflow/example_dags/example_dag_decorator.py
[2022-09-21 00:08:57,592] {logging_mixin.py:115} INFO - [2022-09-21 00:08:57,592] {dag.py:2371} INFO - Sync 1 DAGs
[2022-09-21 00:08:57,625] {logging_mixin.py:115} INFO - [2022-09-21 00:08:57,625] {dag.py:2919} INFO - Setting next_dagrun for example_dag_decorator to None, run_after=None
[2022-09-21 00:08:57,659] {processor.py:161} INFO - Processing /home/airflow/.local/lib/python3.7/site-packages/airflow/example_dags/example_dag_decorator.py took 0.216 seconds
[2022-09-21 00:09:28,032] {processor.py:153} INFO - Started process (PID=20681) to work on /home/airflow/.local/lib/python3.7/site-packages/airflow/example_dags/example_dag_decorator.py
[2022-09-21 00:09:28,052] {processor.py:641} INFO - Processing file /home/airflow/.local/lib/python3.7/site-packages/airflow/example_dags/example_dag_decorator.py for tasks to queue
[2022-09-21 00:09:28,052] {logging_mixin.py:115} INFO - [2022-09-21 00:09:28,052] {dagbag.py:507} INFO - Filling up the DagBag from /home/airflow/.local/lib/python3.7/site-packages/airflow/example_dags/example_dag_decorator.py
[2022-09-21 00:09:28,091] {processor.py:651} INFO - DAG(s) dict_keys(['example_dag_decorator']) retrieved from /home/airflow/.local/lib/python3.7/site-packages/airflow/example_dags/example_dag_decorator.py
[2022-09-21 00:09:28,136] {logging_mixin.py:115} INFO - [2022-09-21 00:09:28,136] {dag.py:2371} INFO - Sync 1 DAGs
[2022-09-21 00:09:28,176] {logging_mixin.py:115} INFO - [2022-09-21 00:09:28,176] {dag.py:2919} INFO - Setting next_dagrun for example_dag_decorator to None, run_after=None
[2022-09-21 00:09:28,193] {processor.py:161} INFO - Processing /home/airflow/.local/lib/python3.7/site-packages/airflow/example_dags/example_dag_decorator.py took 0.165 seconds
[2022-09-21 00:09:58,709] {processor.py:153} INFO - Started process (PID=20732) to work on /home/airflow/.local/lib/python3.7/site-packages/airflow/example_dags/example_dag_decorator.py
[2022-09-21 00:09:58,709] {processor.py:641} INFO - Processing file /home/airflow/.local/lib/python3.7/site-packages/airflow/example_dags/example_dag_decorator.py for tasks to queue
[2022-09-21 00:09:58,710] {logging_mixin.py:115} INFO - [2022-09-21 00:09:58,710] {dagbag.py:507} INFO - Filling up the DagBag from /home/airflow/.local/lib/python3.7/site-packages/airflow/example_dags/example_dag_decorator.py
[2022-09-21 00:09:58,755] {processor.py:651} INFO - DAG(s) dict_keys(['example_dag_decorator']) retrieved from /home/airflow/.local/lib/python3.7/site-packages/airflow/example_dags/example_dag_decorator.py
[2022-09-21 00:09:58,858] {logging_mixin.py:115} INFO - [2022-09-21 00:09:58,858] {dag.py:2371} INFO - Sync 1 DAGs
[2022-09-21 00:09:58,890] {logging_mixin.py:115} INFO - [2022-09-21 00:09:58,889] {dag.py:2919} INFO - Setting next_dagrun for example_dag_decorator to None, run_after=None
[2022-09-21 00:09:58,931] {processor.py:161} INFO - Processing /home/airflow/.local/lib/python3.7/site-packages/airflow/example_dags/example_dag_decorator.py took 0.227 seconds
[2022-09-21 00:10:28,991] {processor.py:153} INFO - Started process (PID=20793) to work on /home/airflow/.local/lib/python3.7/site-packages/airflow/example_dags/example_dag_decorator.py
[2022-09-21 00:10:29,003] {processor.py:641} INFO - Processing file /home/airflow/.local/lib/python3.7/site-packages/airflow/example_dags/example_dag_decorator.py for tasks to queue
[2022-09-21 00:10:29,004] {logging_mixin.py:115} INFO - [2022-09-21 00:10:29,004] {dagbag.py:507} INFO - Filling up the DagBag from /home/airflow/.local/lib/python3.7/site-packages/airflow/example_dags/example_dag_decorator.py
[2022-09-21 00:10:29,048] {processor.py:651} INFO - DAG(s) dict_keys(['example_dag_decorator']) retrieved from /home/airflow/.local/lib/python3.7/site-packages/airflow/example_dags/example_dag_decorator.py
[2022-09-21 00:10:29,208] {logging_mixin.py:115} INFO - [2022-09-21 00:10:29,208] {dag.py:2371} INFO - Sync 1 DAGs
[2022-09-21 00:10:29,242] {logging_mixin.py:115} INFO - [2022-09-21 00:10:29,241] {dag.py:2919} INFO - Setting next_dagrun for example_dag_decorator to None, run_after=None
[2022-09-21 00:10:29,279] {processor.py:161} INFO - Processing /home/airflow/.local/lib/python3.7/site-packages/airflow/example_dags/example_dag_decorator.py took 0.292 seconds
[2022-09-21 00:11:00,061] {processor.py:153} INFO - Started process (PID=20845) to work on /home/airflow/.local/lib/python3.7/site-packages/airflow/example_dags/example_dag_decorator.py
[2022-09-21 00:11:00,062] {processor.py:641} INFO - Processing file /home/airflow/.local/lib/python3.7/site-packages/airflow/example_dags/example_dag_decorator.py for tasks to queue
[2022-09-21 00:11:00,062] {logging_mixin.py:115} INFO - [2022-09-21 00:11:00,062] {dagbag.py:507} INFO - Filling up the DagBag from /home/airflow/.local/lib/python3.7/site-packages/airflow/example_dags/example_dag_decorator.py
[2022-09-21 00:11:00,101] {processor.py:651} INFO - DAG(s) dict_keys(['example_dag_decorator']) retrieved from /home/airflow/.local/lib/python3.7/site-packages/airflow/example_dags/example_dag_decorator.py
[2022-09-21 00:11:00,138] {logging_mixin.py:115} INFO - [2022-09-21 00:11:00,138] {dag.py:2371} INFO - Sync 1 DAGs
[2022-09-21 00:11:00,169] {logging_mixin.py:115} INFO - [2022-09-21 00:11:00,169] {dag.py:2919} INFO - Setting next_dagrun for example_dag_decorator to None, run_after=None
[2022-09-21 00:11:00,202] {processor.py:161} INFO - Processing /home/airflow/.local/lib/python3.7/site-packages/airflow/example_dags/example_dag_decorator.py took 0.146 seconds
[2022-09-21 00:11:30,640] {processor.py:153} INFO - Started process (PID=20897) to work on /home/airflow/.local/lib/python3.7/site-packages/airflow/example_dags/example_dag_decorator.py
[2022-09-21 00:11:30,706] {processor.py:641} INFO - Processing file /home/airflow/.local/lib/python3.7/site-packages/airflow/example_dags/example_dag_decorator.py for tasks to queue
[2022-09-21 00:11:30,706] {logging_mixin.py:115} INFO - [2022-09-21 00:11:30,706] {dagbag.py:507} INFO - Filling up the DagBag from /home/airflow/.local/lib/python3.7/site-packages/airflow/example_dags/example_dag_decorator.py
[2022-09-21 00:11:30,740] {processor.py:651} INFO - DAG(s) dict_keys(['example_dag_decorator']) retrieved from /home/airflow/.local/lib/python3.7/site-packages/airflow/example_dags/example_dag_decorator.py
[2022-09-21 00:11:30,773] {logging_mixin.py:115} INFO - [2022-09-21 00:11:30,773] {dag.py:2371} INFO - Sync 1 DAGs
[2022-09-21 00:11:30,806] {logging_mixin.py:115} INFO - [2022-09-21 00:11:30,805] {dag.py:2919} INFO - Setting next_dagrun for example_dag_decorator to None, run_after=None
[2022-09-21 00:11:30,827] {processor.py:161} INFO - Processing /home/airflow/.local/lib/python3.7/site-packages/airflow/example_dags/example_dag_decorator.py took 0.191 seconds
[2022-09-21 00:12:01,602] {processor.py:153} INFO - Started process (PID=20958) to work on /home/airflow/.local/lib/python3.7/site-packages/airflow/example_dags/example_dag_decorator.py
[2022-09-21 00:12:01,602] {processor.py:641} INFO - Processing file /home/airflow/.local/lib/python3.7/site-packages/airflow/example_dags/example_dag_decorator.py for tasks to queue
[2022-09-21 00:12:01,603] {logging_mixin.py:115} INFO - [2022-09-21 00:12:01,603] {dagbag.py:507} INFO - Filling up the DagBag from /home/airflow/.local/lib/python3.7/site-packages/airflow/example_dags/example_dag_decorator.py
[2022-09-21 00:12:01,630] {processor.py:651} INFO - DAG(s) dict_keys(['example_dag_decorator']) retrieved from /home/airflow/.local/lib/python3.7/site-packages/airflow/example_dags/example_dag_decorator.py
[2022-09-21 00:12:01,743] {logging_mixin.py:115} INFO - [2022-09-21 00:12:01,743] {dag.py:2371} INFO - Sync 1 DAGs
[2022-09-21 00:12:01,767] {logging_mixin.py:115} INFO - [2022-09-21 00:12:01,767] {dag.py:2919} INFO - Setting next_dagrun for example_dag_decorator to None, run_after=None
[2022-09-21 00:12:01,804] {processor.py:161} INFO - Processing /home/airflow/.local/lib/python3.7/site-packages/airflow/example_dags/example_dag_decorator.py took 0.206 seconds
[2022-09-21 00:12:32,108] {processor.py:153} INFO - Started process (PID=21012) to work on /home/airflow/.local/lib/python3.7/site-packages/airflow/example_dags/example_dag_decorator.py
[2022-09-21 00:12:32,120] {processor.py:641} INFO - Processing file /home/airflow/.local/lib/python3.7/site-packages/airflow/example_dags/example_dag_decorator.py for tasks to queue
[2022-09-21 00:12:32,121] {logging_mixin.py:115} INFO - [2022-09-21 00:12:32,121] {dagbag.py:507} INFO - Filling up the DagBag from /home/airflow/.local/lib/python3.7/site-packages/airflow/example_dags/example_dag_decorator.py
[2022-09-21 00:12:32,165] {processor.py:651} INFO - DAG(s) dict_keys(['example_dag_decorator']) retrieved from /home/airflow/.local/lib/python3.7/site-packages/airflow/example_dags/example_dag_decorator.py
[2022-09-21 00:12:32,298] {logging_mixin.py:115} INFO - [2022-09-21 00:12:32,297] {dag.py:2371} INFO - Sync 1 DAGs
[2022-09-21 00:12:32,346] {logging_mixin.py:115} INFO - [2022-09-21 00:12:32,346] {dag.py:2919} INFO - Setting next_dagrun for example_dag_decorator to None, run_after=None
[2022-09-21 00:12:32,410] {processor.py:161} INFO - Processing /home/airflow/.local/lib/python3.7/site-packages/airflow/example_dags/example_dag_decorator.py took 0.307 seconds
[2022-09-21 00:13:02,805] {processor.py:153} INFO - Started process (PID=21073) to work on /home/airflow/.local/lib/python3.7/site-packages/airflow/example_dags/example_dag_decorator.py
[2022-09-21 00:13:02,805] {processor.py:641} INFO - Processing file /home/airflow/.local/lib/python3.7/site-packages/airflow/example_dags/example_dag_decorator.py for tasks to queue
[2022-09-21 00:13:02,806] {logging_mixin.py:115} INFO - [2022-09-21 00:13:02,806] {dagbag.py:507} INFO - Filling up the DagBag from /home/airflow/.local/lib/python3.7/site-packages/airflow/example_dags/example_dag_decorator.py
[2022-09-21 00:13:02,850] {processor.py:651} INFO - DAG(s) dict_keys(['example_dag_decorator']) retrieved from /home/airflow/.local/lib/python3.7/site-packages/airflow/example_dags/example_dag_decorator.py
[2022-09-21 00:13:02,897] {logging_mixin.py:115} INFO - [2022-09-21 00:13:02,897] {dag.py:2371} INFO - Sync 1 DAGs
[2022-09-21 00:13:02,936] {logging_mixin.py:115} INFO - [2022-09-21 00:13:02,936] {dag.py:2919} INFO - Setting next_dagrun for example_dag_decorator to None, run_after=None
[2022-09-21 00:13:02,964] {processor.py:161} INFO - Processing /home/airflow/.local/lib/python3.7/site-packages/airflow/example_dags/example_dag_decorator.py took 0.164 seconds
[2022-09-21 00:13:33,770] {processor.py:153} INFO - Started process (PID=21124) to work on /home/airflow/.local/lib/python3.7/site-packages/airflow/example_dags/example_dag_decorator.py
[2022-09-21 00:13:34,186] {processor.py:641} INFO - Processing file /home/airflow/.local/lib/python3.7/site-packages/airflow/example_dags/example_dag_decorator.py for tasks to queue
[2022-09-21 00:13:34,186] {logging_mixin.py:115} INFO - [2022-09-21 00:13:34,186] {dagbag.py:507} INFO - Filling up the DagBag from /home/airflow/.local/lib/python3.7/site-packages/airflow/example_dags/example_dag_decorator.py
[2022-09-21 00:13:34,237] {processor.py:651} INFO - DAG(s) dict_keys(['example_dag_decorator']) retrieved from /home/airflow/.local/lib/python3.7/site-packages/airflow/example_dags/example_dag_decorator.py
[2022-09-21 00:13:34,282] {logging_mixin.py:115} INFO - [2022-09-21 00:13:34,282] {dag.py:2371} INFO - Sync 1 DAGs
[2022-09-21 00:13:34,325] {logging_mixin.py:115} INFO - [2022-09-21 00:13:34,324] {dag.py:2919} INFO - Setting next_dagrun for example_dag_decorator to None, run_after=None
[2022-09-21 00:13:34,443] {processor.py:161} INFO - Processing /home/airflow/.local/lib/python3.7/site-packages/airflow/example_dags/example_dag_decorator.py took 0.696 seconds
[2022-09-21 00:14:05,117] {processor.py:153} INFO - Started process (PID=21184) to work on /home/airflow/.local/lib/python3.7/site-packages/airflow/example_dags/example_dag_decorator.py
[2022-09-21 00:14:05,117] {processor.py:641} INFO - Processing file /home/airflow/.local/lib/python3.7/site-packages/airflow/example_dags/example_dag_decorator.py for tasks to queue
[2022-09-21 00:14:05,118] {logging_mixin.py:115} INFO - [2022-09-21 00:14:05,118] {dagbag.py:507} INFO - Filling up the DagBag from /home/airflow/.local/lib/python3.7/site-packages/airflow/example_dags/example_dag_decorator.py
[2022-09-21 00:14:05,246] {processor.py:651} INFO - DAG(s) dict_keys(['example_dag_decorator']) retrieved from /home/airflow/.local/lib/python3.7/site-packages/airflow/example_dags/example_dag_decorator.py
[2022-09-21 00:14:05,510] {logging_mixin.py:115} INFO - [2022-09-21 00:14:05,510] {dag.py:2371} INFO - Sync 1 DAGs
[2022-09-21 00:14:05,551] {logging_mixin.py:115} INFO - [2022-09-21 00:14:05,551] {dag.py:2919} INFO - Setting next_dagrun for example_dag_decorator to None, run_after=None
[2022-09-21 00:14:05,591] {processor.py:161} INFO - Processing /home/airflow/.local/lib/python3.7/site-packages/airflow/example_dags/example_dag_decorator.py took 0.489 seconds
[2022-09-21 00:14:36,254] {processor.py:153} INFO - Started process (PID=21236) to work on /home/airflow/.local/lib/python3.7/site-packages/airflow/example_dags/example_dag_decorator.py
[2022-09-21 00:14:36,400] {processor.py:641} INFO - Processing file /home/airflow/.local/lib/python3.7/site-packages/airflow/example_dags/example_dag_decorator.py for tasks to queue
[2022-09-21 00:14:36,400] {logging_mixin.py:115} INFO - [2022-09-21 00:14:36,400] {dagbag.py:507} INFO - Filling up the DagBag from /home/airflow/.local/lib/python3.7/site-packages/airflow/example_dags/example_dag_decorator.py
[2022-09-21 00:14:36,451] {processor.py:651} INFO - DAG(s) dict_keys(['example_dag_decorator']) retrieved from /home/airflow/.local/lib/python3.7/site-packages/airflow/example_dags/example_dag_decorator.py
[2022-09-21 00:14:36,543] {logging_mixin.py:115} INFO - [2022-09-21 00:14:36,543] {dag.py:2371} INFO - Sync 1 DAGs
[2022-09-21 00:14:36,612] {logging_mixin.py:115} INFO - [2022-09-21 00:14:36,612] {dag.py:2919} INFO - Setting next_dagrun for example_dag_decorator to None, run_after=None
[2022-09-21 00:14:36,691] {processor.py:161} INFO - Processing /home/airflow/.local/lib/python3.7/site-packages/airflow/example_dags/example_dag_decorator.py took 0.449 seconds
[2022-09-21 00:15:06,798] {processor.py:153} INFO - Started process (PID=21287) to work on /home/airflow/.local/lib/python3.7/site-packages/airflow/example_dags/example_dag_decorator.py
[2022-09-21 00:15:06,799] {processor.py:641} INFO - Processing file /home/airflow/.local/lib/python3.7/site-packages/airflow/example_dags/example_dag_decorator.py for tasks to queue
[2022-09-21 00:15:06,800] {logging_mixin.py:115} INFO - [2022-09-21 00:15:06,800] {dagbag.py:507} INFO - Filling up the DagBag from /home/airflow/.local/lib/python3.7/site-packages/airflow/example_dags/example_dag_decorator.py
[2022-09-21 00:15:06,831] {processor.py:651} INFO - DAG(s) dict_keys(['example_dag_decorator']) retrieved from /home/airflow/.local/lib/python3.7/site-packages/airflow/example_dags/example_dag_decorator.py
[2022-09-21 00:15:06,859] {logging_mixin.py:115} INFO - [2022-09-21 00:15:06,859] {dag.py:2371} INFO - Sync 1 DAGs
[2022-09-21 00:15:06,885] {logging_mixin.py:115} INFO - [2022-09-21 00:15:06,885] {dag.py:2919} INFO - Setting next_dagrun for example_dag_decorator to None, run_after=None
[2022-09-21 00:15:06,918] {processor.py:161} INFO - Processing /home/airflow/.local/lib/python3.7/site-packages/airflow/example_dags/example_dag_decorator.py took 0.132 seconds
[2022-09-21 00:15:37,391] {processor.py:153} INFO - Started process (PID=21347) to work on /home/airflow/.local/lib/python3.7/site-packages/airflow/example_dags/example_dag_decorator.py
[2022-09-21 00:15:37,392] {processor.py:641} INFO - Processing file /home/airflow/.local/lib/python3.7/site-packages/airflow/example_dags/example_dag_decorator.py for tasks to queue
[2022-09-21 00:15:37,393] {logging_mixin.py:115} INFO - [2022-09-21 00:15:37,393] {dagbag.py:507} INFO - Filling up the DagBag from /home/airflow/.local/lib/python3.7/site-packages/airflow/example_dags/example_dag_decorator.py
[2022-09-21 00:15:37,433] {processor.py:651} INFO - DAG(s) dict_keys(['example_dag_decorator']) retrieved from /home/airflow/.local/lib/python3.7/site-packages/airflow/example_dags/example_dag_decorator.py
[2022-09-21 00:15:37,484] {logging_mixin.py:115} INFO - [2022-09-21 00:15:37,484] {dag.py:2371} INFO - Sync 1 DAGs
[2022-09-21 00:15:37,531] {logging_mixin.py:115} INFO - [2022-09-21 00:15:37,531] {dag.py:2919} INFO - Setting next_dagrun for example_dag_decorator to None, run_after=None
[2022-09-21 00:15:37,583] {processor.py:161} INFO - Processing /home/airflow/.local/lib/python3.7/site-packages/airflow/example_dags/example_dag_decorator.py took 0.198 seconds
[2022-09-21 00:16:08,089] {processor.py:153} INFO - Started process (PID=21399) to work on /home/airflow/.local/lib/python3.7/site-packages/airflow/example_dags/example_dag_decorator.py
[2022-09-21 00:16:08,090] {processor.py:641} INFO - Processing file /home/airflow/.local/lib/python3.7/site-packages/airflow/example_dags/example_dag_decorator.py for tasks to queue
[2022-09-21 00:16:08,091] {logging_mixin.py:115} INFO - [2022-09-21 00:16:08,091] {dagbag.py:507} INFO - Filling up the DagBag from /home/airflow/.local/lib/python3.7/site-packages/airflow/example_dags/example_dag_decorator.py
[2022-09-21 00:16:08,120] {processor.py:651} INFO - DAG(s) dict_keys(['example_dag_decorator']) retrieved from /home/airflow/.local/lib/python3.7/site-packages/airflow/example_dags/example_dag_decorator.py
[2022-09-21 00:16:08,202] {logging_mixin.py:115} INFO - [2022-09-21 00:16:08,202] {dag.py:2371} INFO - Sync 1 DAGs
[2022-09-21 00:16:08,229] {logging_mixin.py:115} INFO - [2022-09-21 00:16:08,229] {dag.py:2919} INFO - Setting next_dagrun for example_dag_decorator to None, run_after=None
[2022-09-21 00:16:08,274] {processor.py:161} INFO - Processing /home/airflow/.local/lib/python3.7/site-packages/airflow/example_dags/example_dag_decorator.py took 0.192 seconds
[2022-09-21 00:16:38,374] {processor.py:153} INFO - Started process (PID=21462) to work on /home/airflow/.local/lib/python3.7/site-packages/airflow/example_dags/example_dag_decorator.py
[2022-09-21 00:16:38,384] {processor.py:641} INFO - Processing file /home/airflow/.local/lib/python3.7/site-packages/airflow/example_dags/example_dag_decorator.py for tasks to queue
[2022-09-21 00:16:38,385] {logging_mixin.py:115} INFO - [2022-09-21 00:16:38,385] {dagbag.py:507} INFO - Filling up the DagBag from /home/airflow/.local/lib/python3.7/site-packages/airflow/example_dags/example_dag_decorator.py
[2022-09-21 00:16:38,412] {processor.py:651} INFO - DAG(s) dict_keys(['example_dag_decorator']) retrieved from /home/airflow/.local/lib/python3.7/site-packages/airflow/example_dags/example_dag_decorator.py
[2022-09-21 00:16:38,518] {logging_mixin.py:115} INFO - [2022-09-21 00:16:38,518] {dag.py:2371} INFO - Sync 1 DAGs
[2022-09-21 00:16:38,551] {logging_mixin.py:115} INFO - [2022-09-21 00:16:38,551] {dag.py:2919} INFO - Setting next_dagrun for example_dag_decorator to None, run_after=None
[2022-09-21 00:16:38,621] {processor.py:161} INFO - Processing /home/airflow/.local/lib/python3.7/site-packages/airflow/example_dags/example_dag_decorator.py took 0.251 seconds
[2022-09-21 00:17:08,927] {processor.py:153} INFO - Started process (PID=21514) to work on /home/airflow/.local/lib/python3.7/site-packages/airflow/example_dags/example_dag_decorator.py
[2022-09-21 00:17:08,961] {processor.py:641} INFO - Processing file /home/airflow/.local/lib/python3.7/site-packages/airflow/example_dags/example_dag_decorator.py for tasks to queue
[2022-09-21 00:17:08,962] {logging_mixin.py:115} INFO - [2022-09-21 00:17:08,962] {dagbag.py:507} INFO - Filling up the DagBag from /home/airflow/.local/lib/python3.7/site-packages/airflow/example_dags/example_dag_decorator.py
[2022-09-21 00:17:08,999] {processor.py:651} INFO - DAG(s) dict_keys(['example_dag_decorator']) retrieved from /home/airflow/.local/lib/python3.7/site-packages/airflow/example_dags/example_dag_decorator.py
[2022-09-21 00:17:09,104] {logging_mixin.py:115} INFO - [2022-09-21 00:17:09,104] {dag.py:2371} INFO - Sync 1 DAGs
[2022-09-21 00:17:09,138] {logging_mixin.py:115} INFO - [2022-09-21 00:17:09,138] {dag.py:2919} INFO - Setting next_dagrun for example_dag_decorator to None, run_after=None
[2022-09-21 00:17:09,189] {processor.py:161} INFO - Processing /home/airflow/.local/lib/python3.7/site-packages/airflow/example_dags/example_dag_decorator.py took 0.267 seconds
[2022-09-21 00:17:39,634] {processor.py:153} INFO - Started process (PID=21575) to work on /home/airflow/.local/lib/python3.7/site-packages/airflow/example_dags/example_dag_decorator.py
[2022-09-21 00:17:39,635] {processor.py:641} INFO - Processing file /home/airflow/.local/lib/python3.7/site-packages/airflow/example_dags/example_dag_decorator.py for tasks to queue
[2022-09-21 00:17:39,636] {logging_mixin.py:115} INFO - [2022-09-21 00:17:39,636] {dagbag.py:507} INFO - Filling up the DagBag from /home/airflow/.local/lib/python3.7/site-packages/airflow/example_dags/example_dag_decorator.py
[2022-09-21 00:17:39,677] {processor.py:651} INFO - DAG(s) dict_keys(['example_dag_decorator']) retrieved from /home/airflow/.local/lib/python3.7/site-packages/airflow/example_dags/example_dag_decorator.py
[2022-09-21 00:17:39,784] {logging_mixin.py:115} INFO - [2022-09-21 00:17:39,783] {dag.py:2371} INFO - Sync 1 DAGs
[2022-09-21 00:17:39,813] {logging_mixin.py:115} INFO - [2022-09-21 00:17:39,813] {dag.py:2919} INFO - Setting next_dagrun for example_dag_decorator to None, run_after=None
[2022-09-21 00:17:39,869] {processor.py:161} INFO - Processing /home/airflow/.local/lib/python3.7/site-packages/airflow/example_dags/example_dag_decorator.py took 0.240 seconds
[2022-09-21 00:18:10,211] {processor.py:153} INFO - Started process (PID=21627) to work on /home/airflow/.local/lib/python3.7/site-packages/airflow/example_dags/example_dag_decorator.py
[2022-09-21 00:18:10,320] {processor.py:641} INFO - Processing file /home/airflow/.local/lib/python3.7/site-packages/airflow/example_dags/example_dag_decorator.py for tasks to queue
[2022-09-21 00:18:10,321] {logging_mixin.py:115} INFO - [2022-09-21 00:18:10,320] {dagbag.py:507} INFO - Filling up the DagBag from /home/airflow/.local/lib/python3.7/site-packages/airflow/example_dags/example_dag_decorator.py
[2022-09-21 00:18:10,365] {processor.py:651} INFO - DAG(s) dict_keys(['example_dag_decorator']) retrieved from /home/airflow/.local/lib/python3.7/site-packages/airflow/example_dags/example_dag_decorator.py
[2022-09-21 00:18:10,458] {logging_mixin.py:115} INFO - [2022-09-21 00:18:10,458] {dag.py:2371} INFO - Sync 1 DAGs
[2022-09-21 00:18:10,495] {logging_mixin.py:115} INFO - [2022-09-21 00:18:10,495] {dag.py:2919} INFO - Setting next_dagrun for example_dag_decorator to None, run_after=None
[2022-09-21 00:18:10,535] {processor.py:161} INFO - Processing /home/airflow/.local/lib/python3.7/site-packages/airflow/example_dags/example_dag_decorator.py took 0.330 seconds
[2022-09-21 00:18:40,722] {processor.py:153} INFO - Started process (PID=21679) to work on /home/airflow/.local/lib/python3.7/site-packages/airflow/example_dags/example_dag_decorator.py
[2022-09-21 00:18:40,767] {processor.py:641} INFO - Processing file /home/airflow/.local/lib/python3.7/site-packages/airflow/example_dags/example_dag_decorator.py for tasks to queue
[2022-09-21 00:18:40,768] {logging_mixin.py:115} INFO - [2022-09-21 00:18:40,768] {dagbag.py:507} INFO - Filling up the DagBag from /home/airflow/.local/lib/python3.7/site-packages/airflow/example_dags/example_dag_decorator.py
[2022-09-21 00:18:40,807] {processor.py:651} INFO - DAG(s) dict_keys(['example_dag_decorator']) retrieved from /home/airflow/.local/lib/python3.7/site-packages/airflow/example_dags/example_dag_decorator.py
[2022-09-21 00:18:40,939] {logging_mixin.py:115} INFO - [2022-09-21 00:18:40,939] {dag.py:2371} INFO - Sync 1 DAGs
[2022-09-21 00:18:41,096] {logging_mixin.py:115} INFO - [2022-09-21 00:18:41,096] {dag.py:2919} INFO - Setting next_dagrun for example_dag_decorator to None, run_after=None
[2022-09-21 00:18:41,218] {processor.py:161} INFO - Processing /home/airflow/.local/lib/python3.7/site-packages/airflow/example_dags/example_dag_decorator.py took 0.501 seconds
[2022-09-21 00:19:12,140] {processor.py:153} INFO - Started process (PID=21739) to work on /home/airflow/.local/lib/python3.7/site-packages/airflow/example_dags/example_dag_decorator.py
[2022-09-21 00:19:12,142] {processor.py:641} INFO - Processing file /home/airflow/.local/lib/python3.7/site-packages/airflow/example_dags/example_dag_decorator.py for tasks to queue
[2022-09-21 00:19:12,145] {logging_mixin.py:115} INFO - [2022-09-21 00:19:12,144] {dagbag.py:507} INFO - Filling up the DagBag from /home/airflow/.local/lib/python3.7/site-packages/airflow/example_dags/example_dag_decorator.py
[2022-09-21 00:19:12,244] {processor.py:651} INFO - DAG(s) dict_keys(['example_dag_decorator']) retrieved from /home/airflow/.local/lib/python3.7/site-packages/airflow/example_dags/example_dag_decorator.py
[2022-09-21 00:19:12,533] {logging_mixin.py:115} INFO - [2022-09-21 00:19:12,533] {dag.py:2371} INFO - Sync 1 DAGs
[2022-09-21 00:19:12,606] {logging_mixin.py:115} INFO - [2022-09-21 00:19:12,606] {dag.py:2919} INFO - Setting next_dagrun for example_dag_decorator to None, run_after=None
[2022-09-21 00:19:12,885] {processor.py:161} INFO - Processing /home/airflow/.local/lib/python3.7/site-packages/airflow/example_dags/example_dag_decorator.py took 0.765 seconds
[2022-09-21 00:19:42,950] {processor.py:153} INFO - Started process (PID=21791) to work on /home/airflow/.local/lib/python3.7/site-packages/airflow/example_dags/example_dag_decorator.py
[2022-09-21 00:19:42,951] {processor.py:641} INFO - Processing file /home/airflow/.local/lib/python3.7/site-packages/airflow/example_dags/example_dag_decorator.py for tasks to queue
[2022-09-21 00:19:42,952] {logging_mixin.py:115} INFO - [2022-09-21 00:19:42,952] {dagbag.py:507} INFO - Filling up the DagBag from /home/airflow/.local/lib/python3.7/site-packages/airflow/example_dags/example_dag_decorator.py
[2022-09-21 00:19:42,995] {processor.py:651} INFO - DAG(s) dict_keys(['example_dag_decorator']) retrieved from /home/airflow/.local/lib/python3.7/site-packages/airflow/example_dags/example_dag_decorator.py
[2022-09-21 00:19:43,129] {logging_mixin.py:115} INFO - [2022-09-21 00:19:43,129] {dag.py:2371} INFO - Sync 1 DAGs
[2022-09-21 00:19:43,176] {logging_mixin.py:115} INFO - [2022-09-21 00:19:43,175] {dag.py:2919} INFO - Setting next_dagrun for example_dag_decorator to None, run_after=None
[2022-09-21 00:19:43,235] {processor.py:161} INFO - Processing /home/airflow/.local/lib/python3.7/site-packages/airflow/example_dags/example_dag_decorator.py took 0.290 seconds
[2022-09-21 00:20:13,457] {processor.py:153} INFO - Started process (PID=21852) to work on /home/airflow/.local/lib/python3.7/site-packages/airflow/example_dags/example_dag_decorator.py
[2022-09-21 00:20:13,458] {processor.py:641} INFO - Processing file /home/airflow/.local/lib/python3.7/site-packages/airflow/example_dags/example_dag_decorator.py for tasks to queue
[2022-09-21 00:20:13,459] {logging_mixin.py:115} INFO - [2022-09-21 00:20:13,459] {dagbag.py:507} INFO - Filling up the DagBag from /home/airflow/.local/lib/python3.7/site-packages/airflow/example_dags/example_dag_decorator.py
[2022-09-21 00:20:13,506] {processor.py:651} INFO - DAG(s) dict_keys(['example_dag_decorator']) retrieved from /home/airflow/.local/lib/python3.7/site-packages/airflow/example_dags/example_dag_decorator.py
[2022-09-21 00:20:13,620] {logging_mixin.py:115} INFO - [2022-09-21 00:20:13,619] {dag.py:2371} INFO - Sync 1 DAGs
[2022-09-21 00:20:13,667] {logging_mixin.py:115} INFO - [2022-09-21 00:20:13,667] {dag.py:2919} INFO - Setting next_dagrun for example_dag_decorator to None, run_after=None
[2022-09-21 00:20:13,713] {processor.py:161} INFO - Processing /home/airflow/.local/lib/python3.7/site-packages/airflow/example_dags/example_dag_decorator.py took 0.265 seconds
[2022-09-21 00:20:43,915] {processor.py:153} INFO - Started process (PID=21904) to work on /home/airflow/.local/lib/python3.7/site-packages/airflow/example_dags/example_dag_decorator.py
[2022-09-21 00:20:43,917] {processor.py:641} INFO - Processing file /home/airflow/.local/lib/python3.7/site-packages/airflow/example_dags/example_dag_decorator.py for tasks to queue
[2022-09-21 00:20:43,919] {logging_mixin.py:115} INFO - [2022-09-21 00:20:43,919] {dagbag.py:507} INFO - Filling up the DagBag from /home/airflow/.local/lib/python3.7/site-packages/airflow/example_dags/example_dag_decorator.py
[2022-09-21 00:20:43,994] {processor.py:651} INFO - DAG(s) dict_keys(['example_dag_decorator']) retrieved from /home/airflow/.local/lib/python3.7/site-packages/airflow/example_dags/example_dag_decorator.py
[2022-09-21 00:20:44,133] {logging_mixin.py:115} INFO - [2022-09-21 00:20:44,133] {dag.py:2371} INFO - Sync 1 DAGs
[2022-09-21 00:20:44,170] {logging_mixin.py:115} INFO - [2022-09-21 00:20:44,170] {dag.py:2919} INFO - Setting next_dagrun for example_dag_decorator to None, run_after=None
[2022-09-21 00:20:44,204] {processor.py:161} INFO - Processing /home/airflow/.local/lib/python3.7/site-packages/airflow/example_dags/example_dag_decorator.py took 0.303 seconds
[2022-09-21 00:21:14,502] {processor.py:153} INFO - Started process (PID=21964) to work on /home/airflow/.local/lib/python3.7/site-packages/airflow/example_dags/example_dag_decorator.py
[2022-09-21 00:21:14,516] {processor.py:641} INFO - Processing file /home/airflow/.local/lib/python3.7/site-packages/airflow/example_dags/example_dag_decorator.py for tasks to queue
[2022-09-21 00:21:14,516] {logging_mixin.py:115} INFO - [2022-09-21 00:21:14,516] {dagbag.py:507} INFO - Filling up the DagBag from /home/airflow/.local/lib/python3.7/site-packages/airflow/example_dags/example_dag_decorator.py
[2022-09-21 00:21:14,570] {processor.py:651} INFO - DAG(s) dict_keys(['example_dag_decorator']) retrieved from /home/airflow/.local/lib/python3.7/site-packages/airflow/example_dags/example_dag_decorator.py
[2022-09-21 00:21:14,769] {logging_mixin.py:115} INFO - [2022-09-21 00:21:14,769] {dag.py:2371} INFO - Sync 1 DAGs
[2022-09-21 00:21:14,818] {logging_mixin.py:115} INFO - [2022-09-21 00:21:14,818] {dag.py:2919} INFO - Setting next_dagrun for example_dag_decorator to None, run_after=None
[2022-09-21 00:21:14,873] {processor.py:161} INFO - Processing /home/airflow/.local/lib/python3.7/site-packages/airflow/example_dags/example_dag_decorator.py took 0.381 seconds
[2022-09-21 00:21:45,750] {processor.py:153} INFO - Started process (PID=22016) to work on /home/airflow/.local/lib/python3.7/site-packages/airflow/example_dags/example_dag_decorator.py
[2022-09-21 00:21:45,751] {processor.py:641} INFO - Processing file /home/airflow/.local/lib/python3.7/site-packages/airflow/example_dags/example_dag_decorator.py for tasks to queue
[2022-09-21 00:21:45,752] {logging_mixin.py:115} INFO - [2022-09-21 00:21:45,752] {dagbag.py:507} INFO - Filling up the DagBag from /home/airflow/.local/lib/python3.7/site-packages/airflow/example_dags/example_dag_decorator.py
[2022-09-21 00:21:45,796] {processor.py:651} INFO - DAG(s) dict_keys(['example_dag_decorator']) retrieved from /home/airflow/.local/lib/python3.7/site-packages/airflow/example_dags/example_dag_decorator.py
[2022-09-21 00:21:46,078] {logging_mixin.py:115} INFO - [2022-09-21 00:21:46,078] {dag.py:2371} INFO - Sync 1 DAGs
[2022-09-21 00:21:46,140] {logging_mixin.py:115} INFO - [2022-09-21 00:21:46,140] {dag.py:2919} INFO - Setting next_dagrun for example_dag_decorator to None, run_after=None
[2022-09-21 00:21:46,209] {processor.py:161} INFO - Processing /home/airflow/.local/lib/python3.7/site-packages/airflow/example_dags/example_dag_decorator.py took 0.464 seconds
[2022-09-21 00:22:16,329] {processor.py:153} INFO - Started process (PID=22068) to work on /home/airflow/.local/lib/python3.7/site-packages/airflow/example_dags/example_dag_decorator.py
[2022-09-21 00:22:16,330] {processor.py:641} INFO - Processing file /home/airflow/.local/lib/python3.7/site-packages/airflow/example_dags/example_dag_decorator.py for tasks to queue
[2022-09-21 00:22:16,332] {logging_mixin.py:115} INFO - [2022-09-21 00:22:16,331] {dagbag.py:507} INFO - Filling up the DagBag from /home/airflow/.local/lib/python3.7/site-packages/airflow/example_dags/example_dag_decorator.py
[2022-09-21 00:22:16,388] {processor.py:651} INFO - DAG(s) dict_keys(['example_dag_decorator']) retrieved from /home/airflow/.local/lib/python3.7/site-packages/airflow/example_dags/example_dag_decorator.py
[2022-09-21 00:22:16,468] {logging_mixin.py:115} INFO - [2022-09-21 00:22:16,468] {dag.py:2371} INFO - Sync 1 DAGs
[2022-09-21 00:22:16,495] {logging_mixin.py:115} INFO - [2022-09-21 00:22:16,495] {dag.py:2919} INFO - Setting next_dagrun for example_dag_decorator to None, run_after=None
[2022-09-21 00:22:16,598] {processor.py:161} INFO - Processing /home/airflow/.local/lib/python3.7/site-packages/airflow/example_dags/example_dag_decorator.py took 0.282 seconds
[2022-09-21 00:22:46,925] {processor.py:153} INFO - Started process (PID=22128) to work on /home/airflow/.local/lib/python3.7/site-packages/airflow/example_dags/example_dag_decorator.py
[2022-09-21 00:22:46,926] {processor.py:641} INFO - Processing file /home/airflow/.local/lib/python3.7/site-packages/airflow/example_dags/example_dag_decorator.py for tasks to queue
[2022-09-21 00:22:46,927] {logging_mixin.py:115} INFO - [2022-09-21 00:22:46,926] {dagbag.py:507} INFO - Filling up the DagBag from /home/airflow/.local/lib/python3.7/site-packages/airflow/example_dags/example_dag_decorator.py
[2022-09-21 00:22:47,023] {processor.py:651} INFO - DAG(s) dict_keys(['example_dag_decorator']) retrieved from /home/airflow/.local/lib/python3.7/site-packages/airflow/example_dags/example_dag_decorator.py
[2022-09-21 00:22:47,119] {logging_mixin.py:115} INFO - [2022-09-21 00:22:47,119] {dag.py:2371} INFO - Sync 1 DAGs
[2022-09-21 00:22:47,146] {logging_mixin.py:115} INFO - [2022-09-21 00:22:47,146] {dag.py:2919} INFO - Setting next_dagrun for example_dag_decorator to None, run_after=None
[2022-09-21 00:22:47,324] {processor.py:161} INFO - Processing /home/airflow/.local/lib/python3.7/site-packages/airflow/example_dags/example_dag_decorator.py took 0.404 seconds
[2022-09-21 00:23:17,465] {processor.py:153} INFO - Started process (PID=22180) to work on /home/airflow/.local/lib/python3.7/site-packages/airflow/example_dags/example_dag_decorator.py
[2022-09-21 00:23:17,466] {processor.py:641} INFO - Processing file /home/airflow/.local/lib/python3.7/site-packages/airflow/example_dags/example_dag_decorator.py for tasks to queue
[2022-09-21 00:23:17,467] {logging_mixin.py:115} INFO - [2022-09-21 00:23:17,467] {dagbag.py:507} INFO - Filling up the DagBag from /home/airflow/.local/lib/python3.7/site-packages/airflow/example_dags/example_dag_decorator.py
[2022-09-21 00:23:17,512] {processor.py:651} INFO - DAG(s) dict_keys(['example_dag_decorator']) retrieved from /home/airflow/.local/lib/python3.7/site-packages/airflow/example_dags/example_dag_decorator.py
[2022-09-21 00:23:17,554] {logging_mixin.py:115} INFO - [2022-09-21 00:23:17,553] {dag.py:2371} INFO - Sync 1 DAGs
[2022-09-21 00:23:17,594] {logging_mixin.py:115} INFO - [2022-09-21 00:23:17,594] {dag.py:2919} INFO - Setting next_dagrun for example_dag_decorator to None, run_after=None
[2022-09-21 00:23:17,635] {processor.py:161} INFO - Processing /home/airflow/.local/lib/python3.7/site-packages/airflow/example_dags/example_dag_decorator.py took 0.175 seconds
[2022-09-21 00:23:48,141] {processor.py:153} INFO - Started process (PID=22241) to work on /home/airflow/.local/lib/python3.7/site-packages/airflow/example_dags/example_dag_decorator.py
[2022-09-21 00:23:48,160] {processor.py:641} INFO - Processing file /home/airflow/.local/lib/python3.7/site-packages/airflow/example_dags/example_dag_decorator.py for tasks to queue
[2022-09-21 00:23:48,161] {logging_mixin.py:115} INFO - [2022-09-21 00:23:48,161] {dagbag.py:507} INFO - Filling up the DagBag from /home/airflow/.local/lib/python3.7/site-packages/airflow/example_dags/example_dag_decorator.py
[2022-09-21 00:23:48,189] {processor.py:651} INFO - DAG(s) dict_keys(['example_dag_decorator']) retrieved from /home/airflow/.local/lib/python3.7/site-packages/airflow/example_dags/example_dag_decorator.py
[2022-09-21 00:23:48,313] {logging_mixin.py:115} INFO - [2022-09-21 00:23:48,313] {dag.py:2371} INFO - Sync 1 DAGs
[2022-09-21 00:23:48,346] {logging_mixin.py:115} INFO - [2022-09-21 00:23:48,346] {dag.py:2919} INFO - Setting next_dagrun for example_dag_decorator to None, run_after=None
[2022-09-21 00:23:48,379] {processor.py:161} INFO - Processing /home/airflow/.local/lib/python3.7/site-packages/airflow/example_dags/example_dag_decorator.py took 0.243 seconds
[2022-09-21 00:24:19,005] {processor.py:153} INFO - Started process (PID=22291) to work on /home/airflow/.local/lib/python3.7/site-packages/airflow/example_dags/example_dag_decorator.py
[2022-09-21 00:24:19,006] {processor.py:641} INFO - Processing file /home/airflow/.local/lib/python3.7/site-packages/airflow/example_dags/example_dag_decorator.py for tasks to queue
[2022-09-21 00:24:19,007] {logging_mixin.py:115} INFO - [2022-09-21 00:24:19,006] {dagbag.py:507} INFO - Filling up the DagBag from /home/airflow/.local/lib/python3.7/site-packages/airflow/example_dags/example_dag_decorator.py
[2022-09-21 00:24:19,048] {processor.py:651} INFO - DAG(s) dict_keys(['example_dag_decorator']) retrieved from /home/airflow/.local/lib/python3.7/site-packages/airflow/example_dags/example_dag_decorator.py
[2022-09-21 00:24:19,194] {logging_mixin.py:115} INFO - [2022-09-21 00:24:19,194] {dag.py:2371} INFO - Sync 1 DAGs
[2022-09-21 00:24:19,220] {logging_mixin.py:115} INFO - [2022-09-21 00:24:19,220] {dag.py:2919} INFO - Setting next_dagrun for example_dag_decorator to None, run_after=None
[2022-09-21 00:24:19,247] {processor.py:161} INFO - Processing /home/airflow/.local/lib/python3.7/site-packages/airflow/example_dags/example_dag_decorator.py took 0.248 seconds
[2022-09-21 00:24:49,451] {processor.py:153} INFO - Started process (PID=22350) to work on /home/airflow/.local/lib/python3.7/site-packages/airflow/example_dags/example_dag_decorator.py
[2022-09-21 00:24:49,525] {processor.py:641} INFO - Processing file /home/airflow/.local/lib/python3.7/site-packages/airflow/example_dags/example_dag_decorator.py for tasks to queue
[2022-09-21 00:24:49,526] {logging_mixin.py:115} INFO - [2022-09-21 00:24:49,526] {dagbag.py:507} INFO - Filling up the DagBag from /home/airflow/.local/lib/python3.7/site-packages/airflow/example_dags/example_dag_decorator.py
[2022-09-21 00:24:49,584] {processor.py:651} INFO - DAG(s) dict_keys(['example_dag_decorator']) retrieved from /home/airflow/.local/lib/python3.7/site-packages/airflow/example_dags/example_dag_decorator.py
[2022-09-21 00:24:49,742] {logging_mixin.py:115} INFO - [2022-09-21 00:24:49,742] {dag.py:2371} INFO - Sync 1 DAGs
[2022-09-21 00:24:49,802] {logging_mixin.py:115} INFO - [2022-09-21 00:24:49,802] {dag.py:2919} INFO - Setting next_dagrun for example_dag_decorator to None, run_after=None
[2022-09-21 00:24:49,934] {processor.py:161} INFO - Processing /home/airflow/.local/lib/python3.7/site-packages/airflow/example_dags/example_dag_decorator.py took 0.509 seconds
[2022-09-21 00:25:20,122] {processor.py:153} INFO - Started process (PID=22404) to work on /home/airflow/.local/lib/python3.7/site-packages/airflow/example_dags/example_dag_decorator.py
[2022-09-21 00:25:20,130] {processor.py:641} INFO - Processing file /home/airflow/.local/lib/python3.7/site-packages/airflow/example_dags/example_dag_decorator.py for tasks to queue
[2022-09-21 00:25:20,131] {logging_mixin.py:115} INFO - [2022-09-21 00:25:20,131] {dagbag.py:507} INFO - Filling up the DagBag from /home/airflow/.local/lib/python3.7/site-packages/airflow/example_dags/example_dag_decorator.py
[2022-09-21 00:25:20,208] {processor.py:651} INFO - DAG(s) dict_keys(['example_dag_decorator']) retrieved from /home/airflow/.local/lib/python3.7/site-packages/airflow/example_dags/example_dag_decorator.py
[2022-09-21 00:25:20,352] {logging_mixin.py:115} INFO - [2022-09-21 00:25:20,352] {dag.py:2371} INFO - Sync 1 DAGs
[2022-09-21 00:25:20,398] {logging_mixin.py:115} INFO - [2022-09-21 00:25:20,398] {dag.py:2919} INFO - Setting next_dagrun for example_dag_decorator to None, run_after=None
[2022-09-21 00:25:20,615] {processor.py:161} INFO - Processing /home/airflow/.local/lib/python3.7/site-packages/airflow/example_dags/example_dag_decorator.py took 0.499 seconds
[2022-09-21 00:25:50,936] {processor.py:153} INFO - Started process (PID=22456) to work on /home/airflow/.local/lib/python3.7/site-packages/airflow/example_dags/example_dag_decorator.py
[2022-09-21 00:25:50,962] {processor.py:641} INFO - Processing file /home/airflow/.local/lib/python3.7/site-packages/airflow/example_dags/example_dag_decorator.py for tasks to queue
[2022-09-21 00:25:50,963] {logging_mixin.py:115} INFO - [2022-09-21 00:25:50,963] {dagbag.py:507} INFO - Filling up the DagBag from /home/airflow/.local/lib/python3.7/site-packages/airflow/example_dags/example_dag_decorator.py
[2022-09-21 00:25:50,992] {processor.py:651} INFO - DAG(s) dict_keys(['example_dag_decorator']) retrieved from /home/airflow/.local/lib/python3.7/site-packages/airflow/example_dags/example_dag_decorator.py
[2022-09-21 00:25:51,126] {logging_mixin.py:115} INFO - [2022-09-21 00:25:51,126] {dag.py:2371} INFO - Sync 1 DAGs
[2022-09-21 00:25:51,164] {logging_mixin.py:115} INFO - [2022-09-21 00:25:51,164] {dag.py:2919} INFO - Setting next_dagrun for example_dag_decorator to None, run_after=None
[2022-09-21 00:25:51,205] {processor.py:161} INFO - Processing /home/airflow/.local/lib/python3.7/site-packages/airflow/example_dags/example_dag_decorator.py took 0.274 seconds
[2022-09-21 00:26:22,034] {processor.py:153} INFO - Started process (PID=22516) to work on /home/airflow/.local/lib/python3.7/site-packages/airflow/example_dags/example_dag_decorator.py
[2022-09-21 00:26:22,036] {processor.py:641} INFO - Processing file /home/airflow/.local/lib/python3.7/site-packages/airflow/example_dags/example_dag_decorator.py for tasks to queue
[2022-09-21 00:26:22,039] {logging_mixin.py:115} INFO - [2022-09-21 00:26:22,039] {dagbag.py:507} INFO - Filling up the DagBag from /home/airflow/.local/lib/python3.7/site-packages/airflow/example_dags/example_dag_decorator.py
[2022-09-21 00:26:22,108] {processor.py:651} INFO - DAG(s) dict_keys(['example_dag_decorator']) retrieved from /home/airflow/.local/lib/python3.7/site-packages/airflow/example_dags/example_dag_decorator.py
[2022-09-21 00:26:22,248] {logging_mixin.py:115} INFO - [2022-09-21 00:26:22,247] {dag.py:2371} INFO - Sync 1 DAGs
[2022-09-21 00:26:22,314] {logging_mixin.py:115} INFO - [2022-09-21 00:26:22,314] {dag.py:2919} INFO - Setting next_dagrun for example_dag_decorator to None, run_after=None
[2022-09-21 00:26:22,455] {processor.py:161} INFO - Processing /home/airflow/.local/lib/python3.7/site-packages/airflow/example_dags/example_dag_decorator.py took 0.443 seconds
[2022-09-21 00:26:53,105] {processor.py:153} INFO - Started process (PID=22568) to work on /home/airflow/.local/lib/python3.7/site-packages/airflow/example_dags/example_dag_decorator.py
[2022-09-21 00:26:53,158] {processor.py:641} INFO - Processing file /home/airflow/.local/lib/python3.7/site-packages/airflow/example_dags/example_dag_decorator.py for tasks to queue
[2022-09-21 00:26:53,161] {logging_mixin.py:115} INFO - [2022-09-21 00:26:53,160] {dagbag.py:507} INFO - Filling up the DagBag from /home/airflow/.local/lib/python3.7/site-packages/airflow/example_dags/example_dag_decorator.py
[2022-09-21 00:26:53,281] {processor.py:651} INFO - DAG(s) dict_keys(['example_dag_decorator']) retrieved from /home/airflow/.local/lib/python3.7/site-packages/airflow/example_dags/example_dag_decorator.py
[2022-09-21 00:26:53,433] {logging_mixin.py:115} INFO - [2022-09-21 00:26:53,433] {dag.py:2371} INFO - Sync 1 DAGs
[2022-09-21 00:26:53,469] {logging_mixin.py:115} INFO - [2022-09-21 00:26:53,469] {dag.py:2919} INFO - Setting next_dagrun for example_dag_decorator to None, run_after=None
[2022-09-21 00:26:53,580] {processor.py:161} INFO - Processing /home/airflow/.local/lib/python3.7/site-packages/airflow/example_dags/example_dag_decorator.py took 0.499 seconds
[2022-09-21 00:27:23,813] {processor.py:153} INFO - Started process (PID=22630) to work on /home/airflow/.local/lib/python3.7/site-packages/airflow/example_dags/example_dag_decorator.py
[2022-09-21 00:27:23,814] {processor.py:641} INFO - Processing file /home/airflow/.local/lib/python3.7/site-packages/airflow/example_dags/example_dag_decorator.py for tasks to queue
[2022-09-21 00:27:23,815] {logging_mixin.py:115} INFO - [2022-09-21 00:27:23,815] {dagbag.py:507} INFO - Filling up the DagBag from /home/airflow/.local/lib/python3.7/site-packages/airflow/example_dags/example_dag_decorator.py
[2022-09-21 00:27:23,858] {processor.py:651} INFO - DAG(s) dict_keys(['example_dag_decorator']) retrieved from /home/airflow/.local/lib/python3.7/site-packages/airflow/example_dags/example_dag_decorator.py
[2022-09-21 00:27:24,058] {logging_mixin.py:115} INFO - [2022-09-21 00:27:24,057] {dag.py:2371} INFO - Sync 1 DAGs
[2022-09-21 00:27:24,113] {logging_mixin.py:115} INFO - [2022-09-21 00:27:24,113] {dag.py:2919} INFO - Setting next_dagrun for example_dag_decorator to None, run_after=None
[2022-09-21 00:27:24,159] {processor.py:161} INFO - Processing /home/airflow/.local/lib/python3.7/site-packages/airflow/example_dags/example_dag_decorator.py took 0.352 seconds
[2022-09-21 00:27:54,294] {processor.py:153} INFO - Started process (PID=22683) to work on /home/airflow/.local/lib/python3.7/site-packages/airflow/example_dags/example_dag_decorator.py
[2022-09-21 00:27:54,295] {processor.py:641} INFO - Processing file /home/airflow/.local/lib/python3.7/site-packages/airflow/example_dags/example_dag_decorator.py for tasks to queue
[2022-09-21 00:27:54,296] {logging_mixin.py:115} INFO - [2022-09-21 00:27:54,295] {dagbag.py:507} INFO - Filling up the DagBag from /home/airflow/.local/lib/python3.7/site-packages/airflow/example_dags/example_dag_decorator.py
[2022-09-21 00:27:54,322] {processor.py:651} INFO - DAG(s) dict_keys(['example_dag_decorator']) retrieved from /home/airflow/.local/lib/python3.7/site-packages/airflow/example_dags/example_dag_decorator.py
[2022-09-21 00:27:54,404] {logging_mixin.py:115} INFO - [2022-09-21 00:27:54,404] {dag.py:2371} INFO - Sync 1 DAGs
[2022-09-21 00:27:54,426] {logging_mixin.py:115} INFO - [2022-09-21 00:27:54,426] {dag.py:2919} INFO - Setting next_dagrun for example_dag_decorator to None, run_after=None
[2022-09-21 00:27:54,500] {processor.py:161} INFO - Processing /home/airflow/.local/lib/python3.7/site-packages/airflow/example_dags/example_dag_decorator.py took 0.209 seconds
[2022-09-21 00:28:24,698] {processor.py:153} INFO - Started process (PID=22734) to work on /home/airflow/.local/lib/python3.7/site-packages/airflow/example_dags/example_dag_decorator.py
[2022-09-21 00:28:24,910] {processor.py:641} INFO - Processing file /home/airflow/.local/lib/python3.7/site-packages/airflow/example_dags/example_dag_decorator.py for tasks to queue
[2022-09-21 00:28:24,911] {logging_mixin.py:115} INFO - [2022-09-21 00:28:24,910] {dagbag.py:507} INFO - Filling up the DagBag from /home/airflow/.local/lib/python3.7/site-packages/airflow/example_dags/example_dag_decorator.py
[2022-09-21 00:28:24,958] {processor.py:651} INFO - DAG(s) dict_keys(['example_dag_decorator']) retrieved from /home/airflow/.local/lib/python3.7/site-packages/airflow/example_dags/example_dag_decorator.py
[2022-09-21 00:28:25,099] {logging_mixin.py:115} INFO - [2022-09-21 00:28:25,099] {dag.py:2371} INFO - Sync 1 DAGs
[2022-09-21 00:28:25,135] {logging_mixin.py:115} INFO - [2022-09-21 00:28:25,135] {dag.py:2919} INFO - Setting next_dagrun for example_dag_decorator to None, run_after=None
[2022-09-21 00:28:25,369] {processor.py:161} INFO - Processing /home/airflow/.local/lib/python3.7/site-packages/airflow/example_dags/example_dag_decorator.py took 0.676 seconds
[2022-09-21 00:28:55,765] {processor.py:153} INFO - Started process (PID=22795) to work on /home/airflow/.local/lib/python3.7/site-packages/airflow/example_dags/example_dag_decorator.py
[2022-09-21 00:28:55,766] {processor.py:641} INFO - Processing file /home/airflow/.local/lib/python3.7/site-packages/airflow/example_dags/example_dag_decorator.py for tasks to queue
[2022-09-21 00:28:55,767] {logging_mixin.py:115} INFO - [2022-09-21 00:28:55,767] {dagbag.py:507} INFO - Filling up the DagBag from /home/airflow/.local/lib/python3.7/site-packages/airflow/example_dags/example_dag_decorator.py
[2022-09-21 00:28:55,820] {processor.py:651} INFO - DAG(s) dict_keys(['example_dag_decorator']) retrieved from /home/airflow/.local/lib/python3.7/site-packages/airflow/example_dags/example_dag_decorator.py
[2022-09-21 00:28:55,868] {logging_mixin.py:115} INFO - [2022-09-21 00:28:55,867] {dag.py:2371} INFO - Sync 1 DAGs
[2022-09-21 00:28:55,917] {logging_mixin.py:115} INFO - [2022-09-21 00:28:55,917] {dag.py:2919} INFO - Setting next_dagrun for example_dag_decorator to None, run_after=None
[2022-09-21 00:28:55,983] {processor.py:161} INFO - Processing /home/airflow/.local/lib/python3.7/site-packages/airflow/example_dags/example_dag_decorator.py took 0.228 seconds
[2022-09-21 00:29:26,352] {processor.py:153} INFO - Started process (PID=22848) to work on /home/airflow/.local/lib/python3.7/site-packages/airflow/example_dags/example_dag_decorator.py
[2022-09-21 00:29:26,353] {processor.py:641} INFO - Processing file /home/airflow/.local/lib/python3.7/site-packages/airflow/example_dags/example_dag_decorator.py for tasks to queue
[2022-09-21 00:29:26,354] {logging_mixin.py:115} INFO - [2022-09-21 00:29:26,354] {dagbag.py:507} INFO - Filling up the DagBag from /home/airflow/.local/lib/python3.7/site-packages/airflow/example_dags/example_dag_decorator.py
[2022-09-21 00:29:26,389] {processor.py:651} INFO - DAG(s) dict_keys(['example_dag_decorator']) retrieved from /home/airflow/.local/lib/python3.7/site-packages/airflow/example_dags/example_dag_decorator.py
[2022-09-21 00:29:26,489] {logging_mixin.py:115} INFO - [2022-09-21 00:29:26,489] {dag.py:2371} INFO - Sync 1 DAGs
[2022-09-21 00:29:26,515] {logging_mixin.py:115} INFO - [2022-09-21 00:29:26,515] {dag.py:2919} INFO - Setting next_dagrun for example_dag_decorator to None, run_after=None
[2022-09-21 00:29:26,560] {processor.py:161} INFO - Processing /home/airflow/.local/lib/python3.7/site-packages/airflow/example_dags/example_dag_decorator.py took 0.212 seconds
[2022-09-21 00:29:56,661] {processor.py:153} INFO - Started process (PID=22910) to work on /home/airflow/.local/lib/python3.7/site-packages/airflow/example_dags/example_dag_decorator.py
[2022-09-21 00:29:56,749] {processor.py:641} INFO - Processing file /home/airflow/.local/lib/python3.7/site-packages/airflow/example_dags/example_dag_decorator.py for tasks to queue
[2022-09-21 00:29:56,750] {logging_mixin.py:115} INFO - [2022-09-21 00:29:56,750] {dagbag.py:507} INFO - Filling up the DagBag from /home/airflow/.local/lib/python3.7/site-packages/airflow/example_dags/example_dag_decorator.py
[2022-09-21 00:29:56,803] {processor.py:651} INFO - DAG(s) dict_keys(['example_dag_decorator']) retrieved from /home/airflow/.local/lib/python3.7/site-packages/airflow/example_dags/example_dag_decorator.py
[2022-09-21 00:29:56,918] {logging_mixin.py:115} INFO - [2022-09-21 00:29:56,918] {dag.py:2371} INFO - Sync 1 DAGs
[2022-09-21 00:29:56,953] {logging_mixin.py:115} INFO - [2022-09-21 00:29:56,953] {dag.py:2919} INFO - Setting next_dagrun for example_dag_decorator to None, run_after=None
[2022-09-21 00:29:57,047] {processor.py:161} INFO - Processing /home/airflow/.local/lib/python3.7/site-packages/airflow/example_dags/example_dag_decorator.py took 0.391 seconds
[2022-09-21 00:30:27,937] {processor.py:153} INFO - Started process (PID=22962) to work on /home/airflow/.local/lib/python3.7/site-packages/airflow/example_dags/example_dag_decorator.py
[2022-09-21 00:30:27,938] {processor.py:641} INFO - Processing file /home/airflow/.local/lib/python3.7/site-packages/airflow/example_dags/example_dag_decorator.py for tasks to queue
[2022-09-21 00:30:27,939] {logging_mixin.py:115} INFO - [2022-09-21 00:30:27,939] {dagbag.py:507} INFO - Filling up the DagBag from /home/airflow/.local/lib/python3.7/site-packages/airflow/example_dags/example_dag_decorator.py
[2022-09-21 00:30:27,968] {processor.py:651} INFO - DAG(s) dict_keys(['example_dag_decorator']) retrieved from /home/airflow/.local/lib/python3.7/site-packages/airflow/example_dags/example_dag_decorator.py
[2022-09-21 00:30:28,054] {logging_mixin.py:115} INFO - [2022-09-21 00:30:28,053] {dag.py:2371} INFO - Sync 1 DAGs
[2022-09-21 00:30:28,078] {logging_mixin.py:115} INFO - [2022-09-21 00:30:28,078] {dag.py:2919} INFO - Setting next_dagrun for example_dag_decorator to None, run_after=None
[2022-09-21 00:30:28,149] {processor.py:161} INFO - Processing /home/airflow/.local/lib/python3.7/site-packages/airflow/example_dags/example_dag_decorator.py took 0.219 seconds
[2022-09-21 00:30:58,830] {processor.py:153} INFO - Started process (PID=23024) to work on /home/airflow/.local/lib/python3.7/site-packages/airflow/example_dags/example_dag_decorator.py
[2022-09-21 00:30:58,831] {processor.py:641} INFO - Processing file /home/airflow/.local/lib/python3.7/site-packages/airflow/example_dags/example_dag_decorator.py for tasks to queue
[2022-09-21 00:30:58,832] {logging_mixin.py:115} INFO - [2022-09-21 00:30:58,832] {dagbag.py:507} INFO - Filling up the DagBag from /home/airflow/.local/lib/python3.7/site-packages/airflow/example_dags/example_dag_decorator.py
[2022-09-21 00:30:58,859] {processor.py:651} INFO - DAG(s) dict_keys(['example_dag_decorator']) retrieved from /home/airflow/.local/lib/python3.7/site-packages/airflow/example_dags/example_dag_decorator.py
[2022-09-21 00:30:58,962] {logging_mixin.py:115} INFO - [2022-09-21 00:30:58,961] {dag.py:2371} INFO - Sync 1 DAGs
[2022-09-21 00:30:58,985] {logging_mixin.py:115} INFO - [2022-09-21 00:30:58,985] {dag.py:2919} INFO - Setting next_dagrun for example_dag_decorator to None, run_after=None
[2022-09-21 00:30:59,026] {processor.py:161} INFO - Processing /home/airflow/.local/lib/python3.7/site-packages/airflow/example_dags/example_dag_decorator.py took 0.200 seconds
[2022-09-21 00:31:29,104] {processor.py:153} INFO - Started process (PID=23074) to work on /home/airflow/.local/lib/python3.7/site-packages/airflow/example_dags/example_dag_decorator.py
[2022-09-21 00:31:29,104] {processor.py:641} INFO - Processing file /home/airflow/.local/lib/python3.7/site-packages/airflow/example_dags/example_dag_decorator.py for tasks to queue
[2022-09-21 00:31:29,105] {logging_mixin.py:115} INFO - [2022-09-21 00:31:29,105] {dagbag.py:507} INFO - Filling up the DagBag from /home/airflow/.local/lib/python3.7/site-packages/airflow/example_dags/example_dag_decorator.py
[2022-09-21 00:31:29,134] {processor.py:651} INFO - DAG(s) dict_keys(['example_dag_decorator']) retrieved from /home/airflow/.local/lib/python3.7/site-packages/airflow/example_dags/example_dag_decorator.py
[2022-09-21 00:31:29,234] {logging_mixin.py:115} INFO - [2022-09-21 00:31:29,234] {dag.py:2371} INFO - Sync 1 DAGs
[2022-09-21 00:31:29,258] {logging_mixin.py:115} INFO - [2022-09-21 00:31:29,258] {dag.py:2919} INFO - Setting next_dagrun for example_dag_decorator to None, run_after=None
[2022-09-21 00:31:29,366] {processor.py:161} INFO - Processing /home/airflow/.local/lib/python3.7/site-packages/airflow/example_dags/example_dag_decorator.py took 0.268 seconds
[2022-09-21 00:31:59,937] {processor.py:153} INFO - Started process (PID=23135) to work on /home/airflow/.local/lib/python3.7/site-packages/airflow/example_dags/example_dag_decorator.py
[2022-09-21 00:31:59,952] {processor.py:641} INFO - Processing file /home/airflow/.local/lib/python3.7/site-packages/airflow/example_dags/example_dag_decorator.py for tasks to queue
[2022-09-21 00:31:59,953] {logging_mixin.py:115} INFO - [2022-09-21 00:31:59,953] {dagbag.py:507} INFO - Filling up the DagBag from /home/airflow/.local/lib/python3.7/site-packages/airflow/example_dags/example_dag_decorator.py
[2022-09-21 00:31:59,991] {processor.py:651} INFO - DAG(s) dict_keys(['example_dag_decorator']) retrieved from /home/airflow/.local/lib/python3.7/site-packages/airflow/example_dags/example_dag_decorator.py
[2022-09-21 00:32:00,113] {logging_mixin.py:115} INFO - [2022-09-21 00:32:00,113] {dag.py:2371} INFO - Sync 1 DAGs
[2022-09-21 00:32:00,145] {logging_mixin.py:115} INFO - [2022-09-21 00:32:00,145] {dag.py:2919} INFO - Setting next_dagrun for example_dag_decorator to None, run_after=None
[2022-09-21 00:32:00,198] {processor.py:161} INFO - Processing /home/airflow/.local/lib/python3.7/site-packages/airflow/example_dags/example_dag_decorator.py took 0.267 seconds
[2022-09-21 00:32:30,818] {processor.py:153} INFO - Started process (PID=23187) to work on /home/airflow/.local/lib/python3.7/site-packages/airflow/example_dags/example_dag_decorator.py
[2022-09-21 00:32:30,819] {processor.py:641} INFO - Processing file /home/airflow/.local/lib/python3.7/site-packages/airflow/example_dags/example_dag_decorator.py for tasks to queue
[2022-09-21 00:32:30,820] {logging_mixin.py:115} INFO - [2022-09-21 00:32:30,820] {dagbag.py:507} INFO - Filling up the DagBag from /home/airflow/.local/lib/python3.7/site-packages/airflow/example_dags/example_dag_decorator.py
[2022-09-21 00:32:30,850] {processor.py:651} INFO - DAG(s) dict_keys(['example_dag_decorator']) retrieved from /home/airflow/.local/lib/python3.7/site-packages/airflow/example_dags/example_dag_decorator.py
[2022-09-21 00:32:30,936] {logging_mixin.py:115} INFO - [2022-09-21 00:32:30,936] {dag.py:2371} INFO - Sync 1 DAGs
[2022-09-21 00:32:30,958] {logging_mixin.py:115} INFO - [2022-09-21 00:32:30,958] {dag.py:2919} INFO - Setting next_dagrun for example_dag_decorator to None, run_after=None
[2022-09-21 00:32:31,081] {processor.py:161} INFO - Processing /home/airflow/.local/lib/python3.7/site-packages/airflow/example_dags/example_dag_decorator.py took 0.276 seconds
[2022-09-21 00:33:01,731] {processor.py:153} INFO - Started process (PID=23248) to work on /home/airflow/.local/lib/python3.7/site-packages/airflow/example_dags/example_dag_decorator.py
[2022-09-21 00:33:01,753] {processor.py:641} INFO - Processing file /home/airflow/.local/lib/python3.7/site-packages/airflow/example_dags/example_dag_decorator.py for tasks to queue
[2022-09-21 00:33:01,754] {logging_mixin.py:115} INFO - [2022-09-21 00:33:01,754] {dagbag.py:507} INFO - Filling up the DagBag from /home/airflow/.local/lib/python3.7/site-packages/airflow/example_dags/example_dag_decorator.py
[2022-09-21 00:33:01,794] {processor.py:651} INFO - DAG(s) dict_keys(['example_dag_decorator']) retrieved from /home/airflow/.local/lib/python3.7/site-packages/airflow/example_dags/example_dag_decorator.py
[2022-09-21 00:33:01,882] {logging_mixin.py:115} INFO - [2022-09-21 00:33:01,882] {dag.py:2371} INFO - Sync 1 DAGs
[2022-09-21 00:33:01,907] {logging_mixin.py:115} INFO - [2022-09-21 00:33:01,907] {dag.py:2919} INFO - Setting next_dagrun for example_dag_decorator to None, run_after=None
[2022-09-21 00:33:01,948] {processor.py:161} INFO - Processing /home/airflow/.local/lib/python3.7/site-packages/airflow/example_dags/example_dag_decorator.py took 0.225 seconds
[2022-09-21 00:33:32,003] {processor.py:153} INFO - Started process (PID=23300) to work on /home/airflow/.local/lib/python3.7/site-packages/airflow/example_dags/example_dag_decorator.py
[2022-09-21 00:33:32,004] {processor.py:641} INFO - Processing file /home/airflow/.local/lib/python3.7/site-packages/airflow/example_dags/example_dag_decorator.py for tasks to queue
[2022-09-21 00:33:32,006] {logging_mixin.py:115} INFO - [2022-09-21 00:33:32,006] {dagbag.py:507} INFO - Filling up the DagBag from /home/airflow/.local/lib/python3.7/site-packages/airflow/example_dags/example_dag_decorator.py
[2022-09-21 00:33:32,089] {processor.py:651} INFO - DAG(s) dict_keys(['example_dag_decorator']) retrieved from /home/airflow/.local/lib/python3.7/site-packages/airflow/example_dags/example_dag_decorator.py
[2022-09-21 00:33:32,268] {logging_mixin.py:115} INFO - [2022-09-21 00:33:32,267] {dag.py:2371} INFO - Sync 1 DAGs
[2022-09-21 00:33:32,307] {logging_mixin.py:115} INFO - [2022-09-21 00:33:32,307] {dag.py:2919} INFO - Setting next_dagrun for example_dag_decorator to None, run_after=None
[2022-09-21 00:33:32,506] {processor.py:161} INFO - Processing /home/airflow/.local/lib/python3.7/site-packages/airflow/example_dags/example_dag_decorator.py took 0.515 seconds
[2022-09-21 00:34:02,611] {processor.py:153} INFO - Started process (PID=23361) to work on /home/airflow/.local/lib/python3.7/site-packages/airflow/example_dags/example_dag_decorator.py
[2022-09-21 00:34:02,612] {processor.py:641} INFO - Processing file /home/airflow/.local/lib/python3.7/site-packages/airflow/example_dags/example_dag_decorator.py for tasks to queue
[2022-09-21 00:34:02,612] {logging_mixin.py:115} INFO - [2022-09-21 00:34:02,612] {dagbag.py:507} INFO - Filling up the DagBag from /home/airflow/.local/lib/python3.7/site-packages/airflow/example_dags/example_dag_decorator.py
[2022-09-21 00:34:02,642] {processor.py:651} INFO - DAG(s) dict_keys(['example_dag_decorator']) retrieved from /home/airflow/.local/lib/python3.7/site-packages/airflow/example_dags/example_dag_decorator.py
[2022-09-21 00:34:02,678] {logging_mixin.py:115} INFO - [2022-09-21 00:34:02,678] {dag.py:2371} INFO - Sync 1 DAGs
[2022-09-21 00:34:02,704] {logging_mixin.py:115} INFO - [2022-09-21 00:34:02,704] {dag.py:2919} INFO - Setting next_dagrun for example_dag_decorator to None, run_after=None
[2022-09-21 00:34:02,796] {processor.py:161} INFO - Processing /home/airflow/.local/lib/python3.7/site-packages/airflow/example_dags/example_dag_decorator.py took 0.190 seconds
[2022-09-21 00:34:33,476] {processor.py:153} INFO - Started process (PID=23419) to work on /home/airflow/.local/lib/python3.7/site-packages/airflow/example_dags/example_dag_decorator.py
[2022-09-21 00:34:33,507] {processor.py:641} INFO - Processing file /home/airflow/.local/lib/python3.7/site-packages/airflow/example_dags/example_dag_decorator.py for tasks to queue
[2022-09-21 00:34:33,507] {logging_mixin.py:115} INFO - [2022-09-21 00:34:33,507] {dagbag.py:507} INFO - Filling up the DagBag from /home/airflow/.local/lib/python3.7/site-packages/airflow/example_dags/example_dag_decorator.py
[2022-09-21 00:34:33,582] {processor.py:651} INFO - DAG(s) dict_keys(['example_dag_decorator']) retrieved from /home/airflow/.local/lib/python3.7/site-packages/airflow/example_dags/example_dag_decorator.py
[2022-09-21 00:34:33,775] {logging_mixin.py:115} INFO - [2022-09-21 00:34:33,775] {dag.py:2371} INFO - Sync 1 DAGs
[2022-09-21 00:34:33,805] {logging_mixin.py:115} INFO - [2022-09-21 00:34:33,805] {dag.py:2919} INFO - Setting next_dagrun for example_dag_decorator to None, run_after=None
[2022-09-21 00:34:34,155] {processor.py:161} INFO - Processing /home/airflow/.local/lib/python3.7/site-packages/airflow/example_dags/example_dag_decorator.py took 0.683 seconds
[2022-09-21 00:35:04,422] {processor.py:153} INFO - Started process (PID=23473) to work on /home/airflow/.local/lib/python3.7/site-packages/airflow/example_dags/example_dag_decorator.py
[2022-09-21 00:35:04,422] {processor.py:641} INFO - Processing file /home/airflow/.local/lib/python3.7/site-packages/airflow/example_dags/example_dag_decorator.py for tasks to queue
[2022-09-21 00:35:04,423] {logging_mixin.py:115} INFO - [2022-09-21 00:35:04,423] {dagbag.py:507} INFO - Filling up the DagBag from /home/airflow/.local/lib/python3.7/site-packages/airflow/example_dags/example_dag_decorator.py
[2022-09-21 00:35:04,458] {processor.py:651} INFO - DAG(s) dict_keys(['example_dag_decorator']) retrieved from /home/airflow/.local/lib/python3.7/site-packages/airflow/example_dags/example_dag_decorator.py
[2022-09-21 00:35:04,541] {logging_mixin.py:115} INFO - [2022-09-21 00:35:04,541] {dag.py:2371} INFO - Sync 1 DAGs
[2022-09-21 00:35:04,565] {logging_mixin.py:115} INFO - [2022-09-21 00:35:04,565] {dag.py:2919} INFO - Setting next_dagrun for example_dag_decorator to None, run_after=None
[2022-09-21 00:35:04,705] {processor.py:161} INFO - Processing /home/airflow/.local/lib/python3.7/site-packages/airflow/example_dags/example_dag_decorator.py took 0.288 seconds
[2022-09-21 00:35:34,743] {processor.py:153} INFO - Started process (PID=23524) to work on /home/airflow/.local/lib/python3.7/site-packages/airflow/example_dags/example_dag_decorator.py
[2022-09-21 00:35:34,743] {processor.py:641} INFO - Processing file /home/airflow/.local/lib/python3.7/site-packages/airflow/example_dags/example_dag_decorator.py for tasks to queue
[2022-09-21 00:35:34,744] {logging_mixin.py:115} INFO - [2022-09-21 00:35:34,744] {dagbag.py:507} INFO - Filling up the DagBag from /home/airflow/.local/lib/python3.7/site-packages/airflow/example_dags/example_dag_decorator.py
[2022-09-21 00:35:34,773] {processor.py:651} INFO - DAG(s) dict_keys(['example_dag_decorator']) retrieved from /home/airflow/.local/lib/python3.7/site-packages/airflow/example_dags/example_dag_decorator.py
[2022-09-21 00:35:34,882] {logging_mixin.py:115} INFO - [2022-09-21 00:35:34,882] {dag.py:2371} INFO - Sync 1 DAGs
[2022-09-21 00:35:34,905] {logging_mixin.py:115} INFO - [2022-09-21 00:35:34,905] {dag.py:2919} INFO - Setting next_dagrun for example_dag_decorator to None, run_after=None
[2022-09-21 00:35:34,951] {processor.py:161} INFO - Processing /home/airflow/.local/lib/python3.7/site-packages/airflow/example_dags/example_dag_decorator.py took 0.212 seconds
[2022-09-21 00:36:05,019] {processor.py:153} INFO - Started process (PID=23582) to work on /home/airflow/.local/lib/python3.7/site-packages/airflow/example_dags/example_dag_decorator.py
[2022-09-21 00:36:05,058] {processor.py:641} INFO - Processing file /home/airflow/.local/lib/python3.7/site-packages/airflow/example_dags/example_dag_decorator.py for tasks to queue
[2022-09-21 00:36:05,059] {logging_mixin.py:115} INFO - [2022-09-21 00:36:05,059] {dagbag.py:507} INFO - Filling up the DagBag from /home/airflow/.local/lib/python3.7/site-packages/airflow/example_dags/example_dag_decorator.py
[2022-09-21 00:36:05,087] {processor.py:651} INFO - DAG(s) dict_keys(['example_dag_decorator']) retrieved from /home/airflow/.local/lib/python3.7/site-packages/airflow/example_dags/example_dag_decorator.py
[2022-09-21 00:36:05,202] {logging_mixin.py:115} INFO - [2022-09-21 00:36:05,202] {dag.py:2371} INFO - Sync 1 DAGs
[2022-09-21 00:36:05,224] {logging_mixin.py:115} INFO - [2022-09-21 00:36:05,224] {dag.py:2919} INFO - Setting next_dagrun for example_dag_decorator to None, run_after=None
[2022-09-21 00:36:05,253] {processor.py:161} INFO - Processing /home/airflow/.local/lib/python3.7/site-packages/airflow/example_dags/example_dag_decorator.py took 0.239 seconds
[2022-09-21 00:36:35,503] {processor.py:153} INFO - Started process (PID=23634) to work on /home/airflow/.local/lib/python3.7/site-packages/airflow/example_dags/example_dag_decorator.py
[2022-09-21 00:36:35,504] {processor.py:641} INFO - Processing file /home/airflow/.local/lib/python3.7/site-packages/airflow/example_dags/example_dag_decorator.py for tasks to queue
[2022-09-21 00:36:35,505] {logging_mixin.py:115} INFO - [2022-09-21 00:36:35,505] {dagbag.py:507} INFO - Filling up the DagBag from /home/airflow/.local/lib/python3.7/site-packages/airflow/example_dags/example_dag_decorator.py
[2022-09-21 00:36:35,548] {processor.py:651} INFO - DAG(s) dict_keys(['example_dag_decorator']) retrieved from /home/airflow/.local/lib/python3.7/site-packages/airflow/example_dags/example_dag_decorator.py
[2022-09-21 00:36:35,581] {logging_mixin.py:115} INFO - [2022-09-21 00:36:35,581] {dag.py:2371} INFO - Sync 1 DAGs
[2022-09-21 00:36:35,617] {logging_mixin.py:115} INFO - [2022-09-21 00:36:35,617] {dag.py:2919} INFO - Setting next_dagrun for example_dag_decorator to None, run_after=None
[2022-09-21 00:36:35,858] {processor.py:161} INFO - Processing /home/airflow/.local/lib/python3.7/site-packages/airflow/example_dags/example_dag_decorator.py took 0.371 seconds
