[2022-09-21 00:00:04,602] {processor.py:153} INFO - Started process (PID=19711) to work on /home/airflow/.local/lib/python3.7/site-packages/airflow/example_dags/example_branch_labels.py
[2022-09-21 00:00:04,603] {processor.py:641} INFO - Processing file /home/airflow/.local/lib/python3.7/site-packages/airflow/example_dags/example_branch_labels.py for tasks to queue
[2022-09-21 00:00:04,604] {logging_mixin.py:115} INFO - [2022-09-21 00:00:04,603] {dagbag.py:507} INFO - Filling up the DagBag from /home/airflow/.local/lib/python3.7/site-packages/airflow/example_dags/example_branch_labels.py
[2022-09-21 00:00:04,611] {processor.py:651} INFO - DAG(s) dict_keys(['example_branch_labels']) retrieved from /home/airflow/.local/lib/python3.7/site-packages/airflow/example_dags/example_branch_labels.py
[2022-09-21 00:00:04,647] {logging_mixin.py:115} INFO - [2022-09-21 00:00:04,647] {dag.py:2371} INFO - Sync 1 DAGs
[2022-09-21 00:00:04,680] {logging_mixin.py:115} INFO - [2022-09-21 00:00:04,680] {dag.py:2919} INFO - Setting next_dagrun for example_branch_labels to 2022-09-20T00:00:00+00:00, run_after=2022-09-21T00:00:00+00:00
[2022-09-21 00:00:04,709] {processor.py:161} INFO - Processing /home/airflow/.local/lib/python3.7/site-packages/airflow/example_dags/example_branch_labels.py took 0.111 seconds
[2022-09-21 00:00:34,904] {processor.py:153} INFO - Started process (PID=19763) to work on /home/airflow/.local/lib/python3.7/site-packages/airflow/example_dags/example_branch_labels.py
[2022-09-21 00:00:34,905] {processor.py:641} INFO - Processing file /home/airflow/.local/lib/python3.7/site-packages/airflow/example_dags/example_branch_labels.py for tasks to queue
[2022-09-21 00:00:34,906] {logging_mixin.py:115} INFO - [2022-09-21 00:00:34,906] {dagbag.py:507} INFO - Filling up the DagBag from /home/airflow/.local/lib/python3.7/site-packages/airflow/example_dags/example_branch_labels.py
[2022-09-21 00:00:34,916] {processor.py:651} INFO - DAG(s) dict_keys(['example_branch_labels']) retrieved from /home/airflow/.local/lib/python3.7/site-packages/airflow/example_dags/example_branch_labels.py
[2022-09-21 00:00:34,950] {logging_mixin.py:115} INFO - [2022-09-21 00:00:34,950] {dag.py:2371} INFO - Sync 1 DAGs
[2022-09-21 00:00:34,979] {logging_mixin.py:115} INFO - [2022-09-21 00:00:34,979] {dag.py:2919} INFO - Setting next_dagrun for example_branch_labels to 2022-09-20T00:00:00+00:00, run_after=2022-09-21T00:00:00+00:00
[2022-09-21 00:00:35,009] {processor.py:161} INFO - Processing /home/airflow/.local/lib/python3.7/site-packages/airflow/example_dags/example_branch_labels.py took 0.116 seconds
[2022-09-21 00:01:05,657] {processor.py:153} INFO - Started process (PID=19825) to work on /home/airflow/.local/lib/python3.7/site-packages/airflow/example_dags/example_branch_labels.py
[2022-09-21 00:01:05,658] {processor.py:641} INFO - Processing file /home/airflow/.local/lib/python3.7/site-packages/airflow/example_dags/example_branch_labels.py for tasks to queue
[2022-09-21 00:01:05,659] {logging_mixin.py:115} INFO - [2022-09-21 00:01:05,659] {dagbag.py:507} INFO - Filling up the DagBag from /home/airflow/.local/lib/python3.7/site-packages/airflow/example_dags/example_branch_labels.py
[2022-09-21 00:01:05,680] {processor.py:651} INFO - DAG(s) dict_keys(['example_branch_labels']) retrieved from /home/airflow/.local/lib/python3.7/site-packages/airflow/example_dags/example_branch_labels.py
[2022-09-21 00:01:05,779] {logging_mixin.py:115} INFO - [2022-09-21 00:01:05,779] {dag.py:2371} INFO - Sync 1 DAGs
[2022-09-21 00:01:05,851] {logging_mixin.py:115} INFO - [2022-09-21 00:01:05,851] {dag.py:2919} INFO - Setting next_dagrun for example_branch_labels to 2022-09-20T00:00:00+00:00, run_after=2022-09-21T00:00:00+00:00
[2022-09-21 00:01:05,917] {processor.py:161} INFO - Processing /home/airflow/.local/lib/python3.7/site-packages/airflow/example_dags/example_branch_labels.py took 0.264 seconds
[2022-09-21 00:01:36,186] {processor.py:153} INFO - Started process (PID=19873) to work on /home/airflow/.local/lib/python3.7/site-packages/airflow/example_dags/example_branch_labels.py
[2022-09-21 00:01:36,211] {processor.py:641} INFO - Processing file /home/airflow/.local/lib/python3.7/site-packages/airflow/example_dags/example_branch_labels.py for tasks to queue
[2022-09-21 00:01:36,212] {logging_mixin.py:115} INFO - [2022-09-21 00:01:36,212] {dagbag.py:507} INFO - Filling up the DagBag from /home/airflow/.local/lib/python3.7/site-packages/airflow/example_dags/example_branch_labels.py
[2022-09-21 00:01:36,223] {processor.py:651} INFO - DAG(s) dict_keys(['example_branch_labels']) retrieved from /home/airflow/.local/lib/python3.7/site-packages/airflow/example_dags/example_branch_labels.py
[2022-09-21 00:01:36,257] {logging_mixin.py:115} INFO - [2022-09-21 00:01:36,257] {dag.py:2371} INFO - Sync 1 DAGs
[2022-09-21 00:01:36,295] {logging_mixin.py:115} INFO - [2022-09-21 00:01:36,295] {dag.py:2919} INFO - Setting next_dagrun for example_branch_labels to 2022-09-20T00:00:00+00:00, run_after=2022-09-21T00:00:00+00:00
[2022-09-21 00:01:36,336] {processor.py:161} INFO - Processing /home/airflow/.local/lib/python3.7/site-packages/airflow/example_dags/example_branch_labels.py took 0.156 seconds
[2022-09-21 00:02:07,971] {processor.py:153} INFO - Started process (PID=19920) to work on /home/airflow/.local/lib/python3.7/site-packages/airflow/example_dags/example_branch_labels.py
[2022-09-21 00:02:08,167] {processor.py:641} INFO - Processing file /home/airflow/.local/lib/python3.7/site-packages/airflow/example_dags/example_branch_labels.py for tasks to queue
[2022-09-21 00:02:08,171] {logging_mixin.py:115} INFO - [2022-09-21 00:02:08,170] {dagbag.py:507} INFO - Filling up the DagBag from /home/airflow/.local/lib/python3.7/site-packages/airflow/example_dags/example_branch_labels.py
[2022-09-21 00:02:08,221] {processor.py:651} INFO - DAG(s) dict_keys(['example_branch_labels']) retrieved from /home/airflow/.local/lib/python3.7/site-packages/airflow/example_dags/example_branch_labels.py
[2022-09-21 00:02:08,320] {logging_mixin.py:115} INFO - [2022-09-21 00:02:08,320] {dag.py:2371} INFO - Sync 1 DAGs
[2022-09-21 00:02:08,364] {logging_mixin.py:115} INFO - [2022-09-21 00:02:08,364] {dag.py:2919} INFO - Setting next_dagrun for example_branch_labels to 2022-09-20T00:00:00+00:00, run_after=2022-09-21T00:00:00+00:00
[2022-09-21 00:02:08,938] {processor.py:161} INFO - Processing /home/airflow/.local/lib/python3.7/site-packages/airflow/example_dags/example_branch_labels.py took 0.972 seconds
[2022-09-21 00:02:40,015] {processor.py:153} INFO - Started process (PID=19972) to work on /home/airflow/.local/lib/python3.7/site-packages/airflow/example_dags/example_branch_labels.py
[2022-09-21 00:02:40,017] {processor.py:641} INFO - Processing file /home/airflow/.local/lib/python3.7/site-packages/airflow/example_dags/example_branch_labels.py for tasks to queue
[2022-09-21 00:02:40,018] {logging_mixin.py:115} INFO - [2022-09-21 00:02:40,018] {dagbag.py:507} INFO - Filling up the DagBag from /home/airflow/.local/lib/python3.7/site-packages/airflow/example_dags/example_branch_labels.py
[2022-09-21 00:02:40,040] {processor.py:651} INFO - DAG(s) dict_keys(['example_branch_labels']) retrieved from /home/airflow/.local/lib/python3.7/site-packages/airflow/example_dags/example_branch_labels.py
[2022-09-21 00:02:40,135] {logging_mixin.py:115} INFO - [2022-09-21 00:02:40,135] {dag.py:2371} INFO - Sync 1 DAGs
[2022-09-21 00:02:40,164] {logging_mixin.py:115} INFO - [2022-09-21 00:02:40,164] {dag.py:2919} INFO - Setting next_dagrun for example_branch_labels to 2022-09-20T00:00:00+00:00, run_after=2022-09-21T00:00:00+00:00
[2022-09-21 00:02:40,194] {processor.py:161} INFO - Processing /home/airflow/.local/lib/python3.7/site-packages/airflow/example_dags/example_branch_labels.py took 0.192 seconds
[2022-09-21 00:03:12,437] {processor.py:153} INFO - Started process (PID=20017) to work on /home/airflow/.local/lib/python3.7/site-packages/airflow/example_dags/example_branch_labels.py
[2022-09-21 00:03:12,684] {processor.py:641} INFO - Processing file /home/airflow/.local/lib/python3.7/site-packages/airflow/example_dags/example_branch_labels.py for tasks to queue
[2022-09-21 00:03:12,687] {logging_mixin.py:115} INFO - [2022-09-21 00:03:12,687] {dagbag.py:507} INFO - Filling up the DagBag from /home/airflow/.local/lib/python3.7/site-packages/airflow/example_dags/example_branch_labels.py
[2022-09-21 00:03:12,842] {processor.py:651} INFO - DAG(s) dict_keys(['example_branch_labels']) retrieved from /home/airflow/.local/lib/python3.7/site-packages/airflow/example_dags/example_branch_labels.py
[2022-09-21 00:03:12,894] {logging_mixin.py:115} INFO - [2022-09-21 00:03:12,894] {dag.py:2371} INFO - Sync 1 DAGs
[2022-09-21 00:03:12,934] {logging_mixin.py:115} INFO - [2022-09-21 00:03:12,933] {dag.py:2919} INFO - Setting next_dagrun for example_branch_labels to 2022-09-20T00:00:00+00:00, run_after=2022-09-21T00:00:00+00:00
[2022-09-21 00:03:13,350] {processor.py:161} INFO - Processing /home/airflow/.local/lib/python3.7/site-packages/airflow/example_dags/example_branch_labels.py took 0.919 seconds
[2022-09-21 00:03:43,505] {processor.py:153} INFO - Started process (PID=20063) to work on /home/airflow/.local/lib/python3.7/site-packages/airflow/example_dags/example_branch_labels.py
[2022-09-21 00:03:43,564] {processor.py:641} INFO - Processing file /home/airflow/.local/lib/python3.7/site-packages/airflow/example_dags/example_branch_labels.py for tasks to queue
[2022-09-21 00:03:43,565] {logging_mixin.py:115} INFO - [2022-09-21 00:03:43,565] {dagbag.py:507} INFO - Filling up the DagBag from /home/airflow/.local/lib/python3.7/site-packages/airflow/example_dags/example_branch_labels.py
[2022-09-21 00:03:43,575] {processor.py:651} INFO - DAG(s) dict_keys(['example_branch_labels']) retrieved from /home/airflow/.local/lib/python3.7/site-packages/airflow/example_dags/example_branch_labels.py
[2022-09-21 00:03:43,616] {logging_mixin.py:115} INFO - [2022-09-21 00:03:43,616] {dag.py:2371} INFO - Sync 1 DAGs
[2022-09-21 00:03:43,660] {logging_mixin.py:115} INFO - [2022-09-21 00:03:43,660] {dag.py:2919} INFO - Setting next_dagrun for example_branch_labels to 2022-09-20T00:00:00+00:00, run_after=2022-09-21T00:00:00+00:00
[2022-09-21 00:03:43,765] {processor.py:161} INFO - Processing /home/airflow/.local/lib/python3.7/site-packages/airflow/example_dags/example_branch_labels.py took 0.275 seconds
[2022-09-21 00:04:14,744] {processor.py:153} INFO - Started process (PID=20119) to work on /home/airflow/.local/lib/python3.7/site-packages/airflow/example_dags/example_branch_labels.py
[2022-09-21 00:04:15,400] {processor.py:641} INFO - Processing file /home/airflow/.local/lib/python3.7/site-packages/airflow/example_dags/example_branch_labels.py for tasks to queue
[2022-09-21 00:04:15,402] {logging_mixin.py:115} INFO - [2022-09-21 00:04:15,401] {dagbag.py:507} INFO - Filling up the DagBag from /home/airflow/.local/lib/python3.7/site-packages/airflow/example_dags/example_branch_labels.py
[2022-09-21 00:04:15,422] {processor.py:651} INFO - DAG(s) dict_keys(['example_branch_labels']) retrieved from /home/airflow/.local/lib/python3.7/site-packages/airflow/example_dags/example_branch_labels.py
[2022-09-21 00:04:15,502] {logging_mixin.py:115} INFO - [2022-09-21 00:04:15,502] {dag.py:2371} INFO - Sync 1 DAGs
[2022-09-21 00:04:15,544] {logging_mixin.py:115} INFO - [2022-09-21 00:04:15,543] {dag.py:2919} INFO - Setting next_dagrun for example_branch_labels to 2022-09-20T00:00:00+00:00, run_after=2022-09-21T00:00:00+00:00
[2022-09-21 00:04:16,527] {processor.py:161} INFO - Processing /home/airflow/.local/lib/python3.7/site-packages/airflow/example_dags/example_branch_labels.py took 1.788 seconds
[2022-09-21 00:04:46,914] {processor.py:153} INFO - Started process (PID=20171) to work on /home/airflow/.local/lib/python3.7/site-packages/airflow/example_dags/example_branch_labels.py
[2022-09-21 00:04:46,968] {processor.py:641} INFO - Processing file /home/airflow/.local/lib/python3.7/site-packages/airflow/example_dags/example_branch_labels.py for tasks to queue
[2022-09-21 00:04:46,971] {logging_mixin.py:115} INFO - [2022-09-21 00:04:46,971] {dagbag.py:507} INFO - Filling up the DagBag from /home/airflow/.local/lib/python3.7/site-packages/airflow/example_dags/example_branch_labels.py
[2022-09-21 00:04:47,000] {processor.py:651} INFO - DAG(s) dict_keys(['example_branch_labels']) retrieved from /home/airflow/.local/lib/python3.7/site-packages/airflow/example_dags/example_branch_labels.py
[2022-09-21 00:04:47,072] {logging_mixin.py:115} INFO - [2022-09-21 00:04:47,072] {dag.py:2371} INFO - Sync 1 DAGs
[2022-09-21 00:04:47,118] {logging_mixin.py:115} INFO - [2022-09-21 00:04:47,118] {dag.py:2919} INFO - Setting next_dagrun for example_branch_labels to 2022-09-20T00:00:00+00:00, run_after=2022-09-21T00:00:00+00:00
[2022-09-21 00:04:47,815] {processor.py:161} INFO - Processing /home/airflow/.local/lib/python3.7/site-packages/airflow/example_dags/example_branch_labels.py took 0.905 seconds
[2022-09-21 00:05:17,923] {processor.py:153} INFO - Started process (PID=20222) to work on /home/airflow/.local/lib/python3.7/site-packages/airflow/example_dags/example_branch_labels.py
[2022-09-21 00:05:17,924] {processor.py:641} INFO - Processing file /home/airflow/.local/lib/python3.7/site-packages/airflow/example_dags/example_branch_labels.py for tasks to queue
[2022-09-21 00:05:17,924] {logging_mixin.py:115} INFO - [2022-09-21 00:05:17,924] {dagbag.py:507} INFO - Filling up the DagBag from /home/airflow/.local/lib/python3.7/site-packages/airflow/example_dags/example_branch_labels.py
[2022-09-21 00:05:17,936] {processor.py:651} INFO - DAG(s) dict_keys(['example_branch_labels']) retrieved from /home/airflow/.local/lib/python3.7/site-packages/airflow/example_dags/example_branch_labels.py
[2022-09-21 00:05:17,970] {logging_mixin.py:115} INFO - [2022-09-21 00:05:17,970] {dag.py:2371} INFO - Sync 1 DAGs
[2022-09-21 00:05:17,997] {logging_mixin.py:115} INFO - [2022-09-21 00:05:17,997] {dag.py:2919} INFO - Setting next_dagrun for example_branch_labels to 2022-09-20T00:00:00+00:00, run_after=2022-09-21T00:00:00+00:00
[2022-09-21 00:05:18,190] {processor.py:161} INFO - Processing /home/airflow/.local/lib/python3.7/site-packages/airflow/example_dags/example_branch_labels.py took 0.273 seconds
[2022-09-21 00:05:48,406] {processor.py:153} INFO - Started process (PID=20274) to work on /home/airflow/.local/lib/python3.7/site-packages/airflow/example_dags/example_branch_labels.py
[2022-09-21 00:05:48,429] {processor.py:641} INFO - Processing file /home/airflow/.local/lib/python3.7/site-packages/airflow/example_dags/example_branch_labels.py for tasks to queue
[2022-09-21 00:05:48,440] {logging_mixin.py:115} INFO - [2022-09-21 00:05:48,430] {dagbag.py:507} INFO - Filling up the DagBag from /home/airflow/.local/lib/python3.7/site-packages/airflow/example_dags/example_branch_labels.py
[2022-09-21 00:05:48,466] {processor.py:651} INFO - DAG(s) dict_keys(['example_branch_labels']) retrieved from /home/airflow/.local/lib/python3.7/site-packages/airflow/example_dags/example_branch_labels.py
[2022-09-21 00:05:48,574] {logging_mixin.py:115} INFO - [2022-09-21 00:05:48,574] {dag.py:2371} INFO - Sync 1 DAGs
[2022-09-21 00:05:48,679] {logging_mixin.py:115} INFO - [2022-09-21 00:05:48,679] {dag.py:2919} INFO - Setting next_dagrun for example_branch_labels to 2022-09-20T00:00:00+00:00, run_after=2022-09-21T00:00:00+00:00
[2022-09-21 00:05:48,864] {processor.py:161} INFO - Processing /home/airflow/.local/lib/python3.7/site-packages/airflow/example_dags/example_branch_labels.py took 0.464 seconds
[2022-09-21 00:06:19,234] {processor.py:153} INFO - Started process (PID=20326) to work on /home/airflow/.local/lib/python3.7/site-packages/airflow/example_dags/example_branch_labels.py
[2022-09-21 00:06:19,235] {processor.py:641} INFO - Processing file /home/airflow/.local/lib/python3.7/site-packages/airflow/example_dags/example_branch_labels.py for tasks to queue
[2022-09-21 00:06:19,235] {logging_mixin.py:115} INFO - [2022-09-21 00:06:19,235] {dagbag.py:507} INFO - Filling up the DagBag from /home/airflow/.local/lib/python3.7/site-packages/airflow/example_dags/example_branch_labels.py
[2022-09-21 00:06:19,250] {processor.py:651} INFO - DAG(s) dict_keys(['example_branch_labels']) retrieved from /home/airflow/.local/lib/python3.7/site-packages/airflow/example_dags/example_branch_labels.py
[2022-09-21 00:06:19,349] {logging_mixin.py:115} INFO - [2022-09-21 00:06:19,349] {dag.py:2371} INFO - Sync 1 DAGs
[2022-09-21 00:06:19,397] {logging_mixin.py:115} INFO - [2022-09-21 00:06:19,397] {dag.py:2919} INFO - Setting next_dagrun for example_branch_labels to 2022-09-20T00:00:00+00:00, run_after=2022-09-21T00:00:00+00:00
[2022-09-21 00:06:19,508] {processor.py:161} INFO - Processing /home/airflow/.local/lib/python3.7/site-packages/airflow/example_dags/example_branch_labels.py took 0.280 seconds
[2022-09-21 00:06:50,415] {processor.py:153} INFO - Started process (PID=20386) to work on /home/airflow/.local/lib/python3.7/site-packages/airflow/example_dags/example_branch_labels.py
[2022-09-21 00:06:50,453] {processor.py:641} INFO - Processing file /home/airflow/.local/lib/python3.7/site-packages/airflow/example_dags/example_branch_labels.py for tasks to queue
[2022-09-21 00:06:50,454] {logging_mixin.py:115} INFO - [2022-09-21 00:06:50,454] {dagbag.py:507} INFO - Filling up the DagBag from /home/airflow/.local/lib/python3.7/site-packages/airflow/example_dags/example_branch_labels.py
[2022-09-21 00:06:50,463] {processor.py:651} INFO - DAG(s) dict_keys(['example_branch_labels']) retrieved from /home/airflow/.local/lib/python3.7/site-packages/airflow/example_dags/example_branch_labels.py
[2022-09-21 00:06:50,506] {logging_mixin.py:115} INFO - [2022-09-21 00:06:50,506] {dag.py:2371} INFO - Sync 1 DAGs
[2022-09-21 00:06:50,547] {logging_mixin.py:115} INFO - [2022-09-21 00:06:50,547] {dag.py:2919} INFO - Setting next_dagrun for example_branch_labels to 2022-09-20T00:00:00+00:00, run_after=2022-09-21T00:00:00+00:00
[2022-09-21 00:06:50,595] {processor.py:161} INFO - Processing /home/airflow/.local/lib/python3.7/site-packages/airflow/example_dags/example_branch_labels.py took 0.184 seconds
[2022-09-21 00:07:20,925] {processor.py:153} INFO - Started process (PID=20439) to work on /home/airflow/.local/lib/python3.7/site-packages/airflow/example_dags/example_branch_labels.py
[2022-09-21 00:07:20,926] {processor.py:641} INFO - Processing file /home/airflow/.local/lib/python3.7/site-packages/airflow/example_dags/example_branch_labels.py for tasks to queue
[2022-09-21 00:07:20,927] {logging_mixin.py:115} INFO - [2022-09-21 00:07:20,927] {dagbag.py:507} INFO - Filling up the DagBag from /home/airflow/.local/lib/python3.7/site-packages/airflow/example_dags/example_branch_labels.py
[2022-09-21 00:07:20,936] {processor.py:651} INFO - DAG(s) dict_keys(['example_branch_labels']) retrieved from /home/airflow/.local/lib/python3.7/site-packages/airflow/example_dags/example_branch_labels.py
[2022-09-21 00:07:20,966] {logging_mixin.py:115} INFO - [2022-09-21 00:07:20,966] {dag.py:2371} INFO - Sync 1 DAGs
[2022-09-21 00:07:20,992] {logging_mixin.py:115} INFO - [2022-09-21 00:07:20,992] {dag.py:2919} INFO - Setting next_dagrun for example_branch_labels to 2022-09-20T00:00:00+00:00, run_after=2022-09-21T00:00:00+00:00
[2022-09-21 00:07:21,032] {processor.py:161} INFO - Processing /home/airflow/.local/lib/python3.7/site-packages/airflow/example_dags/example_branch_labels.py took 0.116 seconds
[2022-09-21 00:07:51,384] {processor.py:153} INFO - Started process (PID=20499) to work on /home/airflow/.local/lib/python3.7/site-packages/airflow/example_dags/example_branch_labels.py
[2022-09-21 00:07:51,411] {processor.py:641} INFO - Processing file /home/airflow/.local/lib/python3.7/site-packages/airflow/example_dags/example_branch_labels.py for tasks to queue
[2022-09-21 00:07:51,412] {logging_mixin.py:115} INFO - [2022-09-21 00:07:51,412] {dagbag.py:507} INFO - Filling up the DagBag from /home/airflow/.local/lib/python3.7/site-packages/airflow/example_dags/example_branch_labels.py
[2022-09-21 00:07:51,419] {processor.py:651} INFO - DAG(s) dict_keys(['example_branch_labels']) retrieved from /home/airflow/.local/lib/python3.7/site-packages/airflow/example_dags/example_branch_labels.py
[2022-09-21 00:07:51,448] {logging_mixin.py:115} INFO - [2022-09-21 00:07:51,448] {dag.py:2371} INFO - Sync 1 DAGs
[2022-09-21 00:07:51,481] {logging_mixin.py:115} INFO - [2022-09-21 00:07:51,481] {dag.py:2919} INFO - Setting next_dagrun for example_branch_labels to 2022-09-20T00:00:00+00:00, run_after=2022-09-21T00:00:00+00:00
[2022-09-21 00:07:51,500] {processor.py:161} INFO - Processing /home/airflow/.local/lib/python3.7/site-packages/airflow/example_dags/example_branch_labels.py took 0.121 seconds
[2022-09-21 00:08:21,650] {processor.py:153} INFO - Started process (PID=20551) to work on /home/airflow/.local/lib/python3.7/site-packages/airflow/example_dags/example_branch_labels.py
[2022-09-21 00:08:21,650] {processor.py:641} INFO - Processing file /home/airflow/.local/lib/python3.7/site-packages/airflow/example_dags/example_branch_labels.py for tasks to queue
[2022-09-21 00:08:21,651] {logging_mixin.py:115} INFO - [2022-09-21 00:08:21,651] {dagbag.py:507} INFO - Filling up the DagBag from /home/airflow/.local/lib/python3.7/site-packages/airflow/example_dags/example_branch_labels.py
[2022-09-21 00:08:21,658] {processor.py:651} INFO - DAG(s) dict_keys(['example_branch_labels']) retrieved from /home/airflow/.local/lib/python3.7/site-packages/airflow/example_dags/example_branch_labels.py
[2022-09-21 00:08:21,689] {logging_mixin.py:115} INFO - [2022-09-21 00:08:21,689] {dag.py:2371} INFO - Sync 1 DAGs
[2022-09-21 00:08:21,717] {logging_mixin.py:115} INFO - [2022-09-21 00:08:21,717] {dag.py:2919} INFO - Setting next_dagrun for example_branch_labels to 2022-09-20T00:00:00+00:00, run_after=2022-09-21T00:00:00+00:00
[2022-09-21 00:08:21,746] {processor.py:161} INFO - Processing /home/airflow/.local/lib/python3.7/site-packages/airflow/example_dags/example_branch_labels.py took 0.100 seconds
[2022-09-21 00:08:52,505] {processor.py:153} INFO - Started process (PID=20612) to work on /home/airflow/.local/lib/python3.7/site-packages/airflow/example_dags/example_branch_labels.py
[2022-09-21 00:08:52,534] {processor.py:641} INFO - Processing file /home/airflow/.local/lib/python3.7/site-packages/airflow/example_dags/example_branch_labels.py for tasks to queue
[2022-09-21 00:08:52,534] {logging_mixin.py:115} INFO - [2022-09-21 00:08:52,534] {dagbag.py:507} INFO - Filling up the DagBag from /home/airflow/.local/lib/python3.7/site-packages/airflow/example_dags/example_branch_labels.py
[2022-09-21 00:08:52,544] {processor.py:651} INFO - DAG(s) dict_keys(['example_branch_labels']) retrieved from /home/airflow/.local/lib/python3.7/site-packages/airflow/example_dags/example_branch_labels.py
[2022-09-21 00:08:52,606] {logging_mixin.py:115} INFO - [2022-09-21 00:08:52,606] {dag.py:2371} INFO - Sync 1 DAGs
[2022-09-21 00:08:52,653] {logging_mixin.py:115} INFO - [2022-09-21 00:08:52,653] {dag.py:2919} INFO - Setting next_dagrun for example_branch_labels to 2022-09-20T00:00:00+00:00, run_after=2022-09-21T00:00:00+00:00
[2022-09-21 00:08:52,671] {processor.py:161} INFO - Processing /home/airflow/.local/lib/python3.7/site-packages/airflow/example_dags/example_branch_labels.py took 0.173 seconds
[2022-09-21 00:09:23,351] {processor.py:153} INFO - Started process (PID=20663) to work on /home/airflow/.local/lib/python3.7/site-packages/airflow/example_dags/example_branch_labels.py
[2022-09-21 00:09:23,391] {processor.py:641} INFO - Processing file /home/airflow/.local/lib/python3.7/site-packages/airflow/example_dags/example_branch_labels.py for tasks to queue
[2022-09-21 00:09:23,391] {logging_mixin.py:115} INFO - [2022-09-21 00:09:23,391] {dagbag.py:507} INFO - Filling up the DagBag from /home/airflow/.local/lib/python3.7/site-packages/airflow/example_dags/example_branch_labels.py
[2022-09-21 00:09:23,398] {processor.py:651} INFO - DAG(s) dict_keys(['example_branch_labels']) retrieved from /home/airflow/.local/lib/python3.7/site-packages/airflow/example_dags/example_branch_labels.py
[2022-09-21 00:09:23,435] {logging_mixin.py:115} INFO - [2022-09-21 00:09:23,435] {dag.py:2371} INFO - Sync 1 DAGs
[2022-09-21 00:09:23,473] {logging_mixin.py:115} INFO - [2022-09-21 00:09:23,473] {dag.py:2919} INFO - Setting next_dagrun for example_branch_labels to 2022-09-20T00:00:00+00:00, run_after=2022-09-21T00:00:00+00:00
[2022-09-21 00:09:23,510] {processor.py:161} INFO - Processing /home/airflow/.local/lib/python3.7/site-packages/airflow/example_dags/example_branch_labels.py took 0.163 seconds
[2022-09-21 00:09:54,442] {processor.py:153} INFO - Started process (PID=20722) to work on /home/airflow/.local/lib/python3.7/site-packages/airflow/example_dags/example_branch_labels.py
[2022-09-21 00:09:54,443] {processor.py:641} INFO - Processing file /home/airflow/.local/lib/python3.7/site-packages/airflow/example_dags/example_branch_labels.py for tasks to queue
[2022-09-21 00:09:54,444] {logging_mixin.py:115} INFO - [2022-09-21 00:09:54,443] {dagbag.py:507} INFO - Filling up the DagBag from /home/airflow/.local/lib/python3.7/site-packages/airflow/example_dags/example_branch_labels.py
[2022-09-21 00:09:54,456] {processor.py:651} INFO - DAG(s) dict_keys(['example_branch_labels']) retrieved from /home/airflow/.local/lib/python3.7/site-packages/airflow/example_dags/example_branch_labels.py
[2022-09-21 00:09:54,510] {logging_mixin.py:115} INFO - [2022-09-21 00:09:54,510] {dag.py:2371} INFO - Sync 1 DAGs
[2022-09-21 00:09:54,561] {logging_mixin.py:115} INFO - [2022-09-21 00:09:54,560] {dag.py:2919} INFO - Setting next_dagrun for example_branch_labels to 2022-09-20T00:00:00+00:00, run_after=2022-09-21T00:00:00+00:00
[2022-09-21 00:09:54,673] {processor.py:161} INFO - Processing /home/airflow/.local/lib/python3.7/site-packages/airflow/example_dags/example_branch_labels.py took 0.238 seconds
[2022-09-21 00:10:24,992] {processor.py:153} INFO - Started process (PID=20774) to work on /home/airflow/.local/lib/python3.7/site-packages/airflow/example_dags/example_branch_labels.py
[2022-09-21 00:10:25,018] {processor.py:641} INFO - Processing file /home/airflow/.local/lib/python3.7/site-packages/airflow/example_dags/example_branch_labels.py for tasks to queue
[2022-09-21 00:10:25,018] {logging_mixin.py:115} INFO - [2022-09-21 00:10:25,018] {dagbag.py:507} INFO - Filling up the DagBag from /home/airflow/.local/lib/python3.7/site-packages/airflow/example_dags/example_branch_labels.py
[2022-09-21 00:10:25,025] {processor.py:651} INFO - DAG(s) dict_keys(['example_branch_labels']) retrieved from /home/airflow/.local/lib/python3.7/site-packages/airflow/example_dags/example_branch_labels.py
[2022-09-21 00:10:25,063] {logging_mixin.py:115} INFO - [2022-09-21 00:10:25,063] {dag.py:2371} INFO - Sync 1 DAGs
[2022-09-21 00:10:25,105] {logging_mixin.py:115} INFO - [2022-09-21 00:10:25,105] {dag.py:2919} INFO - Setting next_dagrun for example_branch_labels to 2022-09-20T00:00:00+00:00, run_after=2022-09-21T00:00:00+00:00
[2022-09-21 00:10:25,157] {processor.py:161} INFO - Processing /home/airflow/.local/lib/python3.7/site-packages/airflow/example_dags/example_branch_labels.py took 0.168 seconds
[2022-09-21 00:10:55,324] {processor.py:153} INFO - Started process (PID=20835) to work on /home/airflow/.local/lib/python3.7/site-packages/airflow/example_dags/example_branch_labels.py
[2022-09-21 00:10:55,324] {processor.py:641} INFO - Processing file /home/airflow/.local/lib/python3.7/site-packages/airflow/example_dags/example_branch_labels.py for tasks to queue
[2022-09-21 00:10:55,325] {logging_mixin.py:115} INFO - [2022-09-21 00:10:55,325] {dagbag.py:507} INFO - Filling up the DagBag from /home/airflow/.local/lib/python3.7/site-packages/airflow/example_dags/example_branch_labels.py
[2022-09-21 00:10:55,332] {processor.py:651} INFO - DAG(s) dict_keys(['example_branch_labels']) retrieved from /home/airflow/.local/lib/python3.7/site-packages/airflow/example_dags/example_branch_labels.py
[2022-09-21 00:10:55,371] {logging_mixin.py:115} INFO - [2022-09-21 00:10:55,371] {dag.py:2371} INFO - Sync 1 DAGs
[2022-09-21 00:10:55,403] {logging_mixin.py:115} INFO - [2022-09-21 00:10:55,403] {dag.py:2919} INFO - Setting next_dagrun for example_branch_labels to 2022-09-20T00:00:00+00:00, run_after=2022-09-21T00:00:00+00:00
[2022-09-21 00:10:55,436] {processor.py:161} INFO - Processing /home/airflow/.local/lib/python3.7/site-packages/airflow/example_dags/example_branch_labels.py took 0.116 seconds
[2022-09-21 00:11:25,649] {processor.py:153} INFO - Started process (PID=20887) to work on /home/airflow/.local/lib/python3.7/site-packages/airflow/example_dags/example_branch_labels.py
[2022-09-21 00:11:25,656] {processor.py:641} INFO - Processing file /home/airflow/.local/lib/python3.7/site-packages/airflow/example_dags/example_branch_labels.py for tasks to queue
[2022-09-21 00:11:25,657] {logging_mixin.py:115} INFO - [2022-09-21 00:11:25,657] {dagbag.py:507} INFO - Filling up the DagBag from /home/airflow/.local/lib/python3.7/site-packages/airflow/example_dags/example_branch_labels.py
[2022-09-21 00:11:25,663] {processor.py:651} INFO - DAG(s) dict_keys(['example_branch_labels']) retrieved from /home/airflow/.local/lib/python3.7/site-packages/airflow/example_dags/example_branch_labels.py
[2022-09-21 00:11:25,696] {logging_mixin.py:115} INFO - [2022-09-21 00:11:25,696] {dag.py:2371} INFO - Sync 1 DAGs
[2022-09-21 00:11:25,740] {logging_mixin.py:115} INFO - [2022-09-21 00:11:25,740] {dag.py:2919} INFO - Setting next_dagrun for example_branch_labels to 2022-09-20T00:00:00+00:00, run_after=2022-09-21T00:00:00+00:00
[2022-09-21 00:11:25,780] {processor.py:161} INFO - Processing /home/airflow/.local/lib/python3.7/site-packages/airflow/example_dags/example_branch_labels.py took 0.135 seconds
[2022-09-21 00:11:56,482] {processor.py:153} INFO - Started process (PID=20939) to work on /home/airflow/.local/lib/python3.7/site-packages/airflow/example_dags/example_branch_labels.py
[2022-09-21 00:11:56,483] {processor.py:641} INFO - Processing file /home/airflow/.local/lib/python3.7/site-packages/airflow/example_dags/example_branch_labels.py for tasks to queue
[2022-09-21 00:11:56,483] {logging_mixin.py:115} INFO - [2022-09-21 00:11:56,483] {dagbag.py:507} INFO - Filling up the DagBag from /home/airflow/.local/lib/python3.7/site-packages/airflow/example_dags/example_branch_labels.py
[2022-09-21 00:11:56,493] {processor.py:651} INFO - DAG(s) dict_keys(['example_branch_labels']) retrieved from /home/airflow/.local/lib/python3.7/site-packages/airflow/example_dags/example_branch_labels.py
[2022-09-21 00:11:56,535] {logging_mixin.py:115} INFO - [2022-09-21 00:11:56,535] {dag.py:2371} INFO - Sync 1 DAGs
[2022-09-21 00:11:56,586] {logging_mixin.py:115} INFO - [2022-09-21 00:11:56,586] {dag.py:2919} INFO - Setting next_dagrun for example_branch_labels to 2022-09-20T00:00:00+00:00, run_after=2022-09-21T00:00:00+00:00
[2022-09-21 00:11:56,816] {processor.py:161} INFO - Processing /home/airflow/.local/lib/python3.7/site-packages/airflow/example_dags/example_branch_labels.py took 0.338 seconds
[2022-09-21 00:12:27,343] {processor.py:153} INFO - Started process (PID=21003) to work on /home/airflow/.local/lib/python3.7/site-packages/airflow/example_dags/example_branch_labels.py
[2022-09-21 00:12:27,381] {processor.py:641} INFO - Processing file /home/airflow/.local/lib/python3.7/site-packages/airflow/example_dags/example_branch_labels.py for tasks to queue
[2022-09-21 00:12:27,382] {logging_mixin.py:115} INFO - [2022-09-21 00:12:27,382] {dagbag.py:507} INFO - Filling up the DagBag from /home/airflow/.local/lib/python3.7/site-packages/airflow/example_dags/example_branch_labels.py
[2022-09-21 00:12:27,394] {processor.py:651} INFO - DAG(s) dict_keys(['example_branch_labels']) retrieved from /home/airflow/.local/lib/python3.7/site-packages/airflow/example_dags/example_branch_labels.py
[2022-09-21 00:12:27,427] {logging_mixin.py:115} INFO - [2022-09-21 00:12:27,427] {dag.py:2371} INFO - Sync 1 DAGs
[2022-09-21 00:12:27,465] {logging_mixin.py:115} INFO - [2022-09-21 00:12:27,464] {dag.py:2919} INFO - Setting next_dagrun for example_branch_labels to 2022-09-20T00:00:00+00:00, run_after=2022-09-21T00:00:00+00:00
[2022-09-21 00:12:27,508] {processor.py:161} INFO - Processing /home/airflow/.local/lib/python3.7/site-packages/airflow/example_dags/example_branch_labels.py took 0.170 seconds
[2022-09-21 00:12:57,721] {processor.py:153} INFO - Started process (PID=21054) to work on /home/airflow/.local/lib/python3.7/site-packages/airflow/example_dags/example_branch_labels.py
[2022-09-21 00:12:57,722] {processor.py:641} INFO - Processing file /home/airflow/.local/lib/python3.7/site-packages/airflow/example_dags/example_branch_labels.py for tasks to queue
[2022-09-21 00:12:57,723] {logging_mixin.py:115} INFO - [2022-09-21 00:12:57,723] {dagbag.py:507} INFO - Filling up the DagBag from /home/airflow/.local/lib/python3.7/site-packages/airflow/example_dags/example_branch_labels.py
[2022-09-21 00:12:57,731] {processor.py:651} INFO - DAG(s) dict_keys(['example_branch_labels']) retrieved from /home/airflow/.local/lib/python3.7/site-packages/airflow/example_dags/example_branch_labels.py
[2022-09-21 00:12:57,770] {logging_mixin.py:115} INFO - [2022-09-21 00:12:57,770] {dag.py:2371} INFO - Sync 1 DAGs
[2022-09-21 00:12:57,835] {logging_mixin.py:115} INFO - [2022-09-21 00:12:57,835] {dag.py:2919} INFO - Setting next_dagrun for example_branch_labels to 2022-09-20T00:00:00+00:00, run_after=2022-09-21T00:00:00+00:00
[2022-09-21 00:12:58,185] {processor.py:161} INFO - Processing /home/airflow/.local/lib/python3.7/site-packages/airflow/example_dags/example_branch_labels.py took 0.469 seconds
[2022-09-21 00:13:28,607] {processor.py:153} INFO - Started process (PID=21115) to work on /home/airflow/.local/lib/python3.7/site-packages/airflow/example_dags/example_branch_labels.py
[2022-09-21 00:13:28,708] {processor.py:641} INFO - Processing file /home/airflow/.local/lib/python3.7/site-packages/airflow/example_dags/example_branch_labels.py for tasks to queue
[2022-09-21 00:13:28,708] {logging_mixin.py:115} INFO - [2022-09-21 00:13:28,708] {dagbag.py:507} INFO - Filling up the DagBag from /home/airflow/.local/lib/python3.7/site-packages/airflow/example_dags/example_branch_labels.py
[2022-09-21 00:13:28,719] {processor.py:651} INFO - DAG(s) dict_keys(['example_branch_labels']) retrieved from /home/airflow/.local/lib/python3.7/site-packages/airflow/example_dags/example_branch_labels.py
[2022-09-21 00:13:28,754] {logging_mixin.py:115} INFO - [2022-09-21 00:13:28,753] {dag.py:2371} INFO - Sync 1 DAGs
[2022-09-21 00:13:28,783] {logging_mixin.py:115} INFO - [2022-09-21 00:13:28,783] {dag.py:2919} INFO - Setting next_dagrun for example_branch_labels to 2022-09-20T00:00:00+00:00, run_after=2022-09-21T00:00:00+00:00
[2022-09-21 00:13:28,990] {processor.py:161} INFO - Processing /home/airflow/.local/lib/python3.7/site-packages/airflow/example_dags/example_branch_labels.py took 0.390 seconds
[2022-09-21 00:13:59,054] {processor.py:153} INFO - Started process (PID=21166) to work on /home/airflow/.local/lib/python3.7/site-packages/airflow/example_dags/example_branch_labels.py
[2022-09-21 00:13:59,055] {processor.py:641} INFO - Processing file /home/airflow/.local/lib/python3.7/site-packages/airflow/example_dags/example_branch_labels.py for tasks to queue
[2022-09-21 00:13:59,056] {logging_mixin.py:115} INFO - [2022-09-21 00:13:59,055] {dagbag.py:507} INFO - Filling up the DagBag from /home/airflow/.local/lib/python3.7/site-packages/airflow/example_dags/example_branch_labels.py
[2022-09-21 00:13:59,066] {processor.py:651} INFO - DAG(s) dict_keys(['example_branch_labels']) retrieved from /home/airflow/.local/lib/python3.7/site-packages/airflow/example_dags/example_branch_labels.py
[2022-09-21 00:13:59,111] {logging_mixin.py:115} INFO - [2022-09-21 00:13:59,111] {dag.py:2371} INFO - Sync 1 DAGs
[2022-09-21 00:13:59,157] {logging_mixin.py:115} INFO - [2022-09-21 00:13:59,157] {dag.py:2919} INFO - Setting next_dagrun for example_branch_labels to 2022-09-20T00:00:00+00:00, run_after=2022-09-21T00:00:00+00:00
[2022-09-21 00:13:59,179] {processor.py:161} INFO - Processing /home/airflow/.local/lib/python3.7/site-packages/airflow/example_dags/example_branch_labels.py took 0.136 seconds
[2022-09-21 00:14:29,881] {processor.py:153} INFO - Started process (PID=21225) to work on /home/airflow/.local/lib/python3.7/site-packages/airflow/example_dags/example_branch_labels.py
[2022-09-21 00:14:29,901] {processor.py:641} INFO - Processing file /home/airflow/.local/lib/python3.7/site-packages/airflow/example_dags/example_branch_labels.py for tasks to queue
[2022-09-21 00:14:29,902] {logging_mixin.py:115} INFO - [2022-09-21 00:14:29,902] {dagbag.py:507} INFO - Filling up the DagBag from /home/airflow/.local/lib/python3.7/site-packages/airflow/example_dags/example_branch_labels.py
[2022-09-21 00:14:29,916] {processor.py:651} INFO - DAG(s) dict_keys(['example_branch_labels']) retrieved from /home/airflow/.local/lib/python3.7/site-packages/airflow/example_dags/example_branch_labels.py
[2022-09-21 00:14:30,040] {logging_mixin.py:115} INFO - [2022-09-21 00:14:30,040] {dag.py:2371} INFO - Sync 1 DAGs
[2022-09-21 00:14:30,118] {logging_mixin.py:115} INFO - [2022-09-21 00:14:30,118] {dag.py:2919} INFO - Setting next_dagrun for example_branch_labels to 2022-09-20T00:00:00+00:00, run_after=2022-09-21T00:00:00+00:00
[2022-09-21 00:14:30,193] {processor.py:161} INFO - Processing /home/airflow/.local/lib/python3.7/site-packages/airflow/example_dags/example_branch_labels.py took 0.321 seconds
[2022-09-21 00:15:00,677] {processor.py:153} INFO - Started process (PID=21278) to work on /home/airflow/.local/lib/python3.7/site-packages/airflow/example_dags/example_branch_labels.py
[2022-09-21 00:15:00,677] {processor.py:641} INFO - Processing file /home/airflow/.local/lib/python3.7/site-packages/airflow/example_dags/example_branch_labels.py for tasks to queue
[2022-09-21 00:15:00,678] {logging_mixin.py:115} INFO - [2022-09-21 00:15:00,678] {dagbag.py:507} INFO - Filling up the DagBag from /home/airflow/.local/lib/python3.7/site-packages/airflow/example_dags/example_branch_labels.py
[2022-09-21 00:15:00,688] {processor.py:651} INFO - DAG(s) dict_keys(['example_branch_labels']) retrieved from /home/airflow/.local/lib/python3.7/site-packages/airflow/example_dags/example_branch_labels.py
[2022-09-21 00:15:00,733] {logging_mixin.py:115} INFO - [2022-09-21 00:15:00,733] {dag.py:2371} INFO - Sync 1 DAGs
[2022-09-21 00:15:00,779] {logging_mixin.py:115} INFO - [2022-09-21 00:15:00,779] {dag.py:2919} INFO - Setting next_dagrun for example_branch_labels to 2022-09-20T00:00:00+00:00, run_after=2022-09-21T00:00:00+00:00
[2022-09-21 00:15:00,820] {processor.py:161} INFO - Processing /home/airflow/.local/lib/python3.7/site-packages/airflow/example_dags/example_branch_labels.py took 0.149 seconds
[2022-09-21 00:15:31,553] {processor.py:153} INFO - Started process (PID=21329) to work on /home/airflow/.local/lib/python3.7/site-packages/airflow/example_dags/example_branch_labels.py
[2022-09-21 00:15:31,569] {processor.py:641} INFO - Processing file /home/airflow/.local/lib/python3.7/site-packages/airflow/example_dags/example_branch_labels.py for tasks to queue
[2022-09-21 00:15:31,570] {logging_mixin.py:115} INFO - [2022-09-21 00:15:31,570] {dagbag.py:507} INFO - Filling up the DagBag from /home/airflow/.local/lib/python3.7/site-packages/airflow/example_dags/example_branch_labels.py
[2022-09-21 00:15:31,585] {processor.py:651} INFO - DAG(s) dict_keys(['example_branch_labels']) retrieved from /home/airflow/.local/lib/python3.7/site-packages/airflow/example_dags/example_branch_labels.py
[2022-09-21 00:15:31,632] {logging_mixin.py:115} INFO - [2022-09-21 00:15:31,632] {dag.py:2371} INFO - Sync 1 DAGs
[2022-09-21 00:15:31,676] {logging_mixin.py:115} INFO - [2022-09-21 00:15:31,676] {dag.py:2919} INFO - Setting next_dagrun for example_branch_labels to 2022-09-20T00:00:00+00:00, run_after=2022-09-21T00:00:00+00:00
[2022-09-21 00:15:31,708] {processor.py:161} INFO - Processing /home/airflow/.local/lib/python3.7/site-packages/airflow/example_dags/example_branch_labels.py took 0.164 seconds
[2022-09-21 00:16:02,035] {processor.py:153} INFO - Started process (PID=21390) to work on /home/airflow/.local/lib/python3.7/site-packages/airflow/example_dags/example_branch_labels.py
[2022-09-21 00:16:02,036] {processor.py:641} INFO - Processing file /home/airflow/.local/lib/python3.7/site-packages/airflow/example_dags/example_branch_labels.py for tasks to queue
[2022-09-21 00:16:02,036] {logging_mixin.py:115} INFO - [2022-09-21 00:16:02,036] {dagbag.py:507} INFO - Filling up the DagBag from /home/airflow/.local/lib/python3.7/site-packages/airflow/example_dags/example_branch_labels.py
[2022-09-21 00:16:02,046] {processor.py:651} INFO - DAG(s) dict_keys(['example_branch_labels']) retrieved from /home/airflow/.local/lib/python3.7/site-packages/airflow/example_dags/example_branch_labels.py
[2022-09-21 00:16:02,084] {logging_mixin.py:115} INFO - [2022-09-21 00:16:02,084] {dag.py:2371} INFO - Sync 1 DAGs
[2022-09-21 00:16:02,115] {logging_mixin.py:115} INFO - [2022-09-21 00:16:02,115] {dag.py:2919} INFO - Setting next_dagrun for example_branch_labels to 2022-09-20T00:00:00+00:00, run_after=2022-09-21T00:00:00+00:00
[2022-09-21 00:16:02,153] {processor.py:161} INFO - Processing /home/airflow/.local/lib/python3.7/site-packages/airflow/example_dags/example_branch_labels.py took 0.123 seconds
[2022-09-21 00:16:32,268] {processor.py:153} INFO - Started process (PID=21443) to work on /home/airflow/.local/lib/python3.7/site-packages/airflow/example_dags/example_branch_labels.py
[2022-09-21 00:16:32,276] {processor.py:641} INFO - Processing file /home/airflow/.local/lib/python3.7/site-packages/airflow/example_dags/example_branch_labels.py for tasks to queue
[2022-09-21 00:16:32,277] {logging_mixin.py:115} INFO - [2022-09-21 00:16:32,277] {dagbag.py:507} INFO - Filling up the DagBag from /home/airflow/.local/lib/python3.7/site-packages/airflow/example_dags/example_branch_labels.py
[2022-09-21 00:16:32,294] {processor.py:651} INFO - DAG(s) dict_keys(['example_branch_labels']) retrieved from /home/airflow/.local/lib/python3.7/site-packages/airflow/example_dags/example_branch_labels.py
[2022-09-21 00:16:32,360] {logging_mixin.py:115} INFO - [2022-09-21 00:16:32,360] {dag.py:2371} INFO - Sync 1 DAGs
[2022-09-21 00:16:32,399] {logging_mixin.py:115} INFO - [2022-09-21 00:16:32,399] {dag.py:2919} INFO - Setting next_dagrun for example_branch_labels to 2022-09-20T00:00:00+00:00, run_after=2022-09-21T00:00:00+00:00
[2022-09-21 00:16:32,458] {processor.py:161} INFO - Processing /home/airflow/.local/lib/python3.7/site-packages/airflow/example_dags/example_branch_labels.py took 0.205 seconds
[2022-09-21 00:17:03,334] {processor.py:153} INFO - Started process (PID=21505) to work on /home/airflow/.local/lib/python3.7/site-packages/airflow/example_dags/example_branch_labels.py
[2022-09-21 00:17:03,344] {processor.py:641} INFO - Processing file /home/airflow/.local/lib/python3.7/site-packages/airflow/example_dags/example_branch_labels.py for tasks to queue
[2022-09-21 00:17:03,344] {logging_mixin.py:115} INFO - [2022-09-21 00:17:03,344] {dagbag.py:507} INFO - Filling up the DagBag from /home/airflow/.local/lib/python3.7/site-packages/airflow/example_dags/example_branch_labels.py
[2022-09-21 00:17:03,355] {processor.py:651} INFO - DAG(s) dict_keys(['example_branch_labels']) retrieved from /home/airflow/.local/lib/python3.7/site-packages/airflow/example_dags/example_branch_labels.py
[2022-09-21 00:17:03,397] {logging_mixin.py:115} INFO - [2022-09-21 00:17:03,396] {dag.py:2371} INFO - Sync 1 DAGs
[2022-09-21 00:17:03,438] {logging_mixin.py:115} INFO - [2022-09-21 00:17:03,438] {dag.py:2919} INFO - Setting next_dagrun for example_branch_labels to 2022-09-20T00:00:00+00:00, run_after=2022-09-21T00:00:00+00:00
[2022-09-21 00:17:03,479] {processor.py:161} INFO - Processing /home/airflow/.local/lib/python3.7/site-packages/airflow/example_dags/example_branch_labels.py took 0.148 seconds
[2022-09-21 00:17:33,687] {processor.py:153} INFO - Started process (PID=21557) to work on /home/airflow/.local/lib/python3.7/site-packages/airflow/example_dags/example_branch_labels.py
[2022-09-21 00:17:33,688] {processor.py:641} INFO - Processing file /home/airflow/.local/lib/python3.7/site-packages/airflow/example_dags/example_branch_labels.py for tasks to queue
[2022-09-21 00:17:33,689] {logging_mixin.py:115} INFO - [2022-09-21 00:17:33,689] {dagbag.py:507} INFO - Filling up the DagBag from /home/airflow/.local/lib/python3.7/site-packages/airflow/example_dags/example_branch_labels.py
[2022-09-21 00:17:33,698] {processor.py:651} INFO - DAG(s) dict_keys(['example_branch_labels']) retrieved from /home/airflow/.local/lib/python3.7/site-packages/airflow/example_dags/example_branch_labels.py
[2022-09-21 00:17:33,742] {logging_mixin.py:115} INFO - [2022-09-21 00:17:33,741] {dag.py:2371} INFO - Sync 1 DAGs
[2022-09-21 00:17:33,782] {logging_mixin.py:115} INFO - [2022-09-21 00:17:33,782] {dag.py:2919} INFO - Setting next_dagrun for example_branch_labels to 2022-09-20T00:00:00+00:00, run_after=2022-09-21T00:00:00+00:00
[2022-09-21 00:17:33,825] {processor.py:161} INFO - Processing /home/airflow/.local/lib/python3.7/site-packages/airflow/example_dags/example_branch_labels.py took 0.142 seconds
[2022-09-21 00:18:04,491] {processor.py:153} INFO - Started process (PID=21618) to work on /home/airflow/.local/lib/python3.7/site-packages/airflow/example_dags/example_branch_labels.py
[2022-09-21 00:18:04,508] {processor.py:641} INFO - Processing file /home/airflow/.local/lib/python3.7/site-packages/airflow/example_dags/example_branch_labels.py for tasks to queue
[2022-09-21 00:18:04,509] {logging_mixin.py:115} INFO - [2022-09-21 00:18:04,509] {dagbag.py:507} INFO - Filling up the DagBag from /home/airflow/.local/lib/python3.7/site-packages/airflow/example_dags/example_branch_labels.py
[2022-09-21 00:18:04,518] {processor.py:651} INFO - DAG(s) dict_keys(['example_branch_labels']) retrieved from /home/airflow/.local/lib/python3.7/site-packages/airflow/example_dags/example_branch_labels.py
[2022-09-21 00:18:04,559] {logging_mixin.py:115} INFO - [2022-09-21 00:18:04,559] {dag.py:2371} INFO - Sync 1 DAGs
[2022-09-21 00:18:04,598] {logging_mixin.py:115} INFO - [2022-09-21 00:18:04,598] {dag.py:2919} INFO - Setting next_dagrun for example_branch_labels to 2022-09-20T00:00:00+00:00, run_after=2022-09-21T00:00:00+00:00
[2022-09-21 00:18:04,627] {processor.py:161} INFO - Processing /home/airflow/.local/lib/python3.7/site-packages/airflow/example_dags/example_branch_labels.py took 0.140 seconds
[2022-09-21 00:18:34,992] {processor.py:153} INFO - Started process (PID=21670) to work on /home/airflow/.local/lib/python3.7/site-packages/airflow/example_dags/example_branch_labels.py
[2022-09-21 00:18:34,997] {processor.py:641} INFO - Processing file /home/airflow/.local/lib/python3.7/site-packages/airflow/example_dags/example_branch_labels.py for tasks to queue
[2022-09-21 00:18:34,998] {logging_mixin.py:115} INFO - [2022-09-21 00:18:34,998] {dagbag.py:507} INFO - Filling up the DagBag from /home/airflow/.local/lib/python3.7/site-packages/airflow/example_dags/example_branch_labels.py
[2022-09-21 00:18:35,018] {processor.py:651} INFO - DAG(s) dict_keys(['example_branch_labels']) retrieved from /home/airflow/.local/lib/python3.7/site-packages/airflow/example_dags/example_branch_labels.py
[2022-09-21 00:18:35,081] {logging_mixin.py:115} INFO - [2022-09-21 00:18:35,081] {dag.py:2371} INFO - Sync 1 DAGs
[2022-09-21 00:18:35,137] {logging_mixin.py:115} INFO - [2022-09-21 00:18:35,137] {dag.py:2919} INFO - Setting next_dagrun for example_branch_labels to 2022-09-20T00:00:00+00:00, run_after=2022-09-21T00:00:00+00:00
[2022-09-21 00:18:35,185] {processor.py:161} INFO - Processing /home/airflow/.local/lib/python3.7/site-packages/airflow/example_dags/example_branch_labels.py took 0.204 seconds
[2022-09-21 00:19:05,427] {processor.py:153} INFO - Started process (PID=21722) to work on /home/airflow/.local/lib/python3.7/site-packages/airflow/example_dags/example_branch_labels.py
[2022-09-21 00:19:05,427] {processor.py:641} INFO - Processing file /home/airflow/.local/lib/python3.7/site-packages/airflow/example_dags/example_branch_labels.py for tasks to queue
[2022-09-21 00:19:05,428] {logging_mixin.py:115} INFO - [2022-09-21 00:19:05,428] {dagbag.py:507} INFO - Filling up the DagBag from /home/airflow/.local/lib/python3.7/site-packages/airflow/example_dags/example_branch_labels.py
[2022-09-21 00:19:05,437] {processor.py:651} INFO - DAG(s) dict_keys(['example_branch_labels']) retrieved from /home/airflow/.local/lib/python3.7/site-packages/airflow/example_dags/example_branch_labels.py
[2022-09-21 00:19:05,476] {logging_mixin.py:115} INFO - [2022-09-21 00:19:05,476] {dag.py:2371} INFO - Sync 1 DAGs
[2022-09-21 00:19:05,513] {logging_mixin.py:115} INFO - [2022-09-21 00:19:05,513] {dag.py:2919} INFO - Setting next_dagrun for example_branch_labels to 2022-09-20T00:00:00+00:00, run_after=2022-09-21T00:00:00+00:00
[2022-09-21 00:19:05,552] {processor.py:161} INFO - Processing /home/airflow/.local/lib/python3.7/site-packages/airflow/example_dags/example_branch_labels.py took 0.131 seconds
[2022-09-21 00:19:36,090] {processor.py:153} INFO - Started process (PID=21782) to work on /home/airflow/.local/lib/python3.7/site-packages/airflow/example_dags/example_branch_labels.py
[2022-09-21 00:19:36,114] {processor.py:641} INFO - Processing file /home/airflow/.local/lib/python3.7/site-packages/airflow/example_dags/example_branch_labels.py for tasks to queue
[2022-09-21 00:19:36,115] {logging_mixin.py:115} INFO - [2022-09-21 00:19:36,115] {dagbag.py:507} INFO - Filling up the DagBag from /home/airflow/.local/lib/python3.7/site-packages/airflow/example_dags/example_branch_labels.py
[2022-09-21 00:19:36,130] {processor.py:651} INFO - DAG(s) dict_keys(['example_branch_labels']) retrieved from /home/airflow/.local/lib/python3.7/site-packages/airflow/example_dags/example_branch_labels.py
[2022-09-21 00:19:36,178] {logging_mixin.py:115} INFO - [2022-09-21 00:19:36,178] {dag.py:2371} INFO - Sync 1 DAGs
[2022-09-21 00:19:36,229] {logging_mixin.py:115} INFO - [2022-09-21 00:19:36,228] {dag.py:2919} INFO - Setting next_dagrun for example_branch_labels to 2022-09-20T00:00:00+00:00, run_after=2022-09-21T00:00:00+00:00
[2022-09-21 00:19:36,264] {processor.py:161} INFO - Processing /home/airflow/.local/lib/python3.7/site-packages/airflow/example_dags/example_branch_labels.py took 0.181 seconds
[2022-09-21 00:20:06,664] {processor.py:153} INFO - Started process (PID=21834) to work on /home/airflow/.local/lib/python3.7/site-packages/airflow/example_dags/example_branch_labels.py
[2022-09-21 00:20:06,665] {processor.py:641} INFO - Processing file /home/airflow/.local/lib/python3.7/site-packages/airflow/example_dags/example_branch_labels.py for tasks to queue
[2022-09-21 00:20:06,666] {logging_mixin.py:115} INFO - [2022-09-21 00:20:06,666] {dagbag.py:507} INFO - Filling up the DagBag from /home/airflow/.local/lib/python3.7/site-packages/airflow/example_dags/example_branch_labels.py
[2022-09-21 00:20:06,673] {processor.py:651} INFO - DAG(s) dict_keys(['example_branch_labels']) retrieved from /home/airflow/.local/lib/python3.7/site-packages/airflow/example_dags/example_branch_labels.py
[2022-09-21 00:20:06,715] {logging_mixin.py:115} INFO - [2022-09-21 00:20:06,715] {dag.py:2371} INFO - Sync 1 DAGs
[2022-09-21 00:20:06,770] {logging_mixin.py:115} INFO - [2022-09-21 00:20:06,769] {dag.py:2919} INFO - Setting next_dagrun for example_branch_labels to 2022-09-20T00:00:00+00:00, run_after=2022-09-21T00:00:00+00:00
[2022-09-21 00:20:06,811] {processor.py:161} INFO - Processing /home/airflow/.local/lib/python3.7/site-packages/airflow/example_dags/example_branch_labels.py took 0.152 seconds
[2022-09-21 00:20:37,432] {processor.py:153} INFO - Started process (PID=21895) to work on /home/airflow/.local/lib/python3.7/site-packages/airflow/example_dags/example_branch_labels.py
[2022-09-21 00:20:37,445] {processor.py:641} INFO - Processing file /home/airflow/.local/lib/python3.7/site-packages/airflow/example_dags/example_branch_labels.py for tasks to queue
[2022-09-21 00:20:37,446] {logging_mixin.py:115} INFO - [2022-09-21 00:20:37,445] {dagbag.py:507} INFO - Filling up the DagBag from /home/airflow/.local/lib/python3.7/site-packages/airflow/example_dags/example_branch_labels.py
[2022-09-21 00:20:37,479] {processor.py:651} INFO - DAG(s) dict_keys(['example_branch_labels']) retrieved from /home/airflow/.local/lib/python3.7/site-packages/airflow/example_dags/example_branch_labels.py
[2022-09-21 00:20:37,563] {logging_mixin.py:115} INFO - [2022-09-21 00:20:37,563] {dag.py:2371} INFO - Sync 1 DAGs
[2022-09-21 00:20:37,611] {logging_mixin.py:115} INFO - [2022-09-21 00:20:37,611] {dag.py:2919} INFO - Setting next_dagrun for example_branch_labels to 2022-09-20T00:00:00+00:00, run_after=2022-09-21T00:00:00+00:00
[2022-09-21 00:20:37,645] {processor.py:161} INFO - Processing /home/airflow/.local/lib/python3.7/site-packages/airflow/example_dags/example_branch_labels.py took 0.251 seconds
[2022-09-21 00:21:08,596] {processor.py:153} INFO - Started process (PID=21946) to work on /home/airflow/.local/lib/python3.7/site-packages/airflow/example_dags/example_branch_labels.py
[2022-09-21 00:21:08,597] {processor.py:641} INFO - Processing file /home/airflow/.local/lib/python3.7/site-packages/airflow/example_dags/example_branch_labels.py for tasks to queue
[2022-09-21 00:21:08,598] {logging_mixin.py:115} INFO - [2022-09-21 00:21:08,598] {dagbag.py:507} INFO - Filling up the DagBag from /home/airflow/.local/lib/python3.7/site-packages/airflow/example_dags/example_branch_labels.py
[2022-09-21 00:21:08,614] {processor.py:651} INFO - DAG(s) dict_keys(['example_branch_labels']) retrieved from /home/airflow/.local/lib/python3.7/site-packages/airflow/example_dags/example_branch_labels.py
[2022-09-21 00:21:08,658] {logging_mixin.py:115} INFO - [2022-09-21 00:21:08,658] {dag.py:2371} INFO - Sync 1 DAGs
[2022-09-21 00:21:08,699] {logging_mixin.py:115} INFO - [2022-09-21 00:21:08,699] {dag.py:2919} INFO - Setting next_dagrun for example_branch_labels to 2022-09-20T00:00:00+00:00, run_after=2022-09-21T00:00:00+00:00
[2022-09-21 00:21:08,728] {processor.py:161} INFO - Processing /home/airflow/.local/lib/python3.7/site-packages/airflow/example_dags/example_branch_labels.py took 0.146 seconds
[2022-09-21 00:21:39,485] {processor.py:153} INFO - Started process (PID=21998) to work on /home/airflow/.local/lib/python3.7/site-packages/airflow/example_dags/example_branch_labels.py
[2022-09-21 00:21:39,521] {processor.py:641} INFO - Processing file /home/airflow/.local/lib/python3.7/site-packages/airflow/example_dags/example_branch_labels.py for tasks to queue
[2022-09-21 00:21:39,522] {logging_mixin.py:115} INFO - [2022-09-21 00:21:39,522] {dagbag.py:507} INFO - Filling up the DagBag from /home/airflow/.local/lib/python3.7/site-packages/airflow/example_dags/example_branch_labels.py
[2022-09-21 00:21:39,550] {processor.py:651} INFO - DAG(s) dict_keys(['example_branch_labels']) retrieved from /home/airflow/.local/lib/python3.7/site-packages/airflow/example_dags/example_branch_labels.py
[2022-09-21 00:21:39,626] {logging_mixin.py:115} INFO - [2022-09-21 00:21:39,626] {dag.py:2371} INFO - Sync 1 DAGs
[2022-09-21 00:21:39,706] {logging_mixin.py:115} INFO - [2022-09-21 00:21:39,706] {dag.py:2919} INFO - Setting next_dagrun for example_branch_labels to 2022-09-20T00:00:00+00:00, run_after=2022-09-21T00:00:00+00:00
[2022-09-21 00:21:39,804] {processor.py:161} INFO - Processing /home/airflow/.local/lib/python3.7/site-packages/airflow/example_dags/example_branch_labels.py took 0.328 seconds
[2022-09-21 00:22:10,166] {processor.py:153} INFO - Started process (PID=22059) to work on /home/airflow/.local/lib/python3.7/site-packages/airflow/example_dags/example_branch_labels.py
[2022-09-21 00:22:10,166] {processor.py:641} INFO - Processing file /home/airflow/.local/lib/python3.7/site-packages/airflow/example_dags/example_branch_labels.py for tasks to queue
[2022-09-21 00:22:10,167] {logging_mixin.py:115} INFO - [2022-09-21 00:22:10,167] {dagbag.py:507} INFO - Filling up the DagBag from /home/airflow/.local/lib/python3.7/site-packages/airflow/example_dags/example_branch_labels.py
[2022-09-21 00:22:10,189] {processor.py:651} INFO - DAG(s) dict_keys(['example_branch_labels']) retrieved from /home/airflow/.local/lib/python3.7/site-packages/airflow/example_dags/example_branch_labels.py
[2022-09-21 00:22:10,298] {logging_mixin.py:115} INFO - [2022-09-21 00:22:10,298] {dag.py:2371} INFO - Sync 1 DAGs
[2022-09-21 00:22:10,396] {logging_mixin.py:115} INFO - [2022-09-21 00:22:10,396] {dag.py:2919} INFO - Setting next_dagrun for example_branch_labels to 2022-09-20T00:00:00+00:00, run_after=2022-09-21T00:00:00+00:00
[2022-09-21 00:22:10,472] {processor.py:161} INFO - Processing /home/airflow/.local/lib/python3.7/site-packages/airflow/example_dags/example_branch_labels.py took 0.315 seconds
[2022-09-21 00:22:40,532] {processor.py:153} INFO - Started process (PID=22110) to work on /home/airflow/.local/lib/python3.7/site-packages/airflow/example_dags/example_branch_labels.py
[2022-09-21 00:22:40,556] {processor.py:641} INFO - Processing file /home/airflow/.local/lib/python3.7/site-packages/airflow/example_dags/example_branch_labels.py for tasks to queue
[2022-09-21 00:22:40,557] {logging_mixin.py:115} INFO - [2022-09-21 00:22:40,557] {dagbag.py:507} INFO - Filling up the DagBag from /home/airflow/.local/lib/python3.7/site-packages/airflow/example_dags/example_branch_labels.py
[2022-09-21 00:22:40,568] {processor.py:651} INFO - DAG(s) dict_keys(['example_branch_labels']) retrieved from /home/airflow/.local/lib/python3.7/site-packages/airflow/example_dags/example_branch_labels.py
[2022-09-21 00:22:40,616] {logging_mixin.py:115} INFO - [2022-09-21 00:22:40,616] {dag.py:2371} INFO - Sync 1 DAGs
[2022-09-21 00:22:40,661] {logging_mixin.py:115} INFO - [2022-09-21 00:22:40,661] {dag.py:2919} INFO - Setting next_dagrun for example_branch_labels to 2022-09-20T00:00:00+00:00, run_after=2022-09-21T00:00:00+00:00
[2022-09-21 00:22:40,724] {processor.py:161} INFO - Processing /home/airflow/.local/lib/python3.7/site-packages/airflow/example_dags/example_branch_labels.py took 0.197 seconds
[2022-09-21 00:23:11,170] {processor.py:153} INFO - Started process (PID=22171) to work on /home/airflow/.local/lib/python3.7/site-packages/airflow/example_dags/example_branch_labels.py
[2022-09-21 00:23:11,171] {processor.py:641} INFO - Processing file /home/airflow/.local/lib/python3.7/site-packages/airflow/example_dags/example_branch_labels.py for tasks to queue
[2022-09-21 00:23:11,172] {logging_mixin.py:115} INFO - [2022-09-21 00:23:11,171] {dagbag.py:507} INFO - Filling up the DagBag from /home/airflow/.local/lib/python3.7/site-packages/airflow/example_dags/example_branch_labels.py
[2022-09-21 00:23:11,184] {processor.py:651} INFO - DAG(s) dict_keys(['example_branch_labels']) retrieved from /home/airflow/.local/lib/python3.7/site-packages/airflow/example_dags/example_branch_labels.py
[2022-09-21 00:23:11,247] {logging_mixin.py:115} INFO - [2022-09-21 00:23:11,247] {dag.py:2371} INFO - Sync 1 DAGs
[2022-09-21 00:23:11,299] {logging_mixin.py:115} INFO - [2022-09-21 00:23:11,299] {dag.py:2919} INFO - Setting next_dagrun for example_branch_labels to 2022-09-20T00:00:00+00:00, run_after=2022-09-21T00:00:00+00:00
[2022-09-21 00:23:11,491] {processor.py:161} INFO - Processing /home/airflow/.local/lib/python3.7/site-packages/airflow/example_dags/example_branch_labels.py took 0.327 seconds
[2022-09-21 00:23:42,139] {processor.py:153} INFO - Started process (PID=22223) to work on /home/airflow/.local/lib/python3.7/site-packages/airflow/example_dags/example_branch_labels.py
[2022-09-21 00:23:42,164] {processor.py:641} INFO - Processing file /home/airflow/.local/lib/python3.7/site-packages/airflow/example_dags/example_branch_labels.py for tasks to queue
[2022-09-21 00:23:42,165] {logging_mixin.py:115} INFO - [2022-09-21 00:23:42,164] {dagbag.py:507} INFO - Filling up the DagBag from /home/airflow/.local/lib/python3.7/site-packages/airflow/example_dags/example_branch_labels.py
[2022-09-21 00:23:42,189] {processor.py:651} INFO - DAG(s) dict_keys(['example_branch_labels']) retrieved from /home/airflow/.local/lib/python3.7/site-packages/airflow/example_dags/example_branch_labels.py
[2022-09-21 00:23:42,266] {logging_mixin.py:115} INFO - [2022-09-21 00:23:42,266] {dag.py:2371} INFO - Sync 1 DAGs
[2022-09-21 00:23:42,311] {logging_mixin.py:115} INFO - [2022-09-21 00:23:42,311] {dag.py:2919} INFO - Setting next_dagrun for example_branch_labels to 2022-09-20T00:00:00+00:00, run_after=2022-09-21T00:00:00+00:00
[2022-09-21 00:23:42,535] {processor.py:161} INFO - Processing /home/airflow/.local/lib/python3.7/site-packages/airflow/example_dags/example_branch_labels.py took 0.402 seconds
[2022-09-21 00:24:12,966] {processor.py:153} INFO - Started process (PID=22282) to work on /home/airflow/.local/lib/python3.7/site-packages/airflow/example_dags/example_branch_labels.py
[2022-09-21 00:24:12,966] {processor.py:641} INFO - Processing file /home/airflow/.local/lib/python3.7/site-packages/airflow/example_dags/example_branch_labels.py for tasks to queue
[2022-09-21 00:24:12,967] {logging_mixin.py:115} INFO - [2022-09-21 00:24:12,967] {dagbag.py:507} INFO - Filling up the DagBag from /home/airflow/.local/lib/python3.7/site-packages/airflow/example_dags/example_branch_labels.py
[2022-09-21 00:24:12,981] {processor.py:651} INFO - DAG(s) dict_keys(['example_branch_labels']) retrieved from /home/airflow/.local/lib/python3.7/site-packages/airflow/example_dags/example_branch_labels.py
[2022-09-21 00:24:13,034] {logging_mixin.py:115} INFO - [2022-09-21 00:24:13,033] {dag.py:2371} INFO - Sync 1 DAGs
[2022-09-21 00:24:13,101] {logging_mixin.py:115} INFO - [2022-09-21 00:24:13,101] {dag.py:2919} INFO - Setting next_dagrun for example_branch_labels to 2022-09-20T00:00:00+00:00, run_after=2022-09-21T00:00:00+00:00
[2022-09-21 00:24:13,137] {processor.py:161} INFO - Processing /home/airflow/.local/lib/python3.7/site-packages/airflow/example_dags/example_branch_labels.py took 0.180 seconds
[2022-09-21 00:24:43,321] {processor.py:153} INFO - Started process (PID=22334) to work on /home/airflow/.local/lib/python3.7/site-packages/airflow/example_dags/example_branch_labels.py
[2022-09-21 00:24:43,374] {processor.py:641} INFO - Processing file /home/airflow/.local/lib/python3.7/site-packages/airflow/example_dags/example_branch_labels.py for tasks to queue
[2022-09-21 00:24:43,376] {logging_mixin.py:115} INFO - [2022-09-21 00:24:43,376] {dagbag.py:507} INFO - Filling up the DagBag from /home/airflow/.local/lib/python3.7/site-packages/airflow/example_dags/example_branch_labels.py
[2022-09-21 00:24:43,423] {processor.py:651} INFO - DAG(s) dict_keys(['example_branch_labels']) retrieved from /home/airflow/.local/lib/python3.7/site-packages/airflow/example_dags/example_branch_labels.py
[2022-09-21 00:24:43,503] {logging_mixin.py:115} INFO - [2022-09-21 00:24:43,503] {dag.py:2371} INFO - Sync 1 DAGs
[2022-09-21 00:24:43,543] {logging_mixin.py:115} INFO - [2022-09-21 00:24:43,543] {dag.py:2919} INFO - Setting next_dagrun for example_branch_labels to 2022-09-20T00:00:00+00:00, run_after=2022-09-21T00:00:00+00:00
[2022-09-21 00:24:43,573] {processor.py:161} INFO - Processing /home/airflow/.local/lib/python3.7/site-packages/airflow/example_dags/example_branch_labels.py took 0.256 seconds
[2022-09-21 00:25:14,049] {processor.py:153} INFO - Started process (PID=22390) to work on /home/airflow/.local/lib/python3.7/site-packages/airflow/example_dags/example_branch_labels.py
[2022-09-21 00:25:14,060] {processor.py:641} INFO - Processing file /home/airflow/.local/lib/python3.7/site-packages/airflow/example_dags/example_branch_labels.py for tasks to queue
[2022-09-21 00:25:14,061] {logging_mixin.py:115} INFO - [2022-09-21 00:25:14,061] {dagbag.py:507} INFO - Filling up the DagBag from /home/airflow/.local/lib/python3.7/site-packages/airflow/example_dags/example_branch_labels.py
[2022-09-21 00:25:14,083] {processor.py:651} INFO - DAG(s) dict_keys(['example_branch_labels']) retrieved from /home/airflow/.local/lib/python3.7/site-packages/airflow/example_dags/example_branch_labels.py
[2022-09-21 00:25:14,148] {logging_mixin.py:115} INFO - [2022-09-21 00:25:14,148] {dag.py:2371} INFO - Sync 1 DAGs
[2022-09-21 00:25:14,266] {logging_mixin.py:115} INFO - [2022-09-21 00:25:14,266] {dag.py:2919} INFO - Setting next_dagrun for example_branch_labels to 2022-09-20T00:00:00+00:00, run_after=2022-09-21T00:00:00+00:00
[2022-09-21 00:25:14,316] {processor.py:161} INFO - Processing /home/airflow/.local/lib/python3.7/site-packages/airflow/example_dags/example_branch_labels.py took 0.302 seconds
[2022-09-21 00:25:44,694] {processor.py:153} INFO - Started process (PID=22445) to work on /home/airflow/.local/lib/python3.7/site-packages/airflow/example_dags/example_branch_labels.py
[2022-09-21 00:25:44,818] {processor.py:641} INFO - Processing file /home/airflow/.local/lib/python3.7/site-packages/airflow/example_dags/example_branch_labels.py for tasks to queue
[2022-09-21 00:25:44,819] {logging_mixin.py:115} INFO - [2022-09-21 00:25:44,819] {dagbag.py:507} INFO - Filling up the DagBag from /home/airflow/.local/lib/python3.7/site-packages/airflow/example_dags/example_branch_labels.py
[2022-09-21 00:25:44,838] {processor.py:651} INFO - DAG(s) dict_keys(['example_branch_labels']) retrieved from /home/airflow/.local/lib/python3.7/site-packages/airflow/example_dags/example_branch_labels.py
[2022-09-21 00:25:44,884] {logging_mixin.py:115} INFO - [2022-09-21 00:25:44,884] {dag.py:2371} INFO - Sync 1 DAGs
[2022-09-21 00:25:44,936] {logging_mixin.py:115} INFO - [2022-09-21 00:25:44,936] {dag.py:2919} INFO - Setting next_dagrun for example_branch_labels to 2022-09-20T00:00:00+00:00, run_after=2022-09-21T00:00:00+00:00
[2022-09-21 00:25:45,022] {processor.py:161} INFO - Processing /home/airflow/.local/lib/python3.7/site-packages/airflow/example_dags/example_branch_labels.py took 0.340 seconds
[2022-09-21 00:26:15,961] {processor.py:153} INFO - Started process (PID=22496) to work on /home/airflow/.local/lib/python3.7/site-packages/airflow/example_dags/example_branch_labels.py
[2022-09-21 00:26:15,962] {processor.py:641} INFO - Processing file /home/airflow/.local/lib/python3.7/site-packages/airflow/example_dags/example_branch_labels.py for tasks to queue
[2022-09-21 00:26:15,963] {logging_mixin.py:115} INFO - [2022-09-21 00:26:15,963] {dagbag.py:507} INFO - Filling up the DagBag from /home/airflow/.local/lib/python3.7/site-packages/airflow/example_dags/example_branch_labels.py
[2022-09-21 00:26:15,976] {processor.py:651} INFO - DAG(s) dict_keys(['example_branch_labels']) retrieved from /home/airflow/.local/lib/python3.7/site-packages/airflow/example_dags/example_branch_labels.py
[2022-09-21 00:26:16,019] {logging_mixin.py:115} INFO - [2022-09-21 00:26:16,019] {dag.py:2371} INFO - Sync 1 DAGs
[2022-09-21 00:26:16,059] {logging_mixin.py:115} INFO - [2022-09-21 00:26:16,059] {dag.py:2919} INFO - Setting next_dagrun for example_branch_labels to 2022-09-20T00:00:00+00:00, run_after=2022-09-21T00:00:00+00:00
[2022-09-21 00:26:16,086] {processor.py:161} INFO - Processing /home/airflow/.local/lib/python3.7/site-packages/airflow/example_dags/example_branch_labels.py took 0.131 seconds
[2022-09-21 00:26:47,028] {processor.py:153} INFO - Started process (PID=22557) to work on /home/airflow/.local/lib/python3.7/site-packages/airflow/example_dags/example_branch_labels.py
[2022-09-21 00:26:47,062] {processor.py:641} INFO - Processing file /home/airflow/.local/lib/python3.7/site-packages/airflow/example_dags/example_branch_labels.py for tasks to queue
[2022-09-21 00:26:47,063] {logging_mixin.py:115} INFO - [2022-09-21 00:26:47,063] {dagbag.py:507} INFO - Filling up the DagBag from /home/airflow/.local/lib/python3.7/site-packages/airflow/example_dags/example_branch_labels.py
[2022-09-21 00:26:47,073] {processor.py:651} INFO - DAG(s) dict_keys(['example_branch_labels']) retrieved from /home/airflow/.local/lib/python3.7/site-packages/airflow/example_dags/example_branch_labels.py
[2022-09-21 00:26:47,115] {logging_mixin.py:115} INFO - [2022-09-21 00:26:47,115] {dag.py:2371} INFO - Sync 1 DAGs
[2022-09-21 00:26:47,152] {logging_mixin.py:115} INFO - [2022-09-21 00:26:47,152] {dag.py:2919} INFO - Setting next_dagrun for example_branch_labels to 2022-09-20T00:00:00+00:00, run_after=2022-09-21T00:00:00+00:00
[2022-09-21 00:26:47,179] {processor.py:161} INFO - Processing /home/airflow/.local/lib/python3.7/site-packages/airflow/example_dags/example_branch_labels.py took 0.156 seconds
[2022-09-21 00:27:17,756] {processor.py:153} INFO - Started process (PID=22609) to work on /home/airflow/.local/lib/python3.7/site-packages/airflow/example_dags/example_branch_labels.py
[2022-09-21 00:27:17,756] {processor.py:641} INFO - Processing file /home/airflow/.local/lib/python3.7/site-packages/airflow/example_dags/example_branch_labels.py for tasks to queue
[2022-09-21 00:27:17,757] {logging_mixin.py:115} INFO - [2022-09-21 00:27:17,757] {dagbag.py:507} INFO - Filling up the DagBag from /home/airflow/.local/lib/python3.7/site-packages/airflow/example_dags/example_branch_labels.py
[2022-09-21 00:27:17,765] {processor.py:651} INFO - DAG(s) dict_keys(['example_branch_labels']) retrieved from /home/airflow/.local/lib/python3.7/site-packages/airflow/example_dags/example_branch_labels.py
[2022-09-21 00:27:17,800] {logging_mixin.py:115} INFO - [2022-09-21 00:27:17,800] {dag.py:2371} INFO - Sync 1 DAGs
[2022-09-21 00:27:17,830] {logging_mixin.py:115} INFO - [2022-09-21 00:27:17,830] {dag.py:2919} INFO - Setting next_dagrun for example_branch_labels to 2022-09-20T00:00:00+00:00, run_after=2022-09-21T00:00:00+00:00
[2022-09-21 00:27:17,859] {processor.py:161} INFO - Processing /home/airflow/.local/lib/python3.7/site-packages/airflow/example_dags/example_branch_labels.py took 0.108 seconds
[2022-09-21 00:27:47,976] {processor.py:153} INFO - Started process (PID=22661) to work on /home/airflow/.local/lib/python3.7/site-packages/airflow/example_dags/example_branch_labels.py
[2022-09-21 00:27:48,025] {processor.py:641} INFO - Processing file /home/airflow/.local/lib/python3.7/site-packages/airflow/example_dags/example_branch_labels.py for tasks to queue
[2022-09-21 00:27:48,026] {logging_mixin.py:115} INFO - [2022-09-21 00:27:48,026] {dagbag.py:507} INFO - Filling up the DagBag from /home/airflow/.local/lib/python3.7/site-packages/airflow/example_dags/example_branch_labels.py
[2022-09-21 00:27:48,036] {processor.py:651} INFO - DAG(s) dict_keys(['example_branch_labels']) retrieved from /home/airflow/.local/lib/python3.7/site-packages/airflow/example_dags/example_branch_labels.py
[2022-09-21 00:27:48,077] {logging_mixin.py:115} INFO - [2022-09-21 00:27:48,077] {dag.py:2371} INFO - Sync 1 DAGs
[2022-09-21 00:27:48,121] {logging_mixin.py:115} INFO - [2022-09-21 00:27:48,121] {dag.py:2919} INFO - Setting next_dagrun for example_branch_labels to 2022-09-20T00:00:00+00:00, run_after=2022-09-21T00:00:00+00:00
[2022-09-21 00:27:48,252] {processor.py:161} INFO - Processing /home/airflow/.local/lib/python3.7/site-packages/airflow/example_dags/example_branch_labels.py took 0.283 seconds
[2022-09-21 00:28:18,779] {processor.py:153} INFO - Started process (PID=22723) to work on /home/airflow/.local/lib/python3.7/site-packages/airflow/example_dags/example_branch_labels.py
[2022-09-21 00:28:18,780] {processor.py:641} INFO - Processing file /home/airflow/.local/lib/python3.7/site-packages/airflow/example_dags/example_branch_labels.py for tasks to queue
[2022-09-21 00:28:18,780] {logging_mixin.py:115} INFO - [2022-09-21 00:28:18,780] {dagbag.py:507} INFO - Filling up the DagBag from /home/airflow/.local/lib/python3.7/site-packages/airflow/example_dags/example_branch_labels.py
[2022-09-21 00:28:18,789] {processor.py:651} INFO - DAG(s) dict_keys(['example_branch_labels']) retrieved from /home/airflow/.local/lib/python3.7/site-packages/airflow/example_dags/example_branch_labels.py
[2022-09-21 00:28:18,824] {logging_mixin.py:115} INFO - [2022-09-21 00:28:18,824] {dag.py:2371} INFO - Sync 1 DAGs
[2022-09-21 00:28:18,857] {logging_mixin.py:115} INFO - [2022-09-21 00:28:18,857] {dag.py:2919} INFO - Setting next_dagrun for example_branch_labels to 2022-09-20T00:00:00+00:00, run_after=2022-09-21T00:00:00+00:00
[2022-09-21 00:28:18,875] {processor.py:161} INFO - Processing /home/airflow/.local/lib/python3.7/site-packages/airflow/example_dags/example_branch_labels.py took 0.101 seconds
[2022-09-21 00:28:49,136] {processor.py:153} INFO - Started process (PID=22775) to work on /home/airflow/.local/lib/python3.7/site-packages/airflow/example_dags/example_branch_labels.py
[2022-09-21 00:28:49,208] {processor.py:641} INFO - Processing file /home/airflow/.local/lib/python3.7/site-packages/airflow/example_dags/example_branch_labels.py for tasks to queue
[2022-09-21 00:28:49,209] {logging_mixin.py:115} INFO - [2022-09-21 00:28:49,209] {dagbag.py:507} INFO - Filling up the DagBag from /home/airflow/.local/lib/python3.7/site-packages/airflow/example_dags/example_branch_labels.py
[2022-09-21 00:28:49,256] {processor.py:651} INFO - DAG(s) dict_keys(['example_branch_labels']) retrieved from /home/airflow/.local/lib/python3.7/site-packages/airflow/example_dags/example_branch_labels.py
[2022-09-21 00:28:49,365] {logging_mixin.py:115} INFO - [2022-09-21 00:28:49,365] {dag.py:2371} INFO - Sync 1 DAGs
[2022-09-21 00:28:49,433] {logging_mixin.py:115} INFO - [2022-09-21 00:28:49,433] {dag.py:2919} INFO - Setting next_dagrun for example_branch_labels to 2022-09-20T00:00:00+00:00, run_after=2022-09-21T00:00:00+00:00
[2022-09-21 00:28:49,738] {processor.py:161} INFO - Processing /home/airflow/.local/lib/python3.7/site-packages/airflow/example_dags/example_branch_labels.py took 0.606 seconds
[2022-09-21 00:29:20,408] {processor.py:153} INFO - Started process (PID=22837) to work on /home/airflow/.local/lib/python3.7/site-packages/airflow/example_dags/example_branch_labels.py
[2022-09-21 00:29:20,408] {processor.py:641} INFO - Processing file /home/airflow/.local/lib/python3.7/site-packages/airflow/example_dags/example_branch_labels.py for tasks to queue
[2022-09-21 00:29:20,409] {logging_mixin.py:115} INFO - [2022-09-21 00:29:20,409] {dagbag.py:507} INFO - Filling up the DagBag from /home/airflow/.local/lib/python3.7/site-packages/airflow/example_dags/example_branch_labels.py
[2022-09-21 00:29:20,419] {processor.py:651} INFO - DAG(s) dict_keys(['example_branch_labels']) retrieved from /home/airflow/.local/lib/python3.7/site-packages/airflow/example_dags/example_branch_labels.py
[2022-09-21 00:29:20,463] {logging_mixin.py:115} INFO - [2022-09-21 00:29:20,463] {dag.py:2371} INFO - Sync 1 DAGs
[2022-09-21 00:29:20,502] {logging_mixin.py:115} INFO - [2022-09-21 00:29:20,502] {dag.py:2919} INFO - Setting next_dagrun for example_branch_labels to 2022-09-20T00:00:00+00:00, run_after=2022-09-21T00:00:00+00:00
[2022-09-21 00:29:20,537] {processor.py:161} INFO - Processing /home/airflow/.local/lib/python3.7/site-packages/airflow/example_dags/example_branch_labels.py took 0.135 seconds
[2022-09-21 00:29:50,735] {processor.py:153} INFO - Started process (PID=22890) to work on /home/airflow/.local/lib/python3.7/site-packages/airflow/example_dags/example_branch_labels.py
[2022-09-21 00:29:50,811] {processor.py:641} INFO - Processing file /home/airflow/.local/lib/python3.7/site-packages/airflow/example_dags/example_branch_labels.py for tasks to queue
[2022-09-21 00:29:50,814] {logging_mixin.py:115} INFO - [2022-09-21 00:29:50,814] {dagbag.py:507} INFO - Filling up the DagBag from /home/airflow/.local/lib/python3.7/site-packages/airflow/example_dags/example_branch_labels.py
[2022-09-21 00:29:50,857] {processor.py:651} INFO - DAG(s) dict_keys(['example_branch_labels']) retrieved from /home/airflow/.local/lib/python3.7/site-packages/airflow/example_dags/example_branch_labels.py
[2022-09-21 00:29:50,935] {logging_mixin.py:115} INFO - [2022-09-21 00:29:50,935] {dag.py:2371} INFO - Sync 1 DAGs
[2022-09-21 00:29:50,967] {logging_mixin.py:115} INFO - [2022-09-21 00:29:50,967] {dag.py:2919} INFO - Setting next_dagrun for example_branch_labels to 2022-09-20T00:00:00+00:00, run_after=2022-09-21T00:00:00+00:00
[2022-09-21 00:29:50,985] {processor.py:161} INFO - Processing /home/airflow/.local/lib/python3.7/site-packages/airflow/example_dags/example_branch_labels.py took 0.255 seconds
[2022-09-21 00:30:21,930] {processor.py:153} INFO - Started process (PID=22951) to work on /home/airflow/.local/lib/python3.7/site-packages/airflow/example_dags/example_branch_labels.py
[2022-09-21 00:30:21,931] {processor.py:641} INFO - Processing file /home/airflow/.local/lib/python3.7/site-packages/airflow/example_dags/example_branch_labels.py for tasks to queue
[2022-09-21 00:30:21,932] {logging_mixin.py:115} INFO - [2022-09-21 00:30:21,931] {dagbag.py:507} INFO - Filling up the DagBag from /home/airflow/.local/lib/python3.7/site-packages/airflow/example_dags/example_branch_labels.py
[2022-09-21 00:30:21,949] {processor.py:651} INFO - DAG(s) dict_keys(['example_branch_labels']) retrieved from /home/airflow/.local/lib/python3.7/site-packages/airflow/example_dags/example_branch_labels.py
[2022-09-21 00:30:22,007] {logging_mixin.py:115} INFO - [2022-09-21 00:30:22,007] {dag.py:2371} INFO - Sync 1 DAGs
[2022-09-21 00:30:22,078] {logging_mixin.py:115} INFO - [2022-09-21 00:30:22,078] {dag.py:2919} INFO - Setting next_dagrun for example_branch_labels to 2022-09-20T00:00:00+00:00, run_after=2022-09-21T00:00:00+00:00
[2022-09-21 00:30:22,133] {processor.py:161} INFO - Processing /home/airflow/.local/lib/python3.7/site-packages/airflow/example_dags/example_branch_labels.py took 0.209 seconds
[2022-09-21 00:30:52,828] {processor.py:153} INFO - Started process (PID=23004) to work on /home/airflow/.local/lib/python3.7/site-packages/airflow/example_dags/example_branch_labels.py
[2022-09-21 00:30:52,858] {processor.py:641} INFO - Processing file /home/airflow/.local/lib/python3.7/site-packages/airflow/example_dags/example_branch_labels.py for tasks to queue
[2022-09-21 00:30:52,860] {logging_mixin.py:115} INFO - [2022-09-21 00:30:52,859] {dagbag.py:507} INFO - Filling up the DagBag from /home/airflow/.local/lib/python3.7/site-packages/airflow/example_dags/example_branch_labels.py
[2022-09-21 00:30:52,875] {processor.py:651} INFO - DAG(s) dict_keys(['example_branch_labels']) retrieved from /home/airflow/.local/lib/python3.7/site-packages/airflow/example_dags/example_branch_labels.py
[2022-09-21 00:30:52,936] {logging_mixin.py:115} INFO - [2022-09-21 00:30:52,936] {dag.py:2371} INFO - Sync 1 DAGs
[2022-09-21 00:30:52,990] {logging_mixin.py:115} INFO - [2022-09-21 00:30:52,990] {dag.py:2919} INFO - Setting next_dagrun for example_branch_labels to 2022-09-20T00:00:00+00:00, run_after=2022-09-21T00:00:00+00:00
[2022-09-21 00:30:53,031] {processor.py:161} INFO - Processing /home/airflow/.local/lib/python3.7/site-packages/airflow/example_dags/example_branch_labels.py took 0.210 seconds
[2022-09-21 00:31:23,792] {processor.py:153} INFO - Started process (PID=23063) to work on /home/airflow/.local/lib/python3.7/site-packages/airflow/example_dags/example_branch_labels.py
[2022-09-21 00:31:23,793] {processor.py:641} INFO - Processing file /home/airflow/.local/lib/python3.7/site-packages/airflow/example_dags/example_branch_labels.py for tasks to queue
[2022-09-21 00:31:23,796] {logging_mixin.py:115} INFO - [2022-09-21 00:31:23,795] {dagbag.py:507} INFO - Filling up the DagBag from /home/airflow/.local/lib/python3.7/site-packages/airflow/example_dags/example_branch_labels.py
[2022-09-21 00:31:23,824] {processor.py:651} INFO - DAG(s) dict_keys(['example_branch_labels']) retrieved from /home/airflow/.local/lib/python3.7/site-packages/airflow/example_dags/example_branch_labels.py
[2022-09-21 00:31:23,874] {logging_mixin.py:115} INFO - [2022-09-21 00:31:23,873] {dag.py:2371} INFO - Sync 1 DAGs
[2022-09-21 00:31:23,903] {logging_mixin.py:115} INFO - [2022-09-21 00:31:23,902] {dag.py:2919} INFO - Setting next_dagrun for example_branch_labels to 2022-09-20T00:00:00+00:00, run_after=2022-09-21T00:00:00+00:00
[2022-09-21 00:31:23,926] {processor.py:161} INFO - Processing /home/airflow/.local/lib/python3.7/site-packages/airflow/example_dags/example_branch_labels.py took 0.149 seconds
[2022-09-21 00:31:54,612] {processor.py:153} INFO - Started process (PID=23115) to work on /home/airflow/.local/lib/python3.7/site-packages/airflow/example_dags/example_branch_labels.py
[2022-09-21 00:31:54,708] {processor.py:641} INFO - Processing file /home/airflow/.local/lib/python3.7/site-packages/airflow/example_dags/example_branch_labels.py for tasks to queue
[2022-09-21 00:31:54,710] {logging_mixin.py:115} INFO - [2022-09-21 00:31:54,710] {dagbag.py:507} INFO - Filling up the DagBag from /home/airflow/.local/lib/python3.7/site-packages/airflow/example_dags/example_branch_labels.py
[2022-09-21 00:31:54,724] {processor.py:651} INFO - DAG(s) dict_keys(['example_branch_labels']) retrieved from /home/airflow/.local/lib/python3.7/site-packages/airflow/example_dags/example_branch_labels.py
[2022-09-21 00:31:54,759] {logging_mixin.py:115} INFO - [2022-09-21 00:31:54,759] {dag.py:2371} INFO - Sync 1 DAGs
[2022-09-21 00:31:54,801] {logging_mixin.py:115} INFO - [2022-09-21 00:31:54,801] {dag.py:2919} INFO - Setting next_dagrun for example_branch_labels to 2022-09-20T00:00:00+00:00, run_after=2022-09-21T00:00:00+00:00
[2022-09-21 00:31:54,841] {processor.py:161} INFO - Processing /home/airflow/.local/lib/python3.7/site-packages/airflow/example_dags/example_branch_labels.py took 0.233 seconds
[2022-09-21 00:32:25,301] {processor.py:153} INFO - Started process (PID=23176) to work on /home/airflow/.local/lib/python3.7/site-packages/airflow/example_dags/example_branch_labels.py
[2022-09-21 00:32:25,302] {processor.py:641} INFO - Processing file /home/airflow/.local/lib/python3.7/site-packages/airflow/example_dags/example_branch_labels.py for tasks to queue
[2022-09-21 00:32:25,303] {logging_mixin.py:115} INFO - [2022-09-21 00:32:25,302] {dagbag.py:507} INFO - Filling up the DagBag from /home/airflow/.local/lib/python3.7/site-packages/airflow/example_dags/example_branch_labels.py
[2022-09-21 00:32:25,310] {processor.py:651} INFO - DAG(s) dict_keys(['example_branch_labels']) retrieved from /home/airflow/.local/lib/python3.7/site-packages/airflow/example_dags/example_branch_labels.py
[2022-09-21 00:32:25,344] {logging_mixin.py:115} INFO - [2022-09-21 00:32:25,344] {dag.py:2371} INFO - Sync 1 DAGs
[2022-09-21 00:32:25,373] {logging_mixin.py:115} INFO - [2022-09-21 00:32:25,372] {dag.py:2919} INFO - Setting next_dagrun for example_branch_labels to 2022-09-20T00:00:00+00:00, run_after=2022-09-21T00:00:00+00:00
[2022-09-21 00:32:25,410] {processor.py:161} INFO - Processing /home/airflow/.local/lib/python3.7/site-packages/airflow/example_dags/example_branch_labels.py took 0.112 seconds
[2022-09-21 00:32:56,377] {processor.py:153} INFO - Started process (PID=23237) to work on /home/airflow/.local/lib/python3.7/site-packages/airflow/example_dags/example_branch_labels.py
[2022-09-21 00:32:56,396] {processor.py:641} INFO - Processing file /home/airflow/.local/lib/python3.7/site-packages/airflow/example_dags/example_branch_labels.py for tasks to queue
[2022-09-21 00:32:56,397] {logging_mixin.py:115} INFO - [2022-09-21 00:32:56,397] {dagbag.py:507} INFO - Filling up the DagBag from /home/airflow/.local/lib/python3.7/site-packages/airflow/example_dags/example_branch_labels.py
[2022-09-21 00:32:56,407] {processor.py:651} INFO - DAG(s) dict_keys(['example_branch_labels']) retrieved from /home/airflow/.local/lib/python3.7/site-packages/airflow/example_dags/example_branch_labels.py
[2022-09-21 00:32:56,440] {logging_mixin.py:115} INFO - [2022-09-21 00:32:56,440] {dag.py:2371} INFO - Sync 1 DAGs
[2022-09-21 00:32:56,470] {logging_mixin.py:115} INFO - [2022-09-21 00:32:56,470] {dag.py:2919} INFO - Setting next_dagrun for example_branch_labels to 2022-09-20T00:00:00+00:00, run_after=2022-09-21T00:00:00+00:00
[2022-09-21 00:32:56,501] {processor.py:161} INFO - Processing /home/airflow/.local/lib/python3.7/site-packages/airflow/example_dags/example_branch_labels.py took 0.129 seconds
[2022-09-21 00:33:27,000] {processor.py:153} INFO - Started process (PID=23289) to work on /home/airflow/.local/lib/python3.7/site-packages/airflow/example_dags/example_branch_labels.py
[2022-09-21 00:33:27,020] {processor.py:641} INFO - Processing file /home/airflow/.local/lib/python3.7/site-packages/airflow/example_dags/example_branch_labels.py for tasks to queue
[2022-09-21 00:33:27,021] {logging_mixin.py:115} INFO - [2022-09-21 00:33:27,021] {dagbag.py:507} INFO - Filling up the DagBag from /home/airflow/.local/lib/python3.7/site-packages/airflow/example_dags/example_branch_labels.py
[2022-09-21 00:33:27,028] {processor.py:651} INFO - DAG(s) dict_keys(['example_branch_labels']) retrieved from /home/airflow/.local/lib/python3.7/site-packages/airflow/example_dags/example_branch_labels.py
[2022-09-21 00:33:27,063] {logging_mixin.py:115} INFO - [2022-09-21 00:33:27,063] {dag.py:2371} INFO - Sync 1 DAGs
[2022-09-21 00:33:27,095] {logging_mixin.py:115} INFO - [2022-09-21 00:33:27,095] {dag.py:2919} INFO - Setting next_dagrun for example_branch_labels to 2022-09-20T00:00:00+00:00, run_after=2022-09-21T00:00:00+00:00
[2022-09-21 00:33:27,162] {processor.py:161} INFO - Processing /home/airflow/.local/lib/python3.7/site-packages/airflow/example_dags/example_branch_labels.py took 0.168 seconds
[2022-09-21 00:33:57,504] {processor.py:153} INFO - Started process (PID=23350) to work on /home/airflow/.local/lib/python3.7/site-packages/airflow/example_dags/example_branch_labels.py
[2022-09-21 00:33:57,505] {processor.py:641} INFO - Processing file /home/airflow/.local/lib/python3.7/site-packages/airflow/example_dags/example_branch_labels.py for tasks to queue
[2022-09-21 00:33:57,505] {logging_mixin.py:115} INFO - [2022-09-21 00:33:57,505] {dagbag.py:507} INFO - Filling up the DagBag from /home/airflow/.local/lib/python3.7/site-packages/airflow/example_dags/example_branch_labels.py
[2022-09-21 00:33:57,515] {processor.py:651} INFO - DAG(s) dict_keys(['example_branch_labels']) retrieved from /home/airflow/.local/lib/python3.7/site-packages/airflow/example_dags/example_branch_labels.py
[2022-09-21 00:33:57,556] {logging_mixin.py:115} INFO - [2022-09-21 00:33:57,555] {dag.py:2371} INFO - Sync 1 DAGs
[2022-09-21 00:33:57,586] {logging_mixin.py:115} INFO - [2022-09-21 00:33:57,586] {dag.py:2919} INFO - Setting next_dagrun for example_branch_labels to 2022-09-20T00:00:00+00:00, run_after=2022-09-21T00:00:00+00:00
[2022-09-21 00:33:57,619] {processor.py:161} INFO - Processing /home/airflow/.local/lib/python3.7/site-packages/airflow/example_dags/example_branch_labels.py took 0.120 seconds
[2022-09-21 00:34:27,712] {processor.py:153} INFO - Started process (PID=23402) to work on /home/airflow/.local/lib/python3.7/site-packages/airflow/example_dags/example_branch_labels.py
[2022-09-21 00:34:27,730] {processor.py:641} INFO - Processing file /home/airflow/.local/lib/python3.7/site-packages/airflow/example_dags/example_branch_labels.py for tasks to queue
[2022-09-21 00:34:27,731] {logging_mixin.py:115} INFO - [2022-09-21 00:34:27,731] {dagbag.py:507} INFO - Filling up the DagBag from /home/airflow/.local/lib/python3.7/site-packages/airflow/example_dags/example_branch_labels.py
[2022-09-21 00:34:27,738] {processor.py:651} INFO - DAG(s) dict_keys(['example_branch_labels']) retrieved from /home/airflow/.local/lib/python3.7/site-packages/airflow/example_dags/example_branch_labels.py
[2022-09-21 00:34:27,768] {logging_mixin.py:115} INFO - [2022-09-21 00:34:27,768] {dag.py:2371} INFO - Sync 1 DAGs
[2022-09-21 00:34:27,795] {logging_mixin.py:115} INFO - [2022-09-21 00:34:27,795] {dag.py:2919} INFO - Setting next_dagrun for example_branch_labels to 2022-09-20T00:00:00+00:00, run_after=2022-09-21T00:00:00+00:00
[2022-09-21 00:34:27,843] {processor.py:161} INFO - Processing /home/airflow/.local/lib/python3.7/site-packages/airflow/example_dags/example_branch_labels.py took 0.136 seconds
[2022-09-21 00:34:57,985] {processor.py:153} INFO - Started process (PID=23452) to work on /home/airflow/.local/lib/python3.7/site-packages/airflow/example_dags/example_branch_labels.py
[2022-09-21 00:34:57,985] {processor.py:641} INFO - Processing file /home/airflow/.local/lib/python3.7/site-packages/airflow/example_dags/example_branch_labels.py for tasks to queue
[2022-09-21 00:34:57,986] {logging_mixin.py:115} INFO - [2022-09-21 00:34:57,986] {dagbag.py:507} INFO - Filling up the DagBag from /home/airflow/.local/lib/python3.7/site-packages/airflow/example_dags/example_branch_labels.py
[2022-09-21 00:34:57,994] {processor.py:651} INFO - DAG(s) dict_keys(['example_branch_labels']) retrieved from /home/airflow/.local/lib/python3.7/site-packages/airflow/example_dags/example_branch_labels.py
[2022-09-21 00:34:58,025] {logging_mixin.py:115} INFO - [2022-09-21 00:34:58,025] {dag.py:2371} INFO - Sync 1 DAGs
[2022-09-21 00:34:58,060] {logging_mixin.py:115} INFO - [2022-09-21 00:34:58,060] {dag.py:2919} INFO - Setting next_dagrun for example_branch_labels to 2022-09-20T00:00:00+00:00, run_after=2022-09-21T00:00:00+00:00
[2022-09-21 00:34:58,079] {processor.py:161} INFO - Processing /home/airflow/.local/lib/python3.7/site-packages/airflow/example_dags/example_branch_labels.py took 0.099 seconds
[2022-09-21 00:35:28,273] {processor.py:153} INFO - Started process (PID=23512) to work on /home/airflow/.local/lib/python3.7/site-packages/airflow/example_dags/example_branch_labels.py
[2022-09-21 00:35:28,313] {processor.py:641} INFO - Processing file /home/airflow/.local/lib/python3.7/site-packages/airflow/example_dags/example_branch_labels.py for tasks to queue
[2022-09-21 00:35:28,314] {logging_mixin.py:115} INFO - [2022-09-21 00:35:28,313] {dagbag.py:507} INFO - Filling up the DagBag from /home/airflow/.local/lib/python3.7/site-packages/airflow/example_dags/example_branch_labels.py
[2022-09-21 00:35:28,322] {processor.py:651} INFO - DAG(s) dict_keys(['example_branch_labels']) retrieved from /home/airflow/.local/lib/python3.7/site-packages/airflow/example_dags/example_branch_labels.py
[2022-09-21 00:35:28,358] {logging_mixin.py:115} INFO - [2022-09-21 00:35:28,358] {dag.py:2371} INFO - Sync 1 DAGs
[2022-09-21 00:35:28,395] {logging_mixin.py:115} INFO - [2022-09-21 00:35:28,394] {dag.py:2919} INFO - Setting next_dagrun for example_branch_labels to 2022-09-20T00:00:00+00:00, run_after=2022-09-21T00:00:00+00:00
[2022-09-21 00:35:28,525] {processor.py:161} INFO - Processing /home/airflow/.local/lib/python3.7/site-packages/airflow/example_dags/example_branch_labels.py took 0.258 seconds
[2022-09-21 00:35:59,068] {processor.py:153} INFO - Started process (PID=23562) to work on /home/airflow/.local/lib/python3.7/site-packages/airflow/example_dags/example_branch_labels.py
[2022-09-21 00:35:59,069] {processor.py:641} INFO - Processing file /home/airflow/.local/lib/python3.7/site-packages/airflow/example_dags/example_branch_labels.py for tasks to queue
[2022-09-21 00:35:59,072] {logging_mixin.py:115} INFO - [2022-09-21 00:35:59,071] {dagbag.py:507} INFO - Filling up the DagBag from /home/airflow/.local/lib/python3.7/site-packages/airflow/example_dags/example_branch_labels.py
[2022-09-21 00:35:59,089] {processor.py:651} INFO - DAG(s) dict_keys(['example_branch_labels']) retrieved from /home/airflow/.local/lib/python3.7/site-packages/airflow/example_dags/example_branch_labels.py
[2022-09-21 00:35:59,154] {logging_mixin.py:115} INFO - [2022-09-21 00:35:59,154] {dag.py:2371} INFO - Sync 1 DAGs
[2022-09-21 00:35:59,205] {logging_mixin.py:115} INFO - [2022-09-21 00:35:59,205] {dag.py:2919} INFO - Setting next_dagrun for example_branch_labels to 2022-09-20T00:00:00+00:00, run_after=2022-09-21T00:00:00+00:00
[2022-09-21 00:35:59,231] {processor.py:161} INFO - Processing /home/airflow/.local/lib/python3.7/site-packages/airflow/example_dags/example_branch_labels.py took 0.175 seconds
[2022-09-21 00:36:29,762] {processor.py:153} INFO - Started process (PID=23623) to work on /home/airflow/.local/lib/python3.7/site-packages/airflow/example_dags/example_branch_labels.py
[2022-09-21 00:36:29,940] {processor.py:641} INFO - Processing file /home/airflow/.local/lib/python3.7/site-packages/airflow/example_dags/example_branch_labels.py for tasks to queue
[2022-09-21 00:36:29,940] {logging_mixin.py:115} INFO - [2022-09-21 00:36:29,940] {dagbag.py:507} INFO - Filling up the DagBag from /home/airflow/.local/lib/python3.7/site-packages/airflow/example_dags/example_branch_labels.py
[2022-09-21 00:36:29,951] {processor.py:651} INFO - DAG(s) dict_keys(['example_branch_labels']) retrieved from /home/airflow/.local/lib/python3.7/site-packages/airflow/example_dags/example_branch_labels.py
[2022-09-21 00:36:30,008] {logging_mixin.py:115} INFO - [2022-09-21 00:36:30,008] {dag.py:2371} INFO - Sync 1 DAGs
[2022-09-21 00:36:30,057] {logging_mixin.py:115} INFO - [2022-09-21 00:36:30,057] {dag.py:2919} INFO - Setting next_dagrun for example_branch_labels to 2022-09-20T00:00:00+00:00, run_after=2022-09-21T00:00:00+00:00
[2022-09-21 00:36:30,434] {processor.py:161} INFO - Processing /home/airflow/.local/lib/python3.7/site-packages/airflow/example_dags/example_branch_labels.py took 0.677 seconds
