[2022-09-21 00:00:01,556] {processor.py:153} INFO - Started process (PID=19703) to work on /home/airflow/.local/lib/python3.7/site-packages/airflow/example_dags/example_time_delta_sensor_async.py
[2022-09-21 00:00:01,567] {processor.py:641} INFO - Processing file /home/airflow/.local/lib/python3.7/site-packages/airflow/example_dags/example_time_delta_sensor_async.py for tasks to queue
[2022-09-21 00:00:01,568] {logging_mixin.py:115} INFO - [2022-09-21 00:00:01,568] {dagbag.py:507} INFO - Filling up the DagBag from /home/airflow/.local/lib/python3.7/site-packages/airflow/example_dags/example_time_delta_sensor_async.py
[2022-09-21 00:00:01,588] {processor.py:651} INFO - DAG(s) dict_keys(['example_time_delta_sensor_async']) retrieved from /home/airflow/.local/lib/python3.7/site-packages/airflow/example_dags/example_time_delta_sensor_async.py
[2022-09-21 00:00:01,741] {logging_mixin.py:115} INFO - [2022-09-21 00:00:01,741] {dag.py:2371} INFO - Sync 1 DAGs
[2022-09-21 00:00:01,801] {logging_mixin.py:115} INFO - [2022-09-21 00:00:01,801] {dag.py:2919} INFO - Setting next_dagrun for example_time_delta_sensor_async to None, run_after=None
[2022-09-21 00:00:01,848] {processor.py:161} INFO - Processing /home/airflow/.local/lib/python3.7/site-packages/airflow/example_dags/example_time_delta_sensor_async.py took 0.298 seconds
[2022-09-21 00:00:32,138] {processor.py:153} INFO - Started process (PID=19755) to work on /home/airflow/.local/lib/python3.7/site-packages/airflow/example_dags/example_time_delta_sensor_async.py
[2022-09-21 00:00:32,153] {processor.py:641} INFO - Processing file /home/airflow/.local/lib/python3.7/site-packages/airflow/example_dags/example_time_delta_sensor_async.py for tasks to queue
[2022-09-21 00:00:32,154] {logging_mixin.py:115} INFO - [2022-09-21 00:00:32,154] {dagbag.py:507} INFO - Filling up the DagBag from /home/airflow/.local/lib/python3.7/site-packages/airflow/example_dags/example_time_delta_sensor_async.py
[2022-09-21 00:00:32,160] {processor.py:651} INFO - DAG(s) dict_keys(['example_time_delta_sensor_async']) retrieved from /home/airflow/.local/lib/python3.7/site-packages/airflow/example_dags/example_time_delta_sensor_async.py
[2022-09-21 00:00:32,213] {logging_mixin.py:115} INFO - [2022-09-21 00:00:32,212] {dag.py:2371} INFO - Sync 1 DAGs
[2022-09-21 00:00:32,238] {logging_mixin.py:115} INFO - [2022-09-21 00:00:32,237] {dag.py:2919} INFO - Setting next_dagrun for example_time_delta_sensor_async to None, run_after=None
[2022-09-21 00:00:32,276] {processor.py:161} INFO - Processing /home/airflow/.local/lib/python3.7/site-packages/airflow/example_dags/example_time_delta_sensor_async.py took 0.144 seconds
[2022-09-21 00:01:02,321] {processor.py:153} INFO - Started process (PID=19808) to work on /home/airflow/.local/lib/python3.7/site-packages/airflow/example_dags/example_time_delta_sensor_async.py
[2022-09-21 00:01:02,322] {processor.py:641} INFO - Processing file /home/airflow/.local/lib/python3.7/site-packages/airflow/example_dags/example_time_delta_sensor_async.py for tasks to queue
[2022-09-21 00:01:02,324] {logging_mixin.py:115} INFO - [2022-09-21 00:01:02,324] {dagbag.py:507} INFO - Filling up the DagBag from /home/airflow/.local/lib/python3.7/site-packages/airflow/example_dags/example_time_delta_sensor_async.py
[2022-09-21 00:01:02,332] {processor.py:651} INFO - DAG(s) dict_keys(['example_time_delta_sensor_async']) retrieved from /home/airflow/.local/lib/python3.7/site-packages/airflow/example_dags/example_time_delta_sensor_async.py
[2022-09-21 00:01:02,426] {logging_mixin.py:115} INFO - [2022-09-21 00:01:02,426] {dag.py:2371} INFO - Sync 1 DAGs
[2022-09-21 00:01:02,482] {logging_mixin.py:115} INFO - [2022-09-21 00:01:02,481] {dag.py:2919} INFO - Setting next_dagrun for example_time_delta_sensor_async to None, run_after=None
[2022-09-21 00:01:02,541] {processor.py:161} INFO - Processing /home/airflow/.local/lib/python3.7/site-packages/airflow/example_dags/example_time_delta_sensor_async.py took 0.223 seconds
[2022-09-21 00:01:34,694] {processor.py:153} INFO - Started process (PID=19868) to work on /home/airflow/.local/lib/python3.7/site-packages/airflow/example_dags/example_time_delta_sensor_async.py
[2022-09-21 00:01:34,833] {processor.py:641} INFO - Processing file /home/airflow/.local/lib/python3.7/site-packages/airflow/example_dags/example_time_delta_sensor_async.py for tasks to queue
[2022-09-21 00:01:34,834] {logging_mixin.py:115} INFO - [2022-09-21 00:01:34,834] {dagbag.py:507} INFO - Filling up the DagBag from /home/airflow/.local/lib/python3.7/site-packages/airflow/example_dags/example_time_delta_sensor_async.py
[2022-09-21 00:01:34,841] {processor.py:651} INFO - DAG(s) dict_keys(['example_time_delta_sensor_async']) retrieved from /home/airflow/.local/lib/python3.7/site-packages/airflow/example_dags/example_time_delta_sensor_async.py
[2022-09-21 00:01:34,907] {logging_mixin.py:115} INFO - [2022-09-21 00:01:34,907] {dag.py:2371} INFO - Sync 1 DAGs
[2022-09-21 00:01:34,952] {logging_mixin.py:115} INFO - [2022-09-21 00:01:34,952] {dag.py:2919} INFO - Setting next_dagrun for example_time_delta_sensor_async to None, run_after=None
[2022-09-21 00:01:35,540] {processor.py:161} INFO - Processing /home/airflow/.local/lib/python3.7/site-packages/airflow/example_dags/example_time_delta_sensor_async.py took 0.851 seconds
[2022-09-21 00:02:08,294] {processor.py:153} INFO - Started process (PID=19921) to work on /home/airflow/.local/lib/python3.7/site-packages/airflow/example_dags/example_time_delta_sensor_async.py
[2022-09-21 00:02:08,637] {processor.py:641} INFO - Processing file /home/airflow/.local/lib/python3.7/site-packages/airflow/example_dags/example_time_delta_sensor_async.py for tasks to queue
[2022-09-21 00:02:08,639] {logging_mixin.py:115} INFO - [2022-09-21 00:02:08,638] {dagbag.py:507} INFO - Filling up the DagBag from /home/airflow/.local/lib/python3.7/site-packages/airflow/example_dags/example_time_delta_sensor_async.py
[2022-09-21 00:02:08,658] {processor.py:651} INFO - DAG(s) dict_keys(['example_time_delta_sensor_async']) retrieved from /home/airflow/.local/lib/python3.7/site-packages/airflow/example_dags/example_time_delta_sensor_async.py
[2022-09-21 00:02:08,738] {logging_mixin.py:115} INFO - [2022-09-21 00:02:08,738] {dag.py:2371} INFO - Sync 1 DAGs
[2022-09-21 00:02:09,449] {logging_mixin.py:115} INFO - [2022-09-21 00:02:09,449] {dag.py:2919} INFO - Setting next_dagrun for example_time_delta_sensor_async to None, run_after=None
[2022-09-21 00:02:13,887] {processor.py:161} INFO - Processing /home/airflow/.local/lib/python3.7/site-packages/airflow/example_dags/example_time_delta_sensor_async.py took 5.601 seconds
[2022-09-21 00:02:45,523] {processor.py:153} INFO - Started process (PID=19973) to work on /home/airflow/.local/lib/python3.7/site-packages/airflow/example_dags/example_time_delta_sensor_async.py
[2022-09-21 00:02:45,705] {processor.py:641} INFO - Processing file /home/airflow/.local/lib/python3.7/site-packages/airflow/example_dags/example_time_delta_sensor_async.py for tasks to queue
[2022-09-21 00:02:45,709] {logging_mixin.py:115} INFO - [2022-09-21 00:02:45,709] {dagbag.py:507} INFO - Filling up the DagBag from /home/airflow/.local/lib/python3.7/site-packages/airflow/example_dags/example_time_delta_sensor_async.py
[2022-09-21 00:02:53,661] {processor.py:651} INFO - DAG(s) dict_keys(['example_time_delta_sensor_async']) retrieved from /home/airflow/.local/lib/python3.7/site-packages/airflow/example_dags/example_time_delta_sensor_async.py
[2022-09-21 00:02:53,731] {logging_mixin.py:115} INFO - [2022-09-21 00:02:53,731] {dag.py:2371} INFO - Sync 1 DAGs
[2022-09-21 00:02:53,775] {logging_mixin.py:115} INFO - [2022-09-21 00:02:53,774] {dag.py:2919} INFO - Setting next_dagrun for example_time_delta_sensor_async to None, run_after=None
[2022-09-21 00:02:54,075] {processor.py:161} INFO - Processing /home/airflow/.local/lib/python3.7/site-packages/airflow/example_dags/example_time_delta_sensor_async.py took 8.564 seconds
[2022-09-21 00:03:24,358] {processor.py:153} INFO - Started process (PID=20026) to work on /home/airflow/.local/lib/python3.7/site-packages/airflow/example_dags/example_time_delta_sensor_async.py
[2022-09-21 00:03:24,563] {processor.py:641} INFO - Processing file /home/airflow/.local/lib/python3.7/site-packages/airflow/example_dags/example_time_delta_sensor_async.py for tasks to queue
[2022-09-21 00:03:24,565] {logging_mixin.py:115} INFO - [2022-09-21 00:03:24,565] {dagbag.py:507} INFO - Filling up the DagBag from /home/airflow/.local/lib/python3.7/site-packages/airflow/example_dags/example_time_delta_sensor_async.py
[2022-09-21 00:03:24,588] {processor.py:651} INFO - DAG(s) dict_keys(['example_time_delta_sensor_async']) retrieved from /home/airflow/.local/lib/python3.7/site-packages/airflow/example_dags/example_time_delta_sensor_async.py
[2022-09-21 00:03:24,663] {logging_mixin.py:115} INFO - [2022-09-21 00:03:24,663] {dag.py:2371} INFO - Sync 1 DAGs
[2022-09-21 00:03:24,707] {logging_mixin.py:115} INFO - [2022-09-21 00:03:24,707] {dag.py:2919} INFO - Setting next_dagrun for example_time_delta_sensor_async to None, run_after=None
[2022-09-21 00:03:24,820] {processor.py:161} INFO - Processing /home/airflow/.local/lib/python3.7/site-packages/airflow/example_dags/example_time_delta_sensor_async.py took 0.466 seconds
[2022-09-21 00:03:55,681] {processor.py:153} INFO - Started process (PID=20078) to work on /home/airflow/.local/lib/python3.7/site-packages/airflow/example_dags/example_time_delta_sensor_async.py
[2022-09-21 00:03:56,100] {processor.py:641} INFO - Processing file /home/airflow/.local/lib/python3.7/site-packages/airflow/example_dags/example_time_delta_sensor_async.py for tasks to queue
[2022-09-21 00:03:56,102] {logging_mixin.py:115} INFO - [2022-09-21 00:03:56,101] {dagbag.py:507} INFO - Filling up the DagBag from /home/airflow/.local/lib/python3.7/site-packages/airflow/example_dags/example_time_delta_sensor_async.py
[2022-09-21 00:03:56,124] {processor.py:651} INFO - DAG(s) dict_keys(['example_time_delta_sensor_async']) retrieved from /home/airflow/.local/lib/python3.7/site-packages/airflow/example_dags/example_time_delta_sensor_async.py
[2022-09-21 00:03:56,199] {logging_mixin.py:115} INFO - [2022-09-21 00:03:56,199] {dag.py:2371} INFO - Sync 1 DAGs
[2022-09-21 00:03:56,239] {logging_mixin.py:115} INFO - [2022-09-21 00:03:56,238] {dag.py:2919} INFO - Setting next_dagrun for example_time_delta_sensor_async to None, run_after=None
[2022-09-21 00:03:57,073] {processor.py:161} INFO - Processing /home/airflow/.local/lib/python3.7/site-packages/airflow/example_dags/example_time_delta_sensor_async.py took 1.405 seconds
[2022-09-21 00:04:27,353] {processor.py:153} INFO - Started process (PID=20131) to work on /home/airflow/.local/lib/python3.7/site-packages/airflow/example_dags/example_time_delta_sensor_async.py
[2022-09-21 00:04:27,655] {processor.py:641} INFO - Processing file /home/airflow/.local/lib/python3.7/site-packages/airflow/example_dags/example_time_delta_sensor_async.py for tasks to queue
[2022-09-21 00:04:27,656] {logging_mixin.py:115} INFO - [2022-09-21 00:04:27,656] {dagbag.py:507} INFO - Filling up the DagBag from /home/airflow/.local/lib/python3.7/site-packages/airflow/example_dags/example_time_delta_sensor_async.py
[2022-09-21 00:04:27,662] {processor.py:651} INFO - DAG(s) dict_keys(['example_time_delta_sensor_async']) retrieved from /home/airflow/.local/lib/python3.7/site-packages/airflow/example_dags/example_time_delta_sensor_async.py
[2022-09-21 00:04:27,722] {logging_mixin.py:115} INFO - [2022-09-21 00:04:27,722] {dag.py:2371} INFO - Sync 1 DAGs
[2022-09-21 00:04:27,764] {logging_mixin.py:115} INFO - [2022-09-21 00:04:27,763] {dag.py:2919} INFO - Setting next_dagrun for example_time_delta_sensor_async to None, run_after=None
[2022-09-21 00:04:28,023] {processor.py:161} INFO - Processing /home/airflow/.local/lib/python3.7/site-packages/airflow/example_dags/example_time_delta_sensor_async.py took 0.675 seconds
[2022-09-21 00:04:59,378] {processor.py:153} INFO - Started process (PID=20192) to work on /home/airflow/.local/lib/python3.7/site-packages/airflow/example_dags/example_time_delta_sensor_async.py
[2022-09-21 00:04:59,471] {processor.py:641} INFO - Processing file /home/airflow/.local/lib/python3.7/site-packages/airflow/example_dags/example_time_delta_sensor_async.py for tasks to queue
[2022-09-21 00:04:59,473] {logging_mixin.py:115} INFO - [2022-09-21 00:04:59,473] {dagbag.py:507} INFO - Filling up the DagBag from /home/airflow/.local/lib/python3.7/site-packages/airflow/example_dags/example_time_delta_sensor_async.py
[2022-09-21 00:04:59,494] {processor.py:651} INFO - DAG(s) dict_keys(['example_time_delta_sensor_async']) retrieved from /home/airflow/.local/lib/python3.7/site-packages/airflow/example_dags/example_time_delta_sensor_async.py
[2022-09-21 00:04:59,617] {logging_mixin.py:115} INFO - [2022-09-21 00:04:59,617] {dag.py:2371} INFO - Sync 1 DAGs
[2022-09-21 00:04:59,652] {logging_mixin.py:115} INFO - [2022-09-21 00:04:59,652] {dag.py:2919} INFO - Setting next_dagrun for example_time_delta_sensor_async to None, run_after=None
[2022-09-21 00:04:59,871] {processor.py:161} INFO - Processing /home/airflow/.local/lib/python3.7/site-packages/airflow/example_dags/example_time_delta_sensor_async.py took 0.508 seconds
[2022-09-21 00:05:30,618] {processor.py:153} INFO - Started process (PID=20244) to work on /home/airflow/.local/lib/python3.7/site-packages/airflow/example_dags/example_time_delta_sensor_async.py
[2022-09-21 00:05:30,704] {processor.py:641} INFO - Processing file /home/airflow/.local/lib/python3.7/site-packages/airflow/example_dags/example_time_delta_sensor_async.py for tasks to queue
[2022-09-21 00:05:30,705] {logging_mixin.py:115} INFO - [2022-09-21 00:05:30,704] {dagbag.py:507} INFO - Filling up the DagBag from /home/airflow/.local/lib/python3.7/site-packages/airflow/example_dags/example_time_delta_sensor_async.py
[2022-09-21 00:05:30,722] {processor.py:651} INFO - DAG(s) dict_keys(['example_time_delta_sensor_async']) retrieved from /home/airflow/.local/lib/python3.7/site-packages/airflow/example_dags/example_time_delta_sensor_async.py
[2022-09-21 00:05:30,829] {logging_mixin.py:115} INFO - [2022-09-21 00:05:30,829] {dag.py:2371} INFO - Sync 1 DAGs
[2022-09-21 00:05:30,884] {logging_mixin.py:115} INFO - [2022-09-21 00:05:30,884] {dag.py:2919} INFO - Setting next_dagrun for example_time_delta_sensor_async to None, run_after=None
[2022-09-21 00:05:31,151] {processor.py:161} INFO - Processing /home/airflow/.local/lib/python3.7/site-packages/airflow/example_dags/example_time_delta_sensor_async.py took 0.538 seconds
[2022-09-21 00:06:01,318] {processor.py:153} INFO - Started process (PID=20296) to work on /home/airflow/.local/lib/python3.7/site-packages/airflow/example_dags/example_time_delta_sensor_async.py
[2022-09-21 00:06:01,319] {processor.py:641} INFO - Processing file /home/airflow/.local/lib/python3.7/site-packages/airflow/example_dags/example_time_delta_sensor_async.py for tasks to queue
[2022-09-21 00:06:01,321] {logging_mixin.py:115} INFO - [2022-09-21 00:06:01,320] {dagbag.py:507} INFO - Filling up the DagBag from /home/airflow/.local/lib/python3.7/site-packages/airflow/example_dags/example_time_delta_sensor_async.py
[2022-09-21 00:06:01,339] {processor.py:651} INFO - DAG(s) dict_keys(['example_time_delta_sensor_async']) retrieved from /home/airflow/.local/lib/python3.7/site-packages/airflow/example_dags/example_time_delta_sensor_async.py
[2022-09-21 00:06:01,457] {logging_mixin.py:115} INFO - [2022-09-21 00:06:01,456] {dag.py:2371} INFO - Sync 1 DAGs
[2022-09-21 00:06:01,493] {logging_mixin.py:115} INFO - [2022-09-21 00:06:01,493] {dag.py:2919} INFO - Setting next_dagrun for example_time_delta_sensor_async to None, run_after=None
[2022-09-21 00:06:01,732] {processor.py:161} INFO - Processing /home/airflow/.local/lib/python3.7/site-packages/airflow/example_dags/example_time_delta_sensor_async.py took 0.426 seconds
[2022-09-21 00:06:32,099] {processor.py:153} INFO - Started process (PID=20356) to work on /home/airflow/.local/lib/python3.7/site-packages/airflow/example_dags/example_time_delta_sensor_async.py
[2022-09-21 00:06:32,100] {processor.py:641} INFO - Processing file /home/airflow/.local/lib/python3.7/site-packages/airflow/example_dags/example_time_delta_sensor_async.py for tasks to queue
[2022-09-21 00:06:32,101] {logging_mixin.py:115} INFO - [2022-09-21 00:06:32,101] {dagbag.py:507} INFO - Filling up the DagBag from /home/airflow/.local/lib/python3.7/site-packages/airflow/example_dags/example_time_delta_sensor_async.py
[2022-09-21 00:06:32,109] {processor.py:651} INFO - DAG(s) dict_keys(['example_time_delta_sensor_async']) retrieved from /home/airflow/.local/lib/python3.7/site-packages/airflow/example_dags/example_time_delta_sensor_async.py
[2022-09-21 00:06:32,177] {logging_mixin.py:115} INFO - [2022-09-21 00:06:32,177] {dag.py:2371} INFO - Sync 1 DAGs
[2022-09-21 00:06:32,219] {logging_mixin.py:115} INFO - [2022-09-21 00:06:32,219] {dag.py:2919} INFO - Setting next_dagrun for example_time_delta_sensor_async to None, run_after=None
[2022-09-21 00:06:32,282] {processor.py:161} INFO - Processing /home/airflow/.local/lib/python3.7/site-packages/airflow/example_dags/example_time_delta_sensor_async.py took 0.188 seconds
[2022-09-21 00:07:02,881] {processor.py:153} INFO - Started process (PID=20409) to work on /home/airflow/.local/lib/python3.7/site-packages/airflow/example_dags/example_time_delta_sensor_async.py
[2022-09-21 00:07:02,899] {processor.py:641} INFO - Processing file /home/airflow/.local/lib/python3.7/site-packages/airflow/example_dags/example_time_delta_sensor_async.py for tasks to queue
[2022-09-21 00:07:02,899] {logging_mixin.py:115} INFO - [2022-09-21 00:07:02,899] {dagbag.py:507} INFO - Filling up the DagBag from /home/airflow/.local/lib/python3.7/site-packages/airflow/example_dags/example_time_delta_sensor_async.py
[2022-09-21 00:07:02,905] {processor.py:651} INFO - DAG(s) dict_keys(['example_time_delta_sensor_async']) retrieved from /home/airflow/.local/lib/python3.7/site-packages/airflow/example_dags/example_time_delta_sensor_async.py
[2022-09-21 00:07:02,950] {logging_mixin.py:115} INFO - [2022-09-21 00:07:02,950] {dag.py:2371} INFO - Sync 1 DAGs
[2022-09-21 00:07:02,982] {logging_mixin.py:115} INFO - [2022-09-21 00:07:02,982] {dag.py:2919} INFO - Setting next_dagrun for example_time_delta_sensor_async to None, run_after=None
[2022-09-21 00:07:03,008] {processor.py:161} INFO - Processing /home/airflow/.local/lib/python3.7/site-packages/airflow/example_dags/example_time_delta_sensor_async.py took 0.135 seconds
[2022-09-21 00:07:33,126] {processor.py:153} INFO - Started process (PID=20461) to work on /home/airflow/.local/lib/python3.7/site-packages/airflow/example_dags/example_time_delta_sensor_async.py
[2022-09-21 00:07:33,127] {processor.py:641} INFO - Processing file /home/airflow/.local/lib/python3.7/site-packages/airflow/example_dags/example_time_delta_sensor_async.py for tasks to queue
[2022-09-21 00:07:33,128] {logging_mixin.py:115} INFO - [2022-09-21 00:07:33,128] {dagbag.py:507} INFO - Filling up the DagBag from /home/airflow/.local/lib/python3.7/site-packages/airflow/example_dags/example_time_delta_sensor_async.py
[2022-09-21 00:07:33,137] {processor.py:651} INFO - DAG(s) dict_keys(['example_time_delta_sensor_async']) retrieved from /home/airflow/.local/lib/python3.7/site-packages/airflow/example_dags/example_time_delta_sensor_async.py
[2022-09-21 00:07:33,201] {logging_mixin.py:115} INFO - [2022-09-21 00:07:33,200] {dag.py:2371} INFO - Sync 1 DAGs
[2022-09-21 00:07:33,230] {logging_mixin.py:115} INFO - [2022-09-21 00:07:33,229] {dag.py:2919} INFO - Setting next_dagrun for example_time_delta_sensor_async to None, run_after=None
[2022-09-21 00:07:33,265] {processor.py:161} INFO - Processing /home/airflow/.local/lib/python3.7/site-packages/airflow/example_dags/example_time_delta_sensor_async.py took 0.151 seconds
[2022-09-21 00:08:03,651] {processor.py:153} INFO - Started process (PID=20521) to work on /home/airflow/.local/lib/python3.7/site-packages/airflow/example_dags/example_time_delta_sensor_async.py
[2022-09-21 00:08:03,668] {processor.py:641} INFO - Processing file /home/airflow/.local/lib/python3.7/site-packages/airflow/example_dags/example_time_delta_sensor_async.py for tasks to queue
[2022-09-21 00:08:03,669] {logging_mixin.py:115} INFO - [2022-09-21 00:08:03,669] {dagbag.py:507} INFO - Filling up the DagBag from /home/airflow/.local/lib/python3.7/site-packages/airflow/example_dags/example_time_delta_sensor_async.py
[2022-09-21 00:08:03,674] {processor.py:651} INFO - DAG(s) dict_keys(['example_time_delta_sensor_async']) retrieved from /home/airflow/.local/lib/python3.7/site-packages/airflow/example_dags/example_time_delta_sensor_async.py
[2022-09-21 00:08:03,721] {logging_mixin.py:115} INFO - [2022-09-21 00:08:03,721] {dag.py:2371} INFO - Sync 1 DAGs
[2022-09-21 00:08:03,759] {logging_mixin.py:115} INFO - [2022-09-21 00:08:03,759] {dag.py:2919} INFO - Setting next_dagrun for example_time_delta_sensor_async to None, run_after=None
[2022-09-21 00:08:03,790] {processor.py:161} INFO - Processing /home/airflow/.local/lib/python3.7/site-packages/airflow/example_dags/example_time_delta_sensor_async.py took 0.146 seconds
[2022-09-21 00:08:34,617] {processor.py:153} INFO - Started process (PID=20573) to work on /home/airflow/.local/lib/python3.7/site-packages/airflow/example_dags/example_time_delta_sensor_async.py
[2022-09-21 00:08:34,618] {processor.py:641} INFO - Processing file /home/airflow/.local/lib/python3.7/site-packages/airflow/example_dags/example_time_delta_sensor_async.py for tasks to queue
[2022-09-21 00:08:34,619] {logging_mixin.py:115} INFO - [2022-09-21 00:08:34,619] {dagbag.py:507} INFO - Filling up the DagBag from /home/airflow/.local/lib/python3.7/site-packages/airflow/example_dags/example_time_delta_sensor_async.py
[2022-09-21 00:08:34,631] {processor.py:651} INFO - DAG(s) dict_keys(['example_time_delta_sensor_async']) retrieved from /home/airflow/.local/lib/python3.7/site-packages/airflow/example_dags/example_time_delta_sensor_async.py
[2022-09-21 00:08:34,685] {logging_mixin.py:115} INFO - [2022-09-21 00:08:34,684] {dag.py:2371} INFO - Sync 1 DAGs
[2022-09-21 00:08:34,712] {logging_mixin.py:115} INFO - [2022-09-21 00:08:34,712] {dag.py:2919} INFO - Setting next_dagrun for example_time_delta_sensor_async to None, run_after=None
[2022-09-21 00:08:34,746] {processor.py:161} INFO - Processing /home/airflow/.local/lib/python3.7/site-packages/airflow/example_dags/example_time_delta_sensor_async.py took 0.141 seconds
[2022-09-21 00:09:04,826] {processor.py:153} INFO - Started process (PID=20634) to work on /home/airflow/.local/lib/python3.7/site-packages/airflow/example_dags/example_time_delta_sensor_async.py
[2022-09-21 00:09:04,849] {processor.py:641} INFO - Processing file /home/airflow/.local/lib/python3.7/site-packages/airflow/example_dags/example_time_delta_sensor_async.py for tasks to queue
[2022-09-21 00:09:04,850] {logging_mixin.py:115} INFO - [2022-09-21 00:09:04,850] {dagbag.py:507} INFO - Filling up the DagBag from /home/airflow/.local/lib/python3.7/site-packages/airflow/example_dags/example_time_delta_sensor_async.py
[2022-09-21 00:09:04,858] {processor.py:651} INFO - DAG(s) dict_keys(['example_time_delta_sensor_async']) retrieved from /home/airflow/.local/lib/python3.7/site-packages/airflow/example_dags/example_time_delta_sensor_async.py
[2022-09-21 00:09:04,972] {logging_mixin.py:115} INFO - [2022-09-21 00:09:04,971] {dag.py:2371} INFO - Sync 1 DAGs
[2022-09-21 00:09:05,012] {logging_mixin.py:115} INFO - [2022-09-21 00:09:05,012] {dag.py:2919} INFO - Setting next_dagrun for example_time_delta_sensor_async to None, run_after=None
[2022-09-21 00:09:05,037] {processor.py:161} INFO - Processing /home/airflow/.local/lib/python3.7/site-packages/airflow/example_dags/example_time_delta_sensor_async.py took 0.215 seconds
[2022-09-21 00:09:35,380] {processor.py:153} INFO - Started process (PID=20684) to work on /home/airflow/.local/lib/python3.7/site-packages/airflow/example_dags/example_time_delta_sensor_async.py
[2022-09-21 00:09:35,406] {processor.py:641} INFO - Processing file /home/airflow/.local/lib/python3.7/site-packages/airflow/example_dags/example_time_delta_sensor_async.py for tasks to queue
[2022-09-21 00:09:35,407] {logging_mixin.py:115} INFO - [2022-09-21 00:09:35,407] {dagbag.py:507} INFO - Filling up the DagBag from /home/airflow/.local/lib/python3.7/site-packages/airflow/example_dags/example_time_delta_sensor_async.py
[2022-09-21 00:09:35,414] {processor.py:651} INFO - DAG(s) dict_keys(['example_time_delta_sensor_async']) retrieved from /home/airflow/.local/lib/python3.7/site-packages/airflow/example_dags/example_time_delta_sensor_async.py
[2022-09-21 00:09:35,483] {logging_mixin.py:115} INFO - [2022-09-21 00:09:35,483] {dag.py:2371} INFO - Sync 1 DAGs
[2022-09-21 00:09:35,510] {logging_mixin.py:115} INFO - [2022-09-21 00:09:35,510] {dag.py:2919} INFO - Setting next_dagrun for example_time_delta_sensor_async to None, run_after=None
[2022-09-21 00:09:35,550] {processor.py:161} INFO - Processing /home/airflow/.local/lib/python3.7/site-packages/airflow/example_dags/example_time_delta_sensor_async.py took 0.174 seconds
[2022-09-21 00:10:06,219] {processor.py:153} INFO - Started process (PID=20744) to work on /home/airflow/.local/lib/python3.7/site-packages/airflow/example_dags/example_time_delta_sensor_async.py
[2022-09-21 00:10:06,220] {processor.py:641} INFO - Processing file /home/airflow/.local/lib/python3.7/site-packages/airflow/example_dags/example_time_delta_sensor_async.py for tasks to queue
[2022-09-21 00:10:06,222] {logging_mixin.py:115} INFO - [2022-09-21 00:10:06,222] {dagbag.py:507} INFO - Filling up the DagBag from /home/airflow/.local/lib/python3.7/site-packages/airflow/example_dags/example_time_delta_sensor_async.py
[2022-09-21 00:10:06,232] {processor.py:651} INFO - DAG(s) dict_keys(['example_time_delta_sensor_async']) retrieved from /home/airflow/.local/lib/python3.7/site-packages/airflow/example_dags/example_time_delta_sensor_async.py
[2022-09-21 00:10:06,285] {logging_mixin.py:115} INFO - [2022-09-21 00:10:06,285] {dag.py:2371} INFO - Sync 1 DAGs
[2022-09-21 00:10:06,314] {logging_mixin.py:115} INFO - [2022-09-21 00:10:06,314] {dag.py:2919} INFO - Setting next_dagrun for example_time_delta_sensor_async to None, run_after=None
[2022-09-21 00:10:06,341] {processor.py:161} INFO - Processing /home/airflow/.local/lib/python3.7/site-packages/airflow/example_dags/example_time_delta_sensor_async.py took 0.136 seconds
[2022-09-21 00:10:36,380] {processor.py:153} INFO - Started process (PID=20796) to work on /home/airflow/.local/lib/python3.7/site-packages/airflow/example_dags/example_time_delta_sensor_async.py
[2022-09-21 00:10:36,593] {processor.py:641} INFO - Processing file /home/airflow/.local/lib/python3.7/site-packages/airflow/example_dags/example_time_delta_sensor_async.py for tasks to queue
[2022-09-21 00:10:36,594] {logging_mixin.py:115} INFO - [2022-09-21 00:10:36,594] {dagbag.py:507} INFO - Filling up the DagBag from /home/airflow/.local/lib/python3.7/site-packages/airflow/example_dags/example_time_delta_sensor_async.py
[2022-09-21 00:10:36,602] {processor.py:651} INFO - DAG(s) dict_keys(['example_time_delta_sensor_async']) retrieved from /home/airflow/.local/lib/python3.7/site-packages/airflow/example_dags/example_time_delta_sensor_async.py
[2022-09-21 00:10:36,699] {logging_mixin.py:115} INFO - [2022-09-21 00:10:36,699] {dag.py:2371} INFO - Sync 1 DAGs
[2022-09-21 00:10:36,755] {logging_mixin.py:115} INFO - [2022-09-21 00:10:36,755] {dag.py:2919} INFO - Setting next_dagrun for example_time_delta_sensor_async to None, run_after=None
[2022-09-21 00:10:36,794] {processor.py:161} INFO - Processing /home/airflow/.local/lib/python3.7/site-packages/airflow/example_dags/example_time_delta_sensor_async.py took 0.419 seconds
[2022-09-21 00:11:07,446] {processor.py:153} INFO - Started process (PID=20857) to work on /home/airflow/.local/lib/python3.7/site-packages/airflow/example_dags/example_time_delta_sensor_async.py
[2022-09-21 00:11:07,449] {processor.py:641} INFO - Processing file /home/airflow/.local/lib/python3.7/site-packages/airflow/example_dags/example_time_delta_sensor_async.py for tasks to queue
[2022-09-21 00:11:07,453] {logging_mixin.py:115} INFO - [2022-09-21 00:11:07,453] {dagbag.py:507} INFO - Filling up the DagBag from /home/airflow/.local/lib/python3.7/site-packages/airflow/example_dags/example_time_delta_sensor_async.py
[2022-09-21 00:11:07,465] {processor.py:651} INFO - DAG(s) dict_keys(['example_time_delta_sensor_async']) retrieved from /home/airflow/.local/lib/python3.7/site-packages/airflow/example_dags/example_time_delta_sensor_async.py
[2022-09-21 00:11:07,565] {logging_mixin.py:115} INFO - [2022-09-21 00:11:07,565] {dag.py:2371} INFO - Sync 1 DAGs
[2022-09-21 00:11:07,597] {logging_mixin.py:115} INFO - [2022-09-21 00:11:07,597] {dag.py:2919} INFO - Setting next_dagrun for example_time_delta_sensor_async to None, run_after=None
[2022-09-21 00:11:07,648] {processor.py:161} INFO - Processing /home/airflow/.local/lib/python3.7/site-packages/airflow/example_dags/example_time_delta_sensor_async.py took 0.207 seconds
[2022-09-21 00:11:37,952] {processor.py:153} INFO - Started process (PID=20909) to work on /home/airflow/.local/lib/python3.7/site-packages/airflow/example_dags/example_time_delta_sensor_async.py
[2022-09-21 00:11:37,966] {processor.py:641} INFO - Processing file /home/airflow/.local/lib/python3.7/site-packages/airflow/example_dags/example_time_delta_sensor_async.py for tasks to queue
[2022-09-21 00:11:37,967] {logging_mixin.py:115} INFO - [2022-09-21 00:11:37,967] {dagbag.py:507} INFO - Filling up the DagBag from /home/airflow/.local/lib/python3.7/site-packages/airflow/example_dags/example_time_delta_sensor_async.py
[2022-09-21 00:11:37,975] {processor.py:651} INFO - DAG(s) dict_keys(['example_time_delta_sensor_async']) retrieved from /home/airflow/.local/lib/python3.7/site-packages/airflow/example_dags/example_time_delta_sensor_async.py
[2022-09-21 00:11:38,024] {logging_mixin.py:115} INFO - [2022-09-21 00:11:38,024] {dag.py:2371} INFO - Sync 1 DAGs
[2022-09-21 00:11:38,053] {logging_mixin.py:115} INFO - [2022-09-21 00:11:38,053] {dag.py:2919} INFO - Setting next_dagrun for example_time_delta_sensor_async to None, run_after=None
[2022-09-21 00:11:38,103] {processor.py:161} INFO - Processing /home/airflow/.local/lib/python3.7/site-packages/airflow/example_dags/example_time_delta_sensor_async.py took 0.155 seconds
[2022-09-21 00:12:08,874] {processor.py:153} INFO - Started process (PID=20970) to work on /home/airflow/.local/lib/python3.7/site-packages/airflow/example_dags/example_time_delta_sensor_async.py
[2022-09-21 00:12:08,875] {processor.py:641} INFO - Processing file /home/airflow/.local/lib/python3.7/site-packages/airflow/example_dags/example_time_delta_sensor_async.py for tasks to queue
[2022-09-21 00:12:08,875] {logging_mixin.py:115} INFO - [2022-09-21 00:12:08,875] {dagbag.py:507} INFO - Filling up the DagBag from /home/airflow/.local/lib/python3.7/site-packages/airflow/example_dags/example_time_delta_sensor_async.py
[2022-09-21 00:12:08,883] {processor.py:651} INFO - DAG(s) dict_keys(['example_time_delta_sensor_async']) retrieved from /home/airflow/.local/lib/python3.7/site-packages/airflow/example_dags/example_time_delta_sensor_async.py
[2022-09-21 00:12:08,958] {logging_mixin.py:115} INFO - [2022-09-21 00:12:08,958] {dag.py:2371} INFO - Sync 1 DAGs
[2022-09-21 00:12:08,997] {logging_mixin.py:115} INFO - [2022-09-21 00:12:08,997] {dag.py:2919} INFO - Setting next_dagrun for example_time_delta_sensor_async to None, run_after=None
[2022-09-21 00:12:09,038] {processor.py:161} INFO - Processing /home/airflow/.local/lib/python3.7/site-packages/airflow/example_dags/example_time_delta_sensor_async.py took 0.170 seconds
[2022-09-21 00:12:39,596] {processor.py:153} INFO - Started process (PID=21024) to work on /home/airflow/.local/lib/python3.7/site-packages/airflow/example_dags/example_time_delta_sensor_async.py
[2022-09-21 00:12:39,615] {processor.py:641} INFO - Processing file /home/airflow/.local/lib/python3.7/site-packages/airflow/example_dags/example_time_delta_sensor_async.py for tasks to queue
[2022-09-21 00:12:39,617] {logging_mixin.py:115} INFO - [2022-09-21 00:12:39,616] {dagbag.py:507} INFO - Filling up the DagBag from /home/airflow/.local/lib/python3.7/site-packages/airflow/example_dags/example_time_delta_sensor_async.py
[2022-09-21 00:12:39,639] {processor.py:651} INFO - DAG(s) dict_keys(['example_time_delta_sensor_async']) retrieved from /home/airflow/.local/lib/python3.7/site-packages/airflow/example_dags/example_time_delta_sensor_async.py
[2022-09-21 00:12:39,717] {logging_mixin.py:115} INFO - [2022-09-21 00:12:39,717] {dag.py:2371} INFO - Sync 1 DAGs
[2022-09-21 00:12:39,746] {logging_mixin.py:115} INFO - [2022-09-21 00:12:39,746] {dag.py:2919} INFO - Setting next_dagrun for example_time_delta_sensor_async to None, run_after=None
[2022-09-21 00:12:39,786] {processor.py:161} INFO - Processing /home/airflow/.local/lib/python3.7/site-packages/airflow/example_dags/example_time_delta_sensor_async.py took 0.208 seconds
[2022-09-21 00:13:10,235] {processor.py:153} INFO - Started process (PID=21076) to work on /home/airflow/.local/lib/python3.7/site-packages/airflow/example_dags/example_time_delta_sensor_async.py
[2022-09-21 00:13:10,236] {processor.py:641} INFO - Processing file /home/airflow/.local/lib/python3.7/site-packages/airflow/example_dags/example_time_delta_sensor_async.py for tasks to queue
[2022-09-21 00:13:10,237] {logging_mixin.py:115} INFO - [2022-09-21 00:13:10,237] {dagbag.py:507} INFO - Filling up the DagBag from /home/airflow/.local/lib/python3.7/site-packages/airflow/example_dags/example_time_delta_sensor_async.py
[2022-09-21 00:13:10,247] {processor.py:651} INFO - DAG(s) dict_keys(['example_time_delta_sensor_async']) retrieved from /home/airflow/.local/lib/python3.7/site-packages/airflow/example_dags/example_time_delta_sensor_async.py
[2022-09-21 00:13:10,312] {logging_mixin.py:115} INFO - [2022-09-21 00:13:10,312] {dag.py:2371} INFO - Sync 1 DAGs
[2022-09-21 00:13:10,353] {logging_mixin.py:115} INFO - [2022-09-21 00:13:10,353] {dag.py:2919} INFO - Setting next_dagrun for example_time_delta_sensor_async to None, run_after=None
[2022-09-21 00:13:10,375] {processor.py:161} INFO - Processing /home/airflow/.local/lib/python3.7/site-packages/airflow/example_dags/example_time_delta_sensor_async.py took 0.148 seconds
[2022-09-21 00:13:40,588] {processor.py:153} INFO - Started process (PID=21136) to work on /home/airflow/.local/lib/python3.7/site-packages/airflow/example_dags/example_time_delta_sensor_async.py
[2022-09-21 00:13:40,612] {processor.py:641} INFO - Processing file /home/airflow/.local/lib/python3.7/site-packages/airflow/example_dags/example_time_delta_sensor_async.py for tasks to queue
[2022-09-21 00:13:40,613] {logging_mixin.py:115} INFO - [2022-09-21 00:13:40,613] {dagbag.py:507} INFO - Filling up the DagBag from /home/airflow/.local/lib/python3.7/site-packages/airflow/example_dags/example_time_delta_sensor_async.py
[2022-09-21 00:13:40,621] {processor.py:651} INFO - DAG(s) dict_keys(['example_time_delta_sensor_async']) retrieved from /home/airflow/.local/lib/python3.7/site-packages/airflow/example_dags/example_time_delta_sensor_async.py
[2022-09-21 00:13:40,689] {logging_mixin.py:115} INFO - [2022-09-21 00:13:40,689] {dag.py:2371} INFO - Sync 1 DAGs
[2022-09-21 00:13:40,720] {logging_mixin.py:115} INFO - [2022-09-21 00:13:40,720] {dag.py:2919} INFO - Setting next_dagrun for example_time_delta_sensor_async to None, run_after=None
[2022-09-21 00:13:40,754] {processor.py:161} INFO - Processing /home/airflow/.local/lib/python3.7/site-packages/airflow/example_dags/example_time_delta_sensor_async.py took 0.177 seconds
[2022-09-21 00:14:10,902] {processor.py:153} INFO - Started process (PID=21187) to work on /home/airflow/.local/lib/python3.7/site-packages/airflow/example_dags/example_time_delta_sensor_async.py
[2022-09-21 00:14:10,903] {processor.py:641} INFO - Processing file /home/airflow/.local/lib/python3.7/site-packages/airflow/example_dags/example_time_delta_sensor_async.py for tasks to queue
[2022-09-21 00:14:10,903] {logging_mixin.py:115} INFO - [2022-09-21 00:14:10,903] {dagbag.py:507} INFO - Filling up the DagBag from /home/airflow/.local/lib/python3.7/site-packages/airflow/example_dags/example_time_delta_sensor_async.py
[2022-09-21 00:14:10,911] {processor.py:651} INFO - DAG(s) dict_keys(['example_time_delta_sensor_async']) retrieved from /home/airflow/.local/lib/python3.7/site-packages/airflow/example_dags/example_time_delta_sensor_async.py
[2022-09-21 00:14:10,969] {logging_mixin.py:115} INFO - [2022-09-21 00:14:10,969] {dag.py:2371} INFO - Sync 1 DAGs
[2022-09-21 00:14:11,010] {logging_mixin.py:115} INFO - [2022-09-21 00:14:11,009] {dag.py:2919} INFO - Setting next_dagrun for example_time_delta_sensor_async to None, run_after=None
[2022-09-21 00:14:11,048] {processor.py:161} INFO - Processing /home/airflow/.local/lib/python3.7/site-packages/airflow/example_dags/example_time_delta_sensor_async.py took 0.151 seconds
[2022-09-21 00:14:41,861] {processor.py:153} INFO - Started process (PID=21239) to work on /home/airflow/.local/lib/python3.7/site-packages/airflow/example_dags/example_time_delta_sensor_async.py
[2022-09-21 00:14:41,877] {processor.py:641} INFO - Processing file /home/airflow/.local/lib/python3.7/site-packages/airflow/example_dags/example_time_delta_sensor_async.py for tasks to queue
[2022-09-21 00:14:41,878] {logging_mixin.py:115} INFO - [2022-09-21 00:14:41,878] {dagbag.py:507} INFO - Filling up the DagBag from /home/airflow/.local/lib/python3.7/site-packages/airflow/example_dags/example_time_delta_sensor_async.py
[2022-09-21 00:14:41,887] {processor.py:651} INFO - DAG(s) dict_keys(['example_time_delta_sensor_async']) retrieved from /home/airflow/.local/lib/python3.7/site-packages/airflow/example_dags/example_time_delta_sensor_async.py
[2022-09-21 00:14:41,961] {logging_mixin.py:115} INFO - [2022-09-21 00:14:41,961] {dag.py:2371} INFO - Sync 1 DAGs
[2022-09-21 00:14:42,005] {logging_mixin.py:115} INFO - [2022-09-21 00:14:42,005] {dag.py:2919} INFO - Setting next_dagrun for example_time_delta_sensor_async to None, run_after=None
[2022-09-21 00:14:42,038] {processor.py:161} INFO - Processing /home/airflow/.local/lib/python3.7/site-packages/airflow/example_dags/example_time_delta_sensor_async.py took 0.186 seconds
[2022-09-21 00:15:12,115] {processor.py:153} INFO - Started process (PID=21299) to work on /home/airflow/.local/lib/python3.7/site-packages/airflow/example_dags/example_time_delta_sensor_async.py
[2022-09-21 00:15:12,116] {processor.py:641} INFO - Processing file /home/airflow/.local/lib/python3.7/site-packages/airflow/example_dags/example_time_delta_sensor_async.py for tasks to queue
[2022-09-21 00:15:12,117] {logging_mixin.py:115} INFO - [2022-09-21 00:15:12,117] {dagbag.py:507} INFO - Filling up the DagBag from /home/airflow/.local/lib/python3.7/site-packages/airflow/example_dags/example_time_delta_sensor_async.py
[2022-09-21 00:15:12,135] {processor.py:651} INFO - DAG(s) dict_keys(['example_time_delta_sensor_async']) retrieved from /home/airflow/.local/lib/python3.7/site-packages/airflow/example_dags/example_time_delta_sensor_async.py
[2022-09-21 00:15:12,227] {logging_mixin.py:115} INFO - [2022-09-21 00:15:12,227] {dag.py:2371} INFO - Sync 1 DAGs
[2022-09-21 00:15:12,266] {logging_mixin.py:115} INFO - [2022-09-21 00:15:12,266] {dag.py:2919} INFO - Setting next_dagrun for example_time_delta_sensor_async to None, run_after=None
[2022-09-21 00:15:12,296] {processor.py:161} INFO - Processing /home/airflow/.local/lib/python3.7/site-packages/airflow/example_dags/example_time_delta_sensor_async.py took 0.186 seconds
[2022-09-21 00:15:42,637] {processor.py:153} INFO - Started process (PID=21350) to work on /home/airflow/.local/lib/python3.7/site-packages/airflow/example_dags/example_time_delta_sensor_async.py
[2022-09-21 00:15:42,658] {processor.py:641} INFO - Processing file /home/airflow/.local/lib/python3.7/site-packages/airflow/example_dags/example_time_delta_sensor_async.py for tasks to queue
[2022-09-21 00:15:42,659] {logging_mixin.py:115} INFO - [2022-09-21 00:15:42,658] {dagbag.py:507} INFO - Filling up the DagBag from /home/airflow/.local/lib/python3.7/site-packages/airflow/example_dags/example_time_delta_sensor_async.py
[2022-09-21 00:15:42,667] {processor.py:651} INFO - DAG(s) dict_keys(['example_time_delta_sensor_async']) retrieved from /home/airflow/.local/lib/python3.7/site-packages/airflow/example_dags/example_time_delta_sensor_async.py
[2022-09-21 00:15:42,740] {logging_mixin.py:115} INFO - [2022-09-21 00:15:42,740] {dag.py:2371} INFO - Sync 1 DAGs
[2022-09-21 00:15:42,786] {logging_mixin.py:115} INFO - [2022-09-21 00:15:42,785] {dag.py:2919} INFO - Setting next_dagrun for example_time_delta_sensor_async to None, run_after=None
[2022-09-21 00:15:42,820] {processor.py:161} INFO - Processing /home/airflow/.local/lib/python3.7/site-packages/airflow/example_dags/example_time_delta_sensor_async.py took 0.188 seconds
[2022-09-21 00:16:13,314] {processor.py:153} INFO - Started process (PID=21410) to work on /home/airflow/.local/lib/python3.7/site-packages/airflow/example_dags/example_time_delta_sensor_async.py
[2022-09-21 00:16:13,341] {processor.py:641} INFO - Processing file /home/airflow/.local/lib/python3.7/site-packages/airflow/example_dags/example_time_delta_sensor_async.py for tasks to queue
[2022-09-21 00:16:13,342] {logging_mixin.py:115} INFO - [2022-09-21 00:16:13,342] {dagbag.py:507} INFO - Filling up the DagBag from /home/airflow/.local/lib/python3.7/site-packages/airflow/example_dags/example_time_delta_sensor_async.py
[2022-09-21 00:16:13,347] {processor.py:651} INFO - DAG(s) dict_keys(['example_time_delta_sensor_async']) retrieved from /home/airflow/.local/lib/python3.7/site-packages/airflow/example_dags/example_time_delta_sensor_async.py
[2022-09-21 00:16:13,415] {logging_mixin.py:115} INFO - [2022-09-21 00:16:13,415] {dag.py:2371} INFO - Sync 1 DAGs
[2022-09-21 00:16:13,452] {logging_mixin.py:115} INFO - [2022-09-21 00:16:13,452] {dag.py:2919} INFO - Setting next_dagrun for example_time_delta_sensor_async to None, run_after=None
[2022-09-21 00:16:13,486] {processor.py:161} INFO - Processing /home/airflow/.local/lib/python3.7/site-packages/airflow/example_dags/example_time_delta_sensor_async.py took 0.176 seconds
[2022-09-21 00:16:43,663] {processor.py:153} INFO - Started process (PID=21465) to work on /home/airflow/.local/lib/python3.7/site-packages/airflow/example_dags/example_time_delta_sensor_async.py
[2022-09-21 00:16:43,664] {processor.py:641} INFO - Processing file /home/airflow/.local/lib/python3.7/site-packages/airflow/example_dags/example_time_delta_sensor_async.py for tasks to queue
[2022-09-21 00:16:43,665] {logging_mixin.py:115} INFO - [2022-09-21 00:16:43,665] {dagbag.py:507} INFO - Filling up the DagBag from /home/airflow/.local/lib/python3.7/site-packages/airflow/example_dags/example_time_delta_sensor_async.py
[2022-09-21 00:16:43,673] {processor.py:651} INFO - DAG(s) dict_keys(['example_time_delta_sensor_async']) retrieved from /home/airflow/.local/lib/python3.7/site-packages/airflow/example_dags/example_time_delta_sensor_async.py
[2022-09-21 00:16:43,747] {logging_mixin.py:115} INFO - [2022-09-21 00:16:43,747] {dag.py:2371} INFO - Sync 1 DAGs
[2022-09-21 00:16:43,792] {logging_mixin.py:115} INFO - [2022-09-21 00:16:43,792] {dag.py:2919} INFO - Setting next_dagrun for example_time_delta_sensor_async to None, run_after=None
[2022-09-21 00:16:43,867] {processor.py:161} INFO - Processing /home/airflow/.local/lib/python3.7/site-packages/airflow/example_dags/example_time_delta_sensor_async.py took 0.209 seconds
[2022-09-21 00:17:14,268] {processor.py:153} INFO - Started process (PID=21526) to work on /home/airflow/.local/lib/python3.7/site-packages/airflow/example_dags/example_time_delta_sensor_async.py
[2022-09-21 00:17:14,310] {processor.py:641} INFO - Processing file /home/airflow/.local/lib/python3.7/site-packages/airflow/example_dags/example_time_delta_sensor_async.py for tasks to queue
[2022-09-21 00:17:14,311] {logging_mixin.py:115} INFO - [2022-09-21 00:17:14,311] {dagbag.py:507} INFO - Filling up the DagBag from /home/airflow/.local/lib/python3.7/site-packages/airflow/example_dags/example_time_delta_sensor_async.py
[2022-09-21 00:17:14,317] {processor.py:651} INFO - DAG(s) dict_keys(['example_time_delta_sensor_async']) retrieved from /home/airflow/.local/lib/python3.7/site-packages/airflow/example_dags/example_time_delta_sensor_async.py
[2022-09-21 00:17:14,370] {logging_mixin.py:115} INFO - [2022-09-21 00:17:14,369] {dag.py:2371} INFO - Sync 1 DAGs
[2022-09-21 00:17:14,407] {logging_mixin.py:115} INFO - [2022-09-21 00:17:14,407] {dag.py:2919} INFO - Setting next_dagrun for example_time_delta_sensor_async to None, run_after=None
[2022-09-21 00:17:14,456] {processor.py:161} INFO - Processing /home/airflow/.local/lib/python3.7/site-packages/airflow/example_dags/example_time_delta_sensor_async.py took 0.193 seconds
[2022-09-21 00:17:44,955] {processor.py:153} INFO - Started process (PID=21578) to work on /home/airflow/.local/lib/python3.7/site-packages/airflow/example_dags/example_time_delta_sensor_async.py
[2022-09-21 00:17:44,999] {processor.py:641} INFO - Processing file /home/airflow/.local/lib/python3.7/site-packages/airflow/example_dags/example_time_delta_sensor_async.py for tasks to queue
[2022-09-21 00:17:45,000] {logging_mixin.py:115} INFO - [2022-09-21 00:17:45,000] {dagbag.py:507} INFO - Filling up the DagBag from /home/airflow/.local/lib/python3.7/site-packages/airflow/example_dags/example_time_delta_sensor_async.py
[2022-09-21 00:17:45,008] {processor.py:651} INFO - DAG(s) dict_keys(['example_time_delta_sensor_async']) retrieved from /home/airflow/.local/lib/python3.7/site-packages/airflow/example_dags/example_time_delta_sensor_async.py
[2022-09-21 00:17:45,099] {logging_mixin.py:115} INFO - [2022-09-21 00:17:45,099] {dag.py:2371} INFO - Sync 1 DAGs
[2022-09-21 00:17:45,139] {logging_mixin.py:115} INFO - [2022-09-21 00:17:45,139] {dag.py:2919} INFO - Setting next_dagrun for example_time_delta_sensor_async to None, run_after=None
[2022-09-21 00:17:45,193] {processor.py:161} INFO - Processing /home/airflow/.local/lib/python3.7/site-packages/airflow/example_dags/example_time_delta_sensor_async.py took 0.244 seconds
[2022-09-21 00:18:15,864] {processor.py:153} INFO - Started process (PID=21630) to work on /home/airflow/.local/lib/python3.7/site-packages/airflow/example_dags/example_time_delta_sensor_async.py
[2022-09-21 00:18:15,890] {processor.py:641} INFO - Processing file /home/airflow/.local/lib/python3.7/site-packages/airflow/example_dags/example_time_delta_sensor_async.py for tasks to queue
[2022-09-21 00:18:15,892] {logging_mixin.py:115} INFO - [2022-09-21 00:18:15,892] {dagbag.py:507} INFO - Filling up the DagBag from /home/airflow/.local/lib/python3.7/site-packages/airflow/example_dags/example_time_delta_sensor_async.py
[2022-09-21 00:18:15,909] {processor.py:651} INFO - DAG(s) dict_keys(['example_time_delta_sensor_async']) retrieved from /home/airflow/.local/lib/python3.7/site-packages/airflow/example_dags/example_time_delta_sensor_async.py
[2022-09-21 00:18:15,973] {logging_mixin.py:115} INFO - [2022-09-21 00:18:15,972] {dag.py:2371} INFO - Sync 1 DAGs
[2022-09-21 00:18:16,008] {logging_mixin.py:115} INFO - [2022-09-21 00:18:16,007] {dag.py:2919} INFO - Setting next_dagrun for example_time_delta_sensor_async to None, run_after=None
[2022-09-21 00:18:16,048] {processor.py:161} INFO - Processing /home/airflow/.local/lib/python3.7/site-packages/airflow/example_dags/example_time_delta_sensor_async.py took 0.189 seconds
[2022-09-21 00:18:46,553] {processor.py:153} INFO - Started process (PID=21690) to work on /home/airflow/.local/lib/python3.7/site-packages/airflow/example_dags/example_time_delta_sensor_async.py
[2022-09-21 00:18:46,553] {processor.py:641} INFO - Processing file /home/airflow/.local/lib/python3.7/site-packages/airflow/example_dags/example_time_delta_sensor_async.py for tasks to queue
[2022-09-21 00:18:46,554] {logging_mixin.py:115} INFO - [2022-09-21 00:18:46,554] {dagbag.py:507} INFO - Filling up the DagBag from /home/airflow/.local/lib/python3.7/site-packages/airflow/example_dags/example_time_delta_sensor_async.py
[2022-09-21 00:18:46,567] {processor.py:651} INFO - DAG(s) dict_keys(['example_time_delta_sensor_async']) retrieved from /home/airflow/.local/lib/python3.7/site-packages/airflow/example_dags/example_time_delta_sensor_async.py
[2022-09-21 00:18:46,670] {logging_mixin.py:115} INFO - [2022-09-21 00:18:46,667] {dag.py:2371} INFO - Sync 1 DAGs
[2022-09-21 00:18:46,771] {logging_mixin.py:115} INFO - [2022-09-21 00:18:46,771] {dag.py:2919} INFO - Setting next_dagrun for example_time_delta_sensor_async to None, run_after=None
[2022-09-21 00:18:47,540] {processor.py:161} INFO - Processing /home/airflow/.local/lib/python3.7/site-packages/airflow/example_dags/example_time_delta_sensor_async.py took 0.999 seconds
[2022-09-21 00:19:17,948] {processor.py:153} INFO - Started process (PID=21742) to work on /home/airflow/.local/lib/python3.7/site-packages/airflow/example_dags/example_time_delta_sensor_async.py
[2022-09-21 00:19:18,182] {processor.py:641} INFO - Processing file /home/airflow/.local/lib/python3.7/site-packages/airflow/example_dags/example_time_delta_sensor_async.py for tasks to queue
[2022-09-21 00:19:18,183] {logging_mixin.py:115} INFO - [2022-09-21 00:19:18,182] {dagbag.py:507} INFO - Filling up the DagBag from /home/airflow/.local/lib/python3.7/site-packages/airflow/example_dags/example_time_delta_sensor_async.py
[2022-09-21 00:19:18,204] {processor.py:651} INFO - DAG(s) dict_keys(['example_time_delta_sensor_async']) retrieved from /home/airflow/.local/lib/python3.7/site-packages/airflow/example_dags/example_time_delta_sensor_async.py
[2022-09-21 00:19:18,328] {logging_mixin.py:115} INFO - [2022-09-21 00:19:18,328] {dag.py:2371} INFO - Sync 1 DAGs
[2022-09-21 00:19:18,371] {logging_mixin.py:115} INFO - [2022-09-21 00:19:18,371] {dag.py:2919} INFO - Setting next_dagrun for example_time_delta_sensor_async to None, run_after=None
[2022-09-21 00:19:18,447] {processor.py:161} INFO - Processing /home/airflow/.local/lib/python3.7/site-packages/airflow/example_dags/example_time_delta_sensor_async.py took 0.513 seconds
[2022-09-21 00:19:49,316] {processor.py:153} INFO - Started process (PID=21803) to work on /home/airflow/.local/lib/python3.7/site-packages/airflow/example_dags/example_time_delta_sensor_async.py
[2022-09-21 00:19:49,338] {processor.py:641} INFO - Processing file /home/airflow/.local/lib/python3.7/site-packages/airflow/example_dags/example_time_delta_sensor_async.py for tasks to queue
[2022-09-21 00:19:49,339] {logging_mixin.py:115} INFO - [2022-09-21 00:19:49,339] {dagbag.py:507} INFO - Filling up the DagBag from /home/airflow/.local/lib/python3.7/site-packages/airflow/example_dags/example_time_delta_sensor_async.py
[2022-09-21 00:19:49,361] {processor.py:651} INFO - DAG(s) dict_keys(['example_time_delta_sensor_async']) retrieved from /home/airflow/.local/lib/python3.7/site-packages/airflow/example_dags/example_time_delta_sensor_async.py
[2022-09-21 00:19:49,444] {logging_mixin.py:115} INFO - [2022-09-21 00:19:49,444] {dag.py:2371} INFO - Sync 1 DAGs
[2022-09-21 00:19:49,475] {logging_mixin.py:115} INFO - [2022-09-21 00:19:49,474] {dag.py:2919} INFO - Setting next_dagrun for example_time_delta_sensor_async to None, run_after=None
[2022-09-21 00:19:49,511] {processor.py:161} INFO - Processing /home/airflow/.local/lib/python3.7/site-packages/airflow/example_dags/example_time_delta_sensor_async.py took 0.214 seconds
[2022-09-21 00:20:19,756] {processor.py:153} INFO - Started process (PID=21855) to work on /home/airflow/.local/lib/python3.7/site-packages/airflow/example_dags/example_time_delta_sensor_async.py
[2022-09-21 00:20:19,756] {processor.py:641} INFO - Processing file /home/airflow/.local/lib/python3.7/site-packages/airflow/example_dags/example_time_delta_sensor_async.py for tasks to queue
[2022-09-21 00:20:19,757] {logging_mixin.py:115} INFO - [2022-09-21 00:20:19,757] {dagbag.py:507} INFO - Filling up the DagBag from /home/airflow/.local/lib/python3.7/site-packages/airflow/example_dags/example_time_delta_sensor_async.py
[2022-09-21 00:20:19,766] {processor.py:651} INFO - DAG(s) dict_keys(['example_time_delta_sensor_async']) retrieved from /home/airflow/.local/lib/python3.7/site-packages/airflow/example_dags/example_time_delta_sensor_async.py
[2022-09-21 00:20:19,863] {logging_mixin.py:115} INFO - [2022-09-21 00:20:19,863] {dag.py:2371} INFO - Sync 1 DAGs
[2022-09-21 00:20:19,915] {logging_mixin.py:115} INFO - [2022-09-21 00:20:19,915] {dag.py:2919} INFO - Setting next_dagrun for example_time_delta_sensor_async to None, run_after=None
[2022-09-21 00:20:19,948] {processor.py:161} INFO - Processing /home/airflow/.local/lib/python3.7/site-packages/airflow/example_dags/example_time_delta_sensor_async.py took 0.196 seconds
[2022-09-21 00:20:50,274] {processor.py:153} INFO - Started process (PID=21915) to work on /home/airflow/.local/lib/python3.7/site-packages/airflow/example_dags/example_time_delta_sensor_async.py
[2022-09-21 00:20:50,320] {processor.py:641} INFO - Processing file /home/airflow/.local/lib/python3.7/site-packages/airflow/example_dags/example_time_delta_sensor_async.py for tasks to queue
[2022-09-21 00:20:50,321] {logging_mixin.py:115} INFO - [2022-09-21 00:20:50,321] {dagbag.py:507} INFO - Filling up the DagBag from /home/airflow/.local/lib/python3.7/site-packages/airflow/example_dags/example_time_delta_sensor_async.py
[2022-09-21 00:20:50,327] {processor.py:651} INFO - DAG(s) dict_keys(['example_time_delta_sensor_async']) retrieved from /home/airflow/.local/lib/python3.7/site-packages/airflow/example_dags/example_time_delta_sensor_async.py
[2022-09-21 00:20:50,388] {logging_mixin.py:115} INFO - [2022-09-21 00:20:50,388] {dag.py:2371} INFO - Sync 1 DAGs
[2022-09-21 00:20:50,429] {logging_mixin.py:115} INFO - [2022-09-21 00:20:50,429] {dag.py:2919} INFO - Setting next_dagrun for example_time_delta_sensor_async to None, run_after=None
[2022-09-21 00:20:50,471] {processor.py:161} INFO - Processing /home/airflow/.local/lib/python3.7/site-packages/airflow/example_dags/example_time_delta_sensor_async.py took 0.204 seconds
[2022-09-21 00:21:20,927] {processor.py:153} INFO - Started process (PID=21967) to work on /home/airflow/.local/lib/python3.7/site-packages/airflow/example_dags/example_time_delta_sensor_async.py
[2022-09-21 00:21:20,928] {processor.py:641} INFO - Processing file /home/airflow/.local/lib/python3.7/site-packages/airflow/example_dags/example_time_delta_sensor_async.py for tasks to queue
[2022-09-21 00:21:20,929] {logging_mixin.py:115} INFO - [2022-09-21 00:21:20,929] {dagbag.py:507} INFO - Filling up the DagBag from /home/airflow/.local/lib/python3.7/site-packages/airflow/example_dags/example_time_delta_sensor_async.py
[2022-09-21 00:21:20,937] {processor.py:651} INFO - DAG(s) dict_keys(['example_time_delta_sensor_async']) retrieved from /home/airflow/.local/lib/python3.7/site-packages/airflow/example_dags/example_time_delta_sensor_async.py
[2022-09-21 00:21:21,014] {logging_mixin.py:115} INFO - [2022-09-21 00:21:21,014] {dag.py:2371} INFO - Sync 1 DAGs
[2022-09-21 00:21:21,051] {logging_mixin.py:115} INFO - [2022-09-21 00:21:21,050] {dag.py:2919} INFO - Setting next_dagrun for example_time_delta_sensor_async to None, run_after=None
[2022-09-21 00:21:21,071] {processor.py:161} INFO - Processing /home/airflow/.local/lib/python3.7/site-packages/airflow/example_dags/example_time_delta_sensor_async.py took 0.150 seconds
[2022-09-21 00:21:51,498] {processor.py:153} INFO - Started process (PID=22019) to work on /home/airflow/.local/lib/python3.7/site-packages/airflow/example_dags/example_time_delta_sensor_async.py
[2022-09-21 00:21:51,687] {processor.py:641} INFO - Processing file /home/airflow/.local/lib/python3.7/site-packages/airflow/example_dags/example_time_delta_sensor_async.py for tasks to queue
[2022-09-21 00:21:51,688] {logging_mixin.py:115} INFO - [2022-09-21 00:21:51,688] {dagbag.py:507} INFO - Filling up the DagBag from /home/airflow/.local/lib/python3.7/site-packages/airflow/example_dags/example_time_delta_sensor_async.py
[2022-09-21 00:21:51,695] {processor.py:651} INFO - DAG(s) dict_keys(['example_time_delta_sensor_async']) retrieved from /home/airflow/.local/lib/python3.7/site-packages/airflow/example_dags/example_time_delta_sensor_async.py
[2022-09-21 00:21:51,764] {logging_mixin.py:115} INFO - [2022-09-21 00:21:51,764] {dag.py:2371} INFO - Sync 1 DAGs
[2022-09-21 00:21:51,805] {logging_mixin.py:115} INFO - [2022-09-21 00:21:51,805] {dag.py:2919} INFO - Setting next_dagrun for example_time_delta_sensor_async to None, run_after=None
[2022-09-21 00:21:51,966] {processor.py:161} INFO - Processing /home/airflow/.local/lib/python3.7/site-packages/airflow/example_dags/example_time_delta_sensor_async.py took 0.495 seconds
[2022-09-21 00:22:22,677] {processor.py:153} INFO - Started process (PID=22080) to work on /home/airflow/.local/lib/python3.7/site-packages/airflow/example_dags/example_time_delta_sensor_async.py
[2022-09-21 00:22:22,714] {processor.py:641} INFO - Processing file /home/airflow/.local/lib/python3.7/site-packages/airflow/example_dags/example_time_delta_sensor_async.py for tasks to queue
[2022-09-21 00:22:22,715] {logging_mixin.py:115} INFO - [2022-09-21 00:22:22,715] {dagbag.py:507} INFO - Filling up the DagBag from /home/airflow/.local/lib/python3.7/site-packages/airflow/example_dags/example_time_delta_sensor_async.py
[2022-09-21 00:22:22,723] {processor.py:651} INFO - DAG(s) dict_keys(['example_time_delta_sensor_async']) retrieved from /home/airflow/.local/lib/python3.7/site-packages/airflow/example_dags/example_time_delta_sensor_async.py
[2022-09-21 00:22:22,794] {logging_mixin.py:115} INFO - [2022-09-21 00:22:22,794] {dag.py:2371} INFO - Sync 1 DAGs
[2022-09-21 00:22:22,832] {logging_mixin.py:115} INFO - [2022-09-21 00:22:22,832] {dag.py:2919} INFO - Setting next_dagrun for example_time_delta_sensor_async to None, run_after=None
[2022-09-21 00:22:22,864] {processor.py:161} INFO - Processing /home/airflow/.local/lib/python3.7/site-packages/airflow/example_dags/example_time_delta_sensor_async.py took 0.191 seconds
[2022-09-21 00:22:52,986] {processor.py:153} INFO - Started process (PID=22131) to work on /home/airflow/.local/lib/python3.7/site-packages/airflow/example_dags/example_time_delta_sensor_async.py
[2022-09-21 00:22:52,987] {processor.py:641} INFO - Processing file /home/airflow/.local/lib/python3.7/site-packages/airflow/example_dags/example_time_delta_sensor_async.py for tasks to queue
[2022-09-21 00:22:52,989] {logging_mixin.py:115} INFO - [2022-09-21 00:22:52,989] {dagbag.py:507} INFO - Filling up the DagBag from /home/airflow/.local/lib/python3.7/site-packages/airflow/example_dags/example_time_delta_sensor_async.py
[2022-09-21 00:22:53,006] {processor.py:651} INFO - DAG(s) dict_keys(['example_time_delta_sensor_async']) retrieved from /home/airflow/.local/lib/python3.7/site-packages/airflow/example_dags/example_time_delta_sensor_async.py
[2022-09-21 00:22:53,081] {logging_mixin.py:115} INFO - [2022-09-21 00:22:53,081] {dag.py:2371} INFO - Sync 1 DAGs
[2022-09-21 00:22:53,107] {logging_mixin.py:115} INFO - [2022-09-21 00:22:53,107] {dag.py:2919} INFO - Setting next_dagrun for example_time_delta_sensor_async to None, run_after=None
[2022-09-21 00:22:53,142] {processor.py:161} INFO - Processing /home/airflow/.local/lib/python3.7/site-packages/airflow/example_dags/example_time_delta_sensor_async.py took 0.169 seconds
[2022-09-21 00:23:23,781] {processor.py:153} INFO - Started process (PID=22192) to work on /home/airflow/.local/lib/python3.7/site-packages/airflow/example_dags/example_time_delta_sensor_async.py
[2022-09-21 00:23:23,806] {processor.py:641} INFO - Processing file /home/airflow/.local/lib/python3.7/site-packages/airflow/example_dags/example_time_delta_sensor_async.py for tasks to queue
[2022-09-21 00:23:23,807] {logging_mixin.py:115} INFO - [2022-09-21 00:23:23,807] {dagbag.py:507} INFO - Filling up the DagBag from /home/airflow/.local/lib/python3.7/site-packages/airflow/example_dags/example_time_delta_sensor_async.py
[2022-09-21 00:23:23,816] {processor.py:651} INFO - DAG(s) dict_keys(['example_time_delta_sensor_async']) retrieved from /home/airflow/.local/lib/python3.7/site-packages/airflow/example_dags/example_time_delta_sensor_async.py
[2022-09-21 00:23:23,930] {logging_mixin.py:115} INFO - [2022-09-21 00:23:23,930] {dag.py:2371} INFO - Sync 1 DAGs
[2022-09-21 00:23:23,974] {logging_mixin.py:115} INFO - [2022-09-21 00:23:23,974] {dag.py:2919} INFO - Setting next_dagrun for example_time_delta_sensor_async to None, run_after=None
[2022-09-21 00:23:24,037] {processor.py:161} INFO - Processing /home/airflow/.local/lib/python3.7/site-packages/airflow/example_dags/example_time_delta_sensor_async.py took 0.263 seconds
[2022-09-21 00:23:54,471] {processor.py:153} INFO - Started process (PID=22244) to work on /home/airflow/.local/lib/python3.7/site-packages/airflow/example_dags/example_time_delta_sensor_async.py
[2022-09-21 00:23:54,519] {processor.py:641} INFO - Processing file /home/airflow/.local/lib/python3.7/site-packages/airflow/example_dags/example_time_delta_sensor_async.py for tasks to queue
[2022-09-21 00:23:54,520] {logging_mixin.py:115} INFO - [2022-09-21 00:23:54,520] {dagbag.py:507} INFO - Filling up the DagBag from /home/airflow/.local/lib/python3.7/site-packages/airflow/example_dags/example_time_delta_sensor_async.py
[2022-09-21 00:23:54,531] {processor.py:651} INFO - DAG(s) dict_keys(['example_time_delta_sensor_async']) retrieved from /home/airflow/.local/lib/python3.7/site-packages/airflow/example_dags/example_time_delta_sensor_async.py
[2022-09-21 00:23:54,603] {logging_mixin.py:115} INFO - [2022-09-21 00:23:54,603] {dag.py:2371} INFO - Sync 1 DAGs
[2022-09-21 00:23:54,652] {logging_mixin.py:115} INFO - [2022-09-21 00:23:54,651] {dag.py:2919} INFO - Setting next_dagrun for example_time_delta_sensor_async to None, run_after=None
[2022-09-21 00:23:54,681] {processor.py:161} INFO - Processing /home/airflow/.local/lib/python3.7/site-packages/airflow/example_dags/example_time_delta_sensor_async.py took 0.219 seconds
[2022-09-21 00:24:25,304] {processor.py:153} INFO - Started process (PID=22303) to work on /home/airflow/.local/lib/python3.7/site-packages/airflow/example_dags/example_time_delta_sensor_async.py
[2022-09-21 00:24:25,305] {processor.py:641} INFO - Processing file /home/airflow/.local/lib/python3.7/site-packages/airflow/example_dags/example_time_delta_sensor_async.py for tasks to queue
[2022-09-21 00:24:25,306] {logging_mixin.py:115} INFO - [2022-09-21 00:24:25,306] {dagbag.py:507} INFO - Filling up the DagBag from /home/airflow/.local/lib/python3.7/site-packages/airflow/example_dags/example_time_delta_sensor_async.py
[2022-09-21 00:24:25,315] {processor.py:651} INFO - DAG(s) dict_keys(['example_time_delta_sensor_async']) retrieved from /home/airflow/.local/lib/python3.7/site-packages/airflow/example_dags/example_time_delta_sensor_async.py
[2022-09-21 00:24:25,388] {logging_mixin.py:115} INFO - [2022-09-21 00:24:25,388] {dag.py:2371} INFO - Sync 1 DAGs
[2022-09-21 00:24:25,425] {logging_mixin.py:115} INFO - [2022-09-21 00:24:25,425] {dag.py:2919} INFO - Setting next_dagrun for example_time_delta_sensor_async to None, run_after=None
[2022-09-21 00:24:25,448] {processor.py:161} INFO - Processing /home/airflow/.local/lib/python3.7/site-packages/airflow/example_dags/example_time_delta_sensor_async.py took 0.148 seconds
[2022-09-21 00:24:56,045] {processor.py:153} INFO - Started process (PID=22355) to work on /home/airflow/.local/lib/python3.7/site-packages/airflow/example_dags/example_time_delta_sensor_async.py
[2022-09-21 00:24:56,047] {processor.py:641} INFO - Processing file /home/airflow/.local/lib/python3.7/site-packages/airflow/example_dags/example_time_delta_sensor_async.py for tasks to queue
[2022-09-21 00:24:56,049] {logging_mixin.py:115} INFO - [2022-09-21 00:24:56,049] {dagbag.py:507} INFO - Filling up the DagBag from /home/airflow/.local/lib/python3.7/site-packages/airflow/example_dags/example_time_delta_sensor_async.py
[2022-09-21 00:24:56,065] {processor.py:651} INFO - DAG(s) dict_keys(['example_time_delta_sensor_async']) retrieved from /home/airflow/.local/lib/python3.7/site-packages/airflow/example_dags/example_time_delta_sensor_async.py
[2022-09-21 00:24:56,125] {logging_mixin.py:115} INFO - [2022-09-21 00:24:56,124] {dag.py:2371} INFO - Sync 1 DAGs
[2022-09-21 00:24:56,170] {logging_mixin.py:115} INFO - [2022-09-21 00:24:56,170] {dag.py:2919} INFO - Setting next_dagrun for example_time_delta_sensor_async to None, run_after=None
[2022-09-21 00:24:56,437] {processor.py:161} INFO - Processing /home/airflow/.local/lib/python3.7/site-packages/airflow/example_dags/example_time_delta_sensor_async.py took 0.404 seconds
[2022-09-21 00:25:26,510] {processor.py:153} INFO - Started process (PID=22415) to work on /home/airflow/.local/lib/python3.7/site-packages/airflow/example_dags/example_time_delta_sensor_async.py
[2022-09-21 00:25:26,527] {processor.py:641} INFO - Processing file /home/airflow/.local/lib/python3.7/site-packages/airflow/example_dags/example_time_delta_sensor_async.py for tasks to queue
[2022-09-21 00:25:26,528] {logging_mixin.py:115} INFO - [2022-09-21 00:25:26,528] {dagbag.py:507} INFO - Filling up the DagBag from /home/airflow/.local/lib/python3.7/site-packages/airflow/example_dags/example_time_delta_sensor_async.py
[2022-09-21 00:25:26,536] {processor.py:651} INFO - DAG(s) dict_keys(['example_time_delta_sensor_async']) retrieved from /home/airflow/.local/lib/python3.7/site-packages/airflow/example_dags/example_time_delta_sensor_async.py
[2022-09-21 00:25:26,614] {logging_mixin.py:115} INFO - [2022-09-21 00:25:26,614] {dag.py:2371} INFO - Sync 1 DAGs
[2022-09-21 00:25:26,663] {logging_mixin.py:115} INFO - [2022-09-21 00:25:26,663] {dag.py:2919} INFO - Setting next_dagrun for example_time_delta_sensor_async to None, run_after=None
[2022-09-21 00:25:26,703] {processor.py:161} INFO - Processing /home/airflow/.local/lib/python3.7/site-packages/airflow/example_dags/example_time_delta_sensor_async.py took 0.198 seconds
[2022-09-21 00:25:57,365] {processor.py:153} INFO - Started process (PID=22468) to work on /home/airflow/.local/lib/python3.7/site-packages/airflow/example_dags/example_time_delta_sensor_async.py
[2022-09-21 00:25:57,386] {processor.py:641} INFO - Processing file /home/airflow/.local/lib/python3.7/site-packages/airflow/example_dags/example_time_delta_sensor_async.py for tasks to queue
[2022-09-21 00:25:57,387] {logging_mixin.py:115} INFO - [2022-09-21 00:25:57,387] {dagbag.py:507} INFO - Filling up the DagBag from /home/airflow/.local/lib/python3.7/site-packages/airflow/example_dags/example_time_delta_sensor_async.py
[2022-09-21 00:25:57,394] {processor.py:651} INFO - DAG(s) dict_keys(['example_time_delta_sensor_async']) retrieved from /home/airflow/.local/lib/python3.7/site-packages/airflow/example_dags/example_time_delta_sensor_async.py
[2022-09-21 00:25:57,456] {logging_mixin.py:115} INFO - [2022-09-21 00:25:57,456] {dag.py:2371} INFO - Sync 1 DAGs
[2022-09-21 00:25:57,499] {logging_mixin.py:115} INFO - [2022-09-21 00:25:57,498] {dag.py:2919} INFO - Setting next_dagrun for example_time_delta_sensor_async to None, run_after=None
[2022-09-21 00:25:57,561] {processor.py:161} INFO - Processing /home/airflow/.local/lib/python3.7/site-packages/airflow/example_dags/example_time_delta_sensor_async.py took 0.220 seconds
[2022-09-21 00:26:27,717] {processor.py:153} INFO - Started process (PID=22519) to work on /home/airflow/.local/lib/python3.7/site-packages/airflow/example_dags/example_time_delta_sensor_async.py
[2022-09-21 00:26:27,719] {processor.py:641} INFO - Processing file /home/airflow/.local/lib/python3.7/site-packages/airflow/example_dags/example_time_delta_sensor_async.py for tasks to queue
[2022-09-21 00:26:27,720] {logging_mixin.py:115} INFO - [2022-09-21 00:26:27,720] {dagbag.py:507} INFO - Filling up the DagBag from /home/airflow/.local/lib/python3.7/site-packages/airflow/example_dags/example_time_delta_sensor_async.py
[2022-09-21 00:26:27,735] {processor.py:651} INFO - DAG(s) dict_keys(['example_time_delta_sensor_async']) retrieved from /home/airflow/.local/lib/python3.7/site-packages/airflow/example_dags/example_time_delta_sensor_async.py
[2022-09-21 00:26:27,811] {logging_mixin.py:115} INFO - [2022-09-21 00:26:27,811] {dag.py:2371} INFO - Sync 1 DAGs
[2022-09-21 00:26:27,852] {logging_mixin.py:115} INFO - [2022-09-21 00:26:27,852] {dag.py:2919} INFO - Setting next_dagrun for example_time_delta_sensor_async to None, run_after=None
[2022-09-21 00:26:27,887] {processor.py:161} INFO - Processing /home/airflow/.local/lib/python3.7/site-packages/airflow/example_dags/example_time_delta_sensor_async.py took 0.185 seconds
[2022-09-21 00:26:58,641] {processor.py:153} INFO - Started process (PID=22580) to work on /home/airflow/.local/lib/python3.7/site-packages/airflow/example_dags/example_time_delta_sensor_async.py
[2022-09-21 00:26:58,648] {processor.py:641} INFO - Processing file /home/airflow/.local/lib/python3.7/site-packages/airflow/example_dags/example_time_delta_sensor_async.py for tasks to queue
[2022-09-21 00:26:58,649] {logging_mixin.py:115} INFO - [2022-09-21 00:26:58,648] {dagbag.py:507} INFO - Filling up the DagBag from /home/airflow/.local/lib/python3.7/site-packages/airflow/example_dags/example_time_delta_sensor_async.py
[2022-09-21 00:26:58,658] {processor.py:651} INFO - DAG(s) dict_keys(['example_time_delta_sensor_async']) retrieved from /home/airflow/.local/lib/python3.7/site-packages/airflow/example_dags/example_time_delta_sensor_async.py
[2022-09-21 00:26:58,733] {logging_mixin.py:115} INFO - [2022-09-21 00:26:58,733] {dag.py:2371} INFO - Sync 1 DAGs
[2022-09-21 00:26:58,772] {logging_mixin.py:115} INFO - [2022-09-21 00:26:58,772] {dag.py:2919} INFO - Setting next_dagrun for example_time_delta_sensor_async to None, run_after=None
[2022-09-21 00:26:58,812] {processor.py:161} INFO - Processing /home/airflow/.local/lib/python3.7/site-packages/airflow/example_dags/example_time_delta_sensor_async.py took 0.180 seconds
[2022-09-21 00:27:29,183] {processor.py:153} INFO - Started process (PID=22632) to work on /home/airflow/.local/lib/python3.7/site-packages/airflow/example_dags/example_time_delta_sensor_async.py
[2022-09-21 00:27:29,184] {processor.py:641} INFO - Processing file /home/airflow/.local/lib/python3.7/site-packages/airflow/example_dags/example_time_delta_sensor_async.py for tasks to queue
[2022-09-21 00:27:29,185] {logging_mixin.py:115} INFO - [2022-09-21 00:27:29,185] {dagbag.py:507} INFO - Filling up the DagBag from /home/airflow/.local/lib/python3.7/site-packages/airflow/example_dags/example_time_delta_sensor_async.py
[2022-09-21 00:27:29,193] {processor.py:651} INFO - DAG(s) dict_keys(['example_time_delta_sensor_async']) retrieved from /home/airflow/.local/lib/python3.7/site-packages/airflow/example_dags/example_time_delta_sensor_async.py
[2022-09-21 00:27:29,242] {logging_mixin.py:115} INFO - [2022-09-21 00:27:29,242] {dag.py:2371} INFO - Sync 1 DAGs
[2022-09-21 00:27:29,269] {logging_mixin.py:115} INFO - [2022-09-21 00:27:29,268] {dag.py:2919} INFO - Setting next_dagrun for example_time_delta_sensor_async to None, run_after=None
[2022-09-21 00:27:29,293] {processor.py:161} INFO - Processing /home/airflow/.local/lib/python3.7/site-packages/airflow/example_dags/example_time_delta_sensor_async.py took 0.117 seconds
[2022-09-21 00:27:59,429] {processor.py:153} INFO - Started process (PID=22684) to work on /home/airflow/.local/lib/python3.7/site-packages/airflow/example_dags/example_time_delta_sensor_async.py
[2022-09-21 00:27:59,429] {processor.py:641} INFO - Processing file /home/airflow/.local/lib/python3.7/site-packages/airflow/example_dags/example_time_delta_sensor_async.py for tasks to queue
[2022-09-21 00:27:59,431] {logging_mixin.py:115} INFO - [2022-09-21 00:27:59,430] {dagbag.py:507} INFO - Filling up the DagBag from /home/airflow/.local/lib/python3.7/site-packages/airflow/example_dags/example_time_delta_sensor_async.py
[2022-09-21 00:27:59,438] {processor.py:651} INFO - DAG(s) dict_keys(['example_time_delta_sensor_async']) retrieved from /home/airflow/.local/lib/python3.7/site-packages/airflow/example_dags/example_time_delta_sensor_async.py
[2022-09-21 00:27:59,496] {logging_mixin.py:115} INFO - [2022-09-21 00:27:59,496] {dag.py:2371} INFO - Sync 1 DAGs
[2022-09-21 00:27:59,533] {logging_mixin.py:115} INFO - [2022-09-21 00:27:59,533] {dag.py:2919} INFO - Setting next_dagrun for example_time_delta_sensor_async to None, run_after=None
[2022-09-21 00:27:59,573] {processor.py:161} INFO - Processing /home/airflow/.local/lib/python3.7/site-packages/airflow/example_dags/example_time_delta_sensor_async.py took 0.152 seconds
[2022-09-21 00:28:29,787] {processor.py:153} INFO - Started process (PID=22746) to work on /home/airflow/.local/lib/python3.7/site-packages/airflow/example_dags/example_time_delta_sensor_async.py
[2022-09-21 00:28:29,787] {processor.py:641} INFO - Processing file /home/airflow/.local/lib/python3.7/site-packages/airflow/example_dags/example_time_delta_sensor_async.py for tasks to queue
[2022-09-21 00:28:29,788] {logging_mixin.py:115} INFO - [2022-09-21 00:28:29,788] {dagbag.py:507} INFO - Filling up the DagBag from /home/airflow/.local/lib/python3.7/site-packages/airflow/example_dags/example_time_delta_sensor_async.py
[2022-09-21 00:28:29,798] {processor.py:651} INFO - DAG(s) dict_keys(['example_time_delta_sensor_async']) retrieved from /home/airflow/.local/lib/python3.7/site-packages/airflow/example_dags/example_time_delta_sensor_async.py
[2022-09-21 00:28:29,867] {logging_mixin.py:115} INFO - [2022-09-21 00:28:29,867] {dag.py:2371} INFO - Sync 1 DAGs
[2022-09-21 00:28:29,904] {logging_mixin.py:115} INFO - [2022-09-21 00:28:29,904] {dag.py:2919} INFO - Setting next_dagrun for example_time_delta_sensor_async to None, run_after=None
[2022-09-21 00:28:29,966] {processor.py:161} INFO - Processing /home/airflow/.local/lib/python3.7/site-packages/airflow/example_dags/example_time_delta_sensor_async.py took 0.186 seconds
[2022-09-21 00:29:00,044] {processor.py:153} INFO - Started process (PID=22798) to work on /home/airflow/.local/lib/python3.7/site-packages/airflow/example_dags/example_time_delta_sensor_async.py
[2022-09-21 00:29:00,081] {processor.py:641} INFO - Processing file /home/airflow/.local/lib/python3.7/site-packages/airflow/example_dags/example_time_delta_sensor_async.py for tasks to queue
[2022-09-21 00:29:00,082] {logging_mixin.py:115} INFO - [2022-09-21 00:29:00,082] {dagbag.py:507} INFO - Filling up the DagBag from /home/airflow/.local/lib/python3.7/site-packages/airflow/example_dags/example_time_delta_sensor_async.py
[2022-09-21 00:29:00,091] {processor.py:651} INFO - DAG(s) dict_keys(['example_time_delta_sensor_async']) retrieved from /home/airflow/.local/lib/python3.7/site-packages/airflow/example_dags/example_time_delta_sensor_async.py
[2022-09-21 00:29:00,172] {logging_mixin.py:115} INFO - [2022-09-21 00:29:00,172] {dag.py:2371} INFO - Sync 1 DAGs
[2022-09-21 00:29:00,218] {logging_mixin.py:115} INFO - [2022-09-21 00:29:00,218] {dag.py:2919} INFO - Setting next_dagrun for example_time_delta_sensor_async to None, run_after=None
[2022-09-21 00:29:00,329] {processor.py:161} INFO - Processing /home/airflow/.local/lib/python3.7/site-packages/airflow/example_dags/example_time_delta_sensor_async.py took 0.290 seconds
[2022-09-21 00:29:30,619] {processor.py:153} INFO - Started process (PID=22860) to work on /home/airflow/.local/lib/python3.7/site-packages/airflow/example_dags/example_time_delta_sensor_async.py
[2022-09-21 00:29:30,619] {processor.py:641} INFO - Processing file /home/airflow/.local/lib/python3.7/site-packages/airflow/example_dags/example_time_delta_sensor_async.py for tasks to queue
[2022-09-21 00:29:30,620] {logging_mixin.py:115} INFO - [2022-09-21 00:29:30,620] {dagbag.py:507} INFO - Filling up the DagBag from /home/airflow/.local/lib/python3.7/site-packages/airflow/example_dags/example_time_delta_sensor_async.py
[2022-09-21 00:29:30,628] {processor.py:651} INFO - DAG(s) dict_keys(['example_time_delta_sensor_async']) retrieved from /home/airflow/.local/lib/python3.7/site-packages/airflow/example_dags/example_time_delta_sensor_async.py
[2022-09-21 00:29:30,699] {logging_mixin.py:115} INFO - [2022-09-21 00:29:30,699] {dag.py:2371} INFO - Sync 1 DAGs
[2022-09-21 00:29:30,736] {logging_mixin.py:115} INFO - [2022-09-21 00:29:30,735] {dag.py:2919} INFO - Setting next_dagrun for example_time_delta_sensor_async to None, run_after=None
[2022-09-21 00:29:30,840] {processor.py:161} INFO - Processing /home/airflow/.local/lib/python3.7/site-packages/airflow/example_dags/example_time_delta_sensor_async.py took 0.231 seconds
[2022-09-21 00:30:01,223] {processor.py:153} INFO - Started process (PID=22913) to work on /home/airflow/.local/lib/python3.7/site-packages/airflow/example_dags/example_time_delta_sensor_async.py
[2022-09-21 00:30:01,253] {processor.py:641} INFO - Processing file /home/airflow/.local/lib/python3.7/site-packages/airflow/example_dags/example_time_delta_sensor_async.py for tasks to queue
[2022-09-21 00:30:01,253] {logging_mixin.py:115} INFO - [2022-09-21 00:30:01,253] {dagbag.py:507} INFO - Filling up the DagBag from /home/airflow/.local/lib/python3.7/site-packages/airflow/example_dags/example_time_delta_sensor_async.py
[2022-09-21 00:30:01,261] {processor.py:651} INFO - DAG(s) dict_keys(['example_time_delta_sensor_async']) retrieved from /home/airflow/.local/lib/python3.7/site-packages/airflow/example_dags/example_time_delta_sensor_async.py
[2022-09-21 00:30:01,320] {logging_mixin.py:115} INFO - [2022-09-21 00:30:01,320] {dag.py:2371} INFO - Sync 1 DAGs
[2022-09-21 00:30:01,353] {logging_mixin.py:115} INFO - [2022-09-21 00:30:01,353] {dag.py:2919} INFO - Setting next_dagrun for example_time_delta_sensor_async to None, run_after=None
[2022-09-21 00:30:01,375] {processor.py:161} INFO - Processing /home/airflow/.local/lib/python3.7/site-packages/airflow/example_dags/example_time_delta_sensor_async.py took 0.159 seconds
[2022-09-21 00:30:32,231] {processor.py:153} INFO - Started process (PID=22975) to work on /home/airflow/.local/lib/python3.7/site-packages/airflow/example_dags/example_time_delta_sensor_async.py
[2022-09-21 00:30:32,232] {processor.py:641} INFO - Processing file /home/airflow/.local/lib/python3.7/site-packages/airflow/example_dags/example_time_delta_sensor_async.py for tasks to queue
[2022-09-21 00:30:32,233] {logging_mixin.py:115} INFO - [2022-09-21 00:30:32,233] {dagbag.py:507} INFO - Filling up the DagBag from /home/airflow/.local/lib/python3.7/site-packages/airflow/example_dags/example_time_delta_sensor_async.py
[2022-09-21 00:30:32,243] {processor.py:651} INFO - DAG(s) dict_keys(['example_time_delta_sensor_async']) retrieved from /home/airflow/.local/lib/python3.7/site-packages/airflow/example_dags/example_time_delta_sensor_async.py
[2022-09-21 00:30:32,303] {logging_mixin.py:115} INFO - [2022-09-21 00:30:32,303] {dag.py:2371} INFO - Sync 1 DAGs
[2022-09-21 00:30:32,335] {logging_mixin.py:115} INFO - [2022-09-21 00:30:32,335] {dag.py:2919} INFO - Setting next_dagrun for example_time_delta_sensor_async to None, run_after=None
[2022-09-21 00:30:32,367] {processor.py:161} INFO - Processing /home/airflow/.local/lib/python3.7/site-packages/airflow/example_dags/example_time_delta_sensor_async.py took 0.147 seconds
[2022-09-21 00:31:03,102] {processor.py:153} INFO - Started process (PID=23027) to work on /home/airflow/.local/lib/python3.7/site-packages/airflow/example_dags/example_time_delta_sensor_async.py
[2022-09-21 00:31:03,182] {processor.py:641} INFO - Processing file /home/airflow/.local/lib/python3.7/site-packages/airflow/example_dags/example_time_delta_sensor_async.py for tasks to queue
[2022-09-21 00:31:03,183] {logging_mixin.py:115} INFO - [2022-09-21 00:31:03,183] {dagbag.py:507} INFO - Filling up the DagBag from /home/airflow/.local/lib/python3.7/site-packages/airflow/example_dags/example_time_delta_sensor_async.py
[2022-09-21 00:31:03,192] {processor.py:651} INFO - DAG(s) dict_keys(['example_time_delta_sensor_async']) retrieved from /home/airflow/.local/lib/python3.7/site-packages/airflow/example_dags/example_time_delta_sensor_async.py
[2022-09-21 00:31:03,253] {logging_mixin.py:115} INFO - [2022-09-21 00:31:03,253] {dag.py:2371} INFO - Sync 1 DAGs
[2022-09-21 00:31:03,292] {logging_mixin.py:115} INFO - [2022-09-21 00:31:03,292] {dag.py:2919} INFO - Setting next_dagrun for example_time_delta_sensor_async to None, run_after=None
[2022-09-21 00:31:03,371] {processor.py:161} INFO - Processing /home/airflow/.local/lib/python3.7/site-packages/airflow/example_dags/example_time_delta_sensor_async.py took 0.275 seconds
[2022-09-21 00:31:33,546] {processor.py:153} INFO - Started process (PID=23087) to work on /home/airflow/.local/lib/python3.7/site-packages/airflow/example_dags/example_time_delta_sensor_async.py
[2022-09-21 00:31:33,547] {processor.py:641} INFO - Processing file /home/airflow/.local/lib/python3.7/site-packages/airflow/example_dags/example_time_delta_sensor_async.py for tasks to queue
[2022-09-21 00:31:33,547] {logging_mixin.py:115} INFO - [2022-09-21 00:31:33,547] {dagbag.py:507} INFO - Filling up the DagBag from /home/airflow/.local/lib/python3.7/site-packages/airflow/example_dags/example_time_delta_sensor_async.py
[2022-09-21 00:31:33,553] {processor.py:651} INFO - DAG(s) dict_keys(['example_time_delta_sensor_async']) retrieved from /home/airflow/.local/lib/python3.7/site-packages/airflow/example_dags/example_time_delta_sensor_async.py
[2022-09-21 00:31:33,610] {logging_mixin.py:115} INFO - [2022-09-21 00:31:33,610] {dag.py:2371} INFO - Sync 1 DAGs
[2022-09-21 00:31:33,647] {logging_mixin.py:115} INFO - [2022-09-21 00:31:33,647] {dag.py:2919} INFO - Setting next_dagrun for example_time_delta_sensor_async to None, run_after=None
[2022-09-21 00:31:33,673] {processor.py:161} INFO - Processing /home/airflow/.local/lib/python3.7/site-packages/airflow/example_dags/example_time_delta_sensor_async.py took 0.132 seconds
[2022-09-21 00:32:04,241] {processor.py:153} INFO - Started process (PID=23138) to work on /home/airflow/.local/lib/python3.7/site-packages/airflow/example_dags/example_time_delta_sensor_async.py
[2022-09-21 00:32:04,265] {processor.py:641} INFO - Processing file /home/airflow/.local/lib/python3.7/site-packages/airflow/example_dags/example_time_delta_sensor_async.py for tasks to queue
[2022-09-21 00:32:04,265] {logging_mixin.py:115} INFO - [2022-09-21 00:32:04,265] {dagbag.py:507} INFO - Filling up the DagBag from /home/airflow/.local/lib/python3.7/site-packages/airflow/example_dags/example_time_delta_sensor_async.py
[2022-09-21 00:32:04,271] {processor.py:651} INFO - DAG(s) dict_keys(['example_time_delta_sensor_async']) retrieved from /home/airflow/.local/lib/python3.7/site-packages/airflow/example_dags/example_time_delta_sensor_async.py
[2022-09-21 00:32:04,331] {logging_mixin.py:115} INFO - [2022-09-21 00:32:04,331] {dag.py:2371} INFO - Sync 1 DAGs
[2022-09-21 00:32:04,370] {logging_mixin.py:115} INFO - [2022-09-21 00:32:04,370] {dag.py:2919} INFO - Setting next_dagrun for example_time_delta_sensor_async to None, run_after=None
[2022-09-21 00:32:04,397] {processor.py:161} INFO - Processing /home/airflow/.local/lib/python3.7/site-packages/airflow/example_dags/example_time_delta_sensor_async.py took 0.161 seconds
[2022-09-21 00:32:35,157] {processor.py:153} INFO - Started process (PID=23199) to work on /home/airflow/.local/lib/python3.7/site-packages/airflow/example_dags/example_time_delta_sensor_async.py
[2022-09-21 00:32:35,158] {processor.py:641} INFO - Processing file /home/airflow/.local/lib/python3.7/site-packages/airflow/example_dags/example_time_delta_sensor_async.py for tasks to queue
[2022-09-21 00:32:35,159] {logging_mixin.py:115} INFO - [2022-09-21 00:32:35,158] {dagbag.py:507} INFO - Filling up the DagBag from /home/airflow/.local/lib/python3.7/site-packages/airflow/example_dags/example_time_delta_sensor_async.py
[2022-09-21 00:32:35,167] {processor.py:651} INFO - DAG(s) dict_keys(['example_time_delta_sensor_async']) retrieved from /home/airflow/.local/lib/python3.7/site-packages/airflow/example_dags/example_time_delta_sensor_async.py
[2022-09-21 00:32:35,268] {logging_mixin.py:115} INFO - [2022-09-21 00:32:35,268] {dag.py:2371} INFO - Sync 1 DAGs
[2022-09-21 00:32:35,316] {logging_mixin.py:115} INFO - [2022-09-21 00:32:35,315] {dag.py:2919} INFO - Setting next_dagrun for example_time_delta_sensor_async to None, run_after=None
[2022-09-21 00:32:35,359] {processor.py:161} INFO - Processing /home/airflow/.local/lib/python3.7/site-packages/airflow/example_dags/example_time_delta_sensor_async.py took 0.209 seconds
[2022-09-21 00:33:05,996] {processor.py:153} INFO - Started process (PID=23251) to work on /home/airflow/.local/lib/python3.7/site-packages/airflow/example_dags/example_time_delta_sensor_async.py
[2022-09-21 00:33:06,058] {processor.py:641} INFO - Processing file /home/airflow/.local/lib/python3.7/site-packages/airflow/example_dags/example_time_delta_sensor_async.py for tasks to queue
[2022-09-21 00:33:06,059] {logging_mixin.py:115} INFO - [2022-09-21 00:33:06,059] {dagbag.py:507} INFO - Filling up the DagBag from /home/airflow/.local/lib/python3.7/site-packages/airflow/example_dags/example_time_delta_sensor_async.py
[2022-09-21 00:33:06,067] {processor.py:651} INFO - DAG(s) dict_keys(['example_time_delta_sensor_async']) retrieved from /home/airflow/.local/lib/python3.7/site-packages/airflow/example_dags/example_time_delta_sensor_async.py
[2022-09-21 00:33:06,134] {logging_mixin.py:115} INFO - [2022-09-21 00:33:06,134] {dag.py:2371} INFO - Sync 1 DAGs
[2022-09-21 00:33:06,172] {logging_mixin.py:115} INFO - [2022-09-21 00:33:06,172] {dag.py:2919} INFO - Setting next_dagrun for example_time_delta_sensor_async to None, run_after=None
[2022-09-21 00:33:06,192] {processor.py:161} INFO - Processing /home/airflow/.local/lib/python3.7/site-packages/airflow/example_dags/example_time_delta_sensor_async.py took 0.200 seconds
[2022-09-21 00:33:36,601] {processor.py:153} INFO - Started process (PID=23312) to work on /home/airflow/.local/lib/python3.7/site-packages/airflow/example_dags/example_time_delta_sensor_async.py
[2022-09-21 00:33:36,602] {processor.py:641} INFO - Processing file /home/airflow/.local/lib/python3.7/site-packages/airflow/example_dags/example_time_delta_sensor_async.py for tasks to queue
[2022-09-21 00:33:36,603] {logging_mixin.py:115} INFO - [2022-09-21 00:33:36,603] {dagbag.py:507} INFO - Filling up the DagBag from /home/airflow/.local/lib/python3.7/site-packages/airflow/example_dags/example_time_delta_sensor_async.py
[2022-09-21 00:33:36,611] {processor.py:651} INFO - DAG(s) dict_keys(['example_time_delta_sensor_async']) retrieved from /home/airflow/.local/lib/python3.7/site-packages/airflow/example_dags/example_time_delta_sensor_async.py
[2022-09-21 00:33:36,677] {logging_mixin.py:115} INFO - [2022-09-21 00:33:36,677] {dag.py:2371} INFO - Sync 1 DAGs
[2022-09-21 00:33:36,714] {logging_mixin.py:115} INFO - [2022-09-21 00:33:36,714] {dag.py:2919} INFO - Setting next_dagrun for example_time_delta_sensor_async to None, run_after=None
[2022-09-21 00:33:36,762] {processor.py:161} INFO - Processing /home/airflow/.local/lib/python3.7/site-packages/airflow/example_dags/example_time_delta_sensor_async.py took 0.165 seconds
[2022-09-21 00:34:06,861] {processor.py:153} INFO - Started process (PID=23364) to work on /home/airflow/.local/lib/python3.7/site-packages/airflow/example_dags/example_time_delta_sensor_async.py
[2022-09-21 00:34:06,894] {processor.py:641} INFO - Processing file /home/airflow/.local/lib/python3.7/site-packages/airflow/example_dags/example_time_delta_sensor_async.py for tasks to queue
[2022-09-21 00:34:06,895] {logging_mixin.py:115} INFO - [2022-09-21 00:34:06,894] {dagbag.py:507} INFO - Filling up the DagBag from /home/airflow/.local/lib/python3.7/site-packages/airflow/example_dags/example_time_delta_sensor_async.py
[2022-09-21 00:34:06,902] {processor.py:651} INFO - DAG(s) dict_keys(['example_time_delta_sensor_async']) retrieved from /home/airflow/.local/lib/python3.7/site-packages/airflow/example_dags/example_time_delta_sensor_async.py
[2022-09-21 00:34:06,956] {logging_mixin.py:115} INFO - [2022-09-21 00:34:06,955] {dag.py:2371} INFO - Sync 1 DAGs
[2022-09-21 00:34:06,991] {logging_mixin.py:115} INFO - [2022-09-21 00:34:06,991] {dag.py:2919} INFO - Setting next_dagrun for example_time_delta_sensor_async to None, run_after=None
[2022-09-21 00:34:07,019] {processor.py:161} INFO - Processing /home/airflow/.local/lib/python3.7/site-packages/airflow/example_dags/example_time_delta_sensor_async.py took 0.163 seconds
[2022-09-21 00:34:37,215] {processor.py:153} INFO - Started process (PID=23424) to work on /home/airflow/.local/lib/python3.7/site-packages/airflow/example_dags/example_time_delta_sensor_async.py
[2022-09-21 00:34:37,216] {processor.py:641} INFO - Processing file /home/airflow/.local/lib/python3.7/site-packages/airflow/example_dags/example_time_delta_sensor_async.py for tasks to queue
[2022-09-21 00:34:37,217] {logging_mixin.py:115} INFO - [2022-09-21 00:34:37,217] {dagbag.py:507} INFO - Filling up the DagBag from /home/airflow/.local/lib/python3.7/site-packages/airflow/example_dags/example_time_delta_sensor_async.py
[2022-09-21 00:34:37,227] {processor.py:651} INFO - DAG(s) dict_keys(['example_time_delta_sensor_async']) retrieved from /home/airflow/.local/lib/python3.7/site-packages/airflow/example_dags/example_time_delta_sensor_async.py
[2022-09-21 00:34:37,296] {logging_mixin.py:115} INFO - [2022-09-21 00:34:37,296] {dag.py:2371} INFO - Sync 1 DAGs
[2022-09-21 00:34:37,332] {logging_mixin.py:115} INFO - [2022-09-21 00:34:37,332] {dag.py:2919} INFO - Setting next_dagrun for example_time_delta_sensor_async to None, run_after=None
[2022-09-21 00:34:37,376] {processor.py:161} INFO - Processing /home/airflow/.local/lib/python3.7/site-packages/airflow/example_dags/example_time_delta_sensor_async.py took 0.167 seconds
[2022-09-21 00:35:07,763] {processor.py:153} INFO - Started process (PID=23475) to work on /home/airflow/.local/lib/python3.7/site-packages/airflow/example_dags/example_time_delta_sensor_async.py
[2022-09-21 00:35:07,783] {processor.py:641} INFO - Processing file /home/airflow/.local/lib/python3.7/site-packages/airflow/example_dags/example_time_delta_sensor_async.py for tasks to queue
[2022-09-21 00:35:07,783] {logging_mixin.py:115} INFO - [2022-09-21 00:35:07,783] {dagbag.py:507} INFO - Filling up the DagBag from /home/airflow/.local/lib/python3.7/site-packages/airflow/example_dags/example_time_delta_sensor_async.py
[2022-09-21 00:35:07,790] {processor.py:651} INFO - DAG(s) dict_keys(['example_time_delta_sensor_async']) retrieved from /home/airflow/.local/lib/python3.7/site-packages/airflow/example_dags/example_time_delta_sensor_async.py
[2022-09-21 00:35:07,842] {logging_mixin.py:115} INFO - [2022-09-21 00:35:07,842] {dag.py:2371} INFO - Sync 1 DAGs
[2022-09-21 00:35:07,870] {logging_mixin.py:115} INFO - [2022-09-21 00:35:07,870] {dag.py:2919} INFO - Setting next_dagrun for example_time_delta_sensor_async to None, run_after=None
[2022-09-21 00:35:07,903] {processor.py:161} INFO - Processing /home/airflow/.local/lib/python3.7/site-packages/airflow/example_dags/example_time_delta_sensor_async.py took 0.148 seconds
[2022-09-21 00:35:37,987] {processor.py:153} INFO - Started process (PID=23534) to work on /home/airflow/.local/lib/python3.7/site-packages/airflow/example_dags/example_time_delta_sensor_async.py
[2022-09-21 00:35:37,987] {processor.py:641} INFO - Processing file /home/airflow/.local/lib/python3.7/site-packages/airflow/example_dags/example_time_delta_sensor_async.py for tasks to queue
[2022-09-21 00:35:37,989] {logging_mixin.py:115} INFO - [2022-09-21 00:35:37,989] {dagbag.py:507} INFO - Filling up the DagBag from /home/airflow/.local/lib/python3.7/site-packages/airflow/example_dags/example_time_delta_sensor_async.py
[2022-09-21 00:35:37,997] {processor.py:651} INFO - DAG(s) dict_keys(['example_time_delta_sensor_async']) retrieved from /home/airflow/.local/lib/python3.7/site-packages/airflow/example_dags/example_time_delta_sensor_async.py
[2022-09-21 00:35:38,115] {logging_mixin.py:115} INFO - [2022-09-21 00:35:38,115] {dag.py:2371} INFO - Sync 1 DAGs
[2022-09-21 00:35:38,156] {logging_mixin.py:115} INFO - [2022-09-21 00:35:38,156] {dag.py:2919} INFO - Setting next_dagrun for example_time_delta_sensor_async to None, run_after=None
[2022-09-21 00:35:38,183] {processor.py:161} INFO - Processing /home/airflow/.local/lib/python3.7/site-packages/airflow/example_dags/example_time_delta_sensor_async.py took 0.202 seconds
[2022-09-21 00:36:08,333] {processor.py:153} INFO - Started process (PID=23585) to work on /home/airflow/.local/lib/python3.7/site-packages/airflow/example_dags/example_time_delta_sensor_async.py
[2022-09-21 00:36:08,342] {processor.py:641} INFO - Processing file /home/airflow/.local/lib/python3.7/site-packages/airflow/example_dags/example_time_delta_sensor_async.py for tasks to queue
[2022-09-21 00:36:08,343] {logging_mixin.py:115} INFO - [2022-09-21 00:36:08,343] {dagbag.py:507} INFO - Filling up the DagBag from /home/airflow/.local/lib/python3.7/site-packages/airflow/example_dags/example_time_delta_sensor_async.py
[2022-09-21 00:36:08,352] {processor.py:651} INFO - DAG(s) dict_keys(['example_time_delta_sensor_async']) retrieved from /home/airflow/.local/lib/python3.7/site-packages/airflow/example_dags/example_time_delta_sensor_async.py
[2022-09-21 00:36:08,426] {logging_mixin.py:115} INFO - [2022-09-21 00:36:08,426] {dag.py:2371} INFO - Sync 1 DAGs
[2022-09-21 00:36:08,461] {logging_mixin.py:115} INFO - [2022-09-21 00:36:08,461] {dag.py:2919} INFO - Setting next_dagrun for example_time_delta_sensor_async to None, run_after=None
[2022-09-21 00:36:08,487] {processor.py:161} INFO - Processing /home/airflow/.local/lib/python3.7/site-packages/airflow/example_dags/example_time_delta_sensor_async.py took 0.160 seconds
[2022-09-21 00:36:38,785] {processor.py:153} INFO - Started process (PID=23637) to work on /home/airflow/.local/lib/python3.7/site-packages/airflow/example_dags/example_time_delta_sensor_async.py
[2022-09-21 00:36:38,786] {processor.py:641} INFO - Processing file /home/airflow/.local/lib/python3.7/site-packages/airflow/example_dags/example_time_delta_sensor_async.py for tasks to queue
[2022-09-21 00:36:38,787] {logging_mixin.py:115} INFO - [2022-09-21 00:36:38,787] {dagbag.py:507} INFO - Filling up the DagBag from /home/airflow/.local/lib/python3.7/site-packages/airflow/example_dags/example_time_delta_sensor_async.py
[2022-09-21 00:36:38,798] {processor.py:651} INFO - DAG(s) dict_keys(['example_time_delta_sensor_async']) retrieved from /home/airflow/.local/lib/python3.7/site-packages/airflow/example_dags/example_time_delta_sensor_async.py
[2022-09-21 00:36:38,865] {logging_mixin.py:115} INFO - [2022-09-21 00:36:38,864] {dag.py:2371} INFO - Sync 1 DAGs
[2022-09-21 00:36:38,896] {logging_mixin.py:115} INFO - [2022-09-21 00:36:38,896] {dag.py:2919} INFO - Setting next_dagrun for example_time_delta_sensor_async to None, run_after=None
[2022-09-21 00:36:39,224] {processor.py:161} INFO - Processing /home/airflow/.local/lib/python3.7/site-packages/airflow/example_dags/example_time_delta_sensor_async.py took 0.454 seconds
