[2022-09-21 00:00:09,951] {processor.py:153} INFO - Started process (PID=19723) to work on /home/airflow/.local/lib/python3.7/site-packages/airflow/example_dags/example_latest_only.py
[2022-09-21 00:00:09,954] {processor.py:641} INFO - Processing file /home/airflow/.local/lib/python3.7/site-packages/airflow/example_dags/example_latest_only.py for tasks to queue
[2022-09-21 00:00:09,958] {logging_mixin.py:115} INFO - [2022-09-21 00:00:09,957] {dagbag.py:507} INFO - Filling up the DagBag from /home/airflow/.local/lib/python3.7/site-packages/airflow/example_dags/example_latest_only.py
[2022-09-21 00:00:09,982] {processor.py:651} INFO - DAG(s) dict_keys(['latest_only']) retrieved from /home/airflow/.local/lib/python3.7/site-packages/airflow/example_dags/example_latest_only.py
[2022-09-21 00:00:10,023] {logging_mixin.py:115} INFO - [2022-09-21 00:00:10,022] {dag.py:2371} INFO - Sync 1 DAGs
[2022-09-21 00:00:10,053] {logging_mixin.py:115} INFO - [2022-09-21 00:00:10,053] {dag.py:2919} INFO - Setting next_dagrun for latest_only to 2022-09-20T23:55:05.284210+00:00, run_after=2022-09-21T03:55:05.284210+00:00
[2022-09-21 00:00:10,088] {processor.py:161} INFO - Processing /home/airflow/.local/lib/python3.7/site-packages/airflow/example_dags/example_latest_only.py took 0.160 seconds
[2022-09-21 00:00:40,303] {processor.py:153} INFO - Started process (PID=19784) to work on /home/airflow/.local/lib/python3.7/site-packages/airflow/example_dags/example_latest_only.py
[2022-09-21 00:00:40,362] {processor.py:641} INFO - Processing file /home/airflow/.local/lib/python3.7/site-packages/airflow/example_dags/example_latest_only.py for tasks to queue
[2022-09-21 00:00:40,362] {logging_mixin.py:115} INFO - [2022-09-21 00:00:40,362] {dagbag.py:507} INFO - Filling up the DagBag from /home/airflow/.local/lib/python3.7/site-packages/airflow/example_dags/example_latest_only.py
[2022-09-21 00:00:40,370] {processor.py:651} INFO - DAG(s) dict_keys(['latest_only']) retrieved from /home/airflow/.local/lib/python3.7/site-packages/airflow/example_dags/example_latest_only.py
[2022-09-21 00:00:40,416] {logging_mixin.py:115} INFO - [2022-09-21 00:00:40,416] {dag.py:2371} INFO - Sync 1 DAGs
[2022-09-21 00:00:40,461] {logging_mixin.py:115} INFO - [2022-09-21 00:00:40,461] {dag.py:2919} INFO - Setting next_dagrun for latest_only to 2022-09-20T23:55:05.284210+00:00, run_after=2022-09-21T03:55:05.284210+00:00
[2022-09-21 00:00:40,638] {processor.py:161} INFO - Processing /home/airflow/.local/lib/python3.7/site-packages/airflow/example_dags/example_latest_only.py took 0.339 seconds
[2022-09-21 00:01:10,820] {processor.py:153} INFO - Started process (PID=19837) to work on /home/airflow/.local/lib/python3.7/site-packages/airflow/example_dags/example_latest_only.py
[2022-09-21 00:01:10,822] {processor.py:641} INFO - Processing file /home/airflow/.local/lib/python3.7/site-packages/airflow/example_dags/example_latest_only.py for tasks to queue
[2022-09-21 00:01:10,824] {logging_mixin.py:115} INFO - [2022-09-21 00:01:10,824] {dagbag.py:507} INFO - Filling up the DagBag from /home/airflow/.local/lib/python3.7/site-packages/airflow/example_dags/example_latest_only.py
[2022-09-21 00:01:10,845] {processor.py:651} INFO - DAG(s) dict_keys(['latest_only']) retrieved from /home/airflow/.local/lib/python3.7/site-packages/airflow/example_dags/example_latest_only.py
[2022-09-21 00:01:10,966] {logging_mixin.py:115} INFO - [2022-09-21 00:01:10,965] {dag.py:2371} INFO - Sync 1 DAGs
[2022-09-21 00:01:11,031] {logging_mixin.py:115} INFO - [2022-09-21 00:01:11,031] {dag.py:2919} INFO - Setting next_dagrun for latest_only to 2022-09-20T23:55:05.284210+00:00, run_after=2022-09-21T03:55:05.284210+00:00
[2022-09-21 00:01:11,383] {processor.py:161} INFO - Processing /home/airflow/.local/lib/python3.7/site-packages/airflow/example_dags/example_latest_only.py took 0.576 seconds
[2022-09-21 00:01:41,555] {processor.py:153} INFO - Started process (PID=19888) to work on /home/airflow/.local/lib/python3.7/site-packages/airflow/example_dags/example_latest_only.py
[2022-09-21 00:01:41,557] {processor.py:641} INFO - Processing file /home/airflow/.local/lib/python3.7/site-packages/airflow/example_dags/example_latest_only.py for tasks to queue
[2022-09-21 00:01:41,560] {logging_mixin.py:115} INFO - [2022-09-21 00:01:41,559] {dagbag.py:507} INFO - Filling up the DagBag from /home/airflow/.local/lib/python3.7/site-packages/airflow/example_dags/example_latest_only.py
[2022-09-21 00:01:41,580] {processor.py:651} INFO - DAG(s) dict_keys(['latest_only']) retrieved from /home/airflow/.local/lib/python3.7/site-packages/airflow/example_dags/example_latest_only.py
[2022-09-21 00:01:41,689] {logging_mixin.py:115} INFO - [2022-09-21 00:01:41,688] {dag.py:2371} INFO - Sync 1 DAGs
[2022-09-21 00:01:41,716] {logging_mixin.py:115} INFO - [2022-09-21 00:01:41,716] {dag.py:2919} INFO - Setting next_dagrun for latest_only to 2022-09-20T23:55:05.284210+00:00, run_after=2022-09-21T03:55:05.284210+00:00
[2022-09-21 00:01:41,892] {processor.py:161} INFO - Processing /home/airflow/.local/lib/python3.7/site-packages/airflow/example_dags/example_latest_only.py took 0.351 seconds
[2022-09-21 00:02:16,467] {processor.py:153} INFO - Started process (PID=19930) to work on /home/airflow/.local/lib/python3.7/site-packages/airflow/example_dags/example_latest_only.py
[2022-09-21 00:02:16,468] {processor.py:641} INFO - Processing file /home/airflow/.local/lib/python3.7/site-packages/airflow/example_dags/example_latest_only.py for tasks to queue
[2022-09-21 00:02:16,469] {logging_mixin.py:115} INFO - [2022-09-21 00:02:16,469] {dagbag.py:507} INFO - Filling up the DagBag from /home/airflow/.local/lib/python3.7/site-packages/airflow/example_dags/example_latest_only.py
[2022-09-21 00:02:16,495] {processor.py:651} INFO - DAG(s) dict_keys(['latest_only']) retrieved from /home/airflow/.local/lib/python3.7/site-packages/airflow/example_dags/example_latest_only.py
[2022-09-21 00:02:16,549] {logging_mixin.py:115} INFO - [2022-09-21 00:02:16,549] {dag.py:2371} INFO - Sync 1 DAGs
[2022-09-21 00:02:16,611] {logging_mixin.py:115} INFO - [2022-09-21 00:02:16,611] {dag.py:2919} INFO - Setting next_dagrun for latest_only to 2022-09-20T23:55:05.284210+00:00, run_after=2022-09-21T03:55:05.284210+00:00
[2022-09-21 00:02:16,961] {processor.py:161} INFO - Processing /home/airflow/.local/lib/python3.7/site-packages/airflow/example_dags/example_latest_only.py took 0.501 seconds
[2022-09-21 00:03:04,391] {processor.py:153} INFO - Started process (PID=19990) to work on /home/airflow/.local/lib/python3.7/site-packages/airflow/example_dags/example_latest_only.py
[2022-09-21 00:03:04,706] {processor.py:641} INFO - Processing file /home/airflow/.local/lib/python3.7/site-packages/airflow/example_dags/example_latest_only.py for tasks to queue
[2022-09-21 00:03:04,708] {logging_mixin.py:115} INFO - [2022-09-21 00:03:04,708] {dagbag.py:507} INFO - Filling up the DagBag from /home/airflow/.local/lib/python3.7/site-packages/airflow/example_dags/example_latest_only.py
[2022-09-21 00:03:04,730] {processor.py:651} INFO - DAG(s) dict_keys(['latest_only']) retrieved from /home/airflow/.local/lib/python3.7/site-packages/airflow/example_dags/example_latest_only.py
[2022-09-21 00:03:04,776] {logging_mixin.py:115} INFO - [2022-09-21 00:03:04,776] {dag.py:2371} INFO - Sync 1 DAGs
[2022-09-21 00:03:04,811] {logging_mixin.py:115} INFO - [2022-09-21 00:03:04,811] {dag.py:2919} INFO - Setting next_dagrun for latest_only to 2022-09-20T23:55:05.284210+00:00, run_after=2022-09-21T03:55:05.284210+00:00
[2022-09-21 00:03:05,206] {processor.py:161} INFO - Processing /home/airflow/.local/lib/python3.7/site-packages/airflow/example_dags/example_latest_only.py took 0.821 seconds
[2022-09-21 00:03:35,340] {processor.py:153} INFO - Started process (PID=20043) to work on /home/airflow/.local/lib/python3.7/site-packages/airflow/example_dags/example_latest_only.py
[2022-09-21 00:03:35,384] {processor.py:641} INFO - Processing file /home/airflow/.local/lib/python3.7/site-packages/airflow/example_dags/example_latest_only.py for tasks to queue
[2022-09-21 00:03:35,385] {logging_mixin.py:115} INFO - [2022-09-21 00:03:35,385] {dagbag.py:507} INFO - Filling up the DagBag from /home/airflow/.local/lib/python3.7/site-packages/airflow/example_dags/example_latest_only.py
[2022-09-21 00:03:35,392] {processor.py:651} INFO - DAG(s) dict_keys(['latest_only']) retrieved from /home/airflow/.local/lib/python3.7/site-packages/airflow/example_dags/example_latest_only.py
[2022-09-21 00:03:35,434] {logging_mixin.py:115} INFO - [2022-09-21 00:03:35,434] {dag.py:2371} INFO - Sync 1 DAGs
[2022-09-21 00:03:35,468] {logging_mixin.py:115} INFO - [2022-09-21 00:03:35,468] {dag.py:2919} INFO - Setting next_dagrun for latest_only to 2022-09-20T23:55:05.284210+00:00, run_after=2022-09-21T03:55:05.284210+00:00
[2022-09-21 00:03:35,598] {processor.py:161} INFO - Processing /home/airflow/.local/lib/python3.7/site-packages/airflow/example_dags/example_latest_only.py took 0.263 seconds
[2022-09-21 00:04:06,000] {processor.py:153} INFO - Started process (PID=20094) to work on /home/airflow/.local/lib/python3.7/site-packages/airflow/example_dags/example_latest_only.py
[2022-09-21 00:04:06,267] {processor.py:641} INFO - Processing file /home/airflow/.local/lib/python3.7/site-packages/airflow/example_dags/example_latest_only.py for tasks to queue
[2022-09-21 00:04:06,269] {logging_mixin.py:115} INFO - [2022-09-21 00:04:06,269] {dagbag.py:507} INFO - Filling up the DagBag from /home/airflow/.local/lib/python3.7/site-packages/airflow/example_dags/example_latest_only.py
[2022-09-21 00:04:06,296] {processor.py:651} INFO - DAG(s) dict_keys(['latest_only']) retrieved from /home/airflow/.local/lib/python3.7/site-packages/airflow/example_dags/example_latest_only.py
[2022-09-21 00:04:06,335] {logging_mixin.py:115} INFO - [2022-09-21 00:04:06,335] {dag.py:2371} INFO - Sync 1 DAGs
[2022-09-21 00:04:06,375] {logging_mixin.py:115} INFO - [2022-09-21 00:04:06,375] {dag.py:2919} INFO - Setting next_dagrun for latest_only to 2022-09-20T23:55:05.284210+00:00, run_after=2022-09-21T03:55:05.284210+00:00
[2022-09-21 00:04:06,662] {processor.py:161} INFO - Processing /home/airflow/.local/lib/python3.7/site-packages/airflow/example_dags/example_latest_only.py took 0.666 seconds
[2022-09-21 00:04:37,444] {processor.py:153} INFO - Started process (PID=20146) to work on /home/airflow/.local/lib/python3.7/site-packages/airflow/example_dags/example_latest_only.py
[2022-09-21 00:04:37,579] {processor.py:641} INFO - Processing file /home/airflow/.local/lib/python3.7/site-packages/airflow/example_dags/example_latest_only.py for tasks to queue
[2022-09-21 00:04:37,581] {logging_mixin.py:115} INFO - [2022-09-21 00:04:37,581] {dagbag.py:507} INFO - Filling up the DagBag from /home/airflow/.local/lib/python3.7/site-packages/airflow/example_dags/example_latest_only.py
[2022-09-21 00:04:37,604] {processor.py:651} INFO - DAG(s) dict_keys(['latest_only']) retrieved from /home/airflow/.local/lib/python3.7/site-packages/airflow/example_dags/example_latest_only.py
[2022-09-21 00:04:37,722] {logging_mixin.py:115} INFO - [2022-09-21 00:04:37,722] {dag.py:2371} INFO - Sync 1 DAGs
[2022-09-21 00:04:37,751] {logging_mixin.py:115} INFO - [2022-09-21 00:04:37,751] {dag.py:2919} INFO - Setting next_dagrun for latest_only to 2022-09-20T23:55:05.284210+00:00, run_after=2022-09-21T03:55:05.284210+00:00
[2022-09-21 00:04:37,849] {processor.py:161} INFO - Processing /home/airflow/.local/lib/python3.7/site-packages/airflow/example_dags/example_latest_only.py took 0.418 seconds
[2022-09-21 00:05:08,195] {processor.py:153} INFO - Started process (PID=20197) to work on /home/airflow/.local/lib/python3.7/site-packages/airflow/example_dags/example_latest_only.py
[2022-09-21 00:05:08,196] {processor.py:641} INFO - Processing file /home/airflow/.local/lib/python3.7/site-packages/airflow/example_dags/example_latest_only.py for tasks to queue
[2022-09-21 00:05:08,198] {logging_mixin.py:115} INFO - [2022-09-21 00:05:08,198] {dagbag.py:507} INFO - Filling up the DagBag from /home/airflow/.local/lib/python3.7/site-packages/airflow/example_dags/example_latest_only.py
[2022-09-21 00:05:08,206] {processor.py:651} INFO - DAG(s) dict_keys(['latest_only']) retrieved from /home/airflow/.local/lib/python3.7/site-packages/airflow/example_dags/example_latest_only.py
[2022-09-21 00:05:08,241] {logging_mixin.py:115} INFO - [2022-09-21 00:05:08,240] {dag.py:2371} INFO - Sync 1 DAGs
[2022-09-21 00:05:08,269] {logging_mixin.py:115} INFO - [2022-09-21 00:05:08,268] {dag.py:2919} INFO - Setting next_dagrun for latest_only to 2022-09-20T23:55:05.284210+00:00, run_after=2022-09-21T03:55:05.284210+00:00
[2022-09-21 00:05:08,458] {processor.py:161} INFO - Processing /home/airflow/.local/lib/python3.7/site-packages/airflow/example_dags/example_latest_only.py took 0.268 seconds
[2022-09-21 00:05:39,210] {processor.py:153} INFO - Started process (PID=20258) to work on /home/airflow/.local/lib/python3.7/site-packages/airflow/example_dags/example_latest_only.py
[2022-09-21 00:05:39,211] {processor.py:641} INFO - Processing file /home/airflow/.local/lib/python3.7/site-packages/airflow/example_dags/example_latest_only.py for tasks to queue
[2022-09-21 00:05:39,212] {logging_mixin.py:115} INFO - [2022-09-21 00:05:39,211] {dagbag.py:507} INFO - Filling up the DagBag from /home/airflow/.local/lib/python3.7/site-packages/airflow/example_dags/example_latest_only.py
[2022-09-21 00:05:39,220] {processor.py:651} INFO - DAG(s) dict_keys(['latest_only']) retrieved from /home/airflow/.local/lib/python3.7/site-packages/airflow/example_dags/example_latest_only.py
[2022-09-21 00:05:39,273] {logging_mixin.py:115} INFO - [2022-09-21 00:05:39,273] {dag.py:2371} INFO - Sync 1 DAGs
[2022-09-21 00:05:39,346] {logging_mixin.py:115} INFO - [2022-09-21 00:05:39,346] {dag.py:2919} INFO - Setting next_dagrun for latest_only to 2022-09-20T23:55:05.284210+00:00, run_after=2022-09-21T03:55:05.284210+00:00
[2022-09-21 00:05:39,753] {processor.py:161} INFO - Processing /home/airflow/.local/lib/python3.7/site-packages/airflow/example_dags/example_latest_only.py took 0.548 seconds
[2022-09-21 00:06:09,806] {processor.py:153} INFO - Started process (PID=20309) to work on /home/airflow/.local/lib/python3.7/site-packages/airflow/example_dags/example_latest_only.py
[2022-09-21 00:06:09,826] {processor.py:641} INFO - Processing file /home/airflow/.local/lib/python3.7/site-packages/airflow/example_dags/example_latest_only.py for tasks to queue
[2022-09-21 00:06:09,827] {logging_mixin.py:115} INFO - [2022-09-21 00:06:09,826] {dagbag.py:507} INFO - Filling up the DagBag from /home/airflow/.local/lib/python3.7/site-packages/airflow/example_dags/example_latest_only.py
[2022-09-21 00:06:09,835] {processor.py:651} INFO - DAG(s) dict_keys(['latest_only']) retrieved from /home/airflow/.local/lib/python3.7/site-packages/airflow/example_dags/example_latest_only.py
[2022-09-21 00:06:09,879] {logging_mixin.py:115} INFO - [2022-09-21 00:06:09,879] {dag.py:2371} INFO - Sync 1 DAGs
[2022-09-21 00:06:09,920] {logging_mixin.py:115} INFO - [2022-09-21 00:06:09,920] {dag.py:2919} INFO - Setting next_dagrun for latest_only to 2022-09-20T23:55:05.284210+00:00, run_after=2022-09-21T03:55:05.284210+00:00
[2022-09-21 00:06:09,982] {processor.py:161} INFO - Processing /home/airflow/.local/lib/python3.7/site-packages/airflow/example_dags/example_latest_only.py took 0.180 seconds
[2022-09-21 00:06:40,411] {processor.py:153} INFO - Started process (PID=20360) to work on /home/airflow/.local/lib/python3.7/site-packages/airflow/example_dags/example_latest_only.py
[2022-09-21 00:06:40,413] {processor.py:641} INFO - Processing file /home/airflow/.local/lib/python3.7/site-packages/airflow/example_dags/example_latest_only.py for tasks to queue
[2022-09-21 00:06:40,415] {logging_mixin.py:115} INFO - [2022-09-21 00:06:40,415] {dagbag.py:507} INFO - Filling up the DagBag from /home/airflow/.local/lib/python3.7/site-packages/airflow/example_dags/example_latest_only.py
[2022-09-21 00:06:40,432] {processor.py:651} INFO - DAG(s) dict_keys(['latest_only']) retrieved from /home/airflow/.local/lib/python3.7/site-packages/airflow/example_dags/example_latest_only.py
[2022-09-21 00:06:40,471] {logging_mixin.py:115} INFO - [2022-09-21 00:06:40,471] {dag.py:2371} INFO - Sync 1 DAGs
[2022-09-21 00:06:40,501] {logging_mixin.py:115} INFO - [2022-09-21 00:06:40,500] {dag.py:2919} INFO - Setting next_dagrun for latest_only to 2022-09-20T23:55:05.284210+00:00, run_after=2022-09-21T03:55:05.284210+00:00
[2022-09-21 00:06:40,519] {processor.py:161} INFO - Processing /home/airflow/.local/lib/python3.7/site-packages/airflow/example_dags/example_latest_only.py took 0.122 seconds
[2022-09-21 00:07:11,108] {processor.py:153} INFO - Started process (PID=20422) to work on /home/airflow/.local/lib/python3.7/site-packages/airflow/example_dags/example_latest_only.py
[2022-09-21 00:07:11,225] {processor.py:641} INFO - Processing file /home/airflow/.local/lib/python3.7/site-packages/airflow/example_dags/example_latest_only.py for tasks to queue
[2022-09-21 00:07:11,226] {logging_mixin.py:115} INFO - [2022-09-21 00:07:11,226] {dagbag.py:507} INFO - Filling up the DagBag from /home/airflow/.local/lib/python3.7/site-packages/airflow/example_dags/example_latest_only.py
[2022-09-21 00:07:11,233] {processor.py:651} INFO - DAG(s) dict_keys(['latest_only']) retrieved from /home/airflow/.local/lib/python3.7/site-packages/airflow/example_dags/example_latest_only.py
[2022-09-21 00:07:11,264] {logging_mixin.py:115} INFO - [2022-09-21 00:07:11,264] {dag.py:2371} INFO - Sync 1 DAGs
[2022-09-21 00:07:11,289] {logging_mixin.py:115} INFO - [2022-09-21 00:07:11,289] {dag.py:2919} INFO - Setting next_dagrun for latest_only to 2022-09-20T23:55:05.284210+00:00, run_after=2022-09-21T03:55:05.284210+00:00
[2022-09-21 00:07:11,362] {processor.py:161} INFO - Processing /home/airflow/.local/lib/python3.7/site-packages/airflow/example_dags/example_latest_only.py took 0.259 seconds
[2022-09-21 00:07:41,539] {processor.py:153} INFO - Started process (PID=20473) to work on /home/airflow/.local/lib/python3.7/site-packages/airflow/example_dags/example_latest_only.py
[2022-09-21 00:07:41,540] {processor.py:641} INFO - Processing file /home/airflow/.local/lib/python3.7/site-packages/airflow/example_dags/example_latest_only.py for tasks to queue
[2022-09-21 00:07:41,540] {logging_mixin.py:115} INFO - [2022-09-21 00:07:41,540] {dagbag.py:507} INFO - Filling up the DagBag from /home/airflow/.local/lib/python3.7/site-packages/airflow/example_dags/example_latest_only.py
[2022-09-21 00:07:41,547] {processor.py:651} INFO - DAG(s) dict_keys(['latest_only']) retrieved from /home/airflow/.local/lib/python3.7/site-packages/airflow/example_dags/example_latest_only.py
[2022-09-21 00:07:41,577] {logging_mixin.py:115} INFO - [2022-09-21 00:07:41,577] {dag.py:2371} INFO - Sync 1 DAGs
[2022-09-21 00:07:41,615] {logging_mixin.py:115} INFO - [2022-09-21 00:07:41,614] {dag.py:2919} INFO - Setting next_dagrun for latest_only to 2022-09-20T23:55:05.284210+00:00, run_after=2022-09-21T03:55:05.284210+00:00
[2022-09-21 00:07:41,655] {processor.py:161} INFO - Processing /home/airflow/.local/lib/python3.7/site-packages/airflow/example_dags/example_latest_only.py took 0.122 seconds
[2022-09-21 00:08:11,884] {processor.py:153} INFO - Started process (PID=20525) to work on /home/airflow/.local/lib/python3.7/site-packages/airflow/example_dags/example_latest_only.py
[2022-09-21 00:08:11,961] {processor.py:641} INFO - Processing file /home/airflow/.local/lib/python3.7/site-packages/airflow/example_dags/example_latest_only.py for tasks to queue
[2022-09-21 00:08:11,962] {logging_mixin.py:115} INFO - [2022-09-21 00:08:11,962] {dagbag.py:507} INFO - Filling up the DagBag from /home/airflow/.local/lib/python3.7/site-packages/airflow/example_dags/example_latest_only.py
[2022-09-21 00:08:11,969] {processor.py:651} INFO - DAG(s) dict_keys(['latest_only']) retrieved from /home/airflow/.local/lib/python3.7/site-packages/airflow/example_dags/example_latest_only.py
[2022-09-21 00:08:12,005] {logging_mixin.py:115} INFO - [2022-09-21 00:08:12,005] {dag.py:2371} INFO - Sync 1 DAGs
[2022-09-21 00:08:12,030] {logging_mixin.py:115} INFO - [2022-09-21 00:08:12,030] {dag.py:2919} INFO - Setting next_dagrun for latest_only to 2022-09-20T23:55:05.284210+00:00, run_after=2022-09-21T03:55:05.284210+00:00
[2022-09-21 00:08:12,067] {processor.py:161} INFO - Processing /home/airflow/.local/lib/python3.7/site-packages/airflow/example_dags/example_latest_only.py took 0.189 seconds
[2022-09-21 00:08:42,824] {processor.py:153} INFO - Started process (PID=20586) to work on /home/airflow/.local/lib/python3.7/site-packages/airflow/example_dags/example_latest_only.py
[2022-09-21 00:08:42,825] {processor.py:641} INFO - Processing file /home/airflow/.local/lib/python3.7/site-packages/airflow/example_dags/example_latest_only.py for tasks to queue
[2022-09-21 00:08:42,826] {logging_mixin.py:115} INFO - [2022-09-21 00:08:42,826] {dagbag.py:507} INFO - Filling up the DagBag from /home/airflow/.local/lib/python3.7/site-packages/airflow/example_dags/example_latest_only.py
[2022-09-21 00:08:42,835] {processor.py:651} INFO - DAG(s) dict_keys(['latest_only']) retrieved from /home/airflow/.local/lib/python3.7/site-packages/airflow/example_dags/example_latest_only.py
[2022-09-21 00:08:42,914] {logging_mixin.py:115} INFO - [2022-09-21 00:08:42,914] {dag.py:2371} INFO - Sync 1 DAGs
[2022-09-21 00:08:42,957] {logging_mixin.py:115} INFO - [2022-09-21 00:08:42,956] {dag.py:2919} INFO - Setting next_dagrun for latest_only to 2022-09-20T23:55:05.284210+00:00, run_after=2022-09-21T03:55:05.284210+00:00
[2022-09-21 00:08:42,992] {processor.py:161} INFO - Processing /home/airflow/.local/lib/python3.7/site-packages/airflow/example_dags/example_latest_only.py took 0.173 seconds
[2022-09-21 00:09:13,111] {processor.py:153} INFO - Started process (PID=20638) to work on /home/airflow/.local/lib/python3.7/site-packages/airflow/example_dags/example_latest_only.py
[2022-09-21 00:09:13,140] {processor.py:641} INFO - Processing file /home/airflow/.local/lib/python3.7/site-packages/airflow/example_dags/example_latest_only.py for tasks to queue
[2022-09-21 00:09:13,141] {logging_mixin.py:115} INFO - [2022-09-21 00:09:13,140] {dagbag.py:507} INFO - Filling up the DagBag from /home/airflow/.local/lib/python3.7/site-packages/airflow/example_dags/example_latest_only.py
[2022-09-21 00:09:13,149] {processor.py:651} INFO - DAG(s) dict_keys(['latest_only']) retrieved from /home/airflow/.local/lib/python3.7/site-packages/airflow/example_dags/example_latest_only.py
[2022-09-21 00:09:13,191] {logging_mixin.py:115} INFO - [2022-09-21 00:09:13,191] {dag.py:2371} INFO - Sync 1 DAGs
[2022-09-21 00:09:13,220] {logging_mixin.py:115} INFO - [2022-09-21 00:09:13,220] {dag.py:2919} INFO - Setting next_dagrun for latest_only to 2022-09-20T23:55:05.284210+00:00, run_after=2022-09-21T03:55:05.284210+00:00
[2022-09-21 00:09:13,248] {processor.py:161} INFO - Processing /home/airflow/.local/lib/python3.7/site-packages/airflow/example_dags/example_latest_only.py took 0.140 seconds
[2022-09-21 00:09:43,632] {processor.py:153} INFO - Started process (PID=20696) to work on /home/airflow/.local/lib/python3.7/site-packages/airflow/example_dags/example_latest_only.py
[2022-09-21 00:09:43,633] {processor.py:641} INFO - Processing file /home/airflow/.local/lib/python3.7/site-packages/airflow/example_dags/example_latest_only.py for tasks to queue
[2022-09-21 00:09:43,634] {logging_mixin.py:115} INFO - [2022-09-21 00:09:43,634] {dagbag.py:507} INFO - Filling up the DagBag from /home/airflow/.local/lib/python3.7/site-packages/airflow/example_dags/example_latest_only.py
[2022-09-21 00:09:43,642] {processor.py:651} INFO - DAG(s) dict_keys(['latest_only']) retrieved from /home/airflow/.local/lib/python3.7/site-packages/airflow/example_dags/example_latest_only.py
[2022-09-21 00:09:43,688] {logging_mixin.py:115} INFO - [2022-09-21 00:09:43,687] {dag.py:2371} INFO - Sync 1 DAGs
[2022-09-21 00:09:43,744] {logging_mixin.py:115} INFO - [2022-09-21 00:09:43,744] {dag.py:2919} INFO - Setting next_dagrun for latest_only to 2022-09-20T23:55:05.284210+00:00, run_after=2022-09-21T03:55:05.284210+00:00
[2022-09-21 00:09:43,795] {processor.py:161} INFO - Processing /home/airflow/.local/lib/python3.7/site-packages/airflow/example_dags/example_latest_only.py took 0.170 seconds
[2022-09-21 00:10:14,458] {processor.py:153} INFO - Started process (PID=20748) to work on /home/airflow/.local/lib/python3.7/site-packages/airflow/example_dags/example_latest_only.py
[2022-09-21 00:10:14,476] {processor.py:641} INFO - Processing file /home/airflow/.local/lib/python3.7/site-packages/airflow/example_dags/example_latest_only.py for tasks to queue
[2022-09-21 00:10:14,477] {logging_mixin.py:115} INFO - [2022-09-21 00:10:14,477] {dagbag.py:507} INFO - Filling up the DagBag from /home/airflow/.local/lib/python3.7/site-packages/airflow/example_dags/example_latest_only.py
[2022-09-21 00:10:14,484] {processor.py:651} INFO - DAG(s) dict_keys(['latest_only']) retrieved from /home/airflow/.local/lib/python3.7/site-packages/airflow/example_dags/example_latest_only.py
[2022-09-21 00:10:14,516] {logging_mixin.py:115} INFO - [2022-09-21 00:10:14,516] {dag.py:2371} INFO - Sync 1 DAGs
[2022-09-21 00:10:14,543] {logging_mixin.py:115} INFO - [2022-09-21 00:10:14,542] {dag.py:2919} INFO - Setting next_dagrun for latest_only to 2022-09-20T23:55:05.284210+00:00, run_after=2022-09-21T03:55:05.284210+00:00
[2022-09-21 00:10:14,577] {processor.py:161} INFO - Processing /home/airflow/.local/lib/python3.7/site-packages/airflow/example_dags/example_latest_only.py took 0.132 seconds
[2022-09-21 00:10:44,884] {processor.py:153} INFO - Started process (PID=20809) to work on /home/airflow/.local/lib/python3.7/site-packages/airflow/example_dags/example_latest_only.py
[2022-09-21 00:10:44,885] {processor.py:641} INFO - Processing file /home/airflow/.local/lib/python3.7/site-packages/airflow/example_dags/example_latest_only.py for tasks to queue
[2022-09-21 00:10:44,886] {logging_mixin.py:115} INFO - [2022-09-21 00:10:44,886] {dagbag.py:507} INFO - Filling up the DagBag from /home/airflow/.local/lib/python3.7/site-packages/airflow/example_dags/example_latest_only.py
[2022-09-21 00:10:44,893] {processor.py:651} INFO - DAG(s) dict_keys(['latest_only']) retrieved from /home/airflow/.local/lib/python3.7/site-packages/airflow/example_dags/example_latest_only.py
[2022-09-21 00:10:44,944] {logging_mixin.py:115} INFO - [2022-09-21 00:10:44,944] {dag.py:2371} INFO - Sync 1 DAGs
[2022-09-21 00:10:44,987] {logging_mixin.py:115} INFO - [2022-09-21 00:10:44,987] {dag.py:2919} INFO - Setting next_dagrun for latest_only to 2022-09-20T23:55:05.284210+00:00, run_after=2022-09-21T03:55:05.284210+00:00
[2022-09-21 00:10:45,032] {processor.py:161} INFO - Processing /home/airflow/.local/lib/python3.7/site-packages/airflow/example_dags/example_latest_only.py took 0.153 seconds
[2022-09-21 00:11:15,809] {processor.py:153} INFO - Started process (PID=20861) to work on /home/airflow/.local/lib/python3.7/site-packages/airflow/example_dags/example_latest_only.py
[2022-09-21 00:11:15,876] {processor.py:641} INFO - Processing file /home/airflow/.local/lib/python3.7/site-packages/airflow/example_dags/example_latest_only.py for tasks to queue
[2022-09-21 00:11:15,877] {logging_mixin.py:115} INFO - [2022-09-21 00:11:15,877] {dagbag.py:507} INFO - Filling up the DagBag from /home/airflow/.local/lib/python3.7/site-packages/airflow/example_dags/example_latest_only.py
[2022-09-21 00:11:15,890] {processor.py:651} INFO - DAG(s) dict_keys(['latest_only']) retrieved from /home/airflow/.local/lib/python3.7/site-packages/airflow/example_dags/example_latest_only.py
[2022-09-21 00:11:15,949] {logging_mixin.py:115} INFO - [2022-09-21 00:11:15,948] {dag.py:2371} INFO - Sync 1 DAGs
[2022-09-21 00:11:15,994] {logging_mixin.py:115} INFO - [2022-09-21 00:11:15,994] {dag.py:2919} INFO - Setting next_dagrun for latest_only to 2022-09-20T23:55:05.284210+00:00, run_after=2022-09-21T03:55:05.284210+00:00
[2022-09-21 00:11:16,024] {processor.py:161} INFO - Processing /home/airflow/.local/lib/python3.7/site-packages/airflow/example_dags/example_latest_only.py took 0.237 seconds
[2022-09-21 00:11:46,221] {processor.py:153} INFO - Started process (PID=20920) to work on /home/airflow/.local/lib/python3.7/site-packages/airflow/example_dags/example_latest_only.py
[2022-09-21 00:11:46,221] {processor.py:641} INFO - Processing file /home/airflow/.local/lib/python3.7/site-packages/airflow/example_dags/example_latest_only.py for tasks to queue
[2022-09-21 00:11:46,222] {logging_mixin.py:115} INFO - [2022-09-21 00:11:46,222] {dagbag.py:507} INFO - Filling up the DagBag from /home/airflow/.local/lib/python3.7/site-packages/airflow/example_dags/example_latest_only.py
[2022-09-21 00:11:46,231] {processor.py:651} INFO - DAG(s) dict_keys(['latest_only']) retrieved from /home/airflow/.local/lib/python3.7/site-packages/airflow/example_dags/example_latest_only.py
[2022-09-21 00:11:46,278] {logging_mixin.py:115} INFO - [2022-09-21 00:11:46,278] {dag.py:2371} INFO - Sync 1 DAGs
[2022-09-21 00:11:46,327] {logging_mixin.py:115} INFO - [2022-09-21 00:11:46,327] {dag.py:2919} INFO - Setting next_dagrun for latest_only to 2022-09-20T23:55:05.284210+00:00, run_after=2022-09-21T03:55:05.284210+00:00
[2022-09-21 00:11:46,372] {processor.py:161} INFO - Processing /home/airflow/.local/lib/python3.7/site-packages/airflow/example_dags/example_latest_only.py took 0.157 seconds
[2022-09-21 00:12:17,140] {processor.py:153} INFO - Started process (PID=20976) to work on /home/airflow/.local/lib/python3.7/site-packages/airflow/example_dags/example_latest_only.py
[2022-09-21 00:12:17,193] {processor.py:641} INFO - Processing file /home/airflow/.local/lib/python3.7/site-packages/airflow/example_dags/example_latest_only.py for tasks to queue
[2022-09-21 00:12:17,193] {logging_mixin.py:115} INFO - [2022-09-21 00:12:17,193] {dagbag.py:507} INFO - Filling up the DagBag from /home/airflow/.local/lib/python3.7/site-packages/airflow/example_dags/example_latest_only.py
[2022-09-21 00:12:17,201] {processor.py:651} INFO - DAG(s) dict_keys(['latest_only']) retrieved from /home/airflow/.local/lib/python3.7/site-packages/airflow/example_dags/example_latest_only.py
[2022-09-21 00:12:17,343] {logging_mixin.py:115} INFO - [2022-09-21 00:12:17,342] {dag.py:2371} INFO - Sync 1 DAGs
[2022-09-21 00:12:17,477] {logging_mixin.py:115} INFO - [2022-09-21 00:12:17,477] {dag.py:2919} INFO - Setting next_dagrun for latest_only to 2022-09-20T23:55:05.284210+00:00, run_after=2022-09-21T03:55:05.284210+00:00
[2022-09-21 00:12:17,571] {processor.py:161} INFO - Processing /home/airflow/.local/lib/python3.7/site-packages/airflow/example_dags/example_latest_only.py took 0.452 seconds
[2022-09-21 00:12:47,882] {processor.py:153} INFO - Started process (PID=21036) to work on /home/airflow/.local/lib/python3.7/site-packages/airflow/example_dags/example_latest_only.py
[2022-09-21 00:12:47,883] {processor.py:641} INFO - Processing file /home/airflow/.local/lib/python3.7/site-packages/airflow/example_dags/example_latest_only.py for tasks to queue
[2022-09-21 00:12:47,884] {logging_mixin.py:115} INFO - [2022-09-21 00:12:47,884] {dagbag.py:507} INFO - Filling up the DagBag from /home/airflow/.local/lib/python3.7/site-packages/airflow/example_dags/example_latest_only.py
[2022-09-21 00:12:47,892] {processor.py:651} INFO - DAG(s) dict_keys(['latest_only']) retrieved from /home/airflow/.local/lib/python3.7/site-packages/airflow/example_dags/example_latest_only.py
[2022-09-21 00:12:47,939] {logging_mixin.py:115} INFO - [2022-09-21 00:12:47,939] {dag.py:2371} INFO - Sync 1 DAGs
[2022-09-21 00:12:48,005] {logging_mixin.py:115} INFO - [2022-09-21 00:12:48,005] {dag.py:2919} INFO - Setting next_dagrun for latest_only to 2022-09-20T23:55:05.284210+00:00, run_after=2022-09-21T03:55:05.284210+00:00
[2022-09-21 00:12:48,048] {processor.py:161} INFO - Processing /home/airflow/.local/lib/python3.7/site-packages/airflow/example_dags/example_latest_only.py took 0.171 seconds
[2022-09-21 00:13:18,454] {processor.py:153} INFO - Started process (PID=21089) to work on /home/airflow/.local/lib/python3.7/site-packages/airflow/example_dags/example_latest_only.py
[2022-09-21 00:13:18,507] {processor.py:641} INFO - Processing file /home/airflow/.local/lib/python3.7/site-packages/airflow/example_dags/example_latest_only.py for tasks to queue
[2022-09-21 00:13:18,509] {logging_mixin.py:115} INFO - [2022-09-21 00:13:18,509] {dagbag.py:507} INFO - Filling up the DagBag from /home/airflow/.local/lib/python3.7/site-packages/airflow/example_dags/example_latest_only.py
[2022-09-21 00:13:18,530] {processor.py:651} INFO - DAG(s) dict_keys(['latest_only']) retrieved from /home/airflow/.local/lib/python3.7/site-packages/airflow/example_dags/example_latest_only.py
[2022-09-21 00:13:18,598] {logging_mixin.py:115} INFO - [2022-09-21 00:13:18,598] {dag.py:2371} INFO - Sync 1 DAGs
[2022-09-21 00:13:18,640] {logging_mixin.py:115} INFO - [2022-09-21 00:13:18,640] {dag.py:2919} INFO - Setting next_dagrun for latest_only to 2022-09-20T23:55:05.284210+00:00, run_after=2022-09-21T03:55:05.284210+00:00
[2022-09-21 00:13:18,667] {processor.py:161} INFO - Processing /home/airflow/.local/lib/python3.7/site-packages/airflow/example_dags/example_latest_only.py took 0.217 seconds
[2022-09-21 00:13:48,836] {processor.py:153} INFO - Started process (PID=21140) to work on /home/airflow/.local/lib/python3.7/site-packages/airflow/example_dags/example_latest_only.py
[2022-09-21 00:13:48,837] {processor.py:641} INFO - Processing file /home/airflow/.local/lib/python3.7/site-packages/airflow/example_dags/example_latest_only.py for tasks to queue
[2022-09-21 00:13:48,838] {logging_mixin.py:115} INFO - [2022-09-21 00:13:48,838] {dagbag.py:507} INFO - Filling up the DagBag from /home/airflow/.local/lib/python3.7/site-packages/airflow/example_dags/example_latest_only.py
[2022-09-21 00:13:48,846] {processor.py:651} INFO - DAG(s) dict_keys(['latest_only']) retrieved from /home/airflow/.local/lib/python3.7/site-packages/airflow/example_dags/example_latest_only.py
[2022-09-21 00:13:48,892] {logging_mixin.py:115} INFO - [2022-09-21 00:13:48,892] {dag.py:2371} INFO - Sync 1 DAGs
[2022-09-21 00:13:48,935] {logging_mixin.py:115} INFO - [2022-09-21 00:13:48,935] {dag.py:2919} INFO - Setting next_dagrun for latest_only to 2022-09-20T23:55:05.284210+00:00, run_after=2022-09-21T03:55:05.284210+00:00
[2022-09-21 00:13:48,978] {processor.py:161} INFO - Processing /home/airflow/.local/lib/python3.7/site-packages/airflow/example_dags/example_latest_only.py took 0.148 seconds
[2022-09-21 00:14:19,148] {processor.py:153} INFO - Started process (PID=21200) to work on /home/airflow/.local/lib/python3.7/site-packages/airflow/example_dags/example_latest_only.py
[2022-09-21 00:14:19,189] {processor.py:641} INFO - Processing file /home/airflow/.local/lib/python3.7/site-packages/airflow/example_dags/example_latest_only.py for tasks to queue
[2022-09-21 00:14:19,190] {logging_mixin.py:115} INFO - [2022-09-21 00:14:19,190] {dagbag.py:507} INFO - Filling up the DagBag from /home/airflow/.local/lib/python3.7/site-packages/airflow/example_dags/example_latest_only.py
[2022-09-21 00:14:19,206] {processor.py:651} INFO - DAG(s) dict_keys(['latest_only']) retrieved from /home/airflow/.local/lib/python3.7/site-packages/airflow/example_dags/example_latest_only.py
[2022-09-21 00:14:19,333] {logging_mixin.py:115} INFO - [2022-09-21 00:14:19,333] {dag.py:2371} INFO - Sync 1 DAGs
[2022-09-21 00:14:19,399] {logging_mixin.py:115} INFO - [2022-09-21 00:14:19,399] {dag.py:2919} INFO - Setting next_dagrun for latest_only to 2022-09-20T23:55:05.284210+00:00, run_after=2022-09-21T03:55:05.284210+00:00
[2022-09-21 00:14:19,430] {processor.py:161} INFO - Processing /home/airflow/.local/lib/python3.7/site-packages/airflow/example_dags/example_latest_only.py took 0.286 seconds
[2022-09-21 00:14:49,568] {processor.py:153} INFO - Started process (PID=21251) to work on /home/airflow/.local/lib/python3.7/site-packages/airflow/example_dags/example_latest_only.py
[2022-09-21 00:14:49,569] {processor.py:641} INFO - Processing file /home/airflow/.local/lib/python3.7/site-packages/airflow/example_dags/example_latest_only.py for tasks to queue
[2022-09-21 00:14:49,569] {logging_mixin.py:115} INFO - [2022-09-21 00:14:49,569] {dagbag.py:507} INFO - Filling up the DagBag from /home/airflow/.local/lib/python3.7/site-packages/airflow/example_dags/example_latest_only.py
[2022-09-21 00:14:49,577] {processor.py:651} INFO - DAG(s) dict_keys(['latest_only']) retrieved from /home/airflow/.local/lib/python3.7/site-packages/airflow/example_dags/example_latest_only.py
[2022-09-21 00:14:49,610] {logging_mixin.py:115} INFO - [2022-09-21 00:14:49,610] {dag.py:2371} INFO - Sync 1 DAGs
[2022-09-21 00:14:49,646] {logging_mixin.py:115} INFO - [2022-09-21 00:14:49,646] {dag.py:2919} INFO - Setting next_dagrun for latest_only to 2022-09-20T23:55:05.284210+00:00, run_after=2022-09-21T03:55:05.284210+00:00
[2022-09-21 00:14:49,682] {processor.py:161} INFO - Processing /home/airflow/.local/lib/python3.7/site-packages/airflow/example_dags/example_latest_only.py took 0.117 seconds
[2022-09-21 00:15:20,013] {processor.py:153} INFO - Started process (PID=21303) to work on /home/airflow/.local/lib/python3.7/site-packages/airflow/example_dags/example_latest_only.py
[2022-09-21 00:15:20,047] {processor.py:641} INFO - Processing file /home/airflow/.local/lib/python3.7/site-packages/airflow/example_dags/example_latest_only.py for tasks to queue
[2022-09-21 00:15:20,048] {logging_mixin.py:115} INFO - [2022-09-21 00:15:20,048] {dagbag.py:507} INFO - Filling up the DagBag from /home/airflow/.local/lib/python3.7/site-packages/airflow/example_dags/example_latest_only.py
[2022-09-21 00:15:20,056] {processor.py:651} INFO - DAG(s) dict_keys(['latest_only']) retrieved from /home/airflow/.local/lib/python3.7/site-packages/airflow/example_dags/example_latest_only.py
[2022-09-21 00:15:20,104] {logging_mixin.py:115} INFO - [2022-09-21 00:15:20,104] {dag.py:2371} INFO - Sync 1 DAGs
[2022-09-21 00:15:20,162] {logging_mixin.py:115} INFO - [2022-09-21 00:15:20,159] {dag.py:2919} INFO - Setting next_dagrun for latest_only to 2022-09-20T23:55:05.284210+00:00, run_after=2022-09-21T03:55:05.284210+00:00
[2022-09-21 00:15:20,196] {processor.py:161} INFO - Processing /home/airflow/.local/lib/python3.7/site-packages/airflow/example_dags/example_latest_only.py took 0.189 seconds
[2022-09-21 00:15:50,928] {processor.py:153} INFO - Started process (PID=21363) to work on /home/airflow/.local/lib/python3.7/site-packages/airflow/example_dags/example_latest_only.py
[2022-09-21 00:15:50,929] {processor.py:641} INFO - Processing file /home/airflow/.local/lib/python3.7/site-packages/airflow/example_dags/example_latest_only.py for tasks to queue
[2022-09-21 00:15:50,930] {logging_mixin.py:115} INFO - [2022-09-21 00:15:50,930] {dagbag.py:507} INFO - Filling up the DagBag from /home/airflow/.local/lib/python3.7/site-packages/airflow/example_dags/example_latest_only.py
[2022-09-21 00:15:50,937] {processor.py:651} INFO - DAG(s) dict_keys(['latest_only']) retrieved from /home/airflow/.local/lib/python3.7/site-packages/airflow/example_dags/example_latest_only.py
[2022-09-21 00:15:50,979] {logging_mixin.py:115} INFO - [2022-09-21 00:15:50,979] {dag.py:2371} INFO - Sync 1 DAGs
[2022-09-21 00:15:51,018] {logging_mixin.py:115} INFO - [2022-09-21 00:15:51,018] {dag.py:2919} INFO - Setting next_dagrun for latest_only to 2022-09-20T23:55:05.284210+00:00, run_after=2022-09-21T03:55:05.284210+00:00
[2022-09-21 00:15:51,054] {processor.py:161} INFO - Processing /home/airflow/.local/lib/python3.7/site-packages/airflow/example_dags/example_latest_only.py took 0.130 seconds
[2022-09-21 00:16:21,576] {processor.py:153} INFO - Started process (PID=21416) to work on /home/airflow/.local/lib/python3.7/site-packages/airflow/example_dags/example_latest_only.py
[2022-09-21 00:16:21,617] {processor.py:641} INFO - Processing file /home/airflow/.local/lib/python3.7/site-packages/airflow/example_dags/example_latest_only.py for tasks to queue
[2022-09-21 00:16:21,617] {logging_mixin.py:115} INFO - [2022-09-21 00:16:21,617] {dagbag.py:507} INFO - Filling up the DagBag from /home/airflow/.local/lib/python3.7/site-packages/airflow/example_dags/example_latest_only.py
[2022-09-21 00:16:21,623] {processor.py:651} INFO - DAG(s) dict_keys(['latest_only']) retrieved from /home/airflow/.local/lib/python3.7/site-packages/airflow/example_dags/example_latest_only.py
[2022-09-21 00:16:21,661] {logging_mixin.py:115} INFO - [2022-09-21 00:16:21,661] {dag.py:2371} INFO - Sync 1 DAGs
[2022-09-21 00:16:21,711] {logging_mixin.py:115} INFO - [2022-09-21 00:16:21,710] {dag.py:2919} INFO - Setting next_dagrun for latest_only to 2022-09-20T23:55:05.284210+00:00, run_after=2022-09-21T03:55:05.284210+00:00
[2022-09-21 00:16:21,744] {processor.py:161} INFO - Processing /home/airflow/.local/lib/python3.7/site-packages/airflow/example_dags/example_latest_only.py took 0.175 seconds
[2022-09-21 00:16:51,998] {processor.py:153} INFO - Started process (PID=21478) to work on /home/airflow/.local/lib/python3.7/site-packages/airflow/example_dags/example_latest_only.py
[2022-09-21 00:16:52,008] {processor.py:641} INFO - Processing file /home/airflow/.local/lib/python3.7/site-packages/airflow/example_dags/example_latest_only.py for tasks to queue
[2022-09-21 00:16:52,009] {logging_mixin.py:115} INFO - [2022-09-21 00:16:52,009] {dagbag.py:507} INFO - Filling up the DagBag from /home/airflow/.local/lib/python3.7/site-packages/airflow/example_dags/example_latest_only.py
[2022-09-21 00:16:52,024] {processor.py:651} INFO - DAG(s) dict_keys(['latest_only']) retrieved from /home/airflow/.local/lib/python3.7/site-packages/airflow/example_dags/example_latest_only.py
[2022-09-21 00:16:52,055] {logging_mixin.py:115} INFO - [2022-09-21 00:16:52,055] {dag.py:2371} INFO - Sync 1 DAGs
[2022-09-21 00:16:52,086] {logging_mixin.py:115} INFO - [2022-09-21 00:16:52,086] {dag.py:2919} INFO - Setting next_dagrun for latest_only to 2022-09-20T23:55:05.284210+00:00, run_after=2022-09-21T03:55:05.284210+00:00
[2022-09-21 00:16:52,133] {processor.py:161} INFO - Processing /home/airflow/.local/lib/python3.7/site-packages/airflow/example_dags/example_latest_only.py took 0.138 seconds
[2022-09-21 00:17:22,553] {processor.py:153} INFO - Started process (PID=21530) to work on /home/airflow/.local/lib/python3.7/site-packages/airflow/example_dags/example_latest_only.py
[2022-09-21 00:17:22,554] {processor.py:641} INFO - Processing file /home/airflow/.local/lib/python3.7/site-packages/airflow/example_dags/example_latest_only.py for tasks to queue
[2022-09-21 00:17:22,555] {logging_mixin.py:115} INFO - [2022-09-21 00:17:22,554] {dagbag.py:507} INFO - Filling up the DagBag from /home/airflow/.local/lib/python3.7/site-packages/airflow/example_dags/example_latest_only.py
[2022-09-21 00:17:22,564] {processor.py:651} INFO - DAG(s) dict_keys(['latest_only']) retrieved from /home/airflow/.local/lib/python3.7/site-packages/airflow/example_dags/example_latest_only.py
[2022-09-21 00:17:22,608] {logging_mixin.py:115} INFO - [2022-09-21 00:17:22,608] {dag.py:2371} INFO - Sync 1 DAGs
[2022-09-21 00:17:22,647] {logging_mixin.py:115} INFO - [2022-09-21 00:17:22,647] {dag.py:2919} INFO - Setting next_dagrun for latest_only to 2022-09-20T23:55:05.284210+00:00, run_after=2022-09-21T03:55:05.284210+00:00
[2022-09-21 00:17:22,702] {processor.py:161} INFO - Processing /home/airflow/.local/lib/python3.7/site-packages/airflow/example_dags/example_latest_only.py took 0.155 seconds
[2022-09-21 00:17:53,277] {processor.py:153} INFO - Started process (PID=21590) to work on /home/airflow/.local/lib/python3.7/site-packages/airflow/example_dags/example_latest_only.py
[2022-09-21 00:17:53,299] {processor.py:641} INFO - Processing file /home/airflow/.local/lib/python3.7/site-packages/airflow/example_dags/example_latest_only.py for tasks to queue
[2022-09-21 00:17:53,299] {logging_mixin.py:115} INFO - [2022-09-21 00:17:53,299] {dagbag.py:507} INFO - Filling up the DagBag from /home/airflow/.local/lib/python3.7/site-packages/airflow/example_dags/example_latest_only.py
[2022-09-21 00:17:53,305] {processor.py:651} INFO - DAG(s) dict_keys(['latest_only']) retrieved from /home/airflow/.local/lib/python3.7/site-packages/airflow/example_dags/example_latest_only.py
[2022-09-21 00:17:53,337] {logging_mixin.py:115} INFO - [2022-09-21 00:17:53,337] {dag.py:2371} INFO - Sync 1 DAGs
[2022-09-21 00:17:53,379] {logging_mixin.py:115} INFO - [2022-09-21 00:17:53,379] {dag.py:2919} INFO - Setting next_dagrun for latest_only to 2022-09-20T23:55:05.284210+00:00, run_after=2022-09-21T03:55:05.284210+00:00
[2022-09-21 00:17:53,438] {processor.py:161} INFO - Processing /home/airflow/.local/lib/python3.7/site-packages/airflow/example_dags/example_latest_only.py took 0.166 seconds
[2022-09-21 00:18:24,117] {processor.py:153} INFO - Started process (PID=21644) to work on /home/airflow/.local/lib/python3.7/site-packages/airflow/example_dags/example_latest_only.py
[2022-09-21 00:18:24,138] {processor.py:641} INFO - Processing file /home/airflow/.local/lib/python3.7/site-packages/airflow/example_dags/example_latest_only.py for tasks to queue
[2022-09-21 00:18:24,139] {logging_mixin.py:115} INFO - [2022-09-21 00:18:24,138] {dagbag.py:507} INFO - Filling up the DagBag from /home/airflow/.local/lib/python3.7/site-packages/airflow/example_dags/example_latest_only.py
[2022-09-21 00:18:24,144] {processor.py:651} INFO - DAG(s) dict_keys(['latest_only']) retrieved from /home/airflow/.local/lib/python3.7/site-packages/airflow/example_dags/example_latest_only.py
[2022-09-21 00:18:24,181] {logging_mixin.py:115} INFO - [2022-09-21 00:18:24,181] {dag.py:2371} INFO - Sync 1 DAGs
[2022-09-21 00:18:24,221] {logging_mixin.py:115} INFO - [2022-09-21 00:18:24,221] {dag.py:2919} INFO - Setting next_dagrun for latest_only to 2022-09-20T23:55:05.284210+00:00, run_after=2022-09-21T03:55:05.284210+00:00
[2022-09-21 00:18:24,262] {processor.py:161} INFO - Processing /home/airflow/.local/lib/python3.7/site-packages/airflow/example_dags/example_latest_only.py took 0.150 seconds
[2022-09-21 00:18:54,611] {processor.py:153} INFO - Started process (PID=21704) to work on /home/airflow/.local/lib/python3.7/site-packages/airflow/example_dags/example_latest_only.py
[2022-09-21 00:18:54,612] {processor.py:641} INFO - Processing file /home/airflow/.local/lib/python3.7/site-packages/airflow/example_dags/example_latest_only.py for tasks to queue
[2022-09-21 00:18:54,613] {logging_mixin.py:115} INFO - [2022-09-21 00:18:54,613] {dagbag.py:507} INFO - Filling up the DagBag from /home/airflow/.local/lib/python3.7/site-packages/airflow/example_dags/example_latest_only.py
[2022-09-21 00:18:54,620] {processor.py:651} INFO - DAG(s) dict_keys(['latest_only']) retrieved from /home/airflow/.local/lib/python3.7/site-packages/airflow/example_dags/example_latest_only.py
[2022-09-21 00:18:54,670] {logging_mixin.py:115} INFO - [2022-09-21 00:18:54,670] {dag.py:2371} INFO - Sync 1 DAGs
[2022-09-21 00:18:54,711] {logging_mixin.py:115} INFO - [2022-09-21 00:18:54,711] {dag.py:2919} INFO - Setting next_dagrun for latest_only to 2022-09-20T23:55:05.284210+00:00, run_after=2022-09-21T03:55:05.284210+00:00
[2022-09-21 00:18:54,746] {processor.py:161} INFO - Processing /home/airflow/.local/lib/python3.7/site-packages/airflow/example_dags/example_latest_only.py took 0.139 seconds
[2022-09-21 00:19:25,516] {processor.py:153} INFO - Started process (PID=21755) to work on /home/airflow/.local/lib/python3.7/site-packages/airflow/example_dags/example_latest_only.py
[2022-09-21 00:19:25,563] {processor.py:641} INFO - Processing file /home/airflow/.local/lib/python3.7/site-packages/airflow/example_dags/example_latest_only.py for tasks to queue
[2022-09-21 00:19:25,564] {logging_mixin.py:115} INFO - [2022-09-21 00:19:25,563] {dagbag.py:507} INFO - Filling up the DagBag from /home/airflow/.local/lib/python3.7/site-packages/airflow/example_dags/example_latest_only.py
[2022-09-21 00:19:25,572] {processor.py:651} INFO - DAG(s) dict_keys(['latest_only']) retrieved from /home/airflow/.local/lib/python3.7/site-packages/airflow/example_dags/example_latest_only.py
[2022-09-21 00:19:25,614] {logging_mixin.py:115} INFO - [2022-09-21 00:19:25,613] {dag.py:2371} INFO - Sync 1 DAGs
[2022-09-21 00:19:25,657] {logging_mixin.py:115} INFO - [2022-09-21 00:19:25,657] {dag.py:2919} INFO - Setting next_dagrun for latest_only to 2022-09-20T23:55:05.284210+00:00, run_after=2022-09-21T03:55:05.284210+00:00
[2022-09-21 00:19:25,696] {processor.py:161} INFO - Processing /home/airflow/.local/lib/python3.7/site-packages/airflow/example_dags/example_latest_only.py took 0.184 seconds
[2022-09-21 00:19:55,735] {processor.py:153} INFO - Started process (PID=21806) to work on /home/airflow/.local/lib/python3.7/site-packages/airflow/example_dags/example_latest_only.py
[2022-09-21 00:19:55,735] {processor.py:641} INFO - Processing file /home/airflow/.local/lib/python3.7/site-packages/airflow/example_dags/example_latest_only.py for tasks to queue
[2022-09-21 00:19:55,736] {logging_mixin.py:115} INFO - [2022-09-21 00:19:55,736] {dagbag.py:507} INFO - Filling up the DagBag from /home/airflow/.local/lib/python3.7/site-packages/airflow/example_dags/example_latest_only.py
[2022-09-21 00:19:55,741] {processor.py:651} INFO - DAG(s) dict_keys(['latest_only']) retrieved from /home/airflow/.local/lib/python3.7/site-packages/airflow/example_dags/example_latest_only.py
[2022-09-21 00:19:55,780] {logging_mixin.py:115} INFO - [2022-09-21 00:19:55,780] {dag.py:2371} INFO - Sync 1 DAGs
[2022-09-21 00:19:55,821] {logging_mixin.py:115} INFO - [2022-09-21 00:19:55,821] {dag.py:2919} INFO - Setting next_dagrun for latest_only to 2022-09-20T23:55:05.284210+00:00, run_after=2022-09-21T03:55:05.284210+00:00
[2022-09-21 00:19:55,844] {processor.py:161} INFO - Processing /home/airflow/.local/lib/python3.7/site-packages/airflow/example_dags/example_latest_only.py took 0.114 seconds
[2022-09-21 00:20:26,023] {processor.py:153} INFO - Started process (PID=21866) to work on /home/airflow/.local/lib/python3.7/site-packages/airflow/example_dags/example_latest_only.py
[2022-09-21 00:20:26,044] {processor.py:641} INFO - Processing file /home/airflow/.local/lib/python3.7/site-packages/airflow/example_dags/example_latest_only.py for tasks to queue
[2022-09-21 00:20:26,045] {logging_mixin.py:115} INFO - [2022-09-21 00:20:26,045] {dagbag.py:507} INFO - Filling up the DagBag from /home/airflow/.local/lib/python3.7/site-packages/airflow/example_dags/example_latest_only.py
[2022-09-21 00:20:26,055] {processor.py:651} INFO - DAG(s) dict_keys(['latest_only']) retrieved from /home/airflow/.local/lib/python3.7/site-packages/airflow/example_dags/example_latest_only.py
[2022-09-21 00:20:26,101] {logging_mixin.py:115} INFO - [2022-09-21 00:20:26,101] {dag.py:2371} INFO - Sync 1 DAGs
[2022-09-21 00:20:26,140] {logging_mixin.py:115} INFO - [2022-09-21 00:20:26,140] {dag.py:2919} INFO - Setting next_dagrun for latest_only to 2022-09-20T23:55:05.284210+00:00, run_after=2022-09-21T03:55:05.284210+00:00
[2022-09-21 00:20:26,205] {processor.py:161} INFO - Processing /home/airflow/.local/lib/python3.7/site-packages/airflow/example_dags/example_latest_only.py took 0.192 seconds
[2022-09-21 00:20:56,562] {processor.py:153} INFO - Started process (PID=21917) to work on /home/airflow/.local/lib/python3.7/site-packages/airflow/example_dags/example_latest_only.py
[2022-09-21 00:20:56,563] {processor.py:641} INFO - Processing file /home/airflow/.local/lib/python3.7/site-packages/airflow/example_dags/example_latest_only.py for tasks to queue
[2022-09-21 00:20:56,572] {logging_mixin.py:115} INFO - [2022-09-21 00:20:56,572] {dagbag.py:507} INFO - Filling up the DagBag from /home/airflow/.local/lib/python3.7/site-packages/airflow/example_dags/example_latest_only.py
[2022-09-21 00:20:56,583] {processor.py:651} INFO - DAG(s) dict_keys(['latest_only']) retrieved from /home/airflow/.local/lib/python3.7/site-packages/airflow/example_dags/example_latest_only.py
[2022-09-21 00:20:56,643] {logging_mixin.py:115} INFO - [2022-09-21 00:20:56,643] {dag.py:2371} INFO - Sync 1 DAGs
[2022-09-21 00:20:56,695] {logging_mixin.py:115} INFO - [2022-09-21 00:20:56,695] {dag.py:2919} INFO - Setting next_dagrun for latest_only to 2022-09-20T23:55:05.284210+00:00, run_after=2022-09-21T03:55:05.284210+00:00
[2022-09-21 00:20:56,931] {processor.py:161} INFO - Processing /home/airflow/.local/lib/python3.7/site-packages/airflow/example_dags/example_latest_only.py took 0.386 seconds
[2022-09-21 00:21:27,154] {processor.py:153} INFO - Started process (PID=21978) to work on /home/airflow/.local/lib/python3.7/site-packages/airflow/example_dags/example_latest_only.py
[2022-09-21 00:21:27,183] {processor.py:641} INFO - Processing file /home/airflow/.local/lib/python3.7/site-packages/airflow/example_dags/example_latest_only.py for tasks to queue
[2022-09-21 00:21:27,184] {logging_mixin.py:115} INFO - [2022-09-21 00:21:27,184] {dagbag.py:507} INFO - Filling up the DagBag from /home/airflow/.local/lib/python3.7/site-packages/airflow/example_dags/example_latest_only.py
[2022-09-21 00:21:27,206] {processor.py:651} INFO - DAG(s) dict_keys(['latest_only']) retrieved from /home/airflow/.local/lib/python3.7/site-packages/airflow/example_dags/example_latest_only.py
[2022-09-21 00:21:27,283] {logging_mixin.py:115} INFO - [2022-09-21 00:21:27,283] {dag.py:2371} INFO - Sync 1 DAGs
[2022-09-21 00:21:27,425] {logging_mixin.py:115} INFO - [2022-09-21 00:21:27,424] {dag.py:2919} INFO - Setting next_dagrun for latest_only to 2022-09-20T23:55:05.284210+00:00, run_after=2022-09-21T03:55:05.284210+00:00
[2022-09-21 00:21:27,489] {processor.py:161} INFO - Processing /home/airflow/.local/lib/python3.7/site-packages/airflow/example_dags/example_latest_only.py took 0.352 seconds
[2022-09-21 00:21:57,759] {processor.py:153} INFO - Started process (PID=22030) to work on /home/airflow/.local/lib/python3.7/site-packages/airflow/example_dags/example_latest_only.py
[2022-09-21 00:21:57,766] {processor.py:641} INFO - Processing file /home/airflow/.local/lib/python3.7/site-packages/airflow/example_dags/example_latest_only.py for tasks to queue
[2022-09-21 00:21:57,767] {logging_mixin.py:115} INFO - [2022-09-21 00:21:57,767] {dagbag.py:507} INFO - Filling up the DagBag from /home/airflow/.local/lib/python3.7/site-packages/airflow/example_dags/example_latest_only.py
[2022-09-21 00:21:57,801] {processor.py:651} INFO - DAG(s) dict_keys(['latest_only']) retrieved from /home/airflow/.local/lib/python3.7/site-packages/airflow/example_dags/example_latest_only.py
[2022-09-21 00:21:57,920] {logging_mixin.py:115} INFO - [2022-09-21 00:21:57,920] {dag.py:2371} INFO - Sync 1 DAGs
[2022-09-21 00:21:58,011] {logging_mixin.py:115} INFO - [2022-09-21 00:21:58,011] {dag.py:2919} INFO - Setting next_dagrun for latest_only to 2022-09-20T23:55:05.284210+00:00, run_after=2022-09-21T03:55:05.284210+00:00
[2022-09-21 00:21:58,055] {processor.py:161} INFO - Processing /home/airflow/.local/lib/python3.7/site-packages/airflow/example_dags/example_latest_only.py took 0.314 seconds
[2022-09-21 00:22:28,937] {processor.py:153} INFO - Started process (PID=22083) to work on /home/airflow/.local/lib/python3.7/site-packages/airflow/example_dags/example_latest_only.py
[2022-09-21 00:22:28,949] {processor.py:641} INFO - Processing file /home/airflow/.local/lib/python3.7/site-packages/airflow/example_dags/example_latest_only.py for tasks to queue
[2022-09-21 00:22:28,950] {logging_mixin.py:115} INFO - [2022-09-21 00:22:28,950] {dagbag.py:507} INFO - Filling up the DagBag from /home/airflow/.local/lib/python3.7/site-packages/airflow/example_dags/example_latest_only.py
[2022-09-21 00:22:28,956] {processor.py:651} INFO - DAG(s) dict_keys(['latest_only']) retrieved from /home/airflow/.local/lib/python3.7/site-packages/airflow/example_dags/example_latest_only.py
[2022-09-21 00:22:28,990] {logging_mixin.py:115} INFO - [2022-09-21 00:22:28,990] {dag.py:2371} INFO - Sync 1 DAGs
[2022-09-21 00:22:29,028] {logging_mixin.py:115} INFO - [2022-09-21 00:22:29,028] {dag.py:2919} INFO - Setting next_dagrun for latest_only to 2022-09-20T23:55:05.284210+00:00, run_after=2022-09-21T03:55:05.284210+00:00
[2022-09-21 00:22:29,064] {processor.py:161} INFO - Processing /home/airflow/.local/lib/python3.7/site-packages/airflow/example_dags/example_latest_only.py took 0.132 seconds
[2022-09-21 00:22:59,229] {processor.py:153} INFO - Started process (PID=22142) to work on /home/airflow/.local/lib/python3.7/site-packages/airflow/example_dags/example_latest_only.py
[2022-09-21 00:22:59,230] {processor.py:641} INFO - Processing file /home/airflow/.local/lib/python3.7/site-packages/airflow/example_dags/example_latest_only.py for tasks to queue
[2022-09-21 00:22:59,232] {logging_mixin.py:115} INFO - [2022-09-21 00:22:59,232] {dagbag.py:507} INFO - Filling up the DagBag from /home/airflow/.local/lib/python3.7/site-packages/airflow/example_dags/example_latest_only.py
[2022-09-21 00:22:59,252] {processor.py:651} INFO - DAG(s) dict_keys(['latest_only']) retrieved from /home/airflow/.local/lib/python3.7/site-packages/airflow/example_dags/example_latest_only.py
[2022-09-21 00:22:59,294] {logging_mixin.py:115} INFO - [2022-09-21 00:22:59,294] {dag.py:2371} INFO - Sync 1 DAGs
[2022-09-21 00:22:59,322] {logging_mixin.py:115} INFO - [2022-09-21 00:22:59,322] {dag.py:2919} INFO - Setting next_dagrun for latest_only to 2022-09-20T23:55:05.284210+00:00, run_after=2022-09-21T03:55:05.284210+00:00
[2022-09-21 00:22:59,358] {processor.py:161} INFO - Processing /home/airflow/.local/lib/python3.7/site-packages/airflow/example_dags/example_latest_only.py took 0.140 seconds
[2022-09-21 00:23:30,109] {processor.py:153} INFO - Started process (PID=22195) to work on /home/airflow/.local/lib/python3.7/site-packages/airflow/example_dags/example_latest_only.py
[2022-09-21 00:23:30,139] {processor.py:641} INFO - Processing file /home/airflow/.local/lib/python3.7/site-packages/airflow/example_dags/example_latest_only.py for tasks to queue
[2022-09-21 00:23:30,140] {logging_mixin.py:115} INFO - [2022-09-21 00:23:30,140] {dagbag.py:507} INFO - Filling up the DagBag from /home/airflow/.local/lib/python3.7/site-packages/airflow/example_dags/example_latest_only.py
[2022-09-21 00:23:30,148] {processor.py:651} INFO - DAG(s) dict_keys(['latest_only']) retrieved from /home/airflow/.local/lib/python3.7/site-packages/airflow/example_dags/example_latest_only.py
[2022-09-21 00:23:30,196] {logging_mixin.py:115} INFO - [2022-09-21 00:23:30,196] {dag.py:2371} INFO - Sync 1 DAGs
[2022-09-21 00:23:30,238] {logging_mixin.py:115} INFO - [2022-09-21 00:23:30,238] {dag.py:2919} INFO - Setting next_dagrun for latest_only to 2022-09-20T23:55:05.284210+00:00, run_after=2022-09-21T03:55:05.284210+00:00
[2022-09-21 00:23:30,269] {processor.py:161} INFO - Processing /home/airflow/.local/lib/python3.7/site-packages/airflow/example_dags/example_latest_only.py took 0.164 seconds
[2022-09-21 00:24:00,748] {processor.py:153} INFO - Started process (PID=22255) to work on /home/airflow/.local/lib/python3.7/site-packages/airflow/example_dags/example_latest_only.py
[2022-09-21 00:24:00,748] {processor.py:641} INFO - Processing file /home/airflow/.local/lib/python3.7/site-packages/airflow/example_dags/example_latest_only.py for tasks to queue
[2022-09-21 00:24:00,749] {logging_mixin.py:115} INFO - [2022-09-21 00:24:00,749] {dagbag.py:507} INFO - Filling up the DagBag from /home/airflow/.local/lib/python3.7/site-packages/airflow/example_dags/example_latest_only.py
[2022-09-21 00:24:00,759] {processor.py:651} INFO - DAG(s) dict_keys(['latest_only']) retrieved from /home/airflow/.local/lib/python3.7/site-packages/airflow/example_dags/example_latest_only.py
[2022-09-21 00:24:00,806] {logging_mixin.py:115} INFO - [2022-09-21 00:24:00,806] {dag.py:2371} INFO - Sync 1 DAGs
[2022-09-21 00:24:00,847] {logging_mixin.py:115} INFO - [2022-09-21 00:24:00,847] {dag.py:2919} INFO - Setting next_dagrun for latest_only to 2022-09-20T23:55:05.284210+00:00, run_after=2022-09-21T03:55:05.284210+00:00
[2022-09-21 00:24:00,903] {processor.py:161} INFO - Processing /home/airflow/.local/lib/python3.7/site-packages/airflow/example_dags/example_latest_only.py took 0.162 seconds
[2022-09-21 00:24:31,505] {processor.py:153} INFO - Started process (PID=22306) to work on /home/airflow/.local/lib/python3.7/site-packages/airflow/example_dags/example_latest_only.py
[2022-09-21 00:24:31,521] {processor.py:641} INFO - Processing file /home/airflow/.local/lib/python3.7/site-packages/airflow/example_dags/example_latest_only.py for tasks to queue
[2022-09-21 00:24:31,522] {logging_mixin.py:115} INFO - [2022-09-21 00:24:31,522] {dagbag.py:507} INFO - Filling up the DagBag from /home/airflow/.local/lib/python3.7/site-packages/airflow/example_dags/example_latest_only.py
[2022-09-21 00:24:31,531] {processor.py:651} INFO - DAG(s) dict_keys(['latest_only']) retrieved from /home/airflow/.local/lib/python3.7/site-packages/airflow/example_dags/example_latest_only.py
[2022-09-21 00:24:31,571] {logging_mixin.py:115} INFO - [2022-09-21 00:24:31,571] {dag.py:2371} INFO - Sync 1 DAGs
[2022-09-21 00:24:31,625] {logging_mixin.py:115} INFO - [2022-09-21 00:24:31,625] {dag.py:2919} INFO - Setting next_dagrun for latest_only to 2022-09-20T23:55:05.284210+00:00, run_after=2022-09-21T03:55:05.284210+00:00
[2022-09-21 00:24:31,661] {processor.py:161} INFO - Processing /home/airflow/.local/lib/python3.7/site-packages/airflow/example_dags/example_latest_only.py took 0.160 seconds
[2022-09-21 00:25:02,493] {processor.py:153} INFO - Started process (PID=22367) to work on /home/airflow/.local/lib/python3.7/site-packages/airflow/example_dags/example_latest_only.py
[2022-09-21 00:25:02,493] {processor.py:641} INFO - Processing file /home/airflow/.local/lib/python3.7/site-packages/airflow/example_dags/example_latest_only.py for tasks to queue
[2022-09-21 00:25:02,494] {logging_mixin.py:115} INFO - [2022-09-21 00:25:02,494] {dagbag.py:507} INFO - Filling up the DagBag from /home/airflow/.local/lib/python3.7/site-packages/airflow/example_dags/example_latest_only.py
[2022-09-21 00:25:02,502] {processor.py:651} INFO - DAG(s) dict_keys(['latest_only']) retrieved from /home/airflow/.local/lib/python3.7/site-packages/airflow/example_dags/example_latest_only.py
[2022-09-21 00:25:02,544] {logging_mixin.py:115} INFO - [2022-09-21 00:25:02,544] {dag.py:2371} INFO - Sync 1 DAGs
[2022-09-21 00:25:02,584] {logging_mixin.py:115} INFO - [2022-09-21 00:25:02,584] {dag.py:2919} INFO - Setting next_dagrun for latest_only to 2022-09-20T23:55:05.284210+00:00, run_after=2022-09-21T03:55:05.284210+00:00
[2022-09-21 00:25:02,668] {processor.py:161} INFO - Processing /home/airflow/.local/lib/python3.7/site-packages/airflow/example_dags/example_latest_only.py took 0.180 seconds
[2022-09-21 00:25:32,815] {processor.py:153} INFO - Started process (PID=22420) to work on /home/airflow/.local/lib/python3.7/site-packages/airflow/example_dags/example_latest_only.py
[2022-09-21 00:25:32,828] {processor.py:641} INFO - Processing file /home/airflow/.local/lib/python3.7/site-packages/airflow/example_dags/example_latest_only.py for tasks to queue
[2022-09-21 00:25:32,831] {logging_mixin.py:115} INFO - [2022-09-21 00:25:32,830] {dagbag.py:507} INFO - Filling up the DagBag from /home/airflow/.local/lib/python3.7/site-packages/airflow/example_dags/example_latest_only.py
[2022-09-21 00:25:32,852] {processor.py:651} INFO - DAG(s) dict_keys(['latest_only']) retrieved from /home/airflow/.local/lib/python3.7/site-packages/airflow/example_dags/example_latest_only.py
[2022-09-21 00:25:32,898] {logging_mixin.py:115} INFO - [2022-09-21 00:25:32,898] {dag.py:2371} INFO - Sync 1 DAGs
[2022-09-21 00:25:32,936] {logging_mixin.py:115} INFO - [2022-09-21 00:25:32,936] {dag.py:2919} INFO - Setting next_dagrun for latest_only to 2022-09-20T23:55:05.284210+00:00, run_after=2022-09-21T03:55:05.284210+00:00
[2022-09-21 00:25:32,971] {processor.py:161} INFO - Processing /home/airflow/.local/lib/python3.7/site-packages/airflow/example_dags/example_latest_only.py took 0.173 seconds
[2022-09-21 00:26:03,647] {processor.py:153} INFO - Started process (PID=22471) to work on /home/airflow/.local/lib/python3.7/site-packages/airflow/example_dags/example_latest_only.py
[2022-09-21 00:26:03,648] {processor.py:641} INFO - Processing file /home/airflow/.local/lib/python3.7/site-packages/airflow/example_dags/example_latest_only.py for tasks to queue
[2022-09-21 00:26:03,649] {logging_mixin.py:115} INFO - [2022-09-21 00:26:03,648] {dagbag.py:507} INFO - Filling up the DagBag from /home/airflow/.local/lib/python3.7/site-packages/airflow/example_dags/example_latest_only.py
[2022-09-21 00:26:03,657] {processor.py:651} INFO - DAG(s) dict_keys(['latest_only']) retrieved from /home/airflow/.local/lib/python3.7/site-packages/airflow/example_dags/example_latest_only.py
[2022-09-21 00:26:03,698] {logging_mixin.py:115} INFO - [2022-09-21 00:26:03,698] {dag.py:2371} INFO - Sync 1 DAGs
[2022-09-21 00:26:03,737] {logging_mixin.py:115} INFO - [2022-09-21 00:26:03,737] {dag.py:2919} INFO - Setting next_dagrun for latest_only to 2022-09-20T23:55:05.284210+00:00, run_after=2022-09-21T03:55:05.284210+00:00
[2022-09-21 00:26:03,774] {processor.py:161} INFO - Processing /home/airflow/.local/lib/python3.7/site-packages/airflow/example_dags/example_latest_only.py took 0.132 seconds
[2022-09-21 00:26:33,982] {processor.py:153} INFO - Started process (PID=22531) to work on /home/airflow/.local/lib/python3.7/site-packages/airflow/example_dags/example_latest_only.py
[2022-09-21 00:26:34,023] {processor.py:641} INFO - Processing file /home/airflow/.local/lib/python3.7/site-packages/airflow/example_dags/example_latest_only.py for tasks to queue
[2022-09-21 00:26:34,024] {logging_mixin.py:115} INFO - [2022-09-21 00:26:34,023] {dagbag.py:507} INFO - Filling up the DagBag from /home/airflow/.local/lib/python3.7/site-packages/airflow/example_dags/example_latest_only.py
[2022-09-21 00:26:34,034] {processor.py:651} INFO - DAG(s) dict_keys(['latest_only']) retrieved from /home/airflow/.local/lib/python3.7/site-packages/airflow/example_dags/example_latest_only.py
[2022-09-21 00:26:34,178] {logging_mixin.py:115} INFO - [2022-09-21 00:26:34,178] {dag.py:2371} INFO - Sync 1 DAGs
[2022-09-21 00:26:34,238] {logging_mixin.py:115} INFO - [2022-09-21 00:26:34,237] {dag.py:2919} INFO - Setting next_dagrun for latest_only to 2022-09-20T23:55:05.284210+00:00, run_after=2022-09-21T03:55:05.284210+00:00
[2022-09-21 00:26:34,478] {processor.py:161} INFO - Processing /home/airflow/.local/lib/python3.7/site-packages/airflow/example_dags/example_latest_only.py took 0.516 seconds
[2022-09-21 00:27:04,891] {processor.py:153} INFO - Started process (PID=22583) to work on /home/airflow/.local/lib/python3.7/site-packages/airflow/example_dags/example_latest_only.py
[2022-09-21 00:27:04,891] {processor.py:641} INFO - Processing file /home/airflow/.local/lib/python3.7/site-packages/airflow/example_dags/example_latest_only.py for tasks to queue
[2022-09-21 00:27:04,892] {logging_mixin.py:115} INFO - [2022-09-21 00:27:04,892] {dagbag.py:507} INFO - Filling up the DagBag from /home/airflow/.local/lib/python3.7/site-packages/airflow/example_dags/example_latest_only.py
[2022-09-21 00:27:04,901] {processor.py:651} INFO - DAG(s) dict_keys(['latest_only']) retrieved from /home/airflow/.local/lib/python3.7/site-packages/airflow/example_dags/example_latest_only.py
[2022-09-21 00:27:05,016] {logging_mixin.py:115} INFO - [2022-09-21 00:27:05,016] {dag.py:2371} INFO - Sync 1 DAGs
[2022-09-21 00:27:05,077] {logging_mixin.py:115} INFO - [2022-09-21 00:27:05,076] {dag.py:2919} INFO - Setting next_dagrun for latest_only to 2022-09-20T23:55:05.284210+00:00, run_after=2022-09-21T03:55:05.284210+00:00
[2022-09-21 00:27:05,192] {processor.py:161} INFO - Processing /home/airflow/.local/lib/python3.7/site-packages/airflow/example_dags/example_latest_only.py took 0.313 seconds
[2022-09-21 00:27:35,366] {processor.py:153} INFO - Started process (PID=22641) to work on /home/airflow/.local/lib/python3.7/site-packages/airflow/example_dags/example_latest_only.py
[2022-09-21 00:27:35,413] {processor.py:641} INFO - Processing file /home/airflow/.local/lib/python3.7/site-packages/airflow/example_dags/example_latest_only.py for tasks to queue
[2022-09-21 00:27:35,414] {logging_mixin.py:115} INFO - [2022-09-21 00:27:35,414] {dagbag.py:507} INFO - Filling up the DagBag from /home/airflow/.local/lib/python3.7/site-packages/airflow/example_dags/example_latest_only.py
[2022-09-21 00:27:35,422] {processor.py:651} INFO - DAG(s) dict_keys(['latest_only']) retrieved from /home/airflow/.local/lib/python3.7/site-packages/airflow/example_dags/example_latest_only.py
[2022-09-21 00:27:35,458] {logging_mixin.py:115} INFO - [2022-09-21 00:27:35,458] {dag.py:2371} INFO - Sync 1 DAGs
[2022-09-21 00:27:35,492] {logging_mixin.py:115} INFO - [2022-09-21 00:27:35,492] {dag.py:2919} INFO - Setting next_dagrun for latest_only to 2022-09-20T23:55:05.284210+00:00, run_after=2022-09-21T03:55:05.284210+00:00
[2022-09-21 00:27:35,538] {processor.py:161} INFO - Processing /home/airflow/.local/lib/python3.7/site-packages/airflow/example_dags/example_latest_only.py took 0.178 seconds
[2022-09-21 00:28:05,635] {processor.py:153} INFO - Started process (PID=22695) to work on /home/airflow/.local/lib/python3.7/site-packages/airflow/example_dags/example_latest_only.py
[2022-09-21 00:28:05,636] {processor.py:641} INFO - Processing file /home/airflow/.local/lib/python3.7/site-packages/airflow/example_dags/example_latest_only.py for tasks to queue
[2022-09-21 00:28:05,637] {logging_mixin.py:115} INFO - [2022-09-21 00:28:05,637] {dagbag.py:507} INFO - Filling up the DagBag from /home/airflow/.local/lib/python3.7/site-packages/airflow/example_dags/example_latest_only.py
[2022-09-21 00:28:05,645] {processor.py:651} INFO - DAG(s) dict_keys(['latest_only']) retrieved from /home/airflow/.local/lib/python3.7/site-packages/airflow/example_dags/example_latest_only.py
[2022-09-21 00:28:05,675] {logging_mixin.py:115} INFO - [2022-09-21 00:28:05,675] {dag.py:2371} INFO - Sync 1 DAGs
[2022-09-21 00:28:05,702] {logging_mixin.py:115} INFO - [2022-09-21 00:28:05,702] {dag.py:2919} INFO - Setting next_dagrun for latest_only to 2022-09-20T23:55:05.284210+00:00, run_after=2022-09-21T03:55:05.284210+00:00
[2022-09-21 00:28:05,741] {processor.py:161} INFO - Processing /home/airflow/.local/lib/python3.7/site-packages/airflow/example_dags/example_latest_only.py took 0.112 seconds
[2022-09-21 00:28:36,079] {processor.py:153} INFO - Started process (PID=22749) to work on /home/airflow/.local/lib/python3.7/site-packages/airflow/example_dags/example_latest_only.py
[2022-09-21 00:28:36,193] {processor.py:641} INFO - Processing file /home/airflow/.local/lib/python3.7/site-packages/airflow/example_dags/example_latest_only.py for tasks to queue
[2022-09-21 00:28:36,194] {logging_mixin.py:115} INFO - [2022-09-21 00:28:36,193] {dagbag.py:507} INFO - Filling up the DagBag from /home/airflow/.local/lib/python3.7/site-packages/airflow/example_dags/example_latest_only.py
[2022-09-21 00:28:36,201] {processor.py:651} INFO - DAG(s) dict_keys(['latest_only']) retrieved from /home/airflow/.local/lib/python3.7/site-packages/airflow/example_dags/example_latest_only.py
[2022-09-21 00:28:36,242] {logging_mixin.py:115} INFO - [2022-09-21 00:28:36,241] {dag.py:2371} INFO - Sync 1 DAGs
[2022-09-21 00:28:36,277] {logging_mixin.py:115} INFO - [2022-09-21 00:28:36,276] {dag.py:2919} INFO - Setting next_dagrun for latest_only to 2022-09-20T23:55:05.284210+00:00, run_after=2022-09-21T03:55:05.284210+00:00
[2022-09-21 00:28:36,362] {processor.py:161} INFO - Processing /home/airflow/.local/lib/python3.7/site-packages/airflow/example_dags/example_latest_only.py took 0.287 seconds
[2022-09-21 00:29:06,417] {processor.py:153} INFO - Started process (PID=22810) to work on /home/airflow/.local/lib/python3.7/site-packages/airflow/example_dags/example_latest_only.py
[2022-09-21 00:29:06,420] {processor.py:641} INFO - Processing file /home/airflow/.local/lib/python3.7/site-packages/airflow/example_dags/example_latest_only.py for tasks to queue
[2022-09-21 00:29:06,422] {logging_mixin.py:115} INFO - [2022-09-21 00:29:06,422] {dagbag.py:507} INFO - Filling up the DagBag from /home/airflow/.local/lib/python3.7/site-packages/airflow/example_dags/example_latest_only.py
[2022-09-21 00:29:06,431] {processor.py:651} INFO - DAG(s) dict_keys(['latest_only']) retrieved from /home/airflow/.local/lib/python3.7/site-packages/airflow/example_dags/example_latest_only.py
[2022-09-21 00:29:06,479] {logging_mixin.py:115} INFO - [2022-09-21 00:29:06,479] {dag.py:2371} INFO - Sync 1 DAGs
[2022-09-21 00:29:06,521] {logging_mixin.py:115} INFO - [2022-09-21 00:29:06,521] {dag.py:2919} INFO - Setting next_dagrun for latest_only to 2022-09-20T23:55:05.284210+00:00, run_after=2022-09-21T03:55:05.284210+00:00
[2022-09-21 00:29:06,560] {processor.py:161} INFO - Processing /home/airflow/.local/lib/python3.7/site-packages/airflow/example_dags/example_latest_only.py took 0.147 seconds
[2022-09-21 00:29:36,924] {processor.py:153} INFO - Started process (PID=22863) to work on /home/airflow/.local/lib/python3.7/site-packages/airflow/example_dags/example_latest_only.py
[2022-09-21 00:29:36,925] {processor.py:641} INFO - Processing file /home/airflow/.local/lib/python3.7/site-packages/airflow/example_dags/example_latest_only.py for tasks to queue
[2022-09-21 00:29:36,925] {logging_mixin.py:115} INFO - [2022-09-21 00:29:36,925] {dagbag.py:507} INFO - Filling up the DagBag from /home/airflow/.local/lib/python3.7/site-packages/airflow/example_dags/example_latest_only.py
[2022-09-21 00:29:36,932] {processor.py:651} INFO - DAG(s) dict_keys(['latest_only']) retrieved from /home/airflow/.local/lib/python3.7/site-packages/airflow/example_dags/example_latest_only.py
[2022-09-21 00:29:36,966] {logging_mixin.py:115} INFO - [2022-09-21 00:29:36,966] {dag.py:2371} INFO - Sync 1 DAGs
[2022-09-21 00:29:36,993] {logging_mixin.py:115} INFO - [2022-09-21 00:29:36,993] {dag.py:2919} INFO - Setting next_dagrun for latest_only to 2022-09-20T23:55:05.284210+00:00, run_after=2022-09-21T03:55:05.284210+00:00
[2022-09-21 00:29:37,028] {processor.py:161} INFO - Processing /home/airflow/.local/lib/python3.7/site-packages/airflow/example_dags/example_latest_only.py took 0.109 seconds
[2022-09-21 00:30:07,449] {processor.py:153} INFO - Started process (PID=22925) to work on /home/airflow/.local/lib/python3.7/site-packages/airflow/example_dags/example_latest_only.py
[2022-09-21 00:30:07,450] {processor.py:641} INFO - Processing file /home/airflow/.local/lib/python3.7/site-packages/airflow/example_dags/example_latest_only.py for tasks to queue
[2022-09-21 00:30:07,451] {logging_mixin.py:115} INFO - [2022-09-21 00:30:07,450] {dagbag.py:507} INFO - Filling up the DagBag from /home/airflow/.local/lib/python3.7/site-packages/airflow/example_dags/example_latest_only.py
[2022-09-21 00:30:07,459] {processor.py:651} INFO - DAG(s) dict_keys(['latest_only']) retrieved from /home/airflow/.local/lib/python3.7/site-packages/airflow/example_dags/example_latest_only.py
[2022-09-21 00:30:07,504] {logging_mixin.py:115} INFO - [2022-09-21 00:30:07,504] {dag.py:2371} INFO - Sync 1 DAGs
[2022-09-21 00:30:07,593] {logging_mixin.py:115} INFO - [2022-09-21 00:30:07,593] {dag.py:2919} INFO - Setting next_dagrun for latest_only to 2022-09-20T23:55:05.284210+00:00, run_after=2022-09-21T03:55:05.284210+00:00
[2022-09-21 00:30:07,643] {processor.py:161} INFO - Processing /home/airflow/.local/lib/python3.7/site-packages/airflow/example_dags/example_latest_only.py took 0.199 seconds
[2022-09-21 00:30:38,437] {processor.py:153} INFO - Started process (PID=22978) to work on /home/airflow/.local/lib/python3.7/site-packages/airflow/example_dags/example_latest_only.py
[2022-09-21 00:30:38,438] {processor.py:641} INFO - Processing file /home/airflow/.local/lib/python3.7/site-packages/airflow/example_dags/example_latest_only.py for tasks to queue
[2022-09-21 00:30:38,438] {logging_mixin.py:115} INFO - [2022-09-21 00:30:38,438] {dagbag.py:507} INFO - Filling up the DagBag from /home/airflow/.local/lib/python3.7/site-packages/airflow/example_dags/example_latest_only.py
[2022-09-21 00:30:38,445] {processor.py:651} INFO - DAG(s) dict_keys(['latest_only']) retrieved from /home/airflow/.local/lib/python3.7/site-packages/airflow/example_dags/example_latest_only.py
[2022-09-21 00:30:38,478] {logging_mixin.py:115} INFO - [2022-09-21 00:30:38,478] {dag.py:2371} INFO - Sync 1 DAGs
[2022-09-21 00:30:38,507] {logging_mixin.py:115} INFO - [2022-09-21 00:30:38,507] {dag.py:2919} INFO - Setting next_dagrun for latest_only to 2022-09-20T23:55:05.284210+00:00, run_after=2022-09-21T03:55:05.284210+00:00
[2022-09-21 00:30:38,546] {processor.py:161} INFO - Processing /home/airflow/.local/lib/python3.7/site-packages/airflow/example_dags/example_latest_only.py took 0.115 seconds
[2022-09-21 00:31:09,443] {processor.py:153} INFO - Started process (PID=23038) to work on /home/airflow/.local/lib/python3.7/site-packages/airflow/example_dags/example_latest_only.py
[2022-09-21 00:31:09,539] {processor.py:641} INFO - Processing file /home/airflow/.local/lib/python3.7/site-packages/airflow/example_dags/example_latest_only.py for tasks to queue
[2022-09-21 00:31:09,539] {logging_mixin.py:115} INFO - [2022-09-21 00:31:09,539] {dagbag.py:507} INFO - Filling up the DagBag from /home/airflow/.local/lib/python3.7/site-packages/airflow/example_dags/example_latest_only.py
[2022-09-21 00:31:09,547] {processor.py:651} INFO - DAG(s) dict_keys(['latest_only']) retrieved from /home/airflow/.local/lib/python3.7/site-packages/airflow/example_dags/example_latest_only.py
[2022-09-21 00:31:09,590] {logging_mixin.py:115} INFO - [2022-09-21 00:31:09,590] {dag.py:2371} INFO - Sync 1 DAGs
[2022-09-21 00:31:09,629] {logging_mixin.py:115} INFO - [2022-09-21 00:31:09,629] {dag.py:2919} INFO - Setting next_dagrun for latest_only to 2022-09-20T23:55:05.284210+00:00, run_after=2022-09-21T03:55:05.284210+00:00
[2022-09-21 00:31:09,661] {processor.py:161} INFO - Processing /home/airflow/.local/lib/python3.7/site-packages/airflow/example_dags/example_latest_only.py took 0.223 seconds
[2022-09-21 00:31:39,743] {processor.py:153} INFO - Started process (PID=23090) to work on /home/airflow/.local/lib/python3.7/site-packages/airflow/example_dags/example_latest_only.py
[2022-09-21 00:31:39,744] {processor.py:641} INFO - Processing file /home/airflow/.local/lib/python3.7/site-packages/airflow/example_dags/example_latest_only.py for tasks to queue
[2022-09-21 00:31:39,746] {logging_mixin.py:115} INFO - [2022-09-21 00:31:39,745] {dagbag.py:507} INFO - Filling up the DagBag from /home/airflow/.local/lib/python3.7/site-packages/airflow/example_dags/example_latest_only.py
[2022-09-21 00:31:39,755] {processor.py:651} INFO - DAG(s) dict_keys(['latest_only']) retrieved from /home/airflow/.local/lib/python3.7/site-packages/airflow/example_dags/example_latest_only.py
[2022-09-21 00:31:39,808] {logging_mixin.py:115} INFO - [2022-09-21 00:31:39,808] {dag.py:2371} INFO - Sync 1 DAGs
[2022-09-21 00:31:39,852] {logging_mixin.py:115} INFO - [2022-09-21 00:31:39,851] {dag.py:2919} INFO - Setting next_dagrun for latest_only to 2022-09-20T23:55:05.284210+00:00, run_after=2022-09-21T03:55:05.284210+00:00
[2022-09-21 00:31:39,896] {processor.py:161} INFO - Processing /home/airflow/.local/lib/python3.7/site-packages/airflow/example_dags/example_latest_only.py took 0.160 seconds
[2022-09-21 00:32:10,472] {processor.py:153} INFO - Started process (PID=23150) to work on /home/airflow/.local/lib/python3.7/site-packages/airflow/example_dags/example_latest_only.py
[2022-09-21 00:32:10,472] {processor.py:641} INFO - Processing file /home/airflow/.local/lib/python3.7/site-packages/airflow/example_dags/example_latest_only.py for tasks to queue
[2022-09-21 00:32:10,473] {logging_mixin.py:115} INFO - [2022-09-21 00:32:10,473] {dagbag.py:507} INFO - Filling up the DagBag from /home/airflow/.local/lib/python3.7/site-packages/airflow/example_dags/example_latest_only.py
[2022-09-21 00:32:10,479] {processor.py:651} INFO - DAG(s) dict_keys(['latest_only']) retrieved from /home/airflow/.local/lib/python3.7/site-packages/airflow/example_dags/example_latest_only.py
[2022-09-21 00:32:10,518] {logging_mixin.py:115} INFO - [2022-09-21 00:32:10,518] {dag.py:2371} INFO - Sync 1 DAGs
[2022-09-21 00:32:10,564] {logging_mixin.py:115} INFO - [2022-09-21 00:32:10,563] {dag.py:2919} INFO - Setting next_dagrun for latest_only to 2022-09-20T23:55:05.284210+00:00, run_after=2022-09-21T03:55:05.284210+00:00
[2022-09-21 00:32:10,611] {processor.py:161} INFO - Processing /home/airflow/.local/lib/python3.7/site-packages/airflow/example_dags/example_latest_only.py took 0.145 seconds
[2022-09-21 00:32:41,411] {processor.py:153} INFO - Started process (PID=23202) to work on /home/airflow/.local/lib/python3.7/site-packages/airflow/example_dags/example_latest_only.py
[2022-09-21 00:32:41,412] {processor.py:641} INFO - Processing file /home/airflow/.local/lib/python3.7/site-packages/airflow/example_dags/example_latest_only.py for tasks to queue
[2022-09-21 00:32:41,413] {logging_mixin.py:115} INFO - [2022-09-21 00:32:41,413] {dagbag.py:507} INFO - Filling up the DagBag from /home/airflow/.local/lib/python3.7/site-packages/airflow/example_dags/example_latest_only.py
[2022-09-21 00:32:41,421] {processor.py:651} INFO - DAG(s) dict_keys(['latest_only']) retrieved from /home/airflow/.local/lib/python3.7/site-packages/airflow/example_dags/example_latest_only.py
[2022-09-21 00:32:41,461] {logging_mixin.py:115} INFO - [2022-09-21 00:32:41,461] {dag.py:2371} INFO - Sync 1 DAGs
[2022-09-21 00:32:41,502] {logging_mixin.py:115} INFO - [2022-09-21 00:32:41,502] {dag.py:2919} INFO - Setting next_dagrun for latest_only to 2022-09-20T23:55:05.284210+00:00, run_after=2022-09-21T03:55:05.284210+00:00
[2022-09-21 00:32:41,536] {processor.py:161} INFO - Processing /home/airflow/.local/lib/python3.7/site-packages/airflow/example_dags/example_latest_only.py took 0.130 seconds
[2022-09-21 00:33:12,213] {processor.py:153} INFO - Started process (PID=23264) to work on /home/airflow/.local/lib/python3.7/site-packages/airflow/example_dags/example_latest_only.py
[2022-09-21 00:33:12,229] {processor.py:641} INFO - Processing file /home/airflow/.local/lib/python3.7/site-packages/airflow/example_dags/example_latest_only.py for tasks to queue
[2022-09-21 00:33:12,230] {logging_mixin.py:115} INFO - [2022-09-21 00:33:12,230] {dagbag.py:507} INFO - Filling up the DagBag from /home/airflow/.local/lib/python3.7/site-packages/airflow/example_dags/example_latest_only.py
[2022-09-21 00:33:12,239] {processor.py:651} INFO - DAG(s) dict_keys(['latest_only']) retrieved from /home/airflow/.local/lib/python3.7/site-packages/airflow/example_dags/example_latest_only.py
[2022-09-21 00:33:12,279] {logging_mixin.py:115} INFO - [2022-09-21 00:33:12,279] {dag.py:2371} INFO - Sync 1 DAGs
[2022-09-21 00:33:12,321] {logging_mixin.py:115} INFO - [2022-09-21 00:33:12,321] {dag.py:2919} INFO - Setting next_dagrun for latest_only to 2022-09-20T23:55:05.284210+00:00, run_after=2022-09-21T03:55:05.284210+00:00
[2022-09-21 00:33:12,359] {processor.py:161} INFO - Processing /home/airflow/.local/lib/python3.7/site-packages/airflow/example_dags/example_latest_only.py took 0.150 seconds
[2022-09-21 00:33:42,799] {processor.py:153} INFO - Started process (PID=23315) to work on /home/airflow/.local/lib/python3.7/site-packages/airflow/example_dags/example_latest_only.py
[2022-09-21 00:33:42,800] {processor.py:641} INFO - Processing file /home/airflow/.local/lib/python3.7/site-packages/airflow/example_dags/example_latest_only.py for tasks to queue
[2022-09-21 00:33:42,800] {logging_mixin.py:115} INFO - [2022-09-21 00:33:42,800] {dagbag.py:507} INFO - Filling up the DagBag from /home/airflow/.local/lib/python3.7/site-packages/airflow/example_dags/example_latest_only.py
[2022-09-21 00:33:42,808] {processor.py:651} INFO - DAG(s) dict_keys(['latest_only']) retrieved from /home/airflow/.local/lib/python3.7/site-packages/airflow/example_dags/example_latest_only.py
[2022-09-21 00:33:42,852] {logging_mixin.py:115} INFO - [2022-09-21 00:33:42,852] {dag.py:2371} INFO - Sync 1 DAGs
[2022-09-21 00:33:42,945] {logging_mixin.py:115} INFO - [2022-09-21 00:33:42,944] {dag.py:2919} INFO - Setting next_dagrun for latest_only to 2022-09-20T23:55:05.284210+00:00, run_after=2022-09-21T03:55:05.284210+00:00
[2022-09-21 00:33:43,141] {processor.py:161} INFO - Processing /home/airflow/.local/lib/python3.7/site-packages/airflow/example_dags/example_latest_only.py took 0.347 seconds
[2022-09-21 00:34:14,073] {processor.py:153} INFO - Started process (PID=23376) to work on /home/airflow/.local/lib/python3.7/site-packages/airflow/example_dags/example_latest_only.py
[2022-09-21 00:34:14,073] {processor.py:641} INFO - Processing file /home/airflow/.local/lib/python3.7/site-packages/airflow/example_dags/example_latest_only.py for tasks to queue
[2022-09-21 00:34:14,074] {logging_mixin.py:115} INFO - [2022-09-21 00:34:14,074] {dagbag.py:507} INFO - Filling up the DagBag from /home/airflow/.local/lib/python3.7/site-packages/airflow/example_dags/example_latest_only.py
[2022-09-21 00:34:14,082] {processor.py:651} INFO - DAG(s) dict_keys(['latest_only']) retrieved from /home/airflow/.local/lib/python3.7/site-packages/airflow/example_dags/example_latest_only.py
[2022-09-21 00:34:14,124] {logging_mixin.py:115} INFO - [2022-09-21 00:34:14,124] {dag.py:2371} INFO - Sync 1 DAGs
[2022-09-21 00:34:14,166] {logging_mixin.py:115} INFO - [2022-09-21 00:34:14,166] {dag.py:2919} INFO - Setting next_dagrun for latest_only to 2022-09-20T23:55:05.284210+00:00, run_after=2022-09-21T03:55:05.284210+00:00
[2022-09-21 00:34:14,197] {processor.py:161} INFO - Processing /home/airflow/.local/lib/python3.7/site-packages/airflow/example_dags/example_latest_only.py took 0.129 seconds
[2022-09-21 00:34:44,439] {processor.py:153} INFO - Started process (PID=23427) to work on /home/airflow/.local/lib/python3.7/site-packages/airflow/example_dags/example_latest_only.py
[2022-09-21 00:34:44,439] {processor.py:641} INFO - Processing file /home/airflow/.local/lib/python3.7/site-packages/airflow/example_dags/example_latest_only.py for tasks to queue
[2022-09-21 00:34:44,440] {logging_mixin.py:115} INFO - [2022-09-21 00:34:44,440] {dagbag.py:507} INFO - Filling up the DagBag from /home/airflow/.local/lib/python3.7/site-packages/airflow/example_dags/example_latest_only.py
[2022-09-21 00:34:44,448] {processor.py:651} INFO - DAG(s) dict_keys(['latest_only']) retrieved from /home/airflow/.local/lib/python3.7/site-packages/airflow/example_dags/example_latest_only.py
[2022-09-21 00:34:44,511] {logging_mixin.py:115} INFO - [2022-09-21 00:34:44,511] {dag.py:2371} INFO - Sync 1 DAGs
[2022-09-21 00:34:44,565] {logging_mixin.py:115} INFO - [2022-09-21 00:34:44,565] {dag.py:2919} INFO - Setting next_dagrun for latest_only to 2022-09-20T23:55:05.284210+00:00, run_after=2022-09-21T03:55:05.284210+00:00
[2022-09-21 00:34:44,740] {processor.py:161} INFO - Processing /home/airflow/.local/lib/python3.7/site-packages/airflow/example_dags/example_latest_only.py took 0.307 seconds
[2022-09-21 00:35:14,964] {processor.py:153} INFO - Started process (PID=23486) to work on /home/airflow/.local/lib/python3.7/site-packages/airflow/example_dags/example_latest_only.py
[2022-09-21 00:35:15,066] {processor.py:641} INFO - Processing file /home/airflow/.local/lib/python3.7/site-packages/airflow/example_dags/example_latest_only.py for tasks to queue
[2022-09-21 00:35:15,067] {logging_mixin.py:115} INFO - [2022-09-21 00:35:15,066] {dagbag.py:507} INFO - Filling up the DagBag from /home/airflow/.local/lib/python3.7/site-packages/airflow/example_dags/example_latest_only.py
[2022-09-21 00:35:15,077] {processor.py:651} INFO - DAG(s) dict_keys(['latest_only']) retrieved from /home/airflow/.local/lib/python3.7/site-packages/airflow/example_dags/example_latest_only.py
[2022-09-21 00:35:15,120] {logging_mixin.py:115} INFO - [2022-09-21 00:35:15,120] {dag.py:2371} INFO - Sync 1 DAGs
[2022-09-21 00:35:15,156] {logging_mixin.py:115} INFO - [2022-09-21 00:35:15,155] {dag.py:2919} INFO - Setting next_dagrun for latest_only to 2022-09-20T23:55:05.284210+00:00, run_after=2022-09-21T03:55:05.284210+00:00
[2022-09-21 00:35:15,278] {processor.py:161} INFO - Processing /home/airflow/.local/lib/python3.7/site-packages/airflow/example_dags/example_latest_only.py took 0.321 seconds
[2022-09-21 00:35:46,290] {processor.py:153} INFO - Started process (PID=23537) to work on /home/airflow/.local/lib/python3.7/site-packages/airflow/example_dags/example_latest_only.py
[2022-09-21 00:35:46,302] {processor.py:641} INFO - Processing file /home/airflow/.local/lib/python3.7/site-packages/airflow/example_dags/example_latest_only.py for tasks to queue
[2022-09-21 00:35:46,305] {logging_mixin.py:115} INFO - [2022-09-21 00:35:46,304] {dagbag.py:507} INFO - Filling up the DagBag from /home/airflow/.local/lib/python3.7/site-packages/airflow/example_dags/example_latest_only.py
[2022-09-21 00:35:46,333] {processor.py:651} INFO - DAG(s) dict_keys(['latest_only']) retrieved from /home/airflow/.local/lib/python3.7/site-packages/airflow/example_dags/example_latest_only.py
[2022-09-21 00:35:46,403] {logging_mixin.py:115} INFO - [2022-09-21 00:35:46,403] {dag.py:2371} INFO - Sync 1 DAGs
[2022-09-21 00:35:46,463] {logging_mixin.py:115} INFO - [2022-09-21 00:35:46,463] {dag.py:2919} INFO - Setting next_dagrun for latest_only to 2022-09-20T23:55:05.284210+00:00, run_after=2022-09-21T03:55:05.284210+00:00
[2022-09-21 00:35:46,493] {processor.py:161} INFO - Processing /home/airflow/.local/lib/python3.7/site-packages/airflow/example_dags/example_latest_only.py took 0.217 seconds
[2022-09-21 00:36:16,550] {processor.py:153} INFO - Started process (PID=23596) to work on /home/airflow/.local/lib/python3.7/site-packages/airflow/example_dags/example_latest_only.py
[2022-09-21 00:36:16,551] {processor.py:641} INFO - Processing file /home/airflow/.local/lib/python3.7/site-packages/airflow/example_dags/example_latest_only.py for tasks to queue
[2022-09-21 00:36:16,552] {logging_mixin.py:115} INFO - [2022-09-21 00:36:16,552] {dagbag.py:507} INFO - Filling up the DagBag from /home/airflow/.local/lib/python3.7/site-packages/airflow/example_dags/example_latest_only.py
[2022-09-21 00:36:16,565] {processor.py:651} INFO - DAG(s) dict_keys(['latest_only']) retrieved from /home/airflow/.local/lib/python3.7/site-packages/airflow/example_dags/example_latest_only.py
[2022-09-21 00:36:16,637] {logging_mixin.py:115} INFO - [2022-09-21 00:36:16,637] {dag.py:2371} INFO - Sync 1 DAGs
[2022-09-21 00:36:16,695] {logging_mixin.py:115} INFO - [2022-09-21 00:36:16,695] {dag.py:2919} INFO - Setting next_dagrun for latest_only to 2022-09-20T23:55:05.284210+00:00, run_after=2022-09-21T03:55:05.284210+00:00
[2022-09-21 00:36:16,800] {processor.py:161} INFO - Processing /home/airflow/.local/lib/python3.7/site-packages/airflow/example_dags/example_latest_only.py took 0.257 seconds
[2022-09-21 00:36:47,312] {processor.py:153} INFO - Started process (PID=23649) to work on /home/airflow/.local/lib/python3.7/site-packages/airflow/example_dags/example_latest_only.py
[2022-09-21 00:36:47,575] {processor.py:641} INFO - Processing file /home/airflow/.local/lib/python3.7/site-packages/airflow/example_dags/example_latest_only.py for tasks to queue
[2022-09-21 00:36:47,577] {logging_mixin.py:115} INFO - [2022-09-21 00:36:47,576] {dagbag.py:507} INFO - Filling up the DagBag from /home/airflow/.local/lib/python3.7/site-packages/airflow/example_dags/example_latest_only.py
[2022-09-21 00:36:47,595] {processor.py:651} INFO - DAG(s) dict_keys(['latest_only']) retrieved from /home/airflow/.local/lib/python3.7/site-packages/airflow/example_dags/example_latest_only.py
[2022-09-21 00:36:47,641] {logging_mixin.py:115} INFO - [2022-09-21 00:36:47,641] {dag.py:2371} INFO - Sync 1 DAGs
[2022-09-21 00:36:47,676] {logging_mixin.py:115} INFO - [2022-09-21 00:36:47,676] {dag.py:2919} INFO - Setting next_dagrun for latest_only to 2022-09-20T23:55:05.284210+00:00, run_after=2022-09-21T03:55:05.284210+00:00
[2022-09-21 00:36:48,462] {processor.py:161} INFO - Processing /home/airflow/.local/lib/python3.7/site-packages/airflow/example_dags/example_latest_only.py took 1.154 seconds
