[2022-09-21 00:00:11,172] {processor.py:153} INFO - Started process (PID=19725) to work on /home/airflow/.local/lib/python3.7/site-packages/airflow/example_dags/example_sla_dag.py
[2022-09-21 00:00:11,172] {processor.py:641} INFO - Processing file /home/airflow/.local/lib/python3.7/site-packages/airflow/example_dags/example_sla_dag.py for tasks to queue
[2022-09-21 00:00:11,173] {logging_mixin.py:115} INFO - [2022-09-21 00:00:11,173] {dagbag.py:507} INFO - Filling up the DagBag from /home/airflow/.local/lib/python3.7/site-packages/airflow/example_dags/example_sla_dag.py
[2022-09-21 00:00:11,208] {processor.py:651} INFO - DAG(s) dict_keys(['example_sla_dag']) retrieved from /home/airflow/.local/lib/python3.7/site-packages/airflow/example_dags/example_sla_dag.py
[2022-09-21 00:00:11,285] {logging_mixin.py:115} INFO - [2022-09-21 00:00:11,285] {dag.py:2371} INFO - Sync 1 DAGs
[2022-09-21 00:00:11,355] {logging_mixin.py:115} INFO - [2022-09-21 00:00:11,355] {dag.py:2919} INFO - Setting next_dagrun for example_sla_dag to 2022-09-20T23:58:00+00:00, run_after=2022-09-21T00:00:00+00:00
[2022-09-21 00:00:11,618] {processor.py:161} INFO - Processing /home/airflow/.local/lib/python3.7/site-packages/airflow/example_dags/example_sla_dag.py took 0.453 seconds
[2022-09-21 00:00:41,666] {processor.py:153} INFO - Started process (PID=19785) to work on /home/airflow/.local/lib/python3.7/site-packages/airflow/example_dags/example_sla_dag.py
[2022-09-21 00:00:41,718] {processor.py:641} INFO - Processing file /home/airflow/.local/lib/python3.7/site-packages/airflow/example_dags/example_sla_dag.py for tasks to queue
[2022-09-21 00:00:41,718] {logging_mixin.py:115} INFO - [2022-09-21 00:00:41,718] {dagbag.py:507} INFO - Filling up the DagBag from /home/airflow/.local/lib/python3.7/site-packages/airflow/example_dags/example_sla_dag.py
[2022-09-21 00:00:41,748] {processor.py:651} INFO - DAG(s) dict_keys(['example_sla_dag']) retrieved from /home/airflow/.local/lib/python3.7/site-packages/airflow/example_dags/example_sla_dag.py
[2022-09-21 00:00:41,786] {logging_mixin.py:115} INFO - [2022-09-21 00:00:41,786] {dag.py:2371} INFO - Sync 1 DAGs
[2022-09-21 00:00:41,820] {logging_mixin.py:115} INFO - [2022-09-21 00:00:41,820] {dag.py:2919} INFO - Setting next_dagrun for example_sla_dag to 2022-09-20T23:58:00+00:00, run_after=2022-09-21T00:00:00+00:00
[2022-09-21 00:00:41,980] {processor.py:161} INFO - Processing /home/airflow/.local/lib/python3.7/site-packages/airflow/example_dags/example_sla_dag.py took 0.318 seconds
[2022-09-21 00:01:12,487] {processor.py:153} INFO - Started process (PID=19839) to work on /home/airflow/.local/lib/python3.7/site-packages/airflow/example_dags/example_sla_dag.py
[2022-09-21 00:01:12,489] {processor.py:641} INFO - Processing file /home/airflow/.local/lib/python3.7/site-packages/airflow/example_dags/example_sla_dag.py for tasks to queue
[2022-09-21 00:01:12,491] {logging_mixin.py:115} INFO - [2022-09-21 00:01:12,491] {dagbag.py:507} INFO - Filling up the DagBag from /home/airflow/.local/lib/python3.7/site-packages/airflow/example_dags/example_sla_dag.py
[2022-09-21 00:01:12,540] {processor.py:651} INFO - DAG(s) dict_keys(['example_sla_dag']) retrieved from /home/airflow/.local/lib/python3.7/site-packages/airflow/example_dags/example_sla_dag.py
[2022-09-21 00:01:12,579] {logging_mixin.py:115} INFO - [2022-09-21 00:01:12,579] {dag.py:2371} INFO - Sync 1 DAGs
[2022-09-21 00:01:12,627] {logging_mixin.py:115} INFO - [2022-09-21 00:01:12,627] {dag.py:2919} INFO - Setting next_dagrun for example_sla_dag to 2022-09-20T23:58:00+00:00, run_after=2022-09-21T00:00:00+00:00
[2022-09-21 00:01:12,667] {processor.py:161} INFO - Processing /home/airflow/.local/lib/python3.7/site-packages/airflow/example_dags/example_sla_dag.py took 0.196 seconds
[2022-09-21 00:01:42,947] {processor.py:153} INFO - Started process (PID=19890) to work on /home/airflow/.local/lib/python3.7/site-packages/airflow/example_dags/example_sla_dag.py
[2022-09-21 00:01:42,947] {processor.py:641} INFO - Processing file /home/airflow/.local/lib/python3.7/site-packages/airflow/example_dags/example_sla_dag.py for tasks to queue
[2022-09-21 00:01:42,948] {logging_mixin.py:115} INFO - [2022-09-21 00:01:42,948] {dagbag.py:507} INFO - Filling up the DagBag from /home/airflow/.local/lib/python3.7/site-packages/airflow/example_dags/example_sla_dag.py
[2022-09-21 00:01:42,979] {processor.py:651} INFO - DAG(s) dict_keys(['example_sla_dag']) retrieved from /home/airflow/.local/lib/python3.7/site-packages/airflow/example_dags/example_sla_dag.py
[2022-09-21 00:01:43,019] {logging_mixin.py:115} INFO - [2022-09-21 00:01:43,018] {dag.py:2371} INFO - Sync 1 DAGs
[2022-09-21 00:01:43,064] {logging_mixin.py:115} INFO - [2022-09-21 00:01:43,064] {dag.py:2919} INFO - Setting next_dagrun for example_sla_dag to 2022-09-20T23:58:00+00:00, run_after=2022-09-21T00:00:00+00:00
[2022-09-21 00:01:43,092] {processor.py:161} INFO - Processing /home/airflow/.local/lib/python3.7/site-packages/airflow/example_dags/example_sla_dag.py took 0.150 seconds
[2022-09-21 00:02:17,117] {processor.py:153} INFO - Started process (PID=19932) to work on /home/airflow/.local/lib/python3.7/site-packages/airflow/example_dags/example_sla_dag.py
[2022-09-21 00:02:17,152] {processor.py:641} INFO - Processing file /home/airflow/.local/lib/python3.7/site-packages/airflow/example_dags/example_sla_dag.py for tasks to queue
[2022-09-21 00:02:17,153] {logging_mixin.py:115} INFO - [2022-09-21 00:02:17,153] {dagbag.py:507} INFO - Filling up the DagBag from /home/airflow/.local/lib/python3.7/site-packages/airflow/example_dags/example_sla_dag.py
[2022-09-21 00:02:17,193] {processor.py:651} INFO - DAG(s) dict_keys(['example_sla_dag']) retrieved from /home/airflow/.local/lib/python3.7/site-packages/airflow/example_dags/example_sla_dag.py
[2022-09-21 00:02:17,267] {logging_mixin.py:115} INFO - [2022-09-21 00:02:17,267] {dag.py:2371} INFO - Sync 1 DAGs
[2022-09-21 00:02:17,335] {logging_mixin.py:115} INFO - [2022-09-21 00:02:17,334] {dag.py:2919} INFO - Setting next_dagrun for example_sla_dag to 2022-09-21T00:00:00+00:00, run_after=2022-09-21T00:02:00+00:00
[2022-09-21 00:02:17,586] {processor.py:161} INFO - Processing /home/airflow/.local/lib/python3.7/site-packages/airflow/example_dags/example_sla_dag.py took 0.476 seconds
[2022-09-21 00:03:05,249] {processor.py:153} INFO - Started process (PID=19992) to work on /home/airflow/.local/lib/python3.7/site-packages/airflow/example_dags/example_sla_dag.py
[2022-09-21 00:03:05,440] {processor.py:641} INFO - Processing file /home/airflow/.local/lib/python3.7/site-packages/airflow/example_dags/example_sla_dag.py for tasks to queue
[2022-09-21 00:03:05,445] {logging_mixin.py:115} INFO - [2022-09-21 00:03:05,443] {dagbag.py:507} INFO - Filling up the DagBag from /home/airflow/.local/lib/python3.7/site-packages/airflow/example_dags/example_sla_dag.py
[2022-09-21 00:03:05,756] {processor.py:651} INFO - DAG(s) dict_keys(['example_sla_dag']) retrieved from /home/airflow/.local/lib/python3.7/site-packages/airflow/example_dags/example_sla_dag.py
[2022-09-21 00:03:05,797] {logging_mixin.py:115} INFO - [2022-09-21 00:03:05,796] {dag.py:2371} INFO - Sync 1 DAGs
[2022-09-21 00:03:05,843] {logging_mixin.py:115} INFO - [2022-09-21 00:03:05,843] {dag.py:2919} INFO - Setting next_dagrun for example_sla_dag to 2022-09-21T00:00:00+00:00, run_after=2022-09-21T00:02:00+00:00
[2022-09-21 00:03:06,113] {processor.py:161} INFO - Processing /home/airflow/.local/lib/python3.7/site-packages/airflow/example_dags/example_sla_dag.py took 0.871 seconds
[2022-09-21 00:03:36,482] {processor.py:153} INFO - Started process (PID=20044) to work on /home/airflow/.local/lib/python3.7/site-packages/airflow/example_dags/example_sla_dag.py
[2022-09-21 00:03:36,551] {processor.py:641} INFO - Processing file /home/airflow/.local/lib/python3.7/site-packages/airflow/example_dags/example_sla_dag.py for tasks to queue
[2022-09-21 00:03:36,553] {logging_mixin.py:115} INFO - [2022-09-21 00:03:36,553] {dagbag.py:507} INFO - Filling up the DagBag from /home/airflow/.local/lib/python3.7/site-packages/airflow/example_dags/example_sla_dag.py
[2022-09-21 00:03:36,651] {processor.py:651} INFO - DAG(s) dict_keys(['example_sla_dag']) retrieved from /home/airflow/.local/lib/python3.7/site-packages/airflow/example_dags/example_sla_dag.py
[2022-09-21 00:03:36,696] {logging_mixin.py:115} INFO - [2022-09-21 00:03:36,696] {dag.py:2371} INFO - Sync 1 DAGs
[2022-09-21 00:03:36,728] {logging_mixin.py:115} INFO - [2022-09-21 00:03:36,728] {dag.py:2919} INFO - Setting next_dagrun for example_sla_dag to 2022-09-21T00:00:00+00:00, run_after=2022-09-21T00:02:00+00:00
[2022-09-21 00:03:36,904] {processor.py:161} INFO - Processing /home/airflow/.local/lib/python3.7/site-packages/airflow/example_dags/example_sla_dag.py took 0.431 seconds
[2022-09-21 00:04:07,592] {processor.py:153} INFO - Started process (PID=20095) to work on /home/airflow/.local/lib/python3.7/site-packages/airflow/example_dags/example_sla_dag.py
[2022-09-21 00:04:07,771] {processor.py:641} INFO - Processing file /home/airflow/.local/lib/python3.7/site-packages/airflow/example_dags/example_sla_dag.py for tasks to queue
[2022-09-21 00:04:07,774] {logging_mixin.py:115} INFO - [2022-09-21 00:04:07,773] {dagbag.py:507} INFO - Filling up the DagBag from /home/airflow/.local/lib/python3.7/site-packages/airflow/example_dags/example_sla_dag.py
[2022-09-21 00:04:07,821] {processor.py:651} INFO - DAG(s) dict_keys(['example_sla_dag']) retrieved from /home/airflow/.local/lib/python3.7/site-packages/airflow/example_dags/example_sla_dag.py
[2022-09-21 00:04:07,860] {logging_mixin.py:115} INFO - [2022-09-21 00:04:07,860] {dag.py:2371} INFO - Sync 1 DAGs
[2022-09-21 00:04:07,911] {logging_mixin.py:115} INFO - [2022-09-21 00:04:07,911] {dag.py:2919} INFO - Setting next_dagrun for example_sla_dag to 2022-09-21T00:02:00+00:00, run_after=2022-09-21T00:04:00+00:00
[2022-09-21 00:04:08,353] {processor.py:161} INFO - Processing /home/airflow/.local/lib/python3.7/site-packages/airflow/example_dags/example_sla_dag.py took 0.782 seconds
[2022-09-21 00:04:38,886] {processor.py:153} INFO - Started process (PID=20148) to work on /home/airflow/.local/lib/python3.7/site-packages/airflow/example_dags/example_sla_dag.py
[2022-09-21 00:04:39,212] {processor.py:641} INFO - Processing file /home/airflow/.local/lib/python3.7/site-packages/airflow/example_dags/example_sla_dag.py for tasks to queue
[2022-09-21 00:04:39,212] {logging_mixin.py:115} INFO - [2022-09-21 00:04:39,212] {dagbag.py:507} INFO - Filling up the DagBag from /home/airflow/.local/lib/python3.7/site-packages/airflow/example_dags/example_sla_dag.py
[2022-09-21 00:04:39,246] {processor.py:651} INFO - DAG(s) dict_keys(['example_sla_dag']) retrieved from /home/airflow/.local/lib/python3.7/site-packages/airflow/example_dags/example_sla_dag.py
[2022-09-21 00:04:39,289] {logging_mixin.py:115} INFO - [2022-09-21 00:04:39,289] {dag.py:2371} INFO - Sync 1 DAGs
[2022-09-21 00:04:39,353] {logging_mixin.py:115} INFO - [2022-09-21 00:04:39,351] {dag.py:2919} INFO - Setting next_dagrun for example_sla_dag to 2022-09-21T00:02:00+00:00, run_after=2022-09-21T00:04:00+00:00
[2022-09-21 00:04:39,446] {processor.py:161} INFO - Processing /home/airflow/.local/lib/python3.7/site-packages/airflow/example_dags/example_sla_dag.py took 0.565 seconds
[2022-09-21 00:05:09,606] {processor.py:153} INFO - Started process (PID=20200) to work on /home/airflow/.local/lib/python3.7/site-packages/airflow/example_dags/example_sla_dag.py
[2022-09-21 00:05:09,606] {processor.py:641} INFO - Processing file /home/airflow/.local/lib/python3.7/site-packages/airflow/example_dags/example_sla_dag.py for tasks to queue
[2022-09-21 00:05:09,607] {logging_mixin.py:115} INFO - [2022-09-21 00:05:09,607] {dagbag.py:507} INFO - Filling up the DagBag from /home/airflow/.local/lib/python3.7/site-packages/airflow/example_dags/example_sla_dag.py
[2022-09-21 00:05:09,635] {processor.py:651} INFO - DAG(s) dict_keys(['example_sla_dag']) retrieved from /home/airflow/.local/lib/python3.7/site-packages/airflow/example_dags/example_sla_dag.py
[2022-09-21 00:05:09,681] {logging_mixin.py:115} INFO - [2022-09-21 00:05:09,681] {dag.py:2371} INFO - Sync 1 DAGs
[2022-09-21 00:05:09,733] {logging_mixin.py:115} INFO - [2022-09-21 00:05:09,733] {dag.py:2919} INFO - Setting next_dagrun for example_sla_dag to 2022-09-21T00:02:00+00:00, run_after=2022-09-21T00:04:00+00:00
[2022-09-21 00:05:09,827] {processor.py:161} INFO - Processing /home/airflow/.local/lib/python3.7/site-packages/airflow/example_dags/example_sla_dag.py took 0.228 seconds
[2022-09-21 00:05:40,034] {processor.py:153} INFO - Started process (PID=20261) to work on /home/airflow/.local/lib/python3.7/site-packages/airflow/example_dags/example_sla_dag.py
[2022-09-21 00:05:40,314] {processor.py:641} INFO - Processing file /home/airflow/.local/lib/python3.7/site-packages/airflow/example_dags/example_sla_dag.py for tasks to queue
[2022-09-21 00:05:40,315] {logging_mixin.py:115} INFO - [2022-09-21 00:05:40,315] {dagbag.py:507} INFO - Filling up the DagBag from /home/airflow/.local/lib/python3.7/site-packages/airflow/example_dags/example_sla_dag.py
[2022-09-21 00:05:40,354] {processor.py:651} INFO - DAG(s) dict_keys(['example_sla_dag']) retrieved from /home/airflow/.local/lib/python3.7/site-packages/airflow/example_dags/example_sla_dag.py
[2022-09-21 00:05:40,403] {logging_mixin.py:115} INFO - [2022-09-21 00:05:40,403] {dag.py:2371} INFO - Sync 1 DAGs
[2022-09-21 00:05:40,614] {logging_mixin.py:115} INFO - [2022-09-21 00:05:40,614] {dag.py:2919} INFO - Setting next_dagrun for example_sla_dag to 2022-09-21T00:02:00+00:00, run_after=2022-09-21T00:04:00+00:00
[2022-09-21 00:05:41,228] {processor.py:161} INFO - Processing /home/airflow/.local/lib/python3.7/site-packages/airflow/example_dags/example_sla_dag.py took 1.212 seconds
[2022-09-21 00:06:11,306] {processor.py:153} INFO - Started process (PID=20312) to work on /home/airflow/.local/lib/python3.7/site-packages/airflow/example_dags/example_sla_dag.py
[2022-09-21 00:06:11,307] {processor.py:641} INFO - Processing file /home/airflow/.local/lib/python3.7/site-packages/airflow/example_dags/example_sla_dag.py for tasks to queue
[2022-09-21 00:06:11,309] {logging_mixin.py:115} INFO - [2022-09-21 00:06:11,308] {dagbag.py:507} INFO - Filling up the DagBag from /home/airflow/.local/lib/python3.7/site-packages/airflow/example_dags/example_sla_dag.py
[2022-09-21 00:06:11,369] {processor.py:651} INFO - DAG(s) dict_keys(['example_sla_dag']) retrieved from /home/airflow/.local/lib/python3.7/site-packages/airflow/example_dags/example_sla_dag.py
[2022-09-21 00:06:11,413] {logging_mixin.py:115} INFO - [2022-09-21 00:06:11,413] {dag.py:2371} INFO - Sync 1 DAGs
[2022-09-21 00:06:11,443] {logging_mixin.py:115} INFO - [2022-09-21 00:06:11,443] {dag.py:2919} INFO - Setting next_dagrun for example_sla_dag to 2022-09-21T00:04:00+00:00, run_after=2022-09-21T00:06:00+00:00
[2022-09-21 00:06:11,650] {processor.py:161} INFO - Processing /home/airflow/.local/lib/python3.7/site-packages/airflow/example_dags/example_sla_dag.py took 0.355 seconds
[2022-09-21 00:06:41,710] {processor.py:153} INFO - Started process (PID=20364) to work on /home/airflow/.local/lib/python3.7/site-packages/airflow/example_dags/example_sla_dag.py
[2022-09-21 00:06:41,711] {processor.py:641} INFO - Processing file /home/airflow/.local/lib/python3.7/site-packages/airflow/example_dags/example_sla_dag.py for tasks to queue
[2022-09-21 00:06:41,712] {logging_mixin.py:115} INFO - [2022-09-21 00:06:41,712] {dagbag.py:507} INFO - Filling up the DagBag from /home/airflow/.local/lib/python3.7/site-packages/airflow/example_dags/example_sla_dag.py
[2022-09-21 00:06:41,741] {processor.py:651} INFO - DAG(s) dict_keys(['example_sla_dag']) retrieved from /home/airflow/.local/lib/python3.7/site-packages/airflow/example_dags/example_sla_dag.py
[2022-09-21 00:06:41,779] {logging_mixin.py:115} INFO - [2022-09-21 00:06:41,779] {dag.py:2371} INFO - Sync 1 DAGs
[2022-09-21 00:06:41,816] {logging_mixin.py:115} INFO - [2022-09-21 00:06:41,816] {dag.py:2919} INFO - Setting next_dagrun for example_sla_dag to 2022-09-21T00:04:00+00:00, run_after=2022-09-21T00:06:00+00:00
[2022-09-21 00:06:41,841] {processor.py:161} INFO - Processing /home/airflow/.local/lib/python3.7/site-packages/airflow/example_dags/example_sla_dag.py took 0.136 seconds
[2022-09-21 00:07:12,043] {processor.py:153} INFO - Started process (PID=20425) to work on /home/airflow/.local/lib/python3.7/site-packages/airflow/example_dags/example_sla_dag.py
[2022-09-21 00:07:12,066] {processor.py:641} INFO - Processing file /home/airflow/.local/lib/python3.7/site-packages/airflow/example_dags/example_sla_dag.py for tasks to queue
[2022-09-21 00:07:12,067] {logging_mixin.py:115} INFO - [2022-09-21 00:07:12,066] {dagbag.py:507} INFO - Filling up the DagBag from /home/airflow/.local/lib/python3.7/site-packages/airflow/example_dags/example_sla_dag.py
[2022-09-21 00:07:12,087] {processor.py:651} INFO - DAG(s) dict_keys(['example_sla_dag']) retrieved from /home/airflow/.local/lib/python3.7/site-packages/airflow/example_dags/example_sla_dag.py
[2022-09-21 00:07:12,120] {logging_mixin.py:115} INFO - [2022-09-21 00:07:12,120] {dag.py:2371} INFO - Sync 1 DAGs
[2022-09-21 00:07:12,162] {logging_mixin.py:115} INFO - [2022-09-21 00:07:12,162] {dag.py:2919} INFO - Setting next_dagrun for example_sla_dag to 2022-09-21T00:04:00+00:00, run_after=2022-09-21T00:06:00+00:00
[2022-09-21 00:07:12,198] {processor.py:161} INFO - Processing /home/airflow/.local/lib/python3.7/site-packages/airflow/example_dags/example_sla_dag.py took 0.160 seconds
[2022-09-21 00:07:42,682] {processor.py:153} INFO - Started process (PID=20474) to work on /home/airflow/.local/lib/python3.7/site-packages/airflow/example_dags/example_sla_dag.py
[2022-09-21 00:07:42,682] {processor.py:641} INFO - Processing file /home/airflow/.local/lib/python3.7/site-packages/airflow/example_dags/example_sla_dag.py for tasks to queue
[2022-09-21 00:07:42,683] {logging_mixin.py:115} INFO - [2022-09-21 00:07:42,683] {dagbag.py:507} INFO - Filling up the DagBag from /home/airflow/.local/lib/python3.7/site-packages/airflow/example_dags/example_sla_dag.py
[2022-09-21 00:07:42,711] {processor.py:651} INFO - DAG(s) dict_keys(['example_sla_dag']) retrieved from /home/airflow/.local/lib/python3.7/site-packages/airflow/example_dags/example_sla_dag.py
[2022-09-21 00:07:42,746] {logging_mixin.py:115} INFO - [2022-09-21 00:07:42,746] {dag.py:2371} INFO - Sync 1 DAGs
[2022-09-21 00:07:42,790] {logging_mixin.py:115} INFO - [2022-09-21 00:07:42,790] {dag.py:2919} INFO - Setting next_dagrun for example_sla_dag to 2022-09-21T00:04:00+00:00, run_after=2022-09-21T00:06:00+00:00
[2022-09-21 00:07:42,830] {processor.py:161} INFO - Processing /home/airflow/.local/lib/python3.7/site-packages/airflow/example_dags/example_sla_dag.py took 0.154 seconds
[2022-09-21 00:08:13,095] {processor.py:153} INFO - Started process (PID=20535) to work on /home/airflow/.local/lib/python3.7/site-packages/airflow/example_dags/example_sla_dag.py
[2022-09-21 00:08:13,135] {processor.py:641} INFO - Processing file /home/airflow/.local/lib/python3.7/site-packages/airflow/example_dags/example_sla_dag.py for tasks to queue
[2022-09-21 00:08:13,136] {logging_mixin.py:115} INFO - [2022-09-21 00:08:13,136] {dagbag.py:507} INFO - Filling up the DagBag from /home/airflow/.local/lib/python3.7/site-packages/airflow/example_dags/example_sla_dag.py
[2022-09-21 00:08:13,167] {processor.py:651} INFO - DAG(s) dict_keys(['example_sla_dag']) retrieved from /home/airflow/.local/lib/python3.7/site-packages/airflow/example_dags/example_sla_dag.py
[2022-09-21 00:08:13,209] {logging_mixin.py:115} INFO - [2022-09-21 00:08:13,208] {dag.py:2371} INFO - Sync 1 DAGs
[2022-09-21 00:08:13,283] {logging_mixin.py:115} INFO - [2022-09-21 00:08:13,283] {dag.py:2919} INFO - Setting next_dagrun for example_sla_dag to 2022-09-21T00:06:00+00:00, run_after=2022-09-21T00:08:00+00:00
[2022-09-21 00:08:13,324] {processor.py:161} INFO - Processing /home/airflow/.local/lib/python3.7/site-packages/airflow/example_dags/example_sla_dag.py took 0.234 seconds
[2022-09-21 00:08:44,019] {processor.py:153} INFO - Started process (PID=20587) to work on /home/airflow/.local/lib/python3.7/site-packages/airflow/example_dags/example_sla_dag.py
[2022-09-21 00:08:44,020] {processor.py:641} INFO - Processing file /home/airflow/.local/lib/python3.7/site-packages/airflow/example_dags/example_sla_dag.py for tasks to queue
[2022-09-21 00:08:44,021] {logging_mixin.py:115} INFO - [2022-09-21 00:08:44,021] {dagbag.py:507} INFO - Filling up the DagBag from /home/airflow/.local/lib/python3.7/site-packages/airflow/example_dags/example_sla_dag.py
[2022-09-21 00:08:44,046] {processor.py:651} INFO - DAG(s) dict_keys(['example_sla_dag']) retrieved from /home/airflow/.local/lib/python3.7/site-packages/airflow/example_dags/example_sla_dag.py
[2022-09-21 00:08:44,087] {logging_mixin.py:115} INFO - [2022-09-21 00:08:44,087] {dag.py:2371} INFO - Sync 1 DAGs
[2022-09-21 00:08:44,125] {logging_mixin.py:115} INFO - [2022-09-21 00:08:44,125] {dag.py:2919} INFO - Setting next_dagrun for example_sla_dag to 2022-09-21T00:06:00+00:00, run_after=2022-09-21T00:08:00+00:00
[2022-09-21 00:08:44,159] {processor.py:161} INFO - Processing /home/airflow/.local/lib/python3.7/site-packages/airflow/example_dags/example_sla_dag.py took 0.144 seconds
[2022-09-21 00:09:14,274] {processor.py:153} INFO - Started process (PID=20645) to work on /home/airflow/.local/lib/python3.7/site-packages/airflow/example_dags/example_sla_dag.py
[2022-09-21 00:09:14,333] {processor.py:641} INFO - Processing file /home/airflow/.local/lib/python3.7/site-packages/airflow/example_dags/example_sla_dag.py for tasks to queue
[2022-09-21 00:09:14,334] {logging_mixin.py:115} INFO - [2022-09-21 00:09:14,334] {dagbag.py:507} INFO - Filling up the DagBag from /home/airflow/.local/lib/python3.7/site-packages/airflow/example_dags/example_sla_dag.py
[2022-09-21 00:09:14,361] {processor.py:651} INFO - DAG(s) dict_keys(['example_sla_dag']) retrieved from /home/airflow/.local/lib/python3.7/site-packages/airflow/example_dags/example_sla_dag.py
[2022-09-21 00:09:14,407] {logging_mixin.py:115} INFO - [2022-09-21 00:09:14,407] {dag.py:2371} INFO - Sync 1 DAGs
[2022-09-21 00:09:14,455] {logging_mixin.py:115} INFO - [2022-09-21 00:09:14,455] {dag.py:2919} INFO - Setting next_dagrun for example_sla_dag to 2022-09-21T00:06:00+00:00, run_after=2022-09-21T00:08:00+00:00
[2022-09-21 00:09:14,494] {processor.py:161} INFO - Processing /home/airflow/.local/lib/python3.7/site-packages/airflow/example_dags/example_sla_dag.py took 0.224 seconds
[2022-09-21 00:09:44,835] {processor.py:153} INFO - Started process (PID=20697) to work on /home/airflow/.local/lib/python3.7/site-packages/airflow/example_dags/example_sla_dag.py
[2022-09-21 00:09:44,836] {processor.py:641} INFO - Processing file /home/airflow/.local/lib/python3.7/site-packages/airflow/example_dags/example_sla_dag.py for tasks to queue
[2022-09-21 00:09:44,836] {logging_mixin.py:115} INFO - [2022-09-21 00:09:44,836] {dagbag.py:507} INFO - Filling up the DagBag from /home/airflow/.local/lib/python3.7/site-packages/airflow/example_dags/example_sla_dag.py
[2022-09-21 00:09:44,858] {processor.py:651} INFO - DAG(s) dict_keys(['example_sla_dag']) retrieved from /home/airflow/.local/lib/python3.7/site-packages/airflow/example_dags/example_sla_dag.py
[2022-09-21 00:09:44,890] {logging_mixin.py:115} INFO - [2022-09-21 00:09:44,890] {dag.py:2371} INFO - Sync 1 DAGs
[2022-09-21 00:09:44,925] {logging_mixin.py:115} INFO - [2022-09-21 00:09:44,925] {dag.py:2919} INFO - Setting next_dagrun for example_sla_dag to 2022-09-21T00:06:00+00:00, run_after=2022-09-21T00:08:00+00:00
[2022-09-21 00:09:44,961] {processor.py:161} INFO - Processing /home/airflow/.local/lib/python3.7/site-packages/airflow/example_dags/example_sla_dag.py took 0.131 seconds
[2022-09-21 00:10:15,631] {processor.py:153} INFO - Started process (PID=20749) to work on /home/airflow/.local/lib/python3.7/site-packages/airflow/example_dags/example_sla_dag.py
[2022-09-21 00:10:15,658] {processor.py:641} INFO - Processing file /home/airflow/.local/lib/python3.7/site-packages/airflow/example_dags/example_sla_dag.py for tasks to queue
[2022-09-21 00:10:15,659] {logging_mixin.py:115} INFO - [2022-09-21 00:10:15,659] {dagbag.py:507} INFO - Filling up the DagBag from /home/airflow/.local/lib/python3.7/site-packages/airflow/example_dags/example_sla_dag.py
[2022-09-21 00:10:15,679] {processor.py:651} INFO - DAG(s) dict_keys(['example_sla_dag']) retrieved from /home/airflow/.local/lib/python3.7/site-packages/airflow/example_dags/example_sla_dag.py
[2022-09-21 00:10:15,709] {logging_mixin.py:115} INFO - [2022-09-21 00:10:15,709] {dag.py:2371} INFO - Sync 1 DAGs
[2022-09-21 00:10:15,740] {logging_mixin.py:115} INFO - [2022-09-21 00:10:15,740] {dag.py:2919} INFO - Setting next_dagrun for example_sla_dag to 2022-09-21T00:08:00+00:00, run_after=2022-09-21T00:10:00+00:00
[2022-09-21 00:10:16,020] {processor.py:161} INFO - Processing /home/airflow/.local/lib/python3.7/site-packages/airflow/example_dags/example_sla_dag.py took 0.405 seconds
[2022-09-21 00:10:46,216] {processor.py:153} INFO - Started process (PID=20810) to work on /home/airflow/.local/lib/python3.7/site-packages/airflow/example_dags/example_sla_dag.py
[2022-09-21 00:10:46,217] {processor.py:641} INFO - Processing file /home/airflow/.local/lib/python3.7/site-packages/airflow/example_dags/example_sla_dag.py for tasks to queue
[2022-09-21 00:10:46,218] {logging_mixin.py:115} INFO - [2022-09-21 00:10:46,218] {dagbag.py:507} INFO - Filling up the DagBag from /home/airflow/.local/lib/python3.7/site-packages/airflow/example_dags/example_sla_dag.py
[2022-09-21 00:10:46,250] {processor.py:651} INFO - DAG(s) dict_keys(['example_sla_dag']) retrieved from /home/airflow/.local/lib/python3.7/site-packages/airflow/example_dags/example_sla_dag.py
[2022-09-21 00:10:46,292] {logging_mixin.py:115} INFO - [2022-09-21 00:10:46,292] {dag.py:2371} INFO - Sync 1 DAGs
[2022-09-21 00:10:46,367] {logging_mixin.py:115} INFO - [2022-09-21 00:10:46,367] {dag.py:2919} INFO - Setting next_dagrun for example_sla_dag to 2022-09-21T00:08:00+00:00, run_after=2022-09-21T00:10:00+00:00
[2022-09-21 00:10:46,403] {processor.py:161} INFO - Processing /home/airflow/.local/lib/python3.7/site-packages/airflow/example_dags/example_sla_dag.py took 0.192 seconds
[2022-09-21 00:11:17,062] {processor.py:153} INFO - Started process (PID=20862) to work on /home/airflow/.local/lib/python3.7/site-packages/airflow/example_dags/example_sla_dag.py
[2022-09-21 00:11:17,239] {processor.py:641} INFO - Processing file /home/airflow/.local/lib/python3.7/site-packages/airflow/example_dags/example_sla_dag.py for tasks to queue
[2022-09-21 00:11:17,242] {logging_mixin.py:115} INFO - [2022-09-21 00:11:17,241] {dagbag.py:507} INFO - Filling up the DagBag from /home/airflow/.local/lib/python3.7/site-packages/airflow/example_dags/example_sla_dag.py
[2022-09-21 00:11:17,337] {processor.py:651} INFO - DAG(s) dict_keys(['example_sla_dag']) retrieved from /home/airflow/.local/lib/python3.7/site-packages/airflow/example_dags/example_sla_dag.py
[2022-09-21 00:11:17,377] {logging_mixin.py:115} INFO - [2022-09-21 00:11:17,377] {dag.py:2371} INFO - Sync 1 DAGs
[2022-09-21 00:11:17,422] {logging_mixin.py:115} INFO - [2022-09-21 00:11:17,422] {dag.py:2919} INFO - Setting next_dagrun for example_sla_dag to 2022-09-21T00:08:00+00:00, run_after=2022-09-21T00:10:00+00:00
[2022-09-21 00:11:17,448] {processor.py:161} INFO - Processing /home/airflow/.local/lib/python3.7/site-packages/airflow/example_dags/example_sla_dag.py took 0.392 seconds
[2022-09-21 00:11:47,474] {processor.py:153} INFO - Started process (PID=20922) to work on /home/airflow/.local/lib/python3.7/site-packages/airflow/example_dags/example_sla_dag.py
[2022-09-21 00:11:47,474] {processor.py:641} INFO - Processing file /home/airflow/.local/lib/python3.7/site-packages/airflow/example_dags/example_sla_dag.py for tasks to queue
[2022-09-21 00:11:47,475] {logging_mixin.py:115} INFO - [2022-09-21 00:11:47,475] {dagbag.py:507} INFO - Filling up the DagBag from /home/airflow/.local/lib/python3.7/site-packages/airflow/example_dags/example_sla_dag.py
[2022-09-21 00:11:47,498] {processor.py:651} INFO - DAG(s) dict_keys(['example_sla_dag']) retrieved from /home/airflow/.local/lib/python3.7/site-packages/airflow/example_dags/example_sla_dag.py
[2022-09-21 00:11:47,536] {logging_mixin.py:115} INFO - [2022-09-21 00:11:47,536] {dag.py:2371} INFO - Sync 1 DAGs
[2022-09-21 00:11:47,586] {logging_mixin.py:115} INFO - [2022-09-21 00:11:47,586] {dag.py:2919} INFO - Setting next_dagrun for example_sla_dag to 2022-09-21T00:08:00+00:00, run_after=2022-09-21T00:10:00+00:00
[2022-09-21 00:11:47,630] {processor.py:161} INFO - Processing /home/airflow/.local/lib/python3.7/site-packages/airflow/example_dags/example_sla_dag.py took 0.160 seconds
[2022-09-21 00:12:17,873] {processor.py:153} INFO - Started process (PID=20977) to work on /home/airflow/.local/lib/python3.7/site-packages/airflow/example_dags/example_sla_dag.py
[2022-09-21 00:12:17,892] {processor.py:641} INFO - Processing file /home/airflow/.local/lib/python3.7/site-packages/airflow/example_dags/example_sla_dag.py for tasks to queue
[2022-09-21 00:12:17,893] {logging_mixin.py:115} INFO - [2022-09-21 00:12:17,893] {dagbag.py:507} INFO - Filling up the DagBag from /home/airflow/.local/lib/python3.7/site-packages/airflow/example_dags/example_sla_dag.py
[2022-09-21 00:12:17,976] {processor.py:651} INFO - DAG(s) dict_keys(['example_sla_dag']) retrieved from /home/airflow/.local/lib/python3.7/site-packages/airflow/example_dags/example_sla_dag.py
[2022-09-21 00:12:18,135] {logging_mixin.py:115} INFO - [2022-09-21 00:12:18,135] {dag.py:2371} INFO - Sync 1 DAGs
[2022-09-21 00:12:18,219] {logging_mixin.py:115} INFO - [2022-09-21 00:12:18,219] {dag.py:2919} INFO - Setting next_dagrun for example_sla_dag to 2022-09-21T00:10:00+00:00, run_after=2022-09-21T00:12:00+00:00
[2022-09-21 00:12:18,264] {processor.py:161} INFO - Processing /home/airflow/.local/lib/python3.7/site-packages/airflow/example_dags/example_sla_dag.py took 0.396 seconds
[2022-09-21 00:12:49,109] {processor.py:153} INFO - Started process (PID=21037) to work on /home/airflow/.local/lib/python3.7/site-packages/airflow/example_dags/example_sla_dag.py
[2022-09-21 00:12:49,110] {processor.py:641} INFO - Processing file /home/airflow/.local/lib/python3.7/site-packages/airflow/example_dags/example_sla_dag.py for tasks to queue
[2022-09-21 00:12:49,110] {logging_mixin.py:115} INFO - [2022-09-21 00:12:49,110] {dagbag.py:507} INFO - Filling up the DagBag from /home/airflow/.local/lib/python3.7/site-packages/airflow/example_dags/example_sla_dag.py
[2022-09-21 00:12:49,139] {processor.py:651} INFO - DAG(s) dict_keys(['example_sla_dag']) retrieved from /home/airflow/.local/lib/python3.7/site-packages/airflow/example_dags/example_sla_dag.py
[2022-09-21 00:12:49,182] {logging_mixin.py:115} INFO - [2022-09-21 00:12:49,182] {dag.py:2371} INFO - Sync 1 DAGs
[2022-09-21 00:12:49,231] {logging_mixin.py:115} INFO - [2022-09-21 00:12:49,231] {dag.py:2919} INFO - Setting next_dagrun for example_sla_dag to 2022-09-21T00:10:00+00:00, run_after=2022-09-21T00:12:00+00:00
[2022-09-21 00:12:49,303] {processor.py:161} INFO - Processing /home/airflow/.local/lib/python3.7/site-packages/airflow/example_dags/example_sla_dag.py took 0.199 seconds
[2022-09-21 00:13:19,691] {processor.py:153} INFO - Started process (PID=21090) to work on /home/airflow/.local/lib/python3.7/site-packages/airflow/example_dags/example_sla_dag.py
[2022-09-21 00:13:19,726] {processor.py:641} INFO - Processing file /home/airflow/.local/lib/python3.7/site-packages/airflow/example_dags/example_sla_dag.py for tasks to queue
[2022-09-21 00:13:19,727] {logging_mixin.py:115} INFO - [2022-09-21 00:13:19,727] {dagbag.py:507} INFO - Filling up the DagBag from /home/airflow/.local/lib/python3.7/site-packages/airflow/example_dags/example_sla_dag.py
[2022-09-21 00:13:19,751] {processor.py:651} INFO - DAG(s) dict_keys(['example_sla_dag']) retrieved from /home/airflow/.local/lib/python3.7/site-packages/airflow/example_dags/example_sla_dag.py
[2022-09-21 00:13:19,787] {logging_mixin.py:115} INFO - [2022-09-21 00:13:19,787] {dag.py:2371} INFO - Sync 1 DAGs
[2022-09-21 00:13:19,831] {logging_mixin.py:115} INFO - [2022-09-21 00:13:19,831] {dag.py:2919} INFO - Setting next_dagrun for example_sla_dag to 2022-09-21T00:10:00+00:00, run_after=2022-09-21T00:12:00+00:00
[2022-09-21 00:13:19,857] {processor.py:161} INFO - Processing /home/airflow/.local/lib/python3.7/site-packages/airflow/example_dags/example_sla_dag.py took 0.169 seconds
[2022-09-21 00:13:50,007] {processor.py:153} INFO - Started process (PID=21141) to work on /home/airflow/.local/lib/python3.7/site-packages/airflow/example_dags/example_sla_dag.py
[2022-09-21 00:13:50,008] {processor.py:641} INFO - Processing file /home/airflow/.local/lib/python3.7/site-packages/airflow/example_dags/example_sla_dag.py for tasks to queue
[2022-09-21 00:13:50,009] {logging_mixin.py:115} INFO - [2022-09-21 00:13:50,009] {dagbag.py:507} INFO - Filling up the DagBag from /home/airflow/.local/lib/python3.7/site-packages/airflow/example_dags/example_sla_dag.py
[2022-09-21 00:13:50,041] {processor.py:651} INFO - DAG(s) dict_keys(['example_sla_dag']) retrieved from /home/airflow/.local/lib/python3.7/site-packages/airflow/example_dags/example_sla_dag.py
[2022-09-21 00:13:50,088] {logging_mixin.py:115} INFO - [2022-09-21 00:13:50,088] {dag.py:2371} INFO - Sync 1 DAGs
[2022-09-21 00:13:50,147] {logging_mixin.py:115} INFO - [2022-09-21 00:13:50,147] {dag.py:2919} INFO - Setting next_dagrun for example_sla_dag to 2022-09-21T00:10:00+00:00, run_after=2022-09-21T00:12:00+00:00
[2022-09-21 00:13:50,358] {processor.py:161} INFO - Processing /home/airflow/.local/lib/python3.7/site-packages/airflow/example_dags/example_sla_dag.py took 0.356 seconds
[2022-09-21 00:14:20,483] {processor.py:153} INFO - Started process (PID=21201) to work on /home/airflow/.local/lib/python3.7/site-packages/airflow/example_dags/example_sla_dag.py
[2022-09-21 00:14:20,501] {processor.py:641} INFO - Processing file /home/airflow/.local/lib/python3.7/site-packages/airflow/example_dags/example_sla_dag.py for tasks to queue
[2022-09-21 00:14:20,502] {logging_mixin.py:115} INFO - [2022-09-21 00:14:20,502] {dagbag.py:507} INFO - Filling up the DagBag from /home/airflow/.local/lib/python3.7/site-packages/airflow/example_dags/example_sla_dag.py
[2022-09-21 00:14:20,544] {processor.py:651} INFO - DAG(s) dict_keys(['example_sla_dag']) retrieved from /home/airflow/.local/lib/python3.7/site-packages/airflow/example_dags/example_sla_dag.py
[2022-09-21 00:14:20,578] {logging_mixin.py:115} INFO - [2022-09-21 00:14:20,578] {dag.py:2371} INFO - Sync 1 DAGs
[2022-09-21 00:14:20,619] {logging_mixin.py:115} INFO - [2022-09-21 00:14:20,619] {dag.py:2919} INFO - Setting next_dagrun for example_sla_dag to 2022-09-21T00:12:00+00:00, run_after=2022-09-21T00:14:00+00:00
[2022-09-21 00:14:20,657] {processor.py:161} INFO - Processing /home/airflow/.local/lib/python3.7/site-packages/airflow/example_dags/example_sla_dag.py took 0.185 seconds
[2022-09-21 00:14:50,750] {processor.py:153} INFO - Started process (PID=21252) to work on /home/airflow/.local/lib/python3.7/site-packages/airflow/example_dags/example_sla_dag.py
[2022-09-21 00:14:50,752] {processor.py:641} INFO - Processing file /home/airflow/.local/lib/python3.7/site-packages/airflow/example_dags/example_sla_dag.py for tasks to queue
[2022-09-21 00:14:50,754] {logging_mixin.py:115} INFO - [2022-09-21 00:14:50,754] {dagbag.py:507} INFO - Filling up the DagBag from /home/airflow/.local/lib/python3.7/site-packages/airflow/example_dags/example_sla_dag.py
[2022-09-21 00:14:50,805] {processor.py:651} INFO - DAG(s) dict_keys(['example_sla_dag']) retrieved from /home/airflow/.local/lib/python3.7/site-packages/airflow/example_dags/example_sla_dag.py
[2022-09-21 00:14:50,836] {logging_mixin.py:115} INFO - [2022-09-21 00:14:50,836] {dag.py:2371} INFO - Sync 1 DAGs
[2022-09-21 00:14:50,866] {logging_mixin.py:115} INFO - [2022-09-21 00:14:50,866] {dag.py:2919} INFO - Setting next_dagrun for example_sla_dag to 2022-09-21T00:12:00+00:00, run_after=2022-09-21T00:14:00+00:00
[2022-09-21 00:14:50,904] {processor.py:161} INFO - Processing /home/airflow/.local/lib/python3.7/site-packages/airflow/example_dags/example_sla_dag.py took 0.169 seconds
[2022-09-21 00:15:21,204] {processor.py:153} INFO - Started process (PID=21304) to work on /home/airflow/.local/lib/python3.7/site-packages/airflow/example_dags/example_sla_dag.py
[2022-09-21 00:15:21,247] {processor.py:641} INFO - Processing file /home/airflow/.local/lib/python3.7/site-packages/airflow/example_dags/example_sla_dag.py for tasks to queue
[2022-09-21 00:15:21,248] {logging_mixin.py:115} INFO - [2022-09-21 00:15:21,248] {dagbag.py:507} INFO - Filling up the DagBag from /home/airflow/.local/lib/python3.7/site-packages/airflow/example_dags/example_sla_dag.py
[2022-09-21 00:15:21,282] {processor.py:651} INFO - DAG(s) dict_keys(['example_sla_dag']) retrieved from /home/airflow/.local/lib/python3.7/site-packages/airflow/example_dags/example_sla_dag.py
[2022-09-21 00:15:21,324] {logging_mixin.py:115} INFO - [2022-09-21 00:15:21,324] {dag.py:2371} INFO - Sync 1 DAGs
[2022-09-21 00:15:21,369] {logging_mixin.py:115} INFO - [2022-09-21 00:15:21,368] {dag.py:2919} INFO - Setting next_dagrun for example_sla_dag to 2022-09-21T00:12:00+00:00, run_after=2022-09-21T00:14:00+00:00
[2022-09-21 00:15:21,395] {processor.py:161} INFO - Processing /home/airflow/.local/lib/python3.7/site-packages/airflow/example_dags/example_sla_dag.py took 0.196 seconds
[2022-09-21 00:15:52,125] {processor.py:153} INFO - Started process (PID=21364) to work on /home/airflow/.local/lib/python3.7/site-packages/airflow/example_dags/example_sla_dag.py
[2022-09-21 00:15:52,125] {processor.py:641} INFO - Processing file /home/airflow/.local/lib/python3.7/site-packages/airflow/example_dags/example_sla_dag.py for tasks to queue
[2022-09-21 00:15:52,126] {logging_mixin.py:115} INFO - [2022-09-21 00:15:52,126] {dagbag.py:507} INFO - Filling up the DagBag from /home/airflow/.local/lib/python3.7/site-packages/airflow/example_dags/example_sla_dag.py
[2022-09-21 00:15:52,171] {processor.py:651} INFO - DAG(s) dict_keys(['example_sla_dag']) retrieved from /home/airflow/.local/lib/python3.7/site-packages/airflow/example_dags/example_sla_dag.py
[2022-09-21 00:15:52,242] {logging_mixin.py:115} INFO - [2022-09-21 00:15:52,242] {dag.py:2371} INFO - Sync 1 DAGs
[2022-09-21 00:15:52,289] {logging_mixin.py:115} INFO - [2022-09-21 00:15:52,289] {dag.py:2919} INFO - Setting next_dagrun for example_sla_dag to 2022-09-21T00:12:00+00:00, run_after=2022-09-21T00:14:00+00:00
[2022-09-21 00:15:52,412] {processor.py:161} INFO - Processing /home/airflow/.local/lib/python3.7/site-packages/airflow/example_dags/example_sla_dag.py took 0.296 seconds
[2022-09-21 00:16:22,771] {processor.py:153} INFO - Started process (PID=21417) to work on /home/airflow/.local/lib/python3.7/site-packages/airflow/example_dags/example_sla_dag.py
[2022-09-21 00:16:22,787] {processor.py:641} INFO - Processing file /home/airflow/.local/lib/python3.7/site-packages/airflow/example_dags/example_sla_dag.py for tasks to queue
[2022-09-21 00:16:22,788] {logging_mixin.py:115} INFO - [2022-09-21 00:16:22,788] {dagbag.py:507} INFO - Filling up the DagBag from /home/airflow/.local/lib/python3.7/site-packages/airflow/example_dags/example_sla_dag.py
[2022-09-21 00:16:22,808] {processor.py:651} INFO - DAG(s) dict_keys(['example_sla_dag']) retrieved from /home/airflow/.local/lib/python3.7/site-packages/airflow/example_dags/example_sla_dag.py
[2022-09-21 00:16:22,842] {logging_mixin.py:115} INFO - [2022-09-21 00:16:22,842] {dag.py:2371} INFO - Sync 1 DAGs
[2022-09-21 00:16:22,888] {logging_mixin.py:115} INFO - [2022-09-21 00:16:22,888] {dag.py:2919} INFO - Setting next_dagrun for example_sla_dag to 2022-09-21T00:14:00+00:00, run_after=2022-09-21T00:16:00+00:00
[2022-09-21 00:16:22,920] {processor.py:161} INFO - Processing /home/airflow/.local/lib/python3.7/site-packages/airflow/example_dags/example_sla_dag.py took 0.153 seconds
[2022-09-21 00:16:53,170] {processor.py:153} INFO - Started process (PID=21479) to work on /home/airflow/.local/lib/python3.7/site-packages/airflow/example_dags/example_sla_dag.py
[2022-09-21 00:16:53,277] {processor.py:641} INFO - Processing file /home/airflow/.local/lib/python3.7/site-packages/airflow/example_dags/example_sla_dag.py for tasks to queue
[2022-09-21 00:16:53,278] {logging_mixin.py:115} INFO - [2022-09-21 00:16:53,278] {dagbag.py:507} INFO - Filling up the DagBag from /home/airflow/.local/lib/python3.7/site-packages/airflow/example_dags/example_sla_dag.py
[2022-09-21 00:16:53,309] {processor.py:651} INFO - DAG(s) dict_keys(['example_sla_dag']) retrieved from /home/airflow/.local/lib/python3.7/site-packages/airflow/example_dags/example_sla_dag.py
[2022-09-21 00:16:53,346] {logging_mixin.py:115} INFO - [2022-09-21 00:16:53,346] {dag.py:2371} INFO - Sync 1 DAGs
[2022-09-21 00:16:53,399] {logging_mixin.py:115} INFO - [2022-09-21 00:16:53,399] {dag.py:2919} INFO - Setting next_dagrun for example_sla_dag to 2022-09-21T00:14:00+00:00, run_after=2022-09-21T00:16:00+00:00
[2022-09-21 00:16:53,745] {processor.py:161} INFO - Processing /home/airflow/.local/lib/python3.7/site-packages/airflow/example_dags/example_sla_dag.py took 0.582 seconds
[2022-09-21 00:17:24,749] {processor.py:153} INFO - Started process (PID=21531) to work on /home/airflow/.local/lib/python3.7/site-packages/airflow/example_dags/example_sla_dag.py
[2022-09-21 00:17:24,750] {processor.py:641} INFO - Processing file /home/airflow/.local/lib/python3.7/site-packages/airflow/example_dags/example_sla_dag.py for tasks to queue
[2022-09-21 00:17:24,751] {logging_mixin.py:115} INFO - [2022-09-21 00:17:24,750] {dagbag.py:507} INFO - Filling up the DagBag from /home/airflow/.local/lib/python3.7/site-packages/airflow/example_dags/example_sla_dag.py
[2022-09-21 00:17:24,774] {processor.py:651} INFO - DAG(s) dict_keys(['example_sla_dag']) retrieved from /home/airflow/.local/lib/python3.7/site-packages/airflow/example_dags/example_sla_dag.py
[2022-09-21 00:17:24,802] {logging_mixin.py:115} INFO - [2022-09-21 00:17:24,802] {dag.py:2371} INFO - Sync 1 DAGs
[2022-09-21 00:17:24,836] {logging_mixin.py:115} INFO - [2022-09-21 00:17:24,836] {dag.py:2919} INFO - Setting next_dagrun for example_sla_dag to 2022-09-21T00:14:00+00:00, run_after=2022-09-21T00:16:00+00:00
[2022-09-21 00:17:24,910] {processor.py:161} INFO - Processing /home/airflow/.local/lib/python3.7/site-packages/airflow/example_dags/example_sla_dag.py took 0.168 seconds
[2022-09-21 00:17:55,485] {processor.py:153} INFO - Started process (PID=21591) to work on /home/airflow/.local/lib/python3.7/site-packages/airflow/example_dags/example_sla_dag.py
[2022-09-21 00:17:55,550] {processor.py:641} INFO - Processing file /home/airflow/.local/lib/python3.7/site-packages/airflow/example_dags/example_sla_dag.py for tasks to queue
[2022-09-21 00:17:55,551] {logging_mixin.py:115} INFO - [2022-09-21 00:17:55,551] {dagbag.py:507} INFO - Filling up the DagBag from /home/airflow/.local/lib/python3.7/site-packages/airflow/example_dags/example_sla_dag.py
[2022-09-21 00:17:55,581] {processor.py:651} INFO - DAG(s) dict_keys(['example_sla_dag']) retrieved from /home/airflow/.local/lib/python3.7/site-packages/airflow/example_dags/example_sla_dag.py
[2022-09-21 00:17:55,618] {logging_mixin.py:115} INFO - [2022-09-21 00:17:55,618] {dag.py:2371} INFO - Sync 1 DAGs
[2022-09-21 00:17:55,663] {logging_mixin.py:115} INFO - [2022-09-21 00:17:55,663] {dag.py:2919} INFO - Setting next_dagrun for example_sla_dag to 2022-09-21T00:14:00+00:00, run_after=2022-09-21T00:16:00+00:00
[2022-09-21 00:17:55,736] {processor.py:161} INFO - Processing /home/airflow/.local/lib/python3.7/site-packages/airflow/example_dags/example_sla_dag.py took 0.258 seconds
[2022-09-21 00:18:26,302] {processor.py:153} INFO - Started process (PID=21645) to work on /home/airflow/.local/lib/python3.7/site-packages/airflow/example_dags/example_sla_dag.py
[2022-09-21 00:18:26,352] {processor.py:641} INFO - Processing file /home/airflow/.local/lib/python3.7/site-packages/airflow/example_dags/example_sla_dag.py for tasks to queue
[2022-09-21 00:18:26,352] {logging_mixin.py:115} INFO - [2022-09-21 00:18:26,352] {dagbag.py:507} INFO - Filling up the DagBag from /home/airflow/.local/lib/python3.7/site-packages/airflow/example_dags/example_sla_dag.py
[2022-09-21 00:18:26,374] {processor.py:651} INFO - DAG(s) dict_keys(['example_sla_dag']) retrieved from /home/airflow/.local/lib/python3.7/site-packages/airflow/example_dags/example_sla_dag.py
[2022-09-21 00:18:26,403] {logging_mixin.py:115} INFO - [2022-09-21 00:18:26,403] {dag.py:2371} INFO - Sync 1 DAGs
[2022-09-21 00:18:26,433] {logging_mixin.py:115} INFO - [2022-09-21 00:18:26,433] {dag.py:2919} INFO - Setting next_dagrun for example_sla_dag to 2022-09-21T00:16:00+00:00, run_after=2022-09-21T00:18:00+00:00
[2022-09-21 00:18:26,460] {processor.py:161} INFO - Processing /home/airflow/.local/lib/python3.7/site-packages/airflow/example_dags/example_sla_dag.py took 0.164 seconds
[2022-09-21 00:18:56,786] {processor.py:153} INFO - Started process (PID=21705) to work on /home/airflow/.local/lib/python3.7/site-packages/airflow/example_dags/example_sla_dag.py
[2022-09-21 00:18:56,786] {processor.py:641} INFO - Processing file /home/airflow/.local/lib/python3.7/site-packages/airflow/example_dags/example_sla_dag.py for tasks to queue
[2022-09-21 00:18:56,787] {logging_mixin.py:115} INFO - [2022-09-21 00:18:56,787] {dagbag.py:507} INFO - Filling up the DagBag from /home/airflow/.local/lib/python3.7/site-packages/airflow/example_dags/example_sla_dag.py
[2022-09-21 00:18:56,811] {processor.py:651} INFO - DAG(s) dict_keys(['example_sla_dag']) retrieved from /home/airflow/.local/lib/python3.7/site-packages/airflow/example_dags/example_sla_dag.py
[2022-09-21 00:18:56,852] {logging_mixin.py:115} INFO - [2022-09-21 00:18:56,851] {dag.py:2371} INFO - Sync 1 DAGs
[2022-09-21 00:18:56,895] {logging_mixin.py:115} INFO - [2022-09-21 00:18:56,895] {dag.py:2919} INFO - Setting next_dagrun for example_sla_dag to 2022-09-21T00:16:00+00:00, run_after=2022-09-21T00:18:00+00:00
[2022-09-21 00:18:56,928] {processor.py:161} INFO - Processing /home/airflow/.local/lib/python3.7/site-packages/airflow/example_dags/example_sla_dag.py took 0.147 seconds
[2022-09-21 00:19:27,758] {processor.py:153} INFO - Started process (PID=21756) to work on /home/airflow/.local/lib/python3.7/site-packages/airflow/example_dags/example_sla_dag.py
[2022-09-21 00:19:27,868] {processor.py:641} INFO - Processing file /home/airflow/.local/lib/python3.7/site-packages/airflow/example_dags/example_sla_dag.py for tasks to queue
[2022-09-21 00:19:27,870] {logging_mixin.py:115} INFO - [2022-09-21 00:19:27,869] {dagbag.py:507} INFO - Filling up the DagBag from /home/airflow/.local/lib/python3.7/site-packages/airflow/example_dags/example_sla_dag.py
[2022-09-21 00:19:27,901] {processor.py:651} INFO - DAG(s) dict_keys(['example_sla_dag']) retrieved from /home/airflow/.local/lib/python3.7/site-packages/airflow/example_dags/example_sla_dag.py
[2022-09-21 00:19:27,938] {logging_mixin.py:115} INFO - [2022-09-21 00:19:27,938] {dag.py:2371} INFO - Sync 1 DAGs
[2022-09-21 00:19:27,974] {logging_mixin.py:115} INFO - [2022-09-21 00:19:27,974] {dag.py:2919} INFO - Setting next_dagrun for example_sla_dag to 2022-09-21T00:16:00+00:00, run_after=2022-09-21T00:18:00+00:00
[2022-09-21 00:19:28,009] {processor.py:161} INFO - Processing /home/airflow/.local/lib/python3.7/site-packages/airflow/example_dags/example_sla_dag.py took 0.266 seconds
[2022-09-21 00:19:58,892] {processor.py:153} INFO - Started process (PID=21817) to work on /home/airflow/.local/lib/python3.7/site-packages/airflow/example_dags/example_sla_dag.py
[2022-09-21 00:19:58,914] {processor.py:641} INFO - Processing file /home/airflow/.local/lib/python3.7/site-packages/airflow/example_dags/example_sla_dag.py for tasks to queue
[2022-09-21 00:19:58,915] {logging_mixin.py:115} INFO - [2022-09-21 00:19:58,915] {dagbag.py:507} INFO - Filling up the DagBag from /home/airflow/.local/lib/python3.7/site-packages/airflow/example_dags/example_sla_dag.py
[2022-09-21 00:19:58,957] {processor.py:651} INFO - DAG(s) dict_keys(['example_sla_dag']) retrieved from /home/airflow/.local/lib/python3.7/site-packages/airflow/example_dags/example_sla_dag.py
[2022-09-21 00:19:59,002] {logging_mixin.py:115} INFO - [2022-09-21 00:19:59,002] {dag.py:2371} INFO - Sync 1 DAGs
[2022-09-21 00:19:59,039] {logging_mixin.py:115} INFO - [2022-09-21 00:19:59,039] {dag.py:2919} INFO - Setting next_dagrun for example_sla_dag to 2022-09-21T00:16:00+00:00, run_after=2022-09-21T00:18:00+00:00
[2022-09-21 00:19:59,078] {processor.py:161} INFO - Processing /home/airflow/.local/lib/python3.7/site-packages/airflow/example_dags/example_sla_dag.py took 0.194 seconds
[2022-09-21 00:20:29,273] {processor.py:153} INFO - Started process (PID=21869) to work on /home/airflow/.local/lib/python3.7/site-packages/airflow/example_dags/example_sla_dag.py
[2022-09-21 00:20:29,317] {processor.py:641} INFO - Processing file /home/airflow/.local/lib/python3.7/site-packages/airflow/example_dags/example_sla_dag.py for tasks to queue
[2022-09-21 00:20:29,318] {logging_mixin.py:115} INFO - [2022-09-21 00:20:29,318] {dagbag.py:507} INFO - Filling up the DagBag from /home/airflow/.local/lib/python3.7/site-packages/airflow/example_dags/example_sla_dag.py
[2022-09-21 00:20:29,349] {processor.py:651} INFO - DAG(s) dict_keys(['example_sla_dag']) retrieved from /home/airflow/.local/lib/python3.7/site-packages/airflow/example_dags/example_sla_dag.py
[2022-09-21 00:20:29,389] {logging_mixin.py:115} INFO - [2022-09-21 00:20:29,389] {dag.py:2371} INFO - Sync 1 DAGs
[2022-09-21 00:20:29,494] {logging_mixin.py:115} INFO - [2022-09-21 00:20:29,494] {dag.py:2919} INFO - Setting next_dagrun for example_sla_dag to 2022-09-21T00:18:00+00:00, run_after=2022-09-21T00:20:00+00:00
[2022-09-21 00:20:29,557] {processor.py:161} INFO - Processing /home/airflow/.local/lib/python3.7/site-packages/airflow/example_dags/example_sla_dag.py took 0.289 seconds
[2022-09-21 00:21:00,043] {processor.py:153} INFO - Started process (PID=21920) to work on /home/airflow/.local/lib/python3.7/site-packages/airflow/example_dags/example_sla_dag.py
[2022-09-21 00:21:00,045] {processor.py:641} INFO - Processing file /home/airflow/.local/lib/python3.7/site-packages/airflow/example_dags/example_sla_dag.py for tasks to queue
[2022-09-21 00:21:00,046] {logging_mixin.py:115} INFO - [2022-09-21 00:21:00,046] {dagbag.py:507} INFO - Filling up the DagBag from /home/airflow/.local/lib/python3.7/site-packages/airflow/example_dags/example_sla_dag.py
[2022-09-21 00:21:00,075] {processor.py:651} INFO - DAG(s) dict_keys(['example_sla_dag']) retrieved from /home/airflow/.local/lib/python3.7/site-packages/airflow/example_dags/example_sla_dag.py
[2022-09-21 00:21:00,108] {logging_mixin.py:115} INFO - [2022-09-21 00:21:00,108] {dag.py:2371} INFO - Sync 1 DAGs
[2022-09-21 00:21:00,147] {logging_mixin.py:115} INFO - [2022-09-21 00:21:00,147] {dag.py:2919} INFO - Setting next_dagrun for example_sla_dag to 2022-09-21T00:18:00+00:00, run_after=2022-09-21T00:20:00+00:00
[2022-09-21 00:21:00,181] {processor.py:161} INFO - Processing /home/airflow/.local/lib/python3.7/site-packages/airflow/example_dags/example_sla_dag.py took 0.148 seconds
[2022-09-21 00:21:30,562] {processor.py:153} INFO - Started process (PID=21981) to work on /home/airflow/.local/lib/python3.7/site-packages/airflow/example_dags/example_sla_dag.py
[2022-09-21 00:21:30,563] {processor.py:641} INFO - Processing file /home/airflow/.local/lib/python3.7/site-packages/airflow/example_dags/example_sla_dag.py for tasks to queue
[2022-09-21 00:21:30,564] {logging_mixin.py:115} INFO - [2022-09-21 00:21:30,564] {dagbag.py:507} INFO - Filling up the DagBag from /home/airflow/.local/lib/python3.7/site-packages/airflow/example_dags/example_sla_dag.py
[2022-09-21 00:21:30,597] {processor.py:651} INFO - DAG(s) dict_keys(['example_sla_dag']) retrieved from /home/airflow/.local/lib/python3.7/site-packages/airflow/example_dags/example_sla_dag.py
[2022-09-21 00:21:30,646] {logging_mixin.py:115} INFO - [2022-09-21 00:21:30,646] {dag.py:2371} INFO - Sync 1 DAGs
[2022-09-21 00:21:30,699] {logging_mixin.py:115} INFO - [2022-09-21 00:21:30,699] {dag.py:2919} INFO - Setting next_dagrun for example_sla_dag to 2022-09-21T00:18:00+00:00, run_after=2022-09-21T00:20:00+00:00
[2022-09-21 00:21:30,786] {processor.py:161} INFO - Processing /home/airflow/.local/lib/python3.7/site-packages/airflow/example_dags/example_sla_dag.py took 0.229 seconds
[2022-09-21 00:22:01,156] {processor.py:153} INFO - Started process (PID=22033) to work on /home/airflow/.local/lib/python3.7/site-packages/airflow/example_dags/example_sla_dag.py
[2022-09-21 00:22:01,158] {processor.py:641} INFO - Processing file /home/airflow/.local/lib/python3.7/site-packages/airflow/example_dags/example_sla_dag.py for tasks to queue
[2022-09-21 00:22:01,161] {logging_mixin.py:115} INFO - [2022-09-21 00:22:01,161] {dagbag.py:507} INFO - Filling up the DagBag from /home/airflow/.local/lib/python3.7/site-packages/airflow/example_dags/example_sla_dag.py
[2022-09-21 00:22:01,241] {processor.py:651} INFO - DAG(s) dict_keys(['example_sla_dag']) retrieved from /home/airflow/.local/lib/python3.7/site-packages/airflow/example_dags/example_sla_dag.py
[2022-09-21 00:22:01,272] {logging_mixin.py:115} INFO - [2022-09-21 00:22:01,272] {dag.py:2371} INFO - Sync 1 DAGs
[2022-09-21 00:22:01,315] {logging_mixin.py:115} INFO - [2022-09-21 00:22:01,315] {dag.py:2919} INFO - Setting next_dagrun for example_sla_dag to 2022-09-21T00:20:00+00:00, run_after=2022-09-21T00:22:00+00:00
[2022-09-21 00:22:01,341] {processor.py:161} INFO - Processing /home/airflow/.local/lib/python3.7/site-packages/airflow/example_dags/example_sla_dag.py took 0.202 seconds
[2022-09-21 00:22:31,499] {processor.py:153} INFO - Started process (PID=22090) to work on /home/airflow/.local/lib/python3.7/site-packages/airflow/example_dags/example_sla_dag.py
[2022-09-21 00:22:31,500] {processor.py:641} INFO - Processing file /home/airflow/.local/lib/python3.7/site-packages/airflow/example_dags/example_sla_dag.py for tasks to queue
[2022-09-21 00:22:31,501] {logging_mixin.py:115} INFO - [2022-09-21 00:22:31,501] {dagbag.py:507} INFO - Filling up the DagBag from /home/airflow/.local/lib/python3.7/site-packages/airflow/example_dags/example_sla_dag.py
[2022-09-21 00:22:31,532] {processor.py:651} INFO - DAG(s) dict_keys(['example_sla_dag']) retrieved from /home/airflow/.local/lib/python3.7/site-packages/airflow/example_dags/example_sla_dag.py
[2022-09-21 00:22:31,571] {logging_mixin.py:115} INFO - [2022-09-21 00:22:31,570] {dag.py:2371} INFO - Sync 1 DAGs
[2022-09-21 00:22:31,620] {logging_mixin.py:115} INFO - [2022-09-21 00:22:31,620] {dag.py:2919} INFO - Setting next_dagrun for example_sla_dag to 2022-09-21T00:20:00+00:00, run_after=2022-09-21T00:22:00+00:00
[2022-09-21 00:22:31,679] {processor.py:161} INFO - Processing /home/airflow/.local/lib/python3.7/site-packages/airflow/example_dags/example_sla_dag.py took 0.187 seconds
[2022-09-21 00:23:01,729] {processor.py:153} INFO - Started process (PID=22145) to work on /home/airflow/.local/lib/python3.7/site-packages/airflow/example_dags/example_sla_dag.py
[2022-09-21 00:23:01,752] {processor.py:641} INFO - Processing file /home/airflow/.local/lib/python3.7/site-packages/airflow/example_dags/example_sla_dag.py for tasks to queue
[2022-09-21 00:23:01,753] {logging_mixin.py:115} INFO - [2022-09-21 00:23:01,753] {dagbag.py:507} INFO - Filling up the DagBag from /home/airflow/.local/lib/python3.7/site-packages/airflow/example_dags/example_sla_dag.py
[2022-09-21 00:23:01,783] {processor.py:651} INFO - DAG(s) dict_keys(['example_sla_dag']) retrieved from /home/airflow/.local/lib/python3.7/site-packages/airflow/example_dags/example_sla_dag.py
[2022-09-21 00:23:01,821] {logging_mixin.py:115} INFO - [2022-09-21 00:23:01,821] {dag.py:2371} INFO - Sync 1 DAGs
[2022-09-21 00:23:01,916] {logging_mixin.py:115} INFO - [2022-09-21 00:23:01,916] {dag.py:2919} INFO - Setting next_dagrun for example_sla_dag to 2022-09-21T00:20:00+00:00, run_after=2022-09-21T00:22:00+00:00
[2022-09-21 00:23:01,957] {processor.py:161} INFO - Processing /home/airflow/.local/lib/python3.7/site-packages/airflow/example_dags/example_sla_dag.py took 0.233 seconds
[2022-09-21 00:23:32,384] {processor.py:153} INFO - Started process (PID=22197) to work on /home/airflow/.local/lib/python3.7/site-packages/airflow/example_dags/example_sla_dag.py
[2022-09-21 00:23:32,384] {processor.py:641} INFO - Processing file /home/airflow/.local/lib/python3.7/site-packages/airflow/example_dags/example_sla_dag.py for tasks to queue
[2022-09-21 00:23:32,385] {logging_mixin.py:115} INFO - [2022-09-21 00:23:32,385] {dagbag.py:507} INFO - Filling up the DagBag from /home/airflow/.local/lib/python3.7/site-packages/airflow/example_dags/example_sla_dag.py
[2022-09-21 00:23:32,409] {processor.py:651} INFO - DAG(s) dict_keys(['example_sla_dag']) retrieved from /home/airflow/.local/lib/python3.7/site-packages/airflow/example_dags/example_sla_dag.py
[2022-09-21 00:23:32,449] {logging_mixin.py:115} INFO - [2022-09-21 00:23:32,449] {dag.py:2371} INFO - Sync 1 DAGs
[2022-09-21 00:23:32,486] {logging_mixin.py:115} INFO - [2022-09-21 00:23:32,486] {dag.py:2919} INFO - Setting next_dagrun for example_sla_dag to 2022-09-21T00:20:00+00:00, run_after=2022-09-21T00:22:00+00:00
[2022-09-21 00:23:32,524] {processor.py:161} INFO - Processing /home/airflow/.local/lib/python3.7/site-packages/airflow/example_dags/example_sla_dag.py took 0.144 seconds
[2022-09-21 00:24:03,029] {processor.py:153} INFO - Started process (PID=22257) to work on /home/airflow/.local/lib/python3.7/site-packages/airflow/example_dags/example_sla_dag.py
[2022-09-21 00:24:03,057] {processor.py:641} INFO - Processing file /home/airflow/.local/lib/python3.7/site-packages/airflow/example_dags/example_sla_dag.py for tasks to queue
[2022-09-21 00:24:03,059] {logging_mixin.py:115} INFO - [2022-09-21 00:24:03,058] {dagbag.py:507} INFO - Filling up the DagBag from /home/airflow/.local/lib/python3.7/site-packages/airflow/example_dags/example_sla_dag.py
[2022-09-21 00:24:03,115] {processor.py:651} INFO - DAG(s) dict_keys(['example_sla_dag']) retrieved from /home/airflow/.local/lib/python3.7/site-packages/airflow/example_dags/example_sla_dag.py
[2022-09-21 00:24:03,151] {logging_mixin.py:115} INFO - [2022-09-21 00:24:03,151] {dag.py:2371} INFO - Sync 1 DAGs
[2022-09-21 00:24:03,210] {logging_mixin.py:115} INFO - [2022-09-21 00:24:03,210] {dag.py:2919} INFO - Setting next_dagrun for example_sla_dag to 2022-09-21T00:22:00+00:00, run_after=2022-09-21T00:24:00+00:00
[2022-09-21 00:24:03,263] {processor.py:161} INFO - Processing /home/airflow/.local/lib/python3.7/site-packages/airflow/example_dags/example_sla_dag.py took 0.254 seconds
[2022-09-21 00:24:33,805] {processor.py:153} INFO - Started process (PID=22308) to work on /home/airflow/.local/lib/python3.7/site-packages/airflow/example_dags/example_sla_dag.py
[2022-09-21 00:24:33,806] {processor.py:641} INFO - Processing file /home/airflow/.local/lib/python3.7/site-packages/airflow/example_dags/example_sla_dag.py for tasks to queue
[2022-09-21 00:24:33,807] {logging_mixin.py:115} INFO - [2022-09-21 00:24:33,807] {dagbag.py:507} INFO - Filling up the DagBag from /home/airflow/.local/lib/python3.7/site-packages/airflow/example_dags/example_sla_dag.py
[2022-09-21 00:24:33,848] {processor.py:651} INFO - DAG(s) dict_keys(['example_sla_dag']) retrieved from /home/airflow/.local/lib/python3.7/site-packages/airflow/example_dags/example_sla_dag.py
[2022-09-21 00:24:33,902] {logging_mixin.py:115} INFO - [2022-09-21 00:24:33,902] {dag.py:2371} INFO - Sync 1 DAGs
[2022-09-21 00:24:33,951] {logging_mixin.py:115} INFO - [2022-09-21 00:24:33,951] {dag.py:2919} INFO - Setting next_dagrun for example_sla_dag to 2022-09-21T00:22:00+00:00, run_after=2022-09-21T00:24:00+00:00
[2022-09-21 00:24:34,119] {processor.py:161} INFO - Processing /home/airflow/.local/lib/python3.7/site-packages/airflow/example_dags/example_sla_dag.py took 0.320 seconds
[2022-09-21 00:25:04,734] {processor.py:153} INFO - Started process (PID=22369) to work on /home/airflow/.local/lib/python3.7/site-packages/airflow/example_dags/example_sla_dag.py
[2022-09-21 00:25:04,750] {processor.py:641} INFO - Processing file /home/airflow/.local/lib/python3.7/site-packages/airflow/example_dags/example_sla_dag.py for tasks to queue
[2022-09-21 00:25:04,751] {logging_mixin.py:115} INFO - [2022-09-21 00:25:04,751] {dagbag.py:507} INFO - Filling up the DagBag from /home/airflow/.local/lib/python3.7/site-packages/airflow/example_dags/example_sla_dag.py
[2022-09-21 00:25:04,780] {processor.py:651} INFO - DAG(s) dict_keys(['example_sla_dag']) retrieved from /home/airflow/.local/lib/python3.7/site-packages/airflow/example_dags/example_sla_dag.py
[2022-09-21 00:25:04,813] {logging_mixin.py:115} INFO - [2022-09-21 00:25:04,813] {dag.py:2371} INFO - Sync 1 DAGs
[2022-09-21 00:25:04,863] {logging_mixin.py:115} INFO - [2022-09-21 00:25:04,862] {dag.py:2919} INFO - Setting next_dagrun for example_sla_dag to 2022-09-21T00:22:00+00:00, run_after=2022-09-21T00:24:00+00:00
[2022-09-21 00:25:04,900] {processor.py:161} INFO - Processing /home/airflow/.local/lib/python3.7/site-packages/airflow/example_dags/example_sla_dag.py took 0.182 seconds
[2022-09-21 00:25:35,089] {processor.py:153} INFO - Started process (PID=22422) to work on /home/airflow/.local/lib/python3.7/site-packages/airflow/example_dags/example_sla_dag.py
[2022-09-21 00:25:35,089] {processor.py:641} INFO - Processing file /home/airflow/.local/lib/python3.7/site-packages/airflow/example_dags/example_sla_dag.py for tasks to queue
[2022-09-21 00:25:35,090] {logging_mixin.py:115} INFO - [2022-09-21 00:25:35,090] {dagbag.py:507} INFO - Filling up the DagBag from /home/airflow/.local/lib/python3.7/site-packages/airflow/example_dags/example_sla_dag.py
[2022-09-21 00:25:35,122] {processor.py:651} INFO - DAG(s) dict_keys(['example_sla_dag']) retrieved from /home/airflow/.local/lib/python3.7/site-packages/airflow/example_dags/example_sla_dag.py
[2022-09-21 00:25:35,163] {logging_mixin.py:115} INFO - [2022-09-21 00:25:35,163] {dag.py:2371} INFO - Sync 1 DAGs
[2022-09-21 00:25:35,212] {logging_mixin.py:115} INFO - [2022-09-21 00:25:35,211] {dag.py:2919} INFO - Setting next_dagrun for example_sla_dag to 2022-09-21T00:22:00+00:00, run_after=2022-09-21T00:24:00+00:00
[2022-09-21 00:25:35,237] {processor.py:161} INFO - Processing /home/airflow/.local/lib/python3.7/site-packages/airflow/example_dags/example_sla_dag.py took 0.154 seconds
[2022-09-21 00:26:05,920] {processor.py:153} INFO - Started process (PID=22481) to work on /home/airflow/.local/lib/python3.7/site-packages/airflow/example_dags/example_sla_dag.py
[2022-09-21 00:26:05,931] {processor.py:641} INFO - Processing file /home/airflow/.local/lib/python3.7/site-packages/airflow/example_dags/example_sla_dag.py for tasks to queue
[2022-09-21 00:26:05,932] {logging_mixin.py:115} INFO - [2022-09-21 00:26:05,932] {dagbag.py:507} INFO - Filling up the DagBag from /home/airflow/.local/lib/python3.7/site-packages/airflow/example_dags/example_sla_dag.py
[2022-09-21 00:26:05,972] {processor.py:651} INFO - DAG(s) dict_keys(['example_sla_dag']) retrieved from /home/airflow/.local/lib/python3.7/site-packages/airflow/example_dags/example_sla_dag.py
[2022-09-21 00:26:06,019] {logging_mixin.py:115} INFO - [2022-09-21 00:26:06,019] {dag.py:2371} INFO - Sync 1 DAGs
[2022-09-21 00:26:06,118] {logging_mixin.py:115} INFO - [2022-09-21 00:26:06,118] {dag.py:2919} INFO - Setting next_dagrun for example_sla_dag to 2022-09-21T00:24:00+00:00, run_after=2022-09-21T00:26:00+00:00
[2022-09-21 00:26:06,178] {processor.py:161} INFO - Processing /home/airflow/.local/lib/python3.7/site-packages/airflow/example_dags/example_sla_dag.py took 0.263 seconds
[2022-09-21 00:26:36,522] {processor.py:153} INFO - Started process (PID=22533) to work on /home/airflow/.local/lib/python3.7/site-packages/airflow/example_dags/example_sla_dag.py
[2022-09-21 00:26:36,523] {processor.py:641} INFO - Processing file /home/airflow/.local/lib/python3.7/site-packages/airflow/example_dags/example_sla_dag.py for tasks to queue
[2022-09-21 00:26:36,524] {logging_mixin.py:115} INFO - [2022-09-21 00:26:36,524] {dagbag.py:507} INFO - Filling up the DagBag from /home/airflow/.local/lib/python3.7/site-packages/airflow/example_dags/example_sla_dag.py
[2022-09-21 00:26:36,555] {processor.py:651} INFO - DAG(s) dict_keys(['example_sla_dag']) retrieved from /home/airflow/.local/lib/python3.7/site-packages/airflow/example_dags/example_sla_dag.py
[2022-09-21 00:26:36,597] {logging_mixin.py:115} INFO - [2022-09-21 00:26:36,597] {dag.py:2371} INFO - Sync 1 DAGs
[2022-09-21 00:26:36,648] {logging_mixin.py:115} INFO - [2022-09-21 00:26:36,648] {dag.py:2919} INFO - Setting next_dagrun for example_sla_dag to 2022-09-21T00:24:00+00:00, run_after=2022-09-21T00:26:00+00:00
[2022-09-21 00:26:36,687] {processor.py:161} INFO - Processing /home/airflow/.local/lib/python3.7/site-packages/airflow/example_dags/example_sla_dag.py took 0.170 seconds
[2022-09-21 00:27:07,357] {processor.py:153} INFO - Started process (PID=22585) to work on /home/airflow/.local/lib/python3.7/site-packages/airflow/example_dags/example_sla_dag.py
[2022-09-21 00:27:07,412] {processor.py:641} INFO - Processing file /home/airflow/.local/lib/python3.7/site-packages/airflow/example_dags/example_sla_dag.py for tasks to queue
[2022-09-21 00:27:07,414] {logging_mixin.py:115} INFO - [2022-09-21 00:27:07,414] {dagbag.py:507} INFO - Filling up the DagBag from /home/airflow/.local/lib/python3.7/site-packages/airflow/example_dags/example_sla_dag.py
[2022-09-21 00:27:07,505] {processor.py:651} INFO - DAG(s) dict_keys(['example_sla_dag']) retrieved from /home/airflow/.local/lib/python3.7/site-packages/airflow/example_dags/example_sla_dag.py
[2022-09-21 00:27:07,544] {logging_mixin.py:115} INFO - [2022-09-21 00:27:07,544] {dag.py:2371} INFO - Sync 1 DAGs
[2022-09-21 00:27:07,583] {logging_mixin.py:115} INFO - [2022-09-21 00:27:07,583] {dag.py:2919} INFO - Setting next_dagrun for example_sla_dag to 2022-09-21T00:24:00+00:00, run_after=2022-09-21T00:26:00+00:00
[2022-09-21 00:27:07,615] {processor.py:161} INFO - Processing /home/airflow/.local/lib/python3.7/site-packages/airflow/example_dags/example_sla_dag.py took 0.277 seconds
[2022-09-21 00:27:37,688] {processor.py:153} INFO - Started process (PID=22646) to work on /home/airflow/.local/lib/python3.7/site-packages/airflow/example_dags/example_sla_dag.py
[2022-09-21 00:27:37,689] {processor.py:641} INFO - Processing file /home/airflow/.local/lib/python3.7/site-packages/airflow/example_dags/example_sla_dag.py for tasks to queue
[2022-09-21 00:27:37,690] {logging_mixin.py:115} INFO - [2022-09-21 00:27:37,689] {dagbag.py:507} INFO - Filling up the DagBag from /home/airflow/.local/lib/python3.7/site-packages/airflow/example_dags/example_sla_dag.py
[2022-09-21 00:27:37,727] {processor.py:651} INFO - DAG(s) dict_keys(['example_sla_dag']) retrieved from /home/airflow/.local/lib/python3.7/site-packages/airflow/example_dags/example_sla_dag.py
[2022-09-21 00:27:37,792] {logging_mixin.py:115} INFO - [2022-09-21 00:27:37,792] {dag.py:2371} INFO - Sync 1 DAGs
[2022-09-21 00:27:37,863] {logging_mixin.py:115} INFO - [2022-09-21 00:27:37,863] {dag.py:2919} INFO - Setting next_dagrun for example_sla_dag to 2022-09-21T00:24:00+00:00, run_after=2022-09-21T00:26:00+00:00
[2022-09-21 00:27:38,145] {processor.py:161} INFO - Processing /home/airflow/.local/lib/python3.7/site-packages/airflow/example_dags/example_sla_dag.py took 0.464 seconds
[2022-09-21 00:28:08,886] {processor.py:153} INFO - Started process (PID=22698) to work on /home/airflow/.local/lib/python3.7/site-packages/airflow/example_dags/example_sla_dag.py
[2022-09-21 00:28:08,938] {processor.py:641} INFO - Processing file /home/airflow/.local/lib/python3.7/site-packages/airflow/example_dags/example_sla_dag.py for tasks to queue
[2022-09-21 00:28:08,939] {logging_mixin.py:115} INFO - [2022-09-21 00:28:08,939] {dagbag.py:507} INFO - Filling up the DagBag from /home/airflow/.local/lib/python3.7/site-packages/airflow/example_dags/example_sla_dag.py
[2022-09-21 00:28:08,970] {processor.py:651} INFO - DAG(s) dict_keys(['example_sla_dag']) retrieved from /home/airflow/.local/lib/python3.7/site-packages/airflow/example_dags/example_sla_dag.py
[2022-09-21 00:28:09,019] {logging_mixin.py:115} INFO - [2022-09-21 00:28:09,019] {dag.py:2371} INFO - Sync 1 DAGs
[2022-09-21 00:28:09,065] {logging_mixin.py:115} INFO - [2022-09-21 00:28:09,065] {dag.py:2919} INFO - Setting next_dagrun for example_sla_dag to 2022-09-21T00:26:00+00:00, run_after=2022-09-21T00:28:00+00:00
[2022-09-21 00:28:09,097] {processor.py:161} INFO - Processing /home/airflow/.local/lib/python3.7/site-packages/airflow/example_dags/example_sla_dag.py took 0.214 seconds
[2022-09-21 00:28:39,483] {processor.py:153} INFO - Started process (PID=22760) to work on /home/airflow/.local/lib/python3.7/site-packages/airflow/example_dags/example_sla_dag.py
[2022-09-21 00:28:39,483] {processor.py:641} INFO - Processing file /home/airflow/.local/lib/python3.7/site-packages/airflow/example_dags/example_sla_dag.py for tasks to queue
[2022-09-21 00:28:39,484] {logging_mixin.py:115} INFO - [2022-09-21 00:28:39,484] {dagbag.py:507} INFO - Filling up the DagBag from /home/airflow/.local/lib/python3.7/site-packages/airflow/example_dags/example_sla_dag.py
[2022-09-21 00:28:39,547] {processor.py:651} INFO - DAG(s) dict_keys(['example_sla_dag']) retrieved from /home/airflow/.local/lib/python3.7/site-packages/airflow/example_dags/example_sla_dag.py
[2022-09-21 00:28:39,615] {logging_mixin.py:115} INFO - [2022-09-21 00:28:39,614] {dag.py:2371} INFO - Sync 1 DAGs
[2022-09-21 00:28:39,669] {logging_mixin.py:115} INFO - [2022-09-21 00:28:39,668] {dag.py:2919} INFO - Setting next_dagrun for example_sla_dag to 2022-09-21T00:26:00+00:00, run_after=2022-09-21T00:28:00+00:00
[2022-09-21 00:28:39,701] {processor.py:161} INFO - Processing /home/airflow/.local/lib/python3.7/site-packages/airflow/example_dags/example_sla_dag.py took 0.227 seconds
[2022-09-21 00:29:09,791] {processor.py:153} INFO - Started process (PID=22813) to work on /home/airflow/.local/lib/python3.7/site-packages/airflow/example_dags/example_sla_dag.py
[2022-09-21 00:29:09,800] {processor.py:641} INFO - Processing file /home/airflow/.local/lib/python3.7/site-packages/airflow/example_dags/example_sla_dag.py for tasks to queue
[2022-09-21 00:29:09,801] {logging_mixin.py:115} INFO - [2022-09-21 00:29:09,801] {dagbag.py:507} INFO - Filling up the DagBag from /home/airflow/.local/lib/python3.7/site-packages/airflow/example_dags/example_sla_dag.py
[2022-09-21 00:29:09,831] {processor.py:651} INFO - DAG(s) dict_keys(['example_sla_dag']) retrieved from /home/airflow/.local/lib/python3.7/site-packages/airflow/example_dags/example_sla_dag.py
[2022-09-21 00:29:09,859] {logging_mixin.py:115} INFO - [2022-09-21 00:29:09,859] {dag.py:2371} INFO - Sync 1 DAGs
[2022-09-21 00:29:09,891] {logging_mixin.py:115} INFO - [2022-09-21 00:29:09,891] {dag.py:2919} INFO - Setting next_dagrun for example_sla_dag to 2022-09-21T00:26:00+00:00, run_after=2022-09-21T00:28:00+00:00
[2022-09-21 00:29:09,925] {processor.py:161} INFO - Processing /home/airflow/.local/lib/python3.7/site-packages/airflow/example_dags/example_sla_dag.py took 0.148 seconds
[2022-09-21 00:29:40,127] {processor.py:153} INFO - Started process (PID=22875) to work on /home/airflow/.local/lib/python3.7/site-packages/airflow/example_dags/example_sla_dag.py
[2022-09-21 00:29:40,128] {processor.py:641} INFO - Processing file /home/airflow/.local/lib/python3.7/site-packages/airflow/example_dags/example_sla_dag.py for tasks to queue
[2022-09-21 00:29:40,128] {logging_mixin.py:115} INFO - [2022-09-21 00:29:40,128] {dagbag.py:507} INFO - Filling up the DagBag from /home/airflow/.local/lib/python3.7/site-packages/airflow/example_dags/example_sla_dag.py
[2022-09-21 00:29:40,150] {processor.py:651} INFO - DAG(s) dict_keys(['example_sla_dag']) retrieved from /home/airflow/.local/lib/python3.7/site-packages/airflow/example_dags/example_sla_dag.py
[2022-09-21 00:29:40,190] {logging_mixin.py:115} INFO - [2022-09-21 00:29:40,190] {dag.py:2371} INFO - Sync 1 DAGs
[2022-09-21 00:29:40,237] {logging_mixin.py:115} INFO - [2022-09-21 00:29:40,237] {dag.py:2919} INFO - Setting next_dagrun for example_sla_dag to 2022-09-21T00:26:00+00:00, run_after=2022-09-21T00:28:00+00:00
[2022-09-21 00:29:40,284] {processor.py:161} INFO - Processing /home/airflow/.local/lib/python3.7/site-packages/airflow/example_dags/example_sla_dag.py took 0.163 seconds
[2022-09-21 00:30:10,836] {processor.py:153} INFO - Started process (PID=22927) to work on /home/airflow/.local/lib/python3.7/site-packages/airflow/example_dags/example_sla_dag.py
[2022-09-21 00:30:10,904] {processor.py:641} INFO - Processing file /home/airflow/.local/lib/python3.7/site-packages/airflow/example_dags/example_sla_dag.py for tasks to queue
[2022-09-21 00:30:10,905] {logging_mixin.py:115} INFO - [2022-09-21 00:30:10,905] {dagbag.py:507} INFO - Filling up the DagBag from /home/airflow/.local/lib/python3.7/site-packages/airflow/example_dags/example_sla_dag.py
[2022-09-21 00:30:10,927] {processor.py:651} INFO - DAG(s) dict_keys(['example_sla_dag']) retrieved from /home/airflow/.local/lib/python3.7/site-packages/airflow/example_dags/example_sla_dag.py
[2022-09-21 00:30:10,962] {logging_mixin.py:115} INFO - [2022-09-21 00:30:10,961] {dag.py:2371} INFO - Sync 1 DAGs
[2022-09-21 00:30:11,012] {logging_mixin.py:115} INFO - [2022-09-21 00:30:11,011] {dag.py:2919} INFO - Setting next_dagrun for example_sla_dag to 2022-09-21T00:28:00+00:00, run_after=2022-09-21T00:30:00+00:00
[2022-09-21 00:30:11,056] {processor.py:161} INFO - Processing /home/airflow/.local/lib/python3.7/site-packages/airflow/example_dags/example_sla_dag.py took 0.225 seconds
[2022-09-21 00:30:41,698] {processor.py:153} INFO - Started process (PID=22989) to work on /home/airflow/.local/lib/python3.7/site-packages/airflow/example_dags/example_sla_dag.py
[2022-09-21 00:30:41,699] {processor.py:641} INFO - Processing file /home/airflow/.local/lib/python3.7/site-packages/airflow/example_dags/example_sla_dag.py for tasks to queue
[2022-09-21 00:30:41,700] {logging_mixin.py:115} INFO - [2022-09-21 00:30:41,700] {dagbag.py:507} INFO - Filling up the DagBag from /home/airflow/.local/lib/python3.7/site-packages/airflow/example_dags/example_sla_dag.py
[2022-09-21 00:30:41,732] {processor.py:651} INFO - DAG(s) dict_keys(['example_sla_dag']) retrieved from /home/airflow/.local/lib/python3.7/site-packages/airflow/example_dags/example_sla_dag.py
[2022-09-21 00:30:41,773] {logging_mixin.py:115} INFO - [2022-09-21 00:30:41,773] {dag.py:2371} INFO - Sync 1 DAGs
[2022-09-21 00:30:41,835] {logging_mixin.py:115} INFO - [2022-09-21 00:30:41,835] {dag.py:2919} INFO - Setting next_dagrun for example_sla_dag to 2022-09-21T00:28:00+00:00, run_after=2022-09-21T00:30:00+00:00
[2022-09-21 00:30:41,893] {processor.py:161} INFO - Processing /home/airflow/.local/lib/python3.7/site-packages/airflow/example_dags/example_sla_dag.py took 0.201 seconds
[2022-09-21 00:31:12,699] {processor.py:153} INFO - Started process (PID=23040) to work on /home/airflow/.local/lib/python3.7/site-packages/airflow/example_dags/example_sla_dag.py
[2022-09-21 00:31:12,709] {processor.py:641} INFO - Processing file /home/airflow/.local/lib/python3.7/site-packages/airflow/example_dags/example_sla_dag.py for tasks to queue
[2022-09-21 00:31:12,710] {logging_mixin.py:115} INFO - [2022-09-21 00:31:12,709] {dagbag.py:507} INFO - Filling up the DagBag from /home/airflow/.local/lib/python3.7/site-packages/airflow/example_dags/example_sla_dag.py
[2022-09-21 00:31:12,745] {processor.py:651} INFO - DAG(s) dict_keys(['example_sla_dag']) retrieved from /home/airflow/.local/lib/python3.7/site-packages/airflow/example_dags/example_sla_dag.py
[2022-09-21 00:31:12,781] {logging_mixin.py:115} INFO - [2022-09-21 00:31:12,781] {dag.py:2371} INFO - Sync 1 DAGs
[2022-09-21 00:31:12,832] {logging_mixin.py:115} INFO - [2022-09-21 00:31:12,832] {dag.py:2919} INFO - Setting next_dagrun for example_sla_dag to 2022-09-21T00:28:00+00:00, run_after=2022-09-21T00:30:00+00:00
[2022-09-21 00:31:12,872] {processor.py:161} INFO - Processing /home/airflow/.local/lib/python3.7/site-packages/airflow/example_dags/example_sla_dag.py took 0.177 seconds
[2022-09-21 00:31:43,093] {processor.py:153} INFO - Started process (PID=23096) to work on /home/airflow/.local/lib/python3.7/site-packages/airflow/example_dags/example_sla_dag.py
[2022-09-21 00:31:43,094] {processor.py:641} INFO - Processing file /home/airflow/.local/lib/python3.7/site-packages/airflow/example_dags/example_sla_dag.py for tasks to queue
[2022-09-21 00:31:43,095] {logging_mixin.py:115} INFO - [2022-09-21 00:31:43,095] {dagbag.py:507} INFO - Filling up the DagBag from /home/airflow/.local/lib/python3.7/site-packages/airflow/example_dags/example_sla_dag.py
[2022-09-21 00:31:43,131] {processor.py:651} INFO - DAG(s) dict_keys(['example_sla_dag']) retrieved from /home/airflow/.local/lib/python3.7/site-packages/airflow/example_dags/example_sla_dag.py
[2022-09-21 00:31:43,174] {logging_mixin.py:115} INFO - [2022-09-21 00:31:43,174] {dag.py:2371} INFO - Sync 1 DAGs
[2022-09-21 00:31:43,228] {logging_mixin.py:115} INFO - [2022-09-21 00:31:43,228] {dag.py:2919} INFO - Setting next_dagrun for example_sla_dag to 2022-09-21T00:28:00+00:00, run_after=2022-09-21T00:30:00+00:00
[2022-09-21 00:31:43,263] {processor.py:161} INFO - Processing /home/airflow/.local/lib/python3.7/site-packages/airflow/example_dags/example_sla_dag.py took 0.177 seconds
[2022-09-21 00:32:13,791] {processor.py:153} INFO - Started process (PID=23152) to work on /home/airflow/.local/lib/python3.7/site-packages/airflow/example_dags/example_sla_dag.py
[2022-09-21 00:32:13,813] {processor.py:641} INFO - Processing file /home/airflow/.local/lib/python3.7/site-packages/airflow/example_dags/example_sla_dag.py for tasks to queue
[2022-09-21 00:32:13,815] {logging_mixin.py:115} INFO - [2022-09-21 00:32:13,815] {dagbag.py:507} INFO - Filling up the DagBag from /home/airflow/.local/lib/python3.7/site-packages/airflow/example_dags/example_sla_dag.py
[2022-09-21 00:32:13,892] {processor.py:651} INFO - DAG(s) dict_keys(['example_sla_dag']) retrieved from /home/airflow/.local/lib/python3.7/site-packages/airflow/example_dags/example_sla_dag.py
[2022-09-21 00:32:13,925] {logging_mixin.py:115} INFO - [2022-09-21 00:32:13,925] {dag.py:2371} INFO - Sync 1 DAGs
[2022-09-21 00:32:13,958] {logging_mixin.py:115} INFO - [2022-09-21 00:32:13,958] {dag.py:2919} INFO - Setting next_dagrun for example_sla_dag to 2022-09-21T00:30:00+00:00, run_after=2022-09-21T00:32:00+00:00
[2022-09-21 00:32:13,977] {processor.py:161} INFO - Processing /home/airflow/.local/lib/python3.7/site-packages/airflow/example_dags/example_sla_dag.py took 0.203 seconds
[2022-09-21 00:32:44,647] {processor.py:153} INFO - Started process (PID=23213) to work on /home/airflow/.local/lib/python3.7/site-packages/airflow/example_dags/example_sla_dag.py
[2022-09-21 00:32:44,648] {processor.py:641} INFO - Processing file /home/airflow/.local/lib/python3.7/site-packages/airflow/example_dags/example_sla_dag.py for tasks to queue
[2022-09-21 00:32:44,648] {logging_mixin.py:115} INFO - [2022-09-21 00:32:44,648] {dagbag.py:507} INFO - Filling up the DagBag from /home/airflow/.local/lib/python3.7/site-packages/airflow/example_dags/example_sla_dag.py
[2022-09-21 00:32:44,678] {processor.py:651} INFO - DAG(s) dict_keys(['example_sla_dag']) retrieved from /home/airflow/.local/lib/python3.7/site-packages/airflow/example_dags/example_sla_dag.py
[2022-09-21 00:32:44,716] {logging_mixin.py:115} INFO - [2022-09-21 00:32:44,716] {dag.py:2371} INFO - Sync 1 DAGs
[2022-09-21 00:32:44,764] {logging_mixin.py:115} INFO - [2022-09-21 00:32:44,763] {dag.py:2919} INFO - Setting next_dagrun for example_sla_dag to 2022-09-21T00:30:00+00:00, run_after=2022-09-21T00:32:00+00:00
[2022-09-21 00:32:44,804] {processor.py:161} INFO - Processing /home/airflow/.local/lib/python3.7/site-packages/airflow/example_dags/example_sla_dag.py took 0.162 seconds
[2022-09-21 00:33:15,424] {processor.py:153} INFO - Started process (PID=23266) to work on /home/airflow/.local/lib/python3.7/site-packages/airflow/example_dags/example_sla_dag.py
[2022-09-21 00:33:15,484] {processor.py:641} INFO - Processing file /home/airflow/.local/lib/python3.7/site-packages/airflow/example_dags/example_sla_dag.py for tasks to queue
[2022-09-21 00:33:15,486] {logging_mixin.py:115} INFO - [2022-09-21 00:33:15,486] {dagbag.py:507} INFO - Filling up the DagBag from /home/airflow/.local/lib/python3.7/site-packages/airflow/example_dags/example_sla_dag.py
[2022-09-21 00:33:15,534] {processor.py:651} INFO - DAG(s) dict_keys(['example_sla_dag']) retrieved from /home/airflow/.local/lib/python3.7/site-packages/airflow/example_dags/example_sla_dag.py
[2022-09-21 00:33:15,568] {logging_mixin.py:115} INFO - [2022-09-21 00:33:15,568] {dag.py:2371} INFO - Sync 1 DAGs
[2022-09-21 00:33:15,607] {logging_mixin.py:115} INFO - [2022-09-21 00:33:15,607] {dag.py:2919} INFO - Setting next_dagrun for example_sla_dag to 2022-09-21T00:30:00+00:00, run_after=2022-09-21T00:32:00+00:00
[2022-09-21 00:33:15,637] {processor.py:161} INFO - Processing /home/airflow/.local/lib/python3.7/site-packages/airflow/example_dags/example_sla_dag.py took 0.221 seconds
[2022-09-21 00:33:46,181] {processor.py:153} INFO - Started process (PID=23326) to work on /home/airflow/.local/lib/python3.7/site-packages/airflow/example_dags/example_sla_dag.py
[2022-09-21 00:33:46,182] {processor.py:641} INFO - Processing file /home/airflow/.local/lib/python3.7/site-packages/airflow/example_dags/example_sla_dag.py for tasks to queue
[2022-09-21 00:33:46,183] {logging_mixin.py:115} INFO - [2022-09-21 00:33:46,183] {dagbag.py:507} INFO - Filling up the DagBag from /home/airflow/.local/lib/python3.7/site-packages/airflow/example_dags/example_sla_dag.py
[2022-09-21 00:33:46,209] {processor.py:651} INFO - DAG(s) dict_keys(['example_sla_dag']) retrieved from /home/airflow/.local/lib/python3.7/site-packages/airflow/example_dags/example_sla_dag.py
[2022-09-21 00:33:46,241] {logging_mixin.py:115} INFO - [2022-09-21 00:33:46,241] {dag.py:2371} INFO - Sync 1 DAGs
[2022-09-21 00:33:46,285] {logging_mixin.py:115} INFO - [2022-09-21 00:33:46,285] {dag.py:2919} INFO - Setting next_dagrun for example_sla_dag to 2022-09-21T00:30:00+00:00, run_after=2022-09-21T00:32:00+00:00
[2022-09-21 00:33:46,350] {processor.py:161} INFO - Processing /home/airflow/.local/lib/python3.7/site-packages/airflow/example_dags/example_sla_dag.py took 0.176 seconds
[2022-09-21 00:34:17,254] {processor.py:153} INFO - Started process (PID=23378) to work on /home/airflow/.local/lib/python3.7/site-packages/airflow/example_dags/example_sla_dag.py
[2022-09-21 00:34:17,274] {processor.py:641} INFO - Processing file /home/airflow/.local/lib/python3.7/site-packages/airflow/example_dags/example_sla_dag.py for tasks to queue
[2022-09-21 00:34:17,288] {logging_mixin.py:115} INFO - [2022-09-21 00:34:17,288] {dagbag.py:507} INFO - Filling up the DagBag from /home/airflow/.local/lib/python3.7/site-packages/airflow/example_dags/example_sla_dag.py
[2022-09-21 00:34:17,331] {processor.py:651} INFO - DAG(s) dict_keys(['example_sla_dag']) retrieved from /home/airflow/.local/lib/python3.7/site-packages/airflow/example_dags/example_sla_dag.py
[2022-09-21 00:34:17,375] {logging_mixin.py:115} INFO - [2022-09-21 00:34:17,374] {dag.py:2371} INFO - Sync 1 DAGs
[2022-09-21 00:34:17,409] {logging_mixin.py:115} INFO - [2022-09-21 00:34:17,409] {dag.py:2919} INFO - Setting next_dagrun for example_sla_dag to 2022-09-21T00:32:00+00:00, run_after=2022-09-21T00:34:00+00:00
[2022-09-21 00:34:17,534] {processor.py:161} INFO - Processing /home/airflow/.local/lib/python3.7/site-packages/airflow/example_dags/example_sla_dag.py took 0.286 seconds
[2022-09-21 00:34:47,952] {processor.py:153} INFO - Started process (PID=23437) to work on /home/airflow/.local/lib/python3.7/site-packages/airflow/example_dags/example_sla_dag.py
[2022-09-21 00:34:47,954] {processor.py:641} INFO - Processing file /home/airflow/.local/lib/python3.7/site-packages/airflow/example_dags/example_sla_dag.py for tasks to queue
[2022-09-21 00:34:47,956] {logging_mixin.py:115} INFO - [2022-09-21 00:34:47,955] {dagbag.py:507} INFO - Filling up the DagBag from /home/airflow/.local/lib/python3.7/site-packages/airflow/example_dags/example_sla_dag.py
[2022-09-21 00:34:47,998] {processor.py:651} INFO - DAG(s) dict_keys(['example_sla_dag']) retrieved from /home/airflow/.local/lib/python3.7/site-packages/airflow/example_dags/example_sla_dag.py
[2022-09-21 00:34:48,028] {logging_mixin.py:115} INFO - [2022-09-21 00:34:48,027] {dag.py:2371} INFO - Sync 1 DAGs
[2022-09-21 00:34:48,070] {logging_mixin.py:115} INFO - [2022-09-21 00:34:48,070] {dag.py:2919} INFO - Setting next_dagrun for example_sla_dag to 2022-09-21T00:32:00+00:00, run_after=2022-09-21T00:34:00+00:00
[2022-09-21 00:34:48,088] {processor.py:161} INFO - Processing /home/airflow/.local/lib/python3.7/site-packages/airflow/example_dags/example_sla_dag.py took 0.150 seconds
[2022-09-21 00:35:18,450] {processor.py:153} INFO - Started process (PID=23488) to work on /home/airflow/.local/lib/python3.7/site-packages/airflow/example_dags/example_sla_dag.py
[2022-09-21 00:35:18,478] {processor.py:641} INFO - Processing file /home/airflow/.local/lib/python3.7/site-packages/airflow/example_dags/example_sla_dag.py for tasks to queue
[2022-09-21 00:35:18,479] {logging_mixin.py:115} INFO - [2022-09-21 00:35:18,479] {dagbag.py:507} INFO - Filling up the DagBag from /home/airflow/.local/lib/python3.7/site-packages/airflow/example_dags/example_sla_dag.py
[2022-09-21 00:35:18,540] {processor.py:651} INFO - DAG(s) dict_keys(['example_sla_dag']) retrieved from /home/airflow/.local/lib/python3.7/site-packages/airflow/example_dags/example_sla_dag.py
[2022-09-21 00:35:18,587] {logging_mixin.py:115} INFO - [2022-09-21 00:35:18,586] {dag.py:2371} INFO - Sync 1 DAGs
[2022-09-21 00:35:18,633] {logging_mixin.py:115} INFO - [2022-09-21 00:35:18,633] {dag.py:2919} INFO - Setting next_dagrun for example_sla_dag to 2022-09-21T00:32:00+00:00, run_after=2022-09-21T00:34:00+00:00
[2022-09-21 00:35:18,660] {processor.py:161} INFO - Processing /home/airflow/.local/lib/python3.7/site-packages/airflow/example_dags/example_sla_dag.py took 0.220 seconds
[2022-09-21 00:35:48,728] {processor.py:153} INFO - Started process (PID=23545) to work on /home/airflow/.local/lib/python3.7/site-packages/airflow/example_dags/example_sla_dag.py
[2022-09-21 00:35:48,729] {processor.py:641} INFO - Processing file /home/airflow/.local/lib/python3.7/site-packages/airflow/example_dags/example_sla_dag.py for tasks to queue
[2022-09-21 00:35:48,729] {logging_mixin.py:115} INFO - [2022-09-21 00:35:48,729] {dagbag.py:507} INFO - Filling up the DagBag from /home/airflow/.local/lib/python3.7/site-packages/airflow/example_dags/example_sla_dag.py
[2022-09-21 00:35:48,752] {processor.py:651} INFO - DAG(s) dict_keys(['example_sla_dag']) retrieved from /home/airflow/.local/lib/python3.7/site-packages/airflow/example_dags/example_sla_dag.py
[2022-09-21 00:35:48,792] {logging_mixin.py:115} INFO - [2022-09-21 00:35:48,792] {dag.py:2371} INFO - Sync 1 DAGs
[2022-09-21 00:35:48,845] {logging_mixin.py:115} INFO - [2022-09-21 00:35:48,845] {dag.py:2919} INFO - Setting next_dagrun for example_sla_dag to 2022-09-21T00:32:00+00:00, run_after=2022-09-21T00:34:00+00:00
[2022-09-21 00:35:48,874] {processor.py:161} INFO - Processing /home/airflow/.local/lib/python3.7/site-packages/airflow/example_dags/example_sla_dag.py took 0.150 seconds
[2022-09-21 00:36:19,251] {processor.py:153} INFO - Started process (PID=23599) to work on /home/airflow/.local/lib/python3.7/site-packages/airflow/example_dags/example_sla_dag.py
[2022-09-21 00:36:19,271] {processor.py:641} INFO - Processing file /home/airflow/.local/lib/python3.7/site-packages/airflow/example_dags/example_sla_dag.py for tasks to queue
[2022-09-21 00:36:19,274] {logging_mixin.py:115} INFO - [2022-09-21 00:36:19,274] {dagbag.py:507} INFO - Filling up the DagBag from /home/airflow/.local/lib/python3.7/site-packages/airflow/example_dags/example_sla_dag.py
[2022-09-21 00:36:19,344] {processor.py:651} INFO - DAG(s) dict_keys(['example_sla_dag']) retrieved from /home/airflow/.local/lib/python3.7/site-packages/airflow/example_dags/example_sla_dag.py
[2022-09-21 00:36:19,392] {logging_mixin.py:115} INFO - [2022-09-21 00:36:19,391] {dag.py:2371} INFO - Sync 1 DAGs
[2022-09-21 00:36:19,440] {logging_mixin.py:115} INFO - [2022-09-21 00:36:19,440] {dag.py:2919} INFO - Setting next_dagrun for example_sla_dag to 2022-09-21T00:34:00+00:00, run_after=2022-09-21T00:36:00+00:00
[2022-09-21 00:36:19,961] {processor.py:161} INFO - Processing /home/airflow/.local/lib/python3.7/site-packages/airflow/example_dags/example_sla_dag.py took 0.721 seconds
[2022-09-21 00:36:50,113] {processor.py:153} INFO - Started process (PID=23651) to work on /home/airflow/.local/lib/python3.7/site-packages/airflow/example_dags/example_sla_dag.py
[2022-09-21 00:36:50,418] {processor.py:641} INFO - Processing file /home/airflow/.local/lib/python3.7/site-packages/airflow/example_dags/example_sla_dag.py for tasks to queue
[2022-09-21 00:36:50,420] {logging_mixin.py:115} INFO - [2022-09-21 00:36:50,420] {dagbag.py:507} INFO - Filling up the DagBag from /home/airflow/.local/lib/python3.7/site-packages/airflow/example_dags/example_sla_dag.py
[2022-09-21 00:36:50,449] {processor.py:651} INFO - DAG(s) dict_keys(['example_sla_dag']) retrieved from /home/airflow/.local/lib/python3.7/site-packages/airflow/example_dags/example_sla_dag.py
[2022-09-21 00:36:50,480] {logging_mixin.py:115} INFO - [2022-09-21 00:36:50,480] {dag.py:2371} INFO - Sync 1 DAGs
[2022-09-21 00:36:50,517] {logging_mixin.py:115} INFO - [2022-09-21 00:36:50,517] {dag.py:2919} INFO - Setting next_dagrun for example_sla_dag to 2022-09-21T00:34:00+00:00, run_after=2022-09-21T00:36:00+00:00
[2022-09-21 00:36:50,820] {processor.py:161} INFO - Processing /home/airflow/.local/lib/python3.7/site-packages/airflow/example_dags/example_sla_dag.py took 0.712 seconds
