[2022-09-20 23:55:29,658] {taskinstance.py:1159} INFO - Dependencies all met for <TaskInstance: latest_only.latest_only scheduled__2022-09-20T19:55:05.284210+00:00 [queued]>
[2022-09-20 23:55:29,683] {taskinstance.py:1159} INFO - Dependencies all met for <TaskInstance: latest_only.latest_only scheduled__2022-09-20T19:55:05.284210+00:00 [queued]>
[2022-09-20 23:55:29,683] {taskinstance.py:1356} INFO - 
--------------------------------------------------------------------------------
[2022-09-20 23:55:29,683] {taskinstance.py:1357} INFO - Starting attempt 1 of 1
[2022-09-20 23:55:29,683] {taskinstance.py:1358} INFO - 
--------------------------------------------------------------------------------
[2022-09-20 23:55:29,751] {taskinstance.py:1377} INFO - Executing <Task(LatestOnlyOperator): latest_only> on 2022-09-20 19:55:05.284210+00:00
[2022-09-20 23:55:29,775] {standard_task_runner.py:52} INFO - Started process 7359 to run task
[2022-09-20 23:55:29,791] {standard_task_runner.py:79} INFO - Running: ['***', 'tasks', 'run', 'latest_only', 'latest_only', 'scheduled__2022-09-20T19:55:05.284210+00:00', '--job-id', '17', '--raw', '--subdir', '/home/***/.local/lib/python3.7/site-packages/***/example_dags/example_latest_only.py', '--cfg-path', '/tmp/tmp8ag3fb5i', '--error-file', '/tmp/tmpd2glkkam']
[2022-09-20 23:55:29,792] {standard_task_runner.py:80} INFO - Job 17: Subtask latest_only
[2022-09-20 23:55:30,099] {task_command.py:369} INFO - Running <TaskInstance: latest_only.latest_only scheduled__2022-09-20T19:55:05.284210+00:00 [running]> on host 3bbbf421189d
[2022-09-20 23:55:30,385] {taskinstance.py:1571} INFO - Exporting the following env vars:
AIRFLOW_CTX_DAG_OWNER=***
AIRFLOW_CTX_DAG_ID=latest_only
AIRFLOW_CTX_TASK_ID=latest_only
AIRFLOW_CTX_EXECUTION_DATE=2022-09-20T19:55:05.284210+00:00
AIRFLOW_CTX_TRY_NUMBER=1
AIRFLOW_CTX_DAG_RUN_ID=scheduled__2022-09-20T19:55:05.284210+00:00
[2022-09-20 23:55:30,415] {latest_only.py:68} INFO - Checking latest only with left_window: 2022-09-20T23:55:05.284210+00:00 right_window: 2022-09-21T03:55:05.284210+00:00 now: 2022-09-20T23:55:30.414259+00:00
[2022-09-20 23:55:30,415] {latest_only.py:77} INFO - Latest, allowing execution to proceed.
[2022-09-20 23:55:30,415] {skipmixin.py:140} INFO - Following branch ['task1']
[2022-09-20 23:55:30,415] {skipmixin.py:175} INFO - Skipping tasks []
[2022-09-20 23:55:30,637] {taskinstance.py:1400} INFO - Marking task as SUCCESS. dag_id=latest_only, task_id=latest_only, execution_date=20220920T195505, start_date=20220920T235529, end_date=20220920T235530
[2022-09-20 23:55:30,713] {local_task_job.py:156} INFO - Task exited with return code 0
[2022-09-20 23:55:30,948] {local_task_job.py:273} INFO - 1 downstream tasks scheduled from follow-on schedule check
