[2022-09-20 23:51:45,505] {taskinstance.py:1159} INFO - Dependencies all met for <TaskInstance: example_bash_operator.this_will_skip manual__2022-09-20T23:46:34.020872+00:00 [queued]>
[2022-09-20 23:51:45,944] {taskinstance.py:1159} INFO - Dependencies all met for <TaskInstance: example_bash_operator.this_will_skip manual__2022-09-20T23:46:34.020872+00:00 [queued]>
[2022-09-20 23:51:45,944] {taskinstance.py:1356} INFO - 
--------------------------------------------------------------------------------
[2022-09-20 23:51:45,944] {taskinstance.py:1357} INFO - Starting attempt 1 of 1
[2022-09-20 23:51:45,944] {taskinstance.py:1358} INFO - 
--------------------------------------------------------------------------------
[2022-09-20 23:51:46,733] {taskinstance.py:1377} INFO - Executing <Task(BashOperator): this_will_skip> on 2022-09-20 23:46:34.020872+00:00
[2022-09-20 23:51:46,738] {standard_task_runner.py:52} INFO - Started process 7179 to run task
[2022-09-20 23:51:46,769] {standard_task_runner.py:79} INFO - Running: ['***', 'tasks', 'run', 'example_bash_operator', 'this_will_skip', 'manual__2022-09-20T23:46:34.020872+00:00', '--job-id', '12', '--raw', '--subdir', '/home/***/.local/lib/python3.7/site-packages/***/example_dags/example_bash_operator.py', '--cfg-path', '/tmp/tmpr_0s9lsb', '--error-file', '/tmp/tmpxh928u_f']
[2022-09-20 23:51:46,770] {standard_task_runner.py:80} INFO - Job 12: Subtask this_will_skip
[2022-09-20 23:51:47,893] {task_command.py:369} INFO - Running <TaskInstance: example_bash_operator.this_will_skip manual__2022-09-20T23:46:34.020872+00:00 [running]> on host 3bbbf421189d
[2022-09-20 23:51:57,325] {taskinstance.py:1571} INFO - Exporting the following env vars:
AIRFLOW_CTX_DAG_OWNER=***
AIRFLOW_CTX_DAG_ID=example_bash_operator
AIRFLOW_CTX_TASK_ID=this_will_skip
AIRFLOW_CTX_EXECUTION_DATE=2022-09-20T23:46:34.020872+00:00
AIRFLOW_CTX_TRY_NUMBER=1
AIRFLOW_CTX_DAG_RUN_ID=manual__2022-09-20T23:46:34.020872+00:00
[2022-09-20 23:51:57,406] {subprocess.py:62} INFO - Tmp dir root location: 
 /tmp
[2022-09-20 23:51:57,452] {subprocess.py:74} INFO - Running command: ['bash', '-c', 'echo "hello world"; exit 99;']
[2022-09-20 23:51:57,656] {subprocess.py:85} INFO - Output:
[2022-09-20 23:51:57,659] {subprocess.py:92} INFO - hello world
[2022-09-20 23:51:57,659] {subprocess.py:96} INFO - Command exited with return code 99
[2022-09-20 23:51:57,745] {taskinstance.py:1478} INFO - Bash command returned exit code 99. Skipping.
[2022-09-20 23:51:58,226] {taskinstance.py:1400} INFO - Marking task as SKIPPED. dag_id=example_bash_operator, task_id=this_will_skip, execution_date=20220920T234634, start_date=20220920T235145, end_date=20220920T235158
[2022-09-20 23:51:59,232] {local_task_job.py:156} INFO - Task exited with return code 0
[2022-09-20 23:51:59,958] {local_task_job.py:273} INFO - 0 downstream tasks scheduled from follow-on schedule check
