[2022-09-20 23:55:30,266] {taskinstance.py:1159} INFO - Dependencies all met for <TaskInstance: latest_only.latest_only manual__2022-09-20T23:55:28.251487+00:00 [queued]>
[2022-09-20 23:55:30,299] {taskinstance.py:1159} INFO - Dependencies all met for <TaskInstance: latest_only.latest_only manual__2022-09-20T23:55:28.251487+00:00 [queued]>
[2022-09-20 23:55:30,322] {taskinstance.py:1356} INFO - 
--------------------------------------------------------------------------------
[2022-09-20 23:55:30,322] {taskinstance.py:1357} INFO - Starting attempt 1 of 1
[2022-09-20 23:55:30,322] {taskinstance.py:1358} INFO - 
--------------------------------------------------------------------------------
[2022-09-20 23:55:30,414] {taskinstance.py:1377} INFO - Executing <Task(LatestOnlyOperator): latest_only> on 2022-09-20 23:55:28.251487+00:00
[2022-09-20 23:55:30,422] {standard_task_runner.py:52} INFO - Started process 7360 to run task
[2022-09-20 23:55:30,434] {standard_task_runner.py:79} INFO - Running: ['***', 'tasks', 'run', 'latest_only', 'latest_only', 'manual__2022-09-20T23:55:28.251487+00:00', '--job-id', '18', '--raw', '--subdir', '/home/***/.local/lib/python3.7/site-packages/***/example_dags/example_latest_only.py', '--cfg-path', '/tmp/tmpki5_7xtw', '--error-file', '/tmp/tmpxe69uz3l']
[2022-09-20 23:55:30,435] {standard_task_runner.py:80} INFO - Job 18: Subtask latest_only
[2022-09-20 23:55:30,577] {task_command.py:369} INFO - Running <TaskInstance: latest_only.latest_only manual__2022-09-20T23:55:28.251487+00:00 [running]> on host 3bbbf421189d
[2022-09-20 23:55:30,850] {taskinstance.py:1571} INFO - Exporting the following env vars:
AIRFLOW_CTX_DAG_OWNER=***
AIRFLOW_CTX_DAG_ID=latest_only
AIRFLOW_CTX_TASK_ID=latest_only
AIRFLOW_CTX_EXECUTION_DATE=2022-09-20T23:55:28.251487+00:00
AIRFLOW_CTX_TRY_NUMBER=1
AIRFLOW_CTX_DAG_RUN_ID=manual__2022-09-20T23:55:28.251487+00:00
[2022-09-20 23:55:30,851] {latest_only.py:52} INFO - Externally triggered DAG_Run: allowing execution to proceed.
[2022-09-20 23:55:30,851] {skipmixin.py:140} INFO - Following branch ['task1']
[2022-09-20 23:55:30,851] {skipmixin.py:175} INFO - Skipping tasks []
[2022-09-20 23:55:31,202] {taskinstance.py:1400} INFO - Marking task as SUCCESS. dag_id=latest_only, task_id=latest_only, execution_date=20220920T235528, start_date=20220920T235530, end_date=20220920T235531
[2022-09-20 23:55:31,375] {local_task_job.py:156} INFO - Task exited with return code 0
[2022-09-20 23:55:31,822] {local_task_job.py:273} INFO - 1 downstream tasks scheduled from follow-on schedule check
