[2022-09-20 23:51:29,070] {taskinstance.py:1159} INFO - Dependencies all met for <TaskInstance: example_bash_operator.this_will_skip scheduled__2022-09-19T00:00:00+00:00 [queued]>
[2022-09-20 23:51:32,487] {taskinstance.py:1159} INFO - Dependencies all met for <TaskInstance: example_bash_operator.this_will_skip scheduled__2022-09-19T00:00:00+00:00 [queued]>
[2022-09-20 23:51:32,487] {taskinstance.py:1356} INFO - 
--------------------------------------------------------------------------------
[2022-09-20 23:51:32,487] {taskinstance.py:1357} INFO - Starting attempt 1 of 1
[2022-09-20 23:51:32,488] {taskinstance.py:1358} INFO - 
--------------------------------------------------------------------------------
[2022-09-20 23:51:34,761] {taskinstance.py:1377} INFO - Executing <Task(BashOperator): this_will_skip> on 2022-09-19 00:00:00+00:00
[2022-09-20 23:51:34,769] {standard_task_runner.py:52} INFO - Started process 7171 to run task
[2022-09-20 23:51:34,885] {standard_task_runner.py:79} INFO - Running: ['***', 'tasks', 'run', 'example_bash_operator', 'this_will_skip', 'scheduled__2022-09-19T00:00:00+00:00', '--job-id', '8', '--raw', '--subdir', '/home/***/.local/lib/python3.7/site-packages/***/example_dags/example_bash_operator.py', '--cfg-path', '/tmp/tmpro0hwjen', '--error-file', '/tmp/tmpjy4w33jv']
[2022-09-20 23:51:34,886] {standard_task_runner.py:80} INFO - Job 8: Subtask this_will_skip
[2022-09-20 23:51:35,819] {task_command.py:369} INFO - Running <TaskInstance: example_bash_operator.this_will_skip scheduled__2022-09-19T00:00:00+00:00 [running]> on host 3bbbf421189d
[2022-09-20 23:51:40,628] {taskinstance.py:1571} INFO - Exporting the following env vars:
AIRFLOW_CTX_DAG_OWNER=***
AIRFLOW_CTX_DAG_ID=example_bash_operator
AIRFLOW_CTX_TASK_ID=this_will_skip
AIRFLOW_CTX_EXECUTION_DATE=2022-09-19T00:00:00+00:00
AIRFLOW_CTX_TRY_NUMBER=1
AIRFLOW_CTX_DAG_RUN_ID=scheduled__2022-09-19T00:00:00+00:00
[2022-09-20 23:51:40,749] {subprocess.py:62} INFO - Tmp dir root location: 
 /tmp
[2022-09-20 23:51:40,780] {subprocess.py:74} INFO - Running command: ['bash', '-c', 'echo "hello world"; exit 99;']
[2022-09-20 23:51:40,948] {subprocess.py:85} INFO - Output:
[2022-09-20 23:51:40,952] {subprocess.py:92} INFO - hello world
[2022-09-20 23:51:40,952] {subprocess.py:96} INFO - Command exited with return code 99
[2022-09-20 23:51:41,071] {taskinstance.py:1478} INFO - Bash command returned exit code 99. Skipping.
[2022-09-20 23:51:41,931] {taskinstance.py:1400} INFO - Marking task as SKIPPED. dag_id=example_bash_operator, task_id=this_will_skip, execution_date=20220919T000000, start_date=20220920T235130, end_date=20220920T235141
[2022-09-20 23:51:43,821] {local_task_job.py:156} INFO - Task exited with return code 0
[2022-09-20 23:51:44,504] {local_task_job.py:273} INFO - 0 downstream tasks scheduled from follow-on schedule check
