[2022-09-20 23:51:36,727] {taskinstance.py:1159} INFO - Dependencies all met for <TaskInstance: example_bash_operator.runme_1 manual__2022-09-20T23:46:34.020872+00:00 [queued]>
[2022-09-20 23:51:37,348] {taskinstance.py:1159} INFO - Dependencies all met for <TaskInstance: example_bash_operator.runme_1 manual__2022-09-20T23:46:34.020872+00:00 [queued]>
[2022-09-20 23:51:37,349] {taskinstance.py:1356} INFO - 
--------------------------------------------------------------------------------
[2022-09-20 23:51:37,349] {taskinstance.py:1357} INFO - Starting attempt 1 of 1
[2022-09-20 23:51:37,349] {taskinstance.py:1358} INFO - 
--------------------------------------------------------------------------------
[2022-09-20 23:51:39,069] {taskinstance.py:1377} INFO - Executing <Task(BashOperator): runme_1> on 2022-09-20 23:46:34.020872+00:00
[2022-09-20 23:51:39,087] {standard_task_runner.py:52} INFO - Started process 7173 to run task
[2022-09-20 23:51:39,138] {standard_task_runner.py:79} INFO - Running: ['***', 'tasks', 'run', 'example_bash_operator', 'runme_1', 'manual__2022-09-20T23:46:34.020872+00:00', '--job-id', '11', '--raw', '--subdir', '/home/***/.local/lib/python3.7/site-packages/***/example_dags/example_bash_operator.py', '--cfg-path', '/tmp/tmp4c2ffg19', '--error-file', '/tmp/tmp7iaq3l59']
[2022-09-20 23:51:39,140] {standard_task_runner.py:80} INFO - Job 11: Subtask runme_1
[2022-09-20 23:51:40,067] {task_command.py:369} INFO - Running <TaskInstance: example_bash_operator.runme_1 manual__2022-09-20T23:46:34.020872+00:00 [running]> on host 3bbbf421189d
[2022-09-20 23:51:45,723] {taskinstance.py:1571} INFO - Exporting the following env vars:
AIRFLOW_CTX_DAG_OWNER=***
AIRFLOW_CTX_DAG_ID=example_bash_operator
AIRFLOW_CTX_TASK_ID=runme_1
AIRFLOW_CTX_EXECUTION_DATE=2022-09-20T23:46:34.020872+00:00
AIRFLOW_CTX_TRY_NUMBER=1
AIRFLOW_CTX_DAG_RUN_ID=manual__2022-09-20T23:46:34.020872+00:00
[2022-09-20 23:51:45,958] {subprocess.py:62} INFO - Tmp dir root location: 
 /tmp
[2022-09-20 23:51:46,112] {subprocess.py:74} INFO - Running command: ['bash', '-c', 'echo "example_bash_operator__runme_1__20220920" && sleep 1']
[2022-09-20 23:51:46,396] {subprocess.py:85} INFO - Output:
[2022-09-20 23:51:46,401] {subprocess.py:92} INFO - example_bash_operator__runme_1__20220920
[2022-09-20 23:51:47,407] {subprocess.py:96} INFO - Command exited with return code 0
[2022-09-20 23:51:58,015] {taskinstance.py:1400} INFO - Marking task as SUCCESS. dag_id=example_bash_operator, task_id=runme_1, execution_date=20220920T234634, start_date=20220920T235136, end_date=20220920T235158
[2022-09-20 23:51:59,070] {local_task_job.py:156} INFO - Task exited with return code 0
[2022-09-20 23:51:59,725] {local_task_job.py:273} INFO - 0 downstream tasks scheduled from follow-on schedule check
