[2022-09-20 23:51:56,788] {taskinstance.py:1159} INFO - Dependencies all met for <TaskInstance: example_bash_operator.runme_2 manual__2022-09-20T23:46:34.020872+00:00 [queued]>
[2022-09-20 23:51:57,446] {taskinstance.py:1159} INFO - Dependencies all met for <TaskInstance: example_bash_operator.runme_2 manual__2022-09-20T23:46:34.020872+00:00 [queued]>
[2022-09-20 23:51:57,446] {taskinstance.py:1356} INFO - 
--------------------------------------------------------------------------------
[2022-09-20 23:51:57,446] {taskinstance.py:1357} INFO - Starting attempt 1 of 1
[2022-09-20 23:51:57,446] {taskinstance.py:1358} INFO - 
--------------------------------------------------------------------------------
[2022-09-20 23:51:58,016] {taskinstance.py:1377} INFO - Executing <Task(BashOperator): runme_2> on 2022-09-20 23:46:34.020872+00:00
[2022-09-20 23:51:58,022] {standard_task_runner.py:52} INFO - Started process 7196 to run task
[2022-09-20 23:51:58,043] {standard_task_runner.py:79} INFO - Running: ['***', 'tasks', 'run', 'example_bash_operator', 'runme_2', 'manual__2022-09-20T23:46:34.020872+00:00', '--job-id', '14', '--raw', '--subdir', '/home/***/.local/lib/python3.7/site-packages/***/example_dags/example_bash_operator.py', '--cfg-path', '/tmp/tmp1etn0ui_', '--error-file', '/tmp/tmpxjkj6anh']
[2022-09-20 23:51:58,044] {standard_task_runner.py:80} INFO - Job 14: Subtask runme_2
[2022-09-20 23:51:58,790] {task_command.py:369} INFO - Running <TaskInstance: example_bash_operator.runme_2 manual__2022-09-20T23:46:34.020872+00:00 [running]> on host 3bbbf421189d
[2022-09-20 23:52:03,696] {taskinstance.py:1571} INFO - Exporting the following env vars:
AIRFLOW_CTX_DAG_OWNER=***
AIRFLOW_CTX_DAG_ID=example_bash_operator
AIRFLOW_CTX_TASK_ID=runme_2
AIRFLOW_CTX_EXECUTION_DATE=2022-09-20T23:46:34.020872+00:00
AIRFLOW_CTX_TRY_NUMBER=1
AIRFLOW_CTX_DAG_RUN_ID=manual__2022-09-20T23:46:34.020872+00:00
[2022-09-20 23:52:03,832] {subprocess.py:62} INFO - Tmp dir root location: 
 /tmp
[2022-09-20 23:52:03,865] {subprocess.py:74} INFO - Running command: ['bash', '-c', 'echo "example_bash_operator__runme_2__20220920" && sleep 1']
[2022-09-20 23:52:04,117] {subprocess.py:85} INFO - Output:
[2022-09-20 23:52:04,126] {subprocess.py:92} INFO - example_bash_operator__runme_2__20220920
[2022-09-20 23:52:05,129] {subprocess.py:96} INFO - Command exited with return code 0
[2022-09-20 23:52:05,454] {taskinstance.py:1400} INFO - Marking task as SUCCESS. dag_id=example_bash_operator, task_id=runme_2, execution_date=20220920T234634, start_date=20220920T235156, end_date=20220920T235205
[2022-09-20 23:52:05,686] {local_task_job.py:156} INFO - Task exited with return code 0
[2022-09-20 23:52:06,270] {local_task_job.py:273} INFO - 1 downstream tasks scheduled from follow-on schedule check
