[2022-09-20 23:48:18,797] {taskinstance.py:1159} INFO - Dependencies all met for <TaskInstance: example_bash_operator.runme_0 scheduled__2022-09-19T00:00:00+00:00 [queued]>
[2022-09-20 23:48:18,815] {taskinstance.py:1159} INFO - Dependencies all met for <TaskInstance: example_bash_operator.runme_0 scheduled__2022-09-19T00:00:00+00:00 [queued]>
[2022-09-20 23:48:18,815] {taskinstance.py:1356} INFO - 
--------------------------------------------------------------------------------
[2022-09-20 23:48:18,815] {taskinstance.py:1357} INFO - Starting attempt 1 of 1
[2022-09-20 23:48:18,816] {taskinstance.py:1358} INFO - 
--------------------------------------------------------------------------------
[2022-09-20 23:48:18,967] {taskinstance.py:1377} INFO - Executing <Task(BashOperator): runme_0> on 2022-09-19 00:00:00+00:00
[2022-09-20 23:48:18,977] {standard_task_runner.py:52} INFO - Started process 7037 to run task
[2022-09-20 23:48:18,984] {standard_task_runner.py:79} INFO - Running: ['***', 'tasks', 'run', 'example_bash_operator', 'runme_0', 'scheduled__2022-09-19T00:00:00+00:00', '--job-id', '6', '--raw', '--subdir', '/home/***/.local/lib/python3.7/site-packages/***/example_dags/example_bash_operator.py', '--cfg-path', '/tmp/tmpwo_f4vls', '--error-file', '/tmp/tmpshm7j0ag']
[2022-09-20 23:48:18,985] {standard_task_runner.py:80} INFO - Job 6: Subtask runme_0
[2022-09-20 23:48:19,251] {task_command.py:369} INFO - Running <TaskInstance: example_bash_operator.runme_0 scheduled__2022-09-19T00:00:00+00:00 [running]> on host 3bbbf421189d
[2022-09-20 23:48:20,697] {taskinstance.py:1571} INFO - Exporting the following env vars:
AIRFLOW_CTX_DAG_OWNER=***
AIRFLOW_CTX_DAG_ID=example_bash_operator
AIRFLOW_CTX_TASK_ID=runme_0
AIRFLOW_CTX_EXECUTION_DATE=2022-09-19T00:00:00+00:00
AIRFLOW_CTX_TRY_NUMBER=1
AIRFLOW_CTX_DAG_RUN_ID=scheduled__2022-09-19T00:00:00+00:00
[2022-09-20 23:48:20,699] {subprocess.py:62} INFO - Tmp dir root location: 
 /tmp
[2022-09-20 23:48:20,700] {subprocess.py:74} INFO - Running command: ['bash', '-c', 'echo "example_bash_operator__runme_0__20220919" && sleep 1']
[2022-09-20 23:48:23,001] {subprocess.py:85} INFO - Output:
[2022-09-20 23:48:24,531] {subprocess.py:92} INFO - example_bash_operator__runme_0__20220919
[2022-09-20 23:48:25,970] {subprocess.py:96} INFO - Command exited with return code 0
[2022-09-20 23:48:26,266] {taskinstance.py:1400} INFO - Marking task as SUCCESS. dag_id=example_bash_operator, task_id=runme_0, execution_date=20220919T000000, start_date=20220920T234818, end_date=20220920T234826
[2022-09-20 23:48:27,052] {local_task_job.py:156} INFO - Task exited with return code 0
[2022-09-20 23:48:27,946] {local_task_job.py:273} INFO - 0 downstream tasks scheduled from follow-on schedule check
