[2022-09-20 23:51:40,538] {taskinstance.py:1159} INFO - Dependencies all met for <TaskInstance: example_bash_operator.runme_0 manual__2022-09-20T23:46:34.020872+00:00 [queued]>
[2022-09-20 23:51:41,109] {taskinstance.py:1159} INFO - Dependencies all met for <TaskInstance: example_bash_operator.runme_0 manual__2022-09-20T23:46:34.020872+00:00 [queued]>
[2022-09-20 23:51:41,109] {taskinstance.py:1356} INFO - 
--------------------------------------------------------------------------------
[2022-09-20 23:51:41,109] {taskinstance.py:1357} INFO - Starting attempt 1 of 1
[2022-09-20 23:51:41,109] {taskinstance.py:1358} INFO - 
--------------------------------------------------------------------------------
[2022-09-20 23:51:42,211] {taskinstance.py:1377} INFO - Executing <Task(BashOperator): runme_0> on 2022-09-20 23:46:34.020872+00:00
[2022-09-20 23:51:42,220] {standard_task_runner.py:52} INFO - Started process 7176 to run task
[2022-09-20 23:51:42,328] {standard_task_runner.py:79} INFO - Running: ['***', 'tasks', 'run', 'example_bash_operator', 'runme_0', 'manual__2022-09-20T23:46:34.020872+00:00', '--job-id', '10', '--raw', '--subdir', '/home/***/.local/lib/python3.7/site-packages/***/example_dags/example_bash_operator.py', '--cfg-path', '/tmp/tmpk108tqjj', '--error-file', '/tmp/tmpoe889pxy']
[2022-09-20 23:51:42,328] {standard_task_runner.py:80} INFO - Job 10: Subtask runme_0
[2022-09-20 23:51:44,368] {task_command.py:369} INFO - Running <TaskInstance: example_bash_operator.runme_0 manual__2022-09-20T23:46:34.020872+00:00 [running]> on host 3bbbf421189d
[2022-09-20 23:51:49,879] {taskinstance.py:1571} INFO - Exporting the following env vars:
AIRFLOW_CTX_DAG_OWNER=***
AIRFLOW_CTX_DAG_ID=example_bash_operator
AIRFLOW_CTX_TASK_ID=runme_0
AIRFLOW_CTX_EXECUTION_DATE=2022-09-20T23:46:34.020872+00:00
AIRFLOW_CTX_TRY_NUMBER=1
AIRFLOW_CTX_DAG_RUN_ID=manual__2022-09-20T23:46:34.020872+00:00
[2022-09-20 23:51:50,367] {subprocess.py:62} INFO - Tmp dir root location: 
 /tmp
[2022-09-20 23:51:50,601] {subprocess.py:74} INFO - Running command: ['bash', '-c', 'echo "example_bash_operator__runme_0__20220920" && sleep 1']
[2022-09-20 23:51:51,367] {subprocess.py:85} INFO - Output:
[2022-09-20 23:51:51,371] {subprocess.py:92} INFO - example_bash_operator__runme_0__20220920
[2022-09-20 23:51:52,377] {subprocess.py:96} INFO - Command exited with return code 0
[2022-09-20 23:51:58,126] {taskinstance.py:1400} INFO - Marking task as SUCCESS. dag_id=example_bash_operator, task_id=runme_0, execution_date=20220920T234634, start_date=20220920T235140, end_date=20220920T235158
[2022-09-20 23:51:59,246] {local_task_job.py:156} INFO - Task exited with return code 0
[2022-09-20 23:52:00,512] {local_task_job.py:273} INFO - 0 downstream tasks scheduled from follow-on schedule check
